<?xml version="1.0" encoding="UTF-8"?>
<testsuites name="automation_compiled" time="304" tests="4" failures="2" errors="0">
   <testsuite name="automation_compiled" tests="4" failures="2" errors="0" time="304" timestamp="2019-04-30 10:30:35" hostname="Khenard Figuracion - 192.168.2.37" id="Test Suites/automation_compiled">
      <properties>
         <property name="deviceName" value=""/>
         <property name="devicePlatform" value=""/>
         <property name="logFolder" value="C:\\Users\\Khenard Figuracion\\git\\healthcareProject\\Reports\\automation_compiled\\20190430_103033"/>
         <property name="logFiles" value="C:\\Users\\Khenard Figuracion\\git\\healthcareProject\\Reports\\automation_compiled\\20190430_103033\\execution0.log"/>
         <property name="attachments" value="C:\\Users\\Khenard Figuracion\\git\\healthcareProject\\Reports\\automation_compiled\\20190430_103033\\1556591453988.png, C:\\Users\\Khenard Figuracion\\git\\healthcareProject\\Reports\\automation_compiled\\20190430_103033\\1556591648600.png"/>
         <property name="hostName" value="Khenard Figuracion - 192.168.2.37"/>
         <property name="os" value="Windows 10 64bit"/>
         <property name="katalonVersion" value="6.1.1.1"/>
         <property name="browser" value="Chrome 73.0.3683.103"/>
         <property name="hostAddress" value="192.168.2.37"/>
         <property name="sessionId" value="4f20c918cb329afd1a2f6869a4b07d7a"/>
         <property name="seleniumVersion" value="3.7.1"/>
         <property name="proxyInformation" value="ProxyInformation{proxyOption=NO_PROXY, proxyServerType=HTTP, password=, proxyServerAddress=, proxyServerPort=0}"/>
         <property name="platform" value="Windows 10"/>
      </properties>
      <testcase name="Test Cases/OASIS_compilation" classname="Test Cases/OASIS_compilation" status="PASSED">
         <system-out><![CDATA[2019-04-30 10:30:35 - [TEST_CASE][PASSED] - Test Cases/OASIS_compilation: Test Cases/OASIS_compilation

2019-04-30 10:30:35 - [TEST_STEP][PASSED] - openBrowser(""): Browser is opened with url: ''

2019-04-30 10:30:35 - [MESSAGE][INFO] - Starting 'Chrome' driver

2019-04-30 10:30:36 - [MESSAGE][INFO] - Action delay is set to 0 seconds

2019-04-30 10:30:39 - [MESSAGE][PASSED] - Browser is opened with url: ''

2019-04-30 10:30:39 - [TEST_STEP][PASSED] - navigateToUrl("https://qa.medisource.com/login"): Navigate to 'https://qa.medisource.com/login' successfully

2019-04-30 10:30:41 - [MESSAGE][PASSED] - Navigate to 'https://qa.medisource.com/login' successfully

2019-04-30 10:30:41 - [TEST_STEP][PASSED] - setText(findTestObject("Object Repository/addUser/Page_Medisource  Login/input_Please try afterminutes."), "superagent"): Text 'superagent' is set on object 'Object Repository/addUser/Page_Medisource  Login/input_Please try afterminutes.'

2019-04-30 10:30:41 - [MESSAGE][PASSED] - Text 'superagent' is set on object 'Object Repository/addUser/Page_Medisource  Login/input_Please try afterminutes.'

2019-04-30 10:30:41 - [TEST_STEP][PASSED] - setEncryptedText(findTestObject("Object Repository/addUser/Page_Medisource  Login/input_Username or email requir"), "SITHpLWAWtI8C4F8RIujvA=="): Text ****** has been set on object 'Object Repository/addUser/Page_Medisource  Login/input_Username or email requir'

2019-04-30 10:30:41 - [MESSAGE][PASSED] - Text ****** has been set on object 'Object Repository/addUser/Page_Medisource  Login/input_Username or email requir'

2019-04-30 10:30:41 - [TEST_STEP][PASSED] - delay(1): Delayed 1 second(s)

2019-04-30 10:30:42 - [MESSAGE][PASSED] - Delayed 1 second(s)

2019-04-30 10:30:42 - [TEST_STEP][PASSED] - click(findTestObject("Object Repository/addUser/Page_Medisource  Login/button_Login")): Object: 'Object Repository/addUser/Page_Medisource  Login/button_Login' is clicked on

2019-04-30 10:30:42 - [MESSAGE][PASSED] - Object: 'Object Repository/addUser/Page_Medisource  Login/button_Login' is clicked on

2019-04-30 10:30:42 - [TEST_STEP][PASSED] - delay(3): Delayed 3 second(s)

2019-04-30 10:30:45 - [MESSAGE][PASSED] - Delayed 3 second(s)

2019-04-30 10:30:45 - [TEST_STEP][PASSED] - navigateToUrl("https://qa.medisource.com/patients/all"): Navigate to 'https://qa.medisource.com/patients/all' successfully

2019-04-30 10:30:47 - [MESSAGE][PASSED] - Navigate to 'https://qa.medisource.com/patients/all' successfully

2019-04-30 10:30:47 - [TEST_STEP][PASSED] - delay(1): Delayed 1 second(s)

2019-04-30 10:30:48 - [MESSAGE][PASSED] - Delayed 1 second(s)

2019-04-30 10:30:48 - [TEST_STEP][PASSED] - navigateToUrl("https://qa.medisource.com/patientcare/009837C2-ECC9-4AFE-98B1-34A3496FAE08/C7413FDF-56F8-4165-914C-810E9B7902D5/overview"): Navigate to 'https://qa.medisource.com/patientcare/009837C2-ECC9-4AFE-98B1-34A3496FAE08/C7413FDF-56F8-4165-914C-810E9B7902D5/overview' successfully

2019-04-30 10:30:48 - [MESSAGE][PASSED] - Navigate to 'https://qa.medisource.com/patientcare/009837C2-ECC9-4AFE-98B1-34A3496FAE08/C7413FDF-56F8-4165-914C-810E9B7902D5/overview' successfully

2019-04-30 10:30:48 - [TEST_STEP][PASSED] - delay(1): Delayed 1 second(s)

2019-04-30 10:30:49 - [MESSAGE][PASSED] - Delayed 1 second(s)

2019-04-30 10:30:49 - [TEST_STEP][PASSED] - navigateToUrl("https://qa.medisource.com/patientcare/009837C2-ECC9-4AFE-98B1-34A3496FAE08/C7413FDF-56F8-4165-914C-810E9B7902D5/2019/oasis/clinical/soc/35EE8F6D-81C8-4D0B-898C-0E3D068F7FAC/009837C2-ECC9-4AFE-98B1-34A3496FAE08"): Navigate to 'https://qa.medisource.com/patientcare/009837C2-ECC9-4AFE-98B1-34A3496FAE08/C7413FDF-56F8-4165-914C-810E9B7902D5/2019/oasis/clinical/soc/35EE8F6D-81C8-4D0B-898C-0E3D068F7FAC/009837C2-ECC9-4AFE-98B1-34A3496FAE08' successfully

2019-04-30 10:30:50 - [MESSAGE][PASSED] - Navigate to 'https://qa.medisource.com/patientcare/009837C2-ECC9-4AFE-98B1-34A3496FAE08/C7413FDF-56F8-4165-914C-810E9B7902D5/2019/oasis/clinical/soc/35EE8F6D-81C8-4D0B-898C-0E3D068F7FAC/009837C2-ECC9-4AFE-98B1-34A3496FAE08' successfully

2019-04-30 10:30:50 - [TEST_STEP][PASSED] - delay(2): Delayed 2 second(s)

2019-04-30 10:30:52 - [MESSAGE][PASSED] - Delayed 2 second(s)

2019-04-30 10:30:52 - [TEST_STEP][PASSED] - click(findTestObject("OASIS/OASIS_TABS/xitemedits_btn")): Object: 'Object Repository/OASIS/OASIS_TABS/xitemedits_btn' is clicked on

2019-04-30 10:30:53 - [MESSAGE][PASSED] - Object: 'Object Repository/OASIS/OASIS_TABS/xitemedits_btn' is clicked on]]></system-out>
         <system-err><![CDATA[]]></system-err>
      </testcase>
      <testcase name="Test Cases/OASIS_SOC/Elimination" classname="Test Cases/OASIS_SOC/Elimination" status="FAILED">
         <failure type="FAILED" message="Test Cases/OASIS_SOC/Elimination FAILED.
Reason:
com.kms.katalon.core.exception.StepFailedException: Unable to click on object 'Object Repository/OASIS/OASIS_TABS/Elimination_tab'
	at com.kms.katalon.core.webui.keyword.internal.WebUIKeywordMain.stepFailed(WebUIKeywordMain.groovy:64)
	at com.kms.katalon.core.webui.keyword.internal.WebUIKeywordMain.runKeyword(WebUIKeywordMain.groovy:26)
	at com.kms.katalon.core.webui.keyword.builtin.ClickKeyword.click(ClickKeyword.groovy:86)
	at com.kms.katalon.core.webui.keyword.builtin.ClickKeyword.execute(ClickKeyword.groovy:67)
	at com.kms.katalon.core.keyword.internal.KeywordExecutor.executeKeywordForPlatform(KeywordExecutor.groovy:56)
	at com.kms.katalon.core.webui.keyword.WebUiBuiltInKeywords.click(WebUiBuiltInKeywords.groovy:616)
	at com.kms.katalon.core.webui.keyword.WebUiBuiltInKeywords$click$3.call(Unknown Source)
	at Elimination.run(Elimination:16)
	at com.kms.katalon.core.main.ScriptEngine.run(ScriptEngine.java:194)
	at com.kms.katalon.core.main.ScriptEngine.runScriptAsRawText(ScriptEngine.java:119)
	at com.kms.katalon.core.main.TestCaseExecutor.runScript(TestCaseExecutor.java:342)
	at com.kms.katalon.core.main.TestCaseExecutor.doExecute(TestCaseExecutor.java:333)
	at com.kms.katalon.core.main.TestCaseExecutor.processExecutionPhase(TestCaseExecutor.java:312)
	at com.kms.katalon.core.main.TestCaseExecutor.accessMainPhase(TestCaseExecutor.java:304)
	at com.kms.katalon.core.main.TestCaseExecutor.execute(TestCaseExecutor.java:238)
	at com.kms.katalon.core.main.TestSuiteExecutor.accessTestCaseMainPhase(TestSuiteExecutor.java:129)
	at com.kms.katalon.core.main.TestSuiteExecutor.accessTestSuiteMainPhase(TestSuiteExecutor.java:112)
	at com.kms.katalon.core.main.TestSuiteExecutor.execute(TestSuiteExecutor.java:81)
	at com.kms.katalon.core.main.TestCaseMain.startTestSuite(TestCaseMain.java:157)
	at com.kms.katalon.core.main.TestCaseMain$startTestSuite$0.call(Unknown Source)
	at TempTestSuite1556591433627.run(TempTestSuite1556591433627.groovy:35)
Caused by: org.openqa.selenium.WebDriverException: unknown error: Element &lt;div class=&quot;oasis-section-tabs ng-binding ng-scope&quot; ng-if=&quot;list.title!=''&quot; style=&quot;text-transform: none;&quot;>...&lt;/div> is not clickable at point (206, 415). Other element would receive the click: &lt;div ng-if=&quot;!isReadyToNavigate&quot; style=&quot;position:absolute;width:100%;height:100%;z-index:5; background:rgb(255,255,255, 0.1);cursor: not-allowed;&quot; class=&quot;ng-scope&quot;>...&lt;/div>
  (Session info: chrome=73.0.3683.103)
  (Driver info: chromedriver=73.0.3683.68 (47787ec04b6e38e22703e856e101e840b65afe72),platform=Windows NT 10.0.17134 x86_64) (WARNING: The server did not provide any stacktrace information)
Command duration or timeout: 0 milliseconds
Build info: version: '3.7.1', revision: '8a0099a', time: '2017-11-06T21:07:36.161Z'
System info: host: 'DESKTOP-IKQI3RS', ip: '192.168.2.37', os.name: 'Windows 10', os.arch: 'amd64', os.version: '10.0', java.version: '1.8.0_181'
Driver info: com.kms.katalon.selenium.driver.CChromeDriver
Capabilities {acceptInsecureCerts: false, acceptSslCerts: false, applicationCacheEnabled: false, browserConnectionEnabled: false, browserName: chrome, chrome: {chromedriverVersion: 73.0.3683.68 (47787ec04b6e3..., userDataDir: C:\Users\KHENAR~1\AppData\L...}, cssSelectorsEnabled: true, databaseEnabled: false, goog:chromeOptions: {debuggerAddress: localhost:51666}, handlesAlerts: true, hasTouchScreen: false, javascriptEnabled: true, locationContextEnabled: true, mobileEmulationEnabled: false, nativeEvents: true, networkConnectionEnabled: false, pageLoadStrategy: normal, platform: XP, platformName: XP, proxy: Proxy(direct), rotatable: false, setWindowRect: true, strictFileInteractability: false, takesHeapSnapshot: true, takesScreenshot: true, timeouts: {implicit: 0, pageLoad: 300000, script: 30000}, unexpectedAlertBehaviour: ignore, unhandledPromptBehavior: ignore, version: 73.0.3683.103, webStorageEnabled: true}
Session ID: 4f20c918cb329afd1a2f6869a4b07d7a
	at org.openqa.selenium.remote.ErrorHandler.createThrowable(ErrorHandler.java:214)
	at org.openqa.selenium.remote.ErrorHandler.throwIfResponseFailed(ErrorHandler.java:166)
	at org.openqa.selenium.remote.http.JsonHttpResponseCodec.reconstructValue(JsonHttpResponseCodec.java:40)
	at org.openqa.selenium.remote.http.AbstractHttpResponseCodec.decode(AbstractHttpResponseCodec.java:80)
	at org.openqa.selenium.remote.http.AbstractHttpResponseCodec.decode(AbstractHttpResponseCodec.java:44)
	at org.openqa.selenium.remote.HttpCommandExecutor.execute(HttpCommandExecutor.java:164)
	at org.openqa.selenium.remote.service.DriverCommandExecutor.execute(DriverCommandExecutor.java:83)
	at org.openqa.selenium.remote.RemoteWebDriver.execute(RemoteWebDriver.java:600)
	at com.kms.katalon.selenium.driver.CChromeDriver.execute(CChromeDriver.java:20)
	at org.openqa.selenium.remote.RemoteWebElement.execute(RemoteWebElement.java:279)
	at org.openqa.selenium.remote.RemoteWebElement.click(RemoteWebElement.java:83)
	at com.kms.katalon.core.webui.keyword.builtin.ClickKeyword$_click_closure1.doCall(ClickKeyword.groovy:79)
	at com.kms.katalon.core.webui.keyword.builtin.ClickKeyword$_click_closure1.call(ClickKeyword.groovy)
	at com.kms.katalon.core.webui.keyword.internal.WebUIKeywordMain.runKeyword(WebUIKeywordMain.groovy:20)
	at com.kms.katalon.core.webui.keyword.builtin.ClickKeyword.click(ClickKeyword.groovy:86)
	at com.kms.katalon.core.webui.keyword.builtin.ClickKeyword.execute(ClickKeyword.groovy:67)
	at com.kms.katalon.core.keyword.internal.KeywordExecutor.executeKeywordForPlatform(KeywordExecutor.groovy:56)
	at com.kms.katalon.core.webui.keyword.WebUiBuiltInKeywords.click(WebUiBuiltInKeywords.groovy:616)
	at com.kms.katalon.core.webui.keyword.WebUiBuiltInKeywords$click$3.call(Unknown Source)
	at Script1555983604032.run(Script1555983604032.groovy:16)
	... 13 more
"/>
         <system-out><![CDATA[2019-04-30 10:30:53 - [TEST_CASE][FAILED] - Test Cases/OASIS_SOC/Elimination: Test Cases/OASIS_SOC/Elimination FAILED.
Reason:
com.kms.katalon.core.exception.StepFailedException: Unable to click on object 'Object Repository/OASIS/OASIS_TABS/Elimination_tab'
	at com.kms.katalon.core.webui.keyword.internal.WebUIKeywordMain.stepFailed(WebUIKeywordMain.groovy:64)
	at com.kms.katalon.core.webui.keyword.internal.WebUIKeywordMain.runKeyword(WebUIKeywordMain.groovy:26)
	at com.kms.katalon.core.webui.keyword.builtin.ClickKeyword.click(ClickKeyword.groovy:86)
	at com.kms.katalon.core.webui.keyword.builtin.ClickKeyword.execute(ClickKeyword.groovy:67)
	at com.kms.katalon.core.keyword.internal.KeywordExecutor.executeKeywordForPlatform(KeywordExecutor.groovy:56)
	at com.kms.katalon.core.webui.keyword.WebUiBuiltInKeywords.click(WebUiBuiltInKeywords.groovy:616)
	at com.kms.katalon.core.webui.keyword.WebUiBuiltInKeywords$click$3.call(Unknown Source)
	at Elimination.run(Elimination:16)
	at com.kms.katalon.core.main.ScriptEngine.run(ScriptEngine.java:194)
	at com.kms.katalon.core.main.ScriptEngine.runScriptAsRawText(ScriptEngine.java:119)
	at com.kms.katalon.core.main.TestCaseExecutor.runScript(TestCaseExecutor.java:342)
	at com.kms.katalon.core.main.TestCaseExecutor.doExecute(TestCaseExecutor.java:333)
	at com.kms.katalon.core.main.TestCaseExecutor.processExecutionPhase(TestCaseExecutor.java:312)
	at com.kms.katalon.core.main.TestCaseExecutor.accessMainPhase(TestCaseExecutor.java:304)
	at com.kms.katalon.core.main.TestCaseExecutor.execute(TestCaseExecutor.java:238)
	at com.kms.katalon.core.main.TestSuiteExecutor.accessTestCaseMainPhase(TestSuiteExecutor.java:129)
	at com.kms.katalon.core.main.TestSuiteExecutor.accessTestSuiteMainPhase(TestSuiteExecutor.java:112)
	at com.kms.katalon.core.main.TestSuiteExecutor.execute(TestSuiteExecutor.java:81)
	at com.kms.katalon.core.main.TestCaseMain.startTestSuite(TestCaseMain.java:157)
	at com.kms.katalon.core.main.TestCaseMain$startTestSuite$0.call(Unknown Source)
	at TempTestSuite1556591433627.run(TempTestSuite1556591433627.groovy:35)
Caused by: org.openqa.selenium.WebDriverException: unknown error: Element <div class="oasis-section-tabs ng-binding ng-scope" ng-if="list.title!=''" style="text-transform: none;">...</div> is not clickable at point (206, 415). Other element would receive the click: <div ng-if="!isReadyToNavigate" style="position:absolute;width:100%;height:100%;z-index:5; background:rgb(255,255,255, 0.1);cursor: not-allowed;" class="ng-scope">...</div>
  (Session info: chrome=73.0.3683.103)
  (Driver info: chromedriver=73.0.3683.68 (47787ec04b6e38e22703e856e101e840b65afe72),platform=Windows NT 10.0.17134 x86_64) (WARNING: The server did not provide any stacktrace information)
Command duration or timeout: 0 milliseconds
Build info: version: '3.7.1', revision: '8a0099a', time: '2017-11-06T21:07:36.161Z'
System info: host: 'DESKTOP-IKQI3RS', ip: '192.168.2.37', os.name: 'Windows 10', os.arch: 'amd64', os.version: '10.0', java.version: '1.8.0_181'
Driver info: com.kms.katalon.selenium.driver.CChromeDriver
Capabilities {acceptInsecureCerts: false, acceptSslCerts: false, applicationCacheEnabled: false, browserConnectionEnabled: false, browserName: chrome, chrome: {chromedriverVersion: 73.0.3683.68 (47787ec04b6e3..., userDataDir: C:\Users\KHENAR~1\AppData\L...}, cssSelectorsEnabled: true, databaseEnabled: false, goog:chromeOptions: {debuggerAddress: localhost:51666}, handlesAlerts: true, hasTouchScreen: false, javascriptEnabled: true, locationContextEnabled: true, mobileEmulationEnabled: false, nativeEvents: true, networkConnectionEnabled: false, pageLoadStrategy: normal, platform: XP, platformName: XP, proxy: Proxy(direct), rotatable: false, setWindowRect: true, strictFileInteractability: false, takesHeapSnapshot: true, takesScreenshot: true, timeouts: {implicit: 0, pageLoad: 300000, script: 30000}, unexpectedAlertBehaviour: ignore, unhandledPromptBehavior: ignore, version: 73.0.3683.103, webStorageEnabled: true}
Session ID: 4f20c918cb329afd1a2f6869a4b07d7a
	at org.openqa.selenium.remote.ErrorHandler.createThrowable(ErrorHandler.java:214)
	at org.openqa.selenium.remote.ErrorHandler.throwIfResponseFailed(ErrorHandler.java:166)
	at org.openqa.selenium.remote.http.JsonHttpResponseCodec.reconstructValue(JsonHttpResponseCodec.java:40)
	at org.openqa.selenium.remote.http.AbstractHttpResponseCodec.decode(AbstractHttpResponseCodec.java:80)
	at org.openqa.selenium.remote.http.AbstractHttpResponseCodec.decode(AbstractHttpResponseCodec.java:44)
	at org.openqa.selenium.remote.HttpCommandExecutor.execute(HttpCommandExecutor.java:164)
	at org.openqa.selenium.remote.service.DriverCommandExecutor.execute(DriverCommandExecutor.java:83)
	at org.openqa.selenium.remote.RemoteWebDriver.execute(RemoteWebDriver.java:600)
	at com.kms.katalon.selenium.driver.CChromeDriver.execute(CChromeDriver.java:20)
	at org.openqa.selenium.remote.RemoteWebElement.execute(RemoteWebElement.java:279)
	at org.openqa.selenium.remote.RemoteWebElement.click(RemoteWebElement.java:83)
	at com.kms.katalon.core.webui.keyword.builtin.ClickKeyword$_click_closure1.doCall(ClickKeyword.groovy:79)
	at com.kms.katalon.core.webui.keyword.builtin.ClickKeyword$_click_closure1.call(ClickKeyword.groovy)
	at com.kms.katalon.core.webui.keyword.internal.WebUIKeywordMain.runKeyword(WebUIKeywordMain.groovy:20)
	at com.kms.katalon.core.webui.keyword.builtin.ClickKeyword.click(ClickKeyword.groovy:86)
	at com.kms.katalon.core.webui.keyword.builtin.ClickKeyword.execute(ClickKeyword.groovy:67)
	at com.kms.katalon.core.keyword.internal.KeywordExecutor.executeKeywordForPlatform(KeywordExecutor.groovy:56)
	at com.kms.katalon.core.webui.keyword.WebUiBuiltInKeywords.click(WebUiBuiltInKeywords.groovy:616)
	at com.kms.katalon.core.webui.keyword.WebUiBuiltInKeywords$click$3.call(Unknown Source)
	at Script1555983604032.run(Script1555983604032.groovy:16)
	... 13 more


2019-04-30 10:30:53 - [TEST_STEP][FAILED] - click(findTestObject("OASIS/OASIS_TABS/Elimination_tab")): click(findTestObject("OASIS/OASIS_TABS/Elimination_tab")) FAILED.
Reason:
com.kms.katalon.core.exception.StepFailedException: Unable to click on object 'Object Repository/OASIS/OASIS_TABS/Elimination_tab'
	at com.kms.katalon.core.webui.keyword.internal.WebUIKeywordMain.stepFailed(WebUIKeywordMain.groovy:64)
	at com.kms.katalon.core.webui.keyword.internal.WebUIKeywordMain.runKeyword(WebUIKeywordMain.groovy:26)
	at com.kms.katalon.core.webui.keyword.builtin.ClickKeyword.click(ClickKeyword.groovy:86)
	at com.kms.katalon.core.webui.keyword.builtin.ClickKeyword.execute(ClickKeyword.groovy:67)
	at com.kms.katalon.core.keyword.internal.KeywordExecutor.executeKeywordForPlatform(KeywordExecutor.groovy:56)
	at com.kms.katalon.core.webui.keyword.WebUiBuiltInKeywords.click(WebUiBuiltInKeywords.groovy:616)
	at com.kms.katalon.core.webui.keyword.WebUiBuiltInKeywords$click$3.call(Unknown Source)
	at Elimination.run(Elimination:16)
	at com.kms.katalon.core.main.ScriptEngine.run(ScriptEngine.java:194)
	at com.kms.katalon.core.main.ScriptEngine.runScriptAsRawText(ScriptEngine.java:119)
	at com.kms.katalon.core.main.TestCaseExecutor.runScript(TestCaseExecutor.java:342)
	at com.kms.katalon.core.main.TestCaseExecutor.doExecute(TestCaseExecutor.java:333)
	at com.kms.katalon.core.main.TestCaseExecutor.processExecutionPhase(TestCaseExecutor.java:312)
	at com.kms.katalon.core.main.TestCaseExecutor.accessMainPhase(TestCaseExecutor.java:304)
	at com.kms.katalon.core.main.TestCaseExecutor.execute(TestCaseExecutor.java:238)
	at com.kms.katalon.core.main.TestSuiteExecutor.accessTestCaseMainPhase(TestSuiteExecutor.java:129)
	at com.kms.katalon.core.main.TestSuiteExecutor.accessTestSuiteMainPhase(TestSuiteExecutor.java:112)
	at com.kms.katalon.core.main.TestSuiteExecutor.execute(TestSuiteExecutor.java:81)
	at com.kms.katalon.core.main.TestCaseMain.startTestSuite(TestCaseMain.java:157)
	at com.kms.katalon.core.main.TestCaseMain$startTestSuite$0.call(Unknown Source)
	at TempTestSuite1556591433627.run(TempTestSuite1556591433627.groovy:35)
Caused by: org.openqa.selenium.WebDriverException: unknown error: Element <div class="oasis-section-tabs ng-binding ng-scope" ng-if="list.title!=''" style="text-transform: none;">...</div> is not clickable at point (206, 415). Other element would receive the click: <div ng-if="!isReadyToNavigate" style="position:absolute;width:100%;height:100%;z-index:5; background:rgb(255,255,255, 0.1);cursor: not-allowed;" class="ng-scope">...</div>
  (Session info: chrome=73.0.3683.103)
  (Driver info: chromedriver=73.0.3683.68 (47787ec04b6e38e22703e856e101e840b65afe72),platform=Windows NT 10.0.17134 x86_64) (WARNING: The server did not provide any stacktrace information)
Command duration or timeout: 0 milliseconds
Build info: version: '3.7.1', revision: '8a0099a', time: '2017-11-06T21:07:36.161Z'
System info: host: 'DESKTOP-IKQI3RS', ip: '192.168.2.37', os.name: 'Windows 10', os.arch: 'amd64', os.version: '10.0', java.version: '1.8.0_181'
Driver info: com.kms.katalon.selenium.driver.CChromeDriver
Capabilities {acceptInsecureCerts: false, acceptSslCerts: false, applicationCacheEnabled: false, browserConnectionEnabled: false, browserName: chrome, chrome: {chromedriverVersion: 73.0.3683.68 (47787ec04b6e3..., userDataDir: C:\Users\KHENAR~1\AppData\L...}, cssSelectorsEnabled: true, databaseEnabled: false, goog:chromeOptions: {debuggerAddress: localhost:51666}, handlesAlerts: true, hasTouchScreen: false, javascriptEnabled: true, locationContextEnabled: true, mobileEmulationEnabled: false, nativeEvents: true, networkConnectionEnabled: false, pageLoadStrategy: normal, platform: XP, platformName: XP, proxy: Proxy(direct), rotatable: false, setWindowRect: true, strictFileInteractability: false, takesHeapSnapshot: true, takesScreenshot: true, timeouts: {implicit: 0, pageLoad: 300000, script: 30000}, unexpectedAlertBehaviour: ignore, unhandledPromptBehavior: ignore, version: 73.0.3683.103, webStorageEnabled: true}
Session ID: 4f20c918cb329afd1a2f6869a4b07d7a
	at org.openqa.selenium.remote.ErrorHandler.createThrowable(ErrorHandler.java:214)
	at org.openqa.selenium.remote.ErrorHandler.throwIfResponseFailed(ErrorHandler.java:166)
	at org.openqa.selenium.remote.http.JsonHttpResponseCodec.reconstructValue(JsonHttpResponseCodec.java:40)
	at org.openqa.selenium.remote.http.AbstractHttpResponseCodec.decode(AbstractHttpResponseCodec.java:80)
	at org.openqa.selenium.remote.http.AbstractHttpResponseCodec.decode(AbstractHttpResponseCodec.java:44)
	at org.openqa.selenium.remote.HttpCommandExecutor.execute(HttpCommandExecutor.java:164)
	at org.openqa.selenium.remote.service.DriverCommandExecutor.execute(DriverCommandExecutor.java:83)
	at org.openqa.selenium.remote.RemoteWebDriver.execute(RemoteWebDriver.java:600)
	at com.kms.katalon.selenium.driver.CChromeDriver.execute(CChromeDriver.java:20)
	at org.openqa.selenium.remote.RemoteWebElement.execute(RemoteWebElement.java:279)
	at org.openqa.selenium.remote.RemoteWebElement.click(RemoteWebElement.java:83)
	at com.kms.katalon.core.webui.keyword.builtin.ClickKeyword$_click_closure1.doCall(ClickKeyword.groovy:79)
	at com.kms.katalon.core.webui.keyword.builtin.ClickKeyword$_click_closure1.call(ClickKeyword.groovy)
	at com.kms.katalon.core.webui.keyword.internal.WebUIKeywordMain.runKeyword(WebUIKeywordMain.groovy:20)
	at com.kms.katalon.core.webui.keyword.builtin.ClickKeyword.click(ClickKeyword.groovy:86)
	at com.kms.katalon.core.webui.keyword.builtin.ClickKeyword.execute(ClickKeyword.groovy:67)
	at com.kms.katalon.core.keyword.internal.KeywordExecutor.executeKeywordForPlatform(KeywordExecutor.groovy:56)
	at com.kms.katalon.core.webui.keyword.WebUiBuiltInKeywords.click(WebUiBuiltInKeywords.groovy:616)
	at com.kms.katalon.core.webui.keyword.WebUiBuiltInKeywords$click$3.call(Unknown Source)
	at Script1555983604032.run(Script1555983604032.groovy:16)
	... 13 more


2019-04-30 10:30:54 - [MESSAGE][FAILED] - Unable to click on object 'Object Repository/OASIS/OASIS_TABS/Elimination_tab' (Root cause: com.kms.katalon.core.exception.StepFailedException: Unable to click on object 'Object Repository/OASIS/OASIS_TABS/Elimination_tab'
	at com.kms.katalon.core.webui.keyword.internal.WebUIKeywordMain.stepFailed(WebUIKeywordMain.groovy:64)
	at com.kms.katalon.core.webui.keyword.internal.WebUIKeywordMain.runKeyword(WebUIKeywordMain.groovy:26)
	at com.kms.katalon.core.webui.keyword.builtin.ClickKeyword.click(ClickKeyword.groovy:86)
	at com.kms.katalon.core.webui.keyword.builtin.ClickKeyword.execute(ClickKeyword.groovy:67)
	at com.kms.katalon.core.keyword.internal.KeywordExecutor.executeKeywordForPlatform(KeywordExecutor.groovy:56)
	at com.kms.katalon.core.webui.keyword.WebUiBuiltInKeywords.click(WebUiBuiltInKeywords.groovy:616)
	at com.kms.katalon.core.webui.keyword.WebUiBuiltInKeywords$click$3.call(Unknown Source)
	at Elimination.run(Elimination:16)
	at com.kms.katalon.core.main.ScriptEngine.run(ScriptEngine.java:194)
	at com.kms.katalon.core.main.ScriptEngine.runScriptAsRawText(ScriptEngine.java:119)
	at com.kms.katalon.core.main.TestCaseExecutor.runScript(TestCaseExecutor.java:342)
	at com.kms.katalon.core.main.TestCaseExecutor.doExecute(TestCaseExecutor.java:333)
	at com.kms.katalon.core.main.TestCaseExecutor.processExecutionPhase(TestCaseExecutor.java:312)
	at com.kms.katalon.core.main.TestCaseExecutor.accessMainPhase(TestCaseExecutor.java:304)
	at com.kms.katalon.core.main.TestCaseExecutor.execute(TestCaseExecutor.java:238)
	at com.kms.katalon.core.main.TestSuiteExecutor.accessTestCaseMainPhase(TestSuiteExecutor.java:129)
	at com.kms.katalon.core.main.TestSuiteExecutor.accessTestSuiteMainPhase(TestSuiteExecutor.java:112)
	at com.kms.katalon.core.main.TestSuiteExecutor.execute(TestSuiteExecutor.java:81)
	at com.kms.katalon.core.main.TestCaseMain.startTestSuite(TestCaseMain.java:157)
	at com.kms.katalon.core.main.TestCaseMain$startTestSuite$0.call(Unknown Source)
	at TempTestSuite1556591433627.run(TempTestSuite1556591433627.groovy:35)
Caused by: org.openqa.selenium.WebDriverException: unknown error: Element <div class="oasis-section-tabs ng-binding ng-scope" ng-if="list.title!=''" style="text-transform: none;">...</div> is not clickable at point (206, 415). Other element would receive the click: <div ng-if="!isReadyToNavigate" style="position:absolute;width:100%;height:100%;z-index:5; background:rgb(255,255,255, 0.1);cursor: not-allowed;" class="ng-scope">...</div>
  (Session info: chrome=73.0.3683.103)
  (Driver info: chromedriver=73.0.3683.68 (47787ec04b6e38e22703e856e101e840b65afe72),platform=Windows NT 10.0.17134 x86_64) (WARNING: The server did not provide any stacktrace information)
Command duration or timeout: 0 milliseconds
Build info: version: '3.7.1', revision: '8a0099a', time: '2017-11-06T21:07:36.161Z'
System info: host: 'DESKTOP-IKQI3RS', ip: '192.168.2.37', os.name: 'Windows 10', os.arch: 'amd64', os.version: '10.0', java.version: '1.8.0_181'
Driver info: com.kms.katalon.selenium.driver.CChromeDriver
Capabilities {acceptInsecureCerts: false, acceptSslCerts: false, applicationCacheEnabled: false, browserConnectionEnabled: false, browserName: chrome, chrome: {chromedriverVersion: 73.0.3683.68 (47787ec04b6e3..., userDataDir: C:\Users\KHENAR~1\AppData\L...}, cssSelectorsEnabled: true, databaseEnabled: false, goog:chromeOptions: {debuggerAddress: localhost:51666}, handlesAlerts: true, hasTouchScreen: false, javascriptEnabled: true, locationContextEnabled: true, mobileEmulationEnabled: false, nativeEvents: true, networkConnectionEnabled: false, pageLoadStrategy: normal, platform: XP, platformName: XP, proxy: Proxy(direct), rotatable: false, setWindowRect: true, strictFileInteractability: false, takesHeapSnapshot: true, takesScreenshot: true, timeouts: {implicit: 0, pageLoad: 300000, script: 30000}, unexpectedAlertBehaviour: ignore, unhandledPromptBehavior: ignore, version: 73.0.3683.103, webStorageEnabled: true}
Session ID: 4f20c918cb329afd1a2f6869a4b07d7a
	at org.openqa.selenium.remote.ErrorHandler.createThrowable(ErrorHandler.java:214)
	at org.openqa.selenium.remote.ErrorHandler.throwIfResponseFailed(ErrorHandler.java:166)
	at org.openqa.selenium.remote.http.JsonHttpResponseCodec.reconstructValue(JsonHttpResponseCodec.java:40)
	at org.openqa.selenium.remote.http.AbstractHttpResponseCodec.decode(AbstractHttpResponseCodec.java:80)
	at org.openqa.selenium.remote.http.AbstractHttpResponseCodec.decode(AbstractHttpResponseCodec.java:44)
	at org.openqa.selenium.remote.HttpCommandExecutor.execute(HttpCommandExecutor.java:164)
	at org.openqa.selenium.remote.service.DriverCommandExecutor.execute(DriverCommandExecutor.java:83)
	at org.openqa.selenium.remote.RemoteWebDriver.execute(RemoteWebDriver.java:600)
	at com.kms.katalon.selenium.driver.CChromeDriver.execute(CChromeDriver.java:20)
	at org.openqa.selenium.remote.RemoteWebElement.execute(RemoteWebElement.java:279)
	at org.openqa.selenium.remote.RemoteWebElement.click(RemoteWebElement.java:83)
	at com.kms.katalon.core.webui.keyword.builtin.ClickKeyword$_click_closure1.doCall(ClickKeyword.groovy:79)
	at com.kms.katalon.core.webui.keyword.builtin.ClickKeyword$_click_closure1.call(ClickKeyword.groovy)
	at com.kms.katalon.core.webui.keyword.internal.WebUIKeywordMain.runKeyword(WebUIKeywordMain.groovy:20)
	at com.kms.katalon.core.webui.keyword.builtin.ClickKeyword.click(ClickKeyword.groovy:86)
	at com.kms.katalon.core.webui.keyword.builtin.ClickKeyword.execute(ClickKeyword.groovy:67)
	at com.kms.katalon.core.keyword.internal.KeywordExecutor.executeKeywordForPlatform(KeywordExecutor.groovy:56)
	at com.kms.katalon.core.webui.keyword.WebUiBuiltInKeywords.click(WebUiBuiltInKeywords.groovy:616)
	at com.kms.katalon.core.webui.keyword.WebUiBuiltInKeywords$click$3.call(Unknown Source)
	at Script1555983604032.run(Script1555983604032.groovy:16)
	... 13 more
)
[[ATTACHMENT|C:\\Users\\Khenard Figuracion\\git\\healthcareProject\\Reports\\automation_compiled\\20190430_103033\\1556591453988.png]]

2019-04-30 10:30:54 - [MESSAGE][FAILED] - click(findTestObject("OASIS/OASIS_TABS/Elimination_tab")) FAILED.
Reason:
com.kms.katalon.core.exception.StepFailedException: Unable to click on object 'Object Repository/OASIS/OASIS_TABS/Elimination_tab'
	at com.kms.katalon.core.webui.keyword.internal.WebUIKeywordMain.stepFailed(WebUIKeywordMain.groovy:64)
	at com.kms.katalon.core.webui.keyword.internal.WebUIKeywordMain.runKeyword(WebUIKeywordMain.groovy:26)
	at com.kms.katalon.core.webui.keyword.builtin.ClickKeyword.click(ClickKeyword.groovy:86)
	at com.kms.katalon.core.webui.keyword.builtin.ClickKeyword.execute(ClickKeyword.groovy:67)
	at com.kms.katalon.core.keyword.internal.KeywordExecutor.executeKeywordForPlatform(KeywordExecutor.groovy:56)
	at com.kms.katalon.core.webui.keyword.WebUiBuiltInKeywords.click(WebUiBuiltInKeywords.groovy:616)
	at com.kms.katalon.core.webui.keyword.WebUiBuiltInKeywords$click$3.call(Unknown Source)
	at Elimination.run(Elimination:16)
	at com.kms.katalon.core.main.ScriptEngine.run(ScriptEngine.java:194)
	at com.kms.katalon.core.main.ScriptEngine.runScriptAsRawText(ScriptEngine.java:119)
	at com.kms.katalon.core.main.TestCaseExecutor.runScript(TestCaseExecutor.java:342)
	at com.kms.katalon.core.main.TestCaseExecutor.doExecute(TestCaseExecutor.java:333)
	at com.kms.katalon.core.main.TestCaseExecutor.processExecutionPhase(TestCaseExecutor.java:312)
	at com.kms.katalon.core.main.TestCaseExecutor.accessMainPhase(TestCaseExecutor.java:304)
	at com.kms.katalon.core.main.TestCaseExecutor.execute(TestCaseExecutor.java:238)
	at com.kms.katalon.core.main.TestSuiteExecutor.accessTestCaseMainPhase(TestSuiteExecutor.java:129)
	at com.kms.katalon.core.main.TestSuiteExecutor.accessTestSuiteMainPhase(TestSuiteExecutor.java:112)
	at com.kms.katalon.core.main.TestSuiteExecutor.execute(TestSuiteExecutor.java:81)
	at com.kms.katalon.core.main.TestCaseMain.startTestSuite(TestCaseMain.java:157)
	at com.kms.katalon.core.main.TestCaseMain$startTestSuite$0.call(Unknown Source)
	at TempTestSuite1556591433627.run(TempTestSuite1556591433627.groovy:35)
Caused by: org.openqa.selenium.WebDriverException: unknown error: Element <div class="oasis-section-tabs ng-binding ng-scope" ng-if="list.title!=''" style="text-transform: none;">...</div> is not clickable at point (206, 415). Other element would receive the click: <div ng-if="!isReadyToNavigate" style="position:absolute;width:100%;height:100%;z-index:5; background:rgb(255,255,255, 0.1);cursor: not-allowed;" class="ng-scope">...</div>
  (Session info: chrome=73.0.3683.103)
  (Driver info: chromedriver=73.0.3683.68 (47787ec04b6e38e22703e856e101e840b65afe72),platform=Windows NT 10.0.17134 x86_64) (WARNING: The server did not provide any stacktrace information)
Command duration or timeout: 0 milliseconds
Build info: version: '3.7.1', revision: '8a0099a', time: '2017-11-06T21:07:36.161Z'
System info: host: 'DESKTOP-IKQI3RS', ip: '192.168.2.37', os.name: 'Windows 10', os.arch: 'amd64', os.version: '10.0', java.version: '1.8.0_181'
Driver info: com.kms.katalon.selenium.driver.CChromeDriver
Capabilities {acceptInsecureCerts: false, acceptSslCerts: false, applicationCacheEnabled: false, browserConnectionEnabled: false, browserName: chrome, chrome: {chromedriverVersion: 73.0.3683.68 (47787ec04b6e3..., userDataDir: C:\Users\KHENAR~1\AppData\L...}, cssSelectorsEnabled: true, databaseEnabled: false, goog:chromeOptions: {debuggerAddress: localhost:51666}, handlesAlerts: true, hasTouchScreen: false, javascriptEnabled: true, locationContextEnabled: true, mobileEmulationEnabled: false, nativeEvents: true, networkConnectionEnabled: false, pageLoadStrategy: normal, platform: XP, platformName: XP, proxy: Proxy(direct), rotatable: false, setWindowRect: true, strictFileInteractability: false, takesHeapSnapshot: true, takesScreenshot: true, timeouts: {implicit: 0, pageLoad: 300000, script: 30000}, unexpectedAlertBehaviour: ignore, unhandledPromptBehavior: ignore, version: 73.0.3683.103, webStorageEnabled: true}
Session ID: 4f20c918cb329afd1a2f6869a4b07d7a
	at org.openqa.selenium.remote.ErrorHandler.createThrowable(ErrorHandler.java:214)
	at org.openqa.selenium.remote.ErrorHandler.throwIfResponseFailed(ErrorHandler.java:166)
	at org.openqa.selenium.remote.http.JsonHttpResponseCodec.reconstructValue(JsonHttpResponseCodec.java:40)
	at org.openqa.selenium.remote.http.AbstractHttpResponseCodec.decode(AbstractHttpResponseCodec.java:80)
	at org.openqa.selenium.remote.http.AbstractHttpResponseCodec.decode(AbstractHttpResponseCodec.java:44)
	at org.openqa.selenium.remote.HttpCommandExecutor.execute(HttpCommandExecutor.java:164)
	at org.openqa.selenium.remote.service.DriverCommandExecutor.execute(DriverCommandExecutor.java:83)
	at org.openqa.selenium.remote.RemoteWebDriver.execute(RemoteWebDriver.java:600)
	at com.kms.katalon.selenium.driver.CChromeDriver.execute(CChromeDriver.java:20)
	at org.openqa.selenium.remote.RemoteWebElement.execute(RemoteWebElement.java:279)
	at org.openqa.selenium.remote.RemoteWebElement.click(RemoteWebElement.java:83)
	at com.kms.katalon.core.webui.keyword.builtin.ClickKeyword$_click_closure1.doCall(ClickKeyword.groovy:79)
	at com.kms.katalon.core.webui.keyword.builtin.ClickKeyword$_click_closure1.call(ClickKeyword.groovy)
	at com.kms.katalon.core.webui.keyword.internal.WebUIKeywordMain.runKeyword(WebUIKeywordMain.groovy:20)
	at com.kms.katalon.core.webui.keyword.builtin.ClickKeyword.click(ClickKeyword.groovy:86)
	at com.kms.katalon.core.webui.keyword.builtin.ClickKeyword.execute(ClickKeyword.groovy:67)
	at com.kms.katalon.core.keyword.internal.KeywordExecutor.executeKeywordForPlatform(KeywordExecutor.groovy:56)
	at com.kms.katalon.core.webui.keyword.WebUiBuiltInKeywords.click(WebUiBuiltInKeywords.groovy:616)
	at com.kms.katalon.core.webui.keyword.WebUiBuiltInKeywords$click$3.call(Unknown Source)
	at Script1555983604032.run(Script1555983604032.groovy:16)
	... 13 more]]></system-out>
         <system-err><![CDATA[2019-04-30 10:30:53 - [TEST_CASE][FAILED] - Test Cases/OASIS_SOC/Elimination: Test Cases/OASIS_SOC/Elimination FAILED.
Reason:
com.kms.katalon.core.exception.StepFailedException: Unable to click on object 'Object Repository/OASIS/OASIS_TABS/Elimination_tab'
	at com.kms.katalon.core.webui.keyword.internal.WebUIKeywordMain.stepFailed(WebUIKeywordMain.groovy:64)
	at com.kms.katalon.core.webui.keyword.internal.WebUIKeywordMain.runKeyword(WebUIKeywordMain.groovy:26)
	at com.kms.katalon.core.webui.keyword.builtin.ClickKeyword.click(ClickKeyword.groovy:86)
	at com.kms.katalon.core.webui.keyword.builtin.ClickKeyword.execute(ClickKeyword.groovy:67)
	at com.kms.katalon.core.keyword.internal.KeywordExecutor.executeKeywordForPlatform(KeywordExecutor.groovy:56)
	at com.kms.katalon.core.webui.keyword.WebUiBuiltInKeywords.click(WebUiBuiltInKeywords.groovy:616)
	at com.kms.katalon.core.webui.keyword.WebUiBuiltInKeywords$click$3.call(Unknown Source)
	at Elimination.run(Elimination:16)
	at com.kms.katalon.core.main.ScriptEngine.run(ScriptEngine.java:194)
	at com.kms.katalon.core.main.ScriptEngine.runScriptAsRawText(ScriptEngine.java:119)
	at com.kms.katalon.core.main.TestCaseExecutor.runScript(TestCaseExecutor.java:342)
	at com.kms.katalon.core.main.TestCaseExecutor.doExecute(TestCaseExecutor.java:333)
	at com.kms.katalon.core.main.TestCaseExecutor.processExecutionPhase(TestCaseExecutor.java:312)
	at com.kms.katalon.core.main.TestCaseExecutor.accessMainPhase(TestCaseExecutor.java:304)
	at com.kms.katalon.core.main.TestCaseExecutor.execute(TestCaseExecutor.java:238)
	at com.kms.katalon.core.main.TestSuiteExecutor.accessTestCaseMainPhase(TestSuiteExecutor.java:129)
	at com.kms.katalon.core.main.TestSuiteExecutor.accessTestSuiteMainPhase(TestSuiteExecutor.java:112)
	at com.kms.katalon.core.main.TestSuiteExecutor.execute(TestSuiteExecutor.java:81)
	at com.kms.katalon.core.main.TestCaseMain.startTestSuite(TestCaseMain.java:157)
	at com.kms.katalon.core.main.TestCaseMain$startTestSuite$0.call(Unknown Source)
	at TempTestSuite1556591433627.run(TempTestSuite1556591433627.groovy:35)
Caused by: org.openqa.selenium.WebDriverException: unknown error: Element <div class="oasis-section-tabs ng-binding ng-scope" ng-if="list.title!=''" style="text-transform: none;">...</div> is not clickable at point (206, 415). Other element would receive the click: <div ng-if="!isReadyToNavigate" style="position:absolute;width:100%;height:100%;z-index:5; background:rgb(255,255,255, 0.1);cursor: not-allowed;" class="ng-scope">...</div>
  (Session info: chrome=73.0.3683.103)
  (Driver info: chromedriver=73.0.3683.68 (47787ec04b6e38e22703e856e101e840b65afe72),platform=Windows NT 10.0.17134 x86_64) (WARNING: The server did not provide any stacktrace information)
Command duration or timeout: 0 milliseconds
Build info: version: '3.7.1', revision: '8a0099a', time: '2017-11-06T21:07:36.161Z'
System info: host: 'DESKTOP-IKQI3RS', ip: '192.168.2.37', os.name: 'Windows 10', os.arch: 'amd64', os.version: '10.0', java.version: '1.8.0_181'
Driver info: com.kms.katalon.selenium.driver.CChromeDriver
Capabilities {acceptInsecureCerts: false, acceptSslCerts: false, applicationCacheEnabled: false, browserConnectionEnabled: false, browserName: chrome, chrome: {chromedriverVersion: 73.0.3683.68 (47787ec04b6e3..., userDataDir: C:\Users\KHENAR~1\AppData\L...}, cssSelectorsEnabled: true, databaseEnabled: false, goog:chromeOptions: {debuggerAddress: localhost:51666}, handlesAlerts: true, hasTouchScreen: false, javascriptEnabled: true, locationContextEnabled: true, mobileEmulationEnabled: false, nativeEvents: true, networkConnectionEnabled: false, pageLoadStrategy: normal, platform: XP, platformName: XP, proxy: Proxy(direct), rotatable: false, setWindowRect: true, strictFileInteractability: false, takesHeapSnapshot: true, takesScreenshot: true, timeouts: {implicit: 0, pageLoad: 300000, script: 30000}, unexpectedAlertBehaviour: ignore, unhandledPromptBehavior: ignore, version: 73.0.3683.103, webStorageEnabled: true}
Session ID: 4f20c918cb329afd1a2f6869a4b07d7a
	at org.openqa.selenium.remote.ErrorHandler.createThrowable(ErrorHandler.java:214)
	at org.openqa.selenium.remote.ErrorHandler.throwIfResponseFailed(ErrorHandler.java:166)
	at org.openqa.selenium.remote.http.JsonHttpResponseCodec.reconstructValue(JsonHttpResponseCodec.java:40)
	at org.openqa.selenium.remote.http.AbstractHttpResponseCodec.decode(AbstractHttpResponseCodec.java:80)
	at org.openqa.selenium.remote.http.AbstractHttpResponseCodec.decode(AbstractHttpResponseCodec.java:44)
	at org.openqa.selenium.remote.HttpCommandExecutor.execute(HttpCommandExecutor.java:164)
	at org.openqa.selenium.remote.service.DriverCommandExecutor.execute(DriverCommandExecutor.java:83)
	at org.openqa.selenium.remote.RemoteWebDriver.execute(RemoteWebDriver.java:600)
	at com.kms.katalon.selenium.driver.CChromeDriver.execute(CChromeDriver.java:20)
	at org.openqa.selenium.remote.RemoteWebElement.execute(RemoteWebElement.java:279)
	at org.openqa.selenium.remote.RemoteWebElement.click(RemoteWebElement.java:83)
	at com.kms.katalon.core.webui.keyword.builtin.ClickKeyword$_click_closure1.doCall(ClickKeyword.groovy:79)
	at com.kms.katalon.core.webui.keyword.builtin.ClickKeyword$_click_closure1.call(ClickKeyword.groovy)
	at com.kms.katalon.core.webui.keyword.internal.WebUIKeywordMain.runKeyword(WebUIKeywordMain.groovy:20)
	at com.kms.katalon.core.webui.keyword.builtin.ClickKeyword.click(ClickKeyword.groovy:86)
	at com.kms.katalon.core.webui.keyword.builtin.ClickKeyword.execute(ClickKeyword.groovy:67)
	at com.kms.katalon.core.keyword.internal.KeywordExecutor.executeKeywordForPlatform(KeywordExecutor.groovy:56)
	at com.kms.katalon.core.webui.keyword.WebUiBuiltInKeywords.click(WebUiBuiltInKeywords.groovy:616)
	at com.kms.katalon.core.webui.keyword.WebUiBuiltInKeywords$click$3.call(Unknown Source)
	at Script1555983604032.run(Script1555983604032.groovy:16)
	... 13 more]]></system-err>
      </testcase>
      <testcase name="Test Cases/OASIS_SOC/Neurological" classname="Test Cases/OASIS_SOC/Neurological" status="PASSED">
         <system-out><![CDATA[2019-04-30 10:30:54 - [TEST_CASE][PASSED] - Test Cases/OASIS_SOC/Neurological: Test Cases/OASIS_SOC/Neurological

2019-04-30 10:30:55 - [TEST_STEP][PASSED] - click(findTestObject("OASIS/OASIS_TABS/Neuro_tab")): Object: 'Object Repository/OASIS/OASIS_TABS/Neuro_tab' is clicked on

2019-04-30 10:30:55 - [MESSAGE][PASSED] - Object: 'Object Repository/OASIS/OASIS_TABS/Neuro_tab' is clicked on

2019-04-30 10:30:55 - [TEST_STEP][PASSED] - delay(5): Delayed 5 second(s)

2019-04-30 10:31:00 - [MESSAGE][PASSED] - Delayed 5 second(s)

2019-04-30 10:31:00 - [TEST_STEP][PASSED] - click(findTestObject("OASIS/Neurological/neurological_status/neuro_pupils_perrla")): Object: 'Object Repository/OASIS/Neurological/neurological_status/neuro_pupils_perrla' is clicked on

2019-04-30 10:31:00 - [MESSAGE][PASSED] - Object: 'Object Repository/OASIS/Neurological/neurological_status/neuro_pupils_perrla' is clicked on

2019-04-30 10:31:00 - [TEST_STEP][PASSED] - delay(1): Delayed 1 second(s)

2019-04-30 10:31:01 - [MESSAGE][PASSED] - Delayed 1 second(s)

2019-04-30 10:31:01 - [TEST_STEP][PASSED] - click(findTestObject("OASIS/Neurological/neurological_status/neuro_non-reactive_l")): Object: 'Object Repository/OASIS/Neurological/neurological_status/neuro_non-reactive_l' is clicked on

2019-04-30 10:31:01 - [MESSAGE][PASSED] - Object: 'Object Repository/OASIS/Neurological/neurological_status/neuro_non-reactive_l' is clicked on

2019-04-30 10:31:01 - [TEST_STEP][PASSED] - click(findTestObject("OASIS/Neurological/neurological_status/neuro_non-reactive_r")): Object: 'Object Repository/OASIS/Neurological/neurological_status/neuro_non-reactive_r' is clicked on

2019-04-30 10:31:01 - [MESSAGE][PASSED] - Object: 'Object Repository/OASIS/Neurological/neurological_status/neuro_non-reactive_r' is clicked on

2019-04-30 10:31:01 - [TEST_STEP][PASSED] - delay(1): Delayed 1 second(s)

2019-04-30 10:31:02 - [MESSAGE][PASSED] - Delayed 1 second(s)

2019-04-30 10:31:02 - [TEST_STEP][PASSED] - click(findTestObject("OASIS/Neurological/neurological_status/neuro_mental_status_oriented")): Object: 'Object Repository/OASIS/Neurological/neurological_status/neuro_mental_status_oriented' is clicked on

2019-04-30 10:31:02 - [MESSAGE][PASSED] - Object: 'Object Repository/OASIS/Neurological/neurological_status/neuro_mental_status_oriented' is clicked on

2019-04-30 10:31:02 - [TEST_STEP][PASSED] - click(findTestObject("OASIS/Neurological/neurological_status/neuro_mental_status_forgetful")): Object: 'Object Repository/OASIS/Neurological/neurological_status/neuro_mental_status_forgetful' is clicked on

2019-04-30 10:31:03 - [MESSAGE][PASSED] - Object: 'Object Repository/OASIS/Neurological/neurological_status/neuro_mental_status_forgetful' is clicked on

2019-04-30 10:31:03 - [TEST_STEP][PASSED] - click(findTestObject("OASIS/Neurological/neurological_status/neuro_mental_status_lethargic")): Object: 'Object Repository/OASIS/Neurological/neurological_status/neuro_mental_status_lethargic' is clicked on

2019-04-30 10:31:03 - [MESSAGE][PASSED] - Object: 'Object Repository/OASIS/Neurological/neurological_status/neuro_mental_status_lethargic' is clicked on

2019-04-30 10:31:03 - [TEST_STEP][PASSED] - click(findTestObject("OASIS/Neurological/neurological_status/neuro_mental_status_disoriented")): Object: 'Object Repository/OASIS/Neurological/neurological_status/neuro_mental_status_disoriented' is clicked on

2019-04-30 10:31:03 - [MESSAGE][PASSED] - Object: 'Object Repository/OASIS/Neurological/neurological_status/neuro_mental_status_disoriented' is clicked on

2019-04-30 10:31:03 - [TEST_STEP][PASSED] - click(findTestObject("OASIS/Neurological/neurological_status/neuro_mental_status_depressed")): Object: 'Object Repository/OASIS/Neurological/neurological_status/neuro_mental_status_depressed' is clicked on

2019-04-30 10:31:03 - [MESSAGE][PASSED] - Object: 'Object Repository/OASIS/Neurological/neurological_status/neuro_mental_status_depressed' is clicked on

2019-04-30 10:31:03 - [TEST_STEP][PASSED] - click(findTestObject("OASIS/Neurological/neurological_status/neuro_mental_status_agitated")): Object: 'Object Repository/OASIS/Neurological/neurological_status/neuro_mental_status_agitated' is clicked on

2019-04-30 10:31:03 - [MESSAGE][PASSED] - Object: 'Object Repository/OASIS/Neurological/neurological_status/neuro_mental_status_agitated' is clicked on

2019-04-30 10:31:03 - [TEST_STEP][PASSED] - click(findTestObject("OASIS/Neurological/neurological_status/neuro_mental_status_comatose")): Object: 'Object Repository/OASIS/Neurological/neurological_status/neuro_mental_status_comatose' is clicked on

2019-04-30 10:31:03 - [MESSAGE][PASSED] - Object: 'Object Repository/OASIS/Neurological/neurological_status/neuro_mental_status_comatose' is clicked on

2019-04-30 10:31:03 - [TEST_STEP][PASSED] - setText(findTestObject("OASIS/Neurological/neurological_status/neuro_mental_status_other"), "Frequent signs of aggression"): Text 'Frequent signs of aggression' is set on object 'Object Repository/OASIS/Neurological/neurological_status/neuro_mental_status_other'

2019-04-30 10:31:04 - [MESSAGE][PASSED] - Text 'Frequent signs of aggression' is set on object 'Object Repository/OASIS/Neurological/neurological_status/neuro_mental_status_other'

2019-04-30 10:31:04 - [TEST_STEP][PASSED] - click(findTestObject("OASIS/Neurological/neurological_status/neuro_sleep_inadequate")): Object: 'Object Repository/OASIS/Neurological/neurological_status/neuro_sleep_inadequate' is clicked on

2019-04-30 10:31:04 - [MESSAGE][PASSED] - Object: 'Object Repository/OASIS/Neurological/neurological_status/neuro_sleep_inadequate' is clicked on

2019-04-30 10:31:04 - [TEST_STEP][PASSED] - setText(findTestObject("OASIS/Neurological/neurological_status/neuro_sleep_inadequate_textfield"), "wokes up at 3:15 AM"): Text 'wokes up at 3:15 AM' is set on object 'Object Repository/OASIS/Neurological/neurological_status/neuro_sleep_inadequate_textfield'

2019-04-30 10:31:05 - [MESSAGE][PASSED] - Text 'wokes up at 3:15 AM' is set on object 'Object Repository/OASIS/Neurological/neurological_status/neuro_sleep_inadequate_textfield'

2019-04-30 10:31:05 - [TEST_STEP][PASSED] - delay(1): Delayed 1 second(s)

2019-04-30 10:31:06 - [MESSAGE][PASSED] - Delayed 1 second(s)

2019-04-30 10:31:06 - [TEST_STEP][PASSED] - click(findTestObject("OASIS/Neurological/neurological_status/neuro_hand_grips_strong")): Object: 'Object Repository/OASIS/Neurological/neurological_status/neuro_hand_grips_strong' is clicked on

2019-04-30 10:31:06 - [MESSAGE][PASSED] - Object: 'Object Repository/OASIS/Neurological/neurological_status/neuro_hand_grips_strong' is clicked on

2019-04-30 10:31:06 - [TEST_STEP][PASSED] - click(findTestObject("OASIS/Neurological/neurological_status/neuro_hand_grips_strong_l")): Object: 'Object Repository/OASIS/Neurological/neurological_status/neuro_hand_grips_strong_l' is clicked on

2019-04-30 10:31:07 - [MESSAGE][PASSED] - Object: 'Object Repository/OASIS/Neurological/neurological_status/neuro_hand_grips_strong_l' is clicked on

2019-04-30 10:31:07 - [TEST_STEP][PASSED] - click(findTestObject("OASIS/Neurological/neurological_status/neuro_hand_grips_strong_r")): Object: 'Object Repository/OASIS/Neurological/neurological_status/neuro_hand_grips_strong_r' is clicked on

2019-04-30 10:31:07 - [MESSAGE][PASSED] - Object: 'Object Repository/OASIS/Neurological/neurological_status/neuro_hand_grips_strong_r' is clicked on

2019-04-30 10:31:07 - [TEST_STEP][PASSED] - delay(1): Delayed 1 second(s)

2019-04-30 10:31:08 - [MESSAGE][PASSED] - Delayed 1 second(s)

2019-04-30 10:31:08 - [TEST_STEP][PASSED] - click(findTestObject("OASIS/Neurological/neurological_status/neuro_hand_grips_weak")): Object: 'Object Repository/OASIS/Neurological/neurological_status/neuro_hand_grips_weak' is clicked on

2019-04-30 10:31:08 - [MESSAGE][PASSED] - Object: 'Object Repository/OASIS/Neurological/neurological_status/neuro_hand_grips_weak' is clicked on

2019-04-30 10:31:08 - [TEST_STEP][PASSED] - click(findTestObject("OASIS/Neurological/neurological_status/neuro_hand_grips_weak_l")): Object: 'Object Repository/OASIS/Neurological/neurological_status/neuro_hand_grips_weak_l' is clicked on

2019-04-30 10:31:08 - [MESSAGE][PASSED] - Object: 'Object Repository/OASIS/Neurological/neurological_status/neuro_hand_grips_weak_l' is clicked on

2019-04-30 10:31:08 - [TEST_STEP][PASSED] - click(findTestObject("OASIS/Neurological/neurological_status/neuro_hand_grips_weak_r")): Object: 'Object Repository/OASIS/Neurological/neurological_status/neuro_hand_grips_weak_r' is clicked on

2019-04-30 10:31:08 - [MESSAGE][PASSED] - Object: 'Object Repository/OASIS/Neurological/neurological_status/neuro_hand_grips_weak_r' is clicked on

2019-04-30 10:31:08 - [TEST_STEP][PASSED] - delay(1): Delayed 1 second(s)

2019-04-30 10:31:09 - [MESSAGE][PASSED] - Delayed 1 second(s)

2019-04-30 10:31:09 - [TEST_STEP][PASSED] - click(findTestObject("OASIS/Neurological/neurological_status/neuro_check_for_weakness")): Object: 'Object Repository/OASIS/Neurological/neurological_status/neuro_check_for_weakness' is clicked on

2019-04-30 10:31:09 - [MESSAGE][PASSED] - Object: 'Object Repository/OASIS/Neurological/neurological_status/neuro_check_for_weakness' is clicked on

2019-04-30 10:31:09 - [TEST_STEP][PASSED] - delay(1): Delayed 1 second(s)

2019-04-30 10:31:10 - [MESSAGE][PASSED] - Delayed 1 second(s)

2019-04-30 10:31:10 - [TEST_STEP][PASSED] - click(findTestObject("OASIS/Neurological/neurological_status/check_for_weakness/c_weak_weakness_ue")): Object: 'Object Repository/OASIS/Neurological/neurological_status/check_for_weakness/c_weak_weakness_ue' is clicked on

2019-04-30 10:31:10 - [MESSAGE][PASSED] - Object: 'Object Repository/OASIS/Neurological/neurological_status/check_for_weakness/c_weak_weakness_ue' is clicked on

2019-04-30 10:31:10 - [TEST_STEP][PASSED] - click(findTestObject("OASIS/Neurological/neurological_status/check_for_weakness/c_weak_weakness_ue_l")): Object: 'Object Repository/OASIS/Neurological/neurological_status/check_for_weakness/c_weak_weakness_ue_l' is clicked on

2019-04-30 10:31:10 - [MESSAGE][PASSED] - Object: 'Object Repository/OASIS/Neurological/neurological_status/check_for_weakness/c_weak_weakness_ue_l' is clicked on

2019-04-30 10:31:10 - [TEST_STEP][PASSED] - click(findTestObject("OASIS/Neurological/neurological_status/check_for_weakness/c_weak_weakness_ue_r")): Object: 'Object Repository/OASIS/Neurological/neurological_status/check_for_weakness/c_weak_weakness_ue_r' is clicked on

2019-04-30 10:31:11 - [MESSAGE][PASSED] - Object: 'Object Repository/OASIS/Neurological/neurological_status/check_for_weakness/c_weak_weakness_ue_r' is clicked on

2019-04-30 10:31:11 - [TEST_STEP][PASSED] - delay(1): Delayed 1 second(s)

2019-04-30 10:31:12 - [MESSAGE][PASSED] - Delayed 1 second(s)

2019-04-30 10:31:12 - [TEST_STEP][PASSED] - click(findTestObject("OASIS/Neurological/neurological_status/check_for_weakness/c_weak_weakness_le")): Object: 'Object Repository/OASIS/Neurological/neurological_status/check_for_weakness/c_weak_weakness_le' is clicked on

2019-04-30 10:31:12 - [MESSAGE][PASSED] - Object: 'Object Repository/OASIS/Neurological/neurological_status/check_for_weakness/c_weak_weakness_le' is clicked on

2019-04-30 10:31:12 - [TEST_STEP][PASSED] - click(findTestObject("OASIS/Neurological/neurological_status/check_for_weakness/c_weak_weakness_le_l")): Object: 'Object Repository/OASIS/Neurological/neurological_status/check_for_weakness/c_weak_weakness_le_l' is clicked on

2019-04-30 10:31:12 - [MESSAGE][PASSED] - Object: 'Object Repository/OASIS/Neurological/neurological_status/check_for_weakness/c_weak_weakness_le_l' is clicked on

2019-04-30 10:31:12 - [TEST_STEP][PASSED] - click(findTestObject("OASIS/Neurological/neurological_status/check_for_weakness/c_weak_weakness_le_r")): Object: 'Object Repository/OASIS/Neurological/neurological_status/check_for_weakness/c_weak_weakness_le_r' is clicked on

2019-04-30 10:31:12 - [MESSAGE][PASSED] - Object: 'Object Repository/OASIS/Neurological/neurological_status/check_for_weakness/c_weak_weakness_le_r' is clicked on

2019-04-30 10:31:12 - [TEST_STEP][PASSED] - delay(1): Delayed 1 second(s)

2019-04-30 10:31:13 - [MESSAGE][PASSED] - Delayed 1 second(s)

2019-04-30 10:31:13 - [TEST_STEP][PASSED] - click(findTestObject("OASIS/Neurological/neurological_status/check_for_weakness/c_weak_paralysis_hemiparesis")): Object: 'Object Repository/OASIS/Neurological/neurological_status/check_for_weakness/c_weak_paralysis_hemiparesis' is clicked on

2019-04-30 10:31:13 - [MESSAGE][PASSED] - Object: 'Object Repository/OASIS/Neurological/neurological_status/check_for_weakness/c_weak_paralysis_hemiparesis' is clicked on

2019-04-30 10:31:13 - [TEST_STEP][PASSED] - click(findTestObject("OASIS/Neurological/neurological_status/check_for_weakness/c_weak_paralysis_hemiparesis_l")): Object: 'Object Repository/OASIS/Neurological/neurological_status/check_for_weakness/c_weak_paralysis_hemiparesis_l' is clicked on

2019-04-30 10:31:13 - [MESSAGE][PASSED] - Object: 'Object Repository/OASIS/Neurological/neurological_status/check_for_weakness/c_weak_paralysis_hemiparesis_l' is clicked on

2019-04-30 10:31:13 - [TEST_STEP][PASSED] - click(findTestObject("OASIS/Neurological/neurological_status/check_for_weakness/c_weak_paralysis_hemiparesis_r")): Object: 'Object Repository/OASIS/Neurological/neurological_status/check_for_weakness/c_weak_paralysis_hemiparesis_r' is clicked on

2019-04-30 10:31:14 - [MESSAGE][PASSED] - Object: 'Object Repository/OASIS/Neurological/neurological_status/check_for_weakness/c_weak_paralysis_hemiparesis_r' is clicked on

2019-04-30 10:31:14 - [TEST_STEP][PASSED] - delay(1): Delayed 1 second(s)

2019-04-30 10:31:15 - [MESSAGE][PASSED] - Delayed 1 second(s)

2019-04-30 10:31:15 - [TEST_STEP][PASSED] - click(findTestObject("OASIS/Neurological/neurological_status/check_for_weakness/c_weak_seizure_petitmal")): Object: 'Object Repository/OASIS/Neurological/neurological_status/check_for_weakness/c_weak_seizure_petitmal' is clicked on

2019-04-30 10:31:15 - [MESSAGE][PASSED] - Object: 'Object Repository/OASIS/Neurological/neurological_status/check_for_weakness/c_weak_seizure_petitmal' is clicked on

2019-04-30 10:31:15 - [TEST_STEP][PASSED] - setText(findTestObject("OASIS/Neurological/neurological_status/check_for_weakness/c_weak_seizure_petitmal_lsdate"), "June 23, 2015"): Text 'June 23, 2015' is set on object 'Object Repository/OASIS/Neurological/neurological_status/check_for_weakness/c_weak_seizure_petitmal_lsdate'

2019-04-30 10:31:15 - [MESSAGE][PASSED] - Text 'June 23, 2015' is set on object 'Object Repository/OASIS/Neurological/neurological_status/check_for_weakness/c_weak_seizure_petitmal_lsdate'

2019-04-30 10:31:15 - [TEST_STEP][PASSED] - delay(1): Delayed 1 second(s)

2019-04-30 10:31:16 - [MESSAGE][PASSED] - Delayed 1 second(s)

2019-04-30 10:31:16 - [TEST_STEP][PASSED] - click(findTestObject("OASIS/Neurological/neurological_status/check_for_weakness/c_weak_tremors_ue")): Object: 'Object Repository/OASIS/Neurological/neurological_status/check_for_weakness/c_weak_tremors_ue' is clicked on

2019-04-30 10:31:16 - [MESSAGE][PASSED] - Object: 'Object Repository/OASIS/Neurological/neurological_status/check_for_weakness/c_weak_tremors_ue' is clicked on

2019-04-30 10:31:16 - [TEST_STEP][PASSED] - click(findTestObject("OASIS/Neurological/neurological_status/check_for_weakness/c_weak_tremors_ue_l")): Object: 'Object Repository/OASIS/Neurological/neurological_status/check_for_weakness/c_weak_tremors_ue_l' is clicked on

2019-04-30 10:31:17 - [MESSAGE][PASSED] - Object: 'Object Repository/OASIS/Neurological/neurological_status/check_for_weakness/c_weak_tremors_ue_l' is clicked on

2019-04-30 10:31:17 - [TEST_STEP][PASSED] - click(findTestObject("OASIS/Neurological/neurological_status/check_for_weakness/c_weak_tremors_ue_r")): Object: 'Object Repository/OASIS/Neurological/neurological_status/check_for_weakness/c_weak_tremors_ue_r' is clicked on

2019-04-30 10:31:17 - [MESSAGE][PASSED] - Object: 'Object Repository/OASIS/Neurological/neurological_status/check_for_weakness/c_weak_tremors_ue_r' is clicked on

2019-04-30 10:31:17 - [TEST_STEP][PASSED] - click(findTestObject("OASIS/Neurological/neurological_status/check_for_weakness/c_weak_tremors_ue_fine")): Object: 'Object Repository/OASIS/Neurological/neurological_status/check_for_weakness/c_weak_tremors_ue_fine' is clicked on

2019-04-30 10:31:17 - [MESSAGE][PASSED] - Object: 'Object Repository/OASIS/Neurological/neurological_status/check_for_weakness/c_weak_tremors_ue_fine' is clicked on

2019-04-30 10:31:17 - [TEST_STEP][PASSED] - delay(1): Delayed 1 second(s)

2019-04-30 10:31:18 - [MESSAGE][PASSED] - Delayed 1 second(s)

2019-04-30 10:31:18 - [TEST_STEP][PASSED] - click(findTestObject("OASIS/Neurological/neurological_status/check_for_weakness/c_weak_tremors_le")): Object: 'Object Repository/OASIS/Neurological/neurological_status/check_for_weakness/c_weak_tremors_le' is clicked on

2019-04-30 10:31:18 - [MESSAGE][PASSED] - Object: 'Object Repository/OASIS/Neurological/neurological_status/check_for_weakness/c_weak_tremors_le' is clicked on

2019-04-30 10:31:18 - [TEST_STEP][PASSED] - click(findTestObject("OASIS/Neurological/neurological_status/check_for_weakness/c_weak_tremors_le_l")): Object: 'Object Repository/OASIS/Neurological/neurological_status/check_for_weakness/c_weak_tremors_le_l' is clicked on

2019-04-30 10:31:18 - [MESSAGE][PASSED] - Object: 'Object Repository/OASIS/Neurological/neurological_status/check_for_weakness/c_weak_tremors_le_l' is clicked on

2019-04-30 10:31:18 - [TEST_STEP][PASSED] - click(findTestObject("OASIS/Neurological/neurological_status/check_for_weakness/c_weak_tremors_le_r")): Object: 'Object Repository/OASIS/Neurological/neurological_status/check_for_weakness/c_weak_tremors_le_r' is clicked on

2019-04-30 10:31:18 - [MESSAGE][PASSED] - Object: 'Object Repository/OASIS/Neurological/neurological_status/check_for_weakness/c_weak_tremors_le_r' is clicked on

2019-04-30 10:31:18 - [TEST_STEP][PASSED] - click(findTestObject("OASIS/Neurological/neurological_status/check_for_weakness/c_weak_tremors_le_coarse")): Object: 'Object Repository/OASIS/Neurological/neurological_status/check_for_weakness/c_weak_tremors_le_coarse' is clicked on

2019-04-30 10:31:18 - [MESSAGE][PASSED] - Object: 'Object Repository/OASIS/Neurological/neurological_status/check_for_weakness/c_weak_tremors_le_coarse' is clicked on

2019-04-30 10:31:18 - [TEST_STEP][PASSED] - delay(1): Delayed 1 second(s)

2019-04-30 10:31:19 - [MESSAGE][PASSED] - Delayed 1 second(s)

2019-04-30 10:31:19 - [TEST_STEP][PASSED] - click(findTestObject("OASIS/Neurological/neurological_status/check_for_weakness/c_weak_signs_headache")): Object: 'Object Repository/OASIS/Neurological/neurological_status/check_for_weakness/c_weak_signs_headache' is clicked on

2019-04-30 10:31:20 - [MESSAGE][PASSED] - Object: 'Object Repository/OASIS/Neurological/neurological_status/check_for_weakness/c_weak_signs_headache' is clicked on

2019-04-30 10:31:20 - [TEST_STEP][PASSED] - delay(1): Delayed 1 second(s)

2019-04-30 10:31:21 - [MESSAGE][PASSED] - Delayed 1 second(s)

2019-04-30 10:31:21 - [TEST_STEP][PASSED] - click(findTestObject("OASIS/Neurological/neurological_status/check_for_weakness/c_weak_signs_numb")): Object: 'Object Repository/OASIS/Neurological/neurological_status/check_for_weakness/c_weak_signs_numb' is clicked on

2019-04-30 10:31:21 - [MESSAGE][PASSED] - Object: 'Object Repository/OASIS/Neurological/neurological_status/check_for_weakness/c_weak_signs_numb' is clicked on

2019-04-30 10:31:21 - [TEST_STEP][PASSED] - delay(1): Delayed 1 second(s)

2019-04-30 10:31:22 - [MESSAGE][PASSED] - Delayed 1 second(s)

2019-04-30 10:31:22 - [TEST_STEP][PASSED] - click(findTestObject("OASIS/Neurological/neurological_status/check_for_weakness/c_weak_signs_lossofsensation")): Object: 'Object Repository/OASIS/Neurological/neurological_status/check_for_weakness/c_weak_signs_lossofsensation' is clicked on

2019-04-30 10:31:22 - [MESSAGE][PASSED] - Object: 'Object Repository/OASIS/Neurological/neurological_status/check_for_weakness/c_weak_signs_lossofsensation' is clicked on

2019-04-30 10:31:22 - [TEST_STEP][PASSED] - click(findTestObject("OASIS/Neurological/neurological_status/check_for_weakness/c_weak_signs_visualdistubances")): Object: 'Object Repository/OASIS/Neurological/neurological_status/check_for_weakness/c_weak_signs_visualdistubances' is clicked on

2019-04-30 10:31:22 - [MESSAGE][PASSED] - Object: 'Object Repository/OASIS/Neurological/neurological_status/check_for_weakness/c_weak_signs_visualdistubances' is clicked on

2019-04-30 10:31:22 - [TEST_STEP][PASSED] - click(findTestObject("OASIS/Neurological/neurological_status/check_for_weakness/c_weak_signs_involuntarymf")): Object: 'Object Repository/OASIS/Neurological/neurological_status/check_for_weakness/c_weak_signs_involuntarymf' is clicked on

2019-04-30 10:31:22 - [MESSAGE][PASSED] - Object: 'Object Repository/OASIS/Neurological/neurological_status/check_for_weakness/c_weak_signs_involuntarymf' is clicked on

2019-04-30 10:31:22 - [TEST_STEP][PASSED] - click(findTestObject("OASIS/Neurological/neurological_status/check_for_weakness/c_weak_signs_incoordination")): Object: 'Object Repository/OASIS/Neurological/neurological_status/check_for_weakness/c_weak_signs_incoordination' is clicked on

2019-04-30 10:31:22 - [MESSAGE][PASSED] - Object: 'Object Repository/OASIS/Neurological/neurological_status/check_for_weakness/c_weak_signs_incoordination' is clicked on

2019-04-30 10:31:22 - [TEST_STEP][PASSED] - click(findTestObject("OASIS/Neurological/neurological_status/check_for_weakness/c_weak_signs_improperresponse")): Object: 'Object Repository/OASIS/Neurological/neurological_status/check_for_weakness/c_weak_signs_improperresponse' is clicked on

2019-04-30 10:31:23 - [MESSAGE][PASSED] - Object: 'Object Repository/OASIS/Neurological/neurological_status/check_for_weakness/c_weak_signs_improperresponse' is clicked on

2019-04-30 10:31:23 - [TEST_STEP][PASSED] - click(findTestObject("OASIS/Neurological/neurological_status/check_for_weakness/c_weak_signs_lossofabilitytomove")): Object: 'Object Repository/OASIS/Neurological/neurological_status/check_for_weakness/c_weak_signs_lossofabilitytomove' is clicked on

2019-04-30 10:31:23 - [MESSAGE][PASSED] - Object: 'Object Repository/OASIS/Neurological/neurological_status/check_for_weakness/c_weak_signs_lossofabilitytomove' is clicked on

2019-04-30 10:31:23 - [TEST_STEP][PASSED] - setText(findTestObject("OASIS/Neurological/neurological_status/check_for_weakness/c_weak_signs_lossofabilitytomove_textfield"), "Left middle finger due to fracture"): Text 'Left middle finger due to fracture' is set on object 'Object Repository/OASIS/Neurological/neurological_status/check_for_weakness/c_weak_signs_lossofabilitytomove_textfield'

2019-04-30 10:31:24 - [MESSAGE][PASSED] - Text 'Left middle finger due to fracture' is set on object 'Object Repository/OASIS/Neurological/neurological_status/check_for_weakness/c_weak_signs_lossofabilitytomove_textfield'

2019-04-30 10:31:24 - [TEST_STEP][PASSED] - setText(findTestObject("OASIS/Neurological/neurological_status/check_for_weakness/c_weak_signs_other"), "Disassociation of things"): Text 'Disassociation of things' is set on object 'Object Repository/OASIS/Neurological/neurological_status/check_for_weakness/c_weak_signs_other'

2019-04-30 10:31:25 - [MESSAGE][PASSED] - Text 'Disassociation of things' is set on object 'Object Repository/OASIS/Neurological/neurological_status/check_for_weakness/c_weak_signs_other'

2019-04-30 10:31:25 - [TEST_STEP][PASSED] - delay(1): Delayed 1 second(s)

2019-04-30 10:31:26 - [MESSAGE][PASSED] - Delayed 1 second(s)

2019-04-30 10:31:26 - [TEST_STEP][PASSED] - click(findTestObject("OASIS/Neurological/psychosocial_status/psycho_cognitive")): Object: 'Object Repository/OASIS/Neurological/psychosocial_status/psycho_cognitive' is clicked on

2019-04-30 10:31:26 - [MESSAGE][PASSED] - Object: 'Object Repository/OASIS/Neurological/psychosocial_status/psycho_cognitive' is clicked on

2019-04-30 10:31:26 - [TEST_STEP][PASSED] - click(findTestObject("OASIS/Neurological/psychosocial_status/psycho_confused")): Object: 'Object Repository/OASIS/Neurological/psychosocial_status/psycho_confused' is clicked on

2019-04-30 10:31:26 - [MESSAGE][PASSED] - Object: 'Object Repository/OASIS/Neurological/psychosocial_status/psycho_confused' is clicked on

2019-04-30 10:31:26 - [TEST_STEP][PASSED] - click(findTestObject("OASIS/Neurological/psychosocial_status/psycho_anxious")): Object: 'Object Repository/OASIS/Neurological/psychosocial_status/psycho_anxious' is clicked on

2019-04-30 10:31:26 - [MESSAGE][PASSED] - Object: 'Object Repository/OASIS/Neurological/psychosocial_status/psycho_anxious' is clicked on

2019-04-30 10:31:26 - [TEST_STEP][PASSED] - click(findTestObject("OASIS/Neurological/psychosocial_status/psycho_depressed")): Object: 'Object Repository/OASIS/Neurological/psychosocial_status/psycho_depressed' is clicked on

2019-04-30 10:31:27 - [MESSAGE][PASSED] - Object: 'Object Repository/OASIS/Neurological/psychosocial_status/psycho_depressed' is clicked on

2019-04-30 10:31:27 - [TEST_STEP][PASSED] - click(findTestObject("OASIS/Neurological/psychosocial_status/psycho_memory_deficit")): Object: 'Object Repository/OASIS/Neurological/psychosocial_status/psycho_memory_deficit' is clicked on

2019-04-30 10:31:27 - [MESSAGE][PASSED] - Object: 'Object Repository/OASIS/Neurological/psychosocial_status/psycho_memory_deficit' is clicked on

2019-04-30 10:31:27 - [TEST_STEP][PASSED] - click(findTestObject("OASIS/Neurological/psychosocial_status/psycho_impaired_dm")): Object: 'Object Repository/OASIS/Neurological/psychosocial_status/psycho_impaired_dm' is clicked on

2019-04-30 10:31:27 - [MESSAGE][PASSED] - Object: 'Object Repository/OASIS/Neurological/psychosocial_status/psycho_impaired_dm' is clicked on

2019-04-30 10:31:27 - [TEST_STEP][PASSED] - click(findTestObject("OASIS/Neurological/psychosocial_status/psycho_physical_aggression")): Object: 'Object Repository/OASIS/Neurological/psychosocial_status/psycho_physical_aggression' is clicked on

2019-04-30 10:31:27 - [MESSAGE][PASSED] - Object: 'Object Repository/OASIS/Neurological/psychosocial_status/psycho_physical_aggression' is clicked on

2019-04-30 10:31:27 - [TEST_STEP][PASSED] - click(findTestObject("OASIS/Neurological/psychosocial_status/psycho_inappropriate_b")): Object: 'Object Repository/OASIS/Neurological/psychosocial_status/psycho_inappropriate_b' is clicked on

2019-04-30 10:31:27 - [MESSAGE][PASSED] - Object: 'Object Repository/OASIS/Neurological/psychosocial_status/psycho_inappropriate_b' is clicked on

2019-04-30 10:31:27 - [TEST_STEP][PASSED] - click(findTestObject("OASIS/Neurological/psychosocial_status/psycho_disruptive_b")): Object: 'Object Repository/OASIS/Neurological/psychosocial_status/psycho_disruptive_b' is clicked on

2019-04-30 10:31:27 - [MESSAGE][PASSED] - Object: 'Object Repository/OASIS/Neurological/psychosocial_status/psycho_disruptive_b' is clicked on

2019-04-30 10:31:27 - [TEST_STEP][PASSED] - click(findTestObject("OASIS/Neurological/psychosocial_status/psycho_delusional")): Object: 'Object Repository/OASIS/Neurological/psychosocial_status/psycho_delusional' is clicked on

2019-04-30 10:31:27 - [MESSAGE][PASSED] - Object: 'Object Repository/OASIS/Neurological/psychosocial_status/psycho_delusional' is clicked on

2019-04-30 10:31:27 - [TEST_STEP][PASSED] - setText(findTestObject("OASIS/Neurological/psychosocial_status/psycho_other_p_factors"), "Bipolar and Frequent Sucidical Thoughts"): Text 'Bipolar and Frequent Sucidical Thoughts' is set on object 'Object Repository/OASIS/Neurological/psychosocial_status/psycho_other_p_factors'

2019-04-30 10:31:29 - [MESSAGE][PASSED] - Text 'Bipolar and Frequent Sucidical Thoughts' is set on object 'Object Repository/OASIS/Neurological/psychosocial_status/psycho_other_p_factors'

2019-04-30 10:31:29 - [TEST_STEP][PASSED] - delay(1): Delayed 1 second(s)

2019-04-30 10:31:30 - [MESSAGE][PASSED] - Delayed 1 second(s)

2019-04-30 10:31:30 - [TEST_STEP][PASSED] - click(findTestObject("OASIS/Neurological/language_barrier/language_barrier_yes")): Object: 'Object Repository/OASIS/Neurological/language_barrier/language_barrier_yes' is clicked on

2019-04-30 10:31:30 - [MESSAGE][PASSED] - Object: 'Object Repository/OASIS/Neurological/language_barrier/language_barrier_yes' is clicked on

2019-04-30 10:31:30 - [TEST_STEP][PASSED] - delay(1): Delayed 1 second(s)

2019-04-30 10:31:31 - [MESSAGE][PASSED] - Delayed 1 second(s)

2019-04-30 10:31:31 - [TEST_STEP][NOT_RUN] - click(findTestObject("OASIS/Neurological/language_barrier/language_interpreter_need")): NOT_RUN: click(findTestObject("OASIS/Neurological/language_barrier/language_interpreter_need"))

2019-04-30 10:31:31 - [MESSAGE][NOT_RUN] - NOT_RUN: click(findTestObject("OASIS/Neurological/language_barrier/language_interpreter_need"))

2019-04-30 10:31:31 - [TEST_STEP][NOT_RUN] - delay(1): NOT_RUN: delay(1)

2019-04-30 10:31:31 - [MESSAGE][NOT_RUN] - NOT_RUN: delay(1)

2019-04-30 10:31:31 - [TEST_STEP][NOT_RUN] - setText(findTestObject("OASIS/Neurological/language_barrier/language_interpreter_need_tf"), "Mrs. Langdon"): NOT_RUN: setText(findTestObject("OASIS/Neurological/language_barrier/language_interpreter_need_tf"), "Mrs. Langdon")

2019-04-30 10:31:31 - [MESSAGE][NOT_RUN] - NOT_RUN: setText(findTestObject("OASIS/Neurological/language_barrier/language_interpreter_need_tf"), "Mrs. Langdon")

2019-04-30 10:31:31 - [TEST_STEP][PASSED] - delay(1): Delayed 1 second(s)

2019-04-30 10:31:32 - [MESSAGE][PASSED] - Delayed 1 second(s)

2019-04-30 10:31:32 - [TEST_STEP][PASSED] - click(findTestObject("OASIS/Neurological/language_barrier/language_inter_sp")): Object: 'Object Repository/OASIS/Neurological/language_barrier/language_inter_sp' is clicked on

2019-04-30 10:31:32 - [MESSAGE][PASSED] - Object: 'Object Repository/OASIS/Neurological/language_barrier/language_inter_sp' is clicked on

2019-04-30 10:31:32 - [TEST_STEP][PASSED] - delay(1): Delayed 1 second(s)

2019-04-30 10:31:33 - [MESSAGE][PASSED] - Delayed 1 second(s)

2019-04-30 10:31:33 - [TEST_STEP][PASSED] - setText(findTestObject("OASIS/Neurological/language_barrier/language_inter_sp_tf"), "Interpreter Organization"): Text 'Interpreter Organization' is set on object 'Object Repository/OASIS/Neurological/language_barrier/language_inter_sp_tf'

2019-04-30 10:31:34 - [MESSAGE][PASSED] - Text 'Interpreter Organization' is set on object 'Object Repository/OASIS/Neurological/language_barrier/language_inter_sp_tf'

2019-04-30 10:31:34 - [TEST_STEP][PASSED] - delay(1): Delayed 1 second(s)

2019-04-30 10:31:35 - [MESSAGE][PASSED] - Delayed 1 second(s)

2019-04-30 10:31:35 - [TEST_STEP][PASSED] - setText(findTestObject("OASIS/Neurological/language_barrier/language_inter_sp_phone"), "3453452345"): Text '3453452345' is set on object 'Object Repository/OASIS/Neurological/language_barrier/language_inter_sp_phone'

2019-04-30 10:31:36 - [MESSAGE][PASSED] - Text '3453452345' is set on object 'Object Repository/OASIS/Neurological/language_barrier/language_inter_sp_phone'

2019-04-30 10:31:36 - [TEST_STEP][PASSED] - delay(1): Delayed 1 second(s)

2019-04-30 10:31:37 - [MESSAGE][PASSED] - Delayed 1 second(s)

2019-04-30 10:31:37 - [TEST_STEP][PASSED] - click(findTestObject("OASIS/Neurological/language_barrier/language_sign_type")): Object: 'Object Repository/OASIS/Neurological/language_barrier/language_sign_type' is clicked on

2019-04-30 10:31:37 - [MESSAGE][PASSED] - Object: 'Object Repository/OASIS/Neurological/language_barrier/language_sign_type' is clicked on

2019-04-30 10:31:37 - [TEST_STEP][PASSED] - delay(1): Delayed 1 second(s)

2019-04-30 10:31:38 - [MESSAGE][PASSED] - Delayed 1 second(s)

2019-04-30 10:31:38 - [TEST_STEP][PASSED] - setText(findTestObject("OASIS/Neurological/language_barrier/language_sign_type_tf"), "ASL"): Text 'ASL' is set on object 'Object Repository/OASIS/Neurological/language_barrier/language_sign_type_tf'

2019-04-30 10:31:38 - [MESSAGE][PASSED] - Text 'ASL' is set on object 'Object Repository/OASIS/Neurological/language_barrier/language_sign_type_tf'

2019-04-30 10:31:38 - [TEST_STEP][PASSED] - delay(1): Delayed 1 second(s)

2019-04-30 10:31:39 - [MESSAGE][PASSED] - Delayed 1 second(s)

2019-04-30 10:31:39 - [TEST_STEP][PASSED] - click(findTestObject("OASIS/Neurological/language_barrier/learning_barrier_yes")): Object: 'Object Repository/OASIS/Neurological/language_barrier/learning_barrier_yes' is clicked on

2019-04-30 10:31:39 - [MESSAGE][PASSED] - Object: 'Object Repository/OASIS/Neurological/language_barrier/learning_barrier_yes' is clicked on

2019-04-30 10:31:39 - [TEST_STEP][PASSED] - delay(5): Delayed 5 second(s)

2019-04-30 10:31:44 - [MESSAGE][PASSED] - Delayed 5 second(s)

2019-04-30 10:31:44 - [TEST_STEP][PASSED] - click(findTestObject("OASIS/Neurological/language_barrier/learning_functional")): Object: 'Object Repository/OASIS/Neurological/language_barrier/learning_functional' is clicked on

2019-04-30 10:31:45 - [MESSAGE][PASSED] - Object: 'Object Repository/OASIS/Neurological/language_barrier/learning_functional' is clicked on

2019-04-30 10:31:45 - [TEST_STEP][PASSED] - delay(1): Delayed 1 second(s)

2019-04-30 10:31:46 - [MESSAGE][PASSED] - Delayed 1 second(s)

2019-04-30 10:31:46 - [TEST_STEP][PASSED] - setText(findTestObject("OASIS/Neurological/language_barrier/learning_functional_tf"), "Motor Ability"): Text 'Motor Ability' is set on object 'Object Repository/OASIS/Neurological/language_barrier/learning_functional_tf'

2019-04-30 10:31:46 - [MESSAGE][PASSED] - Text 'Motor Ability' is set on object 'Object Repository/OASIS/Neurological/language_barrier/learning_functional_tf'

2019-04-30 10:31:46 - [TEST_STEP][PASSED] - delay(1): Delayed 1 second(s)

2019-04-30 10:31:47 - [MESSAGE][PASSED] - Delayed 1 second(s)

2019-04-30 10:31:47 - [TEST_STEP][PASSED] - click(findTestObject("OASIS/Neurological/language_barrier/learning_mental")): Object: 'Object Repository/OASIS/Neurological/language_barrier/learning_mental' is clicked on

2019-04-30 10:31:48 - [MESSAGE][PASSED] - Object: 'Object Repository/OASIS/Neurological/language_barrier/learning_mental' is clicked on

2019-04-30 10:31:48 - [TEST_STEP][PASSED] - delay(1): Delayed 1 second(s)

2019-04-30 10:31:49 - [MESSAGE][PASSED] - Delayed 1 second(s)

2019-04-30 10:31:49 - [TEST_STEP][PASSED] - setText(findTestObject("OASIS/Neurological/language_barrier/learning_mental_tf"), "Speech Disorder"): Text 'Speech Disorder' is set on object 'Object Repository/OASIS/Neurological/language_barrier/learning_mental_tf'

2019-04-30 10:31:49 - [MESSAGE][PASSED] - Text 'Speech Disorder' is set on object 'Object Repository/OASIS/Neurological/language_barrier/learning_mental_tf'

2019-04-30 10:31:49 - [TEST_STEP][PASSED] - delay(1): Delayed 1 second(s)

2019-04-30 10:31:50 - [MESSAGE][PASSED] - Delayed 1 second(s)

2019-04-30 10:31:50 - [TEST_STEP][PASSED] - click(findTestObject("OASIS/Neurological/language_barrier/learning_physical")): Object: 'Object Repository/OASIS/Neurological/language_barrier/learning_physical' is clicked on

2019-04-30 10:31:50 - [MESSAGE][PASSED] - Object: 'Object Repository/OASIS/Neurological/language_barrier/learning_physical' is clicked on

2019-04-30 10:31:50 - [TEST_STEP][PASSED] - delay(1): Delayed 1 second(s)

2019-04-30 10:31:51 - [MESSAGE][PASSED] - Delayed 1 second(s)

2019-04-30 10:31:51 - [TEST_STEP][PASSED] - setText(findTestObject("OASIS/Neurological/language_barrier/learning_physical_tf"), "Needs assistance all the time"): Text 'Needs assistance all the time' is set on object 'Object Repository/OASIS/Neurological/language_barrier/learning_physical_tf'

2019-04-30 10:31:53 - [MESSAGE][PASSED] - Text 'Needs assistance all the time' is set on object 'Object Repository/OASIS/Neurological/language_barrier/learning_physical_tf'

2019-04-30 10:31:53 - [TEST_STEP][PASSED] - delay(1): Delayed 1 second(s)

2019-04-30 10:31:54 - [MESSAGE][PASSED] - Delayed 1 second(s)

2019-04-30 10:31:54 - [TEST_STEP][PASSED] - click(findTestObject("OASIS/Neurological/language_barrier/learning_pyschosocial")): Object: 'Object Repository/OASIS/Neurological/language_barrier/learning_pyschosocial' is clicked on

2019-04-30 10:31:54 - [MESSAGE][PASSED] - Object: 'Object Repository/OASIS/Neurological/language_barrier/learning_pyschosocial' is clicked on

2019-04-30 10:31:54 - [TEST_STEP][PASSED] - delay(1): Delayed 1 second(s)

2019-04-30 10:31:55 - [MESSAGE][PASSED] - Delayed 1 second(s)

2019-04-30 10:31:55 - [TEST_STEP][PASSED] - setText(findTestObject("OASIS/Neurological/language_barrier/learning_psyschosocial_tf"), "Anti-social Behaviour"): Text 'Anti-social Behaviour' is set on object 'Object Repository/OASIS/Neurological/language_barrier/learning_psyschosocial_tf'

2019-04-30 10:31:56 - [MESSAGE][PASSED] - Text 'Anti-social Behaviour' is set on object 'Object Repository/OASIS/Neurological/language_barrier/learning_psyschosocial_tf'

2019-04-30 10:31:56 - [TEST_STEP][PASSED] - delay(1): Delayed 1 second(s)

2019-04-30 10:31:57 - [MESSAGE][PASSED] - Delayed 1 second(s)

2019-04-30 10:31:57 - [TEST_STEP][PASSED] - click(findTestObject("OASIS/Neurological/language_barrier/learning_unable_read")): Object: 'Object Repository/OASIS/Neurological/language_barrier/learning_unable_read' is clicked on

2019-04-30 10:31:57 - [MESSAGE][PASSED] - Object: 'Object Repository/OASIS/Neurological/language_barrier/learning_unable_read' is clicked on

2019-04-30 10:31:57 - [TEST_STEP][PASSED] - delay(1): Delayed 1 second(s)

2019-04-30 10:31:58 - [MESSAGE][PASSED] - Delayed 1 second(s)

2019-04-30 10:31:58 - [TEST_STEP][PASSED] - click(findTestObject("OASIS/Neurological/language_barrier/learning_unable_write")): Object: 'Object Repository/OASIS/Neurological/language_barrier/learning_unable_write' is clicked on

2019-04-30 10:31:58 - [MESSAGE][PASSED] - Object: 'Object Repository/OASIS/Neurological/language_barrier/learning_unable_write' is clicked on

2019-04-30 10:31:58 - [TEST_STEP][PASSED] - delay(1): Delayed 1 second(s)

2019-04-30 10:31:59 - [MESSAGE][PASSED] - Delayed 1 second(s)

2019-04-30 10:31:59 - [TEST_STEP][PASSED] - click(findTestObject("OASIS/Neurological/language_barrier/signs_abuse_yes")): Object: 'Object Repository/OASIS/Neurological/language_barrier/signs_abuse_yes' is clicked on

2019-04-30 10:31:59 - [MESSAGE][PASSED] - Object: 'Object Repository/OASIS/Neurological/language_barrier/signs_abuse_yes' is clicked on

2019-04-30 10:31:59 - [TEST_STEP][PASSED] - delay(1): Delayed 1 second(s)

2019-04-30 10:32:00 - [MESSAGE][PASSED] - Delayed 1 second(s)

2019-04-30 10:32:00 - [TEST_STEP][PASSED] - click(findTestObject("OASIS/Neurological/language_barrier/signs_abuse_actual")): Object: 'Object Repository/OASIS/Neurological/language_barrier/signs_abuse_actual' is clicked on

2019-04-30 10:32:00 - [MESSAGE][PASSED] - Object: 'Object Repository/OASIS/Neurological/language_barrier/signs_abuse_actual' is clicked on

2019-04-30 10:32:00 - [TEST_STEP][PASSED] - delay(1): Delayed 1 second(s)

2019-04-30 10:32:01 - [MESSAGE][PASSED] - Delayed 1 second(s)

2019-04-30 10:32:01 - [TEST_STEP][PASSED] - click(findTestObject("OASIS/Neurological/language_barrier/signs_abuse_physical")): Object: 'Object Repository/OASIS/Neurological/language_barrier/signs_abuse_physical' is clicked on

2019-04-30 10:32:02 - [MESSAGE][PASSED] - Object: 'Object Repository/OASIS/Neurological/language_barrier/signs_abuse_physical' is clicked on

2019-04-30 10:32:02 - [TEST_STEP][PASSED] - delay(1): Delayed 1 second(s)

2019-04-30 10:32:03 - [MESSAGE][PASSED] - Delayed 1 second(s)

2019-04-30 10:32:03 - [TEST_STEP][PASSED] - setText(findTestObject("OASIS/Neurological/language_barrier/signs_abuse_physical_tf"), "Traumatic Experience"): Text 'Traumatic Experience' is set on object 'Object Repository/OASIS/Neurological/language_barrier/signs_abuse_physical_tf'

2019-04-30 10:32:03 - [MESSAGE][PASSED] - Text 'Traumatic Experience' is set on object 'Object Repository/OASIS/Neurological/language_barrier/signs_abuse_physical_tf'

2019-04-30 10:32:03 - [TEST_STEP][PASSED] - delay(1): Delayed 1 second(s)

2019-04-30 10:32:04 - [MESSAGE][PASSED] - Delayed 1 second(s)

2019-04-30 10:32:04 - [TEST_STEP][PASSED] - click(findTestObject("OASIS/Neurological/language_barrier/signs_abuse_verbal")): Object: 'Object Repository/OASIS/Neurological/language_barrier/signs_abuse_verbal' is clicked on

2019-04-30 10:32:05 - [MESSAGE][PASSED] - Object: 'Object Repository/OASIS/Neurological/language_barrier/signs_abuse_verbal' is clicked on

2019-04-30 10:32:05 - [TEST_STEP][PASSED] - delay(1): Delayed 1 second(s)

2019-04-30 10:32:06 - [MESSAGE][PASSED] - Delayed 1 second(s)

2019-04-30 10:32:06 - [TEST_STEP][PASSED] - setText(findTestObject("OASIS/Neurological/language_barrier/signs_abuse_verbal_tf"), "Traumatic Experience"): Text 'Traumatic Experience' is set on object 'Object Repository/OASIS/Neurological/language_barrier/signs_abuse_verbal_tf'

2019-04-30 10:32:06 - [MESSAGE][PASSED] - Text 'Traumatic Experience' is set on object 'Object Repository/OASIS/Neurological/language_barrier/signs_abuse_verbal_tf'

2019-04-30 10:32:06 - [TEST_STEP][PASSED] - delay(1): Delayed 1 second(s)

2019-04-30 10:32:07 - [MESSAGE][PASSED] - Delayed 1 second(s)

2019-04-30 10:32:07 - [TEST_STEP][PASSED] - click(findTestObject("OASIS/Neurological/language_barrier/signs_abuse_referredmsw")): Object: 'Object Repository/OASIS/Neurological/language_barrier/signs_abuse_referredmsw' is clicked on

2019-04-30 10:32:08 - [MESSAGE][PASSED] - Object: 'Object Repository/OASIS/Neurological/language_barrier/signs_abuse_referredmsw' is clicked on

2019-04-30 10:32:08 - [TEST_STEP][PASSED] - delay(1): Delayed 1 second(s)

2019-04-30 10:32:09 - [MESSAGE][PASSED] - Delayed 1 second(s)

2019-04-30 10:32:09 - [TEST_STEP][PASSED] - setText(findTestObject("OASIS/Neurological/language_barrier/signs_abuse_referredmsw_tf"), "Centers for MSW"): Text 'Centers for MSW' is set on object 'Object Repository/OASIS/Neurological/language_barrier/signs_abuse_referredmsw_tf'

2019-04-30 10:32:09 - [MESSAGE][PASSED] - Text 'Centers for MSW' is set on object 'Object Repository/OASIS/Neurological/language_barrier/signs_abuse_referredmsw_tf'

2019-04-30 10:32:09 - [TEST_STEP][PASSED] - delay(1): Delayed 1 second(s)

2019-04-30 10:32:10 - [MESSAGE][PASSED] - Delayed 1 second(s)

2019-04-30 10:32:10 - [TEST_STEP][PASSED] - click(findTestObject("OASIS/Neurological/language_barrier/signs_abuse_referredchildadult")): Object: 'Object Repository/OASIS/Neurological/language_barrier/signs_abuse_referredchildadult' is clicked on

2019-04-30 10:32:11 - [MESSAGE][PASSED] - Object: 'Object Repository/OASIS/Neurological/language_barrier/signs_abuse_referredchildadult' is clicked on

2019-04-30 10:32:11 - [TEST_STEP][PASSED] - delay(1): Delayed 1 second(s)

2019-04-30 10:32:12 - [MESSAGE][PASSED] - Delayed 1 second(s)

2019-04-30 10:32:12 - [TEST_STEP][PASSED] - click(findTestObject("OASIS/Neurological/language_barrier/spiritual_yes")): Object: 'Object Repository/OASIS/Neurological/language_barrier/spiritual_yes' is clicked on

2019-04-30 10:32:12 - [MESSAGE][PASSED] - Object: 'Object Repository/OASIS/Neurological/language_barrier/spiritual_yes' is clicked on

2019-04-30 10:32:12 - [TEST_STEP][PASSED] - delay(1): Delayed 1 second(s)

2019-04-30 10:32:13 - [MESSAGE][PASSED] - Delayed 1 second(s)

2019-04-30 10:32:13 - [TEST_STEP][PASSED] - setText(findTestObject("OASIS/Neurological/language_barrier/spiritual_impact_care"), "Sample Text"): Text 'Sample Text' is set on object 'Object Repository/OASIS/Neurological/language_barrier/spiritual_impact_care'

2019-04-30 10:32:13 - [MESSAGE][PASSED] - Text 'Sample Text' is set on object 'Object Repository/OASIS/Neurological/language_barrier/spiritual_impact_care'

2019-04-30 10:32:13 - [TEST_STEP][PASSED] - delay(1): Delayed 1 second(s)

2019-04-30 10:32:14 - [MESSAGE][PASSED] - Delayed 1 second(s)

2019-04-30 10:32:14 - [TEST_STEP][PASSED] - setText(findTestObject("OASIS/Neurological/language_barrier/spiritual_resource"), "Sample Text"): Text 'Sample Text' is set on object 'Object Repository/OASIS/Neurological/language_barrier/spiritual_resource'

2019-04-30 10:32:15 - [MESSAGE][PASSED] - Text 'Sample Text' is set on object 'Object Repository/OASIS/Neurological/language_barrier/spiritual_resource'

2019-04-30 10:32:15 - [TEST_STEP][PASSED] - delay(1): Delayed 1 second(s)

2019-04-30 10:32:16 - [MESSAGE][PASSED] - Delayed 1 second(s)

2019-04-30 10:32:16 - [TEST_STEP][PASSED] - setText(findTestObject("OASIS/Neurological/language_barrier/spiritual_contact"), "Sample Text"): Text 'Sample Text' is set on object 'Object Repository/OASIS/Neurological/language_barrier/spiritual_contact'

2019-04-30 10:32:16 - [MESSAGE][PASSED] - Text 'Sample Text' is set on object 'Object Repository/OASIS/Neurological/language_barrier/spiritual_contact'

2019-04-30 10:32:16 - [TEST_STEP][PASSED] - delay(1): Delayed 1 second(s)

2019-04-30 10:32:17 - [MESSAGE][PASSED] - Delayed 1 second(s)

2019-04-30 10:32:17 - [TEST_STEP][PASSED] - setText(findTestObject("OASIS/Neurological/language_barrier/spiritual_phone"), "2333242343"): Text '2333242343' is set on object 'Object Repository/OASIS/Neurological/language_barrier/spiritual_phone'

2019-04-30 10:32:18 - [MESSAGE][PASSED] - Text '2333242343' is set on object 'Object Repository/OASIS/Neurological/language_barrier/spiritual_phone'

2019-04-30 10:32:18 - [TEST_STEP][PASSED] - delay(1): Delayed 1 second(s)

2019-04-30 10:32:19 - [MESSAGE][PASSED] - Delayed 1 second(s)

2019-04-30 10:32:19 - [TEST_STEP][PASSED] - click(findTestObject("OASIS/Neurological/M1700_1")): Object: 'Object Repository/OASIS/Neurological/M1700_1' is clicked on

2019-04-30 10:32:19 - [MESSAGE][PASSED] - Object: 'Object Repository/OASIS/Neurological/M1700_1' is clicked on

2019-04-30 10:32:19 - [TEST_STEP][PASSED] - delay(1): Delayed 1 second(s)

2019-04-30 10:32:20 - [MESSAGE][PASSED] - Delayed 1 second(s)

2019-04-30 10:32:20 - [TEST_STEP][PASSED] - click(findTestObject("OASIS/Neurological/M1710_2")): Object: 'Object Repository/OASIS/Neurological/M1710_2' is clicked on

2019-04-30 10:32:20 - [MESSAGE][PASSED] - Object: 'Object Repository/OASIS/Neurological/M1710_2' is clicked on

2019-04-30 10:32:20 - [TEST_STEP][PASSED] - delay(1): Delayed 1 second(s)

2019-04-30 10:32:21 - [MESSAGE][PASSED] - Delayed 1 second(s)

2019-04-30 10:32:21 - [TEST_STEP][PASSED] - click(findTestObject("OASIS/Neurological/M1720_2")): Object: 'Object Repository/OASIS/Neurological/M1720_2' is clicked on

2019-04-30 10:32:21 - [MESSAGE][PASSED] - Object: 'Object Repository/OASIS/Neurological/M1720_2' is clicked on

2019-04-30 10:32:21 - [TEST_STEP][PASSED] - delay(1): Delayed 1 second(s)

2019-04-30 10:32:22 - [MESSAGE][PASSED] - Delayed 1 second(s)

2019-04-30 10:32:22 - [TEST_STEP][PASSED] - click(findTestObject("OASIS/Neurological/M1730_1")): Object: 'Object Repository/OASIS/Neurological/M1730_1' is clicked on

2019-04-30 10:32:23 - [MESSAGE][PASSED] - Object: 'Object Repository/OASIS/Neurological/M1730_1' is clicked on

2019-04-30 10:32:23 - [TEST_STEP][PASSED] - delay(1): Delayed 1 second(s)

2019-04-30 10:32:24 - [MESSAGE][PASSED] - Delayed 1 second(s)

2019-04-30 10:32:24 - [TEST_STEP][PASSED] - click(findTestObject("OASIS/Neurological/M1730_a_0")): Object: 'Object Repository/OASIS/Neurological/M1730_a_0' is clicked on

2019-04-30 10:32:24 - [MESSAGE][PASSED] - Object: 'Object Repository/OASIS/Neurological/M1730_a_0' is clicked on

2019-04-30 10:32:24 - [TEST_STEP][PASSED] - delay(1): Delayed 1 second(s)

2019-04-30 10:32:25 - [MESSAGE][PASSED] - Delayed 1 second(s)

2019-04-30 10:32:25 - [TEST_STEP][PASSED] - click(findTestObject("OASIS/Neurological/M1730_b_1")): Object: 'Object Repository/OASIS/Neurological/M1730_b_1' is clicked on

2019-04-30 10:32:25 - [MESSAGE][PASSED] - Object: 'Object Repository/OASIS/Neurological/M1730_b_1' is clicked on

2019-04-30 10:32:25 - [TEST_STEP][PASSED] - delay(1): Delayed 1 second(s)

2019-04-30 10:32:26 - [MESSAGE][PASSED] - Delayed 1 second(s)

2019-04-30 10:32:26 - [TEST_STEP][PASSED] - click(findTestObject("OASIS/Neurological/M1740_1")): Object: 'Object Repository/OASIS/Neurological/M1740_1' is clicked on

2019-04-30 10:32:26 - [MESSAGE][PASSED] - Object: 'Object Repository/OASIS/Neurological/M1740_1' is clicked on

2019-04-30 10:32:26 - [TEST_STEP][PASSED] - delay(1): Delayed 1 second(s)

2019-04-30 10:32:27 - [MESSAGE][PASSED] - Delayed 1 second(s)

2019-04-30 10:32:27 - [TEST_STEP][NOT_RUN] - click(findTestObject("OASIS/Neurological/M1740_2")): NOT_RUN: click(findTestObject("OASIS/Neurological/M1740_2"))

2019-04-30 10:32:27 - [MESSAGE][NOT_RUN] - NOT_RUN: click(findTestObject("OASIS/Neurological/M1740_2"))

2019-04-30 10:32:27 - [TEST_STEP][PASSED] - delay(1): Delayed 1 second(s)

2019-04-30 10:32:28 - [MESSAGE][PASSED] - Delayed 1 second(s)

2019-04-30 10:32:28 - [TEST_STEP][PASSED] - click(findTestObject("OASIS/Neurological/M1740_3")): Object: 'Object Repository/OASIS/Neurological/M1740_3' is clicked on

2019-04-30 10:32:28 - [MESSAGE][PASSED] - Object: 'Object Repository/OASIS/Neurological/M1740_3' is clicked on

2019-04-30 10:32:28 - [TEST_STEP][PASSED] - delay(1): Delayed 1 second(s)

2019-04-30 10:32:29 - [MESSAGE][PASSED] - Delayed 1 second(s)

2019-04-30 10:32:29 - [TEST_STEP][PASSED] - click(findTestObject("OASIS/Neurological/M1740_4")): Object: 'Object Repository/OASIS/Neurological/M1740_4' is clicked on

2019-04-30 10:32:29 - [MESSAGE][PASSED] - Object: 'Object Repository/OASIS/Neurological/M1740_4' is clicked on

2019-04-30 10:32:29 - [TEST_STEP][PASSED] - delay(1): Delayed 1 second(s)

2019-04-30 10:32:30 - [MESSAGE][PASSED] - Delayed 1 second(s)

2019-04-30 10:32:30 - [TEST_STEP][PASSED] - click(findTestObject("OASIS/Neurological/M1740_5")): Object: 'Object Repository/OASIS/Neurological/M1740_5' is clicked on

2019-04-30 10:32:30 - [MESSAGE][PASSED] - Object: 'Object Repository/OASIS/Neurological/M1740_5' is clicked on

2019-04-30 10:32:30 - [TEST_STEP][PASSED] - delay(1): Delayed 1 second(s)

2019-04-30 10:32:31 - [MESSAGE][PASSED] - Delayed 1 second(s)

2019-04-30 10:32:31 - [TEST_STEP][NOT_RUN] - click(findTestObject("OASIS/Neurological/M1740_6")): NOT_RUN: click(findTestObject("OASIS/Neurological/M1740_6"))

2019-04-30 10:32:31 - [MESSAGE][NOT_RUN] - NOT_RUN: click(findTestObject("OASIS/Neurological/M1740_6"))

2019-04-30 10:32:31 - [TEST_STEP][PASSED] - delay(1): Delayed 1 second(s)

2019-04-30 10:32:32 - [MESSAGE][PASSED] - Delayed 1 second(s)

2019-04-30 10:32:32 - [TEST_STEP][PASSED] - click(findTestObject("OASIS/Neurological/M1740_7")): Object: 'Object Repository/OASIS/Neurological/M1740_7' is clicked on

2019-04-30 10:32:33 - [MESSAGE][PASSED] - Object: 'Object Repository/OASIS/Neurological/M1740_7' is clicked on

2019-04-30 10:32:33 - [TEST_STEP][PASSED] - click(findTestObject("OASIS/Neurological/M1745_4")): Object: 'Object Repository/OASIS/Neurological/M1745_4' is clicked on

2019-04-30 10:32:33 - [MESSAGE][PASSED] - Object: 'Object Repository/OASIS/Neurological/M1745_4' is clicked on

2019-04-30 10:32:33 - [TEST_STEP][PASSED] - delay(5): Delayed 5 second(s)

2019-04-30 10:32:38 - [MESSAGE][PASSED] - Delayed 5 second(s)

2019-04-30 10:32:38 - [TEST_STEP][PASSED] - click(findTestObject("OASIS/OASIS_TABS/discardchangesbtn")): Object: 'Object Repository/OASIS/OASIS_TABS/discardchangesbtn' is clicked on

2019-04-30 10:32:38 - [MESSAGE][PASSED] - Object: 'Object Repository/OASIS/OASIS_TABS/discardchangesbtn' is clicked on

2019-04-30 10:32:38 - [TEST_STEP][PASSED] - click(findTestObject("OASIS/OASIS_TABS/discardchangesmodalbtn")): Object: 'Object Repository/OASIS/OASIS_TABS/discardchangesmodalbtn' is clicked on

2019-04-30 10:32:38 - [MESSAGE][PASSED] - Object: 'Object Repository/OASIS/OASIS_TABS/discardchangesmodalbtn' is clicked on]]></system-out>
         <system-err><![CDATA[]]></system-err>
      </testcase>
      <testcase name="Test Cases/OASIS_SOC/ADLs" classname="Test Cases/OASIS_SOC/ADLs" status="PASSED">
         <system-out><![CDATA[2019-04-30 10:32:38 - [TEST_CASE][PASSED] - Test Cases/OASIS_SOC/ADLs: Test Cases/OASIS_SOC/ADLs

2019-04-30 10:32:38 - [TEST_STEP][PASSED] - click(findTestObject("OASIS/OASIS_TABS/ADL_tab")): Object: 'Object Repository/OASIS/OASIS_TABS/ADL_tab' is clicked on

2019-04-30 10:32:38 - [MESSAGE][PASSED] - Object: 'Object Repository/OASIS/OASIS_TABS/ADL_tab' is clicked on

2019-04-30 10:32:38 - [TEST_STEP][PASSED] - delay(5): Delayed 5 second(s)

2019-04-30 10:32:43 - [MESSAGE][PASSED] - Delayed 5 second(s)

2019-04-30 10:32:43 - [TEST_STEP][PASSED] - click(findTestObject("OASIS/ADLs-IADLs/adls_mucko_status/adls_ms_muscle_strength_strong")): Object: 'Object Repository/OASIS/ADLs-IADLs/adls_mucko_status/adls_ms_muscle_strength_strong' is clicked on

2019-04-30 10:32:44 - [MESSAGE][PASSED] - Object: 'Object Repository/OASIS/ADLs-IADLs/adls_mucko_status/adls_ms_muscle_strength_strong' is clicked on

2019-04-30 10:32:44 - [TEST_STEP][PASSED] - click(findTestObject("OASIS/ADLs-IADLs/adls_mucko_status/adls_ms_rom_limited")): Object: 'Object Repository/OASIS/ADLs-IADLs/adls_mucko_status/adls_ms_rom_limited' is clicked on

2019-04-30 10:32:45 - [MESSAGE][PASSED] - Object: 'Object Repository/OASIS/ADLs-IADLs/adls_mucko_status/adls_ms_rom_limited' is clicked on

2019-04-30 10:32:45 - [TEST_STEP][PASSED] - click(findTestObject("OASIS/ADLs-IADLs/adls_mucko_status/adls_ms_loc_lue")): Object: 'Object Repository/OASIS/ADLs-IADLs/adls_mucko_status/adls_ms_loc_lue' is clicked on

2019-04-30 10:32:45 - [MESSAGE][PASSED] - Object: 'Object Repository/OASIS/ADLs-IADLs/adls_mucko_status/adls_ms_loc_lue' is clicked on

2019-04-30 10:32:45 - [TEST_STEP][PASSED] - click(findTestObject("OASIS/ADLs-IADLs/adls_mucko_status/adls_ms_loc_rue")): Object: 'Object Repository/OASIS/ADLs-IADLs/adls_mucko_status/adls_ms_loc_rue' is clicked on

2019-04-30 10:32:45 - [MESSAGE][PASSED] - Object: 'Object Repository/OASIS/ADLs-IADLs/adls_mucko_status/adls_ms_loc_rue' is clicked on

2019-04-30 10:32:45 - [TEST_STEP][PASSED] - click(findTestObject("OASIS/ADLs-IADLs/adls_mucko_status/adls_ms_loc_lle")): Object: 'Object Repository/OASIS/ADLs-IADLs/adls_mucko_status/adls_ms_loc_lle' is clicked on

2019-04-30 10:32:45 - [MESSAGE][PASSED] - Object: 'Object Repository/OASIS/ADLs-IADLs/adls_mucko_status/adls_ms_loc_lle' is clicked on

2019-04-30 10:32:45 - [TEST_STEP][PASSED] - click(findTestObject("OASIS/ADLs-IADLs/adls_mucko_status/adls_ms_loc_rle")): Object: 'Object Repository/OASIS/ADLs-IADLs/adls_mucko_status/adls_ms_loc_rle' is clicked on

2019-04-30 10:32:45 - [MESSAGE][PASSED] - Object: 'Object Repository/OASIS/ADLs-IADLs/adls_mucko_status/adls_ms_loc_rle' is clicked on

2019-04-30 10:32:45 - [TEST_STEP][PASSED] - click(findTestObject("OASIS/ADLs-IADLs/adls_mucko_status/adls_ms_bedmob_independent")): Object: 'Object Repository/OASIS/ADLs-IADLs/adls_mucko_status/adls_ms_bedmob_independent' is clicked on

2019-04-30 10:32:45 - [MESSAGE][PASSED] - Object: 'Object Repository/OASIS/ADLs-IADLs/adls_mucko_status/adls_ms_bedmob_independent' is clicked on

2019-04-30 10:32:45 - [TEST_STEP][PASSED] - click(findTestObject("OASIS/ADLs-IADLs/adls_mucko_status/adls_ms_transferab_moderate")): Object: 'Object Repository/OASIS/ADLs-IADLs/adls_mucko_status/adls_ms_transferab_moderate' is clicked on

2019-04-30 10:32:46 - [MESSAGE][PASSED] - Object: 'Object Repository/OASIS/ADLs-IADLs/adls_mucko_status/adls_ms_transferab_moderate' is clicked on

2019-04-30 10:32:46 - [TEST_STEP][PASSED] - click(findTestObject("OASIS/ADLs-IADLs/adls_mucko_status/adls_ms_gait_steady")): Object: 'Object Repository/OASIS/ADLs-IADLs/adls_mucko_status/adls_ms_gait_steady' is clicked on

2019-04-30 10:32:46 - [MESSAGE][PASSED] - Object: 'Object Repository/OASIS/ADLs-IADLs/adls_mucko_status/adls_ms_gait_steady' is clicked on

2019-04-30 10:32:46 - [TEST_STEP][PASSED] - click(findTestObject("OASIS/ADLs-IADLs/adls_mucko_status/adls_ms_balance_fair")): Object: 'Object Repository/OASIS/ADLs-IADLs/adls_mucko_status/adls_ms_balance_fair' is clicked on

2019-04-30 10:32:46 - [MESSAGE][PASSED] - Object: 'Object Repository/OASIS/ADLs-IADLs/adls_mucko_status/adls_ms_balance_fair' is clicked on

2019-04-30 10:32:46 - [TEST_STEP][PASSED] - click(findTestObject("OASIS/ADLs-IADLs/adls_mucko_status/adls_ms_riskfalls_high")): Object: 'Object Repository/OASIS/ADLs-IADLs/adls_mucko_status/adls_ms_riskfalls_high' is clicked on

2019-04-30 10:32:46 - [MESSAGE][PASSED] - Object: 'Object Repository/OASIS/ADLs-IADLs/adls_mucko_status/adls_ms_riskfalls_high' is clicked on

2019-04-30 10:32:46 - [TEST_STEP][PASSED] - click(findTestObject("OASIS/ADLs-IADLs/adls_mucko_status/adls_ms_amputation_bk")): Object: 'Object Repository/OASIS/ADLs-IADLs/adls_mucko_status/adls_ms_amputation_bk' is clicked on

2019-04-30 10:32:46 - [MESSAGE][PASSED] - Object: 'Object Repository/OASIS/ADLs-IADLs/adls_mucko_status/adls_ms_amputation_bk' is clicked on

2019-04-30 10:32:46 - [TEST_STEP][PASSED] - click(findTestObject("OASIS/ADLs-IADLs/adls_mucko_status/adls_ms_amputation_ak")): Object: 'Object Repository/OASIS/ADLs-IADLs/adls_mucko_status/adls_ms_amputation_ak' is clicked on

2019-04-30 10:32:46 - [MESSAGE][PASSED] - Object: 'Object Repository/OASIS/ADLs-IADLs/adls_mucko_status/adls_ms_amputation_ak' is clicked on

2019-04-30 10:32:46 - [TEST_STEP][PASSED] - click(findTestObject("OASIS/ADLs-IADLs/adls_mucko_status/adls_ms_amputation_ue")): Object: 'Object Repository/OASIS/ADLs-IADLs/adls_mucko_status/adls_ms_amputation_ue' is clicked on

2019-04-30 10:32:46 - [MESSAGE][PASSED] - Object: 'Object Repository/OASIS/ADLs-IADLs/adls_mucko_status/adls_ms_amputation_ue' is clicked on

2019-04-30 10:32:46 - [TEST_STEP][PASSED] - setText(findTestObject("OASIS/ADLs-IADLs/adls_mucko_status/adls_ms_amputation_tf"), "Sample Text"): Text 'Sample Text' is set on object 'Object Repository/OASIS/ADLs-IADLs/adls_mucko_status/adls_ms_amputation_tf'

2019-04-30 10:32:47 - [MESSAGE][PASSED] - Text 'Sample Text' is set on object 'Object Repository/OASIS/ADLs-IADLs/adls_mucko_status/adls_ms_amputation_tf'

2019-04-30 10:32:47 - [TEST_STEP][PASSED] - click(findTestObject("OASIS/ADLs-IADLs/adls_mucko_status/adls_ms_amputation_l")): Object: 'Object Repository/OASIS/ADLs-IADLs/adls_mucko_status/adls_ms_amputation_l' is clicked on

2019-04-30 10:32:47 - [MESSAGE][PASSED] - Object: 'Object Repository/OASIS/ADLs-IADLs/adls_mucko_status/adls_ms_amputation_l' is clicked on

2019-04-30 10:32:47 - [TEST_STEP][PASSED] - click(findTestObject("OASIS/ADLs-IADLs/adls_mucko_status/adls_ms_amputation_r")): Object: 'Object Repository/OASIS/ADLs-IADLs/adls_mucko_status/adls_ms_amputation_r' is clicked on

2019-04-30 10:32:47 - [MESSAGE][PASSED] - Object: 'Object Repository/OASIS/ADLs-IADLs/adls_mucko_status/adls_ms_amputation_r' is clicked on

2019-04-30 10:32:47 - [TEST_STEP][PASSED] - click(findTestObject("OASIS/ADLs-IADLs/adls_mucko_status/adls_ms_fracture_new")): Object: 'Object Repository/OASIS/ADLs-IADLs/adls_mucko_status/adls_ms_fracture_new' is clicked on

2019-04-30 10:32:48 - [MESSAGE][PASSED] - Object: 'Object Repository/OASIS/ADLs-IADLs/adls_mucko_status/adls_ms_fracture_new' is clicked on

2019-04-30 10:32:48 - [TEST_STEP][PASSED] - setText(findTestObject("OASIS/ADLs-IADLs/adls_mucko_status/adls_ms_fracture_location"), "Sample Text"): Text 'Sample Text' is set on object 'Object Repository/OASIS/ADLs-IADLs/adls_mucko_status/adls_ms_fracture_location'

2019-04-30 10:32:48 - [MESSAGE][PASSED] - Text 'Sample Text' is set on object 'Object Repository/OASIS/ADLs-IADLs/adls_mucko_status/adls_ms_fracture_location'

2019-04-30 10:32:48 - [TEST_STEP][PASSED] - click(findTestObject("OASIS/ADLs-IADLs/adls_mucko_status/if_case_present/adls_cast_present_character_swelling")): Object: 'Object Repository/OASIS/ADLs-IADLs/adls_mucko_status/if_case_present/adls_cast_present_character_swelling' is clicked on

2019-04-30 10:32:48 - [MESSAGE][PASSED] - Object: 'Object Repository/OASIS/ADLs-IADLs/adls_mucko_status/if_case_present/adls_cast_present_character_swelling' is clicked on

2019-04-30 10:32:48 - [TEST_STEP][PASSED] - setText(findTestObject("OASIS/ADLs-IADLs/adls_mucko_status/if_case_present/adls_cast_present_character_swelling_tf"), "Sample Text"): Text 'Sample Text' is set on object 'Object Repository/OASIS/ADLs-IADLs/adls_mucko_status/if_case_present/adls_cast_present_character_swelling_tf'

2019-04-30 10:32:49 - [MESSAGE][PASSED] - Text 'Sample Text' is set on object 'Object Repository/OASIS/ADLs-IADLs/adls_mucko_status/if_case_present/adls_cast_present_character_swelling_tf'

2019-04-30 10:32:49 - [TEST_STEP][PASSED] - click(findTestObject("OASIS/ADLs-IADLs/adls_mucko_status/if_case_present/adls_cast_present_character_pallor")): Object: 'Object Repository/OASIS/ADLs-IADLs/adls_mucko_status/if_case_present/adls_cast_present_character_pallor' is clicked on

2019-04-30 10:32:49 - [MESSAGE][PASSED] - Object: 'Object Repository/OASIS/ADLs-IADLs/adls_mucko_status/if_case_present/adls_cast_present_character_pallor' is clicked on

2019-04-30 10:32:49 - [TEST_STEP][PASSED] - setText(findTestObject("OASIS/ADLs-IADLs/adls_mucko_status/if_case_present/adls_cast_present_character_pallor_tf"), "Sample Text"): Text 'Sample Text' is set on object 'Object Repository/OASIS/ADLs-IADLs/adls_mucko_status/if_case_present/adls_cast_present_character_pallor_tf'

2019-04-30 10:32:50 - [MESSAGE][PASSED] - Text 'Sample Text' is set on object 'Object Repository/OASIS/ADLs-IADLs/adls_mucko_status/if_case_present/adls_cast_present_character_pallor_tf'

2019-04-30 10:32:50 - [TEST_STEP][PASSED] - click(findTestObject("OASIS/ADLs-IADLs/adls_mucko_status/if_case_present/adls_cast_present_character_pain")): Object: 'Object Repository/OASIS/ADLs-IADLs/adls_mucko_status/if_case_present/adls_cast_present_character_pain' is clicked on

2019-04-30 10:32:50 - [MESSAGE][PASSED] - Object: 'Object Repository/OASIS/ADLs-IADLs/adls_mucko_status/if_case_present/adls_cast_present_character_pain' is clicked on

2019-04-30 10:32:50 - [TEST_STEP][PASSED] - setText(findTestObject("OASIS/ADLs-IADLs/adls_mucko_status/if_case_present/adls_cast_present_character_pain_tf"), "Sample Text"): Text 'Sample Text' is set on object 'Object Repository/OASIS/ADLs-IADLs/adls_mucko_status/if_case_present/adls_cast_present_character_pain_tf'

2019-04-30 10:32:50 - [MESSAGE][PASSED] - Text 'Sample Text' is set on object 'Object Repository/OASIS/ADLs-IADLs/adls_mucko_status/if_case_present/adls_cast_present_character_pain_tf'

2019-04-30 10:32:50 - [TEST_STEP][PASSED] - click(findTestObject("OASIS/ADLs-IADLs/adls_mucko_status/if_case_present/adls_cast_present_skintemp_warm")): Object: 'Object Repository/OASIS/ADLs-IADLs/adls_mucko_status/if_case_present/adls_cast_present_skintemp_warm' is clicked on

2019-04-30 10:32:50 - [MESSAGE][PASSED] - Object: 'Object Repository/OASIS/ADLs-IADLs/adls_mucko_status/if_case_present/adls_cast_present_skintemp_warm' is clicked on

2019-04-30 10:32:50 - [TEST_STEP][PASSED] - click(findTestObject("OASIS/ADLs-IADLs/adls_mucko_status/if_case_present/adls_cast_present_mobility_abletomove")): Object: 'Object Repository/OASIS/ADLs-IADLs/adls_mucko_status/if_case_present/adls_cast_present_mobility_abletomove' is clicked on

2019-04-30 10:32:51 - [MESSAGE][PASSED] - Object: 'Object Repository/OASIS/ADLs-IADLs/adls_mucko_status/if_case_present/adls_cast_present_mobility_abletomove' is clicked on

2019-04-30 10:32:51 - [TEST_STEP][PASSED] - setText(findTestObject("OASIS/ADLs-IADLs/adls_mucko_status/if_case_present/adls_cast_present_mobility_abletomove_tf"), "Sample Text"): Text 'Sample Text' is set on object 'Object Repository/OASIS/ADLs-IADLs/adls_mucko_status/if_case_present/adls_cast_present_mobility_abletomove_tf'

2019-04-30 10:32:51 - [MESSAGE][PASSED] - Text 'Sample Text' is set on object 'Object Repository/OASIS/ADLs-IADLs/adls_mucko_status/if_case_present/adls_cast_present_mobility_abletomove_tf'

2019-04-30 10:32:51 - [TEST_STEP][PASSED] - click(findTestObject("OASIS/ADLs-IADLs/adls_mucko_status/if_case_present/adls_cast_present_capillary_more3sec")): Object: 'Object Repository/OASIS/ADLs-IADLs/adls_mucko_status/if_case_present/adls_cast_present_capillary_more3sec' is clicked on

2019-04-30 10:32:51 - [MESSAGE][PASSED] - Object: 'Object Repository/OASIS/ADLs-IADLs/adls_mucko_status/if_case_present/adls_cast_present_capillary_more3sec' is clicked on

2019-04-30 10:32:51 - [TEST_STEP][PASSED] - delay(1): Delayed 1 second(s)

2019-04-30 10:32:52 - [MESSAGE][PASSED] - Delayed 1 second(s)

2019-04-30 10:32:52 - [TEST_STEP][PASSED] - click(findTestObject("OASIS/ADLs-IADLs/adls_functional_limitations/adls_functional_ambulation")): Object: 'Object Repository/OASIS/ADLs-IADLs/adls_functional_limitations/adls_functional_ambulation' is clicked on

2019-04-30 10:32:53 - [MESSAGE][PASSED] - Object: 'Object Repository/OASIS/ADLs-IADLs/adls_functional_limitations/adls_functional_ambulation' is clicked on

2019-04-30 10:32:53 - [TEST_STEP][PASSED] - click(findTestObject("OASIS/ADLs-IADLs/adls_functional_limitations/adls_functional_endurance")): Object: 'Object Repository/OASIS/ADLs-IADLs/adls_functional_limitations/adls_functional_endurance' is clicked on

2019-04-30 10:32:53 - [MESSAGE][PASSED] - Object: 'Object Repository/OASIS/ADLs-IADLs/adls_functional_limitations/adls_functional_endurance' is clicked on

2019-04-30 10:32:53 - [TEST_STEP][PASSED] - click(findTestObject("OASIS/ADLs-IADLs/adls_functional_limitations/adls_functional_contracture")): Object: 'Object Repository/OASIS/ADLs-IADLs/adls_functional_limitations/adls_functional_contracture' is clicked on

2019-04-30 10:32:53 - [MESSAGE][PASSED] - Object: 'Object Repository/OASIS/ADLs-IADLs/adls_functional_limitations/adls_functional_contracture' is clicked on

2019-04-30 10:32:53 - [TEST_STEP][PASSED] - click(findTestObject("OASIS/ADLs-IADLs/adls_functional_limitations/adls_functional_paralysis")): Object: 'Object Repository/OASIS/ADLs-IADLs/adls_functional_limitations/adls_functional_paralysis' is clicked on

2019-04-30 10:32:53 - [MESSAGE][PASSED] - Object: 'Object Repository/OASIS/ADLs-IADLs/adls_functional_limitations/adls_functional_paralysis' is clicked on

2019-04-30 10:32:53 - [TEST_STEP][PASSED] - click(findTestObject("OASIS/ADLs-IADLs/adls_functional_limitations/adls_functional_amputation")): Object: 'Object Repository/OASIS/ADLs-IADLs/adls_functional_limitations/adls_functional_amputation' is clicked on

2019-04-30 10:32:53 - [MESSAGE][PASSED] - Object: 'Object Repository/OASIS/ADLs-IADLs/adls_functional_limitations/adls_functional_amputation' is clicked on

2019-04-30 10:32:53 - [TEST_STEP][PASSED] - click(findTestObject("OASIS/ADLs-IADLs/adls_functional_limitations/adls_functional_legally_blind")): Object: 'Object Repository/OASIS/ADLs-IADLs/adls_functional_limitations/adls_functional_legally_blind' is clicked on

2019-04-30 10:32:53 - [MESSAGE][PASSED] - Object: 'Object Repository/OASIS/ADLs-IADLs/adls_functional_limitations/adls_functional_legally_blind' is clicked on

2019-04-30 10:32:53 - [TEST_STEP][PASSED] - click(findTestObject("OASIS/ADLs-IADLs/adls_functional_limitations/adls_functional_hearing")): Object: 'Object Repository/OASIS/ADLs-IADLs/adls_functional_limitations/adls_functional_hearing' is clicked on

2019-04-30 10:32:54 - [MESSAGE][PASSED] - Object: 'Object Repository/OASIS/ADLs-IADLs/adls_functional_limitations/adls_functional_hearing' is clicked on

2019-04-30 10:32:54 - [TEST_STEP][PASSED] - click(findTestObject("OASIS/ADLs-IADLs/adls_functional_limitations/adls_functional_speech")): Object: 'Object Repository/OASIS/ADLs-IADLs/adls_functional_limitations/adls_functional_speech' is clicked on

2019-04-30 10:32:54 - [MESSAGE][PASSED] - Object: 'Object Repository/OASIS/ADLs-IADLs/adls_functional_limitations/adls_functional_speech' is clicked on

2019-04-30 10:32:54 - [TEST_STEP][PASSED] - click(findTestObject("OASIS/ADLs-IADLs/adls_functional_limitations/adls_functional_dyspnea")): Object: 'Object Repository/OASIS/ADLs-IADLs/adls_functional_limitations/adls_functional_dyspnea' is clicked on

2019-04-30 10:32:54 - [MESSAGE][PASSED] - Object: 'Object Repository/OASIS/ADLs-IADLs/adls_functional_limitations/adls_functional_dyspnea' is clicked on

2019-04-30 10:32:54 - [TEST_STEP][PASSED] - click(findTestObject("OASIS/ADLs-IADLs/adls_functional_limitations/adls_functional_bowel")): Object: 'Object Repository/OASIS/ADLs-IADLs/adls_functional_limitations/adls_functional_bowel' is clicked on

2019-04-30 10:32:54 - [MESSAGE][PASSED] - Object: 'Object Repository/OASIS/ADLs-IADLs/adls_functional_limitations/adls_functional_bowel' is clicked on

2019-04-30 10:32:54 - [TEST_STEP][PASSED] - setText(findTestObject("OASIS/ADLs-IADLs/adls_functional_limitations/adls_functional_other"), "Motor ability"): Text 'Motor ability' is set on object 'Object Repository/OASIS/ADLs-IADLs/adls_functional_limitations/adls_functional_other'

2019-04-30 10:32:55 - [MESSAGE][PASSED] - Text 'Motor ability' is set on object 'Object Repository/OASIS/ADLs-IADLs/adls_functional_limitations/adls_functional_other'

2019-04-30 10:32:55 - [TEST_STEP][PASSED] - delay(1): Delayed 1 second(s)

2019-04-30 10:32:56 - [MESSAGE][PASSED] - Delayed 1 second(s)

2019-04-30 10:32:56 - [TEST_STEP][PASSED] - click(findTestObject("OASIS/ADLs-IADLs/adls_activities_permitted/adls_act_permitted_independentathome")): Object: 'Object Repository/OASIS/ADLs-IADLs/adls_activities_permitted/adls_act_permitted_independentathome' is clicked on

2019-04-30 10:32:56 - [MESSAGE][PASSED] - Object: 'Object Repository/OASIS/ADLs-IADLs/adls_activities_permitted/adls_act_permitted_independentathome' is clicked on

2019-04-30 10:32:56 - [TEST_STEP][PASSED] - click(findTestObject("OASIS/ADLs-IADLs/adls_activities_permitted/adls_act_permitted_upastolerated")): Object: 'Object Repository/OASIS/ADLs-IADLs/adls_activities_permitted/adls_act_permitted_upastolerated' is clicked on

2019-04-30 10:32:56 - [MESSAGE][PASSED] - Object: 'Object Repository/OASIS/ADLs-IADLs/adls_activities_permitted/adls_act_permitted_upastolerated' is clicked on

2019-04-30 10:32:56 - [TEST_STEP][PASSED] - click(findTestObject("OASIS/ADLs-IADLs/adls_activities_permitted/adls_act_permitted_bedrest")): Object: 'Object Repository/OASIS/ADLs-IADLs/adls_activities_permitted/adls_act_permitted_bedrest' is clicked on

2019-04-30 10:32:56 - [MESSAGE][PASSED] - Object: 'Object Repository/OASIS/ADLs-IADLs/adls_activities_permitted/adls_act_permitted_bedrest' is clicked on

2019-04-30 10:32:56 - [TEST_STEP][PASSED] - click(findTestObject("OASIS/ADLs-IADLs/adls_activities_permitted/adls_act_permitted_complete_bedrest")): Object: 'Object Repository/OASIS/ADLs-IADLs/adls_activities_permitted/adls_act_permitted_complete_bedrest' is clicked on

2019-04-30 10:32:57 - [MESSAGE][PASSED] - Object: 'Object Repository/OASIS/ADLs-IADLs/adls_activities_permitted/adls_act_permitted_complete_bedrest' is clicked on

2019-04-30 10:32:57 - [TEST_STEP][PASSED] - click(findTestObject("OASIS/ADLs-IADLs/adls_activities_permitted/adls_act_permitted_transferbed")): Object: 'Object Repository/OASIS/ADLs-IADLs/adls_activities_permitted/adls_act_permitted_transferbed' is clicked on

2019-04-30 10:32:57 - [MESSAGE][PASSED] - Object: 'Object Repository/OASIS/ADLs-IADLs/adls_activities_permitted/adls_act_permitted_transferbed' is clicked on

2019-04-30 10:32:57 - [TEST_STEP][PASSED] - click(findTestObject("OASIS/ADLs-IADLs/adls_activities_permitted/adls_act_permitted_partialweight")): Object: 'Object Repository/OASIS/ADLs-IADLs/adls_activities_permitted/adls_act_permitted_partialweight' is clicked on

2019-04-30 10:32:57 - [MESSAGE][PASSED] - Object: 'Object Repository/OASIS/ADLs-IADLs/adls_activities_permitted/adls_act_permitted_partialweight' is clicked on

2019-04-30 10:32:57 - [TEST_STEP][PASSED] - click(findTestObject("OASIS/ADLs-IADLs/adls_activities_permitted/adls_act_permitted_walker")): Object: 'Object Repository/OASIS/ADLs-IADLs/adls_activities_permitted/adls_act_permitted_walker' is clicked on

2019-04-30 10:32:57 - [MESSAGE][PASSED] - Object: 'Object Repository/OASIS/ADLs-IADLs/adls_activities_permitted/adls_act_permitted_walker' is clicked on

2019-04-30 10:32:57 - [TEST_STEP][PASSED] - click(findTestObject("OASIS/ADLs-IADLs/adls_activities_permitted/adls_act_permitted_wheelchair")): Object: 'Object Repository/OASIS/ADLs-IADLs/adls_activities_permitted/adls_act_permitted_wheelchair' is clicked on

2019-04-30 10:32:57 - [MESSAGE][PASSED] - Object: 'Object Repository/OASIS/ADLs-IADLs/adls_activities_permitted/adls_act_permitted_wheelchair' is clicked on

2019-04-30 10:32:57 - [TEST_STEP][PASSED] - click(findTestObject("OASIS/ADLs-IADLs/adls_activities_permitted/adls_act_permitted_cane")): Object: 'Object Repository/OASIS/ADLs-IADLs/adls_activities_permitted/adls_act_permitted_cane' is clicked on

2019-04-30 10:32:58 - [MESSAGE][PASSED] - Object: 'Object Repository/OASIS/ADLs-IADLs/adls_activities_permitted/adls_act_permitted_cane' is clicked on

2019-04-30 10:32:58 - [TEST_STEP][PASSED] - click(findTestObject("OASIS/ADLs-IADLs/adls_activities_permitted/adls_act_permitted_crutches")): Object: 'Object Repository/OASIS/ADLs-IADLs/adls_activities_permitted/adls_act_permitted_crutches' is clicked on

2019-04-30 10:32:58 - [MESSAGE][PASSED] - Object: 'Object Repository/OASIS/ADLs-IADLs/adls_activities_permitted/adls_act_permitted_crutches' is clicked on

2019-04-30 10:32:58 - [TEST_STEP][PASSED] - click(findTestObject("OASIS/ADLs-IADLs/adls_activities_permitted/adls_act_permitted_norestrictions")): Object: 'Object Repository/OASIS/ADLs-IADLs/adls_activities_permitted/adls_act_permitted_norestrictions' is clicked on

2019-04-30 10:32:58 - [MESSAGE][PASSED] - Object: 'Object Repository/OASIS/ADLs-IADLs/adls_activities_permitted/adls_act_permitted_norestrictions' is clicked on

2019-04-30 10:32:58 - [TEST_STEP][PASSED] - click(findTestObject("OASIS/ADLs-IADLs/adls_activities_permitted/adls_act_permitted_excercises")): Object: 'Object Repository/OASIS/ADLs-IADLs/adls_activities_permitted/adls_act_permitted_excercises' is clicked on

2019-04-30 10:32:58 - [MESSAGE][PASSED] - Object: 'Object Repository/OASIS/ADLs-IADLs/adls_activities_permitted/adls_act_permitted_excercises' is clicked on

2019-04-30 10:32:58 - [TEST_STEP][PASSED] - setText(findTestObject("OASIS/ADLs-IADLs/adls_activities_permitted/adls_act_permitted_other"), "Walking"): Text 'Walking' is set on object 'Object Repository/OASIS/ADLs-IADLs/adls_activities_permitted/adls_act_permitted_other'

2019-04-30 10:32:58 - [MESSAGE][PASSED] - Text 'Walking' is set on object 'Object Repository/OASIS/ADLs-IADLs/adls_activities_permitted/adls_act_permitted_other'

2019-04-30 10:32:58 - [TEST_STEP][PASSED] - delay(1): Delayed 1 second(s)

2019-04-30 10:32:59 - [MESSAGE][PASSED] - Delayed 1 second(s)

2019-04-30 10:32:59 - [TEST_STEP][PASSED] - click(findTestObject("OASIS/ADLs-IADLs/M1800_1")): Object: 'Object Repository/OASIS/ADLs-IADLs/M1800_1' is clicked on

2019-04-30 10:33:00 - [MESSAGE][PASSED] - Object: 'Object Repository/OASIS/ADLs-IADLs/M1800_1' is clicked on

2019-04-30 10:33:00 - [TEST_STEP][PASSED] - delay(1): Delayed 1 second(s)

2019-04-30 10:33:01 - [MESSAGE][PASSED] - Delayed 1 second(s)

2019-04-30 10:33:01 - [TEST_STEP][PASSED] - click(findTestObject("OASIS/ADLs-IADLs/M1810_0")): Object: 'Object Repository/OASIS/ADLs-IADLs/M1810_0' is clicked on

2019-04-30 10:33:01 - [MESSAGE][PASSED] - Object: 'Object Repository/OASIS/ADLs-IADLs/M1810_0' is clicked on

2019-04-30 10:33:01 - [TEST_STEP][PASSED] - delay(1): Delayed 1 second(s)

2019-04-30 10:33:02 - [MESSAGE][PASSED] - Delayed 1 second(s)

2019-04-30 10:33:02 - [TEST_STEP][PASSED] - click(findTestObject("OASIS/ADLs-IADLs/M1820_1")): Object: 'Object Repository/OASIS/ADLs-IADLs/M1820_1' is clicked on

2019-04-30 10:33:02 - [MESSAGE][PASSED] - Object: 'Object Repository/OASIS/ADLs-IADLs/M1820_1' is clicked on

2019-04-30 10:33:02 - [TEST_STEP][PASSED] - delay(1): Delayed 1 second(s)

2019-04-30 10:33:03 - [MESSAGE][PASSED] - Delayed 1 second(s)

2019-04-30 10:33:03 - [TEST_STEP][PASSED] - click(findTestObject("OASIS/ADLs-IADLs/M1830_1")): Object: 'Object Repository/OASIS/ADLs-IADLs/M1830_1' is clicked on

2019-04-30 10:33:03 - [MESSAGE][PASSED] - Object: 'Object Repository/OASIS/ADLs-IADLs/M1830_1' is clicked on

2019-04-30 10:33:03 - [TEST_STEP][PASSED] - delay(1): Delayed 1 second(s)

2019-04-30 10:33:04 - [MESSAGE][PASSED] - Delayed 1 second(s)

2019-04-30 10:33:04 - [TEST_STEP][PASSED] - click(findTestObject("OASIS/ADLs-IADLs/M1840_0")): Object: 'Object Repository/OASIS/ADLs-IADLs/M1840_0' is clicked on

2019-04-30 10:33:04 - [MESSAGE][PASSED] - Object: 'Object Repository/OASIS/ADLs-IADLs/M1840_0' is clicked on

2019-04-30 10:33:04 - [TEST_STEP][PASSED] - delay(1): Delayed 1 second(s)

2019-04-30 10:33:05 - [MESSAGE][PASSED] - Delayed 1 second(s)

2019-04-30 10:33:05 - [TEST_STEP][PASSED] - click(findTestObject("OASIS/ADLs-IADLs/M1845_1")): Object: 'Object Repository/OASIS/ADLs-IADLs/M1845_1' is clicked on

2019-04-30 10:33:05 - [MESSAGE][PASSED] - Object: 'Object Repository/OASIS/ADLs-IADLs/M1845_1' is clicked on

2019-04-30 10:33:05 - [TEST_STEP][PASSED] - delay(1): Delayed 1 second(s)

2019-04-30 10:33:06 - [MESSAGE][PASSED] - Delayed 1 second(s)

2019-04-30 10:33:06 - [TEST_STEP][PASSED] - click(findTestObject("OASIS/ADLs-IADLs/M1850_0")): Object: 'Object Repository/OASIS/ADLs-IADLs/M1850_0' is clicked on

2019-04-30 10:33:07 - [MESSAGE][PASSED] - Object: 'Object Repository/OASIS/ADLs-IADLs/M1850_0' is clicked on

2019-04-30 10:33:07 - [TEST_STEP][PASSED] - delay(1): Delayed 1 second(s)

2019-04-30 10:33:08 - [MESSAGE][PASSED] - Delayed 1 second(s)

2019-04-30 10:33:08 - [TEST_STEP][PASSED] - click(findTestObject("OASIS/ADLs-IADLs/M1860_0")): Object: 'Object Repository/OASIS/ADLs-IADLs/M1860_0' is clicked on

2019-04-30 10:33:08 - [MESSAGE][PASSED] - Object: 'Object Repository/OASIS/ADLs-IADLs/M1860_0' is clicked on

2019-04-30 10:33:08 - [TEST_STEP][PASSED] - delay(1): Delayed 1 second(s)

2019-04-30 10:33:09 - [MESSAGE][PASSED] - Delayed 1 second(s)

2019-04-30 10:33:09 - [TEST_STEP][PASSED] - click(findTestObject("OASIS/ADLs-IADLs/M1870_0")): Object: 'Object Repository/OASIS/ADLs-IADLs/M1870_0' is clicked on

2019-04-30 10:33:09 - [MESSAGE][PASSED] - Object: 'Object Repository/OASIS/ADLs-IADLs/M1870_0' is clicked on

2019-04-30 10:33:09 - [TEST_STEP][PASSED] - delay(1): Delayed 1 second(s)

2019-04-30 10:33:10 - [MESSAGE][PASSED] - Delayed 1 second(s)

2019-04-30 10:33:10 - [TEST_STEP][PASSED] - click(findTestObject("OASIS/ADLs-IADLs/M1910_1")): Object: 'Object Repository/OASIS/ADLs-IADLs/M1910_1' is clicked on

2019-04-30 10:33:10 - [MESSAGE][PASSED] - Object: 'Object Repository/OASIS/ADLs-IADLs/M1910_1' is clicked on

2019-04-30 10:33:10 - [TEST_STEP][PASSED] - delay(2): Delayed 2 second(s)

2019-04-30 10:33:12 - [MESSAGE][PASSED] - Delayed 2 second(s)

2019-04-30 10:33:12 - [TEST_STEP][PASSED] - click(findTestObject("OASIS/ADLs-IADLs/adls_mahc_10/adls_mach10_age65")): Object: 'Object Repository/OASIS/ADLs-IADLs/adls_mahc_10/adls_mach10_age65' is clicked on

2019-04-30 10:33:12 - [MESSAGE][PASSED] - Object: 'Object Repository/OASIS/ADLs-IADLs/adls_mahc_10/adls_mach10_age65' is clicked on

2019-04-30 10:33:12 - [TEST_STEP][PASSED] - click(findTestObject("OASIS/ADLs-IADLs/adls_mahc_10/adls_mach10_diagnosis")): Object: 'Object Repository/OASIS/ADLs-IADLs/adls_mahc_10/adls_mach10_diagnosis' is clicked on

2019-04-30 10:33:12 - [MESSAGE][PASSED] - Object: 'Object Repository/OASIS/ADLs-IADLs/adls_mahc_10/adls_mach10_diagnosis' is clicked on

2019-04-30 10:33:12 - [TEST_STEP][PASSED] - click(findTestObject("OASIS/ADLs-IADLs/adls_mahc_10/adls_mach10_priorhistoryoffall")): Object: 'Object Repository/OASIS/ADLs-IADLs/adls_mahc_10/adls_mach10_priorhistoryoffall' is clicked on

2019-04-30 10:33:13 - [MESSAGE][PASSED] - Object: 'Object Repository/OASIS/ADLs-IADLs/adls_mahc_10/adls_mach10_priorhistoryoffall' is clicked on

2019-04-30 10:33:13 - [TEST_STEP][PASSED] - click(findTestObject("OASIS/ADLs-IADLs/adls_mahc_10/adls_mach10_incontinence")): Object: 'Object Repository/OASIS/ADLs-IADLs/adls_mahc_10/adls_mach10_incontinence' is clicked on

2019-04-30 10:33:13 - [MESSAGE][PASSED] - Object: 'Object Repository/OASIS/ADLs-IADLs/adls_mahc_10/adls_mach10_incontinence' is clicked on

2019-04-30 10:33:13 - [TEST_STEP][PASSED] - click(findTestObject("OASIS/ADLs-IADLs/adls_mahc_10/adls_mach10_visualimpairment")): Object: 'Object Repository/OASIS/ADLs-IADLs/adls_mahc_10/adls_mach10_visualimpairment' is clicked on

2019-04-30 10:33:13 - [MESSAGE][PASSED] - Object: 'Object Repository/OASIS/ADLs-IADLs/adls_mahc_10/adls_mach10_visualimpairment' is clicked on

2019-04-30 10:33:13 - [TEST_STEP][PASSED] - click(findTestObject("OASIS/ADLs-IADLs/adls_mahc_10/adls_mach10_impairedfunctional")): Object: 'Object Repository/OASIS/ADLs-IADLs/adls_mahc_10/adls_mach10_impairedfunctional' is clicked on

2019-04-30 10:33:13 - [MESSAGE][PASSED] - Object: 'Object Repository/OASIS/ADLs-IADLs/adls_mahc_10/adls_mach10_impairedfunctional' is clicked on

2019-04-30 10:33:13 - [TEST_STEP][PASSED] - click(findTestObject("OASIS/ADLs-IADLs/adls_mahc_10/adls_mach10_environmenthazards")): Object: 'Object Repository/OASIS/ADLs-IADLs/adls_mahc_10/adls_mach10_environmenthazards' is clicked on

2019-04-30 10:33:13 - [MESSAGE][PASSED] - Object: 'Object Repository/OASIS/ADLs-IADLs/adls_mahc_10/adls_mach10_environmenthazards' is clicked on

2019-04-30 10:33:13 - [TEST_STEP][PASSED] - click(findTestObject("OASIS/ADLs-IADLs/adls_mahc_10/adls_mach10_polypharmacy")): Object: 'Object Repository/OASIS/ADLs-IADLs/adls_mahc_10/adls_mach10_polypharmacy' is clicked on

2019-04-30 10:33:14 - [MESSAGE][PASSED] - Object: 'Object Repository/OASIS/ADLs-IADLs/adls_mahc_10/adls_mach10_polypharmacy' is clicked on

2019-04-30 10:33:14 - [TEST_STEP][PASSED] - click(findTestObject("OASIS/ADLs-IADLs/adls_mahc_10/adls_mach10_painaffecting")): Object: 'Object Repository/OASIS/ADLs-IADLs/adls_mahc_10/adls_mach10_painaffecting' is clicked on

2019-04-30 10:33:14 - [MESSAGE][PASSED] - Object: 'Object Repository/OASIS/ADLs-IADLs/adls_mahc_10/adls_mach10_painaffecting' is clicked on

2019-04-30 10:33:14 - [TEST_STEP][PASSED] - click(findTestObject("OASIS/ADLs-IADLs/adls_mahc_10/adls_mach10_cognitiveimpairment")): Object: 'Object Repository/OASIS/ADLs-IADLs/adls_mahc_10/adls_mach10_cognitiveimpairment' is clicked on

2019-04-30 10:33:14 - [MESSAGE][PASSED] - Object: 'Object Repository/OASIS/ADLs-IADLs/adls_mahc_10/adls_mach10_cognitiveimpairment' is clicked on

2019-04-30 10:33:14 - [TEST_STEP][PASSED] - delay(2): Delayed 2 second(s)

2019-04-30 10:33:16 - [MESSAGE][PASSED] - Delayed 2 second(s)

2019-04-30 10:33:16 - [TEST_STEP][NOT_RUN] - click(findTestObject("OASIS/ADLs-IADLs/adls_sectionGG/adls_GG0100_priorfunctioning_a"), STOP_ON_FAILURE): NOT_RUN: click(findTestObject("OASIS/ADLs-IADLs/adls_sectionGG/adls_GG0100_priorfunctioning_a"), STOP_ON_FAILURE)

2019-04-30 10:33:16 - [MESSAGE][NOT_RUN] - NOT_RUN: click(findTestObject("OASIS/ADLs-IADLs/adls_sectionGG/adls_GG0100_priorfunctioning_a"), STOP_ON_FAILURE)

2019-04-30 10:33:16 - [TEST_STEP][NOT_RUN] - setText(findTestObject("OASIS/ADLs-IADLs/adls_sectionGG/adls_GG0100_priorfunctioning_a"), "3"): NOT_RUN: setText(findTestObject("OASIS/ADLs-IADLs/adls_sectionGG/adls_GG0100_priorfunctioning_a"), "3")

2019-04-30 10:33:16 - [MESSAGE][NOT_RUN] - NOT_RUN: setText(findTestObject("OASIS/ADLs-IADLs/adls_sectionGG/adls_GG0100_priorfunctioning_a"), "3")

2019-04-30 10:33:16 - [TEST_STEP][PASSED] - click(findTestObject("OASIS/ADLs-IADLs/adls_sectionGG/adls_GG0100_priorfunctioning_b"), STOP_ON_FAILURE): Object: 'Object Repository/OASIS/ADLs-IADLs/adls_sectionGG/adls_GG0100_priorfunctioning_b' is clicked on

2019-04-30 10:33:16 - [MESSAGE][PASSED] - Object: 'Object Repository/OASIS/ADLs-IADLs/adls_sectionGG/adls_GG0100_priorfunctioning_b' is clicked on

2019-04-30 10:33:16 - [TEST_STEP][PASSED] - setText(findTestObject("OASIS/ADLs-IADLs/adls_sectionGG/adls_GG0100_priorfunctioning_b"), "3"): Text '3' is set on object 'Object Repository/OASIS/ADLs-IADLs/adls_sectionGG/adls_GG0100_priorfunctioning_b'

2019-04-30 10:33:16 - [MESSAGE][PASSED] - Text '3' is set on object 'Object Repository/OASIS/ADLs-IADLs/adls_sectionGG/adls_GG0100_priorfunctioning_b'

2019-04-30 10:33:16 - [TEST_STEP][PASSED] - click(findTestObject("OASIS/ADLs-IADLs/adls_sectionGG/adls_GG0100_priorfunctioning_c"), STOP_ON_FAILURE): Object: 'Object Repository/OASIS/ADLs-IADLs/adls_sectionGG/adls_GG0100_priorfunctioning_c' is clicked on

2019-04-30 10:33:16 - [MESSAGE][PASSED] - Object: 'Object Repository/OASIS/ADLs-IADLs/adls_sectionGG/adls_GG0100_priorfunctioning_c' is clicked on

2019-04-30 10:33:16 - [TEST_STEP][PASSED] - setText(findTestObject("OASIS/ADLs-IADLs/adls_sectionGG/adls_GG0100_priorfunctioning_c"), "2"): Text '2' is set on object 'Object Repository/OASIS/ADLs-IADLs/adls_sectionGG/adls_GG0100_priorfunctioning_c'

2019-04-30 10:33:16 - [MESSAGE][PASSED] - Text '2' is set on object 'Object Repository/OASIS/ADLs-IADLs/adls_sectionGG/adls_GG0100_priorfunctioning_c'

2019-04-30 10:33:16 - [TEST_STEP][PASSED] - click(findTestObject("OASIS/ADLs-IADLs/adls_sectionGG/adls_GG0100_priorfunctioning_d"), STOP_ON_FAILURE): Object: 'Object Repository/OASIS/ADLs-IADLs/adls_sectionGG/adls_GG0100_priorfunctioning_d' is clicked on

2019-04-30 10:33:16 - [MESSAGE][PASSED] - Object: 'Object Repository/OASIS/ADLs-IADLs/adls_sectionGG/adls_GG0100_priorfunctioning_d' is clicked on

2019-04-30 10:33:16 - [TEST_STEP][PASSED] - setText(findTestObject("OASIS/ADLs-IADLs/adls_sectionGG/adls_GG0100_priorfunctioning_d"), "2"): Text '2' is set on object 'Object Repository/OASIS/ADLs-IADLs/adls_sectionGG/adls_GG0100_priorfunctioning_d'

2019-04-30 10:33:17 - [MESSAGE][PASSED] - Text '2' is set on object 'Object Repository/OASIS/ADLs-IADLs/adls_sectionGG/adls_GG0100_priorfunctioning_d'

2019-04-30 10:33:17 - [TEST_STEP][PASSED] - delay(1): Delayed 1 second(s)

2019-04-30 10:33:18 - [MESSAGE][PASSED] - Delayed 1 second(s)

2019-04-30 10:33:18 - [TEST_STEP][PASSED] - click(findTestObject("OASIS/ADLs-IADLs/adls_sectionGG/adls_GG0110_priordevice_a")): Object: 'Object Repository/OASIS/ADLs-IADLs/adls_sectionGG/adls_GG0110_priordevice_a' is clicked on

2019-04-30 10:33:18 - [MESSAGE][PASSED] - Object: 'Object Repository/OASIS/ADLs-IADLs/adls_sectionGG/adls_GG0110_priordevice_a' is clicked on

2019-04-30 10:33:18 - [TEST_STEP][PASSED] - click(findTestObject("OASIS/ADLs-IADLs/adls_sectionGG/adls_GG0110_priordevice_b")): Object: 'Object Repository/OASIS/ADLs-IADLs/adls_sectionGG/adls_GG0110_priordevice_b' is clicked on

2019-04-30 10:33:18 - [MESSAGE][PASSED] - Object: 'Object Repository/OASIS/ADLs-IADLs/adls_sectionGG/adls_GG0110_priordevice_b' is clicked on

2019-04-30 10:33:18 - [TEST_STEP][PASSED] - click(findTestObject("OASIS/ADLs-IADLs/adls_sectionGG/adls_GG0110_priordevice_c")): Object: 'Object Repository/OASIS/ADLs-IADLs/adls_sectionGG/adls_GG0110_priordevice_c' is clicked on

2019-04-30 10:33:18 - [MESSAGE][PASSED] - Object: 'Object Repository/OASIS/ADLs-IADLs/adls_sectionGG/adls_GG0110_priordevice_c' is clicked on

2019-04-30 10:33:18 - [TEST_STEP][PASSED] - click(findTestObject("OASIS/ADLs-IADLs/adls_sectionGG/adls_GG0110_priordevice_d")): Object: 'Object Repository/OASIS/ADLs-IADLs/adls_sectionGG/adls_GG0110_priordevice_d' is clicked on

2019-04-30 10:33:18 - [MESSAGE][PASSED] - Object: 'Object Repository/OASIS/ADLs-IADLs/adls_sectionGG/adls_GG0110_priordevice_d' is clicked on

2019-04-30 10:33:18 - [TEST_STEP][PASSED] - click(findTestObject("OASIS/ADLs-IADLs/adls_sectionGG/adls_GG0110_priordevice_e")): Object: 'Object Repository/OASIS/ADLs-IADLs/adls_sectionGG/adls_GG0110_priordevice_e' is clicked on

2019-04-30 10:33:18 - [MESSAGE][PASSED] - Object: 'Object Repository/OASIS/ADLs-IADLs/adls_sectionGG/adls_GG0110_priordevice_e' is clicked on

2019-04-30 10:33:18 - [TEST_STEP][PASSED] - delay(3): Delayed 3 second(s)

2019-04-30 10:33:21 - [MESSAGE][PASSED] - Delayed 3 second(s)

2019-04-30 10:33:21 - [TEST_STEP][PASSED] - click(findTestObject("OASIS/ADLs-IADLs/adls_sectionGG/adls_GG0130_self-care_soc_a")): Object: 'Object Repository/OASIS/ADLs-IADLs/adls_sectionGG/adls_GG0130_self-care_soc_a' is clicked on

2019-04-30 10:33:21 - [MESSAGE][PASSED] - Object: 'Object Repository/OASIS/ADLs-IADLs/adls_sectionGG/adls_GG0130_self-care_soc_a' is clicked on

2019-04-30 10:33:21 - [TEST_STEP][PASSED] - setText(findTestObject("OASIS/ADLs-IADLs/adls_sectionGG/adls_GG0130_self-care_soc_a"), "06"): Text '06' is set on object 'Object Repository/OASIS/ADLs-IADLs/adls_sectionGG/adls_GG0130_self-care_soc_a'

2019-04-30 10:33:22 - [MESSAGE][PASSED] - Text '06' is set on object 'Object Repository/OASIS/ADLs-IADLs/adls_sectionGG/adls_GG0130_self-care_soc_a'

2019-04-30 10:33:22 - [TEST_STEP][PASSED] - click(findTestObject("OASIS/ADLs-IADLs/adls_sectionGG/adls_GG0130_self-care_dc_a")): Object: 'Object Repository/OASIS/ADLs-IADLs/adls_sectionGG/adls_GG0130_self-care_dc_a' is clicked on

2019-04-30 10:33:22 - [MESSAGE][PASSED] - Object: 'Object Repository/OASIS/ADLs-IADLs/adls_sectionGG/adls_GG0130_self-care_dc_a' is clicked on

2019-04-30 10:33:22 - [TEST_STEP][PASSED] - setText(findTestObject("OASIS/ADLs-IADLs/adls_sectionGG/adls_GG0130_self-care_dc_a"), "06"): Text '06' is set on object 'Object Repository/OASIS/ADLs-IADLs/adls_sectionGG/adls_GG0130_self-care_dc_a'

2019-04-30 10:33:22 - [MESSAGE][PASSED] - Text '06' is set on object 'Object Repository/OASIS/ADLs-IADLs/adls_sectionGG/adls_GG0130_self-care_dc_a'

2019-04-30 10:33:22 - [TEST_STEP][PASSED] - delay(1): Delayed 1 second(s)

2019-04-30 10:33:23 - [MESSAGE][PASSED] - Delayed 1 second(s)

2019-04-30 10:33:23 - [TEST_STEP][PASSED] - click(findTestObject("OASIS/ADLs-IADLs/adls_sectionGG/adls_GG0130_self-care_soc_b")): Object: 'Object Repository/OASIS/ADLs-IADLs/adls_sectionGG/adls_GG0130_self-care_soc_b' is clicked on

2019-04-30 10:33:23 - [MESSAGE][PASSED] - Object: 'Object Repository/OASIS/ADLs-IADLs/adls_sectionGG/adls_GG0130_self-care_soc_b' is clicked on

2019-04-30 10:33:23 - [TEST_STEP][PASSED] - setText(findTestObject("OASIS/ADLs-IADLs/adls_sectionGG/adls_GG0130_self-care_soc_b"), "06"): Text '06' is set on object 'Object Repository/OASIS/ADLs-IADLs/adls_sectionGG/adls_GG0130_self-care_soc_b'

2019-04-30 10:33:23 - [MESSAGE][PASSED] - Text '06' is set on object 'Object Repository/OASIS/ADLs-IADLs/adls_sectionGG/adls_GG0130_self-care_soc_b'

2019-04-30 10:33:23 - [TEST_STEP][PASSED] - click(findTestObject("OASIS/ADLs-IADLs/adls_sectionGG/adls_GG0130_self-care_dc_b")): Object: 'Object Repository/OASIS/ADLs-IADLs/adls_sectionGG/adls_GG0130_self-care_dc_b' is clicked on

2019-04-30 10:33:23 - [MESSAGE][PASSED] - Object: 'Object Repository/OASIS/ADLs-IADLs/adls_sectionGG/adls_GG0130_self-care_dc_b' is clicked on

2019-04-30 10:33:23 - [TEST_STEP][PASSED] - setText(findTestObject("OASIS/ADLs-IADLs/adls_sectionGG/adls_GG0130_self-care_dc_b"), "06"): Text '06' is set on object 'Object Repository/OASIS/ADLs-IADLs/adls_sectionGG/adls_GG0130_self-care_dc_b'

2019-04-30 10:33:23 - [MESSAGE][PASSED] - Text '06' is set on object 'Object Repository/OASIS/ADLs-IADLs/adls_sectionGG/adls_GG0130_self-care_dc_b'

2019-04-30 10:33:23 - [TEST_STEP][PASSED] - delay(1): Delayed 1 second(s)

2019-04-30 10:33:24 - [MESSAGE][PASSED] - Delayed 1 second(s)

2019-04-30 10:33:24 - [TEST_STEP][PASSED] - click(findTestObject("OASIS/ADLs-IADLs/adls_sectionGG/adls_GG0130_self-care_soc_c")): Object: 'Object Repository/OASIS/ADLs-IADLs/adls_sectionGG/adls_GG0130_self-care_soc_c' is clicked on

2019-04-30 10:33:24 - [MESSAGE][PASSED] - Object: 'Object Repository/OASIS/ADLs-IADLs/adls_sectionGG/adls_GG0130_self-care_soc_c' is clicked on

2019-04-30 10:33:24 - [TEST_STEP][PASSED] - setText(findTestObject("OASIS/ADLs-IADLs/adls_sectionGG/adls_GG0130_self-care_soc_c"), "06"): Text '06' is set on object 'Object Repository/OASIS/ADLs-IADLs/adls_sectionGG/adls_GG0130_self-care_soc_c'

2019-04-30 10:33:24 - [MESSAGE][PASSED] - Text '06' is set on object 'Object Repository/OASIS/ADLs-IADLs/adls_sectionGG/adls_GG0130_self-care_soc_c'

2019-04-30 10:33:24 - [TEST_STEP][PASSED] - click(findTestObject("OASIS/ADLs-IADLs/adls_sectionGG/adls_GG0130_self-care_dc_c")): Object: 'Object Repository/OASIS/ADLs-IADLs/adls_sectionGG/adls_GG0130_self-care_dc_c' is clicked on

2019-04-30 10:33:25 - [MESSAGE][PASSED] - Object: 'Object Repository/OASIS/ADLs-IADLs/adls_sectionGG/adls_GG0130_self-care_dc_c' is clicked on

2019-04-30 10:33:25 - [TEST_STEP][PASSED] - setText(findTestObject("OASIS/ADLs-IADLs/adls_sectionGG/adls_GG0130_self-care_dc_c"), "06"): Text '06' is set on object 'Object Repository/OASIS/ADLs-IADLs/adls_sectionGG/adls_GG0130_self-care_dc_c'

2019-04-30 10:33:25 - [MESSAGE][PASSED] - Text '06' is set on object 'Object Repository/OASIS/ADLs-IADLs/adls_sectionGG/adls_GG0130_self-care_dc_c'

2019-04-30 10:33:25 - [TEST_STEP][PASSED] - delay(1): Delayed 1 second(s)

2019-04-30 10:33:26 - [MESSAGE][PASSED] - Delayed 1 second(s)

2019-04-30 10:33:26 - [TEST_STEP][PASSED] - click(findTestObject("OASIS/ADLs-IADLs/adls_sectionGG/adls_GG0130_self-care_soc_e")): Object: 'Object Repository/OASIS/ADLs-IADLs/adls_sectionGG/adls_GG0130_self-care_soc_e' is clicked on

2019-04-30 10:33:26 - [MESSAGE][PASSED] - Object: 'Object Repository/OASIS/ADLs-IADLs/adls_sectionGG/adls_GG0130_self-care_soc_e' is clicked on

2019-04-30 10:33:26 - [TEST_STEP][PASSED] - setText(findTestObject("OASIS/ADLs-IADLs/adls_sectionGG/adls_GG0130_self-care_soc_e"), "06"): Text '06' is set on object 'Object Repository/OASIS/ADLs-IADLs/adls_sectionGG/adls_GG0130_self-care_soc_e'

2019-04-30 10:33:26 - [MESSAGE][PASSED] - Text '06' is set on object 'Object Repository/OASIS/ADLs-IADLs/adls_sectionGG/adls_GG0130_self-care_soc_e'

2019-04-30 10:33:26 - [TEST_STEP][PASSED] - click(findTestObject("OASIS/ADLs-IADLs/adls_sectionGG/adls_GG0130_self-care_dc_e")): Object: 'Object Repository/OASIS/ADLs-IADLs/adls_sectionGG/adls_GG0130_self-care_dc_e' is clicked on

2019-04-30 10:33:26 - [MESSAGE][PASSED] - Object: 'Object Repository/OASIS/ADLs-IADLs/adls_sectionGG/adls_GG0130_self-care_dc_e' is clicked on

2019-04-30 10:33:26 - [TEST_STEP][PASSED] - setText(findTestObject("OASIS/ADLs-IADLs/adls_sectionGG/adls_GG0130_self-care_dc_e"), "06"): Text '06' is set on object 'Object Repository/OASIS/ADLs-IADLs/adls_sectionGG/adls_GG0130_self-care_dc_e'

2019-04-30 10:33:26 - [MESSAGE][PASSED] - Text '06' is set on object 'Object Repository/OASIS/ADLs-IADLs/adls_sectionGG/adls_GG0130_self-care_dc_e'

2019-04-30 10:33:26 - [TEST_STEP][PASSED] - delay(1): Delayed 1 second(s)

2019-04-30 10:33:27 - [MESSAGE][PASSED] - Delayed 1 second(s)

2019-04-30 10:33:27 - [TEST_STEP][PASSED] - click(findTestObject("OASIS/ADLs-IADLs/adls_sectionGG/adls_GG0130_self-care_soc_f")): Object: 'Object Repository/OASIS/ADLs-IADLs/adls_sectionGG/adls_GG0130_self-care_soc_f' is clicked on

2019-04-30 10:33:27 - [MESSAGE][PASSED] - Object: 'Object Repository/OASIS/ADLs-IADLs/adls_sectionGG/adls_GG0130_self-care_soc_f' is clicked on

2019-04-30 10:33:27 - [TEST_STEP][PASSED] - setText(findTestObject("OASIS/ADLs-IADLs/adls_sectionGG/adls_GG0130_self-care_soc_f"), "06"): Text '06' is set on object 'Object Repository/OASIS/ADLs-IADLs/adls_sectionGG/adls_GG0130_self-care_soc_f'

2019-04-30 10:33:27 - [MESSAGE][PASSED] - Text '06' is set on object 'Object Repository/OASIS/ADLs-IADLs/adls_sectionGG/adls_GG0130_self-care_soc_f'

2019-04-30 10:33:27 - [TEST_STEP][PASSED] - click(findTestObject("OASIS/ADLs-IADLs/adls_sectionGG/adls_GG0130_self-care_dc_f")): Object: 'Object Repository/OASIS/ADLs-IADLs/adls_sectionGG/adls_GG0130_self-care_dc_f' is clicked on

2019-04-30 10:33:27 - [MESSAGE][PASSED] - Object: 'Object Repository/OASIS/ADLs-IADLs/adls_sectionGG/adls_GG0130_self-care_dc_f' is clicked on

2019-04-30 10:33:27 - [TEST_STEP][PASSED] - setText(findTestObject("OASIS/ADLs-IADLs/adls_sectionGG/adls_GG0130_self-care_dc_f"), "06"): Text '06' is set on object 'Object Repository/OASIS/ADLs-IADLs/adls_sectionGG/adls_GG0130_self-care_dc_f'

2019-04-30 10:33:28 - [MESSAGE][PASSED] - Text '06' is set on object 'Object Repository/OASIS/ADLs-IADLs/adls_sectionGG/adls_GG0130_self-care_dc_f'

2019-04-30 10:33:28 - [TEST_STEP][PASSED] - delay(1): Delayed 1 second(s)

2019-04-30 10:33:29 - [MESSAGE][PASSED] - Delayed 1 second(s)

2019-04-30 10:33:29 - [TEST_STEP][PASSED] - click(findTestObject("OASIS/ADLs-IADLs/adls_sectionGG/adls_GG0130_self-care_soc_g")): Object: 'Object Repository/OASIS/ADLs-IADLs/adls_sectionGG/adls_GG0130_self-care_soc_g' is clicked on

2019-04-30 10:33:29 - [MESSAGE][PASSED] - Object: 'Object Repository/OASIS/ADLs-IADLs/adls_sectionGG/adls_GG0130_self-care_soc_g' is clicked on

2019-04-30 10:33:29 - [TEST_STEP][PASSED] - setText(findTestObject("OASIS/ADLs-IADLs/adls_sectionGG/adls_GG0130_self-care_soc_g"), "06"): Text '06' is set on object 'Object Repository/OASIS/ADLs-IADLs/adls_sectionGG/adls_GG0130_self-care_soc_g'

2019-04-30 10:33:29 - [MESSAGE][PASSED] - Text '06' is set on object 'Object Repository/OASIS/ADLs-IADLs/adls_sectionGG/adls_GG0130_self-care_soc_g'

2019-04-30 10:33:29 - [TEST_STEP][PASSED] - click(findTestObject("OASIS/ADLs-IADLs/adls_sectionGG/adls_GG0130_self-care_dc_g")): Object: 'Object Repository/OASIS/ADLs-IADLs/adls_sectionGG/adls_GG0130_self-care_dc_g' is clicked on

2019-04-30 10:33:29 - [MESSAGE][PASSED] - Object: 'Object Repository/OASIS/ADLs-IADLs/adls_sectionGG/adls_GG0130_self-care_dc_g' is clicked on

2019-04-30 10:33:29 - [TEST_STEP][PASSED] - setText(findTestObject("OASIS/ADLs-IADLs/adls_sectionGG/adls_GG0130_self-care_dc_g"), "06"): Text '06' is set on object 'Object Repository/OASIS/ADLs-IADLs/adls_sectionGG/adls_GG0130_self-care_dc_g'

2019-04-30 10:33:29 - [MESSAGE][PASSED] - Text '06' is set on object 'Object Repository/OASIS/ADLs-IADLs/adls_sectionGG/adls_GG0130_self-care_dc_g'

2019-04-30 10:33:29 - [TEST_STEP][PASSED] - delay(1): Delayed 1 second(s)

2019-04-30 10:33:30 - [MESSAGE][PASSED] - Delayed 1 second(s)

2019-04-30 10:33:30 - [TEST_STEP][PASSED] - click(findTestObject("OASIS/ADLs-IADLs/adls_sectionGG/adls_GG0130_self-care_soc_h")): Object: 'Object Repository/OASIS/ADLs-IADLs/adls_sectionGG/adls_GG0130_self-care_soc_h' is clicked on

2019-04-30 10:33:30 - [MESSAGE][PASSED] - Object: 'Object Repository/OASIS/ADLs-IADLs/adls_sectionGG/adls_GG0130_self-care_soc_h' is clicked on

2019-04-30 10:33:30 - [TEST_STEP][PASSED] - setText(findTestObject("OASIS/ADLs-IADLs/adls_sectionGG/adls_GG0130_self-care_soc_h"), "06"): Text '06' is set on object 'Object Repository/OASIS/ADLs-IADLs/adls_sectionGG/adls_GG0130_self-care_soc_h'

2019-04-30 10:33:30 - [MESSAGE][PASSED] - Text '06' is set on object 'Object Repository/OASIS/ADLs-IADLs/adls_sectionGG/adls_GG0130_self-care_soc_h'

2019-04-30 10:33:30 - [TEST_STEP][PASSED] - click(findTestObject("OASIS/ADLs-IADLs/adls_sectionGG/adls_GG0130_self-care_dc_h")): Object: 'Object Repository/OASIS/ADLs-IADLs/adls_sectionGG/adls_GG0130_self-care_dc_h' is clicked on

2019-04-30 10:33:30 - [MESSAGE][PASSED] - Object: 'Object Repository/OASIS/ADLs-IADLs/adls_sectionGG/adls_GG0130_self-care_dc_h' is clicked on

2019-04-30 10:33:30 - [TEST_STEP][PASSED] - setText(findTestObject("OASIS/ADLs-IADLs/adls_sectionGG/adls_GG0130_self-care_dc_h"), "06"): Text '06' is set on object 'Object Repository/OASIS/ADLs-IADLs/adls_sectionGG/adls_GG0130_self-care_dc_h'

2019-04-30 10:33:30 - [MESSAGE][PASSED] - Text '06' is set on object 'Object Repository/OASIS/ADLs-IADLs/adls_sectionGG/adls_GG0130_self-care_dc_h'

2019-04-30 10:33:30 - [TEST_STEP][PASSED] - delay(5): Delayed 5 second(s)

2019-04-30 10:33:35 - [MESSAGE][PASSED] - Delayed 5 second(s)

2019-04-30 10:33:35 - [TEST_STEP][PASSED] - click(findTestObject("OASIS/ADLs-IADLs/adls_sectionGG/adls_GG0170C_soc_a")): Object: 'Object Repository/OASIS/ADLs-IADLs/adls_sectionGG/adls_GG0170C_soc_a' is clicked on

2019-04-30 10:33:36 - [MESSAGE][PASSED] - Object: 'Object Repository/OASIS/ADLs-IADLs/adls_sectionGG/adls_GG0170C_soc_a' is clicked on

2019-04-30 10:33:36 - [TEST_STEP][PASSED] - setText(findTestObject("OASIS/ADLs-IADLs/adls_sectionGG/adls_GG0170C_soc_a"), "06"): Text '06' is set on object 'Object Repository/OASIS/ADLs-IADLs/adls_sectionGG/adls_GG0170C_soc_a'

2019-04-30 10:33:36 - [MESSAGE][PASSED] - Text '06' is set on object 'Object Repository/OASIS/ADLs-IADLs/adls_sectionGG/adls_GG0170C_soc_a'

2019-04-30 10:33:36 - [TEST_STEP][PASSED] - click(findTestObject("OASIS/ADLs-IADLs/adls_sectionGG/adls_GG0170C_dc_a")): Object: 'Object Repository/OASIS/ADLs-IADLs/adls_sectionGG/adls_GG0170C_dc_a' is clicked on

2019-04-30 10:33:36 - [MESSAGE][PASSED] - Object: 'Object Repository/OASIS/ADLs-IADLs/adls_sectionGG/adls_GG0170C_dc_a' is clicked on

2019-04-30 10:33:36 - [TEST_STEP][PASSED] - setText(findTestObject("OASIS/ADLs-IADLs/adls_sectionGG/adls_GG0170C_dc_a"), "06"): Text '06' is set on object 'Object Repository/OASIS/ADLs-IADLs/adls_sectionGG/adls_GG0170C_dc_a'

2019-04-30 10:33:36 - [MESSAGE][PASSED] - Text '06' is set on object 'Object Repository/OASIS/ADLs-IADLs/adls_sectionGG/adls_GG0170C_dc_a'

2019-04-30 10:33:36 - [TEST_STEP][PASSED] - delay(1): Delayed 1 second(s)

2019-04-30 10:33:37 - [MESSAGE][PASSED] - Delayed 1 second(s)

2019-04-30 10:33:37 - [TEST_STEP][PASSED] - click(findTestObject("OASIS/ADLs-IADLs/adls_sectionGG/adls_GG0170C_soc_b")): Object: 'Object Repository/OASIS/ADLs-IADLs/adls_sectionGG/adls_GG0170C_soc_b' is clicked on

2019-04-30 10:33:37 - [MESSAGE][PASSED] - Object: 'Object Repository/OASIS/ADLs-IADLs/adls_sectionGG/adls_GG0170C_soc_b' is clicked on

2019-04-30 10:33:37 - [TEST_STEP][PASSED] - setText(findTestObject("OASIS/ADLs-IADLs/adls_sectionGG/adls_GG0170C_soc_b"), "06"): Text '06' is set on object 'Object Repository/OASIS/ADLs-IADLs/adls_sectionGG/adls_GG0170C_soc_b'

2019-04-30 10:33:37 - [MESSAGE][PASSED] - Text '06' is set on object 'Object Repository/OASIS/ADLs-IADLs/adls_sectionGG/adls_GG0170C_soc_b'

2019-04-30 10:33:37 - [TEST_STEP][PASSED] - click(findTestObject("OASIS/ADLs-IADLs/adls_sectionGG/adls_GG0170C_dc_b")): Object: 'Object Repository/OASIS/ADLs-IADLs/adls_sectionGG/adls_GG0170C_dc_b' is clicked on

2019-04-30 10:33:37 - [MESSAGE][PASSED] - Object: 'Object Repository/OASIS/ADLs-IADLs/adls_sectionGG/adls_GG0170C_dc_b' is clicked on

2019-04-30 10:33:37 - [TEST_STEP][PASSED] - setText(findTestObject("OASIS/ADLs-IADLs/adls_sectionGG/adls_GG0170C_dc_b"), "06"): Text '06' is set on object 'Object Repository/OASIS/ADLs-IADLs/adls_sectionGG/adls_GG0170C_dc_b'

2019-04-30 10:33:37 - [MESSAGE][PASSED] - Text '06' is set on object 'Object Repository/OASIS/ADLs-IADLs/adls_sectionGG/adls_GG0170C_dc_b'

2019-04-30 10:33:37 - [TEST_STEP][PASSED] - delay(1): Delayed 1 second(s)

2019-04-30 10:33:38 - [MESSAGE][PASSED] - Delayed 1 second(s)

2019-04-30 10:33:38 - [TEST_STEP][PASSED] - click(findTestObject("OASIS/ADLs-IADLs/adls_sectionGG/adls_GG0170C_soc_c")): Object: 'Object Repository/OASIS/ADLs-IADLs/adls_sectionGG/adls_GG0170C_soc_c' is clicked on

2019-04-30 10:33:38 - [MESSAGE][PASSED] - Object: 'Object Repository/OASIS/ADLs-IADLs/adls_sectionGG/adls_GG0170C_soc_c' is clicked on

2019-04-30 10:33:38 - [TEST_STEP][PASSED] - setText(findTestObject("OASIS/ADLs-IADLs/adls_sectionGG/adls_GG0170C_soc_c"), "06"): Text '06' is set on object 'Object Repository/OASIS/ADLs-IADLs/adls_sectionGG/adls_GG0170C_soc_c'

2019-04-30 10:33:38 - [MESSAGE][PASSED] - Text '06' is set on object 'Object Repository/OASIS/ADLs-IADLs/adls_sectionGG/adls_GG0170C_soc_c'

2019-04-30 10:33:38 - [TEST_STEP][PASSED] - click(findTestObject("OASIS/ADLs-IADLs/adls_sectionGG/adls_GG0170C_dc_c")): Object: 'Object Repository/OASIS/ADLs-IADLs/adls_sectionGG/adls_GG0170C_dc_c' is clicked on

2019-04-30 10:33:39 - [MESSAGE][PASSED] - Object: 'Object Repository/OASIS/ADLs-IADLs/adls_sectionGG/adls_GG0170C_dc_c' is clicked on

2019-04-30 10:33:39 - [TEST_STEP][PASSED] - setText(findTestObject("OASIS/ADLs-IADLs/adls_sectionGG/adls_GG0170C_dc_c"), "06"): Text '06' is set on object 'Object Repository/OASIS/ADLs-IADLs/adls_sectionGG/adls_GG0170C_dc_c'

2019-04-30 10:33:39 - [MESSAGE][PASSED] - Text '06' is set on object 'Object Repository/OASIS/ADLs-IADLs/adls_sectionGG/adls_GG0170C_dc_c'

2019-04-30 10:33:39 - [TEST_STEP][PASSED] - delay(1): Delayed 1 second(s)

2019-04-30 10:33:40 - [MESSAGE][PASSED] - Delayed 1 second(s)

2019-04-30 10:33:40 - [TEST_STEP][PASSED] - click(findTestObject("OASIS/ADLs-IADLs/adls_sectionGG/adls_GG0170C_soc_d")): Object: 'Object Repository/OASIS/ADLs-IADLs/adls_sectionGG/adls_GG0170C_soc_d' is clicked on

2019-04-30 10:33:40 - [MESSAGE][PASSED] - Object: 'Object Repository/OASIS/ADLs-IADLs/adls_sectionGG/adls_GG0170C_soc_d' is clicked on

2019-04-30 10:33:40 - [TEST_STEP][PASSED] - setText(findTestObject("OASIS/ADLs-IADLs/adls_sectionGG/adls_GG0170C_soc_d"), "06"): Text '06' is set on object 'Object Repository/OASIS/ADLs-IADLs/adls_sectionGG/adls_GG0170C_soc_d'

2019-04-30 10:33:40 - [MESSAGE][PASSED] - Text '06' is set on object 'Object Repository/OASIS/ADLs-IADLs/adls_sectionGG/adls_GG0170C_soc_d'

2019-04-30 10:33:40 - [TEST_STEP][PASSED] - click(findTestObject("OASIS/ADLs-IADLs/adls_sectionGG/adls_GG0170C_dc_d")): Object: 'Object Repository/OASIS/ADLs-IADLs/adls_sectionGG/adls_GG0170C_dc_d' is clicked on

2019-04-30 10:33:40 - [MESSAGE][PASSED] - Object: 'Object Repository/OASIS/ADLs-IADLs/adls_sectionGG/adls_GG0170C_dc_d' is clicked on

2019-04-30 10:33:40 - [TEST_STEP][PASSED] - setText(findTestObject("OASIS/ADLs-IADLs/adls_sectionGG/adls_GG0170C_dc_d"), "06"): Text '06' is set on object 'Object Repository/OASIS/ADLs-IADLs/adls_sectionGG/adls_GG0170C_dc_d'

2019-04-30 10:33:40 - [MESSAGE][PASSED] - Text '06' is set on object 'Object Repository/OASIS/ADLs-IADLs/adls_sectionGG/adls_GG0170C_dc_d'

2019-04-30 10:33:40 - [TEST_STEP][PASSED] - delay(1): Delayed 1 second(s)

2019-04-30 10:33:41 - [MESSAGE][PASSED] - Delayed 1 second(s)

2019-04-30 10:33:41 - [TEST_STEP][PASSED] - click(findTestObject("OASIS/ADLs-IADLs/adls_sectionGG/adls_GG0170C_soc_e")): Object: 'Object Repository/OASIS/ADLs-IADLs/adls_sectionGG/adls_GG0170C_soc_e' is clicked on

2019-04-30 10:33:41 - [MESSAGE][PASSED] - Object: 'Object Repository/OASIS/ADLs-IADLs/adls_sectionGG/adls_GG0170C_soc_e' is clicked on

2019-04-30 10:33:41 - [TEST_STEP][PASSED] - setText(findTestObject("OASIS/ADLs-IADLs/adls_sectionGG/adls_GG0170C_soc_e"), "06"): Text '06' is set on object 'Object Repository/OASIS/ADLs-IADLs/adls_sectionGG/adls_GG0170C_soc_e'

2019-04-30 10:33:41 - [MESSAGE][PASSED] - Text '06' is set on object 'Object Repository/OASIS/ADLs-IADLs/adls_sectionGG/adls_GG0170C_soc_e'

2019-04-30 10:33:41 - [TEST_STEP][PASSED] - click(findTestObject("OASIS/ADLs-IADLs/adls_sectionGG/adls_GG0170C_dc_e")): Object: 'Object Repository/OASIS/ADLs-IADLs/adls_sectionGG/adls_GG0170C_dc_e' is clicked on

2019-04-30 10:33:41 - [MESSAGE][PASSED] - Object: 'Object Repository/OASIS/ADLs-IADLs/adls_sectionGG/adls_GG0170C_dc_e' is clicked on

2019-04-30 10:33:41 - [TEST_STEP][PASSED] - setText(findTestObject("OASIS/ADLs-IADLs/adls_sectionGG/adls_GG0170C_dc_e"), "06"): Text '06' is set on object 'Object Repository/OASIS/ADLs-IADLs/adls_sectionGG/adls_GG0170C_dc_e'

2019-04-30 10:33:42 - [MESSAGE][PASSED] - Text '06' is set on object 'Object Repository/OASIS/ADLs-IADLs/adls_sectionGG/adls_GG0170C_dc_e'

2019-04-30 10:33:42 - [TEST_STEP][PASSED] - delay(1): Delayed 1 second(s)

2019-04-30 10:33:43 - [MESSAGE][PASSED] - Delayed 1 second(s)

2019-04-30 10:33:43 - [TEST_STEP][PASSED] - click(findTestObject("OASIS/ADLs-IADLs/adls_sectionGG/adls_GG0170C_soc_f")): Object: 'Object Repository/OASIS/ADLs-IADLs/adls_sectionGG/adls_GG0170C_soc_f' is clicked on

2019-04-30 10:33:43 - [MESSAGE][PASSED] - Object: 'Object Repository/OASIS/ADLs-IADLs/adls_sectionGG/adls_GG0170C_soc_f' is clicked on

2019-04-30 10:33:43 - [TEST_STEP][PASSED] - setText(findTestObject("OASIS/ADLs-IADLs/adls_sectionGG/adls_GG0170C_soc_f"), "06"): Text '06' is set on object 'Object Repository/OASIS/ADLs-IADLs/adls_sectionGG/adls_GG0170C_soc_f'

2019-04-30 10:33:43 - [MESSAGE][PASSED] - Text '06' is set on object 'Object Repository/OASIS/ADLs-IADLs/adls_sectionGG/adls_GG0170C_soc_f'

2019-04-30 10:33:43 - [TEST_STEP][PASSED] - click(findTestObject("OASIS/ADLs-IADLs/adls_sectionGG/adls_GG0170C_dc_f")): Object: 'Object Repository/OASIS/ADLs-IADLs/adls_sectionGG/adls_GG0170C_dc_f' is clicked on

2019-04-30 10:33:43 - [MESSAGE][PASSED] - Object: 'Object Repository/OASIS/ADLs-IADLs/adls_sectionGG/adls_GG0170C_dc_f' is clicked on

2019-04-30 10:33:43 - [TEST_STEP][PASSED] - setText(findTestObject("OASIS/ADLs-IADLs/adls_sectionGG/adls_GG0170C_dc_f"), "06"): Text '06' is set on object 'Object Repository/OASIS/ADLs-IADLs/adls_sectionGG/adls_GG0170C_dc_f'

2019-04-30 10:33:43 - [MESSAGE][PASSED] - Text '06' is set on object 'Object Repository/OASIS/ADLs-IADLs/adls_sectionGG/adls_GG0170C_dc_f'

2019-04-30 10:33:43 - [TEST_STEP][PASSED] - delay(1): Delayed 1 second(s)

2019-04-30 10:33:44 - [MESSAGE][PASSED] - Delayed 1 second(s)

2019-04-30 10:33:44 - [TEST_STEP][PASSED] - click(findTestObject("OASIS/ADLs-IADLs/adls_sectionGG/adls_GG0170C_soc_g")): Object: 'Object Repository/OASIS/ADLs-IADLs/adls_sectionGG/adls_GG0170C_soc_g' is clicked on

2019-04-30 10:33:44 - [MESSAGE][PASSED] - Object: 'Object Repository/OASIS/ADLs-IADLs/adls_sectionGG/adls_GG0170C_soc_g' is clicked on

2019-04-30 10:33:44 - [TEST_STEP][PASSED] - setText(findTestObject("OASIS/ADLs-IADLs/adls_sectionGG/adls_GG0170C_soc_g"), "06"): Text '06' is set on object 'Object Repository/OASIS/ADLs-IADLs/adls_sectionGG/adls_GG0170C_soc_g'

2019-04-30 10:33:44 - [MESSAGE][PASSED] - Text '06' is set on object 'Object Repository/OASIS/ADLs-IADLs/adls_sectionGG/adls_GG0170C_soc_g'

2019-04-30 10:33:44 - [TEST_STEP][PASSED] - click(findTestObject("OASIS/ADLs-IADLs/adls_sectionGG/adls_GG0170C_dc_g")): Object: 'Object Repository/OASIS/ADLs-IADLs/adls_sectionGG/adls_GG0170C_dc_g' is clicked on

2019-04-30 10:33:44 - [MESSAGE][PASSED] - Object: 'Object Repository/OASIS/ADLs-IADLs/adls_sectionGG/adls_GG0170C_dc_g' is clicked on

2019-04-30 10:33:44 - [TEST_STEP][PASSED] - setText(findTestObject("OASIS/ADLs-IADLs/adls_sectionGG/adls_GG0170C_dc_g"), "06"): Text '06' is set on object 'Object Repository/OASIS/ADLs-IADLs/adls_sectionGG/adls_GG0170C_dc_g'

2019-04-30 10:33:45 - [MESSAGE][PASSED] - Text '06' is set on object 'Object Repository/OASIS/ADLs-IADLs/adls_sectionGG/adls_GG0170C_dc_g'

2019-04-30 10:33:45 - [TEST_STEP][PASSED] - delay(1): Delayed 1 second(s)

2019-04-30 10:33:46 - [MESSAGE][PASSED] - Delayed 1 second(s)

2019-04-30 10:33:46 - [TEST_STEP][PASSED] - click(findTestObject("OASIS/ADLs-IADLs/adls_sectionGG/adls_GG0170C_soc_i")): Object: 'Object Repository/OASIS/ADLs-IADLs/adls_sectionGG/adls_GG0170C_soc_i' is clicked on

2019-04-30 10:33:46 - [MESSAGE][PASSED] - Object: 'Object Repository/OASIS/ADLs-IADLs/adls_sectionGG/adls_GG0170C_soc_i' is clicked on

2019-04-30 10:33:46 - [TEST_STEP][PASSED] - setText(findTestObject("OASIS/ADLs-IADLs/adls_sectionGG/adls_GG0170C_soc_i"), "06"): Text '06' is set on object 'Object Repository/OASIS/ADLs-IADLs/adls_sectionGG/adls_GG0170C_soc_i'

2019-04-30 10:33:46 - [MESSAGE][PASSED] - Text '06' is set on object 'Object Repository/OASIS/ADLs-IADLs/adls_sectionGG/adls_GG0170C_soc_i'

2019-04-30 10:33:46 - [TEST_STEP][PASSED] - click(findTestObject("OASIS/ADLs-IADLs/adls_sectionGG/adls_GG0170C_dc_i")): Object: 'Object Repository/OASIS/ADLs-IADLs/adls_sectionGG/adls_GG0170C_dc_i' is clicked on

2019-04-30 10:33:46 - [MESSAGE][PASSED] - Object: 'Object Repository/OASIS/ADLs-IADLs/adls_sectionGG/adls_GG0170C_dc_i' is clicked on

2019-04-30 10:33:46 - [TEST_STEP][PASSED] - setText(findTestObject("OASIS/ADLs-IADLs/adls_sectionGG/adls_GG0170C_dc_i"), "06"): Text '06' is set on object 'Object Repository/OASIS/ADLs-IADLs/adls_sectionGG/adls_GG0170C_dc_i'

2019-04-30 10:33:46 - [MESSAGE][PASSED] - Text '06' is set on object 'Object Repository/OASIS/ADLs-IADLs/adls_sectionGG/adls_GG0170C_dc_i'

2019-04-30 10:33:46 - [TEST_STEP][PASSED] - delay(1): Delayed 1 second(s)

2019-04-30 10:33:47 - [MESSAGE][PASSED] - Delayed 1 second(s)

2019-04-30 10:33:47 - [TEST_STEP][PASSED] - click(findTestObject("OASIS/ADLs-IADLs/adls_sectionGG/adls_GG0170C_soc_j")): Object: 'Object Repository/OASIS/ADLs-IADLs/adls_sectionGG/adls_GG0170C_soc_j' is clicked on

2019-04-30 10:33:47 - [MESSAGE][PASSED] - Object: 'Object Repository/OASIS/ADLs-IADLs/adls_sectionGG/adls_GG0170C_soc_j' is clicked on

2019-04-30 10:33:47 - [TEST_STEP][PASSED] - setText(findTestObject("OASIS/ADLs-IADLs/adls_sectionGG/adls_GG0170C_soc_j"), "06"): Text '06' is set on object 'Object Repository/OASIS/ADLs-IADLs/adls_sectionGG/adls_GG0170C_soc_j'

2019-04-30 10:33:47 - [MESSAGE][PASSED] - Text '06' is set on object 'Object Repository/OASIS/ADLs-IADLs/adls_sectionGG/adls_GG0170C_soc_j'

2019-04-30 10:33:47 - [TEST_STEP][PASSED] - click(findTestObject("OASIS/ADLs-IADLs/adls_sectionGG/adls_GG0170C_dc_j")): Object: 'Object Repository/OASIS/ADLs-IADLs/adls_sectionGG/adls_GG0170C_dc_j' is clicked on

2019-04-30 10:33:47 - [MESSAGE][PASSED] - Object: 'Object Repository/OASIS/ADLs-IADLs/adls_sectionGG/adls_GG0170C_dc_j' is clicked on

2019-04-30 10:33:47 - [TEST_STEP][PASSED] - setText(findTestObject("OASIS/ADLs-IADLs/adls_sectionGG/adls_GG0170C_dc_j"), "06"): Text '06' is set on object 'Object Repository/OASIS/ADLs-IADLs/adls_sectionGG/adls_GG0170C_dc_j'

2019-04-30 10:33:47 - [MESSAGE][PASSED] - Text '06' is set on object 'Object Repository/OASIS/ADLs-IADLs/adls_sectionGG/adls_GG0170C_dc_j'

2019-04-30 10:33:47 - [TEST_STEP][PASSED] - delay(1): Delayed 1 second(s)

2019-04-30 10:33:48 - [MESSAGE][PASSED] - Delayed 1 second(s)

2019-04-30 10:33:48 - [TEST_STEP][PASSED] - click(findTestObject("OASIS/ADLs-IADLs/adls_sectionGG/adls_GG0170C_soc_k")): Object: 'Object Repository/OASIS/ADLs-IADLs/adls_sectionGG/adls_GG0170C_soc_k' is clicked on

2019-04-30 10:33:48 - [MESSAGE][PASSED] - Object: 'Object Repository/OASIS/ADLs-IADLs/adls_sectionGG/adls_GG0170C_soc_k' is clicked on

2019-04-30 10:33:48 - [TEST_STEP][PASSED] - setText(findTestObject("OASIS/ADLs-IADLs/adls_sectionGG/adls_GG0170C_soc_k"), "06"): Text '06' is set on object 'Object Repository/OASIS/ADLs-IADLs/adls_sectionGG/adls_GG0170C_soc_k'

2019-04-30 10:33:49 - [MESSAGE][PASSED] - Text '06' is set on object 'Object Repository/OASIS/ADLs-IADLs/adls_sectionGG/adls_GG0170C_soc_k'

2019-04-30 10:33:49 - [TEST_STEP][PASSED] - click(findTestObject("OASIS/ADLs-IADLs/adls_sectionGG/adls_GG0170C_dc_k")): Object: 'Object Repository/OASIS/ADLs-IADLs/adls_sectionGG/adls_GG0170C_dc_k' is clicked on

2019-04-30 10:33:49 - [MESSAGE][PASSED] - Object: 'Object Repository/OASIS/ADLs-IADLs/adls_sectionGG/adls_GG0170C_dc_k' is clicked on

2019-04-30 10:33:49 - [TEST_STEP][PASSED] - setText(findTestObject("OASIS/ADLs-IADLs/adls_sectionGG/adls_GG0170C_dc_k"), "06"): Text '06' is set on object 'Object Repository/OASIS/ADLs-IADLs/adls_sectionGG/adls_GG0170C_dc_k'

2019-04-30 10:33:49 - [MESSAGE][PASSED] - Text '06' is set on object 'Object Repository/OASIS/ADLs-IADLs/adls_sectionGG/adls_GG0170C_dc_k'

2019-04-30 10:33:49 - [TEST_STEP][PASSED] - delay(1): Delayed 1 second(s)

2019-04-30 10:33:50 - [MESSAGE][PASSED] - Delayed 1 second(s)

2019-04-30 10:33:50 - [TEST_STEP][PASSED] - click(findTestObject("OASIS/ADLs-IADLs/adls_sectionGG/adls_GG0170C_soc_l")): Object: 'Object Repository/OASIS/ADLs-IADLs/adls_sectionGG/adls_GG0170C_soc_l' is clicked on

2019-04-30 10:33:50 - [MESSAGE][PASSED] - Object: 'Object Repository/OASIS/ADLs-IADLs/adls_sectionGG/adls_GG0170C_soc_l' is clicked on

2019-04-30 10:33:50 - [TEST_STEP][PASSED] - setText(findTestObject("OASIS/ADLs-IADLs/adls_sectionGG/adls_GG0170C_soc_l"), "06"): Text '06' is set on object 'Object Repository/OASIS/ADLs-IADLs/adls_sectionGG/adls_GG0170C_soc_l'

2019-04-30 10:33:50 - [MESSAGE][PASSED] - Text '06' is set on object 'Object Repository/OASIS/ADLs-IADLs/adls_sectionGG/adls_GG0170C_soc_l'

2019-04-30 10:33:50 - [TEST_STEP][PASSED] - click(findTestObject("OASIS/ADLs-IADLs/adls_sectionGG/adls_GG0170C_dc_l")): Object: 'Object Repository/OASIS/ADLs-IADLs/adls_sectionGG/adls_GG0170C_dc_l' is clicked on

2019-04-30 10:33:50 - [MESSAGE][PASSED] - Object: 'Object Repository/OASIS/ADLs-IADLs/adls_sectionGG/adls_GG0170C_dc_l' is clicked on

2019-04-30 10:33:50 - [TEST_STEP][PASSED] - setText(findTestObject("OASIS/ADLs-IADLs/adls_sectionGG/adls_GG0170C_dc_l"), "06"): Text '06' is set on object 'Object Repository/OASIS/ADLs-IADLs/adls_sectionGG/adls_GG0170C_dc_l'

2019-04-30 10:33:50 - [MESSAGE][PASSED] - Text '06' is set on object 'Object Repository/OASIS/ADLs-IADLs/adls_sectionGG/adls_GG0170C_dc_l'

2019-04-30 10:33:50 - [TEST_STEP][PASSED] - delay(1): Delayed 1 second(s)

2019-04-30 10:33:51 - [MESSAGE][PASSED] - Delayed 1 second(s)

2019-04-30 10:33:51 - [TEST_STEP][PASSED] - click(findTestObject("OASIS/ADLs-IADLs/adls_sectionGG/adls_GG0170C_soc_m")): Object: 'Object Repository/OASIS/ADLs-IADLs/adls_sectionGG/adls_GG0170C_soc_m' is clicked on

2019-04-30 10:33:51 - [MESSAGE][PASSED] - Object: 'Object Repository/OASIS/ADLs-IADLs/adls_sectionGG/adls_GG0170C_soc_m' is clicked on

2019-04-30 10:33:51 - [TEST_STEP][PASSED] - setText(findTestObject("OASIS/ADLs-IADLs/adls_sectionGG/adls_GG0170C_soc_m"), "06"): Text '06' is set on object 'Object Repository/OASIS/ADLs-IADLs/adls_sectionGG/adls_GG0170C_soc_m'

2019-04-30 10:33:52 - [MESSAGE][PASSED] - Text '06' is set on object 'Object Repository/OASIS/ADLs-IADLs/adls_sectionGG/adls_GG0170C_soc_m'

2019-04-30 10:33:52 - [TEST_STEP][PASSED] - click(findTestObject("OASIS/ADLs-IADLs/adls_sectionGG/adls_GG0170C_dc_m")): Object: 'Object Repository/OASIS/ADLs-IADLs/adls_sectionGG/adls_GG0170C_dc_m' is clicked on

2019-04-30 10:33:52 - [MESSAGE][PASSED] - Object: 'Object Repository/OASIS/ADLs-IADLs/adls_sectionGG/adls_GG0170C_dc_m' is clicked on

2019-04-30 10:33:52 - [TEST_STEP][PASSED] - setText(findTestObject("OASIS/ADLs-IADLs/adls_sectionGG/adls_GG0170C_dc_m"), "06"): Text '06' is set on object 'Object Repository/OASIS/ADLs-IADLs/adls_sectionGG/adls_GG0170C_dc_m'

2019-04-30 10:33:52 - [MESSAGE][PASSED] - Text '06' is set on object 'Object Repository/OASIS/ADLs-IADLs/adls_sectionGG/adls_GG0170C_dc_m'

2019-04-30 10:33:52 - [TEST_STEP][PASSED] - delay(1): Delayed 1 second(s)

2019-04-30 10:33:53 - [MESSAGE][PASSED] - Delayed 1 second(s)

2019-04-30 10:33:53 - [TEST_STEP][PASSED] - click(findTestObject("OASIS/ADLs-IADLs/adls_sectionGG/adls_GG0170C_soc_n")): Object: 'Object Repository/OASIS/ADLs-IADLs/adls_sectionGG/adls_GG0170C_soc_n' is clicked on

2019-04-30 10:33:53 - [MESSAGE][PASSED] - Object: 'Object Repository/OASIS/ADLs-IADLs/adls_sectionGG/adls_GG0170C_soc_n' is clicked on

2019-04-30 10:33:53 - [TEST_STEP][PASSED] - setText(findTestObject("OASIS/ADLs-IADLs/adls_sectionGG/adls_GG0170C_soc_n"), "06"): Text '06' is set on object 'Object Repository/OASIS/ADLs-IADLs/adls_sectionGG/adls_GG0170C_soc_n'

2019-04-30 10:33:53 - [MESSAGE][PASSED] - Text '06' is set on object 'Object Repository/OASIS/ADLs-IADLs/adls_sectionGG/adls_GG0170C_soc_n'

2019-04-30 10:33:53 - [TEST_STEP][PASSED] - click(findTestObject("OASIS/ADLs-IADLs/adls_sectionGG/adls_GG0170C_dc_n")): Object: 'Object Repository/OASIS/ADLs-IADLs/adls_sectionGG/adls_GG0170C_dc_n' is clicked on

2019-04-30 10:33:53 - [MESSAGE][PASSED] - Object: 'Object Repository/OASIS/ADLs-IADLs/adls_sectionGG/adls_GG0170C_dc_n' is clicked on

2019-04-30 10:33:53 - [TEST_STEP][PASSED] - setText(findTestObject("OASIS/ADLs-IADLs/adls_sectionGG/adls_GG0170C_dc_n"), "06"): Text '06' is set on object 'Object Repository/OASIS/ADLs-IADLs/adls_sectionGG/adls_GG0170C_dc_n'

2019-04-30 10:33:53 - [MESSAGE][PASSED] - Text '06' is set on object 'Object Repository/OASIS/ADLs-IADLs/adls_sectionGG/adls_GG0170C_dc_n'

2019-04-30 10:33:53 - [TEST_STEP][PASSED] - delay(1): Delayed 1 second(s)

2019-04-30 10:33:54 - [MESSAGE][PASSED] - Delayed 1 second(s)

2019-04-30 10:33:54 - [TEST_STEP][PASSED] - click(findTestObject("OASIS/ADLs-IADLs/adls_sectionGG/adls_GG0170C_soc_o")): Object: 'Object Repository/OASIS/ADLs-IADLs/adls_sectionGG/adls_GG0170C_soc_o' is clicked on

2019-04-30 10:33:54 - [MESSAGE][PASSED] - Object: 'Object Repository/OASIS/ADLs-IADLs/adls_sectionGG/adls_GG0170C_soc_o' is clicked on

2019-04-30 10:33:54 - [TEST_STEP][PASSED] - setText(findTestObject("OASIS/ADLs-IADLs/adls_sectionGG/adls_GG0170C_soc_o"), "06"): Text '06' is set on object 'Object Repository/OASIS/ADLs-IADLs/adls_sectionGG/adls_GG0170C_soc_o'

2019-04-30 10:33:54 - [MESSAGE][PASSED] - Text '06' is set on object 'Object Repository/OASIS/ADLs-IADLs/adls_sectionGG/adls_GG0170C_soc_o'

2019-04-30 10:33:54 - [TEST_STEP][PASSED] - click(findTestObject("OASIS/ADLs-IADLs/adls_sectionGG/adls_GG0170C_dc_o")): Object: 'Object Repository/OASIS/ADLs-IADLs/adls_sectionGG/adls_GG0170C_dc_o' is clicked on

2019-04-30 10:33:55 - [MESSAGE][PASSED] - Object: 'Object Repository/OASIS/ADLs-IADLs/adls_sectionGG/adls_GG0170C_dc_o' is clicked on

2019-04-30 10:33:55 - [TEST_STEP][PASSED] - setText(findTestObject("OASIS/ADLs-IADLs/adls_sectionGG/adls_GG0170C_dc_o"), "06"): Text '06' is set on object 'Object Repository/OASIS/ADLs-IADLs/adls_sectionGG/adls_GG0170C_dc_o'

2019-04-30 10:33:55 - [MESSAGE][PASSED] - Text '06' is set on object 'Object Repository/OASIS/ADLs-IADLs/adls_sectionGG/adls_GG0170C_dc_o'

2019-04-30 10:33:55 - [TEST_STEP][PASSED] - delay(1): Delayed 1 second(s)

2019-04-30 10:33:56 - [MESSAGE][PASSED] - Delayed 1 second(s)

2019-04-30 10:33:56 - [TEST_STEP][PASSED] - click(findTestObject("OASIS/ADLs-IADLs/adls_sectionGG/adls_GG0170C_soc_p")): Object: 'Object Repository/OASIS/ADLs-IADLs/adls_sectionGG/adls_GG0170C_soc_p' is clicked on

2019-04-30 10:33:56 - [MESSAGE][PASSED] - Object: 'Object Repository/OASIS/ADLs-IADLs/adls_sectionGG/adls_GG0170C_soc_p' is clicked on

2019-04-30 10:33:56 - [TEST_STEP][PASSED] - setText(findTestObject("OASIS/ADLs-IADLs/adls_sectionGG/adls_GG0170C_soc_p"), "06"): Text '06' is set on object 'Object Repository/OASIS/ADLs-IADLs/adls_sectionGG/adls_GG0170C_soc_p'

2019-04-30 10:33:56 - [MESSAGE][PASSED] - Text '06' is set on object 'Object Repository/OASIS/ADLs-IADLs/adls_sectionGG/adls_GG0170C_soc_p'

2019-04-30 10:33:56 - [TEST_STEP][PASSED] - click(findTestObject("OASIS/ADLs-IADLs/adls_sectionGG/adls_GG0170C_dc_p")): Object: 'Object Repository/OASIS/ADLs-IADLs/adls_sectionGG/adls_GG0170C_dc_p' is clicked on

2019-04-30 10:33:56 - [MESSAGE][PASSED] - Object: 'Object Repository/OASIS/ADLs-IADLs/adls_sectionGG/adls_GG0170C_dc_p' is clicked on

2019-04-30 10:33:56 - [TEST_STEP][PASSED] - setText(findTestObject("OASIS/ADLs-IADLs/adls_sectionGG/adls_GG0170C_dc_p"), "06"): Text '06' is set on object 'Object Repository/OASIS/ADLs-IADLs/adls_sectionGG/adls_GG0170C_dc_p'

2019-04-30 10:33:56 - [MESSAGE][PASSED] - Text '06' is set on object 'Object Repository/OASIS/ADLs-IADLs/adls_sectionGG/adls_GG0170C_dc_p'

2019-04-30 10:33:56 - [TEST_STEP][PASSED] - delay(1): Delayed 1 second(s)

2019-04-30 10:33:57 - [MESSAGE][PASSED] - Delayed 1 second(s)

2019-04-30 10:33:57 - [TEST_STEP][PASSED] - click(findTestObject("OASIS/ADLs-IADLs/adls_sectionGG/adls_GG0170C_q")): Object: 'Object Repository/OASIS/ADLs-IADLs/adls_sectionGG/adls_GG0170C_q' is clicked on

2019-04-30 10:33:57 - [MESSAGE][PASSED] - Object: 'Object Repository/OASIS/ADLs-IADLs/adls_sectionGG/adls_GG0170C_q' is clicked on

2019-04-30 10:33:57 - [TEST_STEP][PASSED] - setText(findTestObject("OASIS/ADLs-IADLs/adls_sectionGG/adls_GG0170C_q"), "1"): Text '1' is set on object 'Object Repository/OASIS/ADLs-IADLs/adls_sectionGG/adls_GG0170C_q'

2019-04-30 10:33:57 - [MESSAGE][PASSED] - Text '1' is set on object 'Object Repository/OASIS/ADLs-IADLs/adls_sectionGG/adls_GG0170C_q'

2019-04-30 10:33:57 - [TEST_STEP][PASSED] - delay(1): Delayed 1 second(s)

2019-04-30 10:33:58 - [MESSAGE][PASSED] - Delayed 1 second(s)

2019-04-30 10:33:58 - [TEST_STEP][PASSED] - click(findTestObject("OASIS/ADLs-IADLs/adls_sectionGG/adls_GG0170C_soc_r")): Object: 'Object Repository/OASIS/ADLs-IADLs/adls_sectionGG/adls_GG0170C_soc_r' is clicked on

2019-04-30 10:33:58 - [MESSAGE][PASSED] - Object: 'Object Repository/OASIS/ADLs-IADLs/adls_sectionGG/adls_GG0170C_soc_r' is clicked on

2019-04-30 10:33:58 - [TEST_STEP][PASSED] - setText(findTestObject("OASIS/ADLs-IADLs/adls_sectionGG/adls_GG0170C_soc_r"), "06"): Text '06' is set on object 'Object Repository/OASIS/ADLs-IADLs/adls_sectionGG/adls_GG0170C_soc_r'

2019-04-30 10:33:59 - [MESSAGE][PASSED] - Text '06' is set on object 'Object Repository/OASIS/ADLs-IADLs/adls_sectionGG/adls_GG0170C_soc_r'

2019-04-30 10:33:59 - [TEST_STEP][PASSED] - click(findTestObject("OASIS/ADLs-IADLs/adls_sectionGG/adls_GG0170C_dc_r")): Object: 'Object Repository/OASIS/ADLs-IADLs/adls_sectionGG/adls_GG0170C_dc_r' is clicked on

2019-04-30 10:33:59 - [MESSAGE][PASSED] - Object: 'Object Repository/OASIS/ADLs-IADLs/adls_sectionGG/adls_GG0170C_dc_r' is clicked on

2019-04-30 10:33:59 - [TEST_STEP][PASSED] - setText(findTestObject("OASIS/ADLs-IADLs/adls_sectionGG/adls_GG0170C_dc_r"), "06"): Text '06' is set on object 'Object Repository/OASIS/ADLs-IADLs/adls_sectionGG/adls_GG0170C_dc_r'

2019-04-30 10:33:59 - [MESSAGE][PASSED] - Text '06' is set on object 'Object Repository/OASIS/ADLs-IADLs/adls_sectionGG/adls_GG0170C_dc_r'

2019-04-30 10:33:59 - [TEST_STEP][PASSED] - delay(1): Delayed 1 second(s)

2019-04-30 10:34:00 - [MESSAGE][PASSED] - Delayed 1 second(s)

2019-04-30 10:34:00 - [TEST_STEP][PASSED] - click(findTestObject("OASIS/ADLs-IADLs/adls_sectionGG/adls_GG0170C_rr1")): Object: 'Object Repository/OASIS/ADLs-IADLs/adls_sectionGG/adls_GG0170C_rr1' is clicked on

2019-04-30 10:34:00 - [MESSAGE][PASSED] - Object: 'Object Repository/OASIS/ADLs-IADLs/adls_sectionGG/adls_GG0170C_rr1' is clicked on

2019-04-30 10:34:00 - [TEST_STEP][PASSED] - setText(findTestObject("OASIS/ADLs-IADLs/adls_sectionGG/adls_GG0170C_rr1"), "1"): Text '1' is set on object 'Object Repository/OASIS/ADLs-IADLs/adls_sectionGG/adls_GG0170C_rr1'

2019-04-30 10:34:00 - [MESSAGE][PASSED] - Text '1' is set on object 'Object Repository/OASIS/ADLs-IADLs/adls_sectionGG/adls_GG0170C_rr1'

2019-04-30 10:34:00 - [TEST_STEP][PASSED] - delay(1): Delayed 1 second(s)

2019-04-30 10:34:01 - [MESSAGE][PASSED] - Delayed 1 second(s)

2019-04-30 10:34:01 - [TEST_STEP][PASSED] - click(findTestObject("OASIS/ADLs-IADLs/adls_sectionGG/adls_GG0170C_soc_s")): Object: 'Object Repository/OASIS/ADLs-IADLs/adls_sectionGG/adls_GG0170C_soc_s' is clicked on

2019-04-30 10:34:01 - [MESSAGE][PASSED] - Object: 'Object Repository/OASIS/ADLs-IADLs/adls_sectionGG/adls_GG0170C_soc_s' is clicked on

2019-04-30 10:34:01 - [TEST_STEP][PASSED] - setText(findTestObject("OASIS/ADLs-IADLs/adls_sectionGG/adls_GG0170C_soc_s"), "06"): Text '06' is set on object 'Object Repository/OASIS/ADLs-IADLs/adls_sectionGG/adls_GG0170C_soc_s'

2019-04-30 10:34:01 - [MESSAGE][PASSED] - Text '06' is set on object 'Object Repository/OASIS/ADLs-IADLs/adls_sectionGG/adls_GG0170C_soc_s'

2019-04-30 10:34:01 - [TEST_STEP][PASSED] - click(findTestObject("OASIS/ADLs-IADLs/adls_sectionGG/adls_GG0170C_dc_s")): Object: 'Object Repository/OASIS/ADLs-IADLs/adls_sectionGG/adls_GG0170C_dc_s' is clicked on

2019-04-30 10:34:01 - [MESSAGE][PASSED] - Object: 'Object Repository/OASIS/ADLs-IADLs/adls_sectionGG/adls_GG0170C_dc_s' is clicked on

2019-04-30 10:34:01 - [TEST_STEP][PASSED] - setText(findTestObject("OASIS/ADLs-IADLs/adls_sectionGG/adls_GG0170C_dc_s"), "06"): Text '06' is set on object 'Object Repository/OASIS/ADLs-IADLs/adls_sectionGG/adls_GG0170C_dc_s'

2019-04-30 10:34:01 - [MESSAGE][PASSED] - Text '06' is set on object 'Object Repository/OASIS/ADLs-IADLs/adls_sectionGG/adls_GG0170C_dc_s'

2019-04-30 10:34:01 - [TEST_STEP][PASSED] - delay(1): Delayed 1 second(s)

2019-04-30 10:34:02 - [MESSAGE][PASSED] - Delayed 1 second(s)

2019-04-30 10:34:02 - [TEST_STEP][PASSED] - click(findTestObject("OASIS/ADLs-IADLs/adls_sectionGG/adls_GG0170C_ss1")): Object: 'Object Repository/OASIS/ADLs-IADLs/adls_sectionGG/adls_GG0170C_ss1' is clicked on

2019-04-30 10:34:02 - [MESSAGE][PASSED] - Object: 'Object Repository/OASIS/ADLs-IADLs/adls_sectionGG/adls_GG0170C_ss1' is clicked on

2019-04-30 10:34:02 - [TEST_STEP][PASSED] - setText(findTestObject("OASIS/ADLs-IADLs/adls_sectionGG/adls_GG0170C_ss1"), "1"): Text '1' is set on object 'Object Repository/OASIS/ADLs-IADLs/adls_sectionGG/adls_GG0170C_ss1'

2019-04-30 10:34:03 - [MESSAGE][PASSED] - Text '1' is set on object 'Object Repository/OASIS/ADLs-IADLs/adls_sectionGG/adls_GG0170C_ss1'

2019-04-30 10:34:03 - [TEST_STEP][PASSED] - delay(5): Delayed 5 second(s)

2019-04-30 10:34:08 - [MESSAGE][PASSED] - Delayed 5 second(s)

2019-04-30 10:34:08 - [TEST_STEP][PASSED] - click(findTestObject("OASIS/OASIS_TABS/discardchangesbtn")): Object: 'Object Repository/OASIS/OASIS_TABS/discardchangesbtn' is clicked on

2019-04-30 10:34:08 - [MESSAGE][PASSED] - Object: 'Object Repository/OASIS/OASIS_TABS/discardchangesbtn' is clicked on

2019-04-30 10:34:08 - [TEST_STEP][PASSED] - click(findTestObject("OASIS/OASIS_TABS/discardchangesmodalbtn")): Object: 'Object Repository/OASIS/OASIS_TABS/discardchangesmodalbtn' is clicked on

2019-04-30 10:34:08 - [MESSAGE][PASSED] - Object: 'Object Repository/OASIS/OASIS_TABS/discardchangesmodalbtn' is clicked on]]></system-out>
         <system-err><![CDATA[]]></system-err>
      </testcase>
      <testcase name="Test Cases/OASIS_SOC/Medications" classname="Test Cases/OASIS_SOC/Medications" status="FAILED">
         <failure type="FAILED" message="Test Cases/OASIS_SOC/Medications FAILED.
Reason:
com.kms.katalon.core.exception.StepFailedException: Unable to click on object 'Object Repository/OASIS/OASIS_TABS/Medications_tab'
	at com.kms.katalon.core.webui.keyword.internal.WebUIKeywordMain.stepFailed(WebUIKeywordMain.groovy:64)
	at com.kms.katalon.core.webui.keyword.internal.WebUIKeywordMain.runKeyword(WebUIKeywordMain.groovy:26)
	at com.kms.katalon.core.webui.keyword.builtin.ClickKeyword.click(ClickKeyword.groovy:86)
	at com.kms.katalon.core.webui.keyword.builtin.ClickKeyword.execute(ClickKeyword.groovy:67)
	at com.kms.katalon.core.keyword.internal.KeywordExecutor.executeKeywordForPlatform(KeywordExecutor.groovy:56)
	at com.kms.katalon.core.webui.keyword.WebUiBuiltInKeywords.click(WebUiBuiltInKeywords.groovy:616)
	at com.kms.katalon.core.webui.keyword.WebUiBuiltInKeywords$click$3.call(Unknown Source)
	at Medications.run(Medications:16)
	at com.kms.katalon.core.main.ScriptEngine.run(ScriptEngine.java:194)
	at com.kms.katalon.core.main.ScriptEngine.runScriptAsRawText(ScriptEngine.java:119)
	at com.kms.katalon.core.main.TestCaseExecutor.runScript(TestCaseExecutor.java:342)
	at com.kms.katalon.core.main.TestCaseExecutor.doExecute(TestCaseExecutor.java:333)
	at com.kms.katalon.core.main.TestCaseExecutor.processExecutionPhase(TestCaseExecutor.java:312)
	at com.kms.katalon.core.main.TestCaseExecutor.accessMainPhase(TestCaseExecutor.java:304)
	at com.kms.katalon.core.main.TestCaseExecutor.execute(TestCaseExecutor.java:238)
	at com.kms.katalon.core.main.TestSuiteExecutor.accessTestCaseMainPhase(TestSuiteExecutor.java:129)
	at com.kms.katalon.core.main.TestSuiteExecutor.accessTestSuiteMainPhase(TestSuiteExecutor.java:112)
	at com.kms.katalon.core.main.TestSuiteExecutor.execute(TestSuiteExecutor.java:81)
	at com.kms.katalon.core.main.TestCaseMain.startTestSuite(TestCaseMain.java:157)
	at com.kms.katalon.core.main.TestCaseMain$startTestSuite$0.call(Unknown Source)
	at TempTestSuite1556591433627.run(TempTestSuite1556591433627.groovy:35)
Caused by: org.openqa.selenium.WebDriverException: unknown error: Element &lt;div class=&quot;oasis-section-tabs ng-binding ng-scope&quot; ng-if=&quot;list.title!=''&quot; style=&quot;text-transform: none;&quot;>...&lt;/div> is not clickable at point (467, 158). Other element would receive the click: &lt;div class=&quot;swal2-overlay&quot; tabindex=&quot;-1&quot; style=&quot;display: block; opacity: 0.07;&quot;>&lt;/div>
  (Session info: chrome=73.0.3683.103)
  (Driver info: chromedriver=73.0.3683.68 (47787ec04b6e38e22703e856e101e840b65afe72),platform=Windows NT 10.0.17134 x86_64) (WARNING: The server did not provide any stacktrace information)
Command duration or timeout: 0 milliseconds
Build info: version: '3.7.1', revision: '8a0099a', time: '2017-11-06T21:07:36.161Z'
System info: host: 'DESKTOP-IKQI3RS', ip: '192.168.2.37', os.name: 'Windows 10', os.arch: 'amd64', os.version: '10.0', java.version: '1.8.0_181'
Driver info: com.kms.katalon.selenium.driver.CChromeDriver
Capabilities {acceptInsecureCerts: false, acceptSslCerts: false, applicationCacheEnabled: false, browserConnectionEnabled: false, browserName: chrome, chrome: {chromedriverVersion: 73.0.3683.68 (47787ec04b6e3..., userDataDir: C:\Users\KHENAR~1\AppData\L...}, cssSelectorsEnabled: true, databaseEnabled: false, goog:chromeOptions: {debuggerAddress: localhost:51666}, handlesAlerts: true, hasTouchScreen: false, javascriptEnabled: true, locationContextEnabled: true, mobileEmulationEnabled: false, nativeEvents: true, networkConnectionEnabled: false, pageLoadStrategy: normal, platform: XP, platformName: XP, proxy: Proxy(direct), rotatable: false, setWindowRect: true, strictFileInteractability: false, takesHeapSnapshot: true, takesScreenshot: true, timeouts: {implicit: 0, pageLoad: 300000, script: 30000}, unexpectedAlertBehaviour: ignore, unhandledPromptBehavior: ignore, version: 73.0.3683.103, webStorageEnabled: true}
Session ID: 4f20c918cb329afd1a2f6869a4b07d7a
	at org.openqa.selenium.remote.ErrorHandler.createThrowable(ErrorHandler.java:214)
	at org.openqa.selenium.remote.ErrorHandler.throwIfResponseFailed(ErrorHandler.java:166)
	at org.openqa.selenium.remote.http.JsonHttpResponseCodec.reconstructValue(JsonHttpResponseCodec.java:40)
	at org.openqa.selenium.remote.http.AbstractHttpResponseCodec.decode(AbstractHttpResponseCodec.java:80)
	at org.openqa.selenium.remote.http.AbstractHttpResponseCodec.decode(AbstractHttpResponseCodec.java:44)
	at org.openqa.selenium.remote.HttpCommandExecutor.execute(HttpCommandExecutor.java:164)
	at org.openqa.selenium.remote.service.DriverCommandExecutor.execute(DriverCommandExecutor.java:83)
	at org.openqa.selenium.remote.RemoteWebDriver.execute(RemoteWebDriver.java:600)
	at com.kms.katalon.selenium.driver.CChromeDriver.execute(CChromeDriver.java:20)
	at org.openqa.selenium.remote.RemoteWebElement.execute(RemoteWebElement.java:279)
	at org.openqa.selenium.remote.RemoteWebElement.click(RemoteWebElement.java:83)
	at com.kms.katalon.core.webui.keyword.builtin.ClickKeyword$_click_closure1.doCall(ClickKeyword.groovy:79)
	at com.kms.katalon.core.webui.keyword.builtin.ClickKeyword$_click_closure1.call(ClickKeyword.groovy)
	at com.kms.katalon.core.webui.keyword.internal.WebUIKeywordMain.runKeyword(WebUIKeywordMain.groovy:20)
	at com.kms.katalon.core.webui.keyword.builtin.ClickKeyword.click(ClickKeyword.groovy:86)
	at com.kms.katalon.core.webui.keyword.builtin.ClickKeyword.execute(ClickKeyword.groovy:67)
	at com.kms.katalon.core.keyword.internal.KeywordExecutor.executeKeywordForPlatform(KeywordExecutor.groovy:56)
	at com.kms.katalon.core.webui.keyword.WebUiBuiltInKeywords.click(WebUiBuiltInKeywords.groovy:616)
	at com.kms.katalon.core.webui.keyword.WebUiBuiltInKeywords$click$3.call(Unknown Source)
	at Script1556160320314.run(Script1556160320314.groovy:16)
	... 13 more
"/>
         <system-out><![CDATA[2019-04-30 10:34:08 - [TEST_CASE][FAILED] - Test Cases/OASIS_SOC/Medications: Test Cases/OASIS_SOC/Medications FAILED.
Reason:
com.kms.katalon.core.exception.StepFailedException: Unable to click on object 'Object Repository/OASIS/OASIS_TABS/Medications_tab'
	at com.kms.katalon.core.webui.keyword.internal.WebUIKeywordMain.stepFailed(WebUIKeywordMain.groovy:64)
	at com.kms.katalon.core.webui.keyword.internal.WebUIKeywordMain.runKeyword(WebUIKeywordMain.groovy:26)
	at com.kms.katalon.core.webui.keyword.builtin.ClickKeyword.click(ClickKeyword.groovy:86)
	at com.kms.katalon.core.webui.keyword.builtin.ClickKeyword.execute(ClickKeyword.groovy:67)
	at com.kms.katalon.core.keyword.internal.KeywordExecutor.executeKeywordForPlatform(KeywordExecutor.groovy:56)
	at com.kms.katalon.core.webui.keyword.WebUiBuiltInKeywords.click(WebUiBuiltInKeywords.groovy:616)
	at com.kms.katalon.core.webui.keyword.WebUiBuiltInKeywords$click$3.call(Unknown Source)
	at Medications.run(Medications:16)
	at com.kms.katalon.core.main.ScriptEngine.run(ScriptEngine.java:194)
	at com.kms.katalon.core.main.ScriptEngine.runScriptAsRawText(ScriptEngine.java:119)
	at com.kms.katalon.core.main.TestCaseExecutor.runScript(TestCaseExecutor.java:342)
	at com.kms.katalon.core.main.TestCaseExecutor.doExecute(TestCaseExecutor.java:333)
	at com.kms.katalon.core.main.TestCaseExecutor.processExecutionPhase(TestCaseExecutor.java:312)
	at com.kms.katalon.core.main.TestCaseExecutor.accessMainPhase(TestCaseExecutor.java:304)
	at com.kms.katalon.core.main.TestCaseExecutor.execute(TestCaseExecutor.java:238)
	at com.kms.katalon.core.main.TestSuiteExecutor.accessTestCaseMainPhase(TestSuiteExecutor.java:129)
	at com.kms.katalon.core.main.TestSuiteExecutor.accessTestSuiteMainPhase(TestSuiteExecutor.java:112)
	at com.kms.katalon.core.main.TestSuiteExecutor.execute(TestSuiteExecutor.java:81)
	at com.kms.katalon.core.main.TestCaseMain.startTestSuite(TestCaseMain.java:157)
	at com.kms.katalon.core.main.TestCaseMain$startTestSuite$0.call(Unknown Source)
	at TempTestSuite1556591433627.run(TempTestSuite1556591433627.groovy:35)
Caused by: org.openqa.selenium.WebDriverException: unknown error: Element <div class="oasis-section-tabs ng-binding ng-scope" ng-if="list.title!=''" style="text-transform: none;">...</div> is not clickable at point (467, 158). Other element would receive the click: <div class="swal2-overlay" tabindex="-1" style="display: block; opacity: 0.07;"></div>
  (Session info: chrome=73.0.3683.103)
  (Driver info: chromedriver=73.0.3683.68 (47787ec04b6e38e22703e856e101e840b65afe72),platform=Windows NT 10.0.17134 x86_64) (WARNING: The server did not provide any stacktrace information)
Command duration or timeout: 0 milliseconds
Build info: version: '3.7.1', revision: '8a0099a', time: '2017-11-06T21:07:36.161Z'
System info: host: 'DESKTOP-IKQI3RS', ip: '192.168.2.37', os.name: 'Windows 10', os.arch: 'amd64', os.version: '10.0', java.version: '1.8.0_181'
Driver info: com.kms.katalon.selenium.driver.CChromeDriver
Capabilities {acceptInsecureCerts: false, acceptSslCerts: false, applicationCacheEnabled: false, browserConnectionEnabled: false, browserName: chrome, chrome: {chromedriverVersion: 73.0.3683.68 (47787ec04b6e3..., userDataDir: C:\Users\KHENAR~1\AppData\L...}, cssSelectorsEnabled: true, databaseEnabled: false, goog:chromeOptions: {debuggerAddress: localhost:51666}, handlesAlerts: true, hasTouchScreen: false, javascriptEnabled: true, locationContextEnabled: true, mobileEmulationEnabled: false, nativeEvents: true, networkConnectionEnabled: false, pageLoadStrategy: normal, platform: XP, platformName: XP, proxy: Proxy(direct), rotatable: false, setWindowRect: true, strictFileInteractability: false, takesHeapSnapshot: true, takesScreenshot: true, timeouts: {implicit: 0, pageLoad: 300000, script: 30000}, unexpectedAlertBehaviour: ignore, unhandledPromptBehavior: ignore, version: 73.0.3683.103, webStorageEnabled: true}
Session ID: 4f20c918cb329afd1a2f6869a4b07d7a
	at org.openqa.selenium.remote.ErrorHandler.createThrowable(ErrorHandler.java:214)
	at org.openqa.selenium.remote.ErrorHandler.throwIfResponseFailed(ErrorHandler.java:166)
	at org.openqa.selenium.remote.http.JsonHttpResponseCodec.reconstructValue(JsonHttpResponseCodec.java:40)
	at org.openqa.selenium.remote.http.AbstractHttpResponseCodec.decode(AbstractHttpResponseCodec.java:80)
	at org.openqa.selenium.remote.http.AbstractHttpResponseCodec.decode(AbstractHttpResponseCodec.java:44)
	at org.openqa.selenium.remote.HttpCommandExecutor.execute(HttpCommandExecutor.java:164)
	at org.openqa.selenium.remote.service.DriverCommandExecutor.execute(DriverCommandExecutor.java:83)
	at org.openqa.selenium.remote.RemoteWebDriver.execute(RemoteWebDriver.java:600)
	at com.kms.katalon.selenium.driver.CChromeDriver.execute(CChromeDriver.java:20)
	at org.openqa.selenium.remote.RemoteWebElement.execute(RemoteWebElement.java:279)
	at org.openqa.selenium.remote.RemoteWebElement.click(RemoteWebElement.java:83)
	at com.kms.katalon.core.webui.keyword.builtin.ClickKeyword$_click_closure1.doCall(ClickKeyword.groovy:79)
	at com.kms.katalon.core.webui.keyword.builtin.ClickKeyword$_click_closure1.call(ClickKeyword.groovy)
	at com.kms.katalon.core.webui.keyword.internal.WebUIKeywordMain.runKeyword(WebUIKeywordMain.groovy:20)
	at com.kms.katalon.core.webui.keyword.builtin.ClickKeyword.click(ClickKeyword.groovy:86)
	at com.kms.katalon.core.webui.keyword.builtin.ClickKeyword.execute(ClickKeyword.groovy:67)
	at com.kms.katalon.core.keyword.internal.KeywordExecutor.executeKeywordForPlatform(KeywordExecutor.groovy:56)
	at com.kms.katalon.core.webui.keyword.WebUiBuiltInKeywords.click(WebUiBuiltInKeywords.groovy:616)
	at com.kms.katalon.core.webui.keyword.WebUiBuiltInKeywords$click$3.call(Unknown Source)
	at Script1556160320314.run(Script1556160320314.groovy:16)
	... 13 more


2019-04-30 10:34:08 - [TEST_STEP][FAILED] - click(findTestObject("OASIS/OASIS_TABS/Medications_tab")): click(findTestObject("OASIS/OASIS_TABS/Medications_tab")) FAILED.
Reason:
com.kms.katalon.core.exception.StepFailedException: Unable to click on object 'Object Repository/OASIS/OASIS_TABS/Medications_tab'
	at com.kms.katalon.core.webui.keyword.internal.WebUIKeywordMain.stepFailed(WebUIKeywordMain.groovy:64)
	at com.kms.katalon.core.webui.keyword.internal.WebUIKeywordMain.runKeyword(WebUIKeywordMain.groovy:26)
	at com.kms.katalon.core.webui.keyword.builtin.ClickKeyword.click(ClickKeyword.groovy:86)
	at com.kms.katalon.core.webui.keyword.builtin.ClickKeyword.execute(ClickKeyword.groovy:67)
	at com.kms.katalon.core.keyword.internal.KeywordExecutor.executeKeywordForPlatform(KeywordExecutor.groovy:56)
	at com.kms.katalon.core.webui.keyword.WebUiBuiltInKeywords.click(WebUiBuiltInKeywords.groovy:616)
	at com.kms.katalon.core.webui.keyword.WebUiBuiltInKeywords$click$3.call(Unknown Source)
	at Medications.run(Medications:16)
	at com.kms.katalon.core.main.ScriptEngine.run(ScriptEngine.java:194)
	at com.kms.katalon.core.main.ScriptEngine.runScriptAsRawText(ScriptEngine.java:119)
	at com.kms.katalon.core.main.TestCaseExecutor.runScript(TestCaseExecutor.java:342)
	at com.kms.katalon.core.main.TestCaseExecutor.doExecute(TestCaseExecutor.java:333)
	at com.kms.katalon.core.main.TestCaseExecutor.processExecutionPhase(TestCaseExecutor.java:312)
	at com.kms.katalon.core.main.TestCaseExecutor.accessMainPhase(TestCaseExecutor.java:304)
	at com.kms.katalon.core.main.TestCaseExecutor.execute(TestCaseExecutor.java:238)
	at com.kms.katalon.core.main.TestSuiteExecutor.accessTestCaseMainPhase(TestSuiteExecutor.java:129)
	at com.kms.katalon.core.main.TestSuiteExecutor.accessTestSuiteMainPhase(TestSuiteExecutor.java:112)
	at com.kms.katalon.core.main.TestSuiteExecutor.execute(TestSuiteExecutor.java:81)
	at com.kms.katalon.core.main.TestCaseMain.startTestSuite(TestCaseMain.java:157)
	at com.kms.katalon.core.main.TestCaseMain$startTestSuite$0.call(Unknown Source)
	at TempTestSuite1556591433627.run(TempTestSuite1556591433627.groovy:35)
Caused by: org.openqa.selenium.WebDriverException: unknown error: Element <div class="oasis-section-tabs ng-binding ng-scope" ng-if="list.title!=''" style="text-transform: none;">...</div> is not clickable at point (467, 158). Other element would receive the click: <div class="swal2-overlay" tabindex="-1" style="display: block; opacity: 0.07;"></div>
  (Session info: chrome=73.0.3683.103)
  (Driver info: chromedriver=73.0.3683.68 (47787ec04b6e38e22703e856e101e840b65afe72),platform=Windows NT 10.0.17134 x86_64) (WARNING: The server did not provide any stacktrace information)
Command duration or timeout: 0 milliseconds
Build info: version: '3.7.1', revision: '8a0099a', time: '2017-11-06T21:07:36.161Z'
System info: host: 'DESKTOP-IKQI3RS', ip: '192.168.2.37', os.name: 'Windows 10', os.arch: 'amd64', os.version: '10.0', java.version: '1.8.0_181'
Driver info: com.kms.katalon.selenium.driver.CChromeDriver
Capabilities {acceptInsecureCerts: false, acceptSslCerts: false, applicationCacheEnabled: false, browserConnectionEnabled: false, browserName: chrome, chrome: {chromedriverVersion: 73.0.3683.68 (47787ec04b6e3..., userDataDir: C:\Users\KHENAR~1\AppData\L...}, cssSelectorsEnabled: true, databaseEnabled: false, goog:chromeOptions: {debuggerAddress: localhost:51666}, handlesAlerts: true, hasTouchScreen: false, javascriptEnabled: true, locationContextEnabled: true, mobileEmulationEnabled: false, nativeEvents: true, networkConnectionEnabled: false, pageLoadStrategy: normal, platform: XP, platformName: XP, proxy: Proxy(direct), rotatable: false, setWindowRect: true, strictFileInteractability: false, takesHeapSnapshot: true, takesScreenshot: true, timeouts: {implicit: 0, pageLoad: 300000, script: 30000}, unexpectedAlertBehaviour: ignore, unhandledPromptBehavior: ignore, version: 73.0.3683.103, webStorageEnabled: true}
Session ID: 4f20c918cb329afd1a2f6869a4b07d7a
	at org.openqa.selenium.remote.ErrorHandler.createThrowable(ErrorHandler.java:214)
	at org.openqa.selenium.remote.ErrorHandler.throwIfResponseFailed(ErrorHandler.java:166)
	at org.openqa.selenium.remote.http.JsonHttpResponseCodec.reconstructValue(JsonHttpResponseCodec.java:40)
	at org.openqa.selenium.remote.http.AbstractHttpResponseCodec.decode(AbstractHttpResponseCodec.java:80)
	at org.openqa.selenium.remote.http.AbstractHttpResponseCodec.decode(AbstractHttpResponseCodec.java:44)
	at org.openqa.selenium.remote.HttpCommandExecutor.execute(HttpCommandExecutor.java:164)
	at org.openqa.selenium.remote.service.DriverCommandExecutor.execute(DriverCommandExecutor.java:83)
	at org.openqa.selenium.remote.RemoteWebDriver.execute(RemoteWebDriver.java:600)
	at com.kms.katalon.selenium.driver.CChromeDriver.execute(CChromeDriver.java:20)
	at org.openqa.selenium.remote.RemoteWebElement.execute(RemoteWebElement.java:279)
	at org.openqa.selenium.remote.RemoteWebElement.click(RemoteWebElement.java:83)
	at com.kms.katalon.core.webui.keyword.builtin.ClickKeyword$_click_closure1.doCall(ClickKeyword.groovy:79)
	at com.kms.katalon.core.webui.keyword.builtin.ClickKeyword$_click_closure1.call(ClickKeyword.groovy)
	at com.kms.katalon.core.webui.keyword.internal.WebUIKeywordMain.runKeyword(WebUIKeywordMain.groovy:20)
	at com.kms.katalon.core.webui.keyword.builtin.ClickKeyword.click(ClickKeyword.groovy:86)
	at com.kms.katalon.core.webui.keyword.builtin.ClickKeyword.execute(ClickKeyword.groovy:67)
	at com.kms.katalon.core.keyword.internal.KeywordExecutor.executeKeywordForPlatform(KeywordExecutor.groovy:56)
	at com.kms.katalon.core.webui.keyword.WebUiBuiltInKeywords.click(WebUiBuiltInKeywords.groovy:616)
	at com.kms.katalon.core.webui.keyword.WebUiBuiltInKeywords$click$3.call(Unknown Source)
	at Script1556160320314.run(Script1556160320314.groovy:16)
	... 13 more


2019-04-30 10:34:08 - [MESSAGE][FAILED] - Unable to click on object 'Object Repository/OASIS/OASIS_TABS/Medications_tab' (Root cause: com.kms.katalon.core.exception.StepFailedException: Unable to click on object 'Object Repository/OASIS/OASIS_TABS/Medications_tab'
	at com.kms.katalon.core.webui.keyword.internal.WebUIKeywordMain.stepFailed(WebUIKeywordMain.groovy:64)
	at com.kms.katalon.core.webui.keyword.internal.WebUIKeywordMain.runKeyword(WebUIKeywordMain.groovy:26)
	at com.kms.katalon.core.webui.keyword.builtin.ClickKeyword.click(ClickKeyword.groovy:86)
	at com.kms.katalon.core.webui.keyword.builtin.ClickKeyword.execute(ClickKeyword.groovy:67)
	at com.kms.katalon.core.keyword.internal.KeywordExecutor.executeKeywordForPlatform(KeywordExecutor.groovy:56)
	at com.kms.katalon.core.webui.keyword.WebUiBuiltInKeywords.click(WebUiBuiltInKeywords.groovy:616)
	at com.kms.katalon.core.webui.keyword.WebUiBuiltInKeywords$click$3.call(Unknown Source)
	at Medications.run(Medications:16)
	at com.kms.katalon.core.main.ScriptEngine.run(ScriptEngine.java:194)
	at com.kms.katalon.core.main.ScriptEngine.runScriptAsRawText(ScriptEngine.java:119)
	at com.kms.katalon.core.main.TestCaseExecutor.runScript(TestCaseExecutor.java:342)
	at com.kms.katalon.core.main.TestCaseExecutor.doExecute(TestCaseExecutor.java:333)
	at com.kms.katalon.core.main.TestCaseExecutor.processExecutionPhase(TestCaseExecutor.java:312)
	at com.kms.katalon.core.main.TestCaseExecutor.accessMainPhase(TestCaseExecutor.java:304)
	at com.kms.katalon.core.main.TestCaseExecutor.execute(TestCaseExecutor.java:238)
	at com.kms.katalon.core.main.TestSuiteExecutor.accessTestCaseMainPhase(TestSuiteExecutor.java:129)
	at com.kms.katalon.core.main.TestSuiteExecutor.accessTestSuiteMainPhase(TestSuiteExecutor.java:112)
	at com.kms.katalon.core.main.TestSuiteExecutor.execute(TestSuiteExecutor.java:81)
	at com.kms.katalon.core.main.TestCaseMain.startTestSuite(TestCaseMain.java:157)
	at com.kms.katalon.core.main.TestCaseMain$startTestSuite$0.call(Unknown Source)
	at TempTestSuite1556591433627.run(TempTestSuite1556591433627.groovy:35)
Caused by: org.openqa.selenium.WebDriverException: unknown error: Element <div class="oasis-section-tabs ng-binding ng-scope" ng-if="list.title!=''" style="text-transform: none;">...</div> is not clickable at point (467, 158). Other element would receive the click: <div class="swal2-overlay" tabindex="-1" style="display: block; opacity: 0.07;"></div>
  (Session info: chrome=73.0.3683.103)
  (Driver info: chromedriver=73.0.3683.68 (47787ec04b6e38e22703e856e101e840b65afe72),platform=Windows NT 10.0.17134 x86_64) (WARNING: The server did not provide any stacktrace information)
Command duration or timeout: 0 milliseconds
Build info: version: '3.7.1', revision: '8a0099a', time: '2017-11-06T21:07:36.161Z'
System info: host: 'DESKTOP-IKQI3RS', ip: '192.168.2.37', os.name: 'Windows 10', os.arch: 'amd64', os.version: '10.0', java.version: '1.8.0_181'
Driver info: com.kms.katalon.selenium.driver.CChromeDriver
Capabilities {acceptInsecureCerts: false, acceptSslCerts: false, applicationCacheEnabled: false, browserConnectionEnabled: false, browserName: chrome, chrome: {chromedriverVersion: 73.0.3683.68 (47787ec04b6e3..., userDataDir: C:\Users\KHENAR~1\AppData\L...}, cssSelectorsEnabled: true, databaseEnabled: false, goog:chromeOptions: {debuggerAddress: localhost:51666}, handlesAlerts: true, hasTouchScreen: false, javascriptEnabled: true, locationContextEnabled: true, mobileEmulationEnabled: false, nativeEvents: true, networkConnectionEnabled: false, pageLoadStrategy: normal, platform: XP, platformName: XP, proxy: Proxy(direct), rotatable: false, setWindowRect: true, strictFileInteractability: false, takesHeapSnapshot: true, takesScreenshot: true, timeouts: {implicit: 0, pageLoad: 300000, script: 30000}, unexpectedAlertBehaviour: ignore, unhandledPromptBehavior: ignore, version: 73.0.3683.103, webStorageEnabled: true}
Session ID: 4f20c918cb329afd1a2f6869a4b07d7a
	at org.openqa.selenium.remote.ErrorHandler.createThrowable(ErrorHandler.java:214)
	at org.openqa.selenium.remote.ErrorHandler.throwIfResponseFailed(ErrorHandler.java:166)
	at org.openqa.selenium.remote.http.JsonHttpResponseCodec.reconstructValue(JsonHttpResponseCodec.java:40)
	at org.openqa.selenium.remote.http.AbstractHttpResponseCodec.decode(AbstractHttpResponseCodec.java:80)
	at org.openqa.selenium.remote.http.AbstractHttpResponseCodec.decode(AbstractHttpResponseCodec.java:44)
	at org.openqa.selenium.remote.HttpCommandExecutor.execute(HttpCommandExecutor.java:164)
	at org.openqa.selenium.remote.service.DriverCommandExecutor.execute(DriverCommandExecutor.java:83)
	at org.openqa.selenium.remote.RemoteWebDriver.execute(RemoteWebDriver.java:600)
	at com.kms.katalon.selenium.driver.CChromeDriver.execute(CChromeDriver.java:20)
	at org.openqa.selenium.remote.RemoteWebElement.execute(RemoteWebElement.java:279)
	at org.openqa.selenium.remote.RemoteWebElement.click(RemoteWebElement.java:83)
	at com.kms.katalon.core.webui.keyword.builtin.ClickKeyword$_click_closure1.doCall(ClickKeyword.groovy:79)
	at com.kms.katalon.core.webui.keyword.builtin.ClickKeyword$_click_closure1.call(ClickKeyword.groovy)
	at com.kms.katalon.core.webui.keyword.internal.WebUIKeywordMain.runKeyword(WebUIKeywordMain.groovy:20)
	at com.kms.katalon.core.webui.keyword.builtin.ClickKeyword.click(ClickKeyword.groovy:86)
	at com.kms.katalon.core.webui.keyword.builtin.ClickKeyword.execute(ClickKeyword.groovy:67)
	at com.kms.katalon.core.keyword.internal.KeywordExecutor.executeKeywordForPlatform(KeywordExecutor.groovy:56)
	at com.kms.katalon.core.webui.keyword.WebUiBuiltInKeywords.click(WebUiBuiltInKeywords.groovy:616)
	at com.kms.katalon.core.webui.keyword.WebUiBuiltInKeywords$click$3.call(Unknown Source)
	at Script1556160320314.run(Script1556160320314.groovy:16)
	... 13 more
)
[[ATTACHMENT|C:\\Users\\Khenard Figuracion\\git\\healthcareProject\\Reports\\automation_compiled\\20190430_103033\\1556591648600.png]]

2019-04-30 10:34:08 - [MESSAGE][FAILED] - click(findTestObject("OASIS/OASIS_TABS/Medications_tab")) FAILED.
Reason:
com.kms.katalon.core.exception.StepFailedException: Unable to click on object 'Object Repository/OASIS/OASIS_TABS/Medications_tab'
	at com.kms.katalon.core.webui.keyword.internal.WebUIKeywordMain.stepFailed(WebUIKeywordMain.groovy:64)
	at com.kms.katalon.core.webui.keyword.internal.WebUIKeywordMain.runKeyword(WebUIKeywordMain.groovy:26)
	at com.kms.katalon.core.webui.keyword.builtin.ClickKeyword.click(ClickKeyword.groovy:86)
	at com.kms.katalon.core.webui.keyword.builtin.ClickKeyword.execute(ClickKeyword.groovy:67)
	at com.kms.katalon.core.keyword.internal.KeywordExecutor.executeKeywordForPlatform(KeywordExecutor.groovy:56)
	at com.kms.katalon.core.webui.keyword.WebUiBuiltInKeywords.click(WebUiBuiltInKeywords.groovy:616)
	at com.kms.katalon.core.webui.keyword.WebUiBuiltInKeywords$click$3.call(Unknown Source)
	at Medications.run(Medications:16)
	at com.kms.katalon.core.main.ScriptEngine.run(ScriptEngine.java:194)
	at com.kms.katalon.core.main.ScriptEngine.runScriptAsRawText(ScriptEngine.java:119)
	at com.kms.katalon.core.main.TestCaseExecutor.runScript(TestCaseExecutor.java:342)
	at com.kms.katalon.core.main.TestCaseExecutor.doExecute(TestCaseExecutor.java:333)
	at com.kms.katalon.core.main.TestCaseExecutor.processExecutionPhase(TestCaseExecutor.java:312)
	at com.kms.katalon.core.main.TestCaseExecutor.accessMainPhase(TestCaseExecutor.java:304)
	at com.kms.katalon.core.main.TestCaseExecutor.execute(TestCaseExecutor.java:238)
	at com.kms.katalon.core.main.TestSuiteExecutor.accessTestCaseMainPhase(TestSuiteExecutor.java:129)
	at com.kms.katalon.core.main.TestSuiteExecutor.accessTestSuiteMainPhase(TestSuiteExecutor.java:112)
	at com.kms.katalon.core.main.TestSuiteExecutor.execute(TestSuiteExecutor.java:81)
	at com.kms.katalon.core.main.TestCaseMain.startTestSuite(TestCaseMain.java:157)
	at com.kms.katalon.core.main.TestCaseMain$startTestSuite$0.call(Unknown Source)
	at TempTestSuite1556591433627.run(TempTestSuite1556591433627.groovy:35)
Caused by: org.openqa.selenium.WebDriverException: unknown error: Element <div class="oasis-section-tabs ng-binding ng-scope" ng-if="list.title!=''" style="text-transform: none;">...</div> is not clickable at point (467, 158). Other element would receive the click: <div class="swal2-overlay" tabindex="-1" style="display: block; opacity: 0.07;"></div>
  (Session info: chrome=73.0.3683.103)
  (Driver info: chromedriver=73.0.3683.68 (47787ec04b6e38e22703e856e101e840b65afe72),platform=Windows NT 10.0.17134 x86_64) (WARNING: The server did not provide any stacktrace information)
Command duration or timeout: 0 milliseconds
Build info: version: '3.7.1', revision: '8a0099a', time: '2017-11-06T21:07:36.161Z'
System info: host: 'DESKTOP-IKQI3RS', ip: '192.168.2.37', os.name: 'Windows 10', os.arch: 'amd64', os.version: '10.0', java.version: '1.8.0_181'
Driver info: com.kms.katalon.selenium.driver.CChromeDriver
Capabilities {acceptInsecureCerts: false, acceptSslCerts: false, applicationCacheEnabled: false, browserConnectionEnabled: false, browserName: chrome, chrome: {chromedriverVersion: 73.0.3683.68 (47787ec04b6e3..., userDataDir: C:\Users\KHENAR~1\AppData\L...}, cssSelectorsEnabled: true, databaseEnabled: false, goog:chromeOptions: {debuggerAddress: localhost:51666}, handlesAlerts: true, hasTouchScreen: false, javascriptEnabled: true, locationContextEnabled: true, mobileEmulationEnabled: false, nativeEvents: true, networkConnectionEnabled: false, pageLoadStrategy: normal, platform: XP, platformName: XP, proxy: Proxy(direct), rotatable: false, setWindowRect: true, strictFileInteractability: false, takesHeapSnapshot: true, takesScreenshot: true, timeouts: {implicit: 0, pageLoad: 300000, script: 30000}, unexpectedAlertBehaviour: ignore, unhandledPromptBehavior: ignore, version: 73.0.3683.103, webStorageEnabled: true}
Session ID: 4f20c918cb329afd1a2f6869a4b07d7a
	at org.openqa.selenium.remote.ErrorHandler.createThrowable(ErrorHandler.java:214)
	at org.openqa.selenium.remote.ErrorHandler.throwIfResponseFailed(ErrorHandler.java:166)
	at org.openqa.selenium.remote.http.JsonHttpResponseCodec.reconstructValue(JsonHttpResponseCodec.java:40)
	at org.openqa.selenium.remote.http.AbstractHttpResponseCodec.decode(AbstractHttpResponseCodec.java:80)
	at org.openqa.selenium.remote.http.AbstractHttpResponseCodec.decode(AbstractHttpResponseCodec.java:44)
	at org.openqa.selenium.remote.HttpCommandExecutor.execute(HttpCommandExecutor.java:164)
	at org.openqa.selenium.remote.service.DriverCommandExecutor.execute(DriverCommandExecutor.java:83)
	at org.openqa.selenium.remote.RemoteWebDriver.execute(RemoteWebDriver.java:600)
	at com.kms.katalon.selenium.driver.CChromeDriver.execute(CChromeDriver.java:20)
	at org.openqa.selenium.remote.RemoteWebElement.execute(RemoteWebElement.java:279)
	at org.openqa.selenium.remote.RemoteWebElement.click(RemoteWebElement.java:83)
	at com.kms.katalon.core.webui.keyword.builtin.ClickKeyword$_click_closure1.doCall(ClickKeyword.groovy:79)
	at com.kms.katalon.core.webui.keyword.builtin.ClickKeyword$_click_closure1.call(ClickKeyword.groovy)
	at com.kms.katalon.core.webui.keyword.internal.WebUIKeywordMain.runKeyword(WebUIKeywordMain.groovy:20)
	at com.kms.katalon.core.webui.keyword.builtin.ClickKeyword.click(ClickKeyword.groovy:86)
	at com.kms.katalon.core.webui.keyword.builtin.ClickKeyword.execute(ClickKeyword.groovy:67)
	at com.kms.katalon.core.keyword.internal.KeywordExecutor.executeKeywordForPlatform(KeywordExecutor.groovy:56)
	at com.kms.katalon.core.webui.keyword.WebUiBuiltInKeywords.click(WebUiBuiltInKeywords.groovy:616)
	at com.kms.katalon.core.webui.keyword.WebUiBuiltInKeywords$click$3.call(Unknown Source)
	at Script1556160320314.run(Script1556160320314.groovy:16)
	... 13 more]]></system-out>
         <system-err><![CDATA[2019-04-30 10:34:08 - [TEST_CASE][FAILED] - Test Cases/OASIS_SOC/Medications: Test Cases/OASIS_SOC/Medications FAILED.
Reason:
com.kms.katalon.core.exception.StepFailedException: Unable to click on object 'Object Repository/OASIS/OASIS_TABS/Medications_tab'
	at com.kms.katalon.core.webui.keyword.internal.WebUIKeywordMain.stepFailed(WebUIKeywordMain.groovy:64)
	at com.kms.katalon.core.webui.keyword.internal.WebUIKeywordMain.runKeyword(WebUIKeywordMain.groovy:26)
	at com.kms.katalon.core.webui.keyword.builtin.ClickKeyword.click(ClickKeyword.groovy:86)
	at com.kms.katalon.core.webui.keyword.builtin.ClickKeyword.execute(ClickKeyword.groovy:67)
	at com.kms.katalon.core.keyword.internal.KeywordExecutor.executeKeywordForPlatform(KeywordExecutor.groovy:56)
	at com.kms.katalon.core.webui.keyword.WebUiBuiltInKeywords.click(WebUiBuiltInKeywords.groovy:616)
	at com.kms.katalon.core.webui.keyword.WebUiBuiltInKeywords$click$3.call(Unknown Source)
	at Medications.run(Medications:16)
	at com.kms.katalon.core.main.ScriptEngine.run(ScriptEngine.java:194)
	at com.kms.katalon.core.main.ScriptEngine.runScriptAsRawText(ScriptEngine.java:119)
	at com.kms.katalon.core.main.TestCaseExecutor.runScript(TestCaseExecutor.java:342)
	at com.kms.katalon.core.main.TestCaseExecutor.doExecute(TestCaseExecutor.java:333)
	at com.kms.katalon.core.main.TestCaseExecutor.processExecutionPhase(TestCaseExecutor.java:312)
	at com.kms.katalon.core.main.TestCaseExecutor.accessMainPhase(TestCaseExecutor.java:304)
	at com.kms.katalon.core.main.TestCaseExecutor.execute(TestCaseExecutor.java:238)
	at com.kms.katalon.core.main.TestSuiteExecutor.accessTestCaseMainPhase(TestSuiteExecutor.java:129)
	at com.kms.katalon.core.main.TestSuiteExecutor.accessTestSuiteMainPhase(TestSuiteExecutor.java:112)
	at com.kms.katalon.core.main.TestSuiteExecutor.execute(TestSuiteExecutor.java:81)
	at com.kms.katalon.core.main.TestCaseMain.startTestSuite(TestCaseMain.java:157)
	at com.kms.katalon.core.main.TestCaseMain$startTestSuite$0.call(Unknown Source)
	at TempTestSuite1556591433627.run(TempTestSuite1556591433627.groovy:35)
Caused by: org.openqa.selenium.WebDriverException: unknown error: Element <div class="oasis-section-tabs ng-binding ng-scope" ng-if="list.title!=''" style="text-transform: none;">...</div> is not clickable at point (467, 158). Other element would receive the click: <div class="swal2-overlay" tabindex="-1" style="display: block; opacity: 0.07;"></div>
  (Session info: chrome=73.0.3683.103)
  (Driver info: chromedriver=73.0.3683.68 (47787ec04b6e38e22703e856e101e840b65afe72),platform=Windows NT 10.0.17134 x86_64) (WARNING: The server did not provide any stacktrace information)
Command duration or timeout: 0 milliseconds
Build info: version: '3.7.1', revision: '8a0099a', time: '2017-11-06T21:07:36.161Z'
System info: host: 'DESKTOP-IKQI3RS', ip: '192.168.2.37', os.name: 'Windows 10', os.arch: 'amd64', os.version: '10.0', java.version: '1.8.0_181'
Driver info: com.kms.katalon.selenium.driver.CChromeDriver
Capabilities {acceptInsecureCerts: false, acceptSslCerts: false, applicationCacheEnabled: false, browserConnectionEnabled: false, browserName: chrome, chrome: {chromedriverVersion: 73.0.3683.68 (47787ec04b6e3..., userDataDir: C:\Users\KHENAR~1\AppData\L...}, cssSelectorsEnabled: true, databaseEnabled: false, goog:chromeOptions: {debuggerAddress: localhost:51666}, handlesAlerts: true, hasTouchScreen: false, javascriptEnabled: true, locationContextEnabled: true, mobileEmulationEnabled: false, nativeEvents: true, networkConnectionEnabled: false, pageLoadStrategy: normal, platform: XP, platformName: XP, proxy: Proxy(direct), rotatable: false, setWindowRect: true, strictFileInteractability: false, takesHeapSnapshot: true, takesScreenshot: true, timeouts: {implicit: 0, pageLoad: 300000, script: 30000}, unexpectedAlertBehaviour: ignore, unhandledPromptBehavior: ignore, version: 73.0.3683.103, webStorageEnabled: true}
Session ID: 4f20c918cb329afd1a2f6869a4b07d7a
	at org.openqa.selenium.remote.ErrorHandler.createThrowable(ErrorHandler.java:214)
	at org.openqa.selenium.remote.ErrorHandler.throwIfResponseFailed(ErrorHandler.java:166)
	at org.openqa.selenium.remote.http.JsonHttpResponseCodec.reconstructValue(JsonHttpResponseCodec.java:40)
	at org.openqa.selenium.remote.http.AbstractHttpResponseCodec.decode(AbstractHttpResponseCodec.java:80)
	at org.openqa.selenium.remote.http.AbstractHttpResponseCodec.decode(AbstractHttpResponseCodec.java:44)
	at org.openqa.selenium.remote.HttpCommandExecutor.execute(HttpCommandExecutor.java:164)
	at org.openqa.selenium.remote.service.DriverCommandExecutor.execute(DriverCommandExecutor.java:83)
	at org.openqa.selenium.remote.RemoteWebDriver.execute(RemoteWebDriver.java:600)
	at com.kms.katalon.selenium.driver.CChromeDriver.execute(CChromeDriver.java:20)
	at org.openqa.selenium.remote.RemoteWebElement.execute(RemoteWebElement.java:279)
	at org.openqa.selenium.remote.RemoteWebElement.click(RemoteWebElement.java:83)
	at com.kms.katalon.core.webui.keyword.builtin.ClickKeyword$_click_closure1.doCall(ClickKeyword.groovy:79)
	at com.kms.katalon.core.webui.keyword.builtin.ClickKeyword$_click_closure1.call(ClickKeyword.groovy)
	at com.kms.katalon.core.webui.keyword.internal.WebUIKeywordMain.runKeyword(WebUIKeywordMain.groovy:20)
	at com.kms.katalon.core.webui.keyword.builtin.ClickKeyword.click(ClickKeyword.groovy:86)
	at com.kms.katalon.core.webui.keyword.builtin.ClickKeyword.execute(ClickKeyword.groovy:67)
	at com.kms.katalon.core.keyword.internal.KeywordExecutor.executeKeywordForPlatform(KeywordExecutor.groovy:56)
	at com.kms.katalon.core.webui.keyword.WebUiBuiltInKeywords.click(WebUiBuiltInKeywords.groovy:616)
	at com.kms.katalon.core.webui.keyword.WebUiBuiltInKeywords$click$3.call(Unknown Source)
	at Script1556160320314.run(Script1556160320314.groovy:16)
	... 13 more]]></system-err>
      </testcase>
      <testcase name="Test Cases/OASIS_SOC/Care_Management" classname="Test Cases/OASIS_SOC/Care_Management" status="PASSED">
         <system-out><![CDATA[2019-04-30 10:34:08 - [TEST_CASE][PASSED] - Test Cases/OASIS_SOC/Care_Management: Test Cases/OASIS_SOC/Care_Management

2019-04-30 10:34:09 - [TEST_STEP][PASSED] - click(findTestObject("OASIS/OASIS_TABS/CareManagement_tab")): Object: 'Object Repository/OASIS/OASIS_TABS/CareManagement_tab' is clicked on

2019-04-30 10:34:09 - [MESSAGE][PASSED] - Object: 'Object Repository/OASIS/OASIS_TABS/CareManagement_tab' is clicked on

2019-04-30 10:34:09 - [TEST_STEP][PASSED] - delay(3): Delayed 3 second(s)

2019-04-30 10:34:12 - [MESSAGE][PASSED] - Delayed 3 second(s)

2019-04-30 10:34:12 - [TEST_STEP][PASSED] - click(findTestObject("OASIS/Care_Management/M2102_2")): Object: 'Object Repository/OASIS/Care_Management/M2102_2' is clicked on

2019-04-30 10:34:15 - [MESSAGE][PASSED] - Object: 'Object Repository/OASIS/Care_Management/M2102_2' is clicked on

2019-04-30 10:34:15 - [TEST_STEP][PASSED] - delay(2): Delayed 2 second(s)

2019-04-30 10:34:17 - [MESSAGE][PASSED] - Delayed 2 second(s)

2019-04-30 10:34:17 - [TEST_STEP][PASSED] - setText(findTestObject("OASIS/Care_Management/M2200_000"), "000"): Text '000' is set on object 'Object Repository/OASIS/Care_Management/M2200_000'

2019-04-30 10:34:17 - [MESSAGE][PASSED] - Text '000' is set on object 'Object Repository/OASIS/Care_Management/M2200_000'

2019-04-30 10:34:17 - [TEST_STEP][PASSED] - delay(2): Delayed 2 second(s)

2019-04-30 10:34:19 - [MESSAGE][PASSED] - Delayed 2 second(s)

2019-04-30 10:34:19 - [TEST_STEP][PASSED] - click(findTestObject("OASIS/Care_Management/cm_physician_orders/pt/cm_po_pt_difficultyintransfers")): Object: 'Object Repository/OASIS/Care_Management/cm_physician_orders/pt/cm_po_pt_difficultyintransfers' is clicked on

2019-04-30 10:34:19 - [MESSAGE][PASSED] - Object: 'Object Repository/OASIS/Care_Management/cm_physician_orders/pt/cm_po_pt_difficultyintransfers' is clicked on

2019-04-30 10:34:19 - [TEST_STEP][PASSED] - click(findTestObject("OASIS/Care_Management/cm_physician_orders/pt/cm_po_pt_pcg")): Object: 'Object Repository/OASIS/Care_Management/cm_physician_orders/pt/cm_po_pt_pcg' is clicked on

2019-04-30 10:34:19 - [MESSAGE][PASSED] - Object: 'Object Repository/OASIS/Care_Management/cm_physician_orders/pt/cm_po_pt_pcg' is clicked on

2019-04-30 10:34:19 - [TEST_STEP][PASSED] - click(findTestObject("OASIS/Care_Management/cm_physician_orders/pt/cm_po_pt_difficultyinlower")): Object: 'Object Repository/OASIS/Care_Management/cm_physician_orders/pt/cm_po_pt_difficultyinlower' is clicked on

2019-04-30 10:34:19 - [MESSAGE][PASSED] - Object: 'Object Repository/OASIS/Care_Management/cm_physician_orders/pt/cm_po_pt_difficultyinlower' is clicked on

2019-04-30 10:34:19 - [TEST_STEP][PASSED] - click(findTestObject("OASIS/Care_Management/cm_physician_orders/pt/cm_po_pt_knowledgedeficit")): Object: 'Object Repository/OASIS/Care_Management/cm_physician_orders/pt/cm_po_pt_knowledgedeficit' is clicked on

2019-04-30 10:34:20 - [MESSAGE][PASSED] - Object: 'Object Repository/OASIS/Care_Management/cm_physician_orders/pt/cm_po_pt_knowledgedeficit' is clicked on

2019-04-30 10:34:20 - [TEST_STEP][PASSED] - click(findTestObject("OASIS/Care_Management/cm_physician_orders/pt/cm_po_pt_identifiedhighrisk")): Object: 'Object Repository/OASIS/Care_Management/cm_physician_orders/pt/cm_po_pt_identifiedhighrisk' is clicked on

2019-04-30 10:34:20 - [MESSAGE][PASSED] - Object: 'Object Repository/OASIS/Care_Management/cm_physician_orders/pt/cm_po_pt_identifiedhighrisk' is clicked on

2019-04-30 10:34:20 - [TEST_STEP][PASSED] - click(findTestObject("OASIS/Care_Management/cm_physician_orders/pt/cm_po_pt_painofmuscle")): Object: 'Object Repository/OASIS/Care_Management/cm_physician_orders/pt/cm_po_pt_painofmuscle' is clicked on

2019-04-30 10:34:20 - [MESSAGE][PASSED] - Object: 'Object Repository/OASIS/Care_Management/cm_physician_orders/pt/cm_po_pt_painofmuscle' is clicked on

2019-04-30 10:34:20 - [TEST_STEP][PASSED] - click(findTestObject("OASIS/Care_Management/cm_physician_orders/pt/cm_po_pt_therapeutic")): Object: 'Object Repository/OASIS/Care_Management/cm_physician_orders/pt/cm_po_pt_therapeutic' is clicked on

2019-04-30 10:34:20 - [MESSAGE][PASSED] - Object: 'Object Repository/OASIS/Care_Management/cm_physician_orders/pt/cm_po_pt_therapeutic' is clicked on

2019-04-30 10:34:20 - [TEST_STEP][PASSED] - click(findTestObject("OASIS/Care_Management/cm_physician_orders/pt/cm_po_pt_newlydeveloped")): Object: 'Object Repository/OASIS/Care_Management/cm_physician_orders/pt/cm_po_pt_newlydeveloped' is clicked on

2019-04-30 10:34:20 - [MESSAGE][PASSED] - Object: 'Object Repository/OASIS/Care_Management/cm_physician_orders/pt/cm_po_pt_newlydeveloped' is clicked on

2019-04-30 10:34:20 - [TEST_STEP][PASSED] - setText(findTestObject("OASIS/Care_Management/cm_physician_orders/pt/cm_po_pt_other"), "Sample text"): Text 'Sample text' is set on object 'Object Repository/OASIS/Care_Management/cm_physician_orders/pt/cm_po_pt_other'

2019-04-30 10:34:21 - [MESSAGE][PASSED] - Text 'Sample text' is set on object 'Object Repository/OASIS/Care_Management/cm_physician_orders/pt/cm_po_pt_other'

2019-04-30 10:34:21 - [TEST_STEP][PASSED] - delay(2): Delayed 2 second(s)

2019-04-30 10:34:23 - [MESSAGE][PASSED] - Delayed 2 second(s)

2019-04-30 10:34:23 - [TEST_STEP][PASSED] - click(findTestObject("OASIS/Care_Management/cm_physician_orders/ot/cm_po_ot_upperex")): Object: 'Object Repository/OASIS/Care_Management/cm_physician_orders/ot/cm_po_ot_upperex' is clicked on

2019-04-30 10:34:23 - [MESSAGE][PASSED] - Object: 'Object Repository/OASIS/Care_Management/cm_physician_orders/ot/cm_po_ot_upperex' is clicked on

2019-04-30 10:34:23 - [TEST_STEP][PASSED] - click(findTestObject("OASIS/Care_Management/cm_physician_orders/ot/cm_po_ot_requiressplinting")): Object: 'Object Repository/OASIS/Care_Management/cm_physician_orders/ot/cm_po_ot_requiressplinting' is clicked on

2019-04-30 10:34:23 - [MESSAGE][PASSED] - Object: 'Object Repository/OASIS/Care_Management/cm_physician_orders/ot/cm_po_ot_requiressplinting' is clicked on

2019-04-30 10:34:23 - [TEST_STEP][PASSED] - click(findTestObject("OASIS/Care_Management/cm_physician_orders/ot/cm_po_ot_difficultyinadls")): Object: 'Object Repository/OASIS/Care_Management/cm_physician_orders/ot/cm_po_ot_difficultyinadls' is clicked on

2019-04-30 10:34:23 - [MESSAGE][PASSED] - Object: 'Object Repository/OASIS/Care_Management/cm_physician_orders/ot/cm_po_ot_difficultyinadls' is clicked on

2019-04-30 10:34:23 - [TEST_STEP][PASSED] - click(findTestObject("OASIS/Care_Management/cm_physician_orders/ot/cm_po_ot_limitedupperex")): Object: 'Object Repository/OASIS/Care_Management/cm_physician_orders/ot/cm_po_ot_limitedupperex' is clicked on

2019-04-30 10:34:23 - [MESSAGE][PASSED] - Object: 'Object Repository/OASIS/Care_Management/cm_physician_orders/ot/cm_po_ot_limitedupperex' is clicked on

2019-04-30 10:34:23 - [TEST_STEP][PASSED] - click(findTestObject("OASIS/Care_Management/cm_physician_orders/ot/cm_po_ot_requireswork")): Object: 'Object Repository/OASIS/Care_Management/cm_physician_orders/ot/cm_po_ot_requireswork' is clicked on

2019-04-30 10:34:24 - [MESSAGE][PASSED] - Object: 'Object Repository/OASIS/Care_Management/cm_physician_orders/ot/cm_po_ot_requireswork' is clicked on

2019-04-30 10:34:24 - [TEST_STEP][PASSED] - click(findTestObject("OASIS/Care_Management/cm_physician_orders/ot/cm_po_ot_needinstructions")): Object: 'Object Repository/OASIS/Care_Management/cm_physician_orders/ot/cm_po_ot_needinstructions' is clicked on

2019-04-30 10:34:24 - [MESSAGE][PASSED] - Object: 'Object Repository/OASIS/Care_Management/cm_physician_orders/ot/cm_po_ot_needinstructions' is clicked on

2019-04-30 10:34:24 - [TEST_STEP][PASSED] - click(findTestObject("OASIS/Care_Management/cm_physician_orders/ot/cm_po_ot_difficultyproblem")): Object: 'Object Repository/OASIS/Care_Management/cm_physician_orders/ot/cm_po_ot_difficultyproblem' is clicked on

2019-04-30 10:34:24 - [MESSAGE][PASSED] - Object: 'Object Repository/OASIS/Care_Management/cm_physician_orders/ot/cm_po_ot_difficultyproblem' is clicked on

2019-04-30 10:34:24 - [TEST_STEP][PASSED] - click(findTestObject("OASIS/Care_Management/cm_physician_orders/ot/cm_po_ot_decreasedcoordination")): Object: 'Object Repository/OASIS/Care_Management/cm_physician_orders/ot/cm_po_ot_decreasedcoordination' is clicked on

2019-04-30 10:34:24 - [MESSAGE][PASSED] - Object: 'Object Repository/OASIS/Care_Management/cm_physician_orders/ot/cm_po_ot_decreasedcoordination' is clicked on

2019-04-30 10:34:24 - [TEST_STEP][PASSED] - setText(findTestObject("OASIS/Care_Management/cm_physician_orders/ot/cm_po_ot_other"), "Sample text"): Text 'Sample text' is set on object 'Object Repository/OASIS/Care_Management/cm_physician_orders/ot/cm_po_ot_other'

2019-04-30 10:34:25 - [MESSAGE][PASSED] - Text 'Sample text' is set on object 'Object Repository/OASIS/Care_Management/cm_physician_orders/ot/cm_po_ot_other'

2019-04-30 10:34:25 - [TEST_STEP][PASSED] - delay(2): Delayed 2 second(s)

2019-04-30 10:34:27 - [MESSAGE][PASSED] - Delayed 2 second(s)

2019-04-30 10:34:27 - [TEST_STEP][PASSED] - click(findTestObject("OASIS/Care_Management/cm_physician_orders/st/cm_po_st_receptive")): Object: 'Object Repository/OASIS/Care_Management/cm_physician_orders/st/cm_po_st_receptive' is clicked on

2019-04-30 10:34:27 - [MESSAGE][PASSED] - Object: 'Object Repository/OASIS/Care_Management/cm_physician_orders/st/cm_po_st_receptive' is clicked on

2019-04-30 10:34:27 - [TEST_STEP][PASSED] - click(findTestObject("OASIS/Care_Management/cm_physician_orders/st/cm_po_st_communication")): Object: 'Object Repository/OASIS/Care_Management/cm_physician_orders/st/cm_po_st_communication' is clicked on

2019-04-30 10:34:27 - [MESSAGE][PASSED] - Object: 'Object Repository/OASIS/Care_Management/cm_physician_orders/st/cm_po_st_communication' is clicked on

2019-04-30 10:34:27 - [TEST_STEP][PASSED] - click(findTestObject("OASIS/Care_Management/cm_physician_orders/st/cm_po_st_othercognitive")): Object: 'Object Repository/OASIS/Care_Management/cm_physician_orders/st/cm_po_st_othercognitive' is clicked on

2019-04-30 10:34:27 - [MESSAGE][PASSED] - Object: 'Object Repository/OASIS/Care_Management/cm_physician_orders/st/cm_po_st_othercognitive' is clicked on

2019-04-30 10:34:27 - [TEST_STEP][PASSED] - click(findTestObject("OASIS/Care_Management/cm_physician_orders/st/cm_po_st_shortattention")): Object: 'Object Repository/OASIS/Care_Management/cm_physician_orders/st/cm_po_st_shortattention' is clicked on

2019-04-30 10:34:27 - [MESSAGE][PASSED] - Object: 'Object Repository/OASIS/Care_Management/cm_physician_orders/st/cm_po_st_shortattention' is clicked on

2019-04-30 10:34:27 - [TEST_STEP][PASSED] - click(findTestObject("OASIS/Care_Management/cm_physician_orders/st/cm_po_st_poorgag")): Object: 'Object Repository/OASIS/Care_Management/cm_physician_orders/st/cm_po_st_poorgag' is clicked on

2019-04-30 10:34:27 - [MESSAGE][PASSED] - Object: 'Object Repository/OASIS/Care_Management/cm_physician_orders/st/cm_po_st_poorgag' is clicked on

2019-04-30 10:34:27 - [TEST_STEP][PASSED] - click(findTestObject("OASIS/Care_Management/cm_physician_orders/st/cm_po_st_facialtongue")): Object: 'Object Repository/OASIS/Care_Management/cm_physician_orders/st/cm_po_st_facialtongue' is clicked on

2019-04-30 10:34:28 - [MESSAGE][PASSED] - Object: 'Object Repository/OASIS/Care_Management/cm_physician_orders/st/cm_po_st_facialtongue' is clicked on

2019-04-30 10:34:28 - [TEST_STEP][PASSED] - setText(findTestObject("OASIS/Care_Management/cm_physician_orders/st/cm_po_st_other"), "Sample text"): Text 'Sample text' is set on object 'Object Repository/OASIS/Care_Management/cm_physician_orders/st/cm_po_st_other'

2019-04-30 10:34:28 - [MESSAGE][PASSED] - Text 'Sample text' is set on object 'Object Repository/OASIS/Care_Management/cm_physician_orders/st/cm_po_st_other'

2019-04-30 10:34:28 - [TEST_STEP][PASSED] - delay(2): Delayed 2 second(s)

2019-04-30 10:34:30 - [MESSAGE][PASSED] - Delayed 2 second(s)

2019-04-30 10:34:30 - [TEST_STEP][PASSED] - click(findTestObject("OASIS/Care_Management/cm_physician_orders/msw/cm_po_msw_referraltossa")): Object: 'Object Repository/OASIS/Care_Management/cm_physician_orders/msw/cm_po_msw_referraltossa' is clicked on

2019-04-30 10:34:30 - [MESSAGE][PASSED] - Object: 'Object Repository/OASIS/Care_Management/cm_physician_orders/msw/cm_po_msw_referraltossa' is clicked on

2019-04-30 10:34:30 - [TEST_STEP][PASSED] - click(findTestObject("OASIS/Care_Management/cm_physician_orders/msw/cm_po_msw_mealhousing")): Object: 'Object Repository/OASIS/Care_Management/cm_physician_orders/msw/cm_po_msw_mealhousing' is clicked on

2019-04-30 10:34:30 - [MESSAGE][PASSED] - Object: 'Object Repository/OASIS/Care_Management/cm_physician_orders/msw/cm_po_msw_mealhousing' is clicked on

2019-04-30 10:34:30 - [TEST_STEP][PASSED] - click(findTestObject("OASIS/Care_Management/cm_physician_orders/msw/cm_po_msw_assistanceadls")): Object: 'Object Repository/OASIS/Care_Management/cm_physician_orders/msw/cm_po_msw_assistanceadls' is clicked on

2019-04-30 10:34:30 - [MESSAGE][PASSED] - Object: 'Object Repository/OASIS/Care_Management/cm_physician_orders/msw/cm_po_msw_assistanceadls' is clicked on

2019-04-30 10:34:30 - [TEST_STEP][PASSED] - click(findTestObject("OASIS/Care_Management/cm_physician_orders/msw/cm_po_msw_evaluationandeduc")): Object: 'Object Repository/OASIS/Care_Management/cm_physician_orders/msw/cm_po_msw_evaluationandeduc' is clicked on

2019-04-30 10:34:31 - [MESSAGE][PASSED] - Object: 'Object Repository/OASIS/Care_Management/cm_physician_orders/msw/cm_po_msw_evaluationandeduc' is clicked on

2019-04-30 10:34:31 - [TEST_STEP][PASSED] - click(findTestObject("OASIS/Care_Management/cm_physician_orders/msw/cm_po_msw_actaspatient")): Object: 'Object Repository/OASIS/Care_Management/cm_physician_orders/msw/cm_po_msw_actaspatient' is clicked on

2019-04-30 10:34:31 - [MESSAGE][PASSED] - Object: 'Object Repository/OASIS/Care_Management/cm_physician_orders/msw/cm_po_msw_actaspatient' is clicked on

2019-04-30 10:34:31 - [TEST_STEP][PASSED] - click(findTestObject("OASIS/Care_Management/cm_physician_orders/msw/cm_po_msw_assistancewithreimburse")): Object: 'Object Repository/OASIS/Care_Management/cm_physician_orders/msw/cm_po_msw_assistancewithreimburse' is clicked on

2019-04-30 10:34:31 - [MESSAGE][PASSED] - Object: 'Object Repository/OASIS/Care_Management/cm_physician_orders/msw/cm_po_msw_assistancewithreimburse' is clicked on

2019-04-30 10:34:31 - [TEST_STEP][PASSED] - click(findTestObject("OASIS/Care_Management/cm_physician_orders/msw/cm_po_msw_needforcomm")): Object: 'Object Repository/OASIS/Care_Management/cm_physician_orders/msw/cm_po_msw_needforcomm' is clicked on

2019-04-30 10:34:31 - [MESSAGE][PASSED] - Object: 'Object Repository/OASIS/Care_Management/cm_physician_orders/msw/cm_po_msw_needforcomm' is clicked on

2019-04-30 10:34:31 - [TEST_STEP][PASSED] - setText(findTestObject("OASIS/Care_Management/cm_physician_orders/msw/cm_po_msw_needforcomm_tf"), "Sample text"): Text 'Sample text' is set on object 'Object Repository/OASIS/Care_Management/cm_physician_orders/msw/cm_po_msw_needforcomm_tf'

2019-04-30 10:34:32 - [MESSAGE][PASSED] - Text 'Sample text' is set on object 'Object Repository/OASIS/Care_Management/cm_physician_orders/msw/cm_po_msw_needforcomm_tf'

2019-04-30 10:34:32 - [TEST_STEP][PASSED] - click(findTestObject("OASIS/Care_Management/cm_physician_orders/msw/cm_po_msw_counselling"), STOP_ON_FAILURE): Object: 'Object Repository/OASIS/Care_Management/cm_physician_orders/msw/cm_po_msw_counselling' is clicked on

2019-04-30 10:34:32 - [MESSAGE][PASSED] - Object: 'Object Repository/OASIS/Care_Management/cm_physician_orders/msw/cm_po_msw_counselling' is clicked on

2019-04-30 10:34:32 - [TEST_STEP][PASSED] - setText(findTestObject("OASIS/Care_Management/cm_physician_orders/msw/cm_po_msw_counselling_tf"), "Sample text"): Text 'Sample text' is set on object 'Object Repository/OASIS/Care_Management/cm_physician_orders/msw/cm_po_msw_counselling_tf'

2019-04-30 10:34:32 - [MESSAGE][PASSED] - Text 'Sample text' is set on object 'Object Repository/OASIS/Care_Management/cm_physician_orders/msw/cm_po_msw_counselling_tf'

2019-04-30 10:34:32 - [TEST_STEP][PASSED] - setText(findTestObject("OASIS/Care_Management/cm_physician_orders/msw/cm_po_msw_other"), "Sample text"): Text 'Sample text' is set on object 'Object Repository/OASIS/Care_Management/cm_physician_orders/msw/cm_po_msw_other'

2019-04-30 10:34:33 - [MESSAGE][PASSED] - Text 'Sample text' is set on object 'Object Repository/OASIS/Care_Management/cm_physician_orders/msw/cm_po_msw_other'

2019-04-30 10:34:33 - [TEST_STEP][PASSED] - delay(2): Delayed 2 second(s)

2019-04-30 10:34:35 - [MESSAGE][PASSED] - Delayed 2 second(s)

2019-04-30 10:34:35 - [TEST_STEP][PASSED] - click(findTestObject("OASIS/Care_Management/cm_physician_orders/dietician/cm_po_dietician_identified")): Object: 'Object Repository/OASIS/Care_Management/cm_physician_orders/dietician/cm_po_dietician_identified' is clicked on

2019-04-30 10:34:35 - [MESSAGE][PASSED] - Object: 'Object Repository/OASIS/Care_Management/cm_physician_orders/dietician/cm_po_dietician_identified' is clicked on

2019-04-30 10:34:35 - [TEST_STEP][PASSED] - setText(findTestObject("OASIS/Care_Management/cm_physician_orders/dietician/cm_po_dietician_other"), "Sample text"): Text 'Sample text' is set on object 'Object Repository/OASIS/Care_Management/cm_physician_orders/dietician/cm_po_dietician_other'

2019-04-30 10:34:35 - [MESSAGE][PASSED] - Text 'Sample text' is set on object 'Object Repository/OASIS/Care_Management/cm_physician_orders/dietician/cm_po_dietician_other'

2019-04-30 10:34:35 - [TEST_STEP][PASSED] - delay(2): Delayed 2 second(s)

2019-04-30 10:34:37 - [MESSAGE][PASSED] - Delayed 2 second(s)

2019-04-30 10:34:37 - [TEST_STEP][PASSED] - delay(2): Delayed 2 second(s)

2019-04-30 10:34:39 - [MESSAGE][PASSED] - Delayed 2 second(s)

2019-04-30 10:34:39 - [TEST_STEP][PASSED] - click(findTestObject("OASIS/Care_Management/cm_physician_orders/chha/cm_po_chha_toassistpersonalcare")): Object: 'Object Repository/OASIS/Care_Management/cm_physician_orders/chha/cm_po_chha_toassistpersonalcare' is clicked on

2019-04-30 10:34:40 - [MESSAGE][PASSED] - Object: 'Object Repository/OASIS/Care_Management/cm_physician_orders/chha/cm_po_chha_toassistpersonalcare' is clicked on

2019-04-30 10:34:40 - [TEST_STEP][PASSED] - setText(findTestObject("OASIS/Care_Management/cm_physician_orders/chha/cm_po_chha_other"), "Sample text"): Text 'Sample text' is set on object 'Object Repository/OASIS/Care_Management/cm_physician_orders/chha/cm_po_chha_other'

2019-04-30 10:34:40 - [MESSAGE][PASSED] - Text 'Sample text' is set on object 'Object Repository/OASIS/Care_Management/cm_physician_orders/chha/cm_po_chha_other'

2019-04-30 10:34:40 - [TEST_STEP][PASSED] - delay(2): Delayed 2 second(s)

2019-04-30 10:34:42 - [MESSAGE][PASSED] - Delayed 2 second(s)

2019-04-30 10:34:42 - [TEST_STEP][PASSED] - click(findTestObject("OASIS/Care_Management/cm_care_coordination/cm_cc_coordinationcarewith/cm_cc_coordinationcarewith_physician")): Object: 'Object Repository/OASIS/Care_Management/cm_care_coordination/cm_cc_coordinationcarewith/cm_cc_coordinationcarewith_physician' is clicked on

2019-04-30 10:34:42 - [MESSAGE][PASSED] - Object: 'Object Repository/OASIS/Care_Management/cm_care_coordination/cm_cc_coordinationcarewith/cm_cc_coordinationcarewith_physician' is clicked on

2019-04-30 10:34:42 - [TEST_STEP][PASSED] - click(findTestObject("OASIS/Care_Management/cm_care_coordination/cm_cc_coordinationcarewith/cm_cc_coordinationcarewith_rnsupervisor")): Object: 'Object Repository/OASIS/Care_Management/cm_care_coordination/cm_cc_coordinationcarewith/cm_cc_coordinationcarewith_rnsupervisor' is clicked on

2019-04-30 10:34:42 - [MESSAGE][PASSED] - Object: 'Object Repository/OASIS/Care_Management/cm_care_coordination/cm_cc_coordinationcarewith/cm_cc_coordinationcarewith_rnsupervisor' is clicked on

2019-04-30 10:34:42 - [TEST_STEP][PASSED] - click(findTestObject("OASIS/Care_Management/cm_care_coordination/cm_cc_coordinationcarewith/cm_cc_coordinationcarewith_rnlvn")): Object: 'Object Repository/OASIS/Care_Management/cm_care_coordination/cm_cc_coordinationcarewith/cm_cc_coordinationcarewith_rnlvn' is clicked on

2019-04-30 10:34:43 - [MESSAGE][PASSED] - Object: 'Object Repository/OASIS/Care_Management/cm_care_coordination/cm_cc_coordinationcarewith/cm_cc_coordinationcarewith_rnlvn' is clicked on

2019-04-30 10:34:43 - [TEST_STEP][PASSED] - click(findTestObject("OASIS/Care_Management/cm_care_coordination/cm_cc_coordinationcarewith/cm_cc_coordinationcarewith_patient")): Object: 'Object Repository/OASIS/Care_Management/cm_care_coordination/cm_cc_coordinationcarewith/cm_cc_coordinationcarewith_patient' is clicked on

2019-04-30 10:34:43 - [MESSAGE][PASSED] - Object: 'Object Repository/OASIS/Care_Management/cm_care_coordination/cm_cc_coordinationcarewith/cm_cc_coordinationcarewith_patient' is clicked on

2019-04-30 10:34:43 - [TEST_STEP][PASSED] - click(findTestObject("OASIS/Care_Management/cm_care_coordination/cm_cc_coordinationcarewith/cm_cc_coordinationcarewith_pcg")): Object: 'Object Repository/OASIS/Care_Management/cm_care_coordination/cm_cc_coordinationcarewith/cm_cc_coordinationcarewith_pcg' is clicked on

2019-04-30 10:34:43 - [MESSAGE][PASSED] - Object: 'Object Repository/OASIS/Care_Management/cm_care_coordination/cm_cc_coordinationcarewith/cm_cc_coordinationcarewith_pcg' is clicked on

2019-04-30 10:34:43 - [TEST_STEP][PASSED] - setText(findTestObject("OASIS/Care_Management/cm_care_coordination/cm_cc_coordinationcarewith/cm_cc_coordinationcarewith_other"), "Sample text"): Text 'Sample text' is set on object 'Object Repository/OASIS/Care_Management/cm_care_coordination/cm_cc_coordinationcarewith/cm_cc_coordinationcarewith_other'

2019-04-30 10:34:43 - [MESSAGE][PASSED] - Text 'Sample text' is set on object 'Object Repository/OASIS/Care_Management/cm_care_coordination/cm_cc_coordinationcarewith/cm_cc_coordinationcarewith_other'

2019-04-30 10:34:43 - [TEST_STEP][PASSED] - delay(2): Delayed 2 second(s)

2019-04-30 10:34:45 - [MESSAGE][PASSED] - Delayed 2 second(s)

2019-04-30 10:34:45 - [TEST_STEP][PASSED] - click(findTestObject("OASIS/Care_Management/cm_care_coordination/cm_cc_communicatedvia/cm_cc_communicatedvia_phone")): Object: 'Object Repository/OASIS/Care_Management/cm_care_coordination/cm_cc_communicatedvia/cm_cc_communicatedvia_phone' is clicked on

2019-04-30 10:34:45 - [MESSAGE][PASSED] - Object: 'Object Repository/OASIS/Care_Management/cm_care_coordination/cm_cc_communicatedvia/cm_cc_communicatedvia_phone' is clicked on

2019-04-30 10:34:45 - [TEST_STEP][PASSED] - click(findTestObject("OASIS/Care_Management/cm_care_coordination/cm_cc_communicatedvia/cm_cc_communicatedvia_fax")): Object: 'Object Repository/OASIS/Care_Management/cm_care_coordination/cm_cc_communicatedvia/cm_cc_communicatedvia_fax' is clicked on

2019-04-30 10:34:46 - [MESSAGE][PASSED] - Object: 'Object Repository/OASIS/Care_Management/cm_care_coordination/cm_cc_communicatedvia/cm_cc_communicatedvia_fax' is clicked on

2019-04-30 10:34:46 - [TEST_STEP][PASSED] - click(findTestObject("OASIS/Care_Management/cm_care_coordination/cm_cc_communicatedvia/cm_cc_communicatedvia_persontoperson")): Object: 'Object Repository/OASIS/Care_Management/cm_care_coordination/cm_cc_communicatedvia/cm_cc_communicatedvia_persontoperson' is clicked on

2019-04-30 10:34:46 - [MESSAGE][PASSED] - Object: 'Object Repository/OASIS/Care_Management/cm_care_coordination/cm_cc_communicatedvia/cm_cc_communicatedvia_persontoperson' is clicked on

2019-04-30 10:34:46 - [TEST_STEP][PASSED] - setText(findTestObject("OASIS/Care_Management/cm_care_coordination/cm_cc_communicatedvia/cm_cc_communicatedvia_comreceivedby"), "Khenard Figuracion"): Text 'Khenard Figuracion' is set on object 'Object Repository/OASIS/Care_Management/cm_care_coordination/cm_cc_communicatedvia/cm_cc_communicatedvia_comreceivedby'

2019-04-30 10:34:46 - [MESSAGE][PASSED] - Text 'Khenard Figuracion' is set on object 'Object Repository/OASIS/Care_Management/cm_care_coordination/cm_cc_communicatedvia/cm_cc_communicatedvia_comreceivedby'

2019-04-30 10:34:46 - [TEST_STEP][PASSED] - setText(findTestObject("OASIS/Care_Management/cm_care_coordination/cm_cc_communicatedvia/cm_cc_communicatedvia_date"), "April 26, 2019"): Text 'April 26, 2019' is set on object 'Object Repository/OASIS/Care_Management/cm_care_coordination/cm_cc_communicatedvia/cm_cc_communicatedvia_date'

2019-04-30 10:34:47 - [MESSAGE][PASSED] - Text 'April 26, 2019' is set on object 'Object Repository/OASIS/Care_Management/cm_care_coordination/cm_cc_communicatedvia/cm_cc_communicatedvia_date'

2019-04-30 10:34:47 - [TEST_STEP][PASSED] - setText(findTestObject("OASIS/Care_Management/cm_care_coordination/cm_cc_communicatedvia/cm_cc_communicatedvia_time"), "10:04 AM"): Text '10:04 AM' is set on object 'Object Repository/OASIS/Care_Management/cm_care_coordination/cm_cc_communicatedvia/cm_cc_communicatedvia_time'

2019-04-30 10:34:47 - [MESSAGE][PASSED] - Text '10:04 AM' is set on object 'Object Repository/OASIS/Care_Management/cm_care_coordination/cm_cc_communicatedvia/cm_cc_communicatedvia_time'

2019-04-30 10:34:47 - [TEST_STEP][PASSED] - delay(2): Delayed 2 second(s)

2019-04-30 10:34:49 - [MESSAGE][PASSED] - Delayed 2 second(s)

2019-04-30 10:34:49 - [TEST_STEP][PASSED] - click(findTestObject("OASIS/Care_Management/cm_subject_areas/cm_sa_regardingpatient/cm_sa_rpc_ssindicative")): Object: 'Object Repository/OASIS/Care_Management/cm_subject_areas/cm_sa_regardingpatient/cm_sa_rpc_ssindicative' is clicked on

2019-04-30 10:34:50 - [MESSAGE][PASSED] - Object: 'Object Repository/OASIS/Care_Management/cm_subject_areas/cm_sa_regardingpatient/cm_sa_rpc_ssindicative' is clicked on

2019-04-30 10:34:50 - [TEST_STEP][PASSED] - click(findTestObject("OASIS/Care_Management/cm_subject_areas/cm_sa_regardingpatient/cm_sa_rpc_diabetic")): Object: 'Object Repository/OASIS/Care_Management/cm_subject_areas/cm_sa_regardingpatient/cm_sa_rpc_diabetic' is clicked on

2019-04-30 10:34:50 - [MESSAGE][PASSED] - Object: 'Object Repository/OASIS/Care_Management/cm_subject_areas/cm_sa_regardingpatient/cm_sa_rpc_diabetic' is clicked on

2019-04-30 10:34:50 - [TEST_STEP][PASSED] - click(findTestObject("OASIS/Care_Management/cm_subject_areas/cm_sa_regardingpatient/cm_sa_rpc_hypertensive")): Object: 'Object Repository/OASIS/Care_Management/cm_subject_areas/cm_sa_regardingpatient/cm_sa_rpc_hypertensive' is clicked on

2019-04-30 10:34:50 - [MESSAGE][PASSED] - Object: 'Object Repository/OASIS/Care_Management/cm_subject_areas/cm_sa_regardingpatient/cm_sa_rpc_hypertensive' is clicked on

2019-04-30 10:34:50 - [TEST_STEP][PASSED] - click(findTestObject("OASIS/Care_Management/cm_subject_areas/cm_sa_regardingpatient/cm_sa_rpc_depression")): Object: 'Object Repository/OASIS/Care_Management/cm_subject_areas/cm_sa_regardingpatient/cm_sa_rpc_depression' is clicked on

2019-04-30 10:34:50 - [MESSAGE][PASSED] - Object: 'Object Repository/OASIS/Care_Management/cm_subject_areas/cm_sa_regardingpatient/cm_sa_rpc_depression' is clicked on

2019-04-30 10:34:50 - [TEST_STEP][PASSED] - click(findTestObject("OASIS/Care_Management/cm_subject_areas/cm_sa_regardingpatient/cm_sa_rpc_newwound")): Object: 'Object Repository/OASIS/Care_Management/cm_subject_areas/cm_sa_regardingpatient/cm_sa_rpc_newwound' is clicked on

2019-04-30 10:34:50 - [MESSAGE][PASSED] - Object: 'Object Repository/OASIS/Care_Management/cm_subject_areas/cm_sa_regardingpatient/cm_sa_rpc_newwound' is clicked on

2019-04-30 10:34:50 - [TEST_STEP][PASSED] - click(findTestObject("OASIS/Care_Management/cm_subject_areas/cm_sa_regardingpatient/cm_sa_rpc_unrelievedpain")): Object: 'Object Repository/OASIS/Care_Management/cm_subject_areas/cm_sa_regardingpatient/cm_sa_rpc_unrelievedpain' is clicked on

2019-04-30 10:34:50 - [MESSAGE][PASSED] - Object: 'Object Repository/OASIS/Care_Management/cm_subject_areas/cm_sa_regardingpatient/cm_sa_rpc_unrelievedpain' is clicked on

2019-04-30 10:34:50 - [TEST_STEP][PASSED] - click(findTestObject("OASIS/Care_Management/cm_subject_areas/cm_sa_regardingpatient/cm_sa_rpc_fallinjury")): Object: 'Object Repository/OASIS/Care_Management/cm_subject_areas/cm_sa_regardingpatient/cm_sa_rpc_fallinjury' is clicked on

2019-04-30 10:34:50 - [MESSAGE][PASSED] - Object: 'Object Repository/OASIS/Care_Management/cm_subject_areas/cm_sa_regardingpatient/cm_sa_rpc_fallinjury' is clicked on

2019-04-30 10:34:50 - [TEST_STEP][PASSED] - setText(findTestObject("OASIS/Care_Management/cm_subject_areas/cm_sa_regardingpatient/cm_sa_rpc_other"), "Sample text"): Text 'Sample text' is set on object 'Object Repository/OASIS/Care_Management/cm_subject_areas/cm_sa_regardingpatient/cm_sa_rpc_other'

2019-04-30 10:34:51 - [MESSAGE][PASSED] - Text 'Sample text' is set on object 'Object Repository/OASIS/Care_Management/cm_subject_areas/cm_sa_regardingpatient/cm_sa_rpc_other'

2019-04-30 10:34:51 - [TEST_STEP][PASSED] - delay(2): Delayed 2 second(s)

2019-04-30 10:34:53 - [MESSAGE][PASSED] - Delayed 2 second(s)

2019-04-30 10:34:53 - [TEST_STEP][PASSED] - click(findTestObject("OASIS/Care_Management/cm_subject_areas/cm_sa_regardingmedication/cm_sa_rm_adverseeffect")): Object: 'Object Repository/OASIS/Care_Management/cm_subject_areas/cm_sa_regardingmedication/cm_sa_rm_adverseeffect' is clicked on

2019-04-30 10:34:53 - [MESSAGE][PASSED] - Object: 'Object Repository/OASIS/Care_Management/cm_subject_areas/cm_sa_regardingmedication/cm_sa_rm_adverseeffect' is clicked on

2019-04-30 10:34:53 - [TEST_STEP][PASSED] - click(findTestObject("OASIS/Care_Management/cm_subject_areas/cm_sa_regardingmedication/cm_sa_rm_potentialadverse")): Object: 'Object Repository/OASIS/Care_Management/cm_subject_areas/cm_sa_regardingmedication/cm_sa_rm_potentialadverse' is clicked on

2019-04-30 10:34:53 - [MESSAGE][PASSED] - Object: 'Object Repository/OASIS/Care_Management/cm_subject_areas/cm_sa_regardingmedication/cm_sa_rm_potentialadverse' is clicked on

2019-04-30 10:34:53 - [TEST_STEP][PASSED] - click(findTestObject("OASIS/Care_Management/cm_subject_areas/cm_sa_regardingmedication/cm_sa_rm_ineffectivedrugtherapy")): Object: 'Object Repository/OASIS/Care_Management/cm_subject_areas/cm_sa_regardingmedication/cm_sa_rm_ineffectivedrugtherapy' is clicked on

2019-04-30 10:34:53 - [MESSAGE][PASSED] - Object: 'Object Repository/OASIS/Care_Management/cm_subject_areas/cm_sa_regardingmedication/cm_sa_rm_ineffectivedrugtherapy' is clicked on

2019-04-30 10:34:53 - [TEST_STEP][PASSED] - click(findTestObject("OASIS/Care_Management/cm_subject_areas/cm_sa_regardingmedication/cm_sa_rm_significantsideeffect")): Object: 'Object Repository/OASIS/Care_Management/cm_subject_areas/cm_sa_regardingmedication/cm_sa_rm_significantsideeffect' is clicked on

2019-04-30 10:34:54 - [MESSAGE][PASSED] - Object: 'Object Repository/OASIS/Care_Management/cm_subject_areas/cm_sa_regardingmedication/cm_sa_rm_significantsideeffect' is clicked on

2019-04-30 10:34:54 - [TEST_STEP][PASSED] - click(findTestObject("OASIS/Care_Management/cm_subject_areas/cm_sa_regardingmedication/cm_sa_rm_significantdrunginteractions")): Object: 'Object Repository/OASIS/Care_Management/cm_subject_areas/cm_sa_regardingmedication/cm_sa_rm_significantdrunginteractions' is clicked on

2019-04-30 10:34:54 - [MESSAGE][PASSED] - Object: 'Object Repository/OASIS/Care_Management/cm_subject_areas/cm_sa_regardingmedication/cm_sa_rm_significantdrunginteractions' is clicked on

2019-04-30 10:34:54 - [TEST_STEP][PASSED] - click(findTestObject("OASIS/Care_Management/cm_subject_areas/cm_sa_regardingmedication/cm_sa_rm_noncompliance")): Object: 'Object Repository/OASIS/Care_Management/cm_subject_areas/cm_sa_regardingmedication/cm_sa_rm_noncompliance' is clicked on

2019-04-30 10:34:54 - [MESSAGE][PASSED] - Object: 'Object Repository/OASIS/Care_Management/cm_subject_areas/cm_sa_regardingmedication/cm_sa_rm_noncompliance' is clicked on

2019-04-30 10:34:54 - [TEST_STEP][PASSED] - click(findTestObject("OASIS/Care_Management/cm_subject_areas/cm_sa_regardingmedication/cm_sa_rm_misseddose")): Object: 'Object Repository/OASIS/Care_Management/cm_subject_areas/cm_sa_regardingmedication/cm_sa_rm_misseddose' is clicked on

2019-04-30 10:34:54 - [MESSAGE][PASSED] - Object: 'Object Repository/OASIS/Care_Management/cm_subject_areas/cm_sa_regardingmedication/cm_sa_rm_misseddose' is clicked on

2019-04-30 10:34:54 - [TEST_STEP][PASSED] - click(findTestObject("OASIS/Care_Management/cm_subject_areas/cm_sa_regardingmedication/cm_sa_rm_newmed")): Object: 'Object Repository/OASIS/Care_Management/cm_subject_areas/cm_sa_regardingmedication/cm_sa_rm_newmed' is clicked on

2019-04-30 10:34:54 - [MESSAGE][PASSED] - Object: 'Object Repository/OASIS/Care_Management/cm_subject_areas/cm_sa_regardingmedication/cm_sa_rm_newmed' is clicked on

2019-04-30 10:34:54 - [TEST_STEP][PASSED] - click(findTestObject("OASIS/Care_Management/cm_subject_areas/cm_sa_regardingmedication/cm_sa_rm_medrecon")): Object: 'Object Repository/OASIS/Care_Management/cm_subject_areas/cm_sa_regardingmedication/cm_sa_rm_medrecon' is clicked on

2019-04-30 10:34:54 - [MESSAGE][PASSED] - Object: 'Object Repository/OASIS/Care_Management/cm_subject_areas/cm_sa_regardingmedication/cm_sa_rm_medrecon' is clicked on

2019-04-30 10:34:54 - [TEST_STEP][PASSED] - click(findTestObject("OASIS/Care_Management/cm_subject_areas/cm_sa_regardingmedication/cm_sa_rm_duplicatedt")): Object: 'Object Repository/OASIS/Care_Management/cm_subject_areas/cm_sa_regardingmedication/cm_sa_rm_duplicatedt' is clicked on

2019-04-30 10:34:54 - [MESSAGE][PASSED] - Object: 'Object Repository/OASIS/Care_Management/cm_subject_areas/cm_sa_regardingmedication/cm_sa_rm_duplicatedt' is clicked on

2019-04-30 10:34:54 - [TEST_STEP][PASSED] - click(findTestObject("OASIS/Care_Management/cm_subject_areas/cm_sa_regardingmedication/cm_sa_rm_missingmed")): Object: 'Object Repository/OASIS/Care_Management/cm_subject_areas/cm_sa_regardingmedication/cm_sa_rm_missingmed' is clicked on

2019-04-30 10:34:55 - [MESSAGE][PASSED] - Object: 'Object Repository/OASIS/Care_Management/cm_subject_areas/cm_sa_regardingmedication/cm_sa_rm_missingmed' is clicked on

2019-04-30 10:34:55 - [TEST_STEP][PASSED] - click(findTestObject("OASIS/Care_Management/cm_subject_areas/cm_sa_regardingmedication/cm_sa_rm_wrongdose")): Object: 'Object Repository/OASIS/Care_Management/cm_subject_areas/cm_sa_regardingmedication/cm_sa_rm_wrongdose' is clicked on

2019-04-30 10:34:55 - [MESSAGE][PASSED] - Object: 'Object Repository/OASIS/Care_Management/cm_subject_areas/cm_sa_regardingmedication/cm_sa_rm_wrongdose' is clicked on

2019-04-30 10:34:55 - [TEST_STEP][PASSED] - setText(findTestObject("OASIS/Care_Management/cm_subject_areas/cm_sa_regardingmedication/cm_sa_rm_other"), "Sample text"): Text 'Sample text' is set on object 'Object Repository/OASIS/Care_Management/cm_subject_areas/cm_sa_regardingmedication/cm_sa_rm_other'

2019-04-30 10:34:55 - [MESSAGE][PASSED] - Text 'Sample text' is set on object 'Object Repository/OASIS/Care_Management/cm_subject_areas/cm_sa_regardingmedication/cm_sa_rm_other'

2019-04-30 10:34:55 - [TEST_STEP][PASSED] - delay(2): Delayed 2 second(s)

2019-04-30 10:34:57 - [MESSAGE][PASSED] - Delayed 2 second(s)

2019-04-30 10:34:57 - [TEST_STEP][PASSED] - click(findTestObject("OASIS/Care_Management/cm_subject_areas/cm_sa_obtainedpofor/cm_sa_opof_lab")): Object: 'Object Repository/OASIS/Care_Management/cm_subject_areas/cm_sa_obtainedpofor/cm_sa_opof_lab' is clicked on

2019-04-30 10:34:58 - [MESSAGE][PASSED] - Object: 'Object Repository/OASIS/Care_Management/cm_subject_areas/cm_sa_obtainedpofor/cm_sa_opof_lab' is clicked on

2019-04-30 10:34:58 - [TEST_STEP][PASSED] - click(findTestObject("OASIS/Care_Management/cm_subject_areas/cm_sa_obtainedpofor/cm_sa_opof_med")): Object: 'Object Repository/OASIS/Care_Management/cm_subject_areas/cm_sa_obtainedpofor/cm_sa_opof_med' is clicked on

2019-04-30 10:34:58 - [MESSAGE][PASSED] - Object: 'Object Repository/OASIS/Care_Management/cm_subject_areas/cm_sa_obtainedpofor/cm_sa_opof_med' is clicked on

2019-04-30 10:34:58 - [TEST_STEP][PASSED] - click(findTestObject("OASIS/Care_Management/cm_subject_areas/cm_sa_obtainedpofor/cm_sa_opof_treatments")): Object: 'Object Repository/OASIS/Care_Management/cm_subject_areas/cm_sa_obtainedpofor/cm_sa_opof_treatments' is clicked on

2019-04-30 10:34:58 - [MESSAGE][PASSED] - Object: 'Object Repository/OASIS/Care_Management/cm_subject_areas/cm_sa_obtainedpofor/cm_sa_opof_treatments' is clicked on

2019-04-30 10:34:58 - [TEST_STEP][PASSED] - click(findTestObject("OASIS/Care_Management/cm_subject_areas/cm_sa_obtainedpofor/cm_sa_opof_dme")): Object: 'Object Repository/OASIS/Care_Management/cm_subject_areas/cm_sa_obtainedpofor/cm_sa_opof_dme' is clicked on

2019-04-30 10:34:58 - [MESSAGE][PASSED] - Object: 'Object Repository/OASIS/Care_Management/cm_subject_areas/cm_sa_obtainedpofor/cm_sa_opof_dme' is clicked on

2019-04-30 10:34:58 - [TEST_STEP][PASSED] - click(findTestObject("OASIS/Care_Management/cm_subject_areas/cm_sa_obtainedpofor/cm_sa_opof_diabeticfootexam")): Object: 'Object Repository/OASIS/Care_Management/cm_subject_areas/cm_sa_obtainedpofor/cm_sa_opof_diabeticfootexam' is clicked on

2019-04-30 10:34:58 - [MESSAGE][PASSED] - Object: 'Object Repository/OASIS/Care_Management/cm_subject_areas/cm_sa_obtainedpofor/cm_sa_opof_diabeticfootexam' is clicked on

2019-04-30 10:34:58 - [TEST_STEP][PASSED] - click(findTestObject("OASIS/Care_Management/cm_subject_areas/cm_sa_obtainedpofor/cm_sa_opof_fallprevention")): Object: 'Object Repository/OASIS/Care_Management/cm_subject_areas/cm_sa_obtainedpofor/cm_sa_opof_fallprevention' is clicked on

2019-04-30 10:34:58 - [MESSAGE][PASSED] - Object: 'Object Repository/OASIS/Care_Management/cm_subject_areas/cm_sa_obtainedpofor/cm_sa_opof_fallprevention' is clicked on

2019-04-30 10:34:58 - [TEST_STEP][PASSED] - click(findTestObject("OASIS/Care_Management/cm_subject_areas/cm_sa_obtainedpofor/cm_sa_opof_depression")): Object: 'Object Repository/OASIS/Care_Management/cm_subject_areas/cm_sa_obtainedpofor/cm_sa_opof_depression' is clicked on

2019-04-30 10:34:58 - [MESSAGE][PASSED] - Object: 'Object Repository/OASIS/Care_Management/cm_subject_areas/cm_sa_obtainedpofor/cm_sa_opof_depression' is clicked on

2019-04-30 10:34:58 - [TEST_STEP][PASSED] - click(findTestObject("OASIS/Care_Management/cm_subject_areas/cm_sa_obtainedpofor/cm_sa_opof_interventionstomonitor")): Object: 'Object Repository/OASIS/Care_Management/cm_subject_areas/cm_sa_obtainedpofor/cm_sa_opof_interventionstomonitor' is clicked on

2019-04-30 10:34:58 - [MESSAGE][PASSED] - Object: 'Object Repository/OASIS/Care_Management/cm_subject_areas/cm_sa_obtainedpofor/cm_sa_opof_interventionstomonitor' is clicked on

2019-04-30 10:34:58 - [TEST_STEP][PASSED] - click(findTestObject("OASIS/Care_Management/cm_subject_areas/cm_sa_obtainedpofor/cm_sa_opof_interventionstoprevent")): Object: 'Object Repository/OASIS/Care_Management/cm_subject_areas/cm_sa_obtainedpofor/cm_sa_opof_interventionstoprevent' is clicked on

2019-04-30 10:34:59 - [MESSAGE][PASSED] - Object: 'Object Repository/OASIS/Care_Management/cm_subject_areas/cm_sa_obtainedpofor/cm_sa_opof_interventionstoprevent' is clicked on

2019-04-30 10:34:59 - [TEST_STEP][PASSED] - click(findTestObject("OASIS/Care_Management/cm_subject_areas/cm_sa_obtainedpofor/cm_sa_opof_woundcaretreatment")): Object: 'Object Repository/OASIS/Care_Management/cm_subject_areas/cm_sa_obtainedpofor/cm_sa_opof_woundcaretreatment' is clicked on

2019-04-30 10:34:59 - [MESSAGE][PASSED] - Object: 'Object Repository/OASIS/Care_Management/cm_subject_areas/cm_sa_obtainedpofor/cm_sa_opof_woundcaretreatment' is clicked on

2019-04-30 10:34:59 - [TEST_STEP][PASSED] - click(findTestObject("OASIS/Care_Management/cm_subject_areas/cm_sa_obtainedpofor/cm_sa_opof_patientspecificparam")): Object: 'Object Repository/OASIS/Care_Management/cm_subject_areas/cm_sa_obtainedpofor/cm_sa_opof_patientspecificparam' is clicked on

2019-04-30 10:34:59 - [MESSAGE][PASSED] - Object: 'Object Repository/OASIS/Care_Management/cm_subject_areas/cm_sa_obtainedpofor/cm_sa_opof_patientspecificparam' is clicked on

2019-04-30 10:34:59 - [TEST_STEP][PASSED] - setText(findTestObject("OASIS/Care_Management/cm_subject_areas/cm_sa_obtainedpofor/cm_sa_opof_other"), "Sample text"): Text 'Sample text' is set on object 'Object Repository/OASIS/Care_Management/cm_subject_areas/cm_sa_obtainedpofor/cm_sa_opof_other'

2019-04-30 10:34:59 - [MESSAGE][PASSED] - Text 'Sample text' is set on object 'Object Repository/OASIS/Care_Management/cm_subject_areas/cm_sa_obtainedpofor/cm_sa_opof_other'

2019-04-30 10:34:59 - [TEST_STEP][PASSED] - delay(3): Delayed 3 second(s)

2019-04-30 10:35:02 - [MESSAGE][PASSED] - Delayed 3 second(s)

2019-04-30 10:35:02 - [TEST_STEP][PASSED] - click(findTestObject("OASIS/Care_Management/cm_dme/cm_dme_walker_has")): Object: 'Object Repository/OASIS/Care_Management/cm_dme/cm_dme_walker_has' is clicked on

2019-04-30 10:35:02 - [MESSAGE][PASSED] - Object: 'Object Repository/OASIS/Care_Management/cm_dme/cm_dme_walker_has' is clicked on

2019-04-30 10:35:02 - [TEST_STEP][PASSED] - click(findTestObject("OASIS/Care_Management/cm_dme/cm_dme_cane_needs")): Object: 'Object Repository/OASIS/Care_Management/cm_dme/cm_dme_cane_needs' is clicked on

2019-04-30 10:35:03 - [MESSAGE][PASSED] - Object: 'Object Repository/OASIS/Care_Management/cm_dme/cm_dme_cane_needs' is clicked on

2019-04-30 10:35:03 - [TEST_STEP][PASSED] - click(findTestObject("OASIS/Care_Management/cm_dme/cm_dme_wheelchair_has")): Object: 'Object Repository/OASIS/Care_Management/cm_dme/cm_dme_wheelchair_has' is clicked on

2019-04-30 10:35:03 - [MESSAGE][PASSED] - Object: 'Object Repository/OASIS/Care_Management/cm_dme/cm_dme_wheelchair_has' is clicked on

2019-04-30 10:35:03 - [TEST_STEP][PASSED] - click(findTestObject("OASIS/Care_Management/cm_dme/cm_dme_bedside_needs")): Object: 'Object Repository/OASIS/Care_Management/cm_dme/cm_dme_bedside_needs' is clicked on

2019-04-30 10:35:03 - [MESSAGE][PASSED] - Object: 'Object Repository/OASIS/Care_Management/cm_dme/cm_dme_bedside_needs' is clicked on

2019-04-30 10:35:03 - [TEST_STEP][PASSED] - click(findTestObject("OASIS/Care_Management/cm_dme/cm_dme_showerbench_has")): Object: 'Object Repository/OASIS/Care_Management/cm_dme/cm_dme_showerbench_has' is clicked on

2019-04-30 10:35:03 - [MESSAGE][PASSED] - Object: 'Object Repository/OASIS/Care_Management/cm_dme/cm_dme_showerbench_has' is clicked on

2019-04-30 10:35:03 - [TEST_STEP][PASSED] - click(findTestObject("OASIS/Care_Management/cm_dme/cm_dme_feedingpump_needs")): Object: 'Object Repository/OASIS/Care_Management/cm_dme/cm_dme_feedingpump_needs' is clicked on

2019-04-30 10:35:03 - [MESSAGE][PASSED] - Object: 'Object Repository/OASIS/Care_Management/cm_dme/cm_dme_feedingpump_needs' is clicked on

2019-04-30 10:35:03 - [TEST_STEP][PASSED] - click(findTestObject("OASIS/Care_Management/cm_dme/cm_dme_suction_has")): Object: 'Object Repository/OASIS/Care_Management/cm_dme/cm_dme_suction_has' is clicked on

2019-04-30 10:35:03 - [MESSAGE][PASSED] - Object: 'Object Repository/OASIS/Care_Management/cm_dme/cm_dme_suction_has' is clicked on

2019-04-30 10:35:03 - [TEST_STEP][PASSED] - click(findTestObject("OASIS/Care_Management/cm_dme/cm_dme_o2con_needs")): Object: 'Object Repository/OASIS/Care_Management/cm_dme/cm_dme_o2con_needs' is clicked on

2019-04-30 10:35:03 - [MESSAGE][PASSED] - Object: 'Object Repository/OASIS/Care_Management/cm_dme/cm_dme_o2con_needs' is clicked on

2019-04-30 10:35:03 - [TEST_STEP][PASSED] - click(findTestObject("OASIS/Care_Management/cm_dme/cm_dme_nebulizer_has")): Object: 'Object Repository/OASIS/Care_Management/cm_dme/cm_dme_nebulizer_has' is clicked on

2019-04-30 10:35:03 - [MESSAGE][PASSED] - Object: 'Object Repository/OASIS/Care_Management/cm_dme/cm_dme_nebulizer_has' is clicked on

2019-04-30 10:35:03 - [TEST_STEP][PASSED] - click(findTestObject("OASIS/Care_Management/cm_dme/cm_dme_hospitalbed_needs")): Object: 'Object Repository/OASIS/Care_Management/cm_dme/cm_dme_hospitalbed_needs' is clicked on

2019-04-30 10:35:04 - [MESSAGE][PASSED] - Object: 'Object Repository/OASIS/Care_Management/cm_dme/cm_dme_hospitalbed_needs' is clicked on

2019-04-30 10:35:04 - [TEST_STEP][PASSED] - click(findTestObject("OASIS/Care_Management/cm_dme/cm_dme_lowairmattress_has")): Object: 'Object Repository/OASIS/Care_Management/cm_dme/cm_dme_lowairmattress_has' is clicked on

2019-04-30 10:35:04 - [MESSAGE][PASSED] - Object: 'Object Repository/OASIS/Care_Management/cm_dme/cm_dme_lowairmattress_has' is clicked on

2019-04-30 10:35:04 - [TEST_STEP][PASSED] - setText(findTestObject("OASIS/Care_Management/cm_dme/cm_dme_other_tf"), "Air Conditioner Machine"): Text 'Air Conditioner Machine' is set on object 'Object Repository/OASIS/Care_Management/cm_dme/cm_dme_other_tf'

2019-04-30 10:35:05 - [MESSAGE][PASSED] - Text 'Air Conditioner Machine' is set on object 'Object Repository/OASIS/Care_Management/cm_dme/cm_dme_other_tf'

2019-04-30 10:35:05 - [TEST_STEP][PASSED] - click(findTestObject("OASIS/Care_Management/cm_dme/cm_dme_other_needs")): Object: 'Object Repository/OASIS/Care_Management/cm_dme/cm_dme_other_needs' is clicked on

2019-04-30 10:35:05 - [MESSAGE][PASSED] - Object: 'Object Repository/OASIS/Care_Management/cm_dme/cm_dme_other_needs' is clicked on

2019-04-30 10:35:05 - [TEST_STEP][PASSED] - click(findTestObject("OASIS/Care_Management/cm_dme/cm_dme_workingproperly_yes")): Object: 'Object Repository/OASIS/Care_Management/cm_dme/cm_dme_workingproperly_yes' is clicked on

2019-04-30 10:35:05 - [MESSAGE][PASSED] - Object: 'Object Repository/OASIS/Care_Management/cm_dme/cm_dme_workingproperly_yes' is clicked on

2019-04-30 10:35:05 - [TEST_STEP][PASSED] - delay(3): Delayed 3 second(s)

2019-04-30 10:35:08 - [MESSAGE][PASSED] - Delayed 3 second(s)

2019-04-30 10:35:08 - [TEST_STEP][PASSED] - click(findTestObject("OASIS/Care_Management/cm_knowledgedeficit/cm_kda_diseaseprocess")): Object: 'Object Repository/OASIS/Care_Management/cm_knowledgedeficit/cm_kda_diseaseprocess' is clicked on

2019-04-30 10:35:08 - [MESSAGE][PASSED] - Object: 'Object Repository/OASIS/Care_Management/cm_knowledgedeficit/cm_kda_diseaseprocess' is clicked on

2019-04-30 10:35:08 - [TEST_STEP][PASSED] - click(findTestObject("OASIS/Care_Management/cm_knowledgedeficit/cm_kda_prevention")): Object: 'Object Repository/OASIS/Care_Management/cm_knowledgedeficit/cm_kda_prevention' is clicked on

2019-04-30 10:35:08 - [MESSAGE][PASSED] - Object: 'Object Repository/OASIS/Care_Management/cm_knowledgedeficit/cm_kda_prevention' is clicked on

2019-04-30 10:35:08 - [TEST_STEP][PASSED] - click(findTestObject("OASIS/Care_Management/cm_knowledgedeficit/cm_kda_reportable")): Object: 'Object Repository/OASIS/Care_Management/cm_knowledgedeficit/cm_kda_reportable' is clicked on

2019-04-30 10:35:08 - [MESSAGE][PASSED] - Object: 'Object Repository/OASIS/Care_Management/cm_knowledgedeficit/cm_kda_reportable' is clicked on

2019-04-30 10:35:08 - [TEST_STEP][PASSED] - click(findTestObject("OASIS/Care_Management/cm_knowledgedeficit/cm_kda_emergency")): Object: 'Object Repository/OASIS/Care_Management/cm_knowledgedeficit/cm_kda_emergency' is clicked on

2019-04-30 10:35:08 - [MESSAGE][PASSED] - Object: 'Object Repository/OASIS/Care_Management/cm_knowledgedeficit/cm_kda_emergency' is clicked on

2019-04-30 10:35:08 - [TEST_STEP][PASSED] - click(findTestObject("OASIS/Care_Management/cm_knowledgedeficit/cm_kda_medication")): Object: 'Object Repository/OASIS/Care_Management/cm_knowledgedeficit/cm_kda_medication' is clicked on

2019-04-30 10:35:09 - [MESSAGE][PASSED] - Object: 'Object Repository/OASIS/Care_Management/cm_knowledgedeficit/cm_kda_medication' is clicked on

2019-04-30 10:35:09 - [TEST_STEP][PASSED] - click(findTestObject("OASIS/Care_Management/cm_knowledgedeficit/cm_kda_compliance")): Object: 'Object Repository/OASIS/Care_Management/cm_knowledgedeficit/cm_kda_compliance' is clicked on

2019-04-30 10:35:09 - [MESSAGE][PASSED] - Object: 'Object Repository/OASIS/Care_Management/cm_knowledgedeficit/cm_kda_compliance' is clicked on

2019-04-30 10:35:09 - [TEST_STEP][PASSED] - click(findTestObject("OASIS/Care_Management/cm_knowledgedeficit/cm_kda_diet")): Object: 'Object Repository/OASIS/Care_Management/cm_knowledgedeficit/cm_kda_diet' is clicked on

2019-04-30 10:35:09 - [MESSAGE][PASSED] - Object: 'Object Repository/OASIS/Care_Management/cm_knowledgedeficit/cm_kda_diet' is clicked on

2019-04-30 10:35:09 - [TEST_STEP][PASSED] - click(findTestObject("OASIS/Care_Management/cm_knowledgedeficit/cm_kda_homesafety")): Object: 'Object Repository/OASIS/Care_Management/cm_knowledgedeficit/cm_kda_homesafety' is clicked on

2019-04-30 10:35:09 - [MESSAGE][PASSED] - Object: 'Object Repository/OASIS/Care_Management/cm_knowledgedeficit/cm_kda_homesafety' is clicked on

2019-04-30 10:35:09 - [TEST_STEP][PASSED] - click(findTestObject("OASIS/Care_Management/cm_knowledgedeficit/cm_kda_oxygen")): Object: 'Object Repository/OASIS/Care_Management/cm_knowledgedeficit/cm_kda_oxygen' is clicked on

2019-04-30 10:35:09 - [MESSAGE][PASSED] - Object: 'Object Repository/OASIS/Care_Management/cm_knowledgedeficit/cm_kda_oxygen' is clicked on

2019-04-30 10:35:09 - [TEST_STEP][PASSED] - click(findTestObject("OASIS/Care_Management/cm_knowledgedeficit/cm_kda_infection")): Object: 'Object Repository/OASIS/Care_Management/cm_knowledgedeficit/cm_kda_infection' is clicked on

2019-04-30 10:35:09 - [MESSAGE][PASSED] - Object: 'Object Repository/OASIS/Care_Management/cm_knowledgedeficit/cm_kda_infection' is clicked on

2019-04-30 10:35:09 - [TEST_STEP][PASSED] - click(findTestObject("OASIS/Care_Management/cm_knowledgedeficit/cm_kda_pain")): Object: 'Object Repository/OASIS/Care_Management/cm_knowledgedeficit/cm_kda_pain' is clicked on

2019-04-30 10:35:09 - [MESSAGE][PASSED] - Object: 'Object Repository/OASIS/Care_Management/cm_knowledgedeficit/cm_kda_pain' is clicked on

2019-04-30 10:35:09 - [TEST_STEP][PASSED] - setText(findTestObject("OASIS/Care_Management/cm_knowledgedeficit/cm_kda_other"), "Sample text"): Text 'Sample text' is set on object 'Object Repository/OASIS/Care_Management/cm_knowledgedeficit/cm_kda_other'

2019-04-30 10:35:10 - [MESSAGE][PASSED] - Text 'Sample text' is set on object 'Object Repository/OASIS/Care_Management/cm_knowledgedeficit/cm_kda_other'

2019-04-30 10:35:10 - [TEST_STEP][PASSED] - delay(2): Delayed 2 second(s)

2019-04-30 10:35:12 - [MESSAGE][PASSED] - Delayed 2 second(s)

2019-04-30 10:35:12 - [TEST_STEP][PASSED] - setText(findTestObject("OASIS/Care_Management/cm_additonalassessment"), "The patient must be assisted all the time especially when it comes to basic house chores such as doing the laundry, washing the dishes, walking upstairs. He's basically disabled in so many aspects."): Text 'The patient must be assisted all the time especially when it comes to basic house chores such as doing the laundry, washing the dishes, walking upstairs. He's basically disabled in so many aspects.' is set on object 'Object Repository/OASIS/Care_Management/cm_additonalassessment'

2019-04-30 10:35:18 - [MESSAGE][PASSED] - Text 'The patient must be assisted all the time especially when it comes to basic house chores such as doing the laundry, washing the dishes, walking upstairs. He's basically disabled in so many aspects.' is set on object 'Object Repository/OASIS/Care_Management/cm_additonalassessment'

2019-04-30 10:35:18 - [TEST_STEP][PASSED] - delay(3): Delayed 3 second(s)

2019-04-30 10:35:21 - [MESSAGE][PASSED] - Delayed 3 second(s)

2019-04-30 10:35:21 - [TEST_STEP][PASSED] - click(findTestObject("OASIS/Care_Management/cm_instructionsteachings/cm_instructionst_patientrights")): Object: 'Object Repository/OASIS/Care_Management/cm_instructionsteachings/cm_instructionst_patientrights' is clicked on

2019-04-30 10:35:21 - [MESSAGE][PASSED] - Object: 'Object Repository/OASIS/Care_Management/cm_instructionsteachings/cm_instructionst_patientrights' is clicked on

2019-04-30 10:35:21 - [TEST_STEP][PASSED] - click(findTestObject("OASIS/Care_Management/cm_instructionsteachings/cm_instructionst_statehotline")): Object: 'Object Repository/OASIS/Care_Management/cm_instructionsteachings/cm_instructionst_statehotline' is clicked on

2019-04-30 10:35:21 - [MESSAGE][PASSED] - Object: 'Object Repository/OASIS/Care_Management/cm_instructionsteachings/cm_instructionst_statehotline' is clicked on

2019-04-30 10:35:21 - [TEST_STEP][PASSED] - click(findTestObject("OASIS/Care_Management/cm_instructionsteachings/cm_instructionst_advancedirectives")): Object: 'Object Repository/OASIS/Care_Management/cm_instructionsteachings/cm_instructionst_advancedirectives' is clicked on

2019-04-30 10:35:21 - [MESSAGE][PASSED] - Object: 'Object Repository/OASIS/Care_Management/cm_instructionsteachings/cm_instructionst_advancedirectives' is clicked on

2019-04-30 10:35:21 - [TEST_STEP][PASSED] - click(findTestObject("OASIS/Care_Management/cm_instructionsteachings/cm_instructionst_dnr")): Object: 'Object Repository/OASIS/Care_Management/cm_instructionsteachings/cm_instructionst_dnr' is clicked on

2019-04-30 10:35:21 - [MESSAGE][PASSED] - Object: 'Object Repository/OASIS/Care_Management/cm_instructionsteachings/cm_instructionst_dnr' is clicked on

2019-04-30 10:35:21 - [TEST_STEP][PASSED] - click(findTestObject("OASIS/Care_Management/cm_instructionsteachings/cm_instructionst_hipaanotice")): Object: 'Object Repository/OASIS/Care_Management/cm_instructionsteachings/cm_instructionst_hipaanotice' is clicked on

2019-04-30 10:35:21 - [MESSAGE][PASSED] - Object: 'Object Repository/OASIS/Care_Management/cm_instructionsteachings/cm_instructionst_hipaanotice' is clicked on

2019-04-30 10:35:21 - [TEST_STEP][PASSED] - click(findTestObject("OASIS/Care_Management/cm_instructionsteachings/cm_instructionst_oasisprivacy")): Object: 'Object Repository/OASIS/Care_Management/cm_instructionsteachings/cm_instructionst_oasisprivacy' is clicked on

2019-04-30 10:35:22 - [MESSAGE][PASSED] - Object: 'Object Repository/OASIS/Care_Management/cm_instructionsteachings/cm_instructionst_oasisprivacy' is clicked on

2019-04-30 10:35:22 - [TEST_STEP][PASSED] - click(findTestObject("OASIS/Care_Management/cm_instructionsteachings/cm_instructionst_agencyphone")): Object: 'Object Repository/OASIS/Care_Management/cm_instructionsteachings/cm_instructionst_agencyphone' is clicked on

2019-04-30 10:35:22 - [MESSAGE][PASSED] - Object: 'Object Repository/OASIS/Care_Management/cm_instructionsteachings/cm_instructionst_agencyphone' is clicked on

2019-04-30 10:35:22 - [TEST_STEP][PASSED] - click(findTestObject("OASIS/Care_Management/cm_instructionsteachings/cm_instructionst_whentocontact")): Object: 'Object Repository/OASIS/Care_Management/cm_instructionsteachings/cm_instructionst_whentocontact' is clicked on

2019-04-30 10:35:22 - [MESSAGE][PASSED] - Object: 'Object Repository/OASIS/Care_Management/cm_instructionsteachings/cm_instructionst_whentocontact' is clicked on

2019-04-30 10:35:22 - [TEST_STEP][PASSED] - click(findTestObject("OASIS/Care_Management/cm_instructionsteachings/cm_instructionst_abnhhccn")): Object: 'Object Repository/OASIS/Care_Management/cm_instructionsteachings/cm_instructionst_abnhhccn' is clicked on

2019-04-30 10:35:22 - [MESSAGE][PASSED] - Object: 'Object Repository/OASIS/Care_Management/cm_instructionsteachings/cm_instructionst_abnhhccn' is clicked on

2019-04-30 10:35:22 - [TEST_STEP][PASSED] - click(findTestObject("OASIS/Care_Management/cm_instructionsteachings/cm_instructionst_emergencyplanning")): Object: 'Object Repository/OASIS/Care_Management/cm_instructionsteachings/cm_instructionst_emergencyplanning' is clicked on

2019-04-30 10:35:22 - [MESSAGE][PASSED] - Object: 'Object Repository/OASIS/Care_Management/cm_instructionsteachings/cm_instructionst_emergencyplanning' is clicked on

2019-04-30 10:35:22 - [TEST_STEP][PASSED] - click(findTestObject("OASIS/Care_Management/cm_instructionsteachings/cm_instructionst_infectioncontrol")): Object: 'Object Repository/OASIS/Care_Management/cm_instructionsteachings/cm_instructionst_infectioncontrol' is clicked on

2019-04-30 10:35:22 - [MESSAGE][PASSED] - Object: 'Object Repository/OASIS/Care_Management/cm_instructionsteachings/cm_instructionst_infectioncontrol' is clicked on

2019-04-30 10:35:22 - [TEST_STEP][PASSED] - click(findTestObject("OASIS/Care_Management/cm_instructionsteachings/cm_instructionst_basichomesafety")): Object: 'Object Repository/OASIS/Care_Management/cm_instructionsteachings/cm_instructionst_basichomesafety' is clicked on

2019-04-30 10:35:23 - [MESSAGE][PASSED] - Object: 'Object Repository/OASIS/Care_Management/cm_instructionsteachings/cm_instructionst_basichomesafety' is clicked on

2019-04-30 10:35:23 - [TEST_STEP][PASSED] - click(findTestObject("OASIS/Care_Management/cm_instructionsteachings/cm_instructionst_fallprevention")): Object: 'Object Repository/OASIS/Care_Management/cm_instructionsteachings/cm_instructionst_fallprevention' is clicked on

2019-04-30 10:35:23 - [MESSAGE][PASSED] - Object: 'Object Repository/OASIS/Care_Management/cm_instructionsteachings/cm_instructionst_fallprevention' is clicked on

2019-04-30 10:35:23 - [TEST_STEP][PASSED] - click(findTestObject("OASIS/Care_Management/cm_instructionsteachings/cm_instructionst_medication")): Object: 'Object Repository/OASIS/Care_Management/cm_instructionsteachings/cm_instructionst_medication' is clicked on

2019-04-30 10:35:23 - [MESSAGE][PASSED] - Object: 'Object Repository/OASIS/Care_Management/cm_instructionsteachings/cm_instructionst_medication' is clicked on

2019-04-30 10:35:23 - [TEST_STEP][PASSED] - click(findTestObject("OASIS/Care_Management/cm_instructionsteachings/cm_instructionst_advancebeneficiary")): Object: 'Object Repository/OASIS/Care_Management/cm_instructionsteachings/cm_instructionst_advancebeneficiary' is clicked on

2019-04-30 10:35:23 - [MESSAGE][PASSED] - Object: 'Object Repository/OASIS/Care_Management/cm_instructionsteachings/cm_instructionst_advancebeneficiary' is clicked on

2019-04-30 10:35:23 - [TEST_STEP][PASSED] - click(findTestObject("OASIS/Care_Management/cm_instructionsteachings/cm_instructionst_oxygenrisk")): Object: 'Object Repository/OASIS/Care_Management/cm_instructionsteachings/cm_instructionst_oxygenrisk' is clicked on

2019-04-30 10:35:23 - [MESSAGE][PASSED] - Object: 'Object Repository/OASIS/Care_Management/cm_instructionsteachings/cm_instructionst_oxygenrisk' is clicked on

2019-04-30 10:35:23 - [TEST_STEP][PASSED] - click(findTestObject("OASIS/Care_Management/cm_instructionsteachings/cm_instructionst_diseaseprocess")): Object: 'Object Repository/OASIS/Care_Management/cm_instructionsteachings/cm_instructionst_diseaseprocess' is clicked on

2019-04-30 10:35:23 - [MESSAGE][PASSED] - Object: 'Object Repository/OASIS/Care_Management/cm_instructionsteachings/cm_instructionst_diseaseprocess' is clicked on

2019-04-30 10:35:23 - [TEST_STEP][PASSED] - setText(findTestObject("OASIS/Care_Management/cm_instructionsteachings/cm_instructionst_other1"), "Sample text"): Text 'Sample text' is set on object 'Object Repository/OASIS/Care_Management/cm_instructionsteachings/cm_instructionst_other1'

2019-04-30 10:35:24 - [MESSAGE][PASSED] - Text 'Sample text' is set on object 'Object Repository/OASIS/Care_Management/cm_instructionsteachings/cm_instructionst_other1'

2019-04-30 10:35:24 - [TEST_STEP][PASSED] - setText(findTestObject("OASIS/Care_Management/cm_instructionsteachings/cm_instructionst_other2"), "Sample text"): Text 'Sample text' is set on object 'Object Repository/OASIS/Care_Management/cm_instructionsteachings/cm_instructionst_other2'

2019-04-30 10:35:24 - [MESSAGE][PASSED] - Text 'Sample text' is set on object 'Object Repository/OASIS/Care_Management/cm_instructionsteachings/cm_instructionst_other2'

2019-04-30 10:35:24 - [TEST_STEP][PASSED] - setText(findTestObject("OASIS/Care_Management/cm_instructionsteachings/cm_instructionst_other3"), "Sample text"): Text 'Sample text' is set on object 'Object Repository/OASIS/Care_Management/cm_instructionsteachings/cm_instructionst_other3'

2019-04-30 10:35:25 - [MESSAGE][PASSED] - Text 'Sample text' is set on object 'Object Repository/OASIS/Care_Management/cm_instructionsteachings/cm_instructionst_other3'

2019-04-30 10:35:25 - [TEST_STEP][PASSED] - delay(3): Delayed 3 second(s)

2019-04-30 10:35:28 - [MESSAGE][PASSED] - Delayed 3 second(s)

2019-04-30 10:35:28 - [TEST_STEP][PASSED] - click(findTestObject("OASIS/Care_Management/cm_dischargeplans/cm_dcplans_returntoanindependent")): Object: 'Object Repository/OASIS/Care_Management/cm_dischargeplans/cm_dcplans_returntoanindependent' is clicked on

2019-04-30 10:35:28 - [MESSAGE][PASSED] - Object: 'Object Repository/OASIS/Care_Management/cm_dischargeplans/cm_dcplans_returntoanindependent' is clicked on

2019-04-30 10:35:28 - [TEST_STEP][PASSED] - click(findTestObject("OASIS/Care_Management/cm_dischargeplans/cm_dcplans_abletoremainresisdence")): Object: 'Object Repository/OASIS/Care_Management/cm_dischargeplans/cm_dcplans_abletoremainresisdence' is clicked on

2019-04-30 10:35:28 - [MESSAGE][PASSED] - Object: 'Object Repository/OASIS/Care_Management/cm_dischargeplans/cm_dcplans_abletoremainresisdence' is clicked on

2019-04-30 10:35:28 - [TEST_STEP][PASSED] - click(findTestObject("OASIS/Care_Management/cm_dischargeplans/cm_dcplans_abletoemainassistive")): Object: 'Object Repository/OASIS/Care_Management/cm_dischargeplans/cm_dcplans_abletoemainassistive' is clicked on

2019-04-30 10:35:28 - [MESSAGE][PASSED] - Object: 'Object Repository/OASIS/Care_Management/cm_dischargeplans/cm_dcplans_abletoemainassistive' is clicked on

2019-04-30 10:35:28 - [TEST_STEP][PASSED] - click(findTestObject("OASIS/Care_Management/cm_dischargeplans/cm_dcplans_whenpatient")): Object: 'Object Repository/OASIS/Care_Management/cm_dischargeplans/cm_dcplans_whenpatient' is clicked on

2019-04-30 10:35:28 - [MESSAGE][PASSED] - Object: 'Object Repository/OASIS/Care_Management/cm_dischargeplans/cm_dcplans_whenpatient' is clicked on

2019-04-30 10:35:28 - [TEST_STEP][PASSED] - click(findTestObject("OASIS/Care_Management/cm_dischargeplans/cm_dcplans_abletounderstand")): Object: 'Object Repository/OASIS/Care_Management/cm_dischargeplans/cm_dcplans_abletounderstand' is clicked on

2019-04-30 10:35:28 - [MESSAGE][PASSED] - Object: 'Object Repository/OASIS/Care_Management/cm_dischargeplans/cm_dcplans_abletounderstand' is clicked on

2019-04-30 10:35:29 - [TEST_STEP][PASSED] - click(findTestObject("OASIS/Care_Management/cm_dischargeplans/cm_dcplans_medicalcondition")): Object: 'Object Repository/OASIS/Care_Management/cm_dischargeplans/cm_dcplans_medicalcondition' is clicked on

2019-04-30 10:35:29 - [MESSAGE][PASSED] - Object: 'Object Repository/OASIS/Care_Management/cm_dischargeplans/cm_dcplans_medicalcondition' is clicked on

2019-04-30 10:35:29 - [TEST_STEP][PASSED] - click(findTestObject("OASIS/Care_Management/cm_dischargeplans/cm_dcplans_whenmaxpotential")): Object: 'Object Repository/OASIS/Care_Management/cm_dischargeplans/cm_dcplans_whenmaxpotential' is clicked on

2019-04-30 10:35:29 - [MESSAGE][PASSED] - Object: 'Object Repository/OASIS/Care_Management/cm_dischargeplans/cm_dcplans_whenmaxpotential' is clicked on

2019-04-30 10:35:29 - [TEST_STEP][PASSED] - click(findTestObject("OASIS/Care_Management/cm_dischargeplans/cm_dcplans_dischargeattheend")): Object: 'Object Repository/OASIS/Care_Management/cm_dischargeplans/cm_dcplans_dischargeattheend' is clicked on

2019-04-30 10:35:29 - [MESSAGE][PASSED] - Object: 'Object Repository/OASIS/Care_Management/cm_dischargeplans/cm_dcplans_dischargeattheend' is clicked on

2019-04-30 10:35:29 - [TEST_STEP][PASSED] - click(findTestObject("OASIS/Care_Management/cm_dischargeplans/cm_dcplans_whengoalsaremet")): Object: 'Object Repository/OASIS/Care_Management/cm_dischargeplans/cm_dcplans_whengoalsaremet' is clicked on

2019-04-30 10:35:29 - [MESSAGE][PASSED] - Object: 'Object Repository/OASIS/Care_Management/cm_dischargeplans/cm_dcplans_whengoalsaremet' is clicked on

2019-04-30 10:35:29 - [TEST_STEP][PASSED] - setText(findTestObject("OASIS/Care_Management/cm_dischargeplans/cm_dcplans_other"), "Other discharge plan might be added upon the care staff's notice or instruction."): Text 'Other discharge plan might be added upon the care staff's notice or instruction.' is set on object 'Object Repository/OASIS/Care_Management/cm_dischargeplans/cm_dcplans_other'

2019-04-30 10:35:31 - [MESSAGE][PASSED] - Text 'Other discharge plan might be added upon the care staff's notice or instruction.' is set on object 'Object Repository/OASIS/Care_Management/cm_dischargeplans/cm_dcplans_other'

2019-04-30 10:35:31 - [TEST_STEP][PASSED] - click(findTestObject("OASIS/Care_Management/cm_dischargeplans/cm_dcplans_planofcareanddc_patient")): Object: 'Object Repository/OASIS/Care_Management/cm_dischargeplans/cm_dcplans_planofcareanddc_patient' is clicked on

2019-04-30 10:35:32 - [MESSAGE][PASSED] - Object: 'Object Repository/OASIS/Care_Management/cm_dischargeplans/cm_dcplans_planofcareanddc_patient' is clicked on

2019-04-30 10:35:32 - [TEST_STEP][PASSED] - click(findTestObject("OASIS/Care_Management/cm_dischargeplans/cm_dcplans_planofcareanddc_pcg")): Object: 'Object Repository/OASIS/Care_Management/cm_dischargeplans/cm_dcplans_planofcareanddc_pcg' is clicked on

2019-04-30 10:35:32 - [MESSAGE][PASSED] - Object: 'Object Repository/OASIS/Care_Management/cm_dischargeplans/cm_dcplans_planofcareanddc_pcg' is clicked on

2019-04-30 10:35:32 - [TEST_STEP][PASSED] - click(findTestObject("OASIS/Care_Management/cm_dischargeplans/cm_dcplans_planofcareanddc_family")): Object: 'Object Repository/OASIS/Care_Management/cm_dischargeplans/cm_dcplans_planofcareanddc_family' is clicked on

2019-04-30 10:35:32 - [MESSAGE][PASSED] - Object: 'Object Repository/OASIS/Care_Management/cm_dischargeplans/cm_dcplans_planofcareanddc_family' is clicked on

2019-04-30 10:35:32 - [TEST_STEP][PASSED] - click(findTestObject("OASIS/Care_Management/cm_dischargeplans/cm_dcplans_planofcareanddc_agreeable")): Object: 'Object Repository/OASIS/Care_Management/cm_dischargeplans/cm_dcplans_planofcareanddc_agreeable' is clicked on

2019-04-30 10:35:32 - [MESSAGE][PASSED] - Object: 'Object Repository/OASIS/Care_Management/cm_dischargeplans/cm_dcplans_planofcareanddc_agreeable' is clicked on

2019-04-30 10:35:32 - [TEST_STEP][PASSED] - setText(findTestObject("OASIS/Care_Management/cm_dischargeplans/cm_dcplans_patientgoals"), "To be well"): Text 'To be well' is set on object 'Object Repository/OASIS/Care_Management/cm_dischargeplans/cm_dcplans_patientgoals'

2019-04-30 10:35:33 - [MESSAGE][PASSED] - Text 'To be well' is set on object 'Object Repository/OASIS/Care_Management/cm_dischargeplans/cm_dcplans_patientgoals'

2019-04-30 10:35:33 - [TEST_STEP][PASSED] - setText(findTestObject("OASIS/Care_Management/cm_dischargeplans/cm_dcplans_disciplinefreq"), "Sample text"): Text 'Sample text' is set on object 'Object Repository/OASIS/Care_Management/cm_dischargeplans/cm_dcplans_disciplinefreq'

2019-04-30 10:35:33 - [MESSAGE][PASSED] - Text 'Sample text' is set on object 'Object Repository/OASIS/Care_Management/cm_dischargeplans/cm_dcplans_disciplinefreq'

2019-04-30 10:35:33 - [TEST_STEP][PASSED] - click(findTestObject("OASIS/Care_Management/cm_dischargeplans/cm_dcplans_rehabpotential_fair")): Object: 'Object Repository/OASIS/Care_Management/cm_dischargeplans/cm_dcplans_rehabpotential_fair' is clicked on

2019-04-30 10:35:33 - [MESSAGE][PASSED] - Object: 'Object Repository/OASIS/Care_Management/cm_dischargeplans/cm_dcplans_rehabpotential_fair' is clicked on

2019-04-30 10:35:33 - [TEST_STEP][PASSED] - delay(5): Delayed 5 second(s)

2019-04-30 10:35:38 - [MESSAGE][PASSED] - Delayed 5 second(s)

2019-04-30 10:35:38 - [TEST_STEP][PASSED] - click(findTestObject("OASIS/OASIS_TABS/discardchangesbtn")): Object: 'Object Repository/OASIS/OASIS_TABS/discardchangesbtn' is clicked on

2019-04-30 10:35:38 - [MESSAGE][PASSED] - Object: 'Object Repository/OASIS/OASIS_TABS/discardchangesbtn' is clicked on

2019-04-30 10:35:38 - [TEST_STEP][PASSED] - click(findTestObject("OASIS/OASIS_TABS/discardchangesmodalbtn")): Object: 'Object Repository/OASIS/OASIS_TABS/discardchangesmodalbtn' is clicked on

2019-04-30 10:35:38 - [MESSAGE][PASSED] - Object: 'Object Repository/OASIS/OASIS_TABS/discardchangesmodalbtn' is clicked on]]></system-out>
         <system-err><![CDATA[]]></system-err>
      </testcase>
      <system-out><![CDATA[2019-04-30 10:30:35 - [TEST_SUITE][FAILED] - automation_compiled: Test Cases/OASIS_SOC/Elimination FAILED.
Reason:
com.kms.katalon.core.exception.StepFailedException: Unable to click on object 'Object Repository/OASIS/OASIS_TABS/Elimination_tab'
	at com.kms.katalon.core.webui.keyword.internal.WebUIKeywordMain.stepFailed(WebUIKeywordMain.groovy:64)
	at com.kms.katalon.core.webui.keyword.internal.WebUIKeywordMain.runKeyword(WebUIKeywordMain.groovy:26)
	at com.kms.katalon.core.webui.keyword.builtin.ClickKeyword.click(ClickKeyword.groovy:86)
	at com.kms.katalon.core.webui.keyword.builtin.ClickKeyword.execute(ClickKeyword.groovy:67)
	at com.kms.katalon.core.keyword.internal.KeywordExecutor.executeKeywordForPlatform(KeywordExecutor.groovy:56)
	at com.kms.katalon.core.webui.keyword.WebUiBuiltInKeywords.click(WebUiBuiltInKeywords.groovy:616)
	at com.kms.katalon.core.webui.keyword.WebUiBuiltInKeywords$click$3.call(Unknown Source)
	at Elimination.run(Elimination:16)
	at com.kms.katalon.core.main.ScriptEngine.run(ScriptEngine.java:194)
	at com.kms.katalon.core.main.ScriptEngine.runScriptAsRawText(ScriptEngine.java:119)
	at com.kms.katalon.core.main.TestCaseExecutor.runScript(TestCaseExecutor.java:342)
	at com.kms.katalon.core.main.TestCaseExecutor.doExecute(TestCaseExecutor.java:333)
	at com.kms.katalon.core.main.TestCaseExecutor.processExecutionPhase(TestCaseExecutor.java:312)
	at com.kms.katalon.core.main.TestCaseExecutor.accessMainPhase(TestCaseExecutor.java:304)
	at com.kms.katalon.core.main.TestCaseExecutor.execute(TestCaseExecutor.java:238)
	at com.kms.katalon.core.main.TestSuiteExecutor.accessTestCaseMainPhase(TestSuiteExecutor.java:129)
	at com.kms.katalon.core.main.TestSuiteExecutor.accessTestSuiteMainPhase(TestSuiteExecutor.java:112)
	at com.kms.katalon.core.main.TestSuiteExecutor.execute(TestSuiteExecutor.java:81)
	at com.kms.katalon.core.main.TestCaseMain.startTestSuite(TestCaseMain.java:157)
	at com.kms.katalon.core.main.TestCaseMain$startTestSuite$0.call(Unknown Source)
	at TempTestSuite1556591433627.run(TempTestSuite1556591433627.groovy:35)
Caused by: org.openqa.selenium.WebDriverException: unknown error: Element <div class="oasis-section-tabs ng-binding ng-scope" ng-if="list.title!=''" style="text-transform: none;">...</div> is not clickable at point (206, 415). Other element would receive the click: <div ng-if="!isReadyToNavigate" style="position:absolute;width:100%;height:100%;z-index:5; background:rgb(255,255,255, 0.1);cursor: not-allowed;" class="ng-scope">...</div>
  (Session info: chrome=73.0.3683.103)
  (Driver info: chromedriver=73.0.3683.68 (47787ec04b6e38e22703e856e101e840b65afe72),platform=Windows NT 10.0.17134 x86_64) (WARNING: The server did not provide any stacktrace information)
Command duration or timeout: 0 milliseconds
Build info: version: '3.7.1', revision: '8a0099a', time: '2017-11-06T21:07:36.161Z'
System info: host: 'DESKTOP-IKQI3RS', ip: '192.168.2.37', os.name: 'Windows 10', os.arch: 'amd64', os.version: '10.0', java.version: '1.8.0_181'
Driver info: com.kms.katalon.selenium.driver.CChromeDriver
Capabilities {acceptInsecureCerts: false, acceptSslCerts: false, applicationCacheEnabled: false, browserConnectionEnabled: false, browserName: chrome, chrome: {chromedriverVersion: 73.0.3683.68 (47787ec04b6e3..., userDataDir: C:\Users\KHENAR~1\AppData\L...}, cssSelectorsEnabled: true, databaseEnabled: false, goog:chromeOptions: {debuggerAddress: localhost:51666}, handlesAlerts: true, hasTouchScreen: false, javascriptEnabled: true, locationContextEnabled: true, mobileEmulationEnabled: false, nativeEvents: true, networkConnectionEnabled: false, pageLoadStrategy: normal, platform: XP, platformName: XP, proxy: Proxy(direct), rotatable: false, setWindowRect: true, strictFileInteractability: false, takesHeapSnapshot: true, takesScreenshot: true, timeouts: {implicit: 0, pageLoad: 300000, script: 30000}, unexpectedAlertBehaviour: ignore, unhandledPromptBehavior: ignore, version: 73.0.3683.103, webStorageEnabled: true}
Session ID: 4f20c918cb329afd1a2f6869a4b07d7a
	at org.openqa.selenium.remote.ErrorHandler.createThrowable(ErrorHandler.java:214)
	at org.openqa.selenium.remote.ErrorHandler.throwIfResponseFailed(ErrorHandler.java:166)
	at org.openqa.selenium.remote.http.JsonHttpResponseCodec.reconstructValue(JsonHttpResponseCodec.java:40)
	at org.openqa.selenium.remote.http.AbstractHttpResponseCodec.decode(AbstractHttpResponseCodec.java:80)
	at org.openqa.selenium.remote.http.AbstractHttpResponseCodec.decode(AbstractHttpResponseCodec.java:44)
	at org.openqa.selenium.remote.HttpCommandExecutor.execute(HttpCommandExecutor.java:164)
	at org.openqa.selenium.remote.service.DriverCommandExecutor.execute(DriverCommandExecutor.java:83)
	at org.openqa.selenium.remote.RemoteWebDriver.execute(RemoteWebDriver.java:600)
	at com.kms.katalon.selenium.driver.CChromeDriver.execute(CChromeDriver.java:20)
	at org.openqa.selenium.remote.RemoteWebElement.execute(RemoteWebElement.java:279)
	at org.openqa.selenium.remote.RemoteWebElement.click(RemoteWebElement.java:83)
	at com.kms.katalon.core.webui.keyword.builtin.ClickKeyword$_click_closure1.doCall(ClickKeyword.groovy:79)
	at com.kms.katalon.core.webui.keyword.builtin.ClickKeyword$_click_closure1.call(ClickKeyword.groovy)
	at com.kms.katalon.core.webui.keyword.internal.WebUIKeywordMain.runKeyword(WebUIKeywordMain.groovy:20)
	at com.kms.katalon.core.webui.keyword.builtin.ClickKeyword.click(ClickKeyword.groovy:86)
	at com.kms.katalon.core.webui.keyword.builtin.ClickKeyword.execute(ClickKeyword.groovy:67)
	at com.kms.katalon.core.keyword.internal.KeywordExecutor.executeKeywordForPlatform(KeywordExecutor.groovy:56)
	at com.kms.katalon.core.webui.keyword.WebUiBuiltInKeywords.click(WebUiBuiltInKeywords.groovy:616)
	at com.kms.katalon.core.webui.keyword.WebUiBuiltInKeywords$click$3.call(Unknown Source)
	at Script1555983604032.run(Script1555983604032.groovy:16)
	... 13 more]]></system-out>
      <system-err><![CDATA[2019-04-30 10:30:35 - [TEST_SUITE][FAILED] - automation_compiled: Test Cases/OASIS_SOC/Elimination FAILED.
Reason:
com.kms.katalon.core.exception.StepFailedException: Unable to click on object 'Object Repository/OASIS/OASIS_TABS/Elimination_tab'
	at com.kms.katalon.core.webui.keyword.internal.WebUIKeywordMain.stepFailed(WebUIKeywordMain.groovy:64)
	at com.kms.katalon.core.webui.keyword.internal.WebUIKeywordMain.runKeyword(WebUIKeywordMain.groovy:26)
	at com.kms.katalon.core.webui.keyword.builtin.ClickKeyword.click(ClickKeyword.groovy:86)
	at com.kms.katalon.core.webui.keyword.builtin.ClickKeyword.execute(ClickKeyword.groovy:67)
	at com.kms.katalon.core.keyword.internal.KeywordExecutor.executeKeywordForPlatform(KeywordExecutor.groovy:56)
	at com.kms.katalon.core.webui.keyword.WebUiBuiltInKeywords.click(WebUiBuiltInKeywords.groovy:616)
	at com.kms.katalon.core.webui.keyword.WebUiBuiltInKeywords$click$3.call(Unknown Source)
	at Elimination.run(Elimination:16)
	at com.kms.katalon.core.main.ScriptEngine.run(ScriptEngine.java:194)
	at com.kms.katalon.core.main.ScriptEngine.runScriptAsRawText(ScriptEngine.java:119)
	at com.kms.katalon.core.main.TestCaseExecutor.runScript(TestCaseExecutor.java:342)
	at com.kms.katalon.core.main.TestCaseExecutor.doExecute(TestCaseExecutor.java:333)
	at com.kms.katalon.core.main.TestCaseExecutor.processExecutionPhase(TestCaseExecutor.java:312)
	at com.kms.katalon.core.main.TestCaseExecutor.accessMainPhase(TestCaseExecutor.java:304)
	at com.kms.katalon.core.main.TestCaseExecutor.execute(TestCaseExecutor.java:238)
	at com.kms.katalon.core.main.TestSuiteExecutor.accessTestCaseMainPhase(TestSuiteExecutor.java:129)
	at com.kms.katalon.core.main.TestSuiteExecutor.accessTestSuiteMainPhase(TestSuiteExecutor.java:112)
	at com.kms.katalon.core.main.TestSuiteExecutor.execute(TestSuiteExecutor.java:81)
	at com.kms.katalon.core.main.TestCaseMain.startTestSuite(TestCaseMain.java:157)
	at com.kms.katalon.core.main.TestCaseMain$startTestSuite$0.call(Unknown Source)
	at TempTestSuite1556591433627.run(TempTestSuite1556591433627.groovy:35)
Caused by: org.openqa.selenium.WebDriverException: unknown error: Element <div class="oasis-section-tabs ng-binding ng-scope" ng-if="list.title!=''" style="text-transform: none;">...</div> is not clickable at point (206, 415). Other element would receive the click: <div ng-if="!isReadyToNavigate" style="position:absolute;width:100%;height:100%;z-index:5; background:rgb(255,255,255, 0.1);cursor: not-allowed;" class="ng-scope">...</div>
  (Session info: chrome=73.0.3683.103)
  (Driver info: chromedriver=73.0.3683.68 (47787ec04b6e38e22703e856e101e840b65afe72),platform=Windows NT 10.0.17134 x86_64) (WARNING: The server did not provide any stacktrace information)
Command duration or timeout: 0 milliseconds
Build info: version: '3.7.1', revision: '8a0099a', time: '2017-11-06T21:07:36.161Z'
System info: host: 'DESKTOP-IKQI3RS', ip: '192.168.2.37', os.name: 'Windows 10', os.arch: 'amd64', os.version: '10.0', java.version: '1.8.0_181'
Driver info: com.kms.katalon.selenium.driver.CChromeDriver
Capabilities {acceptInsecureCerts: false, acceptSslCerts: false, applicationCacheEnabled: false, browserConnectionEnabled: false, browserName: chrome, chrome: {chromedriverVersion: 73.0.3683.68 (47787ec04b6e3..., userDataDir: C:\Users\KHENAR~1\AppData\L...}, cssSelectorsEnabled: true, databaseEnabled: false, goog:chromeOptions: {debuggerAddress: localhost:51666}, handlesAlerts: true, hasTouchScreen: false, javascriptEnabled: true, locationContextEnabled: true, mobileEmulationEnabled: false, nativeEvents: true, networkConnectionEnabled: false, pageLoadStrategy: normal, platform: XP, platformName: XP, proxy: Proxy(direct), rotatable: false, setWindowRect: true, strictFileInteractability: false, takesHeapSnapshot: true, takesScreenshot: true, timeouts: {implicit: 0, pageLoad: 300000, script: 30000}, unexpectedAlertBehaviour: ignore, unhandledPromptBehavior: ignore, version: 73.0.3683.103, webStorageEnabled: true}
Session ID: 4f20c918cb329afd1a2f6869a4b07d7a
	at org.openqa.selenium.remote.ErrorHandler.createThrowable(ErrorHandler.java:214)
	at org.openqa.selenium.remote.ErrorHandler.throwIfResponseFailed(ErrorHandler.java:166)
	at org.openqa.selenium.remote.http.JsonHttpResponseCodec.reconstructValue(JsonHttpResponseCodec.java:40)
	at org.openqa.selenium.remote.http.AbstractHttpResponseCodec.decode(AbstractHttpResponseCodec.java:80)
	at org.openqa.selenium.remote.http.AbstractHttpResponseCodec.decode(AbstractHttpResponseCodec.java:44)
	at org.openqa.selenium.remote.HttpCommandExecutor.execute(HttpCommandExecutor.java:164)
	at org.openqa.selenium.remote.service.DriverCommandExecutor.execute(DriverCommandExecutor.java:83)
	at org.openqa.selenium.remote.RemoteWebDriver.execute(RemoteWebDriver.java:600)
	at com.kms.katalon.selenium.driver.CChromeDriver.execute(CChromeDriver.java:20)
	at org.openqa.selenium.remote.RemoteWebElement.execute(RemoteWebElement.java:279)
	at org.openqa.selenium.remote.RemoteWebElement.click(RemoteWebElement.java:83)
	at com.kms.katalon.core.webui.keyword.builtin.ClickKeyword$_click_closure1.doCall(ClickKeyword.groovy:79)
	at com.kms.katalon.core.webui.keyword.builtin.ClickKeyword$_click_closure1.call(ClickKeyword.groovy)
	at com.kms.katalon.core.webui.keyword.internal.WebUIKeywordMain.runKeyword(WebUIKeywordMain.groovy:20)
	at com.kms.katalon.core.webui.keyword.builtin.ClickKeyword.click(ClickKeyword.groovy:86)
	at com.kms.katalon.core.webui.keyword.builtin.ClickKeyword.execute(ClickKeyword.groovy:67)
	at com.kms.katalon.core.keyword.internal.KeywordExecutor.executeKeywordForPlatform(KeywordExecutor.groovy:56)
	at com.kms.katalon.core.webui.keyword.WebUiBuiltInKeywords.click(WebUiBuiltInKeywords.groovy:616)
	at com.kms.katalon.core.webui.keyword.WebUiBuiltInKeywords$click$3.call(Unknown Source)
	at Script1555983604032.run(Script1555983604032.groovy:16)
	... 13 more]]></system-err>
   </testsuite>
</testsuites>
