<?xml version="1.0" encoding="UTF-8"?>
<testsuites name="Neurological" time="141" tests="3" failures="0" errors="0">
   <testsuite name="Neurological" tests="3" failures="0" errors="0" time="141" timestamp="2019-04-26 08:20:07" hostname="Khenard Figuracion - 192.168.2.15" id="Test Suites/OASIS/Neurological">
      <properties>
         <property name="deviceName" value=""/>
         <property name="devicePlatform" value=""/>
         <property name="logFolder" value="C:\\Users\\Khenard Figuracion\\git\\healthcareProject\\Reports\\OASIS\\Neurological\\20190426_082005"/>
         <property name="logFiles" value="C:\\Users\\Khenard Figuracion\\git\\healthcareProject\\Reports\\OASIS\\Neurological\\20190426_082005\\execution0.log"/>
         <property name="attachments" value=""/>
         <property name="hostName" value="Khenard Figuracion - 192.168.2.15"/>
         <property name="os" value="Windows 10 64bit"/>
         <property name="katalonVersion" value="6.1.1.1"/>
         <property name="browser" value="Chrome 73.0.3683.103"/>
         <property name="hostAddress" value="192.168.2.15"/>
         <property name="sessionId" value="2c11f1463202bf2b2568864f9ea624e9"/>
         <property name="seleniumVersion" value="3.7.1"/>
         <property name="proxyInformation" value="ProxyInformation{proxyOption=NO_PROXY, proxyServerType=HTTP, password=, proxyServerAddress=, proxyServerPort=0}"/>
         <property name="platform" value="Windows 10"/>
      </properties>
      <testcase name="Test Cases/login" classname="Test Cases/login" status="PASSED">
         <system-out><![CDATA[2019-04-26 08:20:07 - [TEST_CASE][PASSED] - Test Cases/login: Test Cases/login

2019-04-26 08:20:08 - [TEST_STEP][PASSED] - openBrowser(""): Browser is opened with url: ''

2019-04-26 08:20:08 - [MESSAGE][INFO] - Starting 'Chrome' driver

2019-04-26 08:20:08 - [MESSAGE][INFO] - Action delay is set to 0 seconds

2019-04-26 08:20:11 - [MESSAGE][PASSED] - Browser is opened with url: ''

2019-04-26 08:20:11 - [TEST_STEP][PASSED] - navigateToUrl("https://qa.medisource.com/login"): Navigate to 'https://qa.medisource.com/login' successfully

2019-04-26 08:20:13 - [MESSAGE][PASSED] - Navigate to 'https://qa.medisource.com/login' successfully

2019-04-26 08:20:13 - [TEST_STEP][PASSED] - delay(3): Delayed 3 second(s)

2019-04-26 08:20:16 - [MESSAGE][PASSED] - Delayed 3 second(s)

2019-04-26 08:20:16 - [TEST_STEP][PASSED] - setText(findTestObject("Object Repository/addUser/Page_Medisource  Login/input_Please try afterminutes."), "superagent"): Text 'superagent' is set on object 'Object Repository/addUser/Page_Medisource  Login/input_Please try afterminutes.'

2019-04-26 08:20:16 - [MESSAGE][PASSED] - Text 'superagent' is set on object 'Object Repository/addUser/Page_Medisource  Login/input_Please try afterminutes.'

2019-04-26 08:20:16 - [TEST_STEP][PASSED] - delay(3): Delayed 3 second(s)

2019-04-26 08:20:19 - [MESSAGE][PASSED] - Delayed 3 second(s)

2019-04-26 08:20:19 - [TEST_STEP][PASSED] - setEncryptedText(findTestObject("Object Repository/addUser/Page_Medisource  Login/input_Username or email requir"), "SITHpLWAWtI8C4F8RIujvA=="): Text ****** has been set on object 'Object Repository/addUser/Page_Medisource  Login/input_Username or email requir'

2019-04-26 08:20:19 - [MESSAGE][PASSED] - Text ****** has been set on object 'Object Repository/addUser/Page_Medisource  Login/input_Username or email requir'

2019-04-26 08:20:19 - [TEST_STEP][PASSED] - delay(3): Delayed 3 second(s)

2019-04-26 08:20:22 - [MESSAGE][PASSED] - Delayed 3 second(s)

2019-04-26 08:20:22 - [TEST_STEP][PASSED] - click(findTestObject("Object Repository/addUser/Page_Medisource  Login/button_Login")): Object: 'Object Repository/addUser/Page_Medisource  Login/button_Login' is clicked on

2019-04-26 08:20:22 - [MESSAGE][PASSED] - Object: 'Object Repository/addUser/Page_Medisource  Login/button_Login' is clicked on

2019-04-26 08:20:22 - [TEST_STEP][PASSED] - delay(3): Delayed 3 second(s)

2019-04-26 08:20:25 - [MESSAGE][PASSED] - Delayed 3 second(s)]]></system-out>
         <system-err><![CDATA[]]></system-err>
      </testcase>
      <testcase name="Test Cases/navigate_patient_soc_ken" classname="Test Cases/navigate_patient_soc_ken" status="PASSED">
         <system-out><![CDATA[2019-04-26 08:20:25 - [TEST_CASE][PASSED] - Test Cases/navigate_patient_soc_ken: Test Cases/navigate_patient_soc_ken

2019-04-26 08:20:25 - [TEST_STEP][PASSED] - openBrowser(""): Browser is opened with url: ''

2019-04-26 08:20:25 - [MESSAGE][WARNING] - A browser is already opened. Closing browser and opening a new one

2019-04-26 08:20:26 - [MESSAGE][INFO] - Starting 'Chrome' driver

2019-04-26 08:20:28 - [MESSAGE][PASSED] - Browser is opened with url: ''

2019-04-26 08:20:28 - [TEST_STEP][PASSED] - navigateToUrl("https://qa.medisource.com/login"): Navigate to 'https://qa.medisource.com/login' successfully

2019-04-26 08:20:30 - [MESSAGE][PASSED] - Navigate to 'https://qa.medisource.com/login' successfully

2019-04-26 08:20:30 - [TEST_STEP][PASSED] - setText(findTestObject("Object Repository/addUser/Page_Medisource  Login/input_Please try afterminutes."), "kenkenrn"): Text 'kenkenrn' is set on object 'Object Repository/addUser/Page_Medisource  Login/input_Please try afterminutes.'

2019-04-26 08:20:30 - [MESSAGE][PASSED] - Text 'kenkenrn' is set on object 'Object Repository/addUser/Page_Medisource  Login/input_Please try afterminutes.'

2019-04-26 08:20:30 - [TEST_STEP][PASSED] - setEncryptedText(findTestObject("Object Repository/addUser/Page_Medisource  Login/input_Username or email requir"), "SITHpLWAWtLnr/hOhnpplQ=="): Text ****** has been set on object 'Object Repository/addUser/Page_Medisource  Login/input_Username or email requir'

2019-04-26 08:20:30 - [MESSAGE][PASSED] - Text ****** has been set on object 'Object Repository/addUser/Page_Medisource  Login/input_Username or email requir'

2019-04-26 08:20:30 - [TEST_STEP][PASSED] - delay(1): Delayed 1 second(s)

2019-04-26 08:20:31 - [MESSAGE][PASSED] - Delayed 1 second(s)

2019-04-26 08:20:31 - [TEST_STEP][PASSED] - click(findTestObject("Object Repository/addUser/Page_Medisource  Login/button_Login")): Object: 'Object Repository/addUser/Page_Medisource  Login/button_Login' is clicked on

2019-04-26 08:20:31 - [MESSAGE][PASSED] - Object: 'Object Repository/addUser/Page_Medisource  Login/button_Login' is clicked on

2019-04-26 08:20:31 - [TEST_STEP][PASSED] - delay(3): Delayed 3 second(s)

2019-04-26 08:20:34 - [MESSAGE][PASSED] - Delayed 3 second(s)

2019-04-26 08:20:34 - [TEST_STEP][PASSED] - navigateToUrl("https://qa.medisource.com/patients/all"): Navigate to 'https://qa.medisource.com/patients/all' successfully

2019-04-26 08:20:35 - [MESSAGE][PASSED] - Navigate to 'https://qa.medisource.com/patients/all' successfully

2019-04-26 08:20:35 - [TEST_STEP][PASSED] - delay(1): Delayed 1 second(s)

2019-04-26 08:20:36 - [MESSAGE][PASSED] - Delayed 1 second(s)

2019-04-26 08:20:36 - [TEST_STEP][PASSED] - navigateToUrl("https://qa.medisource.com/patientcare/638B92A0-A489-410B-8056-906FE598F197/9F6A772C-C308-499E-BA52-A7BF3652D416/overview"): Navigate to 'https://qa.medisource.com/patientcare/638B92A0-A489-410B-8056-906FE598F197/9F6A772C-C308-499E-BA52-A7BF3652D416/overview' successfully

2019-04-26 08:20:37 - [MESSAGE][PASSED] - Navigate to 'https://qa.medisource.com/patientcare/638B92A0-A489-410B-8056-906FE598F197/9F6A772C-C308-499E-BA52-A7BF3652D416/overview' successfully

2019-04-26 08:20:37 - [TEST_STEP][PASSED] - delay(1): Delayed 1 second(s)

2019-04-26 08:20:38 - [MESSAGE][PASSED] - Delayed 1 second(s)

2019-04-26 08:20:38 - [TEST_STEP][PASSED] - navigateToUrl("https://qa.medisource.com/patientcare/638B92A0-A489-410B-8056-906FE598F197/9F6A772C-C308-499E-BA52-A7BF3652D416/2019/oasis/clinical/soc/9405B47D-64F0-4CF9-A5FA-25C79AC5A572/638B92A0-A489-410B-8056-906FE598F197"): Navigate to 'https://qa.medisource.com/patientcare/638B92A0-A489-410B-8056-906FE598F197/9F6A772C-C308-499E-BA52-A7BF3652D416/2019/oasis/clinical/soc/9405B47D-64F0-4CF9-A5FA-25C79AC5A572/638B92A0-A489-410B-8056-906FE598F197' successfully

2019-04-26 08:20:38 - [MESSAGE][PASSED] - Navigate to 'https://qa.medisource.com/patientcare/638B92A0-A489-410B-8056-906FE598F197/9F6A772C-C308-499E-BA52-A7BF3652D416/2019/oasis/clinical/soc/9405B47D-64F0-4CF9-A5FA-25C79AC5A572/638B92A0-A489-410B-8056-906FE598F197' successfully

2019-04-26 08:20:38 - [TEST_STEP][PASSED] - delay(1): Delayed 1 second(s)

2019-04-26 08:20:39 - [MESSAGE][PASSED] - Delayed 1 second(s)]]></system-out>
         <system-err><![CDATA[]]></system-err>
      </testcase>
      <testcase name="Test Cases/OASIS_SOC/Neurological" classname="Test Cases/OASIS_SOC/Neurological" status="PASSED">
         <system-out><![CDATA[2019-04-26 08:20:39 - [TEST_CASE][PASSED] - Test Cases/OASIS_SOC/Neurological: Test Cases/OASIS_SOC/Neurological

2019-04-26 08:20:39 - [TEST_STEP][PASSED] - click(findTestObject("OASIS/OASIS_TABS/xitemedits_btn"), STOP_ON_FAILURE): Object: 'Object Repository/OASIS/OASIS_TABS/xitemedits_btn' is clicked on

2019-04-26 08:20:41 - [MESSAGE][PASSED] - Object: 'Object Repository/OASIS/OASIS_TABS/xitemedits_btn' is clicked on

2019-04-26 08:20:41 - [TEST_STEP][PASSED] - click(findTestObject("OASIS/OASIS_TABS/Neuro_tab")): Object: 'Object Repository/OASIS/OASIS_TABS/Neuro_tab' is clicked on

2019-04-26 08:20:41 - [MESSAGE][PASSED] - Object: 'Object Repository/OASIS/OASIS_TABS/Neuro_tab' is clicked on

2019-04-26 08:20:41 - [TEST_STEP][PASSED] - delay(5): Delayed 5 second(s)

2019-04-26 08:20:46 - [MESSAGE][PASSED] - Delayed 5 second(s)

2019-04-26 08:20:46 - [TEST_STEP][PASSED] - click(findTestObject("OASIS/Neurological/neurological_status/neuro_pupils_perrla")): Object: 'Object Repository/OASIS/Neurological/neurological_status/neuro_pupils_perrla' is clicked on

2019-04-26 08:20:47 - [MESSAGE][PASSED] - Object: 'Object Repository/OASIS/Neurological/neurological_status/neuro_pupils_perrla' is clicked on

2019-04-26 08:20:47 - [TEST_STEP][PASSED] - delay(1): Delayed 1 second(s)

2019-04-26 08:20:48 - [MESSAGE][PASSED] - Delayed 1 second(s)

2019-04-26 08:20:48 - [TEST_STEP][PASSED] - click(findTestObject("OASIS/Neurological/neurological_status/neuro_non-reactive_l")): Object: 'Object Repository/OASIS/Neurological/neurological_status/neuro_non-reactive_l' is clicked on

2019-04-26 08:20:48 - [MESSAGE][PASSED] - Object: 'Object Repository/OASIS/Neurological/neurological_status/neuro_non-reactive_l' is clicked on

2019-04-26 08:20:48 - [TEST_STEP][PASSED] - click(findTestObject("OASIS/Neurological/neurological_status/neuro_non-reactive_r")): Object: 'Object Repository/OASIS/Neurological/neurological_status/neuro_non-reactive_r' is clicked on

2019-04-26 08:20:48 - [MESSAGE][PASSED] - Object: 'Object Repository/OASIS/Neurological/neurological_status/neuro_non-reactive_r' is clicked on

2019-04-26 08:20:48 - [TEST_STEP][PASSED] - delay(1): Delayed 1 second(s)

2019-04-26 08:20:49 - [MESSAGE][PASSED] - Delayed 1 second(s)

2019-04-26 08:20:49 - [TEST_STEP][PASSED] - click(findTestObject("OASIS/Neurological/neurological_status/neuro_mental_status_oriented")): Object: 'Object Repository/OASIS/Neurological/neurological_status/neuro_mental_status_oriented' is clicked on

2019-04-26 08:20:49 - [MESSAGE][PASSED] - Object: 'Object Repository/OASIS/Neurological/neurological_status/neuro_mental_status_oriented' is clicked on

2019-04-26 08:20:49 - [TEST_STEP][PASSED] - click(findTestObject("OASIS/Neurological/neurological_status/neuro_mental_status_forgetful")): Object: 'Object Repository/OASIS/Neurological/neurological_status/neuro_mental_status_forgetful' is clicked on

2019-04-26 08:20:49 - [MESSAGE][PASSED] - Object: 'Object Repository/OASIS/Neurological/neurological_status/neuro_mental_status_forgetful' is clicked on

2019-04-26 08:20:49 - [TEST_STEP][PASSED] - click(findTestObject("OASIS/Neurological/neurological_status/neuro_mental_status_lethargic")): Object: 'Object Repository/OASIS/Neurological/neurological_status/neuro_mental_status_lethargic' is clicked on

2019-04-26 08:20:49 - [MESSAGE][PASSED] - Object: 'Object Repository/OASIS/Neurological/neurological_status/neuro_mental_status_lethargic' is clicked on

2019-04-26 08:20:49 - [TEST_STEP][PASSED] - click(findTestObject("OASIS/Neurological/neurological_status/neuro_mental_status_disoriented")): Object: 'Object Repository/OASIS/Neurological/neurological_status/neuro_mental_status_disoriented' is clicked on

2019-04-26 08:20:50 - [MESSAGE][PASSED] - Object: 'Object Repository/OASIS/Neurological/neurological_status/neuro_mental_status_disoriented' is clicked on

2019-04-26 08:20:50 - [TEST_STEP][PASSED] - click(findTestObject("OASIS/Neurological/neurological_status/neuro_mental_status_depressed")): Object: 'Object Repository/OASIS/Neurological/neurological_status/neuro_mental_status_depressed' is clicked on

2019-04-26 08:20:50 - [MESSAGE][PASSED] - Object: 'Object Repository/OASIS/Neurological/neurological_status/neuro_mental_status_depressed' is clicked on

2019-04-26 08:20:50 - [TEST_STEP][PASSED] - click(findTestObject("OASIS/Neurological/neurological_status/neuro_mental_status_agitated")): Object: 'Object Repository/OASIS/Neurological/neurological_status/neuro_mental_status_agitated' is clicked on

2019-04-26 08:20:50 - [MESSAGE][PASSED] - Object: 'Object Repository/OASIS/Neurological/neurological_status/neuro_mental_status_agitated' is clicked on

2019-04-26 08:20:50 - [TEST_STEP][PASSED] - click(findTestObject("OASIS/Neurological/neurological_status/neuro_mental_status_comatose")): Object: 'Object Repository/OASIS/Neurological/neurological_status/neuro_mental_status_comatose' is clicked on

2019-04-26 08:20:50 - [MESSAGE][PASSED] - Object: 'Object Repository/OASIS/Neurological/neurological_status/neuro_mental_status_comatose' is clicked on

2019-04-26 08:20:50 - [TEST_STEP][PASSED] - setText(findTestObject("OASIS/Neurological/neurological_status/neuro_mental_status_other"), "Frequent signs of aggression"): Text 'Frequent signs of aggression' is set on object 'Object Repository/OASIS/Neurological/neurological_status/neuro_mental_status_other'

2019-04-26 08:20:51 - [MESSAGE][PASSED] - Text 'Frequent signs of aggression' is set on object 'Object Repository/OASIS/Neurological/neurological_status/neuro_mental_status_other'

2019-04-26 08:20:51 - [TEST_STEP][PASSED] - click(findTestObject("OASIS/Neurological/neurological_status/neuro_sleep_inadequate")): Object: 'Object Repository/OASIS/Neurological/neurological_status/neuro_sleep_inadequate' is clicked on

2019-04-26 08:20:51 - [MESSAGE][PASSED] - Object: 'Object Repository/OASIS/Neurological/neurological_status/neuro_sleep_inadequate' is clicked on

2019-04-26 08:20:51 - [TEST_STEP][PASSED] - setText(findTestObject("OASIS/Neurological/neurological_status/neuro_sleep_inadequate_textfield"), "wokes up at 3:15 AM"): Text 'wokes up at 3:15 AM' is set on object 'Object Repository/OASIS/Neurological/neurological_status/neuro_sleep_inadequate_textfield'

2019-04-26 08:20:52 - [MESSAGE][PASSED] - Text 'wokes up at 3:15 AM' is set on object 'Object Repository/OASIS/Neurological/neurological_status/neuro_sleep_inadequate_textfield'

2019-04-26 08:20:52 - [TEST_STEP][PASSED] - delay(1): Delayed 1 second(s)

2019-04-26 08:20:53 - [MESSAGE][PASSED] - Delayed 1 second(s)

2019-04-26 08:20:53 - [TEST_STEP][PASSED] - click(findTestObject("OASIS/Neurological/neurological_status/neuro_hand_grips_strong")): Object: 'Object Repository/OASIS/Neurological/neurological_status/neuro_hand_grips_strong' is clicked on

2019-04-26 08:20:53 - [MESSAGE][PASSED] - Object: 'Object Repository/OASIS/Neurological/neurological_status/neuro_hand_grips_strong' is clicked on

2019-04-26 08:20:53 - [TEST_STEP][PASSED] - click(findTestObject("OASIS/Neurological/neurological_status/neuro_hand_grips_strong_l")): Object: 'Object Repository/OASIS/Neurological/neurological_status/neuro_hand_grips_strong_l' is clicked on

2019-04-26 08:20:53 - [MESSAGE][PASSED] - Object: 'Object Repository/OASIS/Neurological/neurological_status/neuro_hand_grips_strong_l' is clicked on

2019-04-26 08:20:53 - [TEST_STEP][PASSED] - click(findTestObject("OASIS/Neurological/neurological_status/neuro_hand_grips_strong_r")): Object: 'Object Repository/OASIS/Neurological/neurological_status/neuro_hand_grips_strong_r' is clicked on

2019-04-26 08:20:53 - [MESSAGE][PASSED] - Object: 'Object Repository/OASIS/Neurological/neurological_status/neuro_hand_grips_strong_r' is clicked on

2019-04-26 08:20:53 - [TEST_STEP][PASSED] - delay(1): Delayed 1 second(s)

2019-04-26 08:20:54 - [MESSAGE][PASSED] - Delayed 1 second(s)

2019-04-26 08:20:54 - [TEST_STEP][PASSED] - click(findTestObject("OASIS/Neurological/neurological_status/neuro_hand_grips_weak")): Object: 'Object Repository/OASIS/Neurological/neurological_status/neuro_hand_grips_weak' is clicked on

2019-04-26 08:20:55 - [MESSAGE][PASSED] - Object: 'Object Repository/OASIS/Neurological/neurological_status/neuro_hand_grips_weak' is clicked on

2019-04-26 08:20:55 - [TEST_STEP][PASSED] - click(findTestObject("OASIS/Neurological/neurological_status/neuro_hand_grips_weak_l")): Object: 'Object Repository/OASIS/Neurological/neurological_status/neuro_hand_grips_weak_l' is clicked on

2019-04-26 08:20:55 - [MESSAGE][PASSED] - Object: 'Object Repository/OASIS/Neurological/neurological_status/neuro_hand_grips_weak_l' is clicked on

2019-04-26 08:20:55 - [TEST_STEP][PASSED] - click(findTestObject("OASIS/Neurological/neurological_status/neuro_hand_grips_weak_r")): Object: 'Object Repository/OASIS/Neurological/neurological_status/neuro_hand_grips_weak_r' is clicked on

2019-04-26 08:20:55 - [MESSAGE][PASSED] - Object: 'Object Repository/OASIS/Neurological/neurological_status/neuro_hand_grips_weak_r' is clicked on

2019-04-26 08:20:55 - [TEST_STEP][PASSED] - delay(1): Delayed 1 second(s)

2019-04-26 08:20:56 - [MESSAGE][PASSED] - Delayed 1 second(s)

2019-04-26 08:20:56 - [TEST_STEP][PASSED] - click(findTestObject("OASIS/Neurological/neurological_status/neuro_check_for_weakness")): Object: 'Object Repository/OASIS/Neurological/neurological_status/neuro_check_for_weakness' is clicked on

2019-04-26 08:20:56 - [MESSAGE][PASSED] - Object: 'Object Repository/OASIS/Neurological/neurological_status/neuro_check_for_weakness' is clicked on

2019-04-26 08:20:56 - [TEST_STEP][PASSED] - delay(1): Delayed 1 second(s)

2019-04-26 08:20:57 - [MESSAGE][PASSED] - Delayed 1 second(s)

2019-04-26 08:20:57 - [TEST_STEP][PASSED] - click(findTestObject("OASIS/Neurological/neurological_status/check_for_weakness/c_weak_weakness_ue")): Object: 'Object Repository/OASIS/Neurological/neurological_status/check_for_weakness/c_weak_weakness_ue' is clicked on

2019-04-26 08:20:57 - [MESSAGE][PASSED] - Object: 'Object Repository/OASIS/Neurological/neurological_status/check_for_weakness/c_weak_weakness_ue' is clicked on

2019-04-26 08:20:57 - [TEST_STEP][PASSED] - click(findTestObject("OASIS/Neurological/neurological_status/check_for_weakness/c_weak_weakness_ue_l")): Object: 'Object Repository/OASIS/Neurological/neurological_status/check_for_weakness/c_weak_weakness_ue_l' is clicked on

2019-04-26 08:20:57 - [MESSAGE][PASSED] - Object: 'Object Repository/OASIS/Neurological/neurological_status/check_for_weakness/c_weak_weakness_ue_l' is clicked on

2019-04-26 08:20:57 - [TEST_STEP][PASSED] - click(findTestObject("OASIS/Neurological/neurological_status/check_for_weakness/c_weak_weakness_ue_r")): Object: 'Object Repository/OASIS/Neurological/neurological_status/check_for_weakness/c_weak_weakness_ue_r' is clicked on

2019-04-26 08:20:57 - [MESSAGE][PASSED] - Object: 'Object Repository/OASIS/Neurological/neurological_status/check_for_weakness/c_weak_weakness_ue_r' is clicked on

2019-04-26 08:20:57 - [TEST_STEP][PASSED] - delay(1): Delayed 1 second(s)

2019-04-26 08:20:58 - [MESSAGE][PASSED] - Delayed 1 second(s)

2019-04-26 08:20:58 - [TEST_STEP][PASSED] - click(findTestObject("OASIS/Neurological/neurological_status/check_for_weakness/c_weak_weakness_le")): Object: 'Object Repository/OASIS/Neurological/neurological_status/check_for_weakness/c_weak_weakness_le' is clicked on

2019-04-26 08:20:59 - [MESSAGE][PASSED] - Object: 'Object Repository/OASIS/Neurological/neurological_status/check_for_weakness/c_weak_weakness_le' is clicked on

2019-04-26 08:20:59 - [TEST_STEP][PASSED] - click(findTestObject("OASIS/Neurological/neurological_status/check_for_weakness/c_weak_weakness_le_l")): Object: 'Object Repository/OASIS/Neurological/neurological_status/check_for_weakness/c_weak_weakness_le_l' is clicked on

2019-04-26 08:20:59 - [MESSAGE][PASSED] - Object: 'Object Repository/OASIS/Neurological/neurological_status/check_for_weakness/c_weak_weakness_le_l' is clicked on

2019-04-26 08:20:59 - [TEST_STEP][PASSED] - click(findTestObject("OASIS/Neurological/neurological_status/check_for_weakness/c_weak_weakness_le_r")): Object: 'Object Repository/OASIS/Neurological/neurological_status/check_for_weakness/c_weak_weakness_le_r' is clicked on

2019-04-26 08:20:59 - [MESSAGE][PASSED] - Object: 'Object Repository/OASIS/Neurological/neurological_status/check_for_weakness/c_weak_weakness_le_r' is clicked on

2019-04-26 08:20:59 - [TEST_STEP][PASSED] - delay(1): Delayed 1 second(s)

2019-04-26 08:21:00 - [MESSAGE][PASSED] - Delayed 1 second(s)

2019-04-26 08:21:00 - [TEST_STEP][PASSED] - click(findTestObject("OASIS/Neurological/neurological_status/check_for_weakness/c_weak_paralysis_hemiparesis")): Object: 'Object Repository/OASIS/Neurological/neurological_status/check_for_weakness/c_weak_paralysis_hemiparesis' is clicked on

2019-04-26 08:21:00 - [MESSAGE][PASSED] - Object: 'Object Repository/OASIS/Neurological/neurological_status/check_for_weakness/c_weak_paralysis_hemiparesis' is clicked on

2019-04-26 08:21:00 - [TEST_STEP][PASSED] - click(findTestObject("OASIS/Neurological/neurological_status/check_for_weakness/c_weak_paralysis_hemiparesis_l")): Object: 'Object Repository/OASIS/Neurological/neurological_status/check_for_weakness/c_weak_paralysis_hemiparesis_l' is clicked on

2019-04-26 08:21:00 - [MESSAGE][PASSED] - Object: 'Object Repository/OASIS/Neurological/neurological_status/check_for_weakness/c_weak_paralysis_hemiparesis_l' is clicked on

2019-04-26 08:21:00 - [TEST_STEP][PASSED] - click(findTestObject("OASIS/Neurological/neurological_status/check_for_weakness/c_weak_paralysis_hemiparesis_r")): Object: 'Object Repository/OASIS/Neurological/neurological_status/check_for_weakness/c_weak_paralysis_hemiparesis_r' is clicked on

2019-04-26 08:21:00 - [MESSAGE][PASSED] - Object: 'Object Repository/OASIS/Neurological/neurological_status/check_for_weakness/c_weak_paralysis_hemiparesis_r' is clicked on

2019-04-26 08:21:00 - [TEST_STEP][PASSED] - delay(1): Delayed 1 second(s)

2019-04-26 08:21:01 - [MESSAGE][PASSED] - Delayed 1 second(s)

2019-04-26 08:21:01 - [TEST_STEP][PASSED] - click(findTestObject("OASIS/Neurological/neurological_status/check_for_weakness/c_weak_seizure_petitmal")): Object: 'Object Repository/OASIS/Neurological/neurological_status/check_for_weakness/c_weak_seizure_petitmal' is clicked on

2019-04-26 08:21:01 - [MESSAGE][PASSED] - Object: 'Object Repository/OASIS/Neurological/neurological_status/check_for_weakness/c_weak_seizure_petitmal' is clicked on

2019-04-26 08:21:01 - [TEST_STEP][PASSED] - setText(findTestObject("OASIS/Neurological/neurological_status/check_for_weakness/c_weak_seizure_petitmal_lsdate"), "June 23, 2015"): Text 'June 23, 2015' is set on object 'Object Repository/OASIS/Neurological/neurological_status/check_for_weakness/c_weak_seizure_petitmal_lsdate'

2019-04-26 08:21:02 - [MESSAGE][PASSED] - Text 'June 23, 2015' is set on object 'Object Repository/OASIS/Neurological/neurological_status/check_for_weakness/c_weak_seizure_petitmal_lsdate'

2019-04-26 08:21:02 - [TEST_STEP][PASSED] - delay(1): Delayed 1 second(s)

2019-04-26 08:21:03 - [MESSAGE][PASSED] - Delayed 1 second(s)

2019-04-26 08:21:03 - [TEST_STEP][PASSED] - click(findTestObject("OASIS/Neurological/neurological_status/check_for_weakness/c_weak_tremors_ue")): Object: 'Object Repository/OASIS/Neurological/neurological_status/check_for_weakness/c_weak_tremors_ue' is clicked on

2019-04-26 08:21:03 - [MESSAGE][PASSED] - Object: 'Object Repository/OASIS/Neurological/neurological_status/check_for_weakness/c_weak_tremors_ue' is clicked on

2019-04-26 08:21:03 - [TEST_STEP][PASSED] - click(findTestObject("OASIS/Neurological/neurological_status/check_for_weakness/c_weak_tremors_ue_l")): Object: 'Object Repository/OASIS/Neurological/neurological_status/check_for_weakness/c_weak_tremors_ue_l' is clicked on

2019-04-26 08:21:03 - [MESSAGE][PASSED] - Object: 'Object Repository/OASIS/Neurological/neurological_status/check_for_weakness/c_weak_tremors_ue_l' is clicked on

2019-04-26 08:21:03 - [TEST_STEP][PASSED] - click(findTestObject("OASIS/Neurological/neurological_status/check_for_weakness/c_weak_tremors_ue_r")): Object: 'Object Repository/OASIS/Neurological/neurological_status/check_for_weakness/c_weak_tremors_ue_r' is clicked on

2019-04-26 08:21:03 - [MESSAGE][PASSED] - Object: 'Object Repository/OASIS/Neurological/neurological_status/check_for_weakness/c_weak_tremors_ue_r' is clicked on

2019-04-26 08:21:03 - [TEST_STEP][PASSED] - click(findTestObject("OASIS/Neurological/neurological_status/check_for_weakness/c_weak_tremors_ue_fine")): Object: 'Object Repository/OASIS/Neurological/neurological_status/check_for_weakness/c_weak_tremors_ue_fine' is clicked on

2019-04-26 08:21:04 - [MESSAGE][PASSED] - Object: 'Object Repository/OASIS/Neurological/neurological_status/check_for_weakness/c_weak_tremors_ue_fine' is clicked on

2019-04-26 08:21:04 - [TEST_STEP][PASSED] - delay(1): Delayed 1 second(s)

2019-04-26 08:21:05 - [MESSAGE][PASSED] - Delayed 1 second(s)

2019-04-26 08:21:05 - [TEST_STEP][PASSED] - click(findTestObject("OASIS/Neurological/neurological_status/check_for_weakness/c_weak_tremors_le")): Object: 'Object Repository/OASIS/Neurological/neurological_status/check_for_weakness/c_weak_tremors_le' is clicked on

2019-04-26 08:21:05 - [MESSAGE][PASSED] - Object: 'Object Repository/OASIS/Neurological/neurological_status/check_for_weakness/c_weak_tremors_le' is clicked on

2019-04-26 08:21:05 - [TEST_STEP][PASSED] - click(findTestObject("OASIS/Neurological/neurological_status/check_for_weakness/c_weak_tremors_le_l")): Object: 'Object Repository/OASIS/Neurological/neurological_status/check_for_weakness/c_weak_tremors_le_l' is clicked on

2019-04-26 08:21:05 - [MESSAGE][PASSED] - Object: 'Object Repository/OASIS/Neurological/neurological_status/check_for_weakness/c_weak_tremors_le_l' is clicked on

2019-04-26 08:21:05 - [TEST_STEP][PASSED] - click(findTestObject("OASIS/Neurological/neurological_status/check_for_weakness/c_weak_tremors_le_r")): Object: 'Object Repository/OASIS/Neurological/neurological_status/check_for_weakness/c_weak_tremors_le_r' is clicked on

2019-04-26 08:21:05 - [MESSAGE][PASSED] - Object: 'Object Repository/OASIS/Neurological/neurological_status/check_for_weakness/c_weak_tremors_le_r' is clicked on

2019-04-26 08:21:05 - [TEST_STEP][PASSED] - click(findTestObject("OASIS/Neurological/neurological_status/check_for_weakness/c_weak_tremors_le_coarse")): Object: 'Object Repository/OASIS/Neurological/neurological_status/check_for_weakness/c_weak_tremors_le_coarse' is clicked on

2019-04-26 08:21:05 - [MESSAGE][PASSED] - Object: 'Object Repository/OASIS/Neurological/neurological_status/check_for_weakness/c_weak_tremors_le_coarse' is clicked on

2019-04-26 08:21:05 - [TEST_STEP][PASSED] - delay(1): Delayed 1 second(s)

2019-04-26 08:21:06 - [MESSAGE][PASSED] - Delayed 1 second(s)

2019-04-26 08:21:06 - [TEST_STEP][PASSED] - click(findTestObject("OASIS/Neurological/neurological_status/check_for_weakness/c_weak_signs_headache")): Object: 'Object Repository/OASIS/Neurological/neurological_status/check_for_weakness/c_weak_signs_headache' is clicked on

2019-04-26 08:21:06 - [MESSAGE][PASSED] - Object: 'Object Repository/OASIS/Neurological/neurological_status/check_for_weakness/c_weak_signs_headache' is clicked on

2019-04-26 08:21:06 - [TEST_STEP][PASSED] - delay(1): Delayed 1 second(s)

2019-04-26 08:21:07 - [MESSAGE][PASSED] - Delayed 1 second(s)

2019-04-26 08:21:07 - [TEST_STEP][PASSED] - click(findTestObject("OASIS/Neurological/neurological_status/check_for_weakness/c_weak_signs_numb")): Object: 'Object Repository/OASIS/Neurological/neurological_status/check_for_weakness/c_weak_signs_numb' is clicked on

2019-04-26 08:21:07 - [MESSAGE][PASSED] - Object: 'Object Repository/OASIS/Neurological/neurological_status/check_for_weakness/c_weak_signs_numb' is clicked on

2019-04-26 08:21:07 - [TEST_STEP][PASSED] - delay(1): Delayed 1 second(s)

2019-04-26 08:21:08 - [MESSAGE][PASSED] - Delayed 1 second(s)

2019-04-26 08:21:08 - [TEST_STEP][PASSED] - click(findTestObject("OASIS/Neurological/neurological_status/check_for_weakness/c_weak_signs_lossofsensation")): Object: 'Object Repository/OASIS/Neurological/neurological_status/check_for_weakness/c_weak_signs_lossofsensation' is clicked on

2019-04-26 08:21:09 - [MESSAGE][PASSED] - Object: 'Object Repository/OASIS/Neurological/neurological_status/check_for_weakness/c_weak_signs_lossofsensation' is clicked on

2019-04-26 08:21:09 - [TEST_STEP][PASSED] - click(findTestObject("OASIS/Neurological/neurological_status/check_for_weakness/c_weak_signs_visualdistubances")): Object: 'Object Repository/OASIS/Neurological/neurological_status/check_for_weakness/c_weak_signs_visualdistubances' is clicked on

2019-04-26 08:21:09 - [MESSAGE][PASSED] - Object: 'Object Repository/OASIS/Neurological/neurological_status/check_for_weakness/c_weak_signs_visualdistubances' is clicked on

2019-04-26 08:21:09 - [TEST_STEP][PASSED] - click(findTestObject("OASIS/Neurological/neurological_status/check_for_weakness/c_weak_signs_involuntarymf")): Object: 'Object Repository/OASIS/Neurological/neurological_status/check_for_weakness/c_weak_signs_involuntarymf' is clicked on

2019-04-26 08:21:09 - [MESSAGE][PASSED] - Object: 'Object Repository/OASIS/Neurological/neurological_status/check_for_weakness/c_weak_signs_involuntarymf' is clicked on

2019-04-26 08:21:09 - [TEST_STEP][PASSED] - click(findTestObject("OASIS/Neurological/neurological_status/check_for_weakness/c_weak_signs_incoordination")): Object: 'Object Repository/OASIS/Neurological/neurological_status/check_for_weakness/c_weak_signs_incoordination' is clicked on

2019-04-26 08:21:09 - [MESSAGE][PASSED] - Object: 'Object Repository/OASIS/Neurological/neurological_status/check_for_weakness/c_weak_signs_incoordination' is clicked on

2019-04-26 08:21:09 - [TEST_STEP][PASSED] - click(findTestObject("OASIS/Neurological/neurological_status/check_for_weakness/c_weak_signs_improperresponse")): Object: 'Object Repository/OASIS/Neurological/neurological_status/check_for_weakness/c_weak_signs_improperresponse' is clicked on

2019-04-26 08:21:09 - [MESSAGE][PASSED] - Object: 'Object Repository/OASIS/Neurological/neurological_status/check_for_weakness/c_weak_signs_improperresponse' is clicked on

2019-04-26 08:21:09 - [TEST_STEP][PASSED] - click(findTestObject("OASIS/Neurological/neurological_status/check_for_weakness/c_weak_signs_lossofabilitytomove")): Object: 'Object Repository/OASIS/Neurological/neurological_status/check_for_weakness/c_weak_signs_lossofabilitytomove' is clicked on

2019-04-26 08:21:09 - [MESSAGE][PASSED] - Object: 'Object Repository/OASIS/Neurological/neurological_status/check_for_weakness/c_weak_signs_lossofabilitytomove' is clicked on

2019-04-26 08:21:09 - [TEST_STEP][PASSED] - setText(findTestObject("OASIS/Neurological/neurological_status/check_for_weakness/c_weak_signs_lossofabilitytomove_textfield"), "Left middle finger due to fracture"): Text 'Left middle finger due to fracture' is set on object 'Object Repository/OASIS/Neurological/neurological_status/check_for_weakness/c_weak_signs_lossofabilitytomove_textfield'

2019-04-26 08:21:11 - [MESSAGE][PASSED] - Text 'Left middle finger due to fracture' is set on object 'Object Repository/OASIS/Neurological/neurological_status/check_for_weakness/c_weak_signs_lossofabilitytomove_textfield'

2019-04-26 08:21:11 - [TEST_STEP][PASSED] - setText(findTestObject("OASIS/Neurological/neurological_status/check_for_weakness/c_weak_signs_other"), "Disassociation of things"): Text 'Disassociation of things' is set on object 'Object Repository/OASIS/Neurological/neurological_status/check_for_weakness/c_weak_signs_other'

2019-04-26 08:21:11 - [MESSAGE][PASSED] - Text 'Disassociation of things' is set on object 'Object Repository/OASIS/Neurological/neurological_status/check_for_weakness/c_weak_signs_other'

2019-04-26 08:21:11 - [TEST_STEP][PASSED] - delay(1): Delayed 1 second(s)

2019-04-26 08:21:12 - [MESSAGE][PASSED] - Delayed 1 second(s)

2019-04-26 08:21:12 - [TEST_STEP][PASSED] - click(findTestObject("OASIS/Neurological/psychosocial_status/psycho_cognitive")): Object: 'Object Repository/OASIS/Neurological/psychosocial_status/psycho_cognitive' is clicked on

2019-04-26 08:21:13 - [MESSAGE][PASSED] - Object: 'Object Repository/OASIS/Neurological/psychosocial_status/psycho_cognitive' is clicked on

2019-04-26 08:21:13 - [TEST_STEP][PASSED] - click(findTestObject("OASIS/Neurological/psychosocial_status/psycho_confused")): Object: 'Object Repository/OASIS/Neurological/psychosocial_status/psycho_confused' is clicked on

2019-04-26 08:21:13 - [MESSAGE][PASSED] - Object: 'Object Repository/OASIS/Neurological/psychosocial_status/psycho_confused' is clicked on

2019-04-26 08:21:13 - [TEST_STEP][PASSED] - click(findTestObject("OASIS/Neurological/psychosocial_status/psycho_anxious")): Object: 'Object Repository/OASIS/Neurological/psychosocial_status/psycho_anxious' is clicked on

2019-04-26 08:21:13 - [MESSAGE][PASSED] - Object: 'Object Repository/OASIS/Neurological/psychosocial_status/psycho_anxious' is clicked on

2019-04-26 08:21:13 - [TEST_STEP][PASSED] - click(findTestObject("OASIS/Neurological/psychosocial_status/psycho_depressed")): Object: 'Object Repository/OASIS/Neurological/psychosocial_status/psycho_depressed' is clicked on

2019-04-26 08:21:13 - [MESSAGE][PASSED] - Object: 'Object Repository/OASIS/Neurological/psychosocial_status/psycho_depressed' is clicked on

2019-04-26 08:21:13 - [TEST_STEP][PASSED] - click(findTestObject("OASIS/Neurological/psychosocial_status/psycho_memory_deficit")): Object: 'Object Repository/OASIS/Neurological/psychosocial_status/psycho_memory_deficit' is clicked on

2019-04-26 08:21:13 - [MESSAGE][PASSED] - Object: 'Object Repository/OASIS/Neurological/psychosocial_status/psycho_memory_deficit' is clicked on

2019-04-26 08:21:13 - [TEST_STEP][PASSED] - click(findTestObject("OASIS/Neurological/psychosocial_status/psycho_impaired_dm")): Object: 'Object Repository/OASIS/Neurological/psychosocial_status/psycho_impaired_dm' is clicked on

2019-04-26 08:21:13 - [MESSAGE][PASSED] - Object: 'Object Repository/OASIS/Neurological/psychosocial_status/psycho_impaired_dm' is clicked on

2019-04-26 08:21:13 - [TEST_STEP][PASSED] - click(findTestObject("OASIS/Neurological/psychosocial_status/psycho_physical_aggression")): Object: 'Object Repository/OASIS/Neurological/psychosocial_status/psycho_physical_aggression' is clicked on

2019-04-26 08:21:14 - [MESSAGE][PASSED] - Object: 'Object Repository/OASIS/Neurological/psychosocial_status/psycho_physical_aggression' is clicked on

2019-04-26 08:21:14 - [TEST_STEP][PASSED] - click(findTestObject("OASIS/Neurological/psychosocial_status/psycho_inappropriate_b")): Object: 'Object Repository/OASIS/Neurological/psychosocial_status/psycho_inappropriate_b' is clicked on

2019-04-26 08:21:14 - [MESSAGE][PASSED] - Object: 'Object Repository/OASIS/Neurological/psychosocial_status/psycho_inappropriate_b' is clicked on

2019-04-26 08:21:14 - [TEST_STEP][PASSED] - click(findTestObject("OASIS/Neurological/psychosocial_status/psycho_disruptive_b")): Object: 'Object Repository/OASIS/Neurological/psychosocial_status/psycho_disruptive_b' is clicked on

2019-04-26 08:21:14 - [MESSAGE][PASSED] - Object: 'Object Repository/OASIS/Neurological/psychosocial_status/psycho_disruptive_b' is clicked on

2019-04-26 08:21:14 - [TEST_STEP][PASSED] - click(findTestObject("OASIS/Neurological/psychosocial_status/psycho_delusional")): Object: 'Object Repository/OASIS/Neurological/psychosocial_status/psycho_delusional' is clicked on

2019-04-26 08:21:14 - [MESSAGE][PASSED] - Object: 'Object Repository/OASIS/Neurological/psychosocial_status/psycho_delusional' is clicked on

2019-04-26 08:21:14 - [TEST_STEP][PASSED] - setText(findTestObject("OASIS/Neurological/psychosocial_status/psycho_other_p_factors"), "Bipolar and Frequent Sucidical Thoughts"): Text 'Bipolar and Frequent Sucidical Thoughts' is set on object 'Object Repository/OASIS/Neurological/psychosocial_status/psycho_other_p_factors'

2019-04-26 08:21:15 - [MESSAGE][PASSED] - Text 'Bipolar and Frequent Sucidical Thoughts' is set on object 'Object Repository/OASIS/Neurological/psychosocial_status/psycho_other_p_factors'

2019-04-26 08:21:15 - [TEST_STEP][PASSED] - delay(1): Delayed 1 second(s)

2019-04-26 08:21:16 - [MESSAGE][PASSED] - Delayed 1 second(s)

2019-04-26 08:21:16 - [TEST_STEP][PASSED] - click(findTestObject("OASIS/Neurological/language_barrier/language_barrier_yes")): Object: 'Object Repository/OASIS/Neurological/language_barrier/language_barrier_yes' is clicked on

2019-04-26 08:21:16 - [MESSAGE][PASSED] - Object: 'Object Repository/OASIS/Neurological/language_barrier/language_barrier_yes' is clicked on

2019-04-26 08:21:16 - [TEST_STEP][PASSED] - delay(1): Delayed 1 second(s)

2019-04-26 08:21:17 - [MESSAGE][PASSED] - Delayed 1 second(s)

2019-04-26 08:21:17 - [TEST_STEP][NOT_RUN] - click(findTestObject("OASIS/Neurological/language_barrier/language_interpreter_need")): NOT_RUN: click(findTestObject("OASIS/Neurological/language_barrier/language_interpreter_need"))

2019-04-26 08:21:17 - [MESSAGE][NOT_RUN] - NOT_RUN: click(findTestObject("OASIS/Neurological/language_barrier/language_interpreter_need"))

2019-04-26 08:21:17 - [TEST_STEP][NOT_RUN] - delay(1): NOT_RUN: delay(1)

2019-04-26 08:21:17 - [MESSAGE][NOT_RUN] - NOT_RUN: delay(1)

2019-04-26 08:21:17 - [TEST_STEP][NOT_RUN] - setText(findTestObject("OASIS/Neurological/language_barrier/language_interpreter_need_tf"), "Mrs. Langdon"): NOT_RUN: setText(findTestObject("OASIS/Neurological/language_barrier/language_interpreter_need_tf"), "Mrs. Langdon")

2019-04-26 08:21:17 - [MESSAGE][NOT_RUN] - NOT_RUN: setText(findTestObject("OASIS/Neurological/language_barrier/language_interpreter_need_tf"), "Mrs. Langdon")

2019-04-26 08:21:17 - [TEST_STEP][PASSED] - delay(1): Delayed 1 second(s)

2019-04-26 08:21:18 - [MESSAGE][PASSED] - Delayed 1 second(s)

2019-04-26 08:21:18 - [TEST_STEP][PASSED] - click(findTestObject("OASIS/Neurological/language_barrier/language_inter_sp")): Object: 'Object Repository/OASIS/Neurological/language_barrier/language_inter_sp' is clicked on

2019-04-26 08:21:19 - [MESSAGE][PASSED] - Object: 'Object Repository/OASIS/Neurological/language_barrier/language_inter_sp' is clicked on

2019-04-26 08:21:19 - [TEST_STEP][PASSED] - delay(1): Delayed 1 second(s)

2019-04-26 08:21:20 - [MESSAGE][PASSED] - Delayed 1 second(s)

2019-04-26 08:21:20 - [TEST_STEP][PASSED] - setText(findTestObject("OASIS/Neurological/language_barrier/language_inter_sp_tf"), "Interpreter Organization"): Text 'Interpreter Organization' is set on object 'Object Repository/OASIS/Neurological/language_barrier/language_inter_sp_tf'

2019-04-26 08:21:21 - [MESSAGE][PASSED] - Text 'Interpreter Organization' is set on object 'Object Repository/OASIS/Neurological/language_barrier/language_inter_sp_tf'

2019-04-26 08:21:21 - [TEST_STEP][PASSED] - delay(1): Delayed 1 second(s)

2019-04-26 08:21:22 - [MESSAGE][PASSED] - Delayed 1 second(s)

2019-04-26 08:21:22 - [TEST_STEP][PASSED] - setText(findTestObject("OASIS/Neurological/language_barrier/language_inter_sp_phone"), "3453452345"): Text '3453452345' is set on object 'Object Repository/OASIS/Neurological/language_barrier/language_inter_sp_phone'

2019-04-26 08:21:22 - [MESSAGE][PASSED] - Text '3453452345' is set on object 'Object Repository/OASIS/Neurological/language_barrier/language_inter_sp_phone'

2019-04-26 08:21:22 - [TEST_STEP][PASSED] - delay(1): Delayed 1 second(s)

2019-04-26 08:21:23 - [MESSAGE][PASSED] - Delayed 1 second(s)

2019-04-26 08:21:23 - [TEST_STEP][PASSED] - click(findTestObject("OASIS/Neurological/language_barrier/language_sign_type")): Object: 'Object Repository/OASIS/Neurological/language_barrier/language_sign_type' is clicked on

2019-04-26 08:21:23 - [MESSAGE][PASSED] - Object: 'Object Repository/OASIS/Neurological/language_barrier/language_sign_type' is clicked on

2019-04-26 08:21:23 - [TEST_STEP][PASSED] - delay(1): Delayed 1 second(s)

2019-04-26 08:21:24 - [MESSAGE][PASSED] - Delayed 1 second(s)

2019-04-26 08:21:24 - [TEST_STEP][PASSED] - setText(findTestObject("OASIS/Neurological/language_barrier/language_sign_type_tf"), "ASL"): Text 'ASL' is set on object 'Object Repository/OASIS/Neurological/language_barrier/language_sign_type_tf'

2019-04-26 08:21:25 - [MESSAGE][PASSED] - Text 'ASL' is set on object 'Object Repository/OASIS/Neurological/language_barrier/language_sign_type_tf'

2019-04-26 08:21:25 - [TEST_STEP][PASSED] - delay(1): Delayed 1 second(s)

2019-04-26 08:21:26 - [MESSAGE][PASSED] - Delayed 1 second(s)

2019-04-26 08:21:26 - [TEST_STEP][PASSED] - click(findTestObject("OASIS/Neurological/language_barrier/learning_barrier_yes")): Object: 'Object Repository/OASIS/Neurological/language_barrier/learning_barrier_yes' is clicked on

2019-04-26 08:21:26 - [MESSAGE][PASSED] - Object: 'Object Repository/OASIS/Neurological/language_barrier/learning_barrier_yes' is clicked on

2019-04-26 08:21:26 - [TEST_STEP][PASSED] - delay(5): Delayed 5 second(s)

2019-04-26 08:21:31 - [MESSAGE][PASSED] - Delayed 5 second(s)

2019-04-26 08:21:31 - [TEST_STEP][PASSED] - click(findTestObject("OASIS/Neurological/language_barrier/learning_functional")): Object: 'Object Repository/OASIS/Neurological/language_barrier/learning_functional' is clicked on

2019-04-26 08:21:31 - [MESSAGE][PASSED] - Object: 'Object Repository/OASIS/Neurological/language_barrier/learning_functional' is clicked on

2019-04-26 08:21:31 - [TEST_STEP][PASSED] - delay(1): Delayed 1 second(s)

2019-04-26 08:21:32 - [MESSAGE][PASSED] - Delayed 1 second(s)

2019-04-26 08:21:32 - [TEST_STEP][PASSED] - setText(findTestObject("OASIS/Neurological/language_barrier/learning_functional_tf"), "Motor Ability"): Text 'Motor Ability' is set on object 'Object Repository/OASIS/Neurological/language_barrier/learning_functional_tf'

2019-04-26 08:21:32 - [MESSAGE][PASSED] - Text 'Motor Ability' is set on object 'Object Repository/OASIS/Neurological/language_barrier/learning_functional_tf'

2019-04-26 08:21:32 - [TEST_STEP][PASSED] - delay(1): Delayed 1 second(s)

2019-04-26 08:21:33 - [MESSAGE][PASSED] - Delayed 1 second(s)

2019-04-26 08:21:33 - [TEST_STEP][PASSED] - click(findTestObject("OASIS/Neurological/language_barrier/learning_mental")): Object: 'Object Repository/OASIS/Neurological/language_barrier/learning_mental' is clicked on

2019-04-26 08:21:34 - [MESSAGE][PASSED] - Object: 'Object Repository/OASIS/Neurological/language_barrier/learning_mental' is clicked on

2019-04-26 08:21:34 - [TEST_STEP][PASSED] - delay(1): Delayed 1 second(s)

2019-04-26 08:21:35 - [MESSAGE][PASSED] - Delayed 1 second(s)

2019-04-26 08:21:35 - [TEST_STEP][PASSED] - setText(findTestObject("OASIS/Neurological/language_barrier/learning_mental_tf"), "Speech Disorder"): Text 'Speech Disorder' is set on object 'Object Repository/OASIS/Neurological/language_barrier/learning_mental_tf'

2019-04-26 08:21:35 - [MESSAGE][PASSED] - Text 'Speech Disorder' is set on object 'Object Repository/OASIS/Neurological/language_barrier/learning_mental_tf'

2019-04-26 08:21:35 - [TEST_STEP][PASSED] - delay(1): Delayed 1 second(s)

2019-04-26 08:21:36 - [MESSAGE][PASSED] - Delayed 1 second(s)

2019-04-26 08:21:36 - [TEST_STEP][PASSED] - click(findTestObject("OASIS/Neurological/language_barrier/learning_physical")): Object: 'Object Repository/OASIS/Neurological/language_barrier/learning_physical' is clicked on

2019-04-26 08:21:36 - [MESSAGE][PASSED] - Object: 'Object Repository/OASIS/Neurological/language_barrier/learning_physical' is clicked on

2019-04-26 08:21:36 - [TEST_STEP][PASSED] - delay(1): Delayed 1 second(s)

2019-04-26 08:21:37 - [MESSAGE][PASSED] - Delayed 1 second(s)

2019-04-26 08:21:37 - [TEST_STEP][PASSED] - setText(findTestObject("OASIS/Neurological/language_barrier/learning_physical_tf"), "Needs assistance all the time"): Text 'Needs assistance all the time' is set on object 'Object Repository/OASIS/Neurological/language_barrier/learning_physical_tf'

2019-04-26 08:21:38 - [MESSAGE][PASSED] - Text 'Needs assistance all the time' is set on object 'Object Repository/OASIS/Neurological/language_barrier/learning_physical_tf'

2019-04-26 08:21:38 - [TEST_STEP][PASSED] - delay(1): Delayed 1 second(s)

2019-04-26 08:21:39 - [MESSAGE][PASSED] - Delayed 1 second(s)

2019-04-26 08:21:39 - [TEST_STEP][PASSED] - click(findTestObject("OASIS/Neurological/language_barrier/learning_pyschosocial")): Object: 'Object Repository/OASIS/Neurological/language_barrier/learning_pyschosocial' is clicked on

2019-04-26 08:21:39 - [MESSAGE][PASSED] - Object: 'Object Repository/OASIS/Neurological/language_barrier/learning_pyschosocial' is clicked on

2019-04-26 08:21:39 - [TEST_STEP][PASSED] - delay(1): Delayed 1 second(s)

2019-04-26 08:21:40 - [MESSAGE][PASSED] - Delayed 1 second(s)

2019-04-26 08:21:40 - [TEST_STEP][PASSED] - setText(findTestObject("OASIS/Neurological/language_barrier/learning_psyschosocial_tf"), "Anti-social Behaviour"): Text 'Anti-social Behaviour' is set on object 'Object Repository/OASIS/Neurological/language_barrier/learning_psyschosocial_tf'

2019-04-26 08:21:41 - [MESSAGE][PASSED] - Text 'Anti-social Behaviour' is set on object 'Object Repository/OASIS/Neurological/language_barrier/learning_psyschosocial_tf'

2019-04-26 08:21:41 - [TEST_STEP][PASSED] - delay(1): Delayed 1 second(s)

2019-04-26 08:21:42 - [MESSAGE][PASSED] - Delayed 1 second(s)

2019-04-26 08:21:42 - [TEST_STEP][PASSED] - click(findTestObject("OASIS/Neurological/language_barrier/learning_unable_read")): Object: 'Object Repository/OASIS/Neurological/language_barrier/learning_unable_read' is clicked on

2019-04-26 08:21:42 - [MESSAGE][PASSED] - Object: 'Object Repository/OASIS/Neurological/language_barrier/learning_unable_read' is clicked on

2019-04-26 08:21:42 - [TEST_STEP][PASSED] - delay(1): Delayed 1 second(s)

2019-04-26 08:21:43 - [MESSAGE][PASSED] - Delayed 1 second(s)

2019-04-26 08:21:43 - [TEST_STEP][PASSED] - click(findTestObject("OASIS/Neurological/language_barrier/learning_unable_write")): Object: 'Object Repository/OASIS/Neurological/language_barrier/learning_unable_write' is clicked on

2019-04-26 08:21:44 - [MESSAGE][PASSED] - Object: 'Object Repository/OASIS/Neurological/language_barrier/learning_unable_write' is clicked on

2019-04-26 08:21:44 - [TEST_STEP][PASSED] - delay(1): Delayed 1 second(s)

2019-04-26 08:21:45 - [MESSAGE][PASSED] - Delayed 1 second(s)

2019-04-26 08:21:45 - [TEST_STEP][PASSED] - click(findTestObject("OASIS/Neurological/language_barrier/signs_abuse_yes")): Object: 'Object Repository/OASIS/Neurological/language_barrier/signs_abuse_yes' is clicked on

2019-04-26 08:21:45 - [MESSAGE][PASSED] - Object: 'Object Repository/OASIS/Neurological/language_barrier/signs_abuse_yes' is clicked on

2019-04-26 08:21:45 - [TEST_STEP][PASSED] - delay(1): Delayed 1 second(s)

2019-04-26 08:21:46 - [MESSAGE][PASSED] - Delayed 1 second(s)

2019-04-26 08:21:46 - [TEST_STEP][PASSED] - click(findTestObject("OASIS/Neurological/language_barrier/signs_abuse_actual")): Object: 'Object Repository/OASIS/Neurological/language_barrier/signs_abuse_actual' is clicked on

2019-04-26 08:21:46 - [MESSAGE][PASSED] - Object: 'Object Repository/OASIS/Neurological/language_barrier/signs_abuse_actual' is clicked on

2019-04-26 08:21:46 - [TEST_STEP][PASSED] - delay(1): Delayed 1 second(s)

2019-04-26 08:21:47 - [MESSAGE][PASSED] - Delayed 1 second(s)

2019-04-26 08:21:47 - [TEST_STEP][PASSED] - click(findTestObject("OASIS/Neurological/language_barrier/signs_abuse_physical")): Object: 'Object Repository/OASIS/Neurological/language_barrier/signs_abuse_physical' is clicked on

2019-04-26 08:21:47 - [MESSAGE][PASSED] - Object: 'Object Repository/OASIS/Neurological/language_barrier/signs_abuse_physical' is clicked on

2019-04-26 08:21:47 - [TEST_STEP][PASSED] - delay(1): Delayed 1 second(s)

2019-04-26 08:21:48 - [MESSAGE][PASSED] - Delayed 1 second(s)

2019-04-26 08:21:48 - [TEST_STEP][PASSED] - setText(findTestObject("OASIS/Neurological/language_barrier/signs_abuse_physical_tf"), "Traumatic Experience"): Text 'Traumatic Experience' is set on object 'Object Repository/OASIS/Neurological/language_barrier/signs_abuse_physical_tf'

2019-04-26 08:21:49 - [MESSAGE][PASSED] - Text 'Traumatic Experience' is set on object 'Object Repository/OASIS/Neurological/language_barrier/signs_abuse_physical_tf'

2019-04-26 08:21:49 - [TEST_STEP][PASSED] - delay(1): Delayed 1 second(s)

2019-04-26 08:21:50 - [MESSAGE][PASSED] - Delayed 1 second(s)

2019-04-26 08:21:50 - [TEST_STEP][PASSED] - click(findTestObject("OASIS/Neurological/language_barrier/signs_abuse_verbal")): Object: 'Object Repository/OASIS/Neurological/language_barrier/signs_abuse_verbal' is clicked on

2019-04-26 08:21:50 - [MESSAGE][PASSED] - Object: 'Object Repository/OASIS/Neurological/language_barrier/signs_abuse_verbal' is clicked on

2019-04-26 08:21:50 - [TEST_STEP][PASSED] - delay(1): Delayed 1 second(s)

2019-04-26 08:21:51 - [MESSAGE][PASSED] - Delayed 1 second(s)

2019-04-26 08:21:51 - [TEST_STEP][PASSED] - setText(findTestObject("OASIS/Neurological/language_barrier/signs_abuse_verbal_tf"), "Traumatic Experience"): Text 'Traumatic Experience' is set on object 'Object Repository/OASIS/Neurological/language_barrier/signs_abuse_verbal_tf'

2019-04-26 08:21:52 - [MESSAGE][PASSED] - Text 'Traumatic Experience' is set on object 'Object Repository/OASIS/Neurological/language_barrier/signs_abuse_verbal_tf'

2019-04-26 08:21:52 - [TEST_STEP][PASSED] - delay(1): Delayed 1 second(s)

2019-04-26 08:21:53 - [MESSAGE][PASSED] - Delayed 1 second(s)

2019-04-26 08:21:53 - [TEST_STEP][PASSED] - click(findTestObject("OASIS/Neurological/language_barrier/signs_abuse_referredmsw")): Object: 'Object Repository/OASIS/Neurological/language_barrier/signs_abuse_referredmsw' is clicked on

2019-04-26 08:21:53 - [MESSAGE][PASSED] - Object: 'Object Repository/OASIS/Neurological/language_barrier/signs_abuse_referredmsw' is clicked on

2019-04-26 08:21:53 - [TEST_STEP][PASSED] - delay(1): Delayed 1 second(s)

2019-04-26 08:21:54 - [MESSAGE][PASSED] - Delayed 1 second(s)

2019-04-26 08:21:54 - [TEST_STEP][PASSED] - setText(findTestObject("OASIS/Neurological/language_barrier/signs_abuse_referredmsw_tf"), "Centers for MSW"): Text 'Centers for MSW' is set on object 'Object Repository/OASIS/Neurological/language_barrier/signs_abuse_referredmsw_tf'

2019-04-26 08:21:55 - [MESSAGE][PASSED] - Text 'Centers for MSW' is set on object 'Object Repository/OASIS/Neurological/language_barrier/signs_abuse_referredmsw_tf'

2019-04-26 08:21:55 - [TEST_STEP][PASSED] - delay(1): Delayed 1 second(s)

2019-04-26 08:21:56 - [MESSAGE][PASSED] - Delayed 1 second(s)

2019-04-26 08:21:56 - [TEST_STEP][PASSED] - click(findTestObject("OASIS/Neurological/language_barrier/signs_abuse_referredchildadult")): Object: 'Object Repository/OASIS/Neurological/language_barrier/signs_abuse_referredchildadult' is clicked on

2019-04-26 08:21:56 - [MESSAGE][PASSED] - Object: 'Object Repository/OASIS/Neurological/language_barrier/signs_abuse_referredchildadult' is clicked on

2019-04-26 08:21:56 - [TEST_STEP][PASSED] - delay(1): Delayed 1 second(s)

2019-04-26 08:21:57 - [MESSAGE][PASSED] - Delayed 1 second(s)

2019-04-26 08:21:57 - [TEST_STEP][PASSED] - click(findTestObject("OASIS/Neurological/language_barrier/spiritual_yes")): Object: 'Object Repository/OASIS/Neurological/language_barrier/spiritual_yes' is clicked on

2019-04-26 08:21:57 - [MESSAGE][PASSED] - Object: 'Object Repository/OASIS/Neurological/language_barrier/spiritual_yes' is clicked on

2019-04-26 08:21:57 - [TEST_STEP][PASSED] - delay(1): Delayed 1 second(s)

2019-04-26 08:21:58 - [MESSAGE][PASSED] - Delayed 1 second(s)

2019-04-26 08:21:58 - [TEST_STEP][PASSED] - setText(findTestObject("OASIS/Neurological/language_barrier/spiritual_impact_care"), "Sample Text"): Text 'Sample Text' is set on object 'Object Repository/OASIS/Neurological/language_barrier/spiritual_impact_care'

2019-04-26 08:21:58 - [MESSAGE][PASSED] - Text 'Sample Text' is set on object 'Object Repository/OASIS/Neurological/language_barrier/spiritual_impact_care'

2019-04-26 08:21:58 - [TEST_STEP][PASSED] - delay(1): Delayed 1 second(s)

2019-04-26 08:21:59 - [MESSAGE][PASSED] - Delayed 1 second(s)

2019-04-26 08:21:59 - [TEST_STEP][PASSED] - setText(findTestObject("OASIS/Neurological/language_barrier/spiritual_resource"), "Sample Text"): Text 'Sample Text' is set on object 'Object Repository/OASIS/Neurological/language_barrier/spiritual_resource'

2019-04-26 08:22:00 - [MESSAGE][PASSED] - Text 'Sample Text' is set on object 'Object Repository/OASIS/Neurological/language_barrier/spiritual_resource'

2019-04-26 08:22:00 - [TEST_STEP][PASSED] - delay(1): Delayed 1 second(s)

2019-04-26 08:22:01 - [MESSAGE][PASSED] - Delayed 1 second(s)

2019-04-26 08:22:01 - [TEST_STEP][PASSED] - setText(findTestObject("OASIS/Neurological/language_barrier/spiritual_contact"), "Sample Text"): Text 'Sample Text' is set on object 'Object Repository/OASIS/Neurological/language_barrier/spiritual_contact'

2019-04-26 08:22:01 - [MESSAGE][PASSED] - Text 'Sample Text' is set on object 'Object Repository/OASIS/Neurological/language_barrier/spiritual_contact'

2019-04-26 08:22:01 - [TEST_STEP][PASSED] - delay(1): Delayed 1 second(s)

2019-04-26 08:22:02 - [MESSAGE][PASSED] - Delayed 1 second(s)

2019-04-26 08:22:02 - [TEST_STEP][PASSED] - setText(findTestObject("OASIS/Neurological/language_barrier/spiritual_phone"), "2333242343"): Text '2333242343' is set on object 'Object Repository/OASIS/Neurological/language_barrier/spiritual_phone'

2019-04-26 08:22:03 - [MESSAGE][PASSED] - Text '2333242343' is set on object 'Object Repository/OASIS/Neurological/language_barrier/spiritual_phone'

2019-04-26 08:22:03 - [TEST_STEP][PASSED] - delay(1): Delayed 1 second(s)

2019-04-26 08:22:04 - [MESSAGE][PASSED] - Delayed 1 second(s)

2019-04-26 08:22:04 - [TEST_STEP][PASSED] - click(findTestObject("OASIS/Neurological/M1700_1")): Object: 'Object Repository/OASIS/Neurological/M1700_1' is clicked on

2019-04-26 08:22:04 - [MESSAGE][PASSED] - Object: 'Object Repository/OASIS/Neurological/M1700_1' is clicked on

2019-04-26 08:22:04 - [TEST_STEP][PASSED] - delay(1): Delayed 1 second(s)

2019-04-26 08:22:05 - [MESSAGE][PASSED] - Delayed 1 second(s)

2019-04-26 08:22:05 - [TEST_STEP][PASSED] - click(findTestObject("OASIS/Neurological/M1710_2")): Object: 'Object Repository/OASIS/Neurological/M1710_2' is clicked on

2019-04-26 08:22:05 - [MESSAGE][PASSED] - Object: 'Object Repository/OASIS/Neurological/M1710_2' is clicked on

2019-04-26 08:22:05 - [TEST_STEP][PASSED] - delay(1): Delayed 1 second(s)

2019-04-26 08:22:06 - [MESSAGE][PASSED] - Delayed 1 second(s)

2019-04-26 08:22:06 - [TEST_STEP][PASSED] - click(findTestObject("OASIS/Neurological/M1720_2")): Object: 'Object Repository/OASIS/Neurological/M1720_2' is clicked on

2019-04-26 08:22:06 - [MESSAGE][PASSED] - Object: 'Object Repository/OASIS/Neurological/M1720_2' is clicked on

2019-04-26 08:22:06 - [TEST_STEP][PASSED] - delay(1): Delayed 1 second(s)

2019-04-26 08:22:07 - [MESSAGE][PASSED] - Delayed 1 second(s)

2019-04-26 08:22:07 - [TEST_STEP][PASSED] - click(findTestObject("OASIS/Neurological/M1730_1")): Object: 'Object Repository/OASIS/Neurological/M1730_1' is clicked on

2019-04-26 08:22:07 - [MESSAGE][PASSED] - Object: 'Object Repository/OASIS/Neurological/M1730_1' is clicked on

2019-04-26 08:22:07 - [TEST_STEP][PASSED] - delay(1): Delayed 1 second(s)

2019-04-26 08:22:08 - [MESSAGE][PASSED] - Delayed 1 second(s)

2019-04-26 08:22:08 - [TEST_STEP][PASSED] - click(findTestObject("OASIS/Neurological/M1730_a_0")): Object: 'Object Repository/OASIS/Neurological/M1730_a_0' is clicked on

2019-04-26 08:22:09 - [MESSAGE][PASSED] - Object: 'Object Repository/OASIS/Neurological/M1730_a_0' is clicked on

2019-04-26 08:22:09 - [TEST_STEP][PASSED] - delay(1): Delayed 1 second(s)

2019-04-26 08:22:10 - [MESSAGE][PASSED] - Delayed 1 second(s)

2019-04-26 08:22:10 - [TEST_STEP][PASSED] - click(findTestObject("OASIS/Neurological/M1730_b_1")): Object: 'Object Repository/OASIS/Neurological/M1730_b_1' is clicked on

2019-04-26 08:22:10 - [MESSAGE][PASSED] - Object: 'Object Repository/OASIS/Neurological/M1730_b_1' is clicked on

2019-04-26 08:22:10 - [TEST_STEP][PASSED] - delay(1): Delayed 1 second(s)

2019-04-26 08:22:11 - [MESSAGE][PASSED] - Delayed 1 second(s)

2019-04-26 08:22:11 - [TEST_STEP][PASSED] - click(findTestObject("OASIS/Neurological/M1740_1")): Object: 'Object Repository/OASIS/Neurological/M1740_1' is clicked on

2019-04-26 08:22:11 - [MESSAGE][PASSED] - Object: 'Object Repository/OASIS/Neurological/M1740_1' is clicked on

2019-04-26 08:22:11 - [TEST_STEP][PASSED] - delay(1): Delayed 1 second(s)

2019-04-26 08:22:12 - [MESSAGE][PASSED] - Delayed 1 second(s)

2019-04-26 08:22:12 - [TEST_STEP][NOT_RUN] - click(findTestObject("OASIS/Neurological/M1740_2")): NOT_RUN: click(findTestObject("OASIS/Neurological/M1740_2"))

2019-04-26 08:22:12 - [MESSAGE][NOT_RUN] - NOT_RUN: click(findTestObject("OASIS/Neurological/M1740_2"))

2019-04-26 08:22:12 - [TEST_STEP][PASSED] - delay(1): Delayed 1 second(s)

2019-04-26 08:22:13 - [MESSAGE][PASSED] - Delayed 1 second(s)

2019-04-26 08:22:13 - [TEST_STEP][PASSED] - click(findTestObject("OASIS/Neurological/M1740_3")): Object: 'Object Repository/OASIS/Neurological/M1740_3' is clicked on

2019-04-26 08:22:13 - [MESSAGE][PASSED] - Object: 'Object Repository/OASIS/Neurological/M1740_3' is clicked on

2019-04-26 08:22:13 - [TEST_STEP][PASSED] - delay(1): Delayed 1 second(s)

2019-04-26 08:22:14 - [MESSAGE][PASSED] - Delayed 1 second(s)

2019-04-26 08:22:14 - [TEST_STEP][PASSED] - click(findTestObject("OASIS/Neurological/M1740_4")): Object: 'Object Repository/OASIS/Neurological/M1740_4' is clicked on

2019-04-26 08:22:14 - [MESSAGE][PASSED] - Object: 'Object Repository/OASIS/Neurological/M1740_4' is clicked on

2019-04-26 08:22:14 - [TEST_STEP][PASSED] - delay(1): Delayed 1 second(s)

2019-04-26 08:22:15 - [MESSAGE][PASSED] - Delayed 1 second(s)

2019-04-26 08:22:15 - [TEST_STEP][PASSED] - click(findTestObject("OASIS/Neurological/M1740_5")): Object: 'Object Repository/OASIS/Neurological/M1740_5' is clicked on

2019-04-26 08:22:15 - [MESSAGE][PASSED] - Object: 'Object Repository/OASIS/Neurological/M1740_5' is clicked on

2019-04-26 08:22:15 - [TEST_STEP][PASSED] - delay(1): Delayed 1 second(s)

2019-04-26 08:22:16 - [MESSAGE][PASSED] - Delayed 1 second(s)

2019-04-26 08:22:16 - [TEST_STEP][NOT_RUN] - click(findTestObject("OASIS/Neurological/M1740_6")): NOT_RUN: click(findTestObject("OASIS/Neurological/M1740_6"))

2019-04-26 08:22:16 - [MESSAGE][NOT_RUN] - NOT_RUN: click(findTestObject("OASIS/Neurological/M1740_6"))

2019-04-26 08:22:16 - [TEST_STEP][PASSED] - delay(1): Delayed 1 second(s)

2019-04-26 08:22:17 - [MESSAGE][PASSED] - Delayed 1 second(s)

2019-04-26 08:22:17 - [TEST_STEP][PASSED] - click(findTestObject("OASIS/Neurological/M1740_7")): Object: 'Object Repository/OASIS/Neurological/M1740_7' is clicked on

2019-04-26 08:22:17 - [MESSAGE][PASSED] - Object: 'Object Repository/OASIS/Neurological/M1740_7' is clicked on

2019-04-26 08:22:17 - [TEST_STEP][PASSED] - click(findTestObject("OASIS/Neurological/M1745_4")): Object: 'Object Repository/OASIS/Neurological/M1745_4' is clicked on

2019-04-26 08:22:18 - [MESSAGE][PASSED] - Object: 'Object Repository/OASIS/Neurological/M1745_4' is clicked on

2019-04-26 08:22:18 - [TEST_STEP][PASSED] - delay(10): Delayed 10 second(s)

2019-04-26 08:22:28 - [MESSAGE][PASSED] - Delayed 10 second(s)]]></system-out>
         <system-err><![CDATA[]]></system-err>
      </testcase>
      <system-out><![CDATA[2019-04-26 08:20:07 - [TEST_SUITE][PASSED] - Neurological: Test Cases/OASIS_SOC/Neurological]]></system-out>
      <system-err><![CDATA[]]></system-err>
   </testsuite>
</testsuites>
