<?xml version="1.0" encoding="UTF-8"?>
<testsuites name="PreAdtoNonAdmit" time="0" tests="1" failures="0" errors="0">
   <testsuite name="PreAdtoNonAdmit" tests="1" failures="0" errors="0" time="0" timestamp="2019-04-29 14:32:20" hostname="Khenard Figuracion - 192.168.2.15" id="Test Suites/Patient/PreAdtoNonAdmit">
      <properties>
         <property name="deviceName" value=""/>
         <property name="devicePlatform" value=""/>
         <property name="logFolder" value="C:\\Users\\Khenard Figuracion\\git\\healthcareProject\\Reports\\Patient\\PreAdtoNonAdmit\\20190429_143219"/>
         <property name="logFiles" value="C:\\Users\\Khenard Figuracion\\git\\healthcareProject\\Reports\\Patient\\PreAdtoNonAdmit\\20190429_143219\\execution0.log"/>
         <property name="attachments" value=""/>
         <property name="hostName" value="Khenard Figuracion - 192.168.2.15"/>
         <property name="hostAddress" value="192.168.2.15"/>
         <property name="os" value="Windows 10 64bit"/>
         <property name="katalonVersion" value="6.1.1.1"/>
      </properties>
      <testcase name="Test Cases/Adding of Patient" classname="Test Cases/Adding of Patient" status="PASSED">
         <system-out><![CDATA[2019-04-29 14:32:21 - [TEST_CASE][PASSED] - Test Cases/Adding of Patient: null]]></system-out>
         <system-err><![CDATA[]]></system-err>
      </testcase>
      <system-out><![CDATA[2019-04-29 14:32:20 - [TEST_SUITE][INCOMPLETE] - PreAdtoNonAdmit: null]]></system-out>
      <system-err><![CDATA[2019-04-29 14:32:20 - [TEST_SUITE][INCOMPLETE] - PreAdtoNonAdmit: null]]></system-err>
   </testsuite>
</testsuites>
