<?xml version="1.0" encoding="UTF-8"?>
<testsuites name="Neurological" time="64" tests="3" failures="0" errors="0">
   <testsuite name="Neurological" tests="3" failures="0" errors="0" time="64" timestamp="2019-04-24 09:54:48" hostname="Khenard Figuracion - 192.168.2.15" id="Test Suites/OASIS/Neurological">
      <properties>
         <property name="deviceName" value=""/>
         <property name="devicePlatform" value=""/>
         <property name="logFolder" value="C:\\Users\\Khenard Figuracion\\git\\healthcareProject\\Reports\\OASIS\\Neurological\\20190424_095447"/>
         <property name="logFiles" value="C:\\Users\\Khenard Figuracion\\git\\healthcareProject\\Reports\\OASIS\\Neurological\\20190424_095447\\execution0.log"/>
         <property name="attachments" value=""/>
         <property name="hostName" value="Khenard Figuracion - 192.168.2.15"/>
         <property name="os" value="Windows 10 64bit"/>
         <property name="katalonVersion" value="6.1.1.1"/>
         <property name="browser" value="Chrome 73.0.3683.103"/>
         <property name="hostAddress" value="192.168.2.15"/>
         <property name="sessionId" value="3fdb50ac406f0302d7d95d3d5ba96e41"/>
         <property name="seleniumVersion" value="3.7.1"/>
         <property name="proxyInformation" value="ProxyInformation{proxyOption=NO_PROXY, proxyServerType=HTTP, password=, proxyServerAddress=, proxyServerPort=0}"/>
         <property name="platform" value="Windows 10"/>
      </properties>
      <testcase name="Test Cases/login" classname="Test Cases/login" status="PASSED">
         <system-out><![CDATA[2019-04-24 09:54:49 - [TEST_CASE][PASSED] - Test Cases/login: Test Cases/login

2019-04-24 09:54:49 - [TEST_STEP][PASSED] - openBrowser(""): Browser is opened with url: ''

2019-04-24 09:54:49 - [MESSAGE][INFO] - Starting 'Chrome' driver

2019-04-24 09:54:49 - [MESSAGE][INFO] - Action delay is set to 0 seconds

2019-04-24 09:54:52 - [MESSAGE][PASSED] - Browser is opened with url: ''

2019-04-24 09:54:52 - [TEST_STEP][PASSED] - navigateToUrl("https://qa.medisource.com/login"): Navigate to 'https://qa.medisource.com/login' successfully

2019-04-24 09:54:54 - [MESSAGE][PASSED] - Navigate to 'https://qa.medisource.com/login' successfully

2019-04-24 09:54:54 - [TEST_STEP][PASSED] - delay(3): Delayed 3 second(s)

2019-04-24 09:54:57 - [MESSAGE][PASSED] - Delayed 3 second(s)

2019-04-24 09:54:57 - [TEST_STEP][PASSED] - setText(findTestObject("Object Repository/addUser/Page_Medisource  Login/input_Please try afterminutes."), "superagent"): Text 'superagent' is set on object 'Object Repository/addUser/Page_Medisource  Login/input_Please try afterminutes.'

2019-04-24 09:54:57 - [MESSAGE][PASSED] - Text 'superagent' is set on object 'Object Repository/addUser/Page_Medisource  Login/input_Please try afterminutes.'

2019-04-24 09:54:57 - [TEST_STEP][PASSED] - delay(3): Delayed 3 second(s)

2019-04-24 09:55:00 - [MESSAGE][PASSED] - Delayed 3 second(s)

2019-04-24 09:55:00 - [TEST_STEP][PASSED] - setEncryptedText(findTestObject("Object Repository/addUser/Page_Medisource  Login/input_Username or email requir"), "SITHpLWAWtI8C4F8RIujvA=="): Text ****** has been set on object 'Object Repository/addUser/Page_Medisource  Login/input_Username or email requir'

2019-04-24 09:55:00 - [MESSAGE][PASSED] - Text ****** has been set on object 'Object Repository/addUser/Page_Medisource  Login/input_Username or email requir'

2019-04-24 09:55:00 - [TEST_STEP][PASSED] - delay(3): Delayed 3 second(s)

2019-04-24 09:55:03 - [MESSAGE][PASSED] - Delayed 3 second(s)

2019-04-24 09:55:03 - [TEST_STEP][PASSED] - click(findTestObject("Object Repository/addUser/Page_Medisource  Login/button_Login")): Object: 'Object Repository/addUser/Page_Medisource  Login/button_Login' is clicked on

2019-04-24 09:55:03 - [MESSAGE][PASSED] - Object: 'Object Repository/addUser/Page_Medisource  Login/button_Login' is clicked on

2019-04-24 09:55:03 - [TEST_STEP][PASSED] - delay(3): Delayed 3 second(s)

2019-04-24 09:55:06 - [MESSAGE][PASSED] - Delayed 3 second(s)]]></system-out>
         <system-err><![CDATA[]]></system-err>
      </testcase>
      <testcase name="Test Cases/navigate_patient_soc_ken" classname="Test Cases/navigate_patient_soc_ken" status="PASSED">
         <system-out><![CDATA[2019-04-24 09:55:06 - [TEST_CASE][PASSED] - Test Cases/navigate_patient_soc_ken: Test Cases/navigate_patient_soc_ken

2019-04-24 09:55:07 - [TEST_STEP][PASSED] - delay(2): Delayed 2 second(s)

2019-04-24 09:55:09 - [MESSAGE][PASSED] - Delayed 2 second(s)

2019-04-24 09:55:09 - [TEST_STEP][PASSED] - navigateToUrl("https://qa.medisource.com/patients/all"): Navigate to 'https://qa.medisource.com/patients/all' successfully

2019-04-24 09:55:09 - [MESSAGE][PASSED] - Navigate to 'https://qa.medisource.com/patients/all' successfully

2019-04-24 09:55:09 - [TEST_STEP][PASSED] - delay(1): Delayed 1 second(s)

2019-04-24 09:55:10 - [MESSAGE][PASSED] - Delayed 1 second(s)

2019-04-24 09:55:10 - [TEST_STEP][PASSED] - navigateToUrl("https://qa.medisource.com/patientcare/638B92A0-A489-410B-8056-906FE598F197/9F6A772C-C308-499E-BA52-A7BF3652D416/overview"): Navigate to 'https://qa.medisource.com/patientcare/638B92A0-A489-410B-8056-906FE598F197/9F6A772C-C308-499E-BA52-A7BF3652D416/overview' successfully

2019-04-24 09:55:11 - [MESSAGE][PASSED] - Navigate to 'https://qa.medisource.com/patientcare/638B92A0-A489-410B-8056-906FE598F197/9F6A772C-C308-499E-BA52-A7BF3652D416/overview' successfully

2019-04-24 09:55:11 - [TEST_STEP][PASSED] - delay(1): Delayed 1 second(s)

2019-04-24 09:55:12 - [MESSAGE][PASSED] - Delayed 1 second(s)

2019-04-24 09:55:12 - [TEST_STEP][PASSED] - navigateToUrl("https://qa.medisource.com/patientcare/638B92A0-A489-410B-8056-906FE598F197/9F6A772C-C308-499E-BA52-A7BF3652D416/2019/oasis/clinical/soc/9405B47D-64F0-4CF9-A5FA-25C79AC5A572/638B92A0-A489-410B-8056-906FE598F197"): Navigate to 'https://qa.medisource.com/patientcare/638B92A0-A489-410B-8056-906FE598F197/9F6A772C-C308-499E-BA52-A7BF3652D416/2019/oasis/clinical/soc/9405B47D-64F0-4CF9-A5FA-25C79AC5A572/638B92A0-A489-410B-8056-906FE598F197' successfully

2019-04-24 09:55:12 - [MESSAGE][PASSED] - Navigate to 'https://qa.medisource.com/patientcare/638B92A0-A489-410B-8056-906FE598F197/9F6A772C-C308-499E-BA52-A7BF3652D416/2019/oasis/clinical/soc/9405B47D-64F0-4CF9-A5FA-25C79AC5A572/638B92A0-A489-410B-8056-906FE598F197' successfully

2019-04-24 09:55:12 - [TEST_STEP][PASSED] - delay(1): Delayed 1 second(s)

2019-04-24 09:55:13 - [MESSAGE][PASSED] - Delayed 1 second(s)]]></system-out>
         <system-err><![CDATA[]]></system-err>
      </testcase>
      <testcase name="Test Cases/OASIS_SOC/Neurological" classname="Test Cases/OASIS_SOC/Neurological" status="PASSED">
         <system-out><![CDATA[2019-04-24 09:55:13 - [TEST_CASE][PASSED] - Test Cases/OASIS_SOC/Neurological: Test Cases/OASIS_SOC/Neurological

2019-04-24 09:55:14 - [TEST_STEP][PASSED] - click(findTestObject("OASIS/OASIS_TABS/xitemedits_btn")): Object: 'Object Repository/OASIS/OASIS_TABS/xitemedits_btn' is clicked on

2019-04-24 09:55:16 - [MESSAGE][PASSED] - Object: 'Object Repository/OASIS/OASIS_TABS/xitemedits_btn' is clicked on

2019-04-24 09:55:16 - [TEST_STEP][PASSED] - click(findTestObject("OASIS/OASIS_TABS/Neuro_tab")): Object: 'Object Repository/OASIS/OASIS_TABS/Neuro_tab' is clicked on

2019-04-24 09:55:16 - [MESSAGE][PASSED] - Object: 'Object Repository/OASIS/OASIS_TABS/Neuro_tab' is clicked on

2019-04-24 09:55:16 - [TEST_STEP][PASSED] - delay(4): Delayed 4 second(s)

2019-04-24 09:55:20 - [MESSAGE][PASSED] - Delayed 4 second(s)

2019-04-24 09:55:20 - [TEST_STEP][PASSED] - click(findTestObject("OASIS/Neurological/neurological_status/neuro_pupils_perrla")): Object: 'Object Repository/OASIS/Neurological/neurological_status/neuro_pupils_perrla' is clicked on

2019-04-24 09:55:20 - [MESSAGE][PASSED] - Object: 'Object Repository/OASIS/Neurological/neurological_status/neuro_pupils_perrla' is clicked on

2019-04-24 09:55:20 - [TEST_STEP][PASSED] - delay(1): Delayed 1 second(s)

2019-04-24 09:55:21 - [MESSAGE][PASSED] - Delayed 1 second(s)

2019-04-24 09:55:21 - [TEST_STEP][PASSED] - click(findTestObject("OASIS/Neurological/neurological_status/neuro_non-reactive_l")): Object: 'Object Repository/OASIS/Neurological/neurological_status/neuro_non-reactive_l' is clicked on

2019-04-24 09:55:22 - [MESSAGE][PASSED] - Object: 'Object Repository/OASIS/Neurological/neurological_status/neuro_non-reactive_l' is clicked on

2019-04-24 09:55:22 - [TEST_STEP][PASSED] - delay(1): Delayed 1 second(s)

2019-04-24 09:55:23 - [MESSAGE][PASSED] - Delayed 1 second(s)

2019-04-24 09:55:23 - [TEST_STEP][PASSED] - click(findTestObject("OASIS/Neurological/neurological_status/neuro_non-reactive_r")): Object: 'Object Repository/OASIS/Neurological/neurological_status/neuro_non-reactive_r' is clicked on

2019-04-24 09:55:23 - [MESSAGE][PASSED] - Object: 'Object Repository/OASIS/Neurological/neurological_status/neuro_non-reactive_r' is clicked on

2019-04-24 09:55:23 - [TEST_STEP][PASSED] - delay(1): Delayed 1 second(s)

2019-04-24 09:55:24 - [MESSAGE][PASSED] - Delayed 1 second(s)

2019-04-24 09:55:24 - [TEST_STEP][PASSED] - click(findTestObject("OASIS/Neurological/neurological_status/neuro_mental_status_oriented")): Object: 'Object Repository/OASIS/Neurological/neurological_status/neuro_mental_status_oriented' is clicked on

2019-04-24 09:55:24 - [MESSAGE][PASSED] - Object: 'Object Repository/OASIS/Neurological/neurological_status/neuro_mental_status_oriented' is clicked on

2019-04-24 09:55:24 - [TEST_STEP][PASSED] - delay(1): Delayed 1 second(s)

2019-04-24 09:55:25 - [MESSAGE][PASSED] - Delayed 1 second(s)

2019-04-24 09:55:25 - [TEST_STEP][PASSED] - click(findTestObject("OASIS/Neurological/neurological_status/neuro_mental_status_forgetful")): Object: 'Object Repository/OASIS/Neurological/neurological_status/neuro_mental_status_forgetful' is clicked on

2019-04-24 09:55:25 - [MESSAGE][PASSED] - Object: 'Object Repository/OASIS/Neurological/neurological_status/neuro_mental_status_forgetful' is clicked on

2019-04-24 09:55:25 - [TEST_STEP][PASSED] - delay(1): Delayed 1 second(s)

2019-04-24 09:55:26 - [MESSAGE][PASSED] - Delayed 1 second(s)

2019-04-24 09:55:26 - [TEST_STEP][PASSED] - click(findTestObject("OASIS/Neurological/neurological_status/neuro_mental_status_lethargic")): Object: 'Object Repository/OASIS/Neurological/neurological_status/neuro_mental_status_lethargic' is clicked on

2019-04-24 09:55:26 - [MESSAGE][PASSED] - Object: 'Object Repository/OASIS/Neurological/neurological_status/neuro_mental_status_lethargic' is clicked on

2019-04-24 09:55:26 - [TEST_STEP][PASSED] - delay(1): Delayed 1 second(s)

2019-04-24 09:55:27 - [MESSAGE][PASSED] - Delayed 1 second(s)

2019-04-24 09:55:27 - [TEST_STEP][PASSED] - click(findTestObject("OASIS/Neurological/neurological_status/neuro_mental_status_disoriented")): Object: 'Object Repository/OASIS/Neurological/neurological_status/neuro_mental_status_disoriented' is clicked on

2019-04-24 09:55:28 - [MESSAGE][PASSED] - Object: 'Object Repository/OASIS/Neurological/neurological_status/neuro_mental_status_disoriented' is clicked on

2019-04-24 09:55:28 - [TEST_STEP][PASSED] - delay(1): Delayed 1 second(s)

2019-04-24 09:55:29 - [MESSAGE][PASSED] - Delayed 1 second(s)

2019-04-24 09:55:29 - [TEST_STEP][PASSED] - click(findTestObject("OASIS/Neurological/neurological_status/neuro_mental_status_depressed")): Object: 'Object Repository/OASIS/Neurological/neurological_status/neuro_mental_status_depressed' is clicked on

2019-04-24 09:55:29 - [MESSAGE][PASSED] - Object: 'Object Repository/OASIS/Neurological/neurological_status/neuro_mental_status_depressed' is clicked on

2019-04-24 09:55:29 - [TEST_STEP][PASSED] - delay(1): Delayed 1 second(s)

2019-04-24 09:55:30 - [MESSAGE][PASSED] - Delayed 1 second(s)

2019-04-24 09:55:30 - [TEST_STEP][PASSED] - click(findTestObject("OASIS/Neurological/neurological_status/neuro_mental_status_agitated")): Object: 'Object Repository/OASIS/Neurological/neurological_status/neuro_mental_status_agitated' is clicked on

2019-04-24 09:55:30 - [MESSAGE][PASSED] - Object: 'Object Repository/OASIS/Neurological/neurological_status/neuro_mental_status_agitated' is clicked on

2019-04-24 09:55:30 - [TEST_STEP][PASSED] - delay(1): Delayed 1 second(s)

2019-04-24 09:55:31 - [MESSAGE][PASSED] - Delayed 1 second(s)

2019-04-24 09:55:31 - [TEST_STEP][PASSED] - click(findTestObject("OASIS/Neurological/neurological_status/neuro_mental_status_comatose")): Object: 'Object Repository/OASIS/Neurological/neurological_status/neuro_mental_status_comatose' is clicked on

2019-04-24 09:55:31 - [MESSAGE][PASSED] - Object: 'Object Repository/OASIS/Neurological/neurological_status/neuro_mental_status_comatose' is clicked on

2019-04-24 09:55:31 - [TEST_STEP][PASSED] - delay(1): Delayed 1 second(s)

2019-04-24 09:55:32 - [MESSAGE][PASSED] - Delayed 1 second(s)

2019-04-24 09:55:32 - [TEST_STEP][PASSED] - setText(findTestObject("OASIS/Neurological/neurological_status/neuro_mental_status_other"), "Frequent signs of aggression"): Text 'Frequent signs of aggression' is set on object 'Object Repository/OASIS/Neurological/neurological_status/neuro_mental_status_other'

2019-04-24 09:55:33 - [MESSAGE][PASSED] - Text 'Frequent signs of aggression' is set on object 'Object Repository/OASIS/Neurological/neurological_status/neuro_mental_status_other'

2019-04-24 09:55:33 - [TEST_STEP][PASSED] - delay(1): Delayed 1 second(s)

2019-04-24 09:55:34 - [MESSAGE][PASSED] - Delayed 1 second(s)

2019-04-24 09:55:34 - [TEST_STEP][PASSED] - click(findTestObject("OASIS/Neurological/neurological_status/neuro_sleep_inadequate")): Object: 'Object Repository/OASIS/Neurological/neurological_status/neuro_sleep_inadequate' is clicked on

2019-04-24 09:55:34 - [MESSAGE][PASSED] - Object: 'Object Repository/OASIS/Neurological/neurological_status/neuro_sleep_inadequate' is clicked on

2019-04-24 09:55:34 - [TEST_STEP][PASSED] - delay(1): Delayed 1 second(s)

2019-04-24 09:55:35 - [MESSAGE][PASSED] - Delayed 1 second(s)

2019-04-24 09:55:35 - [TEST_STEP][PASSED] - setText(findTestObject("OASIS/Neurological/neurological_status/neuro_sleep_inadequate_textfield"), "Typically wokes up at 3:15 AM"): Text 'Typically wokes up at 3:15 AM' is set on object 'Object Repository/OASIS/Neurological/neurological_status/neuro_sleep_inadequate_textfield'

2019-04-24 09:55:36 - [MESSAGE][PASSED] - Text 'Typically wokes up at 3:15 AM' is set on object 'Object Repository/OASIS/Neurological/neurological_status/neuro_sleep_inadequate_textfield'

2019-04-24 09:55:36 - [TEST_STEP][PASSED] - delay(1): Delayed 1 second(s)

2019-04-24 09:55:37 - [MESSAGE][PASSED] - Delayed 1 second(s)

2019-04-24 09:55:37 - [TEST_STEP][PASSED] - click(findTestObject("OASIS/Neurological/neurological_status/neuro_hand_grips_strong")): Object: 'Object Repository/OASIS/Neurological/neurological_status/neuro_hand_grips_strong' is clicked on

2019-04-24 09:55:38 - [MESSAGE][PASSED] - Object: 'Object Repository/OASIS/Neurological/neurological_status/neuro_hand_grips_strong' is clicked on

2019-04-24 09:55:38 - [TEST_STEP][PASSED] - delay(1): Delayed 1 second(s)

2019-04-24 09:55:39 - [MESSAGE][PASSED] - Delayed 1 second(s)

2019-04-24 09:55:39 - [TEST_STEP][PASSED] - click(findTestObject("OASIS/Neurological/neurological_status/neuro_hand_grips_strong_l")): Object: 'Object Repository/OASIS/Neurological/neurological_status/neuro_hand_grips_strong_l' is clicked on

2019-04-24 09:55:39 - [MESSAGE][PASSED] - Object: 'Object Repository/OASIS/Neurological/neurological_status/neuro_hand_grips_strong_l' is clicked on

2019-04-24 09:55:39 - [TEST_STEP][PASSED] - delay(1): Delayed 1 second(s)

2019-04-24 09:55:40 - [MESSAGE][PASSED] - Delayed 1 second(s)

2019-04-24 09:55:40 - [TEST_STEP][PASSED] - click(findTestObject("OASIS/Neurological/neurological_status/neuro_hand_grips_strong_r")): Object: 'Object Repository/OASIS/Neurological/neurological_status/neuro_hand_grips_strong_r' is clicked on

2019-04-24 09:55:40 - [MESSAGE][PASSED] - Object: 'Object Repository/OASIS/Neurological/neurological_status/neuro_hand_grips_strong_r' is clicked on

2019-04-24 09:55:40 - [TEST_STEP][PASSED] - delay(1): Delayed 1 second(s)

2019-04-24 09:55:41 - [MESSAGE][PASSED] - Delayed 1 second(s)

2019-04-24 09:55:41 - [TEST_STEP][PASSED] - click(findTestObject("OASIS/Neurological/neurological_status/neuro_hand_grips_weak")): Object: 'Object Repository/OASIS/Neurological/neurological_status/neuro_hand_grips_weak' is clicked on

2019-04-24 09:55:41 - [MESSAGE][PASSED] - Object: 'Object Repository/OASIS/Neurological/neurological_status/neuro_hand_grips_weak' is clicked on

2019-04-24 09:55:41 - [TEST_STEP][PASSED] - delay(1): Delayed 1 second(s)

2019-04-24 09:55:42 - [MESSAGE][PASSED] - Delayed 1 second(s)

2019-04-24 09:55:42 - [TEST_STEP][PASSED] - click(findTestObject("OASIS/Neurological/neurological_status/neuro_hand_grips_weak_l")): Object: 'Object Repository/OASIS/Neurological/neurological_status/neuro_hand_grips_weak_l' is clicked on

2019-04-24 09:55:42 - [MESSAGE][PASSED] - Object: 'Object Repository/OASIS/Neurological/neurological_status/neuro_hand_grips_weak_l' is clicked on

2019-04-24 09:55:42 - [TEST_STEP][PASSED] - delay(1): Delayed 1 second(s)

2019-04-24 09:55:43 - [MESSAGE][PASSED] - Delayed 1 second(s)

2019-04-24 09:55:43 - [TEST_STEP][PASSED] - click(findTestObject("OASIS/Neurological/neurological_status/neuro_hand_grips_weak_r")): Object: 'Object Repository/OASIS/Neurological/neurological_status/neuro_hand_grips_weak_r' is clicked on

2019-04-24 09:55:43 - [MESSAGE][PASSED] - Object: 'Object Repository/OASIS/Neurological/neurological_status/neuro_hand_grips_weak_r' is clicked on

2019-04-24 09:55:43 - [TEST_STEP][PASSED] - delay(1): Delayed 1 second(s)

2019-04-24 09:55:44 - [MESSAGE][PASSED] - Delayed 1 second(s)

2019-04-24 09:55:44 - [TEST_STEP][PASSED] - click(findTestObject("OASIS/Neurological/neurological_status/neuro_check_for_weakness")): Object: 'Object Repository/OASIS/Neurological/neurological_status/neuro_check_for_weakness' is clicked on

2019-04-24 09:55:44 - [MESSAGE][PASSED] - Object: 'Object Repository/OASIS/Neurological/neurological_status/neuro_check_for_weakness' is clicked on

2019-04-24 09:55:45 - [TEST_STEP][PASSED] - delay(8): Delayed 8 second(s)

2019-04-24 09:55:53 - [MESSAGE][PASSED] - Delayed 8 second(s)]]></system-out>
         <system-err><![CDATA[]]></system-err>
      </testcase>
      <system-out><![CDATA[2019-04-24 09:54:48 - [TEST_SUITE][PASSED] - Neurological: Test Cases/OASIS_SOC/Neurological]]></system-out>
      <system-err><![CDATA[]]></system-err>
   </testsuite>
</testsuites>
