<?xml version="1.0" encoding="UTF-8"?>
<testsuites name="automation_compiled" time="507" tests="6" failures="2" errors="0">
   <testsuite name="automation_compiled" tests="6" failures="2" errors="0" time="507" timestamp="2019-04-30 11:31:18" hostname="Khenard Figuracion - 192.168.2.37" id="Test Suites/automation_compiled">
      <properties>
         <property name="deviceName" value=""/>
         <property name="devicePlatform" value=""/>
         <property name="logFolder" value="C:\\Users\\Khenard Figuracion\\git\\healthcareProject\\Reports\\automation_compiled\\20190430_113117"/>
         <property name="logFiles" value="C:\\Users\\Khenard Figuracion\\git\\healthcareProject\\Reports\\automation_compiled\\20190430_113117\\execution0.log"/>
         <property name="attachments" value="C:\\Users\\Khenard Figuracion\\git\\healthcareProject\\Reports\\automation_compiled\\20190430_113117\\1556595535453.png, C:\\Users\\Khenard Figuracion\\git\\healthcareProject\\Reports\\automation_compiled\\20190430_113117\\1556595584555.png"/>
         <property name="hostName" value="Khenard Figuracion - 192.168.2.37"/>
         <property name="os" value="Windows 10 64bit"/>
         <property name="katalonVersion" value="6.1.1.1"/>
         <property name="browser" value="Chrome 73.0.3683.103"/>
         <property name="hostAddress" value="192.168.2.37"/>
         <property name="sessionId" value="f0067138f4daf65dc96cb90bba114367"/>
         <property name="seleniumVersion" value="3.7.1"/>
         <property name="proxyInformation" value="ProxyInformation{proxyOption=NO_PROXY, proxyServerType=HTTP, password=, proxyServerAddress=, proxyServerPort=0}"/>
         <property name="platform" value="Windows 10"/>
      </properties>
      <testcase name="Test Cases/OASIS_compilation" classname="Test Cases/OASIS_compilation" status="PASSED">
         <system-out><![CDATA[2019-04-30 11:31:18 - [TEST_CASE][PASSED] - Test Cases/OASIS_compilation: Test Cases/OASIS_compilation

2019-04-30 11:31:19 - [TEST_STEP][PASSED] - openBrowser(""): Browser is opened with url: ''

2019-04-30 11:31:19 - [MESSAGE][INFO] - Starting 'Chrome' driver

2019-04-30 11:31:19 - [MESSAGE][INFO] - Action delay is set to 0 seconds

2019-04-30 11:31:22 - [MESSAGE][PASSED] - Browser is opened with url: ''

2019-04-30 11:31:22 - [TEST_STEP][PASSED] - navigateToUrl("https://qa.medisource.com/login"): Navigate to 'https://qa.medisource.com/login' successfully

2019-04-30 11:31:24 - [MESSAGE][PASSED] - Navigate to 'https://qa.medisource.com/login' successfully

2019-04-30 11:31:24 - [TEST_STEP][PASSED] - setText(findTestObject("Object Repository/addUser/Page_Medisource  Login/input_Please try afterminutes."), "superagent"): Text 'superagent' is set on object 'Object Repository/addUser/Page_Medisource  Login/input_Please try afterminutes.'

2019-04-30 11:31:24 - [MESSAGE][PASSED] - Text 'superagent' is set on object 'Object Repository/addUser/Page_Medisource  Login/input_Please try afterminutes.'

2019-04-30 11:31:24 - [TEST_STEP][PASSED] - setEncryptedText(findTestObject("Object Repository/addUser/Page_Medisource  Login/input_Username or email requir"), "SITHpLWAWtI8C4F8RIujvA=="): Text ****** has been set on object 'Object Repository/addUser/Page_Medisource  Login/input_Username or email requir'

2019-04-30 11:31:24 - [MESSAGE][PASSED] - Text ****** has been set on object 'Object Repository/addUser/Page_Medisource  Login/input_Username or email requir'

2019-04-30 11:31:24 - [TEST_STEP][PASSED] - delay(1): Delayed 1 second(s)

2019-04-30 11:31:25 - [MESSAGE][PASSED] - Delayed 1 second(s)

2019-04-30 11:31:25 - [TEST_STEP][PASSED] - click(findTestObject("Object Repository/addUser/Page_Medisource  Login/button_Login")): Object: 'Object Repository/addUser/Page_Medisource  Login/button_Login' is clicked on

2019-04-30 11:31:25 - [MESSAGE][PASSED] - Object: 'Object Repository/addUser/Page_Medisource  Login/button_Login' is clicked on

2019-04-30 11:31:25 - [TEST_STEP][PASSED] - delay(3): Delayed 3 second(s)

2019-04-30 11:31:28 - [MESSAGE][PASSED] - Delayed 3 second(s)

2019-04-30 11:31:28 - [TEST_STEP][PASSED] - navigateToUrl("https://qa.medisource.com/patients/all"): Navigate to 'https://qa.medisource.com/patients/all' successfully

2019-04-30 11:31:30 - [MESSAGE][PASSED] - Navigate to 'https://qa.medisource.com/patients/all' successfully

2019-04-30 11:31:30 - [TEST_STEP][PASSED] - delay(1): Delayed 1 second(s)

2019-04-30 11:31:31 - [MESSAGE][PASSED] - Delayed 1 second(s)

2019-04-30 11:31:31 - [TEST_STEP][PASSED] - navigateToUrl("https://qa.medisource.com/patientcare/7A8DDC98-19FC-470D-93B9-DEBD3B09D9F7/F813D137-B6FE-41FD-A8FC-04BE4CEF5E6B/overview"): Navigate to 'https://qa.medisource.com/patientcare/7A8DDC98-19FC-470D-93B9-DEBD3B09D9F7/F813D137-B6FE-41FD-A8FC-04BE4CEF5E6B/overview' successfully

2019-04-30 11:31:31 - [MESSAGE][PASSED] - Navigate to 'https://qa.medisource.com/patientcare/7A8DDC98-19FC-470D-93B9-DEBD3B09D9F7/F813D137-B6FE-41FD-A8FC-04BE4CEF5E6B/overview' successfully

2019-04-30 11:31:31 - [TEST_STEP][PASSED] - delay(1): Delayed 1 second(s)

2019-04-30 11:31:32 - [MESSAGE][PASSED] - Delayed 1 second(s)

2019-04-30 11:31:32 - [TEST_STEP][PASSED] - navigateToUrl("https://qa.medisource.com/patientcare/7A8DDC98-19FC-470D-93B9-DEBD3B09D9F7/F813D137-B6FE-41FD-A8FC-04BE4CEF5E6B/2019/oasis/clinical/soc/663D7785-5851-4882-B251-3BBEE917C2FE/7A8DDC98-19FC-470D-93B9-DEBD3B09D9F7"): Navigate to 'https://qa.medisource.com/patientcare/7A8DDC98-19FC-470D-93B9-DEBD3B09D9F7/F813D137-B6FE-41FD-A8FC-04BE4CEF5E6B/2019/oasis/clinical/soc/663D7785-5851-4882-B251-3BBEE917C2FE/7A8DDC98-19FC-470D-93B9-DEBD3B09D9F7' successfully

2019-04-30 11:31:33 - [MESSAGE][PASSED] - Navigate to 'https://qa.medisource.com/patientcare/7A8DDC98-19FC-470D-93B9-DEBD3B09D9F7/F813D137-B6FE-41FD-A8FC-04BE4CEF5E6B/2019/oasis/clinical/soc/663D7785-5851-4882-B251-3BBEE917C2FE/7A8DDC98-19FC-470D-93B9-DEBD3B09D9F7' successfully

2019-04-30 11:31:33 - [TEST_STEP][PASSED] - delay(2): Delayed 2 second(s)

2019-04-30 11:31:35 - [MESSAGE][PASSED] - Delayed 2 second(s)

2019-04-30 11:31:35 - [TEST_STEP][PASSED] - click(findTestObject("OASIS/OASIS_TABS/xitemedits_btn")): Object: 'Object Repository/OASIS/OASIS_TABS/xitemedits_btn' is clicked on

2019-04-30 11:31:36 - [MESSAGE][PASSED] - Object: 'Object Repository/OASIS/OASIS_TABS/xitemedits_btn' is clicked on]]></system-out>
         <system-err><![CDATA[]]></system-err>
      </testcase>
      <testcase name="Test Cases/OASIS_SOC/Cardiopulmonary" classname="Test Cases/OASIS_SOC/Cardiopulmonary" status="PASSED">
         <system-out><![CDATA[2019-04-30 11:31:36 - [TEST_CASE][PASSED] - Test Cases/OASIS_SOC/Cardiopulmonary: Test Cases/OASIS_SOC/Cardiopulmonary

2019-04-30 11:31:36 - [TEST_STEP][PASSED] - click(findTestObject("OASIS/OASIS_TABS/Cardio_tab")): Object: 'Object Repository/OASIS/OASIS_TABS/Cardio_tab' is clicked on

2019-04-30 11:31:37 - [MESSAGE][PASSED] - Object: 'Object Repository/OASIS/OASIS_TABS/Cardio_tab' is clicked on

2019-04-30 11:31:37 - [TEST_STEP][PASSED] - delay(3): Delayed 3 second(s)

2019-04-30 11:31:40 - [MESSAGE][PASSED] - Delayed 3 second(s)

2019-04-30 11:31:40 - [TEST_STEP][PASSED] - click(findTestObject("OASIS/Cardiopulmonary/cardio_respiratory_status/cardio_rs_breath_sounds/cardio_rs_bs_no")): Object: 'Object Repository/OASIS/Cardiopulmonary/cardio_respiratory_status/cardio_rs_breath_sounds/cardio_rs_bs_no' is clicked on

2019-04-30 11:31:40 - [MESSAGE][PASSED] - Object: 'Object Repository/OASIS/Cardiopulmonary/cardio_respiratory_status/cardio_rs_breath_sounds/cardio_rs_bs_no' is clicked on

2019-04-30 11:31:40 - [TEST_STEP][PASSED] - delay(3): Delayed 3 second(s)

2019-04-30 11:31:43 - [MESSAGE][PASSED] - Delayed 3 second(s)

2019-04-30 11:31:43 - [TEST_STEP][PASSED] - click(findTestObject("OASIS/Cardiopulmonary/cardio_respiratory_status/cardio_rs_breath_sounds/cardio_rs_abnormalbs/cardio_rs_abs_diminished_l")): Object: 'Object Repository/OASIS/Cardiopulmonary/cardio_respiratory_status/cardio_rs_breath_sounds/cardio_rs_abnormalbs/cardio_rs_abs_diminished_l' is clicked on

2019-04-30 11:31:43 - [MESSAGE][PASSED] - Object: 'Object Repository/OASIS/Cardiopulmonary/cardio_respiratory_status/cardio_rs_breath_sounds/cardio_rs_abnormalbs/cardio_rs_abs_diminished_l' is clicked on

2019-04-30 11:31:43 - [TEST_STEP][PASSED] - click(findTestObject("OASIS/Cardiopulmonary/cardio_respiratory_status/cardio_rs_breath_sounds/cardio_rs_abnormalbs/cardio_rs_abs_diminished_r")): Object: 'Object Repository/OASIS/Cardiopulmonary/cardio_respiratory_status/cardio_rs_breath_sounds/cardio_rs_abnormalbs/cardio_rs_abs_diminished_r' is clicked on

2019-04-30 11:31:43 - [MESSAGE][PASSED] - Object: 'Object Repository/OASIS/Cardiopulmonary/cardio_respiratory_status/cardio_rs_breath_sounds/cardio_rs_abnormalbs/cardio_rs_abs_diminished_r' is clicked on

2019-04-30 11:31:43 - [TEST_STEP][PASSED] - click(findTestObject("OASIS/Cardiopulmonary/cardio_respiratory_status/cardio_rs_breath_sounds/cardio_rs_abnormalbs/cardio_rs_abs_diminished_an")): Object: 'Object Repository/OASIS/Cardiopulmonary/cardio_respiratory_status/cardio_rs_breath_sounds/cardio_rs_abnormalbs/cardio_rs_abs_diminished_an' is clicked on

2019-04-30 11:31:44 - [MESSAGE][PASSED] - Object: 'Object Repository/OASIS/Cardiopulmonary/cardio_respiratory_status/cardio_rs_breath_sounds/cardio_rs_abnormalbs/cardio_rs_abs_diminished_an' is clicked on

2019-04-30 11:31:44 - [TEST_STEP][PASSED] - click(findTestObject("OASIS/Cardiopulmonary/cardio_respiratory_status/cardio_rs_breath_sounds/cardio_rs_abnormalbs/cardio_rs_abs_diminished_pos")): Object: 'Object Repository/OASIS/Cardiopulmonary/cardio_respiratory_status/cardio_rs_breath_sounds/cardio_rs_abnormalbs/cardio_rs_abs_diminished_pos' is clicked on

2019-04-30 11:31:44 - [MESSAGE][PASSED] - Object: 'Object Repository/OASIS/Cardiopulmonary/cardio_respiratory_status/cardio_rs_breath_sounds/cardio_rs_abnormalbs/cardio_rs_abs_diminished_pos' is clicked on

2019-04-30 11:31:44 - [TEST_STEP][PASSED] - click(findTestObject("OASIS/Cardiopulmonary/cardio_respiratory_status/cardio_rs_breath_sounds/cardio_rs_abnormalbs/cardio_rs_abs_diminished_up")): Object: 'Object Repository/OASIS/Cardiopulmonary/cardio_respiratory_status/cardio_rs_breath_sounds/cardio_rs_abnormalbs/cardio_rs_abs_diminished_up' is clicked on

2019-04-30 11:31:44 - [MESSAGE][PASSED] - Object: 'Object Repository/OASIS/Cardiopulmonary/cardio_respiratory_status/cardio_rs_breath_sounds/cardio_rs_abnormalbs/cardio_rs_abs_diminished_up' is clicked on

2019-04-30 11:31:44 - [TEST_STEP][PASSED] - click(findTestObject("OASIS/Cardiopulmonary/cardio_respiratory_status/cardio_rs_breath_sounds/cardio_rs_abnormalbs/cardio_rs_abs_diminished_mid")): Object: 'Object Repository/OASIS/Cardiopulmonary/cardio_respiratory_status/cardio_rs_breath_sounds/cardio_rs_abnormalbs/cardio_rs_abs_diminished_mid' is clicked on

2019-04-30 11:31:44 - [MESSAGE][PASSED] - Object: 'Object Repository/OASIS/Cardiopulmonary/cardio_respiratory_status/cardio_rs_breath_sounds/cardio_rs_abnormalbs/cardio_rs_abs_diminished_mid' is clicked on

2019-04-30 11:31:44 - [TEST_STEP][PASSED] - click(findTestObject("OASIS/Cardiopulmonary/cardio_respiratory_status/cardio_rs_breath_sounds/cardio_rs_abnormalbs/cardio_rs_abs_diminished_low")): Object: 'Object Repository/OASIS/Cardiopulmonary/cardio_respiratory_status/cardio_rs_breath_sounds/cardio_rs_abnormalbs/cardio_rs_abs_diminished_low' is clicked on

2019-04-30 11:31:44 - [MESSAGE][PASSED] - Object: 'Object Repository/OASIS/Cardiopulmonary/cardio_respiratory_status/cardio_rs_breath_sounds/cardio_rs_abnormalbs/cardio_rs_abs_diminished_low' is clicked on

2019-04-30 11:31:44 - [TEST_STEP][PASSED] - delay(2): Delayed 2 second(s)

2019-04-30 11:31:46 - [MESSAGE][PASSED] - Delayed 2 second(s)

2019-04-30 11:31:46 - [TEST_STEP][PASSED] - click(findTestObject("OASIS/Cardiopulmonary/cardio_respiratory_status/cardio_rs_breath_sounds/cardio_rs_abnormalbs/cardio_rs_abs_absent_l")): Object: 'Object Repository/OASIS/Cardiopulmonary/cardio_respiratory_status/cardio_rs_breath_sounds/cardio_rs_abnormalbs/cardio_rs_abs_absent_l' is clicked on

2019-04-30 11:31:46 - [MESSAGE][PASSED] - Object: 'Object Repository/OASIS/Cardiopulmonary/cardio_respiratory_status/cardio_rs_breath_sounds/cardio_rs_abnormalbs/cardio_rs_abs_absent_l' is clicked on

2019-04-30 11:31:46 - [TEST_STEP][PASSED] - click(findTestObject("OASIS/Cardiopulmonary/cardio_respiratory_status/cardio_rs_breath_sounds/cardio_rs_abnormalbs/cardio_rs_abs_absent_r")): Object: 'Object Repository/OASIS/Cardiopulmonary/cardio_respiratory_status/cardio_rs_breath_sounds/cardio_rs_abnormalbs/cardio_rs_abs_absent_r' is clicked on

2019-04-30 11:31:46 - [MESSAGE][PASSED] - Object: 'Object Repository/OASIS/Cardiopulmonary/cardio_respiratory_status/cardio_rs_breath_sounds/cardio_rs_abnormalbs/cardio_rs_abs_absent_r' is clicked on

2019-04-30 11:31:46 - [TEST_STEP][PASSED] - click(findTestObject("OASIS/Cardiopulmonary/cardio_respiratory_status/cardio_rs_breath_sounds/cardio_rs_abnormalbs/cardio_rs_abs_absent_an")): Object: 'Object Repository/OASIS/Cardiopulmonary/cardio_respiratory_status/cardio_rs_breath_sounds/cardio_rs_abnormalbs/cardio_rs_abs_absent_an' is clicked on

2019-04-30 11:31:46 - [MESSAGE][PASSED] - Object: 'Object Repository/OASIS/Cardiopulmonary/cardio_respiratory_status/cardio_rs_breath_sounds/cardio_rs_abnormalbs/cardio_rs_abs_absent_an' is clicked on

2019-04-30 11:31:46 - [TEST_STEP][PASSED] - click(findTestObject("OASIS/Cardiopulmonary/cardio_respiratory_status/cardio_rs_breath_sounds/cardio_rs_abnormalbs/cardio_rs_abs_absent_pos")): Object: 'Object Repository/OASIS/Cardiopulmonary/cardio_respiratory_status/cardio_rs_breath_sounds/cardio_rs_abnormalbs/cardio_rs_abs_absent_pos' is clicked on

2019-04-30 11:31:46 - [MESSAGE][PASSED] - Object: 'Object Repository/OASIS/Cardiopulmonary/cardio_respiratory_status/cardio_rs_breath_sounds/cardio_rs_abnormalbs/cardio_rs_abs_absent_pos' is clicked on

2019-04-30 11:31:46 - [TEST_STEP][PASSED] - click(findTestObject("OASIS/Cardiopulmonary/cardio_respiratory_status/cardio_rs_breath_sounds/cardio_rs_abnormalbs/cardio_rs_abs_absent_up")): Object: 'Object Repository/OASIS/Cardiopulmonary/cardio_respiratory_status/cardio_rs_breath_sounds/cardio_rs_abnormalbs/cardio_rs_abs_absent_up' is clicked on

2019-04-30 11:31:47 - [MESSAGE][PASSED] - Object: 'Object Repository/OASIS/Cardiopulmonary/cardio_respiratory_status/cardio_rs_breath_sounds/cardio_rs_abnormalbs/cardio_rs_abs_absent_up' is clicked on

2019-04-30 11:31:47 - [TEST_STEP][PASSED] - click(findTestObject("OASIS/Cardiopulmonary/cardio_respiratory_status/cardio_rs_breath_sounds/cardio_rs_abnormalbs/cardio_rs_abs_absent_mid")): Object: 'Object Repository/OASIS/Cardiopulmonary/cardio_respiratory_status/cardio_rs_breath_sounds/cardio_rs_abnormalbs/cardio_rs_abs_absent_mid' is clicked on

2019-04-30 11:31:47 - [MESSAGE][PASSED] - Object: 'Object Repository/OASIS/Cardiopulmonary/cardio_respiratory_status/cardio_rs_breath_sounds/cardio_rs_abnormalbs/cardio_rs_abs_absent_mid' is clicked on

2019-04-30 11:31:47 - [TEST_STEP][PASSED] - click(findTestObject("OASIS/Cardiopulmonary/cardio_respiratory_status/cardio_rs_breath_sounds/cardio_rs_abnormalbs/cardio_rs_abs_absent_low")): Object: 'Object Repository/OASIS/Cardiopulmonary/cardio_respiratory_status/cardio_rs_breath_sounds/cardio_rs_abnormalbs/cardio_rs_abs_absent_low' is clicked on

2019-04-30 11:31:47 - [MESSAGE][PASSED] - Object: 'Object Repository/OASIS/Cardiopulmonary/cardio_respiratory_status/cardio_rs_breath_sounds/cardio_rs_abnormalbs/cardio_rs_abs_absent_low' is clicked on

2019-04-30 11:31:47 - [TEST_STEP][PASSED] - delay(2): Delayed 2 second(s)

2019-04-30 11:31:49 - [MESSAGE][PASSED] - Delayed 2 second(s)

2019-04-30 11:31:49 - [TEST_STEP][PASSED] - click(findTestObject("OASIS/Cardiopulmonary/cardio_respiratory_status/cardio_rs_breath_sounds/cardio_rs_abnormalbs/cardio_rs_abs_rales_l")): Object: 'Object Repository/OASIS/Cardiopulmonary/cardio_respiratory_status/cardio_rs_breath_sounds/cardio_rs_abnormalbs/cardio_rs_abs_rales_l' is clicked on

2019-04-30 11:31:49 - [MESSAGE][PASSED] - Object: 'Object Repository/OASIS/Cardiopulmonary/cardio_respiratory_status/cardio_rs_breath_sounds/cardio_rs_abnormalbs/cardio_rs_abs_rales_l' is clicked on

2019-04-30 11:31:49 - [TEST_STEP][PASSED] - click(findTestObject("OASIS/Cardiopulmonary/cardio_respiratory_status/cardio_rs_breath_sounds/cardio_rs_abnormalbs/cardio_rs_abs_rales_r")): Object: 'Object Repository/OASIS/Cardiopulmonary/cardio_respiratory_status/cardio_rs_breath_sounds/cardio_rs_abnormalbs/cardio_rs_abs_rales_r' is clicked on

2019-04-30 11:31:49 - [MESSAGE][PASSED] - Object: 'Object Repository/OASIS/Cardiopulmonary/cardio_respiratory_status/cardio_rs_breath_sounds/cardio_rs_abnormalbs/cardio_rs_abs_rales_r' is clicked on

2019-04-30 11:31:49 - [TEST_STEP][PASSED] - click(findTestObject("OASIS/Cardiopulmonary/cardio_respiratory_status/cardio_rs_breath_sounds/cardio_rs_abnormalbs/cardio_rs_abs_rales_an")): Object: 'Object Repository/OASIS/Cardiopulmonary/cardio_respiratory_status/cardio_rs_breath_sounds/cardio_rs_abnormalbs/cardio_rs_abs_rales_an' is clicked on

2019-04-30 11:31:49 - [MESSAGE][PASSED] - Object: 'Object Repository/OASIS/Cardiopulmonary/cardio_respiratory_status/cardio_rs_breath_sounds/cardio_rs_abnormalbs/cardio_rs_abs_rales_an' is clicked on

2019-04-30 11:31:49 - [TEST_STEP][PASSED] - click(findTestObject("OASIS/Cardiopulmonary/cardio_respiratory_status/cardio_rs_breath_sounds/cardio_rs_abnormalbs/cardio_rs_abs_rales_pos")): Object: 'Object Repository/OASIS/Cardiopulmonary/cardio_respiratory_status/cardio_rs_breath_sounds/cardio_rs_abnormalbs/cardio_rs_abs_rales_pos' is clicked on

2019-04-30 11:31:49 - [MESSAGE][PASSED] - Object: 'Object Repository/OASIS/Cardiopulmonary/cardio_respiratory_status/cardio_rs_breath_sounds/cardio_rs_abnormalbs/cardio_rs_abs_rales_pos' is clicked on

2019-04-30 11:31:49 - [TEST_STEP][PASSED] - click(findTestObject("OASIS/Cardiopulmonary/cardio_respiratory_status/cardio_rs_breath_sounds/cardio_rs_abnormalbs/cardio_rs_abs_rales_up")): Object: 'Object Repository/OASIS/Cardiopulmonary/cardio_respiratory_status/cardio_rs_breath_sounds/cardio_rs_abnormalbs/cardio_rs_abs_rales_up' is clicked on

2019-04-30 11:31:49 - [MESSAGE][PASSED] - Object: 'Object Repository/OASIS/Cardiopulmonary/cardio_respiratory_status/cardio_rs_breath_sounds/cardio_rs_abnormalbs/cardio_rs_abs_rales_up' is clicked on

2019-04-30 11:31:49 - [TEST_STEP][PASSED] - click(findTestObject("OASIS/Cardiopulmonary/cardio_respiratory_status/cardio_rs_breath_sounds/cardio_rs_abnormalbs/cardio_rs_abs_rales_mid")): Object: 'Object Repository/OASIS/Cardiopulmonary/cardio_respiratory_status/cardio_rs_breath_sounds/cardio_rs_abnormalbs/cardio_rs_abs_rales_mid' is clicked on

2019-04-30 11:31:50 - [MESSAGE][PASSED] - Object: 'Object Repository/OASIS/Cardiopulmonary/cardio_respiratory_status/cardio_rs_breath_sounds/cardio_rs_abnormalbs/cardio_rs_abs_rales_mid' is clicked on

2019-04-30 11:31:50 - [TEST_STEP][PASSED] - click(findTestObject("OASIS/Cardiopulmonary/cardio_respiratory_status/cardio_rs_breath_sounds/cardio_rs_abnormalbs/cardio_rs_abs_rales_low")): Object: 'Object Repository/OASIS/Cardiopulmonary/cardio_respiratory_status/cardio_rs_breath_sounds/cardio_rs_abnormalbs/cardio_rs_abs_rales_low' is clicked on

2019-04-30 11:31:50 - [MESSAGE][PASSED] - Object: 'Object Repository/OASIS/Cardiopulmonary/cardio_respiratory_status/cardio_rs_breath_sounds/cardio_rs_abnormalbs/cardio_rs_abs_rales_low' is clicked on

2019-04-30 11:31:50 - [TEST_STEP][PASSED] - delay(2): Delayed 2 second(s)

2019-04-30 11:31:52 - [MESSAGE][PASSED] - Delayed 2 second(s)

2019-04-30 11:31:52 - [TEST_STEP][PASSED] - click(findTestObject("OASIS/Cardiopulmonary/cardio_respiratory_status/cardio_rs_breath_sounds/cardio_rs_abnormalbs/cardio_rs_abs_wheeze_l")): Object: 'Object Repository/OASIS/Cardiopulmonary/cardio_respiratory_status/cardio_rs_breath_sounds/cardio_rs_abnormalbs/cardio_rs_abs_wheeze_l' is clicked on

2019-04-30 11:31:52 - [MESSAGE][PASSED] - Object: 'Object Repository/OASIS/Cardiopulmonary/cardio_respiratory_status/cardio_rs_breath_sounds/cardio_rs_abnormalbs/cardio_rs_abs_wheeze_l' is clicked on

2019-04-30 11:31:52 - [TEST_STEP][PASSED] - click(findTestObject("OASIS/Cardiopulmonary/cardio_respiratory_status/cardio_rs_breath_sounds/cardio_rs_abnormalbs/cardio_rs_abs_wheeze_r")): Object: 'Object Repository/OASIS/Cardiopulmonary/cardio_respiratory_status/cardio_rs_breath_sounds/cardio_rs_abnormalbs/cardio_rs_abs_wheeze_r' is clicked on

2019-04-30 11:31:52 - [MESSAGE][PASSED] - Object: 'Object Repository/OASIS/Cardiopulmonary/cardio_respiratory_status/cardio_rs_breath_sounds/cardio_rs_abnormalbs/cardio_rs_abs_wheeze_r' is clicked on

2019-04-30 11:31:52 - [TEST_STEP][PASSED] - click(findTestObject("OASIS/Cardiopulmonary/cardio_respiratory_status/cardio_rs_breath_sounds/cardio_rs_abnormalbs/cardio_rs_abs_wheeze_an")): Object: 'Object Repository/OASIS/Cardiopulmonary/cardio_respiratory_status/cardio_rs_breath_sounds/cardio_rs_abnormalbs/cardio_rs_abs_wheeze_an' is clicked on

2019-04-30 11:31:52 - [MESSAGE][PASSED] - Object: 'Object Repository/OASIS/Cardiopulmonary/cardio_respiratory_status/cardio_rs_breath_sounds/cardio_rs_abnormalbs/cardio_rs_abs_wheeze_an' is clicked on

2019-04-30 11:31:52 - [TEST_STEP][PASSED] - click(findTestObject("OASIS/Cardiopulmonary/cardio_respiratory_status/cardio_rs_breath_sounds/cardio_rs_abnormalbs/cardio_rs_abs_wheeze_pos")): Object: 'Object Repository/OASIS/Cardiopulmonary/cardio_respiratory_status/cardio_rs_breath_sounds/cardio_rs_abnormalbs/cardio_rs_abs_wheeze_pos' is clicked on

2019-04-30 11:31:52 - [MESSAGE][PASSED] - Object: 'Object Repository/OASIS/Cardiopulmonary/cardio_respiratory_status/cardio_rs_breath_sounds/cardio_rs_abnormalbs/cardio_rs_abs_wheeze_pos' is clicked on

2019-04-30 11:31:52 - [TEST_STEP][PASSED] - click(findTestObject("OASIS/Cardiopulmonary/cardio_respiratory_status/cardio_rs_breath_sounds/cardio_rs_abnormalbs/cardio_rs_abs_wheeze_up")): Object: 'Object Repository/OASIS/Cardiopulmonary/cardio_respiratory_status/cardio_rs_breath_sounds/cardio_rs_abnormalbs/cardio_rs_abs_wheeze_up' is clicked on

2019-04-30 11:31:52 - [MESSAGE][PASSED] - Object: 'Object Repository/OASIS/Cardiopulmonary/cardio_respiratory_status/cardio_rs_breath_sounds/cardio_rs_abnormalbs/cardio_rs_abs_wheeze_up' is clicked on

2019-04-30 11:31:52 - [TEST_STEP][PASSED] - click(findTestObject("OASIS/Cardiopulmonary/cardio_respiratory_status/cardio_rs_breath_sounds/cardio_rs_abnormalbs/cardio_rs_abs_wheeze_mid")): Object: 'Object Repository/OASIS/Cardiopulmonary/cardio_respiratory_status/cardio_rs_breath_sounds/cardio_rs_abnormalbs/cardio_rs_abs_wheeze_mid' is clicked on

2019-04-30 11:31:52 - [MESSAGE][PASSED] - Object: 'Object Repository/OASIS/Cardiopulmonary/cardio_respiratory_status/cardio_rs_breath_sounds/cardio_rs_abnormalbs/cardio_rs_abs_wheeze_mid' is clicked on

2019-04-30 11:31:52 - [TEST_STEP][PASSED] - click(findTestObject("OASIS/Cardiopulmonary/cardio_respiratory_status/cardio_rs_breath_sounds/cardio_rs_abnormalbs/cardio_rs_abs_wheeze_low")): Object: 'Object Repository/OASIS/Cardiopulmonary/cardio_respiratory_status/cardio_rs_breath_sounds/cardio_rs_abnormalbs/cardio_rs_abs_wheeze_low' is clicked on

2019-04-30 11:31:53 - [MESSAGE][PASSED] - Object: 'Object Repository/OASIS/Cardiopulmonary/cardio_respiratory_status/cardio_rs_breath_sounds/cardio_rs_abnormalbs/cardio_rs_abs_wheeze_low' is clicked on

2019-04-30 11:31:53 - [TEST_STEP][PASSED] - delay(2): Delayed 2 second(s)

2019-04-30 11:31:55 - [MESSAGE][PASSED] - Delayed 2 second(s)

2019-04-30 11:31:55 - [TEST_STEP][PASSED] - click(findTestObject("OASIS/Cardiopulmonary/cardio_respiratory_status/cardio_rs_breath_sounds/cardio_rs_abnormalbs/cardio_rs_abs_rhonchi_l")): Object: 'Object Repository/OASIS/Cardiopulmonary/cardio_respiratory_status/cardio_rs_breath_sounds/cardio_rs_abnormalbs/cardio_rs_abs_rhonchi_l' is clicked on

2019-04-30 11:31:55 - [MESSAGE][PASSED] - Object: 'Object Repository/OASIS/Cardiopulmonary/cardio_respiratory_status/cardio_rs_breath_sounds/cardio_rs_abnormalbs/cardio_rs_abs_rhonchi_l' is clicked on

2019-04-30 11:31:55 - [TEST_STEP][PASSED] - click(findTestObject("OASIS/Cardiopulmonary/cardio_respiratory_status/cardio_rs_breath_sounds/cardio_rs_abnormalbs/cardio_rs_abs_rhonchi_r")): Object: 'Object Repository/OASIS/Cardiopulmonary/cardio_respiratory_status/cardio_rs_breath_sounds/cardio_rs_abnormalbs/cardio_rs_abs_rhonchi_r' is clicked on

2019-04-30 11:31:55 - [MESSAGE][PASSED] - Object: 'Object Repository/OASIS/Cardiopulmonary/cardio_respiratory_status/cardio_rs_breath_sounds/cardio_rs_abnormalbs/cardio_rs_abs_rhonchi_r' is clicked on

2019-04-30 11:31:55 - [TEST_STEP][PASSED] - click(findTestObject("OASIS/Cardiopulmonary/cardio_respiratory_status/cardio_rs_breath_sounds/cardio_rs_abnormalbs/cardio_rs_abs_rhonchi_an")): Object: 'Object Repository/OASIS/Cardiopulmonary/cardio_respiratory_status/cardio_rs_breath_sounds/cardio_rs_abnormalbs/cardio_rs_abs_rhonchi_an' is clicked on

2019-04-30 11:31:55 - [MESSAGE][PASSED] - Object: 'Object Repository/OASIS/Cardiopulmonary/cardio_respiratory_status/cardio_rs_breath_sounds/cardio_rs_abnormalbs/cardio_rs_abs_rhonchi_an' is clicked on

2019-04-30 11:31:55 - [TEST_STEP][PASSED] - click(findTestObject("OASIS/Cardiopulmonary/cardio_respiratory_status/cardio_rs_breath_sounds/cardio_rs_abnormalbs/cardio_rs_abs_rhonchi_pos")): Object: 'Object Repository/OASIS/Cardiopulmonary/cardio_respiratory_status/cardio_rs_breath_sounds/cardio_rs_abnormalbs/cardio_rs_abs_rhonchi_pos' is clicked on

2019-04-30 11:31:55 - [MESSAGE][PASSED] - Object: 'Object Repository/OASIS/Cardiopulmonary/cardio_respiratory_status/cardio_rs_breath_sounds/cardio_rs_abnormalbs/cardio_rs_abs_rhonchi_pos' is clicked on

2019-04-30 11:31:55 - [TEST_STEP][PASSED] - click(findTestObject("OASIS/Cardiopulmonary/cardio_respiratory_status/cardio_rs_breath_sounds/cardio_rs_abnormalbs/cardio_rs_abs_rhonchi_up")): Object: 'Object Repository/OASIS/Cardiopulmonary/cardio_respiratory_status/cardio_rs_breath_sounds/cardio_rs_abnormalbs/cardio_rs_abs_rhonchi_up' is clicked on

2019-04-30 11:31:55 - [MESSAGE][PASSED] - Object: 'Object Repository/OASIS/Cardiopulmonary/cardio_respiratory_status/cardio_rs_breath_sounds/cardio_rs_abnormalbs/cardio_rs_abs_rhonchi_up' is clicked on

2019-04-30 11:31:55 - [TEST_STEP][PASSED] - click(findTestObject("OASIS/Cardiopulmonary/cardio_respiratory_status/cardio_rs_breath_sounds/cardio_rs_abnormalbs/cardio_rs_abs_rhonchi_mid")): Object: 'Object Repository/OASIS/Cardiopulmonary/cardio_respiratory_status/cardio_rs_breath_sounds/cardio_rs_abnormalbs/cardio_rs_abs_rhonchi_mid' is clicked on

2019-04-30 11:31:55 - [MESSAGE][PASSED] - Object: 'Object Repository/OASIS/Cardiopulmonary/cardio_respiratory_status/cardio_rs_breath_sounds/cardio_rs_abnormalbs/cardio_rs_abs_rhonchi_mid' is clicked on

2019-04-30 11:31:55 - [TEST_STEP][PASSED] - click(findTestObject("OASIS/Cardiopulmonary/cardio_respiratory_status/cardio_rs_breath_sounds/cardio_rs_abnormalbs/cardio_rs_abs_rhonchi_low")): Object: 'Object Repository/OASIS/Cardiopulmonary/cardio_respiratory_status/cardio_rs_breath_sounds/cardio_rs_abnormalbs/cardio_rs_abs_rhonchi_low' is clicked on

2019-04-30 11:31:55 - [MESSAGE][PASSED] - Object: 'Object Repository/OASIS/Cardiopulmonary/cardio_respiratory_status/cardio_rs_breath_sounds/cardio_rs_abnormalbs/cardio_rs_abs_rhonchi_low' is clicked on

2019-04-30 11:31:55 - [TEST_STEP][PASSED] - delay(2): Delayed 2 second(s)

2019-04-30 11:31:57 - [MESSAGE][PASSED] - Delayed 2 second(s)

2019-04-30 11:31:57 - [TEST_STEP][PASSED] - click(findTestObject("OASIS/Cardiopulmonary/cardio_respiratory_status/cardio_rs_breath_sounds/cardio_rs_abnormalbs/cardio_rs_abs_stridor_l")): Object: 'Object Repository/OASIS/Cardiopulmonary/cardio_respiratory_status/cardio_rs_breath_sounds/cardio_rs_abnormalbs/cardio_rs_abs_stridor_l' is clicked on

2019-04-30 11:31:58 - [MESSAGE][PASSED] - Object: 'Object Repository/OASIS/Cardiopulmonary/cardio_respiratory_status/cardio_rs_breath_sounds/cardio_rs_abnormalbs/cardio_rs_abs_stridor_l' is clicked on

2019-04-30 11:31:58 - [TEST_STEP][PASSED] - click(findTestObject("OASIS/Cardiopulmonary/cardio_respiratory_status/cardio_rs_breath_sounds/cardio_rs_abnormalbs/cardio_rs_abs_stridor_r")): Object: 'Object Repository/OASIS/Cardiopulmonary/cardio_respiratory_status/cardio_rs_breath_sounds/cardio_rs_abnormalbs/cardio_rs_abs_stridor_r' is clicked on

2019-04-30 11:31:58 - [MESSAGE][PASSED] - Object: 'Object Repository/OASIS/Cardiopulmonary/cardio_respiratory_status/cardio_rs_breath_sounds/cardio_rs_abnormalbs/cardio_rs_abs_stridor_r' is clicked on

2019-04-30 11:31:58 - [TEST_STEP][PASSED] - click(findTestObject("OASIS/Cardiopulmonary/cardio_respiratory_status/cardio_rs_breath_sounds/cardio_rs_abnormalbs/cardio_rs_abs_stridor_an")): Object: 'Object Repository/OASIS/Cardiopulmonary/cardio_respiratory_status/cardio_rs_breath_sounds/cardio_rs_abnormalbs/cardio_rs_abs_stridor_an' is clicked on

2019-04-30 11:31:58 - [MESSAGE][PASSED] - Object: 'Object Repository/OASIS/Cardiopulmonary/cardio_respiratory_status/cardio_rs_breath_sounds/cardio_rs_abnormalbs/cardio_rs_abs_stridor_an' is clicked on

2019-04-30 11:31:58 - [TEST_STEP][PASSED] - click(findTestObject("OASIS/Cardiopulmonary/cardio_respiratory_status/cardio_rs_breath_sounds/cardio_rs_abnormalbs/cardio_rs_abs_stridor_pos")): Object: 'Object Repository/OASIS/Cardiopulmonary/cardio_respiratory_status/cardio_rs_breath_sounds/cardio_rs_abnormalbs/cardio_rs_abs_stridor_pos' is clicked on

2019-04-30 11:31:58 - [MESSAGE][PASSED] - Object: 'Object Repository/OASIS/Cardiopulmonary/cardio_respiratory_status/cardio_rs_breath_sounds/cardio_rs_abnormalbs/cardio_rs_abs_stridor_pos' is clicked on

2019-04-30 11:31:58 - [TEST_STEP][PASSED] - click(findTestObject("OASIS/Cardiopulmonary/cardio_respiratory_status/cardio_rs_breath_sounds/cardio_rs_abnormalbs/cardio_rs_abs_stridor_up")): Object: 'Object Repository/OASIS/Cardiopulmonary/cardio_respiratory_status/cardio_rs_breath_sounds/cardio_rs_abnormalbs/cardio_rs_abs_stridor_up' is clicked on

2019-04-30 11:31:58 - [MESSAGE][PASSED] - Object: 'Object Repository/OASIS/Cardiopulmonary/cardio_respiratory_status/cardio_rs_breath_sounds/cardio_rs_abnormalbs/cardio_rs_abs_stridor_up' is clicked on

2019-04-30 11:31:58 - [TEST_STEP][PASSED] - click(findTestObject("OASIS/Cardiopulmonary/cardio_respiratory_status/cardio_rs_breath_sounds/cardio_rs_abnormalbs/cardio_rs_abs_stridor_mid")): Object: 'Object Repository/OASIS/Cardiopulmonary/cardio_respiratory_status/cardio_rs_breath_sounds/cardio_rs_abnormalbs/cardio_rs_abs_stridor_mid' is clicked on

2019-04-30 11:31:58 - [MESSAGE][PASSED] - Object: 'Object Repository/OASIS/Cardiopulmonary/cardio_respiratory_status/cardio_rs_breath_sounds/cardio_rs_abnormalbs/cardio_rs_abs_stridor_mid' is clicked on

2019-04-30 11:31:58 - [TEST_STEP][PASSED] - click(findTestObject("OASIS/Cardiopulmonary/cardio_respiratory_status/cardio_rs_breath_sounds/cardio_rs_abnormalbs/cardio_rs_abs_stridor_low")): Object: 'Object Repository/OASIS/Cardiopulmonary/cardio_respiratory_status/cardio_rs_breath_sounds/cardio_rs_abnormalbs/cardio_rs_abs_stridor_low' is clicked on

2019-04-30 11:31:58 - [MESSAGE][PASSED] - Object: 'Object Repository/OASIS/Cardiopulmonary/cardio_respiratory_status/cardio_rs_breath_sounds/cardio_rs_abnormalbs/cardio_rs_abs_stridor_low' is clicked on

2019-04-30 11:31:58 - [TEST_STEP][PASSED] - delay(2): Delayed 2 second(s)

2019-04-30 11:32:00 - [MESSAGE][PASSED] - Delayed 2 second(s)

2019-04-30 11:32:00 - [TEST_STEP][PASSED] - click(findTestObject("OASIS/Cardiopulmonary/cardio_respiratory_status/cardio_rs_breath_sounds/cardio_rs_abnormalbs/cardio_rs_abs_plueral_l")): Object: 'Object Repository/OASIS/Cardiopulmonary/cardio_respiratory_status/cardio_rs_breath_sounds/cardio_rs_abnormalbs/cardio_rs_abs_plueral_l' is clicked on

2019-04-30 11:32:00 - [MESSAGE][PASSED] - Object: 'Object Repository/OASIS/Cardiopulmonary/cardio_respiratory_status/cardio_rs_breath_sounds/cardio_rs_abnormalbs/cardio_rs_abs_plueral_l' is clicked on

2019-04-30 11:32:00 - [TEST_STEP][PASSED] - click(findTestObject("OASIS/Cardiopulmonary/cardio_respiratory_status/cardio_rs_breath_sounds/cardio_rs_abnormalbs/cardio_rs_abs_plueral_r")): Object: 'Object Repository/OASIS/Cardiopulmonary/cardio_respiratory_status/cardio_rs_breath_sounds/cardio_rs_abnormalbs/cardio_rs_abs_plueral_r' is clicked on

2019-04-30 11:32:00 - [MESSAGE][PASSED] - Object: 'Object Repository/OASIS/Cardiopulmonary/cardio_respiratory_status/cardio_rs_breath_sounds/cardio_rs_abnormalbs/cardio_rs_abs_plueral_r' is clicked on

2019-04-30 11:32:00 - [TEST_STEP][PASSED] - click(findTestObject("OASIS/Cardiopulmonary/cardio_respiratory_status/cardio_rs_breath_sounds/cardio_rs_abnormalbs/cardio_rs_abs_plueral_an")): Object: 'Object Repository/OASIS/Cardiopulmonary/cardio_respiratory_status/cardio_rs_breath_sounds/cardio_rs_abnormalbs/cardio_rs_abs_plueral_an' is clicked on

2019-04-30 11:32:01 - [MESSAGE][PASSED] - Object: 'Object Repository/OASIS/Cardiopulmonary/cardio_respiratory_status/cardio_rs_breath_sounds/cardio_rs_abnormalbs/cardio_rs_abs_plueral_an' is clicked on

2019-04-30 11:32:01 - [TEST_STEP][PASSED] - click(findTestObject("OASIS/Cardiopulmonary/cardio_respiratory_status/cardio_rs_breath_sounds/cardio_rs_abnormalbs/cardio_rs_abs_plueral_pos")): Object: 'Object Repository/OASIS/Cardiopulmonary/cardio_respiratory_status/cardio_rs_breath_sounds/cardio_rs_abnormalbs/cardio_rs_abs_plueral_pos' is clicked on

2019-04-30 11:32:01 - [MESSAGE][PASSED] - Object: 'Object Repository/OASIS/Cardiopulmonary/cardio_respiratory_status/cardio_rs_breath_sounds/cardio_rs_abnormalbs/cardio_rs_abs_plueral_pos' is clicked on

2019-04-30 11:32:01 - [TEST_STEP][PASSED] - click(findTestObject("OASIS/Cardiopulmonary/cardio_respiratory_status/cardio_rs_breath_sounds/cardio_rs_abnormalbs/cardio_rs_abs_plueral_up")): Object: 'Object Repository/OASIS/Cardiopulmonary/cardio_respiratory_status/cardio_rs_breath_sounds/cardio_rs_abnormalbs/cardio_rs_abs_plueral_up' is clicked on

2019-04-30 11:32:01 - [MESSAGE][PASSED] - Object: 'Object Repository/OASIS/Cardiopulmonary/cardio_respiratory_status/cardio_rs_breath_sounds/cardio_rs_abnormalbs/cardio_rs_abs_plueral_up' is clicked on

2019-04-30 11:32:01 - [TEST_STEP][PASSED] - click(findTestObject("OASIS/Cardiopulmonary/cardio_respiratory_status/cardio_rs_breath_sounds/cardio_rs_abnormalbs/cardio_rs_abs_plueral_mid")): Object: 'Object Repository/OASIS/Cardiopulmonary/cardio_respiratory_status/cardio_rs_breath_sounds/cardio_rs_abnormalbs/cardio_rs_abs_plueral_mid' is clicked on

2019-04-30 11:32:01 - [MESSAGE][PASSED] - Object: 'Object Repository/OASIS/Cardiopulmonary/cardio_respiratory_status/cardio_rs_breath_sounds/cardio_rs_abnormalbs/cardio_rs_abs_plueral_mid' is clicked on

2019-04-30 11:32:01 - [TEST_STEP][PASSED] - click(findTestObject("OASIS/Cardiopulmonary/cardio_respiratory_status/cardio_rs_breath_sounds/cardio_rs_abnormalbs/cardio_rs_abs_plueral_low")): Object: 'Object Repository/OASIS/Cardiopulmonary/cardio_respiratory_status/cardio_rs_breath_sounds/cardio_rs_abnormalbs/cardio_rs_abs_plueral_low' is clicked on

2019-04-30 11:32:01 - [MESSAGE][PASSED] - Object: 'Object Repository/OASIS/Cardiopulmonary/cardio_respiratory_status/cardio_rs_breath_sounds/cardio_rs_abnormalbs/cardio_rs_abs_plueral_low' is clicked on

2019-04-30 11:32:01 - [TEST_STEP][PASSED] - delay(3): Delayed 3 second(s)

2019-04-30 11:32:04 - [MESSAGE][PASSED] - Delayed 3 second(s)

2019-04-30 11:32:04 - [TEST_STEP][PASSED] - click(findTestObject("OASIS/Cardiopulmonary/cardio_respiratory_status/cardio_rs_breath_sounds/cardio_rs_abnormalp/cardio_rs_ap_rapid")): Object: 'Object Repository/OASIS/Cardiopulmonary/cardio_respiratory_status/cardio_rs_breath_sounds/cardio_rs_abnormalp/cardio_rs_ap_rapid' is clicked on

2019-04-30 11:32:04 - [MESSAGE][PASSED] - Object: 'Object Repository/OASIS/Cardiopulmonary/cardio_respiratory_status/cardio_rs_breath_sounds/cardio_rs_abnormalp/cardio_rs_ap_rapid' is clicked on

2019-04-30 11:32:04 - [TEST_STEP][PASSED] - click(findTestObject("OASIS/Cardiopulmonary/cardio_respiratory_status/cardio_rs_breath_sounds/cardio_rs_abnormalp/cardio_rs_ap_irreg")): Object: 'Object Repository/OASIS/Cardiopulmonary/cardio_respiratory_status/cardio_rs_breath_sounds/cardio_rs_abnormalp/cardio_rs_ap_irreg' is clicked on

2019-04-30 11:32:04 - [MESSAGE][PASSED] - Object: 'Object Repository/OASIS/Cardiopulmonary/cardio_respiratory_status/cardio_rs_breath_sounds/cardio_rs_abnormalp/cardio_rs_ap_irreg' is clicked on

2019-04-30 11:32:04 - [TEST_STEP][PASSED] - click(findTestObject("OASIS/Cardiopulmonary/cardio_respiratory_status/cardio_rs_breath_sounds/cardio_rs_abnormalp/cardio_rs_ap_shallow")): Object: 'Object Repository/OASIS/Cardiopulmonary/cardio_respiratory_status/cardio_rs_breath_sounds/cardio_rs_abnormalp/cardio_rs_ap_shallow' is clicked on

2019-04-30 11:32:04 - [MESSAGE][PASSED] - Object: 'Object Repository/OASIS/Cardiopulmonary/cardio_respiratory_status/cardio_rs_breath_sounds/cardio_rs_abnormalp/cardio_rs_ap_shallow' is clicked on

2019-04-30 11:32:04 - [TEST_STEP][PASSED] - click(findTestObject("OASIS/Cardiopulmonary/cardio_respiratory_status/cardio_rs_breath_sounds/cardio_rs_abnormalp/cardio_rs_ap_apnea")): Object: 'Object Repository/OASIS/Cardiopulmonary/cardio_respiratory_status/cardio_rs_breath_sounds/cardio_rs_abnormalp/cardio_rs_ap_apnea' is clicked on

2019-04-30 11:32:05 - [MESSAGE][PASSED] - Object: 'Object Repository/OASIS/Cardiopulmonary/cardio_respiratory_status/cardio_rs_breath_sounds/cardio_rs_abnormalp/cardio_rs_ap_apnea' is clicked on

2019-04-30 11:32:05 - [TEST_STEP][PASSED] - click(findTestObject("OASIS/Cardiopulmonary/cardio_respiratory_status/cardio_rs_breath_sounds/cardio_rs_abnormalp/cardio_rs_ap_gasping")): Object: 'Object Repository/OASIS/Cardiopulmonary/cardio_respiratory_status/cardio_rs_breath_sounds/cardio_rs_abnormalp/cardio_rs_ap_gasping' is clicked on

2019-04-30 11:32:05 - [MESSAGE][PASSED] - Object: 'Object Repository/OASIS/Cardiopulmonary/cardio_respiratory_status/cardio_rs_breath_sounds/cardio_rs_abnormalp/cardio_rs_ap_gasping' is clicked on

2019-04-30 11:32:05 - [TEST_STEP][PASSED] - click(findTestObject("OASIS/Cardiopulmonary/cardio_respiratory_status/cardio_rs_breath_sounds/cardio_rs_abnormalp/cardio_rs_ap_noisy")): Object: 'Object Repository/OASIS/Cardiopulmonary/cardio_respiratory_status/cardio_rs_breath_sounds/cardio_rs_abnormalp/cardio_rs_ap_noisy' is clicked on

2019-04-30 11:32:05 - [MESSAGE][PASSED] - Object: 'Object Repository/OASIS/Cardiopulmonary/cardio_respiratory_status/cardio_rs_breath_sounds/cardio_rs_abnormalp/cardio_rs_ap_noisy' is clicked on

2019-04-30 11:32:05 - [TEST_STEP][PASSED] - click(findTestObject("OASIS/Cardiopulmonary/cardio_respiratory_status/cardio_rs_breath_sounds/cardio_rs_abnormalp/cardio_rs_ap_orthopnea")): Object: 'Object Repository/OASIS/Cardiopulmonary/cardio_respiratory_status/cardio_rs_breath_sounds/cardio_rs_abnormalp/cardio_rs_ap_orthopnea' is clicked on

2019-04-30 11:32:05 - [MESSAGE][PASSED] - Object: 'Object Repository/OASIS/Cardiopulmonary/cardio_respiratory_status/cardio_rs_breath_sounds/cardio_rs_abnormalp/cardio_rs_ap_orthopnea' is clicked on

2019-04-30 11:32:05 - [TEST_STEP][PASSED] - click(findTestObject("OASIS/Cardiopulmonary/cardio_respiratory_status/cardio_rs_breath_sounds/cardio_rs_abnormalp/cardio_rs_ap_cheyne-stokes")): Object: 'Object Repository/OASIS/Cardiopulmonary/cardio_respiratory_status/cardio_rs_breath_sounds/cardio_rs_abnormalp/cardio_rs_ap_cheyne-stokes' is clicked on

2019-04-30 11:32:05 - [MESSAGE][PASSED] - Object: 'Object Repository/OASIS/Cardiopulmonary/cardio_respiratory_status/cardio_rs_breath_sounds/cardio_rs_abnormalp/cardio_rs_ap_cheyne-stokes' is clicked on

2019-04-30 11:32:05 - [TEST_STEP][PASSED] - click(findTestObject("OASIS/Cardiopulmonary/cardio_respiratory_status/cardio_rs_breath_sounds/cardio_rs_abnormalp/cardio_rs_ap_accessory")): Object: 'Object Repository/OASIS/Cardiopulmonary/cardio_respiratory_status/cardio_rs_breath_sounds/cardio_rs_abnormalp/cardio_rs_ap_accessory' is clicked on

2019-04-30 11:32:05 - [MESSAGE][PASSED] - Object: 'Object Repository/OASIS/Cardiopulmonary/cardio_respiratory_status/cardio_rs_breath_sounds/cardio_rs_abnormalp/cardio_rs_ap_accessory' is clicked on

2019-04-30 11:32:05 - [TEST_STEP][PASSED] - setText(findTestObject("OASIS/Cardiopulmonary/cardio_respiratory_status/cardio_rs_breath_sounds/cardio_rs_abnormalp/cardio_rs_ap_other"), "Sample text"): Text 'Sample text' is set on object 'Object Repository/OASIS/Cardiopulmonary/cardio_respiratory_status/cardio_rs_breath_sounds/cardio_rs_abnormalp/cardio_rs_ap_other'

2019-04-30 11:32:06 - [MESSAGE][PASSED] - Text 'Sample text' is set on object 'Object Repository/OASIS/Cardiopulmonary/cardio_respiratory_status/cardio_rs_breath_sounds/cardio_rs_abnormalp/cardio_rs_ap_other'

2019-04-30 11:32:06 - [TEST_STEP][PASSED] - delay(3): Delayed 3 second(s)

2019-04-30 11:32:09 - [MESSAGE][PASSED] - Delayed 3 second(s)

2019-04-30 11:32:09 - [TEST_STEP][PASSED] - click(findTestObject("OASIS/Cardiopulmonary/cardio_respiratory_status/cardio_rs_cough/cardio_rs_cough_yes")): Object: 'Object Repository/OASIS/Cardiopulmonary/cardio_respiratory_status/cardio_rs_cough/cardio_rs_cough_yes' is clicked on

2019-04-30 11:32:09 - [MESSAGE][PASSED] - Object: 'Object Repository/OASIS/Cardiopulmonary/cardio_respiratory_status/cardio_rs_cough/cardio_rs_cough_yes' is clicked on

2019-04-30 11:32:09 - [TEST_STEP][PASSED] - click(findTestObject("OASIS/Cardiopulmonary/cardio_respiratory_status/cardio_rs_cough/cardio_rs_cough_productive")): Object: 'Object Repository/OASIS/Cardiopulmonary/cardio_respiratory_status/cardio_rs_cough/cardio_rs_cough_productive' is clicked on

2019-04-30 11:32:09 - [MESSAGE][PASSED] - Object: 'Object Repository/OASIS/Cardiopulmonary/cardio_respiratory_status/cardio_rs_cough/cardio_rs_cough_productive' is clicked on

2019-04-30 11:32:09 - [TEST_STEP][PASSED] - click(findTestObject("OASIS/Cardiopulmonary/cardio_respiratory_status/cardio_rs_cough/cardio_rs_sputum_color_white")): Object: 'Object Repository/OASIS/Cardiopulmonary/cardio_respiratory_status/cardio_rs_cough/cardio_rs_sputum_color_white' is clicked on

2019-04-30 11:32:09 - [MESSAGE][PASSED] - Object: 'Object Repository/OASIS/Cardiopulmonary/cardio_respiratory_status/cardio_rs_cough/cardio_rs_sputum_color_white' is clicked on

2019-04-30 11:32:09 - [TEST_STEP][PASSED] - setText(findTestObject("OASIS/Cardiopulmonary/cardio_respiratory_status/cardio_rs_cough/cardio_rs_sputum_color_other"), "Sample text"): Text 'Sample text' is set on object 'Object Repository/OASIS/Cardiopulmonary/cardio_respiratory_status/cardio_rs_cough/cardio_rs_sputum_color_other'

2019-04-30 11:32:10 - [MESSAGE][PASSED] - Text 'Sample text' is set on object 'Object Repository/OASIS/Cardiopulmonary/cardio_respiratory_status/cardio_rs_cough/cardio_rs_sputum_color_other'

2019-04-30 11:32:10 - [TEST_STEP][PASSED] - click(findTestObject("OASIS/Cardiopulmonary/cardio_respiratory_status/cardio_rs_cough/cardio_rs_sputum_charac_thin")): Object: 'Object Repository/OASIS/Cardiopulmonary/cardio_respiratory_status/cardio_rs_cough/cardio_rs_sputum_charac_thin' is clicked on

2019-04-30 11:32:10 - [MESSAGE][PASSED] - Object: 'Object Repository/OASIS/Cardiopulmonary/cardio_respiratory_status/cardio_rs_cough/cardio_rs_sputum_charac_thin' is clicked on

2019-04-30 11:32:10 - [TEST_STEP][PASSED] - click(findTestObject("OASIS/Cardiopulmonary/cardio_respiratory_status/cardio_rs_cough/cardio_rs_sputum_amount_small")): Object: 'Object Repository/OASIS/Cardiopulmonary/cardio_respiratory_status/cardio_rs_cough/cardio_rs_sputum_amount_small' is clicked on

2019-04-30 11:32:10 - [MESSAGE][PASSED] - Object: 'Object Repository/OASIS/Cardiopulmonary/cardio_respiratory_status/cardio_rs_cough/cardio_rs_sputum_amount_small' is clicked on

2019-04-30 11:32:10 - [TEST_STEP][PASSED] - delay(3): Delayed 3 second(s)

2019-04-30 11:32:13 - [MESSAGE][PASSED] - Delayed 3 second(s)

2019-04-30 11:32:13 - [TEST_STEP][PASSED] - click(findTestObject("OASIS/Cardiopulmonary/cardio_respiratory_status/cardio_rs_oxygenuse/cardio_rs_oxu_yes")): Object: 'Object Repository/OASIS/Cardiopulmonary/cardio_respiratory_status/cardio_rs_oxygenuse/cardio_rs_oxu_yes' is clicked on

2019-04-30 11:32:13 - [MESSAGE][PASSED] - Object: 'Object Repository/OASIS/Cardiopulmonary/cardio_respiratory_status/cardio_rs_oxygenuse/cardio_rs_oxu_yes' is clicked on

2019-04-30 11:32:13 - [TEST_STEP][PASSED] - setText(findTestObject("OASIS/Cardiopulmonary/cardio_respiratory_status/cardio_rs_oxygenuse/cardio_rs_oxu_lpm"), "34"): Text '34' is set on object 'Object Repository/OASIS/Cardiopulmonary/cardio_respiratory_status/cardio_rs_oxygenuse/cardio_rs_oxu_lpm'

2019-04-30 11:32:13 - [MESSAGE][PASSED] - Text '34' is set on object 'Object Repository/OASIS/Cardiopulmonary/cardio_respiratory_status/cardio_rs_oxygenuse/cardio_rs_oxu_lpm'

2019-04-30 11:32:13 - [TEST_STEP][PASSED] - click(findTestObject("OASIS/Cardiopulmonary/cardio_respiratory_status/cardio_rs_oxygenuse/cardio_rs_oxu_continous")): Object: 'Object Repository/OASIS/Cardiopulmonary/cardio_respiratory_status/cardio_rs_oxygenuse/cardio_rs_oxu_continous' is clicked on

2019-04-30 11:32:13 - [MESSAGE][PASSED] - Object: 'Object Repository/OASIS/Cardiopulmonary/cardio_respiratory_status/cardio_rs_oxygenuse/cardio_rs_oxu_continous' is clicked on

2019-04-30 11:32:13 - [TEST_STEP][PASSED] - click(findTestObject("OASIS/Cardiopulmonary/cardio_respiratory_status/cardio_rs_oxygenuse/cardio_rs_oxu_source_o2concentrator")): Object: 'Object Repository/OASIS/Cardiopulmonary/cardio_respiratory_status/cardio_rs_oxygenuse/cardio_rs_oxu_source_o2concentrator' is clicked on

2019-04-30 11:32:13 - [MESSAGE][PASSED] - Object: 'Object Repository/OASIS/Cardiopulmonary/cardio_respiratory_status/cardio_rs_oxygenuse/cardio_rs_oxu_source_o2concentrator' is clicked on

2019-04-30 11:32:13 - [TEST_STEP][PASSED] - click(findTestObject("OASIS/Cardiopulmonary/cardio_respiratory_status/cardio_rs_oxygenuse/cardio_rs_oxu_source_o2tank")): Object: 'Object Repository/OASIS/Cardiopulmonary/cardio_respiratory_status/cardio_rs_oxygenuse/cardio_rs_oxu_source_o2tank' is clicked on

2019-04-30 11:32:13 - [MESSAGE][PASSED] - Object: 'Object Repository/OASIS/Cardiopulmonary/cardio_respiratory_status/cardio_rs_oxygenuse/cardio_rs_oxu_source_o2tank' is clicked on

2019-04-30 11:32:13 - [TEST_STEP][PASSED] - click(findTestObject("OASIS/Cardiopulmonary/cardio_respiratory_status/cardio_rs_oxygenuse/cardio_rs_oxu_backup02_yes")): Object: 'Object Repository/OASIS/Cardiopulmonary/cardio_respiratory_status/cardio_rs_oxygenuse/cardio_rs_oxu_backup02_yes' is clicked on

2019-04-30 11:32:14 - [MESSAGE][PASSED] - Object: 'Object Repository/OASIS/Cardiopulmonary/cardio_respiratory_status/cardio_rs_oxygenuse/cardio_rs_oxu_backup02_yes' is clicked on

2019-04-30 11:32:14 - [TEST_STEP][PASSED] - click(findTestObject("OASIS/Cardiopulmonary/cardio_respiratory_status/cardio_rs_oxygenuse/cardio_rs_oxu_o2delivery_nasalcannula")): Object: 'Object Repository/OASIS/Cardiopulmonary/cardio_respiratory_status/cardio_rs_oxygenuse/cardio_rs_oxu_o2delivery_nasalcannula' is clicked on

2019-04-30 11:32:14 - [MESSAGE][PASSED] - Object: 'Object Repository/OASIS/Cardiopulmonary/cardio_respiratory_status/cardio_rs_oxygenuse/cardio_rs_oxu_o2delivery_nasalcannula' is clicked on

2019-04-30 11:32:14 - [TEST_STEP][PASSED] - click(findTestObject("OASIS/Cardiopulmonary/cardio_respiratory_status/cardio_rs_oxygenuse/cardio_rs_oxu_o2delivery_ventilator")): Object: 'Object Repository/OASIS/Cardiopulmonary/cardio_respiratory_status/cardio_rs_oxygenuse/cardio_rs_oxu_o2delivery_ventilator' is clicked on

2019-04-30 11:32:14 - [MESSAGE][PASSED] - Object: 'Object Repository/OASIS/Cardiopulmonary/cardio_respiratory_status/cardio_rs_oxygenuse/cardio_rs_oxu_o2delivery_ventilator' is clicked on

2019-04-30 11:32:14 - [TEST_STEP][PASSED] - click(findTestObject("OASIS/Cardiopulmonary/cardio_respiratory_status/cardio_rs_oxygenuse/cardio_rs_oxu_o2delivery_mask")): Object: 'Object Repository/OASIS/Cardiopulmonary/cardio_respiratory_status/cardio_rs_oxygenuse/cardio_rs_oxu_o2delivery_mask' is clicked on

2019-04-30 11:32:14 - [MESSAGE][PASSED] - Object: 'Object Repository/OASIS/Cardiopulmonary/cardio_respiratory_status/cardio_rs_oxygenuse/cardio_rs_oxu_o2delivery_mask' is clicked on

2019-04-30 11:32:14 - [TEST_STEP][PASSED] - click(findTestObject("OASIS/Cardiopulmonary/cardio_respiratory_status/cardio_rs_oxygenuse/cardio_rs_oxu_o2delivery_cpap")): Object: 'Object Repository/OASIS/Cardiopulmonary/cardio_respiratory_status/cardio_rs_oxygenuse/cardio_rs_oxu_o2delivery_cpap' is clicked on

2019-04-30 11:32:14 - [MESSAGE][PASSED] - Object: 'Object Repository/OASIS/Cardiopulmonary/cardio_respiratory_status/cardio_rs_oxygenuse/cardio_rs_oxu_o2delivery_cpap' is clicked on

2019-04-30 11:32:14 - [TEST_STEP][PASSED] - click(findTestObject("OASIS/Cardiopulmonary/cardio_respiratory_status/cardio_rs_oxygenuse/cardio_rs_oxu_o2delivery_tracheostomy")): Object: 'Object Repository/OASIS/Cardiopulmonary/cardio_respiratory_status/cardio_rs_oxygenuse/cardio_rs_oxu_o2delivery_tracheostomy' is clicked on

2019-04-30 11:32:14 - [MESSAGE][PASSED] - Object: 'Object Repository/OASIS/Cardiopulmonary/cardio_respiratory_status/cardio_rs_oxygenuse/cardio_rs_oxu_o2delivery_tracheostomy' is clicked on

2019-04-30 11:32:14 - [TEST_STEP][PASSED] - click(findTestObject("OASIS/Cardiopulmonary/cardio_respiratory_status/cardio_rs_oxygenuse/cardio_rs_oxu_o2delivery_bipap")): Object: 'Object Repository/OASIS/Cardiopulmonary/cardio_respiratory_status/cardio_rs_oxygenuse/cardio_rs_oxu_o2delivery_bipap' is clicked on

2019-04-30 11:32:14 - [MESSAGE][PASSED] - Object: 'Object Repository/OASIS/Cardiopulmonary/cardio_respiratory_status/cardio_rs_oxygenuse/cardio_rs_oxu_o2delivery_bipap' is clicked on

2019-04-30 11:32:14 - [TEST_STEP][PASSED] - delay(3): Delayed 3 second(s)

2019-04-30 11:32:17 - [MESSAGE][PASSED] - Delayed 3 second(s)

2019-04-30 11:32:17 - [TEST_STEP][PASSED] - click(findTestObject("OASIS/Cardiopulmonary/cardio_respiratory_status/cardio_rs_tracheostomy/cardio_rs_tracheostomy_yes")): Object: 'Object Repository/OASIS/Cardiopulmonary/cardio_respiratory_status/cardio_rs_tracheostomy/cardio_rs_tracheostomy_yes' is clicked on

2019-04-30 11:32:17 - [MESSAGE][PASSED] - Object: 'Object Repository/OASIS/Cardiopulmonary/cardio_respiratory_status/cardio_rs_tracheostomy/cardio_rs_tracheostomy_yes' is clicked on

2019-04-30 11:32:17 - [TEST_STEP][PASSED] - setText(findTestObject("OASIS/Cardiopulmonary/cardio_respiratory_status/cardio_rs_tracheostomy/cardio_rs_tracheo_brandmodel"), "Sample text"): Text 'Sample text' is set on object 'Object Repository/OASIS/Cardiopulmonary/cardio_respiratory_status/cardio_rs_tracheostomy/cardio_rs_tracheo_brandmodel'

2019-04-30 11:32:18 - [MESSAGE][PASSED] - Text 'Sample text' is set on object 'Object Repository/OASIS/Cardiopulmonary/cardio_respiratory_status/cardio_rs_tracheostomy/cardio_rs_tracheo_brandmodel'

2019-04-30 11:32:18 - [TEST_STEP][PASSED] - setText(findTestObject("OASIS/Cardiopulmonary/cardio_respiratory_status/cardio_rs_tracheostomy/cardio_rs_tracheo_size"), "4 Inches"): Text '4 Inches' is set on object 'Object Repository/OASIS/Cardiopulmonary/cardio_respiratory_status/cardio_rs_tracheostomy/cardio_rs_tracheo_size'

2019-04-30 11:32:18 - [MESSAGE][PASSED] - Text '4 Inches' is set on object 'Object Repository/OASIS/Cardiopulmonary/cardio_respiratory_status/cardio_rs_tracheostomy/cardio_rs_tracheo_size'

2019-04-30 11:32:18 - [TEST_STEP][PASSED] - setText(findTestObject("OASIS/Cardiopulmonary/cardio_respiratory_status/cardio_rs_tracheostomy/cardio_rs_tracheo_freqchange"), "2"): Text '2' is set on object 'Object Repository/OASIS/Cardiopulmonary/cardio_respiratory_status/cardio_rs_tracheostomy/cardio_rs_tracheo_freqchange'

2019-04-30 11:32:18 - [MESSAGE][PASSED] - Text '2' is set on object 'Object Repository/OASIS/Cardiopulmonary/cardio_respiratory_status/cardio_rs_tracheostomy/cardio_rs_tracheo_freqchange'

2019-04-30 11:32:18 - [TEST_STEP][PASSED] - setText(findTestObject("OASIS/Cardiopulmonary/cardio_respiratory_status/cardio_rs_tracheostomy/cardio_rs_tracheo_datelastchange"), "4292019"): Text '4292019' is set on object 'Object Repository/OASIS/Cardiopulmonary/cardio_respiratory_status/cardio_rs_tracheostomy/cardio_rs_tracheo_datelastchange'

2019-04-30 11:32:19 - [MESSAGE][PASSED] - Text '4292019' is set on object 'Object Repository/OASIS/Cardiopulmonary/cardio_respiratory_status/cardio_rs_tracheostomy/cardio_rs_tracheo_datelastchange'

2019-04-30 11:32:19 - [TEST_STEP][PASSED] - setText(findTestObject("OASIS/Cardiopulmonary/cardio_respiratory_status/cardio_rs_tracheostomy/cardio_rs_tracheo_innercannula"), "Sample text"): Text 'Sample text' is set on object 'Object Repository/OASIS/Cardiopulmonary/cardio_respiratory_status/cardio_rs_tracheostomy/cardio_rs_tracheo_innercannula'

2019-04-30 11:32:19 - [MESSAGE][PASSED] - Text 'Sample text' is set on object 'Object Repository/OASIS/Cardiopulmonary/cardio_respiratory_status/cardio_rs_tracheostomy/cardio_rs_tracheo_innercannula'

2019-04-30 11:32:19 - [TEST_STEP][PASSED] - delay(3): Delayed 3 second(s)

2019-04-30 11:32:22 - [MESSAGE][PASSED] - Delayed 3 second(s)

2019-04-30 11:32:22 - [TEST_STEP][PASSED] - click(findTestObject("OASIS/Cardiopulmonary/cardio_respiratory_status/cardio_rs_ventilator/cardio_rs_ventilator_yes")): Object: 'Object Repository/OASIS/Cardiopulmonary/cardio_respiratory_status/cardio_rs_ventilator/cardio_rs_ventilator_yes' is clicked on

2019-04-30 11:32:23 - [MESSAGE][PASSED] - Object: 'Object Repository/OASIS/Cardiopulmonary/cardio_respiratory_status/cardio_rs_ventilator/cardio_rs_ventilator_yes' is clicked on

2019-04-30 11:32:23 - [TEST_STEP][PASSED] - setText(findTestObject("OASIS/Cardiopulmonary/cardio_respiratory_status/cardio_rs_ventilator/cardio_rs_ventilator_brand"), "Medical Lung Ventilator 3002x"): Text 'Medical Lung Ventilator 3002x' is set on object 'Object Repository/OASIS/Cardiopulmonary/cardio_respiratory_status/cardio_rs_ventilator/cardio_rs_ventilator_brand'

2019-04-30 11:32:24 - [MESSAGE][PASSED] - Text 'Medical Lung Ventilator 3002x' is set on object 'Object Repository/OASIS/Cardiopulmonary/cardio_respiratory_status/cardio_rs_ventilator/cardio_rs_ventilator_brand'

2019-04-30 11:32:24 - [TEST_STEP][PASSED] - setText(findTestObject("OASIS/Cardiopulmonary/cardio_respiratory_status/cardio_rs_ventilator/cardio_rs_ventilator_ac"), "60"): Text '60' is set on object 'Object Repository/OASIS/Cardiopulmonary/cardio_respiratory_status/cardio_rs_ventilator/cardio_rs_ventilator_ac'

2019-04-30 11:32:24 - [MESSAGE][PASSED] - Text '60' is set on object 'Object Repository/OASIS/Cardiopulmonary/cardio_respiratory_status/cardio_rs_ventilator/cardio_rs_ventilator_ac'

2019-04-30 11:32:24 - [TEST_STEP][PASSED] - setText(findTestObject("OASIS/Cardiopulmonary/cardio_respiratory_status/cardio_rs_ventilator/cardio_rs_ventilator_tv"), "45"): Text '45' is set on object 'Object Repository/OASIS/Cardiopulmonary/cardio_respiratory_status/cardio_rs_ventilator/cardio_rs_ventilator_tv'

2019-04-30 11:32:24 - [MESSAGE][PASSED] - Text '45' is set on object 'Object Repository/OASIS/Cardiopulmonary/cardio_respiratory_status/cardio_rs_ventilator/cardio_rs_ventilator_tv'

2019-04-30 11:32:24 - [TEST_STEP][PASSED] - setText(findTestObject("OASIS/Cardiopulmonary/cardio_respiratory_status/cardio_rs_ventilator/cardio_rs_ventilator_peep"), "30"): Text '30' is set on object 'Object Repository/OASIS/Cardiopulmonary/cardio_respiratory_status/cardio_rs_ventilator/cardio_rs_ventilator_peep'

2019-04-30 11:32:24 - [MESSAGE][PASSED] - Text '30' is set on object 'Object Repository/OASIS/Cardiopulmonary/cardio_respiratory_status/cardio_rs_ventilator/cardio_rs_ventilator_peep'

2019-04-30 11:32:24 - [TEST_STEP][PASSED] - setText(findTestObject("OASIS/Cardiopulmonary/cardio_respiratory_status/cardio_rs_ventilator/cardio_rs_ventilator_fi02"), "12"): Text '12' is set on object 'Object Repository/OASIS/Cardiopulmonary/cardio_respiratory_status/cardio_rs_ventilator/cardio_rs_ventilator_fi02'

2019-04-30 11:32:24 - [MESSAGE][PASSED] - Text '12' is set on object 'Object Repository/OASIS/Cardiopulmonary/cardio_respiratory_status/cardio_rs_ventilator/cardio_rs_ventilator_fi02'

2019-04-30 11:32:24 - [TEST_STEP][PASSED] - setText(findTestObject("OASIS/Cardiopulmonary/cardio_respiratory_status/cardio_rs_ventilator/cardio_rs_ventilator_simv"), "32"): Text '32' is set on object 'Object Repository/OASIS/Cardiopulmonary/cardio_respiratory_status/cardio_rs_ventilator/cardio_rs_ventilator_simv'

2019-04-30 11:32:24 - [MESSAGE][PASSED] - Text '32' is set on object 'Object Repository/OASIS/Cardiopulmonary/cardio_respiratory_status/cardio_rs_ventilator/cardio_rs_ventilator_simv'

2019-04-30 11:32:24 - [TEST_STEP][PASSED] - setText(findTestObject("OASIS/Cardiopulmonary/cardio_respiratory_status/cardio_rs_ventilator/cardio_rs_ventilator_pressurecontrol"), "76"): Text '76' is set on object 'Object Repository/OASIS/Cardiopulmonary/cardio_respiratory_status/cardio_rs_ventilator/cardio_rs_ventilator_pressurecontrol'

2019-04-30 11:32:25 - [MESSAGE][PASSED] - Text '76' is set on object 'Object Repository/OASIS/Cardiopulmonary/cardio_respiratory_status/cardio_rs_ventilator/cardio_rs_ventilator_pressurecontrol'

2019-04-30 11:32:25 - [TEST_STEP][PASSED] - setText(findTestObject("OASIS/Cardiopulmonary/cardio_respiratory_status/cardio_rs_ventilator/cardio_rs_ventilator_prvc"), "23"): Text '23' is set on object 'Object Repository/OASIS/Cardiopulmonary/cardio_respiratory_status/cardio_rs_ventilator/cardio_rs_ventilator_prvc'

2019-04-30 11:32:25 - [MESSAGE][PASSED] - Text '23' is set on object 'Object Repository/OASIS/Cardiopulmonary/cardio_respiratory_status/cardio_rs_ventilator/cardio_rs_ventilator_prvc'

2019-04-30 11:32:25 - [TEST_STEP][PASSED] - delay(3): Delayed 3 second(s)

2019-04-30 11:32:28 - [MESSAGE][PASSED] - Delayed 3 second(s)

2019-04-30 11:32:28 - [TEST_STEP][PASSED] - click(findTestObject("OASIS/Cardiopulmonary/M1400_1")): Object: 'Object Repository/OASIS/Cardiopulmonary/M1400_1' is clicked on

2019-04-30 11:32:28 - [MESSAGE][PASSED] - Object: 'Object Repository/OASIS/Cardiopulmonary/M1400_1' is clicked on

2019-04-30 11:32:28 - [TEST_STEP][PASSED] - delay(3): Delayed 3 second(s)

2019-04-30 11:32:31 - [MESSAGE][PASSED] - Delayed 3 second(s)

2019-04-30 11:32:31 - [TEST_STEP][PASSED] - click(findTestObject("OASIS/Cardiopulmonary/cardio_cardio_status/cardio_ct_heartrythm_regular")): Object: 'Object Repository/OASIS/Cardiopulmonary/cardio_cardio_status/cardio_ct_heartrythm_regular' is clicked on

2019-04-30 11:32:31 - [MESSAGE][PASSED] - Object: 'Object Repository/OASIS/Cardiopulmonary/cardio_cardio_status/cardio_ct_heartrythm_regular' is clicked on

2019-04-30 11:32:31 - [TEST_STEP][PASSED] - click(findTestObject("OASIS/Cardiopulmonary/cardio_cardio_status/cardio_ct_pulsestrong_l")): Object: 'Object Repository/OASIS/Cardiopulmonary/cardio_cardio_status/cardio_ct_pulsestrong_l' is clicked on

2019-04-30 11:32:31 - [MESSAGE][PASSED] - Object: 'Object Repository/OASIS/Cardiopulmonary/cardio_cardio_status/cardio_ct_pulsestrong_l' is clicked on

2019-04-30 11:32:31 - [TEST_STEP][PASSED] - click(findTestObject("OASIS/Cardiopulmonary/cardio_cardio_status/cardio_ct_pulsestrong_r")): Object: 'Object Repository/OASIS/Cardiopulmonary/cardio_cardio_status/cardio_ct_pulsestrong_r' is clicked on

2019-04-30 11:32:31 - [MESSAGE][PASSED] - Object: 'Object Repository/OASIS/Cardiopulmonary/cardio_cardio_status/cardio_ct_pulsestrong_r' is clicked on

2019-04-30 11:32:31 - [TEST_STEP][PASSED] - click(findTestObject("OASIS/Cardiopulmonary/cardio_cardio_status/cardio_ct_pulseweak_l")): Object: 'Object Repository/OASIS/Cardiopulmonary/cardio_cardio_status/cardio_ct_pulseweak_l' is clicked on

2019-04-30 11:32:31 - [MESSAGE][PASSED] - Object: 'Object Repository/OASIS/Cardiopulmonary/cardio_cardio_status/cardio_ct_pulseweak_l' is clicked on

2019-04-30 11:32:31 - [TEST_STEP][PASSED] - click(findTestObject("OASIS/Cardiopulmonary/cardio_cardio_status/cardio_ct_pulseweak_r")): Object: 'Object Repository/OASIS/Cardiopulmonary/cardio_cardio_status/cardio_ct_pulseweak_r' is clicked on

2019-04-30 11:32:32 - [MESSAGE][PASSED] - Object: 'Object Repository/OASIS/Cardiopulmonary/cardio_cardio_status/cardio_ct_pulseweak_r' is clicked on

2019-04-30 11:32:32 - [TEST_STEP][PASSED] - click(findTestObject("OASIS/Cardiopulmonary/cardio_cardio_status/cardio_ct_pulseabsent_l")): Object: 'Object Repository/OASIS/Cardiopulmonary/cardio_cardio_status/cardio_ct_pulseabsent_l' is clicked on

2019-04-30 11:32:32 - [MESSAGE][PASSED] - Object: 'Object Repository/OASIS/Cardiopulmonary/cardio_cardio_status/cardio_ct_pulseabsent_l' is clicked on

2019-04-30 11:32:32 - [TEST_STEP][PASSED] - click(findTestObject("OASIS/Cardiopulmonary/cardio_cardio_status/cardio_ct_pulseabsent_r")): Object: 'Object Repository/OASIS/Cardiopulmonary/cardio_cardio_status/cardio_ct_pulseabsent_r' is clicked on

2019-04-30 11:32:32 - [MESSAGE][PASSED] - Object: 'Object Repository/OASIS/Cardiopulmonary/cardio_cardio_status/cardio_ct_pulseabsent_r' is clicked on

2019-04-30 11:32:32 - [TEST_STEP][PASSED] - click(findTestObject("OASIS/Cardiopulmonary/cardio_cardio_status/cardio_ct_capillary_more3sec")): Object: 'Object Repository/OASIS/Cardiopulmonary/cardio_cardio_status/cardio_ct_capillary_more3sec' is clicked on

2019-04-30 11:32:32 - [MESSAGE][PASSED] - Object: 'Object Repository/OASIS/Cardiopulmonary/cardio_cardio_status/cardio_ct_capillary_more3sec' is clicked on

2019-04-30 11:32:32 - [TEST_STEP][PASSED] - click(findTestObject("OASIS/Cardiopulmonary/cardio_cardio_status/cardio_ct_jvd_no")): Object: 'Object Repository/OASIS/Cardiopulmonary/cardio_cardio_status/cardio_ct_jvd_no' is clicked on

2019-04-30 11:32:32 - [MESSAGE][PASSED] - Object: 'Object Repository/OASIS/Cardiopulmonary/cardio_cardio_status/cardio_ct_jvd_no' is clicked on

2019-04-30 11:32:32 - [TEST_STEP][PASSED] - delay(3): Delayed 3 second(s)

2019-04-30 11:32:35 - [MESSAGE][PASSED] - Delayed 3 second(s)

2019-04-30 11:32:35 - [TEST_STEP][PASSED] - click(findTestObject("OASIS/Cardiopulmonary/cardio_cardio_status/cardio_ct_edema/cardio_ct_edema_yes")): Object: 'Object Repository/OASIS/Cardiopulmonary/cardio_cardio_status/cardio_ct_edema/cardio_ct_edema_yes' is clicked on

2019-04-30 11:32:35 - [MESSAGE][PASSED] - Object: 'Object Repository/OASIS/Cardiopulmonary/cardio_cardio_status/cardio_ct_edema/cardio_ct_edema_yes' is clicked on

2019-04-30 11:32:35 - [TEST_STEP][PASSED] - click(findTestObject("OASIS/Cardiopulmonary/cardio_cardio_status/cardio_ct_edema/cardio_ct_pedal_l_1")): Object: 'Object Repository/OASIS/Cardiopulmonary/cardio_cardio_status/cardio_ct_edema/cardio_ct_pedal_l_1' is clicked on

2019-04-30 11:32:35 - [MESSAGE][PASSED] - Object: 'Object Repository/OASIS/Cardiopulmonary/cardio_cardio_status/cardio_ct_edema/cardio_ct_pedal_l_1' is clicked on

2019-04-30 11:32:35 - [TEST_STEP][PASSED] - click(findTestObject("OASIS/Cardiopulmonary/cardio_cardio_status/cardio_ct_edema/cardio_ct_pedal_r_1")): Object: 'Object Repository/OASIS/Cardiopulmonary/cardio_cardio_status/cardio_ct_edema/cardio_ct_pedal_r_1' is clicked on

2019-04-30 11:32:36 - [MESSAGE][PASSED] - Object: 'Object Repository/OASIS/Cardiopulmonary/cardio_cardio_status/cardio_ct_edema/cardio_ct_pedal_r_1' is clicked on

2019-04-30 11:32:36 - [TEST_STEP][PASSED] - click(findTestObject("OASIS/Cardiopulmonary/cardio_cardio_status/cardio_ct_edema/cardio_ct_leg_l_2")): Object: 'Object Repository/OASIS/Cardiopulmonary/cardio_cardio_status/cardio_ct_edema/cardio_ct_leg_l_2' is clicked on

2019-04-30 11:32:36 - [MESSAGE][PASSED] - Object: 'Object Repository/OASIS/Cardiopulmonary/cardio_cardio_status/cardio_ct_edema/cardio_ct_leg_l_2' is clicked on

2019-04-30 11:32:36 - [TEST_STEP][PASSED] - click(findTestObject("OASIS/Cardiopulmonary/cardio_cardio_status/cardio_ct_edema/cardio_ct_leg_r_2")): Object: 'Object Repository/OASIS/Cardiopulmonary/cardio_cardio_status/cardio_ct_edema/cardio_ct_leg_r_2' is clicked on

2019-04-30 11:32:36 - [MESSAGE][PASSED] - Object: 'Object Repository/OASIS/Cardiopulmonary/cardio_cardio_status/cardio_ct_edema/cardio_ct_leg_r_2' is clicked on

2019-04-30 11:32:36 - [TEST_STEP][PASSED] - click(findTestObject("OASIS/Cardiopulmonary/cardio_cardio_status/cardio_ct_edema/cardio_ct_ankle_l_3")): Object: 'Object Repository/OASIS/Cardiopulmonary/cardio_cardio_status/cardio_ct_edema/cardio_ct_ankle_l_3' is clicked on

2019-04-30 11:32:36 - [MESSAGE][PASSED] - Object: 'Object Repository/OASIS/Cardiopulmonary/cardio_cardio_status/cardio_ct_edema/cardio_ct_ankle_l_3' is clicked on

2019-04-30 11:32:36 - [TEST_STEP][PASSED] - click(findTestObject("OASIS/Cardiopulmonary/cardio_cardio_status/cardio_ct_edema/cardio_ct_ankle_r_3")): Object: 'Object Repository/OASIS/Cardiopulmonary/cardio_cardio_status/cardio_ct_edema/cardio_ct_ankle_r_3' is clicked on

2019-04-30 11:32:36 - [MESSAGE][PASSED] - Object: 'Object Repository/OASIS/Cardiopulmonary/cardio_cardio_status/cardio_ct_edema/cardio_ct_ankle_r_3' is clicked on

2019-04-30 11:32:36 - [TEST_STEP][PASSED] - click(findTestObject("OASIS/Cardiopulmonary/cardio_cardio_status/cardio_ct_edema/cardio_ct_sacral_4")): Object: 'Object Repository/OASIS/Cardiopulmonary/cardio_cardio_status/cardio_ct_edema/cardio_ct_sacral_4' is clicked on

2019-04-30 11:32:36 - [MESSAGE][PASSED] - Object: 'Object Repository/OASIS/Cardiopulmonary/cardio_cardio_status/cardio_ct_edema/cardio_ct_sacral_4' is clicked on

2019-04-30 11:32:36 - [TEST_STEP][PASSED] - click(findTestObject("OASIS/Cardiopulmonary/cardio_cardio_status/cardio_ct_edema/cardio_ct_generalized_4")): Object: 'Object Repository/OASIS/Cardiopulmonary/cardio_cardio_status/cardio_ct_edema/cardio_ct_generalized_4' is clicked on

2019-04-30 11:32:36 - [MESSAGE][PASSED] - Object: 'Object Repository/OASIS/Cardiopulmonary/cardio_cardio_status/cardio_ct_edema/cardio_ct_generalized_4' is clicked on

2019-04-30 11:32:36 - [TEST_STEP][PASSED] - click(findTestObject("OASIS/Cardiopulmonary/cardio_cardio_status/cardio_ct_edema/cardio_ct_weightgain_over2lbs")): Object: 'Object Repository/OASIS/Cardiopulmonary/cardio_cardio_status/cardio_ct_edema/cardio_ct_weightgain_over2lbs' is clicked on

2019-04-30 11:32:37 - [MESSAGE][PASSED] - Object: 'Object Repository/OASIS/Cardiopulmonary/cardio_cardio_status/cardio_ct_edema/cardio_ct_weightgain_over2lbs' is clicked on

2019-04-30 11:32:37 - [TEST_STEP][PASSED] - delay(3): Delayed 3 second(s)

2019-04-30 11:32:40 - [MESSAGE][PASSED] - Delayed 3 second(s)

2019-04-30 11:32:40 - [TEST_STEP][PASSED] - click(findTestObject("OASIS/Cardiopulmonary/cardio_cardio_status/cardio_ct_chestpain/cardio_ct_cp_yes")): Object: 'Object Repository/OASIS/Cardiopulmonary/cardio_cardio_status/cardio_ct_chestpain/cardio_ct_cp_yes' is clicked on

2019-04-30 11:32:40 - [MESSAGE][PASSED] - Object: 'Object Repository/OASIS/Cardiopulmonary/cardio_cardio_status/cardio_ct_chestpain/cardio_ct_cp_yes' is clicked on

2019-04-30 11:32:40 - [TEST_STEP][PASSED] - click(findTestObject("OASIS/Cardiopulmonary/cardio_cardio_status/cardio_ct_chestpain/cardio_ct_cp_angina")): Object: 'Object Repository/OASIS/Cardiopulmonary/cardio_cardio_status/cardio_ct_chestpain/cardio_ct_cp_angina' is clicked on

2019-04-30 11:32:40 - [MESSAGE][PASSED] - Object: 'Object Repository/OASIS/Cardiopulmonary/cardio_cardio_status/cardio_ct_chestpain/cardio_ct_cp_angina' is clicked on

2019-04-30 11:32:40 - [TEST_STEP][PASSED] - click(findTestObject("OASIS/Cardiopulmonary/cardio_cardio_status/cardio_ct_chestpain/cardio_ct_cp_sharp")): Object: 'Object Repository/OASIS/Cardiopulmonary/cardio_cardio_status/cardio_ct_chestpain/cardio_ct_cp_sharp' is clicked on

2019-04-30 11:32:40 - [MESSAGE][PASSED] - Object: 'Object Repository/OASIS/Cardiopulmonary/cardio_cardio_status/cardio_ct_chestpain/cardio_ct_cp_sharp' is clicked on

2019-04-30 11:32:40 - [TEST_STEP][PASSED] - click(findTestObject("OASIS/Cardiopulmonary/cardio_cardio_status/cardio_ct_chestpain/cardio_ct_cp_substernal")): Object: 'Object Repository/OASIS/Cardiopulmonary/cardio_cardio_status/cardio_ct_chestpain/cardio_ct_cp_substernal' is clicked on

2019-04-30 11:32:40 - [MESSAGE][PASSED] - Object: 'Object Repository/OASIS/Cardiopulmonary/cardio_cardio_status/cardio_ct_chestpain/cardio_ct_cp_substernal' is clicked on

2019-04-30 11:32:40 - [TEST_STEP][PASSED] - click(findTestObject("OASIS/Cardiopulmonary/cardio_cardio_status/cardio_ct_chestpain/cardio_ct_cp_stabbing")): Object: 'Object Repository/OASIS/Cardiopulmonary/cardio_cardio_status/cardio_ct_chestpain/cardio_ct_cp_stabbing' is clicked on

2019-04-30 11:32:40 - [MESSAGE][PASSED] - Object: 'Object Repository/OASIS/Cardiopulmonary/cardio_cardio_status/cardio_ct_chestpain/cardio_ct_cp_stabbing' is clicked on

2019-04-30 11:32:40 - [TEST_STEP][PASSED] - click(findTestObject("OASIS/Cardiopulmonary/cardio_cardio_status/cardio_ct_chestpain/cardio_ct_cp_localized")): Object: 'Object Repository/OASIS/Cardiopulmonary/cardio_cardio_status/cardio_ct_chestpain/cardio_ct_cp_localized' is clicked on

2019-04-30 11:32:40 - [MESSAGE][PASSED] - Object: 'Object Repository/OASIS/Cardiopulmonary/cardio_cardio_status/cardio_ct_chestpain/cardio_ct_cp_localized' is clicked on

2019-04-30 11:32:40 - [TEST_STEP][PASSED] - click(findTestObject("OASIS/Cardiopulmonary/cardio_cardio_status/cardio_ct_chestpain/cardio_ct_cp_postural")): Object: 'Object Repository/OASIS/Cardiopulmonary/cardio_cardio_status/cardio_ct_chestpain/cardio_ct_cp_postural' is clicked on

2019-04-30 11:32:41 - [MESSAGE][PASSED] - Object: 'Object Repository/OASIS/Cardiopulmonary/cardio_cardio_status/cardio_ct_chestpain/cardio_ct_cp_postural' is clicked on

2019-04-30 11:32:41 - [TEST_STEP][PASSED] - click(findTestObject("OASIS/Cardiopulmonary/cardio_cardio_status/cardio_ct_chestpain/cardio_ct_cp_dullache")): Object: 'Object Repository/OASIS/Cardiopulmonary/cardio_cardio_status/cardio_ct_chestpain/cardio_ct_cp_dullache' is clicked on

2019-04-30 11:32:41 - [MESSAGE][PASSED] - Object: 'Object Repository/OASIS/Cardiopulmonary/cardio_cardio_status/cardio_ct_chestpain/cardio_ct_cp_dullache' is clicked on

2019-04-30 11:32:41 - [TEST_STEP][PASSED] - click(findTestObject("OASIS/Cardiopulmonary/cardio_cardio_status/cardio_ct_chestpain/cardio_ct_cp_viselike")): Object: 'Object Repository/OASIS/Cardiopulmonary/cardio_cardio_status/cardio_ct_chestpain/cardio_ct_cp_viselike' is clicked on

2019-04-30 11:32:41 - [MESSAGE][PASSED] - Object: 'Object Repository/OASIS/Cardiopulmonary/cardio_cardio_status/cardio_ct_chestpain/cardio_ct_cp_viselike' is clicked on

2019-04-30 11:32:41 - [TEST_STEP][PASSED] - delay(2): Delayed 2 second(s)

2019-04-30 11:32:43 - [MESSAGE][PASSED] - Delayed 2 second(s)

2019-04-30 11:32:43 - [TEST_STEP][PASSED] - click(findTestObject("OASIS/Cardiopulmonary/cardio_cardio_status/cardio_ct_chestpain/cardio_ct_cp_radiatingto_neck_l")): Object: 'Object Repository/OASIS/Cardiopulmonary/cardio_cardio_status/cardio_ct_chestpain/cardio_ct_cp_radiatingto_neck_l' is clicked on

2019-04-30 11:32:43 - [MESSAGE][PASSED] - Object: 'Object Repository/OASIS/Cardiopulmonary/cardio_cardio_status/cardio_ct_chestpain/cardio_ct_cp_radiatingto_neck_l' is clicked on

2019-04-30 11:32:43 - [TEST_STEP][PASSED] - click(findTestObject("OASIS/Cardiopulmonary/cardio_cardio_status/cardio_ct_chestpain/cardio_ct_cp_radiatingto_jaw_l")): Object: 'Object Repository/OASIS/Cardiopulmonary/cardio_cardio_status/cardio_ct_chestpain/cardio_ct_cp_radiatingto_jaw_l' is clicked on

2019-04-30 11:32:43 - [MESSAGE][PASSED] - Object: 'Object Repository/OASIS/Cardiopulmonary/cardio_cardio_status/cardio_ct_chestpain/cardio_ct_cp_radiatingto_jaw_l' is clicked on

2019-04-30 11:32:43 - [TEST_STEP][PASSED] - click(findTestObject("OASIS/Cardiopulmonary/cardio_cardio_status/cardio_ct_chestpain/cardio_ct_cp_radiatingto_shoulder_l")): Object: 'Object Repository/OASIS/Cardiopulmonary/cardio_cardio_status/cardio_ct_chestpain/cardio_ct_cp_radiatingto_shoulder_l' is clicked on

2019-04-30 11:32:43 - [MESSAGE][PASSED] - Object: 'Object Repository/OASIS/Cardiopulmonary/cardio_cardio_status/cardio_ct_chestpain/cardio_ct_cp_radiatingto_shoulder_l' is clicked on

2019-04-30 11:32:43 - [TEST_STEP][PASSED] - click(findTestObject("OASIS/Cardiopulmonary/cardio_cardio_status/cardio_ct_chestpain/cardio_ct_cp_radiatingto_arm_l")): Object: 'Object Repository/OASIS/Cardiopulmonary/cardio_cardio_status/cardio_ct_chestpain/cardio_ct_cp_radiatingto_arm_l' is clicked on

2019-04-30 11:32:43 - [MESSAGE][PASSED] - Object: 'Object Repository/OASIS/Cardiopulmonary/cardio_cardio_status/cardio_ct_chestpain/cardio_ct_cp_radiatingto_arm_l' is clicked on

2019-04-30 11:32:43 - [TEST_STEP][PASSED] - delay(2): Delayed 2 second(s)

2019-04-30 11:32:45 - [MESSAGE][PASSED] - Delayed 2 second(s)

2019-04-30 11:32:45 - [TEST_STEP][PASSED] - click(findTestObject("OASIS/Cardiopulmonary/cardio_cardio_status/cardio_ct_chestpain/cardio_ct_cp_accom_dyspnea")): Object: 'Object Repository/OASIS/Cardiopulmonary/cardio_cardio_status/cardio_ct_chestpain/cardio_ct_cp_accom_dyspnea' is clicked on

2019-04-30 11:32:46 - [MESSAGE][PASSED] - Object: 'Object Repository/OASIS/Cardiopulmonary/cardio_cardio_status/cardio_ct_chestpain/cardio_ct_cp_accom_dyspnea' is clicked on

2019-04-30 11:32:46 - [TEST_STEP][PASSED] - click(findTestObject("OASIS/Cardiopulmonary/cardio_cardio_status/cardio_ct_chestpain/cardio_ct_cp_accom_diaphoresis")): Object: 'Object Repository/OASIS/Cardiopulmonary/cardio_cardio_status/cardio_ct_chestpain/cardio_ct_cp_accom_diaphoresis' is clicked on

2019-04-30 11:32:46 - [MESSAGE][PASSED] - Object: 'Object Repository/OASIS/Cardiopulmonary/cardio_cardio_status/cardio_ct_chestpain/cardio_ct_cp_accom_diaphoresis' is clicked on

2019-04-30 11:32:46 - [TEST_STEP][PASSED] - setText(findTestObject("OASIS/Cardiopulmonary/cardio_cardio_status/cardio_ct_chestpain/cardio_ct_cp_freqpain"), "2x a day"): Text '2x a day' is set on object 'Object Repository/OASIS/Cardiopulmonary/cardio_cardio_status/cardio_ct_chestpain/cardio_ct_cp_freqpain'

2019-04-30 11:32:46 - [MESSAGE][PASSED] - Text '2x a day' is set on object 'Object Repository/OASIS/Cardiopulmonary/cardio_cardio_status/cardio_ct_chestpain/cardio_ct_cp_freqpain'

2019-04-30 11:32:46 - [TEST_STEP][PASSED] - setText(findTestObject("OASIS/Cardiopulmonary/cardio_cardio_status/cardio_ct_chestpain/cardio_ct_cp_durationpain"), "2x a day"): Text '2x a day' is set on object 'Object Repository/OASIS/Cardiopulmonary/cardio_cardio_status/cardio_ct_chestpain/cardio_ct_cp_durationpain'

2019-04-30 11:32:46 - [MESSAGE][PASSED] - Text '2x a day' is set on object 'Object Repository/OASIS/Cardiopulmonary/cardio_cardio_status/cardio_ct_chestpain/cardio_ct_cp_durationpain'

2019-04-30 11:32:46 - [TEST_STEP][PASSED] - setText(findTestObject("OASIS/Cardiopulmonary/cardio_cardio_status/cardio_ct_chestpain/cardio_ct_cp_painintervention"), "2x a day"): Text '2x a day' is set on object 'Object Repository/OASIS/Cardiopulmonary/cardio_cardio_status/cardio_ct_chestpain/cardio_ct_cp_painintervention'

2019-04-30 11:32:47 - [MESSAGE][PASSED] - Text '2x a day' is set on object 'Object Repository/OASIS/Cardiopulmonary/cardio_cardio_status/cardio_ct_chestpain/cardio_ct_cp_painintervention'

2019-04-30 11:32:47 - [TEST_STEP][PASSED] - delay(3): Delayed 3 second(s)

2019-04-30 11:32:50 - [MESSAGE][PASSED] - Delayed 3 second(s)

2019-04-30 11:32:50 - [TEST_STEP][PASSED] - click(findTestObject("OASIS/Cardiopulmonary/cardio_cardio_status/cardio_ct_implantedcardiacdevice/cardio_ct_icd_yes")): Object: 'Object Repository/OASIS/Cardiopulmonary/cardio_cardio_status/cardio_ct_implantedcardiacdevice/cardio_ct_icd_yes' is clicked on

2019-04-30 11:32:50 - [MESSAGE][PASSED] - Object: 'Object Repository/OASIS/Cardiopulmonary/cardio_cardio_status/cardio_ct_implantedcardiacdevice/cardio_ct_icd_yes' is clicked on

2019-04-30 11:32:50 - [TEST_STEP][PASSED] - click(findTestObject("OASIS/Cardiopulmonary/cardio_cardio_status/cardio_ct_implantedcardiacdevice/cardio_ct_icd_pacemaker")): Object: 'Object Repository/OASIS/Cardiopulmonary/cardio_cardio_status/cardio_ct_implantedcardiacdevice/cardio_ct_icd_pacemaker' is clicked on

2019-04-30 11:32:50 - [MESSAGE][PASSED] - Object: 'Object Repository/OASIS/Cardiopulmonary/cardio_cardio_status/cardio_ct_implantedcardiacdevice/cardio_ct_icd_pacemaker' is clicked on

2019-04-30 11:32:50 - [TEST_STEP][PASSED] - setText(findTestObject("OASIS/Cardiopulmonary/cardio_cardio_status/cardio_ct_implantedcardiacdevice/cardio_ct_icd_pacemaker_brand"), "SOGMA 300D"): Text 'SOGMA 300D' is set on object 'Object Repository/OASIS/Cardiopulmonary/cardio_cardio_status/cardio_ct_implantedcardiacdevice/cardio_ct_icd_pacemaker_brand'

2019-04-30 11:32:51 - [MESSAGE][PASSED] - Text 'SOGMA 300D' is set on object 'Object Repository/OASIS/Cardiopulmonary/cardio_cardio_status/cardio_ct_implantedcardiacdevice/cardio_ct_icd_pacemaker_brand'

2019-04-30 11:32:51 - [TEST_STEP][PASSED] - setText(findTestObject("OASIS/Cardiopulmonary/cardio_cardio_status/cardio_ct_implantedcardiacdevice/cardio_ct_icd_pacemaker_dateimplanted"), "January 13"): Text 'January 13' is set on object 'Object Repository/OASIS/Cardiopulmonary/cardio_cardio_status/cardio_ct_implantedcardiacdevice/cardio_ct_icd_pacemaker_dateimplanted'

2019-04-30 11:32:51 - [MESSAGE][PASSED] - Text 'January 13' is set on object 'Object Repository/OASIS/Cardiopulmonary/cardio_cardio_status/cardio_ct_implantedcardiacdevice/cardio_ct_icd_pacemaker_dateimplanted'

2019-04-30 11:32:51 - [TEST_STEP][PASSED] - setText(findTestObject("OASIS/Cardiopulmonary/cardio_cardio_status/cardio_ct_implantedcardiacdevice/cardio_ct_icd_pacemaker_ratesetting"), "60"): Text '60' is set on object 'Object Repository/OASIS/Cardiopulmonary/cardio_cardio_status/cardio_ct_implantedcardiacdevice/cardio_ct_icd_pacemaker_ratesetting'

2019-04-30 11:32:51 - [MESSAGE][PASSED] - Text '60' is set on object 'Object Repository/OASIS/Cardiopulmonary/cardio_cardio_status/cardio_ct_implantedcardiacdevice/cardio_ct_icd_pacemaker_ratesetting'

2019-04-30 11:32:51 - [TEST_STEP][PASSED] - setText(findTestObject("OASIS/Cardiopulmonary/cardio_cardio_status/cardio_ct_implantedcardiacdevice/cardio_ct_icd_pacemaker_datelasttested"), "April 2019"): Text 'April 2019' is set on object 'Object Repository/OASIS/Cardiopulmonary/cardio_cardio_status/cardio_ct_implantedcardiacdevice/cardio_ct_icd_pacemaker_datelasttested'

2019-04-30 11:32:52 - [MESSAGE][PASSED] - Text 'April 2019' is set on object 'Object Repository/OASIS/Cardiopulmonary/cardio_cardio_status/cardio_ct_implantedcardiacdevice/cardio_ct_icd_pacemaker_datelasttested'

2019-04-30 11:32:52 - [TEST_STEP][PASSED] - delay(5): Delayed 5 second(s)

2019-04-30 11:32:57 - [MESSAGE][PASSED] - Delayed 5 second(s)

2019-04-30 11:32:57 - [TEST_STEP][PASSED] - click(findTestObject("OASIS/OASIS_TABS/discardchangesbtn")): Object: 'Object Repository/OASIS/OASIS_TABS/discardchangesbtn' is clicked on

2019-04-30 11:32:57 - [MESSAGE][PASSED] - Object: 'Object Repository/OASIS/OASIS_TABS/discardchangesbtn' is clicked on

2019-04-30 11:32:57 - [TEST_STEP][PASSED] - delay(2): Delayed 2 second(s)

2019-04-30 11:32:59 - [MESSAGE][PASSED] - Delayed 2 second(s)

2019-04-30 11:32:59 - [TEST_STEP][PASSED] - click(findTestObject("OASIS/OASIS_TABS/discardchangesmodalbtn")): Object: 'Object Repository/OASIS/OASIS_TABS/discardchangesmodalbtn' is clicked on

2019-04-30 11:32:59 - [MESSAGE][PASSED] - Object: 'Object Repository/OASIS/OASIS_TABS/discardchangesmodalbtn' is clicked on

2019-04-30 11:32:59 - [TEST_STEP][PASSED] - delay(5): Delayed 5 second(s)

2019-04-30 11:33:04 - [MESSAGE][PASSED] - Delayed 5 second(s)]]></system-out>
         <system-err><![CDATA[]]></system-err>
      </testcase>
      <testcase name="Test Cases/OASIS_SOC/Nutritional" classname="Test Cases/OASIS_SOC/Nutritional" status="PASSED">
         <system-out><![CDATA[2019-04-30 11:33:04 - [TEST_CASE][PASSED] - Test Cases/OASIS_SOC/Nutritional: Test Cases/OASIS_SOC/Nutritional

2019-04-30 11:33:04 - [TEST_STEP][PASSED] - click(findTestObject("OASIS/OASIS_TABS/Nutri_tab")): Object: 'Object Repository/OASIS/OASIS_TABS/Nutri_tab' is clicked on

2019-04-30 11:33:04 - [MESSAGE][PASSED] - Object: 'Object Repository/OASIS/OASIS_TABS/Nutri_tab' is clicked on

2019-04-30 11:33:04 - [TEST_STEP][PASSED] - delay(5): Delayed 5 second(s)

2019-04-30 11:33:09 - [MESSAGE][PASSED] - Delayed 5 second(s)

2019-04-30 11:33:09 - [TEST_STEP][PASSED] - click(findTestObject("OASIS/Nutritional/nutri_health_screen/nutri_nhs_withoutreasons")): Object: 'Object Repository/OASIS/Nutritional/nutri_health_screen/nutri_nhs_withoutreasons' is clicked on

2019-04-30 11:33:10 - [MESSAGE][PASSED] - Object: 'Object Repository/OASIS/Nutritional/nutri_health_screen/nutri_nhs_withoutreasons' is clicked on

2019-04-30 11:33:10 - [TEST_STEP][PASSED] - click(findTestObject("OASIS/Nutritional/nutri_health_screen/nutri_nhs_hasanillness")): Object: 'Object Repository/OASIS/Nutritional/nutri_health_screen/nutri_nhs_hasanillness' is clicked on

2019-04-30 11:33:10 - [MESSAGE][PASSED] - Object: 'Object Repository/OASIS/Nutritional/nutri_health_screen/nutri_nhs_hasanillness' is clicked on

2019-04-30 11:33:10 - [TEST_STEP][PASSED] - click(findTestObject("OASIS/Nutritional/nutri_health_screen/nutri_nhs_hasanopen")): Object: 'Object Repository/OASIS/Nutritional/nutri_health_screen/nutri_nhs_hasanopen' is clicked on

2019-04-30 11:33:10 - [MESSAGE][PASSED] - Object: 'Object Repository/OASIS/Nutritional/nutri_health_screen/nutri_nhs_hasanopen' is clicked on

2019-04-30 11:33:10 - [TEST_STEP][PASSED] - click(findTestObject("OASIS/Nutritional/nutri_health_screen/nutri_nhs_hasanopen_decubitus")): Object: 'Object Repository/OASIS/Nutritional/nutri_health_screen/nutri_nhs_hasanopen_decubitus' is clicked on

2019-04-30 11:33:10 - [MESSAGE][PASSED] - Object: 'Object Repository/OASIS/Nutritional/nutri_health_screen/nutri_nhs_hasanopen_decubitus' is clicked on

2019-04-30 11:33:10 - [TEST_STEP][PASSED] - click(findTestObject("OASIS/Nutritional/nutri_health_screen/nutri_nhs_hasanopen_ulcer")): Object: 'Object Repository/OASIS/Nutritional/nutri_health_screen/nutri_nhs_hasanopen_ulcer' is clicked on

2019-04-30 11:33:10 - [MESSAGE][PASSED] - Object: 'Object Repository/OASIS/Nutritional/nutri_health_screen/nutri_nhs_hasanopen_ulcer' is clicked on

2019-04-30 11:33:10 - [TEST_STEP][PASSED] - click(findTestObject("OASIS/Nutritional/nutri_health_screen/nutri_nhs_hasanopen_burn")): Object: 'Object Repository/OASIS/Nutritional/nutri_health_screen/nutri_nhs_hasanopen_burn' is clicked on

2019-04-30 11:33:10 - [MESSAGE][PASSED] - Object: 'Object Repository/OASIS/Nutritional/nutri_health_screen/nutri_nhs_hasanopen_burn' is clicked on

2019-04-30 11:33:10 - [TEST_STEP][PASSED] - click(findTestObject("OASIS/Nutritional/nutri_health_screen/nutri_nhs_hasanopen_wound")): Object: 'Object Repository/OASIS/Nutritional/nutri_health_screen/nutri_nhs_hasanopen_wound' is clicked on

2019-04-30 11:33:10 - [MESSAGE][PASSED] - Object: 'Object Repository/OASIS/Nutritional/nutri_health_screen/nutri_nhs_hasanopen_wound' is clicked on

2019-04-30 11:33:10 - [TEST_STEP][PASSED] - click(findTestObject("OASIS/Nutritional/nutri_health_screen/nutri_nhs_eatsfewer")): Object: 'Object Repository/OASIS/Nutritional/nutri_health_screen/nutri_nhs_eatsfewer' is clicked on

2019-04-30 11:33:10 - [MESSAGE][PASSED] - Object: 'Object Repository/OASIS/Nutritional/nutri_health_screen/nutri_nhs_eatsfewer' is clicked on

2019-04-30 11:33:10 - [TEST_STEP][PASSED] - click(findTestObject("OASIS/Nutritional/nutri_health_screen/nutri_nhs_hastoothproblem")): Object: 'Object Repository/OASIS/Nutritional/nutri_health_screen/nutri_nhs_hastoothproblem' is clicked on

2019-04-30 11:33:11 - [MESSAGE][PASSED] - Object: 'Object Repository/OASIS/Nutritional/nutri_health_screen/nutri_nhs_hastoothproblem' is clicked on

2019-04-30 11:33:11 - [TEST_STEP][PASSED] - click(findTestObject("OASIS/Nutritional/nutri_health_screen/nutri_nhs_has3ormoredrinksbeer")): Object: 'Object Repository/OASIS/Nutritional/nutri_health_screen/nutri_nhs_has3ormoredrinksbeer' is clicked on

2019-04-30 11:33:11 - [MESSAGE][PASSED] - Object: 'Object Repository/OASIS/Nutritional/nutri_health_screen/nutri_nhs_has3ormoredrinksbeer' is clicked on

2019-04-30 11:33:11 - [TEST_STEP][PASSED] - click(findTestObject("OASIS/Nutritional/nutri_health_screen/nutri_nhs_doesnotalwaysmoney")): Object: 'Object Repository/OASIS/Nutritional/nutri_health_screen/nutri_nhs_doesnotalwaysmoney' is clicked on

2019-04-30 11:33:11 - [MESSAGE][PASSED] - Object: 'Object Repository/OASIS/Nutritional/nutri_health_screen/nutri_nhs_doesnotalwaysmoney' is clicked on

2019-04-30 11:33:11 - [TEST_STEP][PASSED] - click(findTestObject("OASIS/Nutritional/nutri_health_screen/nutri_nhs_eatalone")): Object: 'Object Repository/OASIS/Nutritional/nutri_health_screen/nutri_nhs_eatalone' is clicked on

2019-04-30 11:33:11 - [MESSAGE][PASSED] - Object: 'Object Repository/OASIS/Nutritional/nutri_health_screen/nutri_nhs_eatalone' is clicked on

2019-04-30 11:33:11 - [TEST_STEP][PASSED] - click(findTestObject("OASIS/Nutritional/nutri_health_screen/nutri_nhs_takes3ormoreotc")): Object: 'Object Repository/OASIS/Nutritional/nutri_health_screen/nutri_nhs_takes3ormoreotc' is clicked on

2019-04-30 11:33:11 - [MESSAGE][PASSED] - Object: 'Object Repository/OASIS/Nutritional/nutri_health_screen/nutri_nhs_takes3ormoreotc' is clicked on

2019-04-30 11:33:11 - [TEST_STEP][PASSED] - click(findTestObject("OASIS/Nutritional/nutri_health_screen/nutri_nhs_isnotalwaysphysically")): Object: 'Object Repository/OASIS/Nutritional/nutri_health_screen/nutri_nhs_isnotalwaysphysically' is clicked on

2019-04-30 11:33:11 - [MESSAGE][PASSED] - Object: 'Object Repository/OASIS/Nutritional/nutri_health_screen/nutri_nhs_isnotalwaysphysically' is clicked on

2019-04-30 11:33:11 - [TEST_STEP][PASSED] - click(findTestObject("OASIS/Nutritional/nutri_health_screen/nutri_nhs_frequentlyhasdiarrhea")): Object: 'Object Repository/OASIS/Nutritional/nutri_health_screen/nutri_nhs_frequentlyhasdiarrhea' is clicked on

2019-04-30 11:33:11 - [MESSAGE][PASSED] - Object: 'Object Repository/OASIS/Nutritional/nutri_health_screen/nutri_nhs_frequentlyhasdiarrhea' is clicked on

2019-04-30 11:33:11 - [TEST_STEP][PASSED] - delay(3): Delayed 3 second(s)

2019-04-30 11:33:14 - [MESSAGE][PASSED] - Delayed 3 second(s)

2019-04-30 11:33:14 - [TEST_STEP][PASSED] - click(findTestObject("OASIS/Nutritional/nutri_upperGIstatus/nutri_ugis_abdomen_soft")): Object: 'Object Repository/OASIS/Nutritional/nutri_upperGIstatus/nutri_ugis_abdomen_soft' is clicked on

2019-04-30 11:33:14 - [MESSAGE][PASSED] - Object: 'Object Repository/OASIS/Nutritional/nutri_upperGIstatus/nutri_ugis_abdomen_soft' is clicked on

2019-04-30 11:33:14 - [TEST_STEP][PASSED] - click(findTestObject("OASIS/Nutritional/nutri_upperGIstatus/nutri_ugis_bowelsounds_active")): Object: 'Object Repository/OASIS/Nutritional/nutri_upperGIstatus/nutri_ugis_bowelsounds_active' is clicked on

2019-04-30 11:33:14 - [MESSAGE][PASSED] - Object: 'Object Repository/OASIS/Nutritional/nutri_upperGIstatus/nutri_ugis_bowelsounds_active' is clicked on

2019-04-30 11:33:14 - [TEST_STEP][PASSED] - click(findTestObject("OASIS/Nutritional/nutri_upperGIstatus/nutri_ugis_appetite_good")): Object: 'Object Repository/OASIS/Nutritional/nutri_upperGIstatus/nutri_ugis_appetite_good' is clicked on

2019-04-30 11:33:14 - [MESSAGE][PASSED] - Object: 'Object Repository/OASIS/Nutritional/nutri_upperGIstatus/nutri_ugis_appetite_good' is clicked on

2019-04-30 11:33:14 - [TEST_STEP][PASSED] - delay(3): Delayed 3 second(s)

2019-04-30 11:33:17 - [MESSAGE][PASSED] - Delayed 3 second(s)

2019-04-30 11:33:17 - [TEST_STEP][PASSED] - click(findTestObject("OASIS/Nutritional/nutri_upperGIstatus/nutri_ugis_nausea/nutri_ugis_nausea_yes")): Object: 'Object Repository/OASIS/Nutritional/nutri_upperGIstatus/nutri_ugis_nausea/nutri_ugis_nausea_yes' is clicked on

2019-04-30 11:33:18 - [MESSAGE][PASSED] - Object: 'Object Repository/OASIS/Nutritional/nutri_upperGIstatus/nutri_ugis_nausea/nutri_ugis_nausea_yes' is clicked on

2019-04-30 11:33:18 - [TEST_STEP][PASSED] - click(findTestObject("OASIS/Nutritional/nutri_upperGIstatus/nutri_ugis_nausea/nutri_ugis_nausea_vomiting_projectile")): Object: 'Object Repository/OASIS/Nutritional/nutri_upperGIstatus/nutri_ugis_nausea/nutri_ugis_nausea_vomiting_projectile' is clicked on

2019-04-30 11:33:18 - [MESSAGE][PASSED] - Object: 'Object Repository/OASIS/Nutritional/nutri_upperGIstatus/nutri_ugis_nausea/nutri_ugis_nausea_vomiting_projectile' is clicked on

2019-04-30 11:33:18 - [TEST_STEP][PASSED] - setText(findTestObject("OASIS/Nutritional/nutri_upperGIstatus/nutri_ugis_nausea/nutri_ugis_nausea_frequency"), "Sample text"): Text 'Sample text' is set on object 'Object Repository/OASIS/Nutritional/nutri_upperGIstatus/nutri_ugis_nausea/nutri_ugis_nausea_frequency'

2019-04-30 11:33:18 - [MESSAGE][PASSED] - Text 'Sample text' is set on object 'Object Repository/OASIS/Nutritional/nutri_upperGIstatus/nutri_ugis_nausea/nutri_ugis_nausea_frequency'

2019-04-30 11:33:18 - [TEST_STEP][PASSED] - click(findTestObject("OASIS/Nutritional/nutri_upperGIstatus/nutri_ugis_nausea/nutri_ugis_nausea_vomitusam_small")): Object: 'Object Repository/OASIS/Nutritional/nutri_upperGIstatus/nutri_ugis_nausea/nutri_ugis_nausea_vomitusam_small' is clicked on

2019-04-30 11:33:18 - [MESSAGE][PASSED] - Object: 'Object Repository/OASIS/Nutritional/nutri_upperGIstatus/nutri_ugis_nausea/nutri_ugis_nausea_vomitusam_small' is clicked on

2019-04-30 11:33:18 - [TEST_STEP][PASSED] - click(findTestObject("OASIS/Nutritional/nutri_upperGIstatus/nutri_ugis_nausea/nutri_ugis_nausea_color_coffee")): Object: 'Object Repository/OASIS/Nutritional/nutri_upperGIstatus/nutri_ugis_nausea/nutri_ugis_nausea_color_coffee' is clicked on

2019-04-30 11:33:19 - [MESSAGE][PASSED] - Object: 'Object Repository/OASIS/Nutritional/nutri_upperGIstatus/nutri_ugis_nausea/nutri_ugis_nausea_color_coffee' is clicked on

2019-04-30 11:33:19 - [TEST_STEP][PASSED] - setText(findTestObject("OASIS/Nutritional/nutri_upperGIstatus/nutri_ugis_nausea/nutri_ugis_nausea_color_other"), "Sample text"): Text 'Sample text' is set on object 'Object Repository/OASIS/Nutritional/nutri_upperGIstatus/nutri_ugis_nausea/nutri_ugis_nausea_color_other'

2019-04-30 11:33:19 - [MESSAGE][PASSED] - Text 'Sample text' is set on object 'Object Repository/OASIS/Nutritional/nutri_upperGIstatus/nutri_ugis_nausea/nutri_ugis_nausea_color_other'

2019-04-30 11:33:19 - [TEST_STEP][PASSED] - click(findTestObject("OASIS/Nutritional/nutri_upperGIstatus/nutri_ugis_nausea/nutri_ugis_nausea_othersym_heartburn")): Object: 'Object Repository/OASIS/Nutritional/nutri_upperGIstatus/nutri_ugis_nausea/nutri_ugis_nausea_othersym_heartburn' is clicked on

2019-04-30 11:33:19 - [MESSAGE][PASSED] - Object: 'Object Repository/OASIS/Nutritional/nutri_upperGIstatus/nutri_ugis_nausea/nutri_ugis_nausea_othersym_heartburn' is clicked on

2019-04-30 11:33:19 - [TEST_STEP][PASSED] - click(findTestObject("OASIS/Nutritional/nutri_upperGIstatus/nutri_ugis_nausea/utri_ugis_nausea_othersym_indigestion")): Object: 'Object Repository/OASIS/Nutritional/nutri_upperGIstatus/nutri_ugis_nausea/utri_ugis_nausea_othersym_indigestion' is clicked on

2019-04-30 11:33:19 - [MESSAGE][PASSED] - Object: 'Object Repository/OASIS/Nutritional/nutri_upperGIstatus/nutri_ugis_nausea/utri_ugis_nausea_othersym_indigestion' is clicked on

2019-04-30 11:33:19 - [TEST_STEP][PASSED] - click(findTestObject("OASIS/Nutritional/nutri_upperGIstatus/nutri_ugis_nausea/utri_ugis_nausea_othersym_reflux")): Object: 'Object Repository/OASIS/Nutritional/nutri_upperGIstatus/nutri_ugis_nausea/utri_ugis_nausea_othersym_reflux' is clicked on

2019-04-30 11:33:20 - [MESSAGE][PASSED] - Object: 'Object Repository/OASIS/Nutritional/nutri_upperGIstatus/nutri_ugis_nausea/utri_ugis_nausea_othersym_reflux' is clicked on

2019-04-30 11:33:20 - [TEST_STEP][PASSED] - click(findTestObject("OASIS/Nutritional/nutri_upperGIstatus/nutri_ugis_nausea/utri_ugis_nausea_othersym_flatulence")): Object: 'Object Repository/OASIS/Nutritional/nutri_upperGIstatus/nutri_ugis_nausea/utri_ugis_nausea_othersym_flatulence' is clicked on

2019-04-30 11:33:20 - [MESSAGE][PASSED] - Object: 'Object Repository/OASIS/Nutritional/nutri_upperGIstatus/nutri_ugis_nausea/utri_ugis_nausea_othersym_flatulence' is clicked on

2019-04-30 11:33:20 - [TEST_STEP][PASSED] - setText(findTestObject("OASIS/Nutritional/nutri_upperGIstatus/nutri_ugis_nausea/utri_ugis_nausea_othersym_other"), "Acidity"): Text 'Acidity' is set on object 'Object Repository/OASIS/Nutritional/nutri_upperGIstatus/nutri_ugis_nausea/utri_ugis_nausea_othersym_other'

2019-04-30 11:33:20 - [MESSAGE][PASSED] - Text 'Acidity' is set on object 'Object Repository/OASIS/Nutritional/nutri_upperGIstatus/nutri_ugis_nausea/utri_ugis_nausea_othersym_other'

2019-04-30 11:33:20 - [TEST_STEP][PASSED] - delay(3): Delayed 3 second(s)

2019-04-30 11:33:23 - [MESSAGE][PASSED] - Delayed 3 second(s)

2019-04-30 11:33:23 - [TEST_STEP][PASSED] - click(findTestObject("OASIS/Nutritional/nutri_nutrition/nutri_regulardiet")): Object: 'Object Repository/OASIS/Nutritional/nutri_nutrition/nutri_regulardiet' is clicked on

2019-04-30 11:33:23 - [MESSAGE][PASSED] - Object: 'Object Repository/OASIS/Nutritional/nutri_nutrition/nutri_regulardiet' is clicked on

2019-04-30 11:33:23 - [TEST_STEP][PASSED] - click(findTestObject("OASIS/Nutritional/nutri_nutrition/nutri_1800cal")): Object: 'Object Repository/OASIS/Nutritional/nutri_nutrition/nutri_1800cal' is clicked on

2019-04-30 11:33:23 - [MESSAGE][PASSED] - Object: 'Object Repository/OASIS/Nutritional/nutri_nutrition/nutri_1800cal' is clicked on

2019-04-30 11:33:23 - [TEST_STEP][PASSED] - click(findTestObject("OASIS/Nutritional/nutri_nutrition/nutri_2gmsodium")): Object: 'Object Repository/OASIS/Nutritional/nutri_nutrition/nutri_2gmsodium' is clicked on

2019-04-30 11:33:23 - [MESSAGE][PASSED] - Object: 'Object Repository/OASIS/Nutritional/nutri_nutrition/nutri_2gmsodium' is clicked on

2019-04-30 11:33:23 - [TEST_STEP][PASSED] - click(findTestObject("OASIS/Nutritional/nutri_nutrition/nutri_renaldiet")): Object: 'Object Repository/OASIS/Nutritional/nutri_nutrition/nutri_renaldiet' is clicked on

2019-04-30 11:33:24 - [MESSAGE][PASSED] - Object: 'Object Repository/OASIS/Nutritional/nutri_nutrition/nutri_renaldiet' is clicked on

2019-04-30 11:33:24 - [TEST_STEP][PASSED] - click(findTestObject("OASIS/Nutritional/nutri_nutrition/nutri_fluidrestriction24hrs")): Object: 'Object Repository/OASIS/Nutritional/nutri_nutrition/nutri_fluidrestriction24hrs' is clicked on

2019-04-30 11:33:24 - [MESSAGE][PASSED] - Object: 'Object Repository/OASIS/Nutritional/nutri_nutrition/nutri_fluidrestriction24hrs' is clicked on

2019-04-30 11:33:24 - [TEST_STEP][PASSED] - click(findTestObject("OASIS/Nutritional/nutri_nutrition/nutri_tpnintralipids")): Object: 'Object Repository/OASIS/Nutritional/nutri_nutrition/nutri_tpnintralipids' is clicked on

2019-04-30 11:33:24 - [MESSAGE][PASSED] - Object: 'Object Repository/OASIS/Nutritional/nutri_nutrition/nutri_tpnintralipids' is clicked on

2019-04-30 11:33:24 - [TEST_STEP][PASSED] - click(findTestObject("OASIS/Nutritional/nutri_nutrition/nutri_enteralfeeding")): Object: 'Object Repository/OASIS/Nutritional/nutri_nutrition/nutri_enteralfeeding' is clicked on

2019-04-30 11:33:24 - [MESSAGE][PASSED] - Object: 'Object Repository/OASIS/Nutritional/nutri_nutrition/nutri_enteralfeeding' is clicked on

2019-04-30 11:33:24 - [TEST_STEP][PASSED] - click(findTestObject("OASIS/Nutritional/nutri_nutrition/nutri_othernutrition")): Object: 'Object Repository/OASIS/Nutritional/nutri_nutrition/nutri_othernutrition' is clicked on

2019-04-30 11:33:24 - [MESSAGE][PASSED] - Object: 'Object Repository/OASIS/Nutritional/nutri_nutrition/nutri_othernutrition' is clicked on

2019-04-30 11:33:24 - [TEST_STEP][PASSED] - delay(3): Delayed 3 second(s)

2019-04-30 11:33:27 - [MESSAGE][PASSED] - Delayed 3 second(s)

2019-04-30 11:33:27 - [TEST_STEP][PASSED] - click(findTestObject("OASIS/Nutritional/nutri_nutrition/nutri_other_nutrition/nutri_on_noaddedsalt")): Object: 'Object Repository/OASIS/Nutritional/nutri_nutrition/nutri_other_nutrition/nutri_on_noaddedsalt' is clicked on

2019-04-30 11:33:27 - [MESSAGE][PASSED] - Object: 'Object Repository/OASIS/Nutritional/nutri_nutrition/nutri_other_nutrition/nutri_on_noaddedsalt' is clicked on

2019-04-30 11:33:27 - [TEST_STEP][PASSED] - click(findTestObject("OASIS/Nutritional/nutri_nutrition/nutri_other_nutrition/nutri_on_highprotein")): Object: 'Object Repository/OASIS/Nutritional/nutri_nutrition/nutri_other_nutrition/nutri_on_highprotein' is clicked on

2019-04-30 11:33:27 - [MESSAGE][PASSED] - Object: 'Object Repository/OASIS/Nutritional/nutri_nutrition/nutri_other_nutrition/nutri_on_highprotein' is clicked on

2019-04-30 11:33:27 - [TEST_STEP][PASSED] - click(findTestObject("OASIS/Nutritional/nutri_nutrition/nutri_other_nutrition/nutri_on_lowprotein")): Object: 'Object Repository/OASIS/Nutritional/nutri_nutrition/nutri_other_nutrition/nutri_on_lowprotein' is clicked on

2019-04-30 11:33:27 - [MESSAGE][PASSED] - Object: 'Object Repository/OASIS/Nutritional/nutri_nutrition/nutri_other_nutrition/nutri_on_lowprotein' is clicked on

2019-04-30 11:33:27 - [TEST_STEP][PASSED] - click(findTestObject("OASIS/Nutritional/nutri_nutrition/nutri_other_nutrition/nutri_on_lowfat")): Object: 'Object Repository/OASIS/Nutritional/nutri_nutrition/nutri_other_nutrition/nutri_on_lowfat' is clicked on

2019-04-30 11:33:28 - [MESSAGE][PASSED] - Object: 'Object Repository/OASIS/Nutritional/nutri_nutrition/nutri_other_nutrition/nutri_on_lowfat' is clicked on

2019-04-30 11:33:28 - [TEST_STEP][PASSED] - click(findTestObject("OASIS/Nutritional/nutri_nutrition/nutri_other_nutrition/nutri_on_lowsodium")): Object: 'Object Repository/OASIS/Nutritional/nutri_nutrition/nutri_other_nutrition/nutri_on_lowsodium' is clicked on

2019-04-30 11:33:28 - [MESSAGE][PASSED] - Object: 'Object Repository/OASIS/Nutritional/nutri_nutrition/nutri_other_nutrition/nutri_on_lowsodium' is clicked on

2019-04-30 11:33:28 - [TEST_STEP][PASSED] - click(findTestObject("OASIS/Nutritional/nutri_nutrition/nutri_other_nutrition/nutri_on_lowcholesterol")): Object: 'Object Repository/OASIS/Nutritional/nutri_nutrition/nutri_other_nutrition/nutri_on_lowcholesterol' is clicked on

2019-04-30 11:33:28 - [MESSAGE][PASSED] - Object: 'Object Repository/OASIS/Nutritional/nutri_nutrition/nutri_other_nutrition/nutri_on_lowcholesterol' is clicked on

2019-04-30 11:33:28 - [TEST_STEP][PASSED] - click(findTestObject("OASIS/Nutritional/nutri_nutrition/nutri_other_nutrition/nutri_on_mechanicalsoft")): Object: 'Object Repository/OASIS/Nutritional/nutri_nutrition/nutri_other_nutrition/nutri_on_mechanicalsoft' is clicked on

2019-04-30 11:33:28 - [MESSAGE][PASSED] - Object: 'Object Repository/OASIS/Nutritional/nutri_nutrition/nutri_other_nutrition/nutri_on_mechanicalsoft' is clicked on

2019-04-30 11:33:28 - [TEST_STEP][PASSED] - click(findTestObject("OASIS/Nutritional/nutri_nutrition/nutri_other_nutrition/nutri_on_highfiber")): Object: 'Object Repository/OASIS/Nutritional/nutri_nutrition/nutri_other_nutrition/nutri_on_highfiber' is clicked on

2019-04-30 11:33:28 - [MESSAGE][PASSED] - Object: 'Object Repository/OASIS/Nutritional/nutri_nutrition/nutri_other_nutrition/nutri_on_highfiber' is clicked on

2019-04-30 11:33:28 - [TEST_STEP][PASSED] - click(findTestObject("OASIS/Nutritional/nutri_nutrition/nutri_other_nutrition/nutri_on_coumadindiet")): Object: 'Object Repository/OASIS/Nutritional/nutri_nutrition/nutri_other_nutrition/nutri_on_coumadindiet' is clicked on

2019-04-30 11:33:28 - [MESSAGE][PASSED] - Object: 'Object Repository/OASIS/Nutritional/nutri_nutrition/nutri_other_nutrition/nutri_on_coumadindiet' is clicked on

2019-04-30 11:33:28 - [TEST_STEP][PASSED] - setText(findTestObject("OASIS/Nutritional/nutri_nutrition/nutri_other_nutrition/nutri_on_other"), "Sample text"): Text 'Sample text' is set on object 'Object Repository/OASIS/Nutritional/nutri_nutrition/nutri_other_nutrition/nutri_on_other'

2019-04-30 11:33:29 - [MESSAGE][PASSED] - Text 'Sample text' is set on object 'Object Repository/OASIS/Nutritional/nutri_nutrition/nutri_other_nutrition/nutri_on_other'

2019-04-30 11:33:29 - [TEST_STEP][PASSED] - delay(2): Delayed 2 second(s)

2019-04-30 11:33:31 - [MESSAGE][PASSED] - Delayed 2 second(s)

2019-04-30 11:33:31 - [TEST_STEP][PASSED] - click(findTestObject("OASIS/Nutritional/nutri_enteralnutrition/nutri_en_efvia_gastrostomytube")): Object: 'Object Repository/OASIS/Nutritional/nutri_enteralnutrition/nutri_en_efvia_gastrostomytube' is clicked on

2019-04-30 11:33:31 - [MESSAGE][PASSED] - Object: 'Object Repository/OASIS/Nutritional/nutri_enteralnutrition/nutri_en_efvia_gastrostomytube' is clicked on

2019-04-30 11:33:31 - [TEST_STEP][PASSED] - setText(findTestObject("OASIS/Nutritional/nutri_enteralnutrition/nutri_en_tubeinsertiondate"), "January 2019"): Text 'January 2019' is set on object 'Object Repository/OASIS/Nutritional/nutri_enteralnutrition/nutri_en_tubeinsertiondate'

2019-04-30 11:33:32 - [MESSAGE][PASSED] - Text 'January 2019' is set on object 'Object Repository/OASIS/Nutritional/nutri_enteralnutrition/nutri_en_tubeinsertiondate'

2019-04-30 11:33:32 - [TEST_STEP][PASSED] - delay(3): Delayed 3 second(s)

2019-04-30 11:33:35 - [MESSAGE][PASSED] - Delayed 3 second(s)

2019-04-30 11:33:35 - [TEST_STEP][PASSED] - setText(findTestObject("OASIS/Nutritional/nutri_enteralnutrition/nutri_en_efrequirements/nutri_en_efreqs_formula"), "Peptide Formulas"): Text 'Peptide Formulas' is set on object 'Object Repository/OASIS/Nutritional/nutri_enteralnutrition/nutri_en_efrequirements/nutri_en_efreqs_formula'

2019-04-30 11:33:36 - [MESSAGE][PASSED] - Text 'Peptide Formulas' is set on object 'Object Repository/OASIS/Nutritional/nutri_enteralnutrition/nutri_en_efrequirements/nutri_en_efreqs_formula'

2019-04-30 11:33:36 - [TEST_STEP][PASSED] - setText(findTestObject("OASIS/Nutritional/nutri_enteralnutrition/nutri_en_efrequirements/nutri_en_efreqs_f_amountperday"), "2ml"): Text '2ml' is set on object 'Object Repository/OASIS/Nutritional/nutri_enteralnutrition/nutri_en_efrequirements/nutri_en_efreqs_f_amountperday'

2019-04-30 11:33:36 - [MESSAGE][PASSED] - Text '2ml' is set on object 'Object Repository/OASIS/Nutritional/nutri_enteralnutrition/nutri_en_efrequirements/nutri_en_efreqs_f_amountperday'

2019-04-30 11:33:36 - [TEST_STEP][PASSED] - setText(findTestObject("OASIS/Nutritional/nutri_enteralnutrition/nutri_en_efrequirements/nutri_en_efreqs_liquidsupp"), "Supplemental Formulas"): Text 'Supplemental Formulas' is set on object 'Object Repository/OASIS/Nutritional/nutri_enteralnutrition/nutri_en_efrequirements/nutri_en_efreqs_liquidsupp'

2019-04-30 11:33:37 - [MESSAGE][PASSED] - Text 'Supplemental Formulas' is set on object 'Object Repository/OASIS/Nutritional/nutri_enteralnutrition/nutri_en_efrequirements/nutri_en_efreqs_liquidsupp'

2019-04-30 11:33:37 - [TEST_STEP][PASSED] - setText(findTestObject("OASIS/Nutritional/nutri_enteralnutrition/nutri_en_efrequirements/nutri_en_efreqs_ls_amountperday"), "3 litres"): Text '3 litres' is set on object 'Object Repository/OASIS/Nutritional/nutri_enteralnutrition/nutri_en_efrequirements/nutri_en_efreqs_ls_amountperday'

2019-04-30 11:33:37 - [MESSAGE][PASSED] - Text '3 litres' is set on object 'Object Repository/OASIS/Nutritional/nutri_enteralnutrition/nutri_en_efrequirements/nutri_en_efreqs_ls_amountperday'

2019-04-30 11:33:37 - [TEST_STEP][PASSED] - click(findTestObject("OASIS/Nutritional/nutri_enteralnutrition/nutri_en_efrequirements/nutri_en_efreqs_deliverymode_feedingpump"), STOP_ON_FAILURE): Object: 'Object Repository/OASIS/Nutritional/nutri_enteralnutrition/nutri_en_efrequirements/nutri_en_efreqs_deliverymode_feedingpump' is clicked on

2019-04-30 11:33:37 - [MESSAGE][PASSED] - Object: 'Object Repository/OASIS/Nutritional/nutri_enteralnutrition/nutri_en_efrequirements/nutri_en_efreqs_deliverymode_feedingpump' is clicked on

2019-04-30 11:33:37 - [TEST_STEP][PASSED] - click(findTestObject("OASIS/Nutritional/nutri_enteralnutrition/nutri_en_efrequirements/nutri_en_efreqs_deliverysystem_opensystem"), STOP_ON_FAILURE): Object: 'Object Repository/OASIS/Nutritional/nutri_enteralnutrition/nutri_en_efrequirements/nutri_en_efreqs_deliverysystem_opensystem' is clicked on

2019-04-30 11:33:37 - [MESSAGE][PASSED] - Object: 'Object Repository/OASIS/Nutritional/nutri_enteralnutrition/nutri_en_efrequirements/nutri_en_efreqs_deliverysystem_opensystem' is clicked on

2019-04-30 11:33:37 - [TEST_STEP][PASSED] - setText(findTestObject("OASIS/Nutritional/nutri_enteralnutrition/nutri_en_efrequirements/nutri_en_efreqs_feedingpump_ml"), "3"): Text '3' is set on object 'Object Repository/OASIS/Nutritional/nutri_enteralnutrition/nutri_en_efrequirements/nutri_en_efreqs_feedingpump_ml'

2019-04-30 11:33:38 - [MESSAGE][PASSED] - Text '3' is set on object 'Object Repository/OASIS/Nutritional/nutri_enteralnutrition/nutri_en_efrequirements/nutri_en_efreqs_feedingpump_ml'

2019-04-30 11:33:38 - [TEST_STEP][PASSED] - setText(findTestObject("OASIS/Nutritional/nutri_enteralnutrition/nutri_en_efrequirements/nutri_en_efreqs_feedingpump_hours"), "48"): Text '48' is set on object 'Object Repository/OASIS/Nutritional/nutri_enteralnutrition/nutri_en_efrequirements/nutri_en_efreqs_feedingpump_hours'

2019-04-30 11:33:38 - [MESSAGE][PASSED] - Text '48' is set on object 'Object Repository/OASIS/Nutritional/nutri_enteralnutrition/nutri_en_efrequirements/nutri_en_efreqs_feedingpump_hours'

2019-04-30 11:33:38 - [TEST_STEP][PASSED] - click(findTestObject("OASIS/Nutritional/nutri_enteralnutrition/nutri_en_efrequirements/nutri_en_efreqs_patientnpo_yes"), STOP_ON_FAILURE): Object: 'Object Repository/OASIS/Nutritional/nutri_enteralnutrition/nutri_en_efrequirements/nutri_en_efreqs_patientnpo_yes' is clicked on

2019-04-30 11:33:38 - [MESSAGE][PASSED] - Object: 'Object Repository/OASIS/Nutritional/nutri_enteralnutrition/nutri_en_efrequirements/nutri_en_efreqs_patientnpo_yes' is clicked on

2019-04-30 11:33:38 - [TEST_STEP][PASSED] - setText(findTestObject("OASIS/Nutritional/nutri_enteralnutrition/nutri_en_efrequirements/nutri_en_efreqs_patientnpo_tf"), "Sample text"): Text 'Sample text' is set on object 'Object Repository/OASIS/Nutritional/nutri_enteralnutrition/nutri_en_efrequirements/nutri_en_efreqs_patientnpo_tf'

2019-04-30 11:33:39 - [MESSAGE][PASSED] - Text 'Sample text' is set on object 'Object Repository/OASIS/Nutritional/nutri_enteralnutrition/nutri_en_efrequirements/nutri_en_efreqs_patientnpo_tf'

2019-04-30 11:33:39 - [TEST_STEP][PASSED] - click(findTestObject("OASIS/Nutritional/nutri_enteralnutrition/nutri_en_efrequirements/nutri_en_efreqs_patienttoleratingfeeding_yes"), STOP_ON_FAILURE): Object: 'Object Repository/OASIS/Nutritional/nutri_enteralnutrition/nutri_en_efrequirements/nutri_en_efreqs_patienttoleratingfeeding_yes' is clicked on

2019-04-30 11:33:39 - [MESSAGE][PASSED] - Object: 'Object Repository/OASIS/Nutritional/nutri_enteralnutrition/nutri_en_efrequirements/nutri_en_efreqs_patienttoleratingfeeding_yes' is clicked on

2019-04-30 11:33:39 - [TEST_STEP][PASSED] - setText(findTestObject("OASIS/Nutritional/nutri_enteralnutrition/nutri_en_efrequirements/nutri_en_efreqs_patienttoleratingfeeding_tf"), "Sample text"): Text 'Sample text' is set on object 'Object Repository/OASIS/Nutritional/nutri_enteralnutrition/nutri_en_efrequirements/nutri_en_efreqs_patienttoleratingfeeding_tf'

2019-04-30 11:33:39 - [MESSAGE][PASSED] - Text 'Sample text' is set on object 'Object Repository/OASIS/Nutritional/nutri_enteralnutrition/nutri_en_efrequirements/nutri_en_efreqs_patienttoleratingfeeding_tf'

2019-04-30 11:33:39 - [TEST_STEP][PASSED] - setText(findTestObject("OASIS/Nutritional/nutri_enteralnutrition/nutri_en_efrequirements/nutri_en_efreqs_gastric_amountml"), "2"): Text '2' is set on object 'Object Repository/OASIS/Nutritional/nutri_enteralnutrition/nutri_en_efrequirements/nutri_en_efreqs_gastric_amountml'

2019-04-30 11:33:39 - [MESSAGE][PASSED] - Text '2' is set on object 'Object Repository/OASIS/Nutritional/nutri_enteralnutrition/nutri_en_efrequirements/nutri_en_efreqs_gastric_amountml'

2019-04-30 11:33:39 - [TEST_STEP][PASSED] - setText(findTestObject("OASIS/Nutritional/nutri_enteralnutrition/nutri_en_efrequirements/nutri_en_efreqs_gastric_hours"), "4"): Text '4' is set on object 'Object Repository/OASIS/Nutritional/nutri_enteralnutrition/nutri_en_efrequirements/nutri_en_efreqs_gastric_hours'

2019-04-30 11:33:40 - [MESSAGE][PASSED] - Text '4' is set on object 'Object Repository/OASIS/Nutritional/nutri_enteralnutrition/nutri_en_efrequirements/nutri_en_efreqs_gastric_hours'

2019-04-30 11:33:40 - [TEST_STEP][PASSED] - setText(findTestObject("OASIS/Nutritional/nutri_enteralnutrition/nutri_en_efrequirements/nutri_en_efreqs_gastric_overml"), "1"): Text '1' is set on object 'Object Repository/OASIS/Nutritional/nutri_enteralnutrition/nutri_en_efrequirements/nutri_en_efreqs_gastric_overml'

2019-04-30 11:33:40 - [MESSAGE][PASSED] - Text '1' is set on object 'Object Repository/OASIS/Nutritional/nutri_enteralnutrition/nutri_en_efrequirements/nutri_en_efreqs_gastric_overml'

2019-04-30 11:33:40 - [TEST_STEP][PASSED] - click(findTestObject("OASIS/Nutritional/nutri_enteralnutrition/nutri_en_efrequirements/nutri_en_efreqs_problemsostomysite_yes"), STOP_ON_FAILURE): Object: 'Object Repository/OASIS/Nutritional/nutri_enteralnutrition/nutri_en_efrequirements/nutri_en_efreqs_problemsostomysite_yes' is clicked on

2019-04-30 11:33:40 - [MESSAGE][PASSED] - Object: 'Object Repository/OASIS/Nutritional/nutri_enteralnutrition/nutri_en_efrequirements/nutri_en_efreqs_problemsostomysite_yes' is clicked on

2019-04-30 11:33:40 - [TEST_STEP][PASSED] - setText(findTestObject("OASIS/Nutritional/nutri_enteralnutrition/nutri_en_efrequirements/nutri_en_efreqs_problemsostomysite_tf"), "Sample text"): Text 'Sample text' is set on object 'Object Repository/OASIS/Nutritional/nutri_enteralnutrition/nutri_en_efrequirements/nutri_en_efreqs_problemsostomysite_tf'

2019-04-30 11:33:41 - [MESSAGE][PASSED] - Text 'Sample text' is set on object 'Object Repository/OASIS/Nutritional/nutri_enteralnutrition/nutri_en_efrequirements/nutri_en_efreqs_problemsostomysite_tf'

2019-04-30 11:33:41 - [TEST_STEP][PASSED] - click(findTestObject("OASIS/Nutritional/nutri_enteralnutrition/nutri_en_efrequirements/nutri_en_efreqs_paininostomysite_yes"), STOP_ON_FAILURE): Object: 'Object Repository/OASIS/Nutritional/nutri_enteralnutrition/nutri_en_efrequirements/nutri_en_efreqs_paininostomysite_yes' is clicked on

2019-04-30 11:33:41 - [MESSAGE][PASSED] - Object: 'Object Repository/OASIS/Nutritional/nutri_enteralnutrition/nutri_en_efrequirements/nutri_en_efreqs_paininostomysite_yes' is clicked on

2019-04-30 11:33:41 - [TEST_STEP][PASSED] - setText(findTestObject("OASIS/Nutritional/nutri_enteralnutrition/nutri_en_efrequirements/nutri_en_efreqs_paininostomysite_tf"), "Sample text"): Text 'Sample text' is set on object 'Object Repository/OASIS/Nutritional/nutri_enteralnutrition/nutri_en_efrequirements/nutri_en_efreqs_paininostomysite_tf'

2019-04-30 11:33:41 - [MESSAGE][PASSED] - Text 'Sample text' is set on object 'Object Repository/OASIS/Nutritional/nutri_enteralnutrition/nutri_en_efrequirements/nutri_en_efreqs_paininostomysite_tf'

2019-04-30 11:33:41 - [TEST_STEP][PASSED] - click(findTestObject("OASIS/Nutritional/nutri_enteralnutrition/nutri_en_efrequirements/nutri_en_efreqs_leakage_yes"), STOP_ON_FAILURE): Object: 'Object Repository/OASIS/Nutritional/nutri_enteralnutrition/nutri_en_efrequirements/nutri_en_efreqs_leakage_yes' is clicked on

2019-04-30 11:33:41 - [MESSAGE][PASSED] - Object: 'Object Repository/OASIS/Nutritional/nutri_enteralnutrition/nutri_en_efrequirements/nutri_en_efreqs_leakage_yes' is clicked on

2019-04-30 11:33:41 - [TEST_STEP][PASSED] - setText(findTestObject("OASIS/Nutritional/nutri_enteralnutrition/nutri_en_efrequirements/nutri_en_efreqs_leakage_tf"), "Sample text"): Text 'Sample text' is set on object 'Object Repository/OASIS/Nutritional/nutri_enteralnutrition/nutri_en_efrequirements/nutri_en_efreqs_leakage_tf'

2019-04-30 11:33:42 - [MESSAGE][PASSED] - Text 'Sample text' is set on object 'Object Repository/OASIS/Nutritional/nutri_enteralnutrition/nutri_en_efrequirements/nutri_en_efreqs_leakage_tf'

2019-04-30 11:33:42 - [TEST_STEP][PASSED] - click(findTestObject("OASIS/Nutritional/nutri_enteralnutrition/nutri_en_efrequirements/nutri_en_efreqs_feedingostomycare_caregiver"), STOP_ON_FAILURE): Object: 'Object Repository/OASIS/Nutritional/nutri_enteralnutrition/nutri_en_efrequirements/nutri_en_efreqs_feedingostomycare_caregiver' is clicked on

2019-04-30 11:33:42 - [MESSAGE][PASSED] - Object: 'Object Repository/OASIS/Nutritional/nutri_enteralnutrition/nutri_en_efrequirements/nutri_en_efreqs_feedingostomycare_caregiver' is clicked on

2019-04-30 11:33:42 - [TEST_STEP][PASSED] - click(findTestObject("OASIS/Nutritional/nutri_enteralnutrition/nutri_en_efrequirements/nutri_en_efreqs_mdnotified_yes"), STOP_ON_FAILURE): Object: 'Object Repository/OASIS/Nutritional/nutri_enteralnutrition/nutri_en_efrequirements/nutri_en_efreqs_mdnotified_yes' is clicked on

2019-04-30 11:33:42 - [MESSAGE][PASSED] - Object: 'Object Repository/OASIS/Nutritional/nutri_enteralnutrition/nutri_en_efrequirements/nutri_en_efreqs_mdnotified_yes' is clicked on

2019-04-30 11:33:42 - [TEST_STEP][PASSED] - delay(5): Delayed 5 second(s)

2019-04-30 11:33:47 - [MESSAGE][PASSED] - Delayed 5 second(s)

2019-04-30 11:33:47 - [TEST_STEP][PASSED] - click(findTestObject("OASIS/OASIS_TABS/discardchangesbtn")): Object: 'Object Repository/OASIS/OASIS_TABS/discardchangesbtn' is clicked on

2019-04-30 11:33:47 - [MESSAGE][PASSED] - Object: 'Object Repository/OASIS/OASIS_TABS/discardchangesbtn' is clicked on

2019-04-30 11:33:47 - [TEST_STEP][PASSED] - delay(2): Delayed 2 second(s)

2019-04-30 11:33:49 - [MESSAGE][PASSED] - Delayed 2 second(s)

2019-04-30 11:33:49 - [TEST_STEP][PASSED] - click(findTestObject("OASIS/OASIS_TABS/discardchangesmodalbtn")): Object: 'Object Repository/OASIS/OASIS_TABS/discardchangesmodalbtn' is clicked on

2019-04-30 11:33:49 - [MESSAGE][PASSED] - Object: 'Object Repository/OASIS/OASIS_TABS/discardchangesmodalbtn' is clicked on

2019-04-30 11:33:49 - [TEST_STEP][PASSED] - delay(5): Delayed 5 second(s)

2019-04-30 11:33:54 - [MESSAGE][PASSED] - Delayed 5 second(s)]]></system-out>
         <system-err><![CDATA[]]></system-err>
      </testcase>
      <testcase name="Test Cases/OASIS_SOC/Elimination" classname="Test Cases/OASIS_SOC/Elimination" status="PASSED">
         <system-out><![CDATA[2019-04-30 11:33:54 - [TEST_CASE][PASSED] - Test Cases/OASIS_SOC/Elimination: Test Cases/OASIS_SOC/Elimination

2019-04-30 11:33:55 - [TEST_STEP][PASSED] - click(findTestObject("OASIS/OASIS_TABS/Elimination_tab")): Object: 'Object Repository/OASIS/OASIS_TABS/Elimination_tab' is clicked on

2019-04-30 11:33:55 - [MESSAGE][PASSED] - Object: 'Object Repository/OASIS/OASIS_TABS/Elimination_tab' is clicked on

2019-04-30 11:33:55 - [TEST_STEP][PASSED] - delay(1): Delayed 1 second(s)

2019-04-30 11:33:56 - [MESSAGE][PASSED] - Delayed 1 second(s)

2019-04-30 11:33:56 - [TEST_STEP][PASSED] - click(findTestObject("OASIS/Elimination/genitourinary_status/elim_abnormal_status_incontinence")): Object: 'Object Repository/OASIS/Elimination/genitourinary_status/elim_abnormal_status_incontinence' is clicked on

2019-04-30 11:33:57 - [MESSAGE][PASSED] - Object: 'Object Repository/OASIS/Elimination/genitourinary_status/elim_abnormal_status_incontinence' is clicked on

2019-04-30 11:33:57 - [TEST_STEP][PASSED] - click(findTestObject("OASIS/Elimination/genitourinary_status/elim_abnormal_status_stress_incontinence")): Object: 'Object Repository/OASIS/Elimination/genitourinary_status/elim_abnormal_status_stress_incontinence' is clicked on

2019-04-30 11:33:57 - [MESSAGE][PASSED] - Object: 'Object Repository/OASIS/Elimination/genitourinary_status/elim_abnormal_status_stress_incontinence' is clicked on

2019-04-30 11:33:57 - [TEST_STEP][PASSED] - click(findTestObject("OASIS/Elimination/genitourinary_status/elim_abnormal_status_urgency")): Object: 'Object Repository/OASIS/Elimination/genitourinary_status/elim_abnormal_status_urgency' is clicked on

2019-04-30 11:33:57 - [MESSAGE][PASSED] - Object: 'Object Repository/OASIS/Elimination/genitourinary_status/elim_abnormal_status_urgency' is clicked on

2019-04-30 11:33:57 - [TEST_STEP][PASSED] - click(findTestObject("OASIS/Elimination/genitourinary_status/elim_abnormal_status_frequency")): Object: 'Object Repository/OASIS/Elimination/genitourinary_status/elim_abnormal_status_frequency' is clicked on

2019-04-30 11:33:58 - [MESSAGE][PASSED] - Object: 'Object Repository/OASIS/Elimination/genitourinary_status/elim_abnormal_status_frequency' is clicked on

2019-04-30 11:33:58 - [TEST_STEP][PASSED] - click(findTestObject("OASIS/Elimination/genitourinary_status/elim_abnormal_status_dysuria")): Object: 'Object Repository/OASIS/Elimination/genitourinary_status/elim_abnormal_status_dysuria' is clicked on

2019-04-30 11:33:58 - [MESSAGE][PASSED] - Object: 'Object Repository/OASIS/Elimination/genitourinary_status/elim_abnormal_status_dysuria' is clicked on

2019-04-30 11:33:58 - [TEST_STEP][PASSED] - click(findTestObject("OASIS/Elimination/genitourinary_status/elim_abnormal_status_retention")): Object: 'Object Repository/OASIS/Elimination/genitourinary_status/elim_abnormal_status_retention' is clicked on

2019-04-30 11:33:58 - [MESSAGE][PASSED] - Object: 'Object Repository/OASIS/Elimination/genitourinary_status/elim_abnormal_status_retention' is clicked on

2019-04-30 11:33:58 - [TEST_STEP][PASSED] - click(findTestObject("OASIS/Elimination/genitourinary_status/elim_abnormal_status_polyuria")): Object: 'Object Repository/OASIS/Elimination/genitourinary_status/elim_abnormal_status_polyuria' is clicked on

2019-04-30 11:33:58 - [MESSAGE][PASSED] - Object: 'Object Repository/OASIS/Elimination/genitourinary_status/elim_abnormal_status_polyuria' is clicked on

2019-04-30 11:33:58 - [TEST_STEP][PASSED] - click(findTestObject("OASIS/Elimination/genitourinary_status/elim_abnormal_status_nocturia")): Object: 'Object Repository/OASIS/Elimination/genitourinary_status/elim_abnormal_status_nocturia' is clicked on

2019-04-30 11:33:58 - [MESSAGE][PASSED] - Object: 'Object Repository/OASIS/Elimination/genitourinary_status/elim_abnormal_status_nocturia' is clicked on

2019-04-30 11:33:58 - [TEST_STEP][PASSED] - click(findTestObject("OASIS/Elimination/genitourinary_status/elim_abnormal_status_oliguria")): Object: 'Object Repository/OASIS/Elimination/genitourinary_status/elim_abnormal_status_oliguria' is clicked on

2019-04-30 11:33:58 - [MESSAGE][PASSED] - Object: 'Object Repository/OASIS/Elimination/genitourinary_status/elim_abnormal_status_oliguria' is clicked on

2019-04-30 11:33:58 - [TEST_STEP][PASSED] - click(findTestObject("OASIS/Elimination/genitourinary_status/elim_abnormal_status_hematuria")): Object: 'Object Repository/OASIS/Elimination/genitourinary_status/elim_abnormal_status_hematuria' is clicked on

2019-04-30 11:33:58 - [MESSAGE][PASSED] - Object: 'Object Repository/OASIS/Elimination/genitourinary_status/elim_abnormal_status_hematuria' is clicked on

2019-04-30 11:33:58 - [TEST_STEP][PASSED] - setText(findTestObject("OASIS/Elimination/genitourinary_status/elim_abnormal_status_other"), "Xenoderma Pigmentosium"): Text 'Xenoderma Pigmentosium' is set on object 'Object Repository/OASIS/Elimination/genitourinary_status/elim_abnormal_status_other'

2019-04-30 11:34:00 - [MESSAGE][PASSED] - Text 'Xenoderma Pigmentosium' is set on object 'Object Repository/OASIS/Elimination/genitourinary_status/elim_abnormal_status_other'

2019-04-30 11:34:00 - [TEST_STEP][PASSED] - delay(1): Delayed 1 second(s)

2019-04-30 11:34:01 - [MESSAGE][PASSED] - Delayed 1 second(s)

2019-04-30 11:34:01 - [TEST_STEP][PASSED] - click(findTestObject("OASIS/Elimination/genitourinary_status/elim_urine_color_yellow")): Object: 'Object Repository/OASIS/Elimination/genitourinary_status/elim_urine_color_yellow' is clicked on

2019-04-30 11:34:01 - [MESSAGE][PASSED] - Object: 'Object Repository/OASIS/Elimination/genitourinary_status/elim_urine_color_yellow' is clicked on

2019-04-30 11:34:01 - [TEST_STEP][PASSED] - delay(1): Delayed 1 second(s)

2019-04-30 11:34:02 - [MESSAGE][PASSED] - Delayed 1 second(s)

2019-04-30 11:34:02 - [TEST_STEP][PASSED] - setText(findTestObject("OASIS/Elimination/genitourinary_status/elim_urine_color_other"), "Reddish Yellow"): Text 'Reddish Yellow' is set on object 'Object Repository/OASIS/Elimination/genitourinary_status/elim_urine_color_other'

2019-04-30 11:34:03 - [MESSAGE][PASSED] - Text 'Reddish Yellow' is set on object 'Object Repository/OASIS/Elimination/genitourinary_status/elim_urine_color_other'

2019-04-30 11:34:03 - [TEST_STEP][PASSED] - delay(1): Delayed 1 second(s)

2019-04-30 11:34:04 - [MESSAGE][PASSED] - Delayed 1 second(s)

2019-04-30 11:34:04 - [TEST_STEP][PASSED] - click(findTestObject("OASIS/Elimination/genitourinary_status/elim_urine_clarity_clear")): Object: 'Object Repository/OASIS/Elimination/genitourinary_status/elim_urine_clarity_clear' is clicked on

2019-04-30 11:34:04 - [MESSAGE][PASSED] - Object: 'Object Repository/OASIS/Elimination/genitourinary_status/elim_urine_clarity_clear' is clicked on

2019-04-30 11:34:04 - [TEST_STEP][PASSED] - delay(1): Delayed 1 second(s)

2019-04-30 11:34:05 - [MESSAGE][PASSED] - Delayed 1 second(s)

2019-04-30 11:34:05 - [TEST_STEP][PASSED] - click(findTestObject("OASIS/Elimination/genitourinary_status/elim_urine_odor_yes")): Object: 'Object Repository/OASIS/Elimination/genitourinary_status/elim_urine_odor_yes' is clicked on

2019-04-30 11:34:05 - [MESSAGE][PASSED] - Object: 'Object Repository/OASIS/Elimination/genitourinary_status/elim_urine_odor_yes' is clicked on

2019-04-30 11:34:05 - [TEST_STEP][PASSED] - delay(1): Delayed 1 second(s)

2019-04-30 11:34:06 - [MESSAGE][PASSED] - Delayed 1 second(s)

2019-04-30 11:34:06 - [TEST_STEP][PASSED] - setText(findTestObject("OASIS/Elimination/genitourinary_status/elim_urine_odor_yes_textfield"), "Foul"): Text 'Foul' is set on object 'Object Repository/OASIS/Elimination/genitourinary_status/elim_urine_odor_yes_textfield'

2019-04-30 11:34:07 - [MESSAGE][PASSED] - Text 'Foul' is set on object 'Object Repository/OASIS/Elimination/genitourinary_status/elim_urine_odor_yes_textfield'

2019-04-30 11:34:07 - [TEST_STEP][PASSED] - delay(1): Delayed 1 second(s)

2019-04-30 11:34:08 - [MESSAGE][PASSED] - Delayed 1 second(s)

2019-04-30 11:34:08 - [TEST_STEP][PASSED] - click(findTestObject("OASIS/Elimination/genitourinary_status/elim_spx_hemo")): Object: 'Object Repository/OASIS/Elimination/genitourinary_status/elim_spx_hemo' is clicked on

2019-04-30 11:34:08 - [MESSAGE][PASSED] - Object: 'Object Repository/OASIS/Elimination/genitourinary_status/elim_spx_hemo' is clicked on

2019-04-30 11:34:08 - [TEST_STEP][PASSED] - delay(1): Delayed 1 second(s)

2019-04-30 11:34:09 - [MESSAGE][PASSED] - Delayed 1 second(s)

2019-04-30 11:34:09 - [TEST_STEP][PASSED] - click(findTestObject("OASIS/Elimination/genitourinary_status/elim_spx_hemodialysis/elim_hemodialysis_avshunt_ra")): Object: 'Object Repository/OASIS/Elimination/genitourinary_status/elim_spx_hemodialysis/elim_hemodialysis_avshunt_ra' is clicked on

2019-04-30 11:34:09 - [MESSAGE][PASSED] - Object: 'Object Repository/OASIS/Elimination/genitourinary_status/elim_spx_hemodialysis/elim_hemodialysis_avshunt_ra' is clicked on

2019-04-30 11:34:09 - [TEST_STEP][PASSED] - delay(1): Delayed 1 second(s)

2019-04-30 11:34:10 - [MESSAGE][PASSED] - Delayed 1 second(s)

2019-04-30 11:34:10 - [TEST_STEP][PASSED] - setText(findTestObject("OASIS/Elimination/genitourinary_status/elim_spx_hemodialysis/elim_hemodialysis_other"), "RA/LA"): Text 'RA/LA' is set on object 'Object Repository/OASIS/Elimination/genitourinary_status/elim_spx_hemodialysis/elim_hemodialysis_other'

2019-04-30 11:34:10 - [MESSAGE][PASSED] - Text 'RA/LA' is set on object 'Object Repository/OASIS/Elimination/genitourinary_status/elim_spx_hemodialysis/elim_hemodialysis_other'

2019-04-30 11:34:10 - [TEST_STEP][PASSED] - delay(1): Delayed 1 second(s)

2019-04-30 11:34:11 - [MESSAGE][PASSED] - Delayed 1 second(s)

2019-04-30 11:34:11 - [TEST_STEP][PASSED] - click(findTestObject("OASIS/Elimination/genitourinary_status/elim_spx_hemodialysis/elim_hemodialysis_thrill_yes")): Object: 'Object Repository/OASIS/Elimination/genitourinary_status/elim_spx_hemodialysis/elim_hemodialysis_thrill_yes' is clicked on

2019-04-30 11:34:12 - [MESSAGE][PASSED] - Object: 'Object Repository/OASIS/Elimination/genitourinary_status/elim_spx_hemodialysis/elim_hemodialysis_thrill_yes' is clicked on

2019-04-30 11:34:12 - [TEST_STEP][PASSED] - delay(1): Delayed 1 second(s)

2019-04-30 11:34:13 - [MESSAGE][PASSED] - Delayed 1 second(s)

2019-04-30 11:34:13 - [TEST_STEP][PASSED] - click(findTestObject("OASIS/Elimination/genitourinary_status/elim_spx_hemodialysis/elim_hemodialysis_bruit_yes")): Object: 'Object Repository/OASIS/Elimination/genitourinary_status/elim_spx_hemodialysis/elim_hemodialysis_bruit_yes' is clicked on

2019-04-30 11:34:13 - [MESSAGE][PASSED] - Object: 'Object Repository/OASIS/Elimination/genitourinary_status/elim_spx_hemodialysis/elim_hemodialysis_bruit_yes' is clicked on

2019-04-30 11:34:13 - [TEST_STEP][PASSED] - delay(1): Delayed 1 second(s)

2019-04-30 11:34:14 - [MESSAGE][PASSED] - Delayed 1 second(s)

2019-04-30 11:34:14 - [TEST_STEP][PASSED] - setText(findTestObject("OASIS/Elimination/genitourinary_status/elim_spx_hemodialysis/elim_hemodialysis_avshunt_care"), "Sample Text"): Text 'Sample Text' is set on object 'Object Repository/OASIS/Elimination/genitourinary_status/elim_spx_hemodialysis/elim_hemodialysis_avshunt_care'

2019-04-30 11:34:15 - [MESSAGE][PASSED] - Text 'Sample Text' is set on object 'Object Repository/OASIS/Elimination/genitourinary_status/elim_spx_hemodialysis/elim_hemodialysis_avshunt_care'

2019-04-30 11:34:15 - [TEST_STEP][PASSED] - delay(1): Delayed 1 second(s)

2019-04-30 11:34:16 - [MESSAGE][PASSED] - Delayed 1 second(s)

2019-04-30 11:34:16 - [TEST_STEP][PASSED] - click(findTestObject("OASIS/Elimination/genitourinary_status/elim_spx_hemodialysis/elim_hemodialysis_dsched_mon")): Object: 'Object Repository/OASIS/Elimination/genitourinary_status/elim_spx_hemodialysis/elim_hemodialysis_dsched_mon' is clicked on

2019-04-30 11:34:16 - [MESSAGE][PASSED] - Object: 'Object Repository/OASIS/Elimination/genitourinary_status/elim_spx_hemodialysis/elim_hemodialysis_dsched_mon' is clicked on

2019-04-30 11:34:16 - [TEST_STEP][PASSED] - click(findTestObject("OASIS/Elimination/genitourinary_status/elim_spx_hemodialysis/elim_hemodialysis_dsched_tue")): Object: 'Object Repository/OASIS/Elimination/genitourinary_status/elim_spx_hemodialysis/elim_hemodialysis_dsched_tue' is clicked on

2019-04-30 11:34:16 - [MESSAGE][PASSED] - Object: 'Object Repository/OASIS/Elimination/genitourinary_status/elim_spx_hemodialysis/elim_hemodialysis_dsched_tue' is clicked on

2019-04-30 11:34:16 - [TEST_STEP][PASSED] - click(findTestObject("OASIS/Elimination/genitourinary_status/elim_spx_hemodialysis/elim_hemodialysis_dsched_wed")): Object: 'Object Repository/OASIS/Elimination/genitourinary_status/elim_spx_hemodialysis/elim_hemodialysis_dsched_wed' is clicked on

2019-04-30 11:34:16 - [MESSAGE][PASSED] - Object: 'Object Repository/OASIS/Elimination/genitourinary_status/elim_spx_hemodialysis/elim_hemodialysis_dsched_wed' is clicked on

2019-04-30 11:34:16 - [TEST_STEP][PASSED] - click(findTestObject("OASIS/Elimination/genitourinary_status/elim_spx_hemodialysis/elim_hemodialysis_dsched_thu")): Object: 'Object Repository/OASIS/Elimination/genitourinary_status/elim_spx_hemodialysis/elim_hemodialysis_dsched_thu' is clicked on

2019-04-30 11:34:16 - [MESSAGE][PASSED] - Object: 'Object Repository/OASIS/Elimination/genitourinary_status/elim_spx_hemodialysis/elim_hemodialysis_dsched_thu' is clicked on

2019-04-30 11:34:16 - [TEST_STEP][PASSED] - click(findTestObject("OASIS/Elimination/genitourinary_status/elim_spx_hemodialysis/elim_hemodialysis_dsched_fri")): Object: 'Object Repository/OASIS/Elimination/genitourinary_status/elim_spx_hemodialysis/elim_hemodialysis_dsched_fri' is clicked on

2019-04-30 11:34:16 - [MESSAGE][PASSED] - Object: 'Object Repository/OASIS/Elimination/genitourinary_status/elim_spx_hemodialysis/elim_hemodialysis_dsched_fri' is clicked on

2019-04-30 11:34:16 - [TEST_STEP][PASSED] - click(findTestObject("OASIS/Elimination/genitourinary_status/elim_spx_hemodialysis/elim_hemodialysis_dsched_sat")): Object: 'Object Repository/OASIS/Elimination/genitourinary_status/elim_spx_hemodialysis/elim_hemodialysis_dsched_sat' is clicked on

2019-04-30 11:34:16 - [MESSAGE][PASSED] - Object: 'Object Repository/OASIS/Elimination/genitourinary_status/elim_spx_hemodialysis/elim_hemodialysis_dsched_sat' is clicked on

2019-04-30 11:34:16 - [TEST_STEP][PASSED] - click(findTestObject("OASIS/Elimination/genitourinary_status/elim_spx_hemodialysis/elim_hemodialysis_dsched_sun")): Object: 'Object Repository/OASIS/Elimination/genitourinary_status/elim_spx_hemodialysis/elim_hemodialysis_dsched_sun' is clicked on

2019-04-30 11:34:17 - [MESSAGE][PASSED] - Object: 'Object Repository/OASIS/Elimination/genitourinary_status/elim_spx_hemodialysis/elim_hemodialysis_dsched_sun' is clicked on

2019-04-30 11:34:17 - [TEST_STEP][PASSED] - delay(1): Delayed 1 second(s)

2019-04-30 11:34:18 - [MESSAGE][PASSED] - Delayed 1 second(s)

2019-04-30 11:34:18 - [TEST_STEP][PASSED] - setText(findTestObject("OASIS/Elimination/genitourinary_status/elim_spx_hemodialysis/elim_hemodialysis_dcenter"), "InterMed Dialysis Center"): Text 'InterMed Dialysis Center' is set on object 'Object Repository/OASIS/Elimination/genitourinary_status/elim_spx_hemodialysis/elim_hemodialysis_dcenter'

2019-04-30 11:34:19 - [MESSAGE][PASSED] - Text 'InterMed Dialysis Center' is set on object 'Object Repository/OASIS/Elimination/genitourinary_status/elim_spx_hemodialysis/elim_hemodialysis_dcenter'

2019-04-30 11:34:19 - [TEST_STEP][PASSED] - delay(1): Delayed 1 second(s)

2019-04-30 11:34:20 - [MESSAGE][PASSED] - Delayed 1 second(s)

2019-04-30 11:34:20 - [TEST_STEP][PASSED] - setText(findTestObject("OASIS/Elimination/genitourinary_status/elim_spx_hemodialysis/elim_hemodialysis_phone"), "0452327655"): Text '0452327655' is set on object 'Object Repository/OASIS/Elimination/genitourinary_status/elim_spx_hemodialysis/elim_hemodialysis_phone'

2019-04-30 11:34:21 - [MESSAGE][PASSED] - Text '0452327655' is set on object 'Object Repository/OASIS/Elimination/genitourinary_status/elim_spx_hemodialysis/elim_hemodialysis_phone'

2019-04-30 11:34:21 - [TEST_STEP][PASSED] - delay(1): Delayed 1 second(s)

2019-04-30 11:34:22 - [MESSAGE][PASSED] - Delayed 1 second(s)

2019-04-30 11:34:22 - [TEST_STEP][PASSED] - click(findTestObject("OASIS/Elimination/elim_M1600_0")): Object: 'Object Repository/OASIS/Elimination/elim_M1600_0' is clicked on

2019-04-30 11:34:22 - [MESSAGE][PASSED] - Object: 'Object Repository/OASIS/Elimination/elim_M1600_0' is clicked on

2019-04-30 11:34:22 - [TEST_STEP][PASSED] - delay(1): Delayed 1 second(s)

2019-04-30 11:34:23 - [MESSAGE][PASSED] - Delayed 1 second(s)

2019-04-30 11:34:23 - [TEST_STEP][PASSED] - click(findTestObject("OASIS/Elimination/elim_M1610_0")): Object: 'Object Repository/OASIS/Elimination/elim_M1610_0' is clicked on

2019-04-30 11:34:23 - [MESSAGE][PASSED] - Object: 'Object Repository/OASIS/Elimination/elim_M1610_0' is clicked on

2019-04-30 11:34:23 - [TEST_STEP][PASSED] - delay(1): Delayed 1 second(s)

2019-04-30 11:34:24 - [MESSAGE][PASSED] - Delayed 1 second(s)

2019-04-30 11:34:24 - [TEST_STEP][PASSED] - click(findTestObject("OASIS/Elimination/lower_GI_status/elim_bowel_constipation")): Object: 'Object Repository/OASIS/Elimination/lower_GI_status/elim_bowel_constipation' is clicked on

2019-04-30 11:34:24 - [MESSAGE][PASSED] - Object: 'Object Repository/OASIS/Elimination/lower_GI_status/elim_bowel_constipation' is clicked on

2019-04-30 11:34:24 - [TEST_STEP][PASSED] - delay(1): Delayed 1 second(s)

2019-04-30 11:34:25 - [MESSAGE][PASSED] - Delayed 1 second(s)

2019-04-30 11:34:25 - [TEST_STEP][PASSED] - click(findTestObject("OASIS/Elimination/lower_GI_status/elim_bowel_constipation_chronic")): Object: 'Object Repository/OASIS/Elimination/lower_GI_status/elim_bowel_constipation_chronic' is clicked on

2019-04-30 11:34:26 - [MESSAGE][PASSED] - Object: 'Object Repository/OASIS/Elimination/lower_GI_status/elim_bowel_constipation_chronic' is clicked on

2019-04-30 11:34:26 - [TEST_STEP][PASSED] - delay(1): Delayed 1 second(s)

2019-04-30 11:34:27 - [MESSAGE][PASSED] - Delayed 1 second(s)

2019-04-30 11:34:27 - [TEST_STEP][PASSED] - click(findTestObject("OASIS/Elimination/lower_GI_status/elim_stool_charac_soft")): Object: 'Object Repository/OASIS/Elimination/lower_GI_status/elim_stool_charac_soft' is clicked on

2019-04-30 11:34:27 - [MESSAGE][PASSED] - Object: 'Object Repository/OASIS/Elimination/lower_GI_status/elim_stool_charac_soft' is clicked on

2019-04-30 11:34:27 - [TEST_STEP][PASSED] - delay(1): Delayed 1 second(s)

2019-04-30 11:34:28 - [MESSAGE][PASSED] - Delayed 1 second(s)

2019-04-30 11:34:28 - [TEST_STEP][PASSED] - click(findTestObject("OASIS/Elimination/lower_GI_status/elim_stool_color_grey")): Object: 'Object Repository/OASIS/Elimination/lower_GI_status/elim_stool_color_grey' is clicked on

2019-04-30 11:34:28 - [MESSAGE][PASSED] - Object: 'Object Repository/OASIS/Elimination/lower_GI_status/elim_stool_color_grey' is clicked on

2019-04-30 11:34:28 - [TEST_STEP][PASSED] - delay(1): Delayed 1 second(s)

2019-04-30 11:34:29 - [MESSAGE][PASSED] - Delayed 1 second(s)

2019-04-30 11:34:29 - [TEST_STEP][PASSED] - setText(findTestObject("OASIS/Elimination/lower_GI_status/elim_stool_color_other"), "Blackish Red"): Text 'Blackish Red' is set on object 'Object Repository/OASIS/Elimination/lower_GI_status/elim_stool_color_other'

2019-04-30 11:34:30 - [MESSAGE][PASSED] - Text 'Blackish Red' is set on object 'Object Repository/OASIS/Elimination/lower_GI_status/elim_stool_color_other'

2019-04-30 11:34:30 - [TEST_STEP][PASSED] - delay(1): Delayed 1 second(s)

2019-04-30 11:34:31 - [MESSAGE][PASSED] - Delayed 1 second(s)

2019-04-30 11:34:31 - [TEST_STEP][PASSED] - click(findTestObject("OASIS/Elimination/lower_GI_status/elim_stool_softener_effective")): Object: 'Object Repository/OASIS/Elimination/lower_GI_status/elim_stool_softener_effective' is clicked on

2019-04-30 11:34:31 - [MESSAGE][PASSED] - Object: 'Object Repository/OASIS/Elimination/lower_GI_status/elim_stool_softener_effective' is clicked on

2019-04-30 11:34:31 - [TEST_STEP][PASSED] - delay(1): Delayed 1 second(s)

2019-04-30 11:34:32 - [MESSAGE][PASSED] - Delayed 1 second(s)

2019-04-30 11:34:32 - [TEST_STEP][PASSED] - click(findTestObject("OASIS/Elimination/lower_GI_status/elim_laxative_daily")): Object: 'Object Repository/OASIS/Elimination/lower_GI_status/elim_laxative_daily' is clicked on

2019-04-30 11:34:32 - [MESSAGE][PASSED] - Object: 'Object Repository/OASIS/Elimination/lower_GI_status/elim_laxative_daily' is clicked on

2019-04-30 11:34:32 - [TEST_STEP][PASSED] - delay(1): Delayed 1 second(s)

2019-04-30 11:34:33 - [MESSAGE][PASSED] - Delayed 1 second(s)

2019-04-30 11:34:33 - [TEST_STEP][PASSED] - click(findTestObject("OASIS/Elimination/elim_M1620_1")): Object: 'Object Repository/OASIS/Elimination/elim_M1620_1' is clicked on

2019-04-30 11:34:33 - [MESSAGE][PASSED] - Object: 'Object Repository/OASIS/Elimination/elim_M1620_1' is clicked on

2019-04-30 11:34:33 - [TEST_STEP][PASSED] - delay(1): Delayed 1 second(s)

2019-04-30 11:34:34 - [MESSAGE][PASSED] - Delayed 1 second(s)

2019-04-30 11:34:34 - [TEST_STEP][PASSED] - click(findTestObject("OASIS/Elimination/elim_M1630_1")): Object: 'Object Repository/OASIS/Elimination/elim_M1630_1' is clicked on

2019-04-30 11:34:34 - [MESSAGE][PASSED] - Object: 'Object Repository/OASIS/Elimination/elim_M1630_1' is clicked on

2019-04-30 11:34:34 - [TEST_STEP][PASSED] - delay(5): Delayed 5 second(s)

2019-04-30 11:34:39 - [MESSAGE][PASSED] - Delayed 5 second(s)

2019-04-30 11:34:39 - [TEST_STEP][PASSED] - click(findTestObject("OASIS/OASIS_TABS/discardchangesbtn")): Object: 'Object Repository/OASIS/OASIS_TABS/discardchangesbtn' is clicked on

2019-04-30 11:34:39 - [MESSAGE][PASSED] - Object: 'Object Repository/OASIS/OASIS_TABS/discardchangesbtn' is clicked on

2019-04-30 11:34:39 - [TEST_STEP][PASSED] - delay(2): Delayed 2 second(s)

2019-04-30 11:34:41 - [MESSAGE][PASSED] - Delayed 2 second(s)

2019-04-30 11:34:41 - [TEST_STEP][PASSED] - click(findTestObject("OASIS/OASIS_TABS/discardchangesmodalbtn")): Object: 'Object Repository/OASIS/OASIS_TABS/discardchangesmodalbtn' is clicked on

2019-04-30 11:34:42 - [MESSAGE][PASSED] - Object: 'Object Repository/OASIS/OASIS_TABS/discardchangesmodalbtn' is clicked on

2019-04-30 11:34:42 - [TEST_STEP][PASSED] - delay(5): Delayed 5 second(s)

2019-04-30 11:34:47 - [MESSAGE][PASSED] - Delayed 5 second(s)]]></system-out>
         <system-err><![CDATA[]]></system-err>
      </testcase>
      <testcase name="Test Cases/OASIS_SOC/Neurological" classname="Test Cases/OASIS_SOC/Neurological" status="PASSED">
         <system-out><![CDATA[2019-04-30 11:34:47 - [TEST_CASE][PASSED] - Test Cases/OASIS_SOC/Neurological: Test Cases/OASIS_SOC/Neurological

2019-04-30 11:34:47 - [TEST_STEP][PASSED] - click(findTestObject("OASIS/OASIS_TABS/Neuro_tab")): Object: 'Object Repository/OASIS/OASIS_TABS/Neuro_tab' is clicked on

2019-04-30 11:34:47 - [MESSAGE][PASSED] - Object: 'Object Repository/OASIS/OASIS_TABS/Neuro_tab' is clicked on

2019-04-30 11:34:47 - [TEST_STEP][PASSED] - delay(5): Delayed 5 second(s)

2019-04-30 11:34:52 - [MESSAGE][PASSED] - Delayed 5 second(s)

2019-04-30 11:34:52 - [TEST_STEP][PASSED] - click(findTestObject("OASIS/Neurological/neurological_status/neuro_pupils_perrla")): Object: 'Object Repository/OASIS/Neurological/neurological_status/neuro_pupils_perrla' is clicked on

2019-04-30 11:34:52 - [MESSAGE][PASSED] - Object: 'Object Repository/OASIS/Neurological/neurological_status/neuro_pupils_perrla' is clicked on

2019-04-30 11:34:52 - [TEST_STEP][PASSED] - delay(1): Delayed 1 second(s)

2019-04-30 11:34:53 - [MESSAGE][PASSED] - Delayed 1 second(s)

2019-04-30 11:34:53 - [TEST_STEP][PASSED] - click(findTestObject("OASIS/Neurological/neurological_status/neuro_non-reactive_l")): Object: 'Object Repository/OASIS/Neurological/neurological_status/neuro_non-reactive_l' is clicked on

2019-04-30 11:34:53 - [MESSAGE][PASSED] - Object: 'Object Repository/OASIS/Neurological/neurological_status/neuro_non-reactive_l' is clicked on

2019-04-30 11:34:53 - [TEST_STEP][PASSED] - click(findTestObject("OASIS/Neurological/neurological_status/neuro_non-reactive_r")): Object: 'Object Repository/OASIS/Neurological/neurological_status/neuro_non-reactive_r' is clicked on

2019-04-30 11:34:53 - [MESSAGE][PASSED] - Object: 'Object Repository/OASIS/Neurological/neurological_status/neuro_non-reactive_r' is clicked on

2019-04-30 11:34:53 - [TEST_STEP][PASSED] - delay(1): Delayed 1 second(s)

2019-04-30 11:34:54 - [MESSAGE][PASSED] - Delayed 1 second(s)

2019-04-30 11:34:54 - [TEST_STEP][PASSED] - click(findTestObject("OASIS/Neurological/neurological_status/neuro_mental_status_oriented")): Object: 'Object Repository/OASIS/Neurological/neurological_status/neuro_mental_status_oriented' is clicked on

2019-04-30 11:34:55 - [MESSAGE][PASSED] - Object: 'Object Repository/OASIS/Neurological/neurological_status/neuro_mental_status_oriented' is clicked on

2019-04-30 11:34:55 - [TEST_STEP][PASSED] - click(findTestObject("OASIS/Neurological/neurological_status/neuro_mental_status_forgetful")): Object: 'Object Repository/OASIS/Neurological/neurological_status/neuro_mental_status_forgetful' is clicked on

2019-04-30 11:34:55 - [MESSAGE][PASSED] - Object: 'Object Repository/OASIS/Neurological/neurological_status/neuro_mental_status_forgetful' is clicked on

2019-04-30 11:34:55 - [TEST_STEP][PASSED] - click(findTestObject("OASIS/Neurological/neurological_status/neuro_mental_status_lethargic")): Object: 'Object Repository/OASIS/Neurological/neurological_status/neuro_mental_status_lethargic' is clicked on

2019-04-30 11:34:55 - [MESSAGE][PASSED] - Object: 'Object Repository/OASIS/Neurological/neurological_status/neuro_mental_status_lethargic' is clicked on

2019-04-30 11:34:55 - [TEST_STEP][PASSED] - click(findTestObject("OASIS/Neurological/neurological_status/neuro_mental_status_disoriented")): Object: 'Object Repository/OASIS/Neurological/neurological_status/neuro_mental_status_disoriented' is clicked on

2019-04-30 11:34:55 - [MESSAGE][PASSED] - Object: 'Object Repository/OASIS/Neurological/neurological_status/neuro_mental_status_disoriented' is clicked on

2019-04-30 11:34:55 - [TEST_STEP][PASSED] - click(findTestObject("OASIS/Neurological/neurological_status/neuro_mental_status_depressed")): Object: 'Object Repository/OASIS/Neurological/neurological_status/neuro_mental_status_depressed' is clicked on

2019-04-30 11:34:55 - [MESSAGE][PASSED] - Object: 'Object Repository/OASIS/Neurological/neurological_status/neuro_mental_status_depressed' is clicked on

2019-04-30 11:34:55 - [TEST_STEP][PASSED] - click(findTestObject("OASIS/Neurological/neurological_status/neuro_mental_status_agitated")): Object: 'Object Repository/OASIS/Neurological/neurological_status/neuro_mental_status_agitated' is clicked on

2019-04-30 11:34:56 - [MESSAGE][PASSED] - Object: 'Object Repository/OASIS/Neurological/neurological_status/neuro_mental_status_agitated' is clicked on

2019-04-30 11:34:56 - [TEST_STEP][PASSED] - click(findTestObject("OASIS/Neurological/neurological_status/neuro_mental_status_comatose")): Object: 'Object Repository/OASIS/Neurological/neurological_status/neuro_mental_status_comatose' is clicked on

2019-04-30 11:34:56 - [MESSAGE][PASSED] - Object: 'Object Repository/OASIS/Neurological/neurological_status/neuro_mental_status_comatose' is clicked on

2019-04-30 11:34:56 - [TEST_STEP][PASSED] - setText(findTestObject("OASIS/Neurological/neurological_status/neuro_mental_status_other"), "Frequent signs of aggression"): Text 'Frequent signs of aggression' is set on object 'Object Repository/OASIS/Neurological/neurological_status/neuro_mental_status_other'

2019-04-30 11:34:58 - [MESSAGE][PASSED] - Text 'Frequent signs of aggression' is set on object 'Object Repository/OASIS/Neurological/neurological_status/neuro_mental_status_other'

2019-04-30 11:34:58 - [TEST_STEP][PASSED] - click(findTestObject("OASIS/Neurological/neurological_status/neuro_sleep_inadequate")): Object: 'Object Repository/OASIS/Neurological/neurological_status/neuro_sleep_inadequate' is clicked on

2019-04-30 11:34:58 - [MESSAGE][PASSED] - Object: 'Object Repository/OASIS/Neurological/neurological_status/neuro_sleep_inadequate' is clicked on

2019-04-30 11:34:58 - [TEST_STEP][PASSED] - setText(findTestObject("OASIS/Neurological/neurological_status/neuro_sleep_inadequate_textfield"), "wokes up at 3:15 AM"): Text 'wokes up at 3:15 AM' is set on object 'Object Repository/OASIS/Neurological/neurological_status/neuro_sleep_inadequate_textfield'

2019-04-30 11:34:59 - [MESSAGE][PASSED] - Text 'wokes up at 3:15 AM' is set on object 'Object Repository/OASIS/Neurological/neurological_status/neuro_sleep_inadequate_textfield'

2019-04-30 11:34:59 - [TEST_STEP][PASSED] - delay(1): Delayed 1 second(s)

2019-04-30 11:35:00 - [MESSAGE][PASSED] - Delayed 1 second(s)

2019-04-30 11:35:00 - [TEST_STEP][PASSED] - click(findTestObject("OASIS/Neurological/neurological_status/neuro_hand_grips_strong")): Object: 'Object Repository/OASIS/Neurological/neurological_status/neuro_hand_grips_strong' is clicked on

2019-04-30 11:35:00 - [MESSAGE][PASSED] - Object: 'Object Repository/OASIS/Neurological/neurological_status/neuro_hand_grips_strong' is clicked on

2019-04-30 11:35:00 - [TEST_STEP][PASSED] - click(findTestObject("OASIS/Neurological/neurological_status/neuro_hand_grips_strong_l")): Object: 'Object Repository/OASIS/Neurological/neurological_status/neuro_hand_grips_strong_l' is clicked on

2019-04-30 11:35:00 - [MESSAGE][PASSED] - Object: 'Object Repository/OASIS/Neurological/neurological_status/neuro_hand_grips_strong_l' is clicked on

2019-04-30 11:35:00 - [TEST_STEP][PASSED] - click(findTestObject("OASIS/Neurological/neurological_status/neuro_hand_grips_strong_r")): Object: 'Object Repository/OASIS/Neurological/neurological_status/neuro_hand_grips_strong_r' is clicked on

2019-04-30 11:35:00 - [MESSAGE][PASSED] - Object: 'Object Repository/OASIS/Neurological/neurological_status/neuro_hand_grips_strong_r' is clicked on

2019-04-30 11:35:00 - [TEST_STEP][PASSED] - delay(1): Delayed 1 second(s)

2019-04-30 11:35:01 - [MESSAGE][PASSED] - Delayed 1 second(s)

2019-04-30 11:35:01 - [TEST_STEP][PASSED] - click(findTestObject("OASIS/Neurological/neurological_status/neuro_hand_grips_weak")): Object: 'Object Repository/OASIS/Neurological/neurological_status/neuro_hand_grips_weak' is clicked on

2019-04-30 11:35:02 - [MESSAGE][PASSED] - Object: 'Object Repository/OASIS/Neurological/neurological_status/neuro_hand_grips_weak' is clicked on

2019-04-30 11:35:02 - [TEST_STEP][PASSED] - click(findTestObject("OASIS/Neurological/neurological_status/neuro_hand_grips_weak_l")): Object: 'Object Repository/OASIS/Neurological/neurological_status/neuro_hand_grips_weak_l' is clicked on

2019-04-30 11:35:02 - [MESSAGE][PASSED] - Object: 'Object Repository/OASIS/Neurological/neurological_status/neuro_hand_grips_weak_l' is clicked on

2019-04-30 11:35:02 - [TEST_STEP][PASSED] - click(findTestObject("OASIS/Neurological/neurological_status/neuro_hand_grips_weak_r")): Object: 'Object Repository/OASIS/Neurological/neurological_status/neuro_hand_grips_weak_r' is clicked on

2019-04-30 11:35:02 - [MESSAGE][PASSED] - Object: 'Object Repository/OASIS/Neurological/neurological_status/neuro_hand_grips_weak_r' is clicked on

2019-04-30 11:35:02 - [TEST_STEP][PASSED] - delay(1): Delayed 1 second(s)

2019-04-30 11:35:03 - [MESSAGE][PASSED] - Delayed 1 second(s)

2019-04-30 11:35:03 - [TEST_STEP][PASSED] - click(findTestObject("OASIS/Neurological/neurological_status/neuro_check_for_weakness")): Object: 'Object Repository/OASIS/Neurological/neurological_status/neuro_check_for_weakness' is clicked on

2019-04-30 11:35:03 - [MESSAGE][PASSED] - Object: 'Object Repository/OASIS/Neurological/neurological_status/neuro_check_for_weakness' is clicked on

2019-04-30 11:35:03 - [TEST_STEP][PASSED] - delay(1): Delayed 1 second(s)

2019-04-30 11:35:04 - [MESSAGE][PASSED] - Delayed 1 second(s)

2019-04-30 11:35:04 - [TEST_STEP][PASSED] - click(findTestObject("OASIS/Neurological/neurological_status/check_for_weakness/c_weak_weakness_ue")): Object: 'Object Repository/OASIS/Neurological/neurological_status/check_for_weakness/c_weak_weakness_ue' is clicked on

2019-04-30 11:35:04 - [MESSAGE][PASSED] - Object: 'Object Repository/OASIS/Neurological/neurological_status/check_for_weakness/c_weak_weakness_ue' is clicked on

2019-04-30 11:35:04 - [TEST_STEP][PASSED] - click(findTestObject("OASIS/Neurological/neurological_status/check_for_weakness/c_weak_weakness_ue_l")): Object: 'Object Repository/OASIS/Neurological/neurological_status/check_for_weakness/c_weak_weakness_ue_l' is clicked on

2019-04-30 11:35:05 - [MESSAGE][PASSED] - Object: 'Object Repository/OASIS/Neurological/neurological_status/check_for_weakness/c_weak_weakness_ue_l' is clicked on

2019-04-30 11:35:05 - [TEST_STEP][PASSED] - click(findTestObject("OASIS/Neurological/neurological_status/check_for_weakness/c_weak_weakness_ue_r")): Object: 'Object Repository/OASIS/Neurological/neurological_status/check_for_weakness/c_weak_weakness_ue_r' is clicked on

2019-04-30 11:35:05 - [MESSAGE][PASSED] - Object: 'Object Repository/OASIS/Neurological/neurological_status/check_for_weakness/c_weak_weakness_ue_r' is clicked on

2019-04-30 11:35:05 - [TEST_STEP][PASSED] - delay(1): Delayed 1 second(s)

2019-04-30 11:35:06 - [MESSAGE][PASSED] - Delayed 1 second(s)

2019-04-30 11:35:06 - [TEST_STEP][PASSED] - click(findTestObject("OASIS/Neurological/neurological_status/check_for_weakness/c_weak_weakness_le")): Object: 'Object Repository/OASIS/Neurological/neurological_status/check_for_weakness/c_weak_weakness_le' is clicked on

2019-04-30 11:35:06 - [MESSAGE][PASSED] - Object: 'Object Repository/OASIS/Neurological/neurological_status/check_for_weakness/c_weak_weakness_le' is clicked on

2019-04-30 11:35:06 - [TEST_STEP][PASSED] - click(findTestObject("OASIS/Neurological/neurological_status/check_for_weakness/c_weak_weakness_le_l")): Object: 'Object Repository/OASIS/Neurological/neurological_status/check_for_weakness/c_weak_weakness_le_l' is clicked on

2019-04-30 11:35:06 - [MESSAGE][PASSED] - Object: 'Object Repository/OASIS/Neurological/neurological_status/check_for_weakness/c_weak_weakness_le_l' is clicked on

2019-04-30 11:35:06 - [TEST_STEP][PASSED] - click(findTestObject("OASIS/Neurological/neurological_status/check_for_weakness/c_weak_weakness_le_r")): Object: 'Object Repository/OASIS/Neurological/neurological_status/check_for_weakness/c_weak_weakness_le_r' is clicked on

2019-04-30 11:35:06 - [MESSAGE][PASSED] - Object: 'Object Repository/OASIS/Neurological/neurological_status/check_for_weakness/c_weak_weakness_le_r' is clicked on

2019-04-30 11:35:06 - [TEST_STEP][PASSED] - delay(1): Delayed 1 second(s)

2019-04-30 11:35:07 - [MESSAGE][PASSED] - Delayed 1 second(s)

2019-04-30 11:35:07 - [TEST_STEP][PASSED] - click(findTestObject("OASIS/Neurological/neurological_status/check_for_weakness/c_weak_paralysis_hemiparesis")): Object: 'Object Repository/OASIS/Neurological/neurological_status/check_for_weakness/c_weak_paralysis_hemiparesis' is clicked on

2019-04-30 11:35:08 - [MESSAGE][PASSED] - Object: 'Object Repository/OASIS/Neurological/neurological_status/check_for_weakness/c_weak_paralysis_hemiparesis' is clicked on

2019-04-30 11:35:08 - [TEST_STEP][PASSED] - click(findTestObject("OASIS/Neurological/neurological_status/check_for_weakness/c_weak_paralysis_hemiparesis_l")): Object: 'Object Repository/OASIS/Neurological/neurological_status/check_for_weakness/c_weak_paralysis_hemiparesis_l' is clicked on

2019-04-30 11:35:08 - [MESSAGE][PASSED] - Object: 'Object Repository/OASIS/Neurological/neurological_status/check_for_weakness/c_weak_paralysis_hemiparesis_l' is clicked on

2019-04-30 11:35:08 - [TEST_STEP][PASSED] - click(findTestObject("OASIS/Neurological/neurological_status/check_for_weakness/c_weak_paralysis_hemiparesis_r")): Object: 'Object Repository/OASIS/Neurological/neurological_status/check_for_weakness/c_weak_paralysis_hemiparesis_r' is clicked on

2019-04-30 11:35:08 - [MESSAGE][PASSED] - Object: 'Object Repository/OASIS/Neurological/neurological_status/check_for_weakness/c_weak_paralysis_hemiparesis_r' is clicked on

2019-04-30 11:35:08 - [TEST_STEP][PASSED] - delay(1): Delayed 1 second(s)

2019-04-30 11:35:09 - [MESSAGE][PASSED] - Delayed 1 second(s)

2019-04-30 11:35:09 - [TEST_STEP][PASSED] - click(findTestObject("OASIS/Neurological/neurological_status/check_for_weakness/c_weak_seizure_petitmal")): Object: 'Object Repository/OASIS/Neurological/neurological_status/check_for_weakness/c_weak_seizure_petitmal' is clicked on

2019-04-30 11:35:09 - [MESSAGE][PASSED] - Object: 'Object Repository/OASIS/Neurological/neurological_status/check_for_weakness/c_weak_seizure_petitmal' is clicked on

2019-04-30 11:35:09 - [TEST_STEP][PASSED] - setText(findTestObject("OASIS/Neurological/neurological_status/check_for_weakness/c_weak_seizure_petitmal_lsdate"), "June 23, 2015"): Text 'June 23, 2015' is set on object 'Object Repository/OASIS/Neurological/neurological_status/check_for_weakness/c_weak_seizure_petitmal_lsdate'

2019-04-30 11:35:10 - [MESSAGE][PASSED] - Text 'June 23, 2015' is set on object 'Object Repository/OASIS/Neurological/neurological_status/check_for_weakness/c_weak_seizure_petitmal_lsdate'

2019-04-30 11:35:10 - [TEST_STEP][PASSED] - delay(1): Delayed 1 second(s)

2019-04-30 11:35:11 - [MESSAGE][PASSED] - Delayed 1 second(s)

2019-04-30 11:35:11 - [TEST_STEP][PASSED] - click(findTestObject("OASIS/Neurological/neurological_status/check_for_weakness/c_weak_tremors_ue")): Object: 'Object Repository/OASIS/Neurological/neurological_status/check_for_weakness/c_weak_tremors_ue' is clicked on

2019-04-30 11:35:11 - [MESSAGE][PASSED] - Object: 'Object Repository/OASIS/Neurological/neurological_status/check_for_weakness/c_weak_tremors_ue' is clicked on

2019-04-30 11:35:11 - [TEST_STEP][PASSED] - click(findTestObject("OASIS/Neurological/neurological_status/check_for_weakness/c_weak_tremors_ue_l")): Object: 'Object Repository/OASIS/Neurological/neurological_status/check_for_weakness/c_weak_tremors_ue_l' is clicked on

2019-04-30 11:35:11 - [MESSAGE][PASSED] - Object: 'Object Repository/OASIS/Neurological/neurological_status/check_for_weakness/c_weak_tremors_ue_l' is clicked on

2019-04-30 11:35:11 - [TEST_STEP][PASSED] - click(findTestObject("OASIS/Neurological/neurological_status/check_for_weakness/c_weak_tremors_ue_r")): Object: 'Object Repository/OASIS/Neurological/neurological_status/check_for_weakness/c_weak_tremors_ue_r' is clicked on

2019-04-30 11:35:12 - [MESSAGE][PASSED] - Object: 'Object Repository/OASIS/Neurological/neurological_status/check_for_weakness/c_weak_tremors_ue_r' is clicked on

2019-04-30 11:35:12 - [TEST_STEP][PASSED] - click(findTestObject("OASIS/Neurological/neurological_status/check_for_weakness/c_weak_tremors_ue_fine")): Object: 'Object Repository/OASIS/Neurological/neurological_status/check_for_weakness/c_weak_tremors_ue_fine' is clicked on

2019-04-30 11:35:12 - [MESSAGE][PASSED] - Object: 'Object Repository/OASIS/Neurological/neurological_status/check_for_weakness/c_weak_tremors_ue_fine' is clicked on

2019-04-30 11:35:12 - [TEST_STEP][PASSED] - delay(1): Delayed 1 second(s)

2019-04-30 11:35:13 - [MESSAGE][PASSED] - Delayed 1 second(s)

2019-04-30 11:35:13 - [TEST_STEP][PASSED] - click(findTestObject("OASIS/Neurological/neurological_status/check_for_weakness/c_weak_tremors_le")): Object: 'Object Repository/OASIS/Neurological/neurological_status/check_for_weakness/c_weak_tremors_le' is clicked on

2019-04-30 11:35:13 - [MESSAGE][PASSED] - Object: 'Object Repository/OASIS/Neurological/neurological_status/check_for_weakness/c_weak_tremors_le' is clicked on

2019-04-30 11:35:13 - [TEST_STEP][PASSED] - click(findTestObject("OASIS/Neurological/neurological_status/check_for_weakness/c_weak_tremors_le_l")): Object: 'Object Repository/OASIS/Neurological/neurological_status/check_for_weakness/c_weak_tremors_le_l' is clicked on

2019-04-30 11:35:13 - [MESSAGE][PASSED] - Object: 'Object Repository/OASIS/Neurological/neurological_status/check_for_weakness/c_weak_tremors_le_l' is clicked on

2019-04-30 11:35:13 - [TEST_STEP][PASSED] - click(findTestObject("OASIS/Neurological/neurological_status/check_for_weakness/c_weak_tremors_le_r")): Object: 'Object Repository/OASIS/Neurological/neurological_status/check_for_weakness/c_weak_tremors_le_r' is clicked on

2019-04-30 11:35:13 - [MESSAGE][PASSED] - Object: 'Object Repository/OASIS/Neurological/neurological_status/check_for_weakness/c_weak_tremors_le_r' is clicked on

2019-04-30 11:35:13 - [TEST_STEP][PASSED] - click(findTestObject("OASIS/Neurological/neurological_status/check_for_weakness/c_weak_tremors_le_coarse")): Object: 'Object Repository/OASIS/Neurological/neurological_status/check_for_weakness/c_weak_tremors_le_coarse' is clicked on

2019-04-30 11:35:13 - [MESSAGE][PASSED] - Object: 'Object Repository/OASIS/Neurological/neurological_status/check_for_weakness/c_weak_tremors_le_coarse' is clicked on

2019-04-30 11:35:13 - [TEST_STEP][PASSED] - delay(1): Delayed 1 second(s)

2019-04-30 11:35:14 - [MESSAGE][PASSED] - Delayed 1 second(s)

2019-04-30 11:35:14 - [TEST_STEP][PASSED] - click(findTestObject("OASIS/Neurological/neurological_status/check_for_weakness/c_weak_signs_headache")): Object: 'Object Repository/OASIS/Neurological/neurological_status/check_for_weakness/c_weak_signs_headache' is clicked on

2019-04-30 11:35:15 - [MESSAGE][PASSED] - Object: 'Object Repository/OASIS/Neurological/neurological_status/check_for_weakness/c_weak_signs_headache' is clicked on

2019-04-30 11:35:15 - [TEST_STEP][PASSED] - delay(1): Delayed 1 second(s)

2019-04-30 11:35:16 - [MESSAGE][PASSED] - Delayed 1 second(s)

2019-04-30 11:35:16 - [TEST_STEP][PASSED] - click(findTestObject("OASIS/Neurological/neurological_status/check_for_weakness/c_weak_signs_numb")): Object: 'Object Repository/OASIS/Neurological/neurological_status/check_for_weakness/c_weak_signs_numb' is clicked on

2019-04-30 11:35:16 - [MESSAGE][PASSED] - Object: 'Object Repository/OASIS/Neurological/neurological_status/check_for_weakness/c_weak_signs_numb' is clicked on

2019-04-30 11:35:16 - [TEST_STEP][PASSED] - delay(1): Delayed 1 second(s)

2019-04-30 11:35:17 - [MESSAGE][PASSED] - Delayed 1 second(s)

2019-04-30 11:35:17 - [TEST_STEP][PASSED] - click(findTestObject("OASIS/Neurological/neurological_status/check_for_weakness/c_weak_signs_lossofsensation")): Object: 'Object Repository/OASIS/Neurological/neurological_status/check_for_weakness/c_weak_signs_lossofsensation' is clicked on

2019-04-30 11:35:17 - [MESSAGE][PASSED] - Object: 'Object Repository/OASIS/Neurological/neurological_status/check_for_weakness/c_weak_signs_lossofsensation' is clicked on

2019-04-30 11:35:17 - [TEST_STEP][PASSED] - click(findTestObject("OASIS/Neurological/neurological_status/check_for_weakness/c_weak_signs_visualdistubances")): Object: 'Object Repository/OASIS/Neurological/neurological_status/check_for_weakness/c_weak_signs_visualdistubances' is clicked on

2019-04-30 11:35:17 - [MESSAGE][PASSED] - Object: 'Object Repository/OASIS/Neurological/neurological_status/check_for_weakness/c_weak_signs_visualdistubances' is clicked on

2019-04-30 11:35:17 - [TEST_STEP][PASSED] - click(findTestObject("OASIS/Neurological/neurological_status/check_for_weakness/c_weak_signs_involuntarymf")): Object: 'Object Repository/OASIS/Neurological/neurological_status/check_for_weakness/c_weak_signs_involuntarymf' is clicked on

2019-04-30 11:35:17 - [MESSAGE][PASSED] - Object: 'Object Repository/OASIS/Neurological/neurological_status/check_for_weakness/c_weak_signs_involuntarymf' is clicked on

2019-04-30 11:35:17 - [TEST_STEP][PASSED] - click(findTestObject("OASIS/Neurological/neurological_status/check_for_weakness/c_weak_signs_incoordination")): Object: 'Object Repository/OASIS/Neurological/neurological_status/check_for_weakness/c_weak_signs_incoordination' is clicked on

2019-04-30 11:35:18 - [MESSAGE][PASSED] - Object: 'Object Repository/OASIS/Neurological/neurological_status/check_for_weakness/c_weak_signs_incoordination' is clicked on

2019-04-30 11:35:18 - [TEST_STEP][PASSED] - click(findTestObject("OASIS/Neurological/neurological_status/check_for_weakness/c_weak_signs_improperresponse")): Object: 'Object Repository/OASIS/Neurological/neurological_status/check_for_weakness/c_weak_signs_improperresponse' is clicked on

2019-04-30 11:35:18 - [MESSAGE][PASSED] - Object: 'Object Repository/OASIS/Neurological/neurological_status/check_for_weakness/c_weak_signs_improperresponse' is clicked on

2019-04-30 11:35:18 - [TEST_STEP][PASSED] - click(findTestObject("OASIS/Neurological/neurological_status/check_for_weakness/c_weak_signs_lossofabilitytomove")): Object: 'Object Repository/OASIS/Neurological/neurological_status/check_for_weakness/c_weak_signs_lossofabilitytomove' is clicked on

2019-04-30 11:35:18 - [MESSAGE][PASSED] - Object: 'Object Repository/OASIS/Neurological/neurological_status/check_for_weakness/c_weak_signs_lossofabilitytomove' is clicked on

2019-04-30 11:35:18 - [TEST_STEP][PASSED] - setText(findTestObject("OASIS/Neurological/neurological_status/check_for_weakness/c_weak_signs_lossofabilitytomove_textfield"), "Left middle finger due to fracture"): Text 'Left middle finger due to fracture' is set on object 'Object Repository/OASIS/Neurological/neurological_status/check_for_weakness/c_weak_signs_lossofabilitytomove_textfield'

2019-04-30 11:35:20 - [MESSAGE][PASSED] - Text 'Left middle finger due to fracture' is set on object 'Object Repository/OASIS/Neurological/neurological_status/check_for_weakness/c_weak_signs_lossofabilitytomove_textfield'

2019-04-30 11:35:20 - [TEST_STEP][PASSED] - setText(findTestObject("OASIS/Neurological/neurological_status/check_for_weakness/c_weak_signs_other"), "Disassociation of things"): Text 'Disassociation of things' is set on object 'Object Repository/OASIS/Neurological/neurological_status/check_for_weakness/c_weak_signs_other'

2019-04-30 11:35:22 - [MESSAGE][PASSED] - Text 'Disassociation of things' is set on object 'Object Repository/OASIS/Neurological/neurological_status/check_for_weakness/c_weak_signs_other'

2019-04-30 11:35:22 - [TEST_STEP][PASSED] - delay(1): Delayed 1 second(s)

2019-04-30 11:35:23 - [MESSAGE][PASSED] - Delayed 1 second(s)

2019-04-30 11:35:23 - [TEST_STEP][PASSED] - click(findTestObject("OASIS/Neurological/psychosocial_status/psycho_cognitive")): Object: 'Object Repository/OASIS/Neurological/psychosocial_status/psycho_cognitive' is clicked on

2019-04-30 11:35:23 - [MESSAGE][PASSED] - Object: 'Object Repository/OASIS/Neurological/psychosocial_status/psycho_cognitive' is clicked on

2019-04-30 11:35:23 - [TEST_STEP][PASSED] - click(findTestObject("OASIS/Neurological/psychosocial_status/psycho_confused")): Object: 'Object Repository/OASIS/Neurological/psychosocial_status/psycho_confused' is clicked on

2019-04-30 11:35:23 - [MESSAGE][PASSED] - Object: 'Object Repository/OASIS/Neurological/psychosocial_status/psycho_confused' is clicked on

2019-04-30 11:35:23 - [TEST_STEP][PASSED] - click(findTestObject("OASIS/Neurological/psychosocial_status/psycho_anxious")): Object: 'Object Repository/OASIS/Neurological/psychosocial_status/psycho_anxious' is clicked on

2019-04-30 11:35:23 - [MESSAGE][PASSED] - Object: 'Object Repository/OASIS/Neurological/psychosocial_status/psycho_anxious' is clicked on

2019-04-30 11:35:23 - [TEST_STEP][PASSED] - click(findTestObject("OASIS/Neurological/psychosocial_status/psycho_depressed")): Object: 'Object Repository/OASIS/Neurological/psychosocial_status/psycho_depressed' is clicked on

2019-04-30 11:35:23 - [MESSAGE][PASSED] - Object: 'Object Repository/OASIS/Neurological/psychosocial_status/psycho_depressed' is clicked on

2019-04-30 11:35:23 - [TEST_STEP][PASSED] - click(findTestObject("OASIS/Neurological/psychosocial_status/psycho_memory_deficit")): Object: 'Object Repository/OASIS/Neurological/psychosocial_status/psycho_memory_deficit' is clicked on

2019-04-30 11:35:24 - [MESSAGE][PASSED] - Object: 'Object Repository/OASIS/Neurological/psychosocial_status/psycho_memory_deficit' is clicked on

2019-04-30 11:35:24 - [TEST_STEP][PASSED] - click(findTestObject("OASIS/Neurological/psychosocial_status/psycho_impaired_dm")): Object: 'Object Repository/OASIS/Neurological/psychosocial_status/psycho_impaired_dm' is clicked on

2019-04-30 11:35:24 - [MESSAGE][PASSED] - Object: 'Object Repository/OASIS/Neurological/psychosocial_status/psycho_impaired_dm' is clicked on

2019-04-30 11:35:24 - [TEST_STEP][PASSED] - click(findTestObject("OASIS/Neurological/psychosocial_status/psycho_physical_aggression")): Object: 'Object Repository/OASIS/Neurological/psychosocial_status/psycho_physical_aggression' is clicked on

2019-04-30 11:35:24 - [MESSAGE][PASSED] - Object: 'Object Repository/OASIS/Neurological/psychosocial_status/psycho_physical_aggression' is clicked on

2019-04-30 11:35:24 - [TEST_STEP][PASSED] - click(findTestObject("OASIS/Neurological/psychosocial_status/psycho_inappropriate_b")): Object: 'Object Repository/OASIS/Neurological/psychosocial_status/psycho_inappropriate_b' is clicked on

2019-04-30 11:35:24 - [MESSAGE][PASSED] - Object: 'Object Repository/OASIS/Neurological/psychosocial_status/psycho_inappropriate_b' is clicked on

2019-04-30 11:35:24 - [TEST_STEP][PASSED] - click(findTestObject("OASIS/Neurological/psychosocial_status/psycho_disruptive_b")): Object: 'Object Repository/OASIS/Neurological/psychosocial_status/psycho_disruptive_b' is clicked on

2019-04-30 11:35:24 - [MESSAGE][PASSED] - Object: 'Object Repository/OASIS/Neurological/psychosocial_status/psycho_disruptive_b' is clicked on

2019-04-30 11:35:24 - [TEST_STEP][PASSED] - click(findTestObject("OASIS/Neurological/psychosocial_status/psycho_delusional")): Object: 'Object Repository/OASIS/Neurological/psychosocial_status/psycho_delusional' is clicked on

2019-04-30 11:35:24 - [MESSAGE][PASSED] - Object: 'Object Repository/OASIS/Neurological/psychosocial_status/psycho_delusional' is clicked on

2019-04-30 11:35:24 - [TEST_STEP][PASSED] - setText(findTestObject("OASIS/Neurological/psychosocial_status/psycho_other_p_factors"), "Bipolar and Frequent Sucidical Thoughts"): Text 'Bipolar and Frequent Sucidical Thoughts' is set on object 'Object Repository/OASIS/Neurological/psychosocial_status/psycho_other_p_factors'

2019-04-30 11:35:27 - [MESSAGE][PASSED] - Text 'Bipolar and Frequent Sucidical Thoughts' is set on object 'Object Repository/OASIS/Neurological/psychosocial_status/psycho_other_p_factors'

2019-04-30 11:35:27 - [TEST_STEP][PASSED] - delay(1): Delayed 1 second(s)

2019-04-30 11:35:28 - [MESSAGE][PASSED] - Delayed 1 second(s)

2019-04-30 11:35:28 - [TEST_STEP][PASSED] - click(findTestObject("OASIS/Neurological/language_barrier/language_barrier_yes")): Object: 'Object Repository/OASIS/Neurological/language_barrier/language_barrier_yes' is clicked on

2019-04-30 11:35:28 - [MESSAGE][PASSED] - Object: 'Object Repository/OASIS/Neurological/language_barrier/language_barrier_yes' is clicked on

2019-04-30 11:35:28 - [TEST_STEP][PASSED] - delay(1): Delayed 1 second(s)

2019-04-30 11:35:29 - [MESSAGE][PASSED] - Delayed 1 second(s)

2019-04-30 11:35:29 - [TEST_STEP][NOT_RUN] - click(findTestObject("OASIS/Neurological/language_barrier/language_interpreter_need")): NOT_RUN: click(findTestObject("OASIS/Neurological/language_barrier/language_interpreter_need"))

2019-04-30 11:35:29 - [MESSAGE][NOT_RUN] - NOT_RUN: click(findTestObject("OASIS/Neurological/language_barrier/language_interpreter_need"))

2019-04-30 11:35:29 - [TEST_STEP][NOT_RUN] - delay(1): NOT_RUN: delay(1)

2019-04-30 11:35:29 - [MESSAGE][NOT_RUN] - NOT_RUN: delay(1)

2019-04-30 11:35:29 - [TEST_STEP][NOT_RUN] - setText(findTestObject("OASIS/Neurological/language_barrier/language_interpreter_need_tf"), "Mrs. Langdon"): NOT_RUN: setText(findTestObject("OASIS/Neurological/language_barrier/language_interpreter_need_tf"), "Mrs. Langdon")

2019-04-30 11:35:29 - [MESSAGE][NOT_RUN] - NOT_RUN: setText(findTestObject("OASIS/Neurological/language_barrier/language_interpreter_need_tf"), "Mrs. Langdon")

2019-04-30 11:35:29 - [TEST_STEP][PASSED] - delay(1): Delayed 1 second(s)

2019-04-30 11:35:30 - [MESSAGE][PASSED] - Delayed 1 second(s)

2019-04-30 11:35:30 - [TEST_STEP][PASSED] - click(findTestObject("OASIS/Neurological/language_barrier/language_inter_sp")): Object: 'Object Repository/OASIS/Neurological/language_barrier/language_inter_sp' is clicked on

2019-04-30 11:35:30 - [MESSAGE][PASSED] - Object: 'Object Repository/OASIS/Neurological/language_barrier/language_inter_sp' is clicked on

2019-04-30 11:35:30 - [TEST_STEP][PASSED] - delay(1): Delayed 1 second(s)

2019-04-30 11:35:31 - [MESSAGE][PASSED] - Delayed 1 second(s)

2019-04-30 11:35:31 - [TEST_STEP][PASSED] - setText(findTestObject("OASIS/Neurological/language_barrier/language_inter_sp_tf"), "Interpreter Organization"): Text 'Interpreter Organization' is set on object 'Object Repository/OASIS/Neurological/language_barrier/language_inter_sp_tf'

2019-04-30 11:35:33 - [MESSAGE][PASSED] - Text 'Interpreter Organization' is set on object 'Object Repository/OASIS/Neurological/language_barrier/language_inter_sp_tf'

2019-04-30 11:35:33 - [TEST_STEP][PASSED] - delay(1): Delayed 1 second(s)

2019-04-30 11:35:34 - [MESSAGE][PASSED] - Delayed 1 second(s)

2019-04-30 11:35:34 - [TEST_STEP][PASSED] - setText(findTestObject("OASIS/Neurological/language_barrier/language_inter_sp_phone"), "3453452345"): Text '3453452345' is set on object 'Object Repository/OASIS/Neurological/language_barrier/language_inter_sp_phone'

2019-04-30 11:35:35 - [MESSAGE][PASSED] - Text '3453452345' is set on object 'Object Repository/OASIS/Neurological/language_barrier/language_inter_sp_phone'

2019-04-30 11:35:35 - [TEST_STEP][PASSED] - delay(1): Delayed 1 second(s)

2019-04-30 11:35:36 - [MESSAGE][PASSED] - Delayed 1 second(s)

2019-04-30 11:35:36 - [TEST_STEP][PASSED] - click(findTestObject("OASIS/Neurological/language_barrier/language_sign_type")): Object: 'Object Repository/OASIS/Neurological/language_barrier/language_sign_type' is clicked on

2019-04-30 11:35:36 - [MESSAGE][PASSED] - Object: 'Object Repository/OASIS/Neurological/language_barrier/language_sign_type' is clicked on

2019-04-30 11:35:36 - [TEST_STEP][PASSED] - delay(1): Delayed 1 second(s)

2019-04-30 11:35:37 - [MESSAGE][PASSED] - Delayed 1 second(s)

2019-04-30 11:35:37 - [TEST_STEP][PASSED] - setText(findTestObject("OASIS/Neurological/language_barrier/language_sign_type_tf"), "ASL"): Text 'ASL' is set on object 'Object Repository/OASIS/Neurological/language_barrier/language_sign_type_tf'

2019-04-30 11:35:37 - [MESSAGE][PASSED] - Text 'ASL' is set on object 'Object Repository/OASIS/Neurological/language_barrier/language_sign_type_tf'

2019-04-30 11:35:37 - [TEST_STEP][PASSED] - delay(1): Delayed 1 second(s)

2019-04-30 11:35:38 - [MESSAGE][PASSED] - Delayed 1 second(s)

2019-04-30 11:35:38 - [TEST_STEP][PASSED] - click(findTestObject("OASIS/Neurological/language_barrier/learning_barrier_yes")): Object: 'Object Repository/OASIS/Neurological/language_barrier/learning_barrier_yes' is clicked on

2019-04-30 11:35:38 - [MESSAGE][PASSED] - Object: 'Object Repository/OASIS/Neurological/language_barrier/learning_barrier_yes' is clicked on

2019-04-30 11:35:38 - [TEST_STEP][PASSED] - delay(5): Delayed 5 second(s)

2019-04-30 11:35:43 - [MESSAGE][PASSED] - Delayed 5 second(s)

2019-04-30 11:35:43 - [TEST_STEP][PASSED] - click(findTestObject("OASIS/Neurological/language_barrier/learning_functional")): Object: 'Object Repository/OASIS/Neurological/language_barrier/learning_functional' is clicked on

2019-04-30 11:35:44 - [MESSAGE][PASSED] - Object: 'Object Repository/OASIS/Neurological/language_barrier/learning_functional' is clicked on

2019-04-30 11:35:44 - [TEST_STEP][PASSED] - delay(1): Delayed 1 second(s)

2019-04-30 11:35:45 - [MESSAGE][PASSED] - Delayed 1 second(s)

2019-04-30 11:35:45 - [TEST_STEP][PASSED] - setText(findTestObject("OASIS/Neurological/language_barrier/learning_functional_tf"), "Motor Ability"): Text 'Motor Ability' is set on object 'Object Repository/OASIS/Neurological/language_barrier/learning_functional_tf'

2019-04-30 11:35:46 - [MESSAGE][PASSED] - Text 'Motor Ability' is set on object 'Object Repository/OASIS/Neurological/language_barrier/learning_functional_tf'

2019-04-30 11:35:46 - [TEST_STEP][PASSED] - delay(1): Delayed 1 second(s)

2019-04-30 11:35:47 - [MESSAGE][PASSED] - Delayed 1 second(s)

2019-04-30 11:35:47 - [TEST_STEP][PASSED] - click(findTestObject("OASIS/Neurological/language_barrier/learning_mental")): Object: 'Object Repository/OASIS/Neurological/language_barrier/learning_mental' is clicked on

2019-04-30 11:35:47 - [MESSAGE][PASSED] - Object: 'Object Repository/OASIS/Neurological/language_barrier/learning_mental' is clicked on

2019-04-30 11:35:47 - [TEST_STEP][PASSED] - delay(1): Delayed 1 second(s)

2019-04-30 11:35:48 - [MESSAGE][PASSED] - Delayed 1 second(s)

2019-04-30 11:35:48 - [TEST_STEP][PASSED] - setText(findTestObject("OASIS/Neurological/language_barrier/learning_mental_tf"), "Speech Disorder"): Text 'Speech Disorder' is set on object 'Object Repository/OASIS/Neurological/language_barrier/learning_mental_tf'

2019-04-30 11:35:49 - [MESSAGE][PASSED] - Text 'Speech Disorder' is set on object 'Object Repository/OASIS/Neurological/language_barrier/learning_mental_tf'

2019-04-30 11:35:49 - [TEST_STEP][PASSED] - delay(1): Delayed 1 second(s)

2019-04-30 11:35:50 - [MESSAGE][PASSED] - Delayed 1 second(s)

2019-04-30 11:35:50 - [TEST_STEP][PASSED] - click(findTestObject("OASIS/Neurological/language_barrier/learning_physical")): Object: 'Object Repository/OASIS/Neurological/language_barrier/learning_physical' is clicked on

2019-04-30 11:35:50 - [MESSAGE][PASSED] - Object: 'Object Repository/OASIS/Neurological/language_barrier/learning_physical' is clicked on

2019-04-30 11:35:50 - [TEST_STEP][PASSED] - delay(1): Delayed 1 second(s)

2019-04-30 11:35:51 - [MESSAGE][PASSED] - Delayed 1 second(s)

2019-04-30 11:35:51 - [TEST_STEP][PASSED] - setText(findTestObject("OASIS/Neurological/language_barrier/learning_physical_tf"), "Needs assistance all the time"): Text 'Needs assistance all the time' is set on object 'Object Repository/OASIS/Neurological/language_barrier/learning_physical_tf'

2019-04-30 11:35:53 - [MESSAGE][PASSED] - Text 'Needs assistance all the time' is set on object 'Object Repository/OASIS/Neurological/language_barrier/learning_physical_tf'

2019-04-30 11:35:53 - [TEST_STEP][PASSED] - delay(1): Delayed 1 second(s)

2019-04-30 11:35:54 - [MESSAGE][PASSED] - Delayed 1 second(s)

2019-04-30 11:35:54 - [TEST_STEP][PASSED] - click(findTestObject("OASIS/Neurological/language_barrier/learning_pyschosocial")): Object: 'Object Repository/OASIS/Neurological/language_barrier/learning_pyschosocial' is clicked on

2019-04-30 11:35:54 - [MESSAGE][PASSED] - Object: 'Object Repository/OASIS/Neurological/language_barrier/learning_pyschosocial' is clicked on

2019-04-30 11:35:54 - [TEST_STEP][PASSED] - delay(1): Delayed 1 second(s)

2019-04-30 11:35:55 - [MESSAGE][PASSED] - Delayed 1 second(s)

2019-04-30 11:35:55 - [TEST_STEP][PASSED] - setText(findTestObject("OASIS/Neurological/language_barrier/learning_psyschosocial_tf"), "Anti-social Behaviour"): Text 'Anti-social Behaviour' is set on object 'Object Repository/OASIS/Neurological/language_barrier/learning_psyschosocial_tf'

2019-04-30 11:35:57 - [MESSAGE][PASSED] - Text 'Anti-social Behaviour' is set on object 'Object Repository/OASIS/Neurological/language_barrier/learning_psyschosocial_tf'

2019-04-30 11:35:57 - [TEST_STEP][PASSED] - delay(1): Delayed 1 second(s)

2019-04-30 11:35:58 - [MESSAGE][PASSED] - Delayed 1 second(s)

2019-04-30 11:35:58 - [TEST_STEP][PASSED] - click(findTestObject("OASIS/Neurological/language_barrier/learning_unable_read")): Object: 'Object Repository/OASIS/Neurological/language_barrier/learning_unable_read' is clicked on

2019-04-30 11:35:58 - [MESSAGE][PASSED] - Object: 'Object Repository/OASIS/Neurological/language_barrier/learning_unable_read' is clicked on

2019-04-30 11:35:58 - [TEST_STEP][PASSED] - delay(1): Delayed 1 second(s)

2019-04-30 11:35:59 - [MESSAGE][PASSED] - Delayed 1 second(s)

2019-04-30 11:35:59 - [TEST_STEP][PASSED] - click(findTestObject("OASIS/Neurological/language_barrier/learning_unable_write")): Object: 'Object Repository/OASIS/Neurological/language_barrier/learning_unable_write' is clicked on

2019-04-30 11:35:59 - [MESSAGE][PASSED] - Object: 'Object Repository/OASIS/Neurological/language_barrier/learning_unable_write' is clicked on

2019-04-30 11:35:59 - [TEST_STEP][PASSED] - delay(1): Delayed 1 second(s)

2019-04-30 11:36:00 - [MESSAGE][PASSED] - Delayed 1 second(s)

2019-04-30 11:36:00 - [TEST_STEP][PASSED] - click(findTestObject("OASIS/Neurological/language_barrier/signs_abuse_yes")): Object: 'Object Repository/OASIS/Neurological/language_barrier/signs_abuse_yes' is clicked on

2019-04-30 11:36:00 - [MESSAGE][PASSED] - Object: 'Object Repository/OASIS/Neurological/language_barrier/signs_abuse_yes' is clicked on

2019-04-30 11:36:00 - [TEST_STEP][PASSED] - delay(1): Delayed 1 second(s)

2019-04-30 11:36:01 - [MESSAGE][PASSED] - Delayed 1 second(s)

2019-04-30 11:36:01 - [TEST_STEP][PASSED] - click(findTestObject("OASIS/Neurological/language_barrier/signs_abuse_actual")): Object: 'Object Repository/OASIS/Neurological/language_barrier/signs_abuse_actual' is clicked on

2019-04-30 11:36:01 - [MESSAGE][PASSED] - Object: 'Object Repository/OASIS/Neurological/language_barrier/signs_abuse_actual' is clicked on

2019-04-30 11:36:01 - [TEST_STEP][PASSED] - delay(1): Delayed 1 second(s)

2019-04-30 11:36:02 - [MESSAGE][PASSED] - Delayed 1 second(s)

2019-04-30 11:36:02 - [TEST_STEP][PASSED] - click(findTestObject("OASIS/Neurological/language_barrier/signs_abuse_physical")): Object: 'Object Repository/OASIS/Neurological/language_barrier/signs_abuse_physical' is clicked on

2019-04-30 11:36:03 - [MESSAGE][PASSED] - Object: 'Object Repository/OASIS/Neurological/language_barrier/signs_abuse_physical' is clicked on

2019-04-30 11:36:03 - [TEST_STEP][PASSED] - delay(1): Delayed 1 second(s)

2019-04-30 11:36:04 - [MESSAGE][PASSED] - Delayed 1 second(s)

2019-04-30 11:36:04 - [TEST_STEP][PASSED] - setText(findTestObject("OASIS/Neurological/language_barrier/signs_abuse_physical_tf"), "Traumatic Experience"): Text 'Traumatic Experience' is set on object 'Object Repository/OASIS/Neurological/language_barrier/signs_abuse_physical_tf'

2019-04-30 11:36:05 - [MESSAGE][PASSED] - Text 'Traumatic Experience' is set on object 'Object Repository/OASIS/Neurological/language_barrier/signs_abuse_physical_tf'

2019-04-30 11:36:05 - [TEST_STEP][PASSED] - delay(1): Delayed 1 second(s)

2019-04-30 11:36:06 - [MESSAGE][PASSED] - Delayed 1 second(s)

2019-04-30 11:36:06 - [TEST_STEP][PASSED] - click(findTestObject("OASIS/Neurological/language_barrier/signs_abuse_verbal")): Object: 'Object Repository/OASIS/Neurological/language_barrier/signs_abuse_verbal' is clicked on

2019-04-30 11:36:06 - [MESSAGE][PASSED] - Object: 'Object Repository/OASIS/Neurological/language_barrier/signs_abuse_verbal' is clicked on

2019-04-30 11:36:06 - [TEST_STEP][PASSED] - delay(1): Delayed 1 second(s)

2019-04-30 11:36:07 - [MESSAGE][PASSED] - Delayed 1 second(s)

2019-04-30 11:36:07 - [TEST_STEP][PASSED] - setText(findTestObject("OASIS/Neurological/language_barrier/signs_abuse_verbal_tf"), "Traumatic Experience"): Text 'Traumatic Experience' is set on object 'Object Repository/OASIS/Neurological/language_barrier/signs_abuse_verbal_tf'

2019-04-30 11:36:09 - [MESSAGE][PASSED] - Text 'Traumatic Experience' is set on object 'Object Repository/OASIS/Neurological/language_barrier/signs_abuse_verbal_tf'

2019-04-30 11:36:09 - [TEST_STEP][PASSED] - delay(1): Delayed 1 second(s)

2019-04-30 11:36:10 - [MESSAGE][PASSED] - Delayed 1 second(s)

2019-04-30 11:36:10 - [TEST_STEP][PASSED] - click(findTestObject("OASIS/Neurological/language_barrier/signs_abuse_referredmsw")): Object: 'Object Repository/OASIS/Neurological/language_barrier/signs_abuse_referredmsw' is clicked on

2019-04-30 11:36:10 - [MESSAGE][PASSED] - Object: 'Object Repository/OASIS/Neurological/language_barrier/signs_abuse_referredmsw' is clicked on

2019-04-30 11:36:10 - [TEST_STEP][PASSED] - delay(1): Delayed 1 second(s)

2019-04-30 11:36:11 - [MESSAGE][PASSED] - Delayed 1 second(s)

2019-04-30 11:36:11 - [TEST_STEP][PASSED] - setText(findTestObject("OASIS/Neurological/language_barrier/signs_abuse_referredmsw_tf"), "Centers for MSW"): Text 'Centers for MSW' is set on object 'Object Repository/OASIS/Neurological/language_barrier/signs_abuse_referredmsw_tf'

2019-04-30 11:36:12 - [MESSAGE][PASSED] - Text 'Centers for MSW' is set on object 'Object Repository/OASIS/Neurological/language_barrier/signs_abuse_referredmsw_tf'

2019-04-30 11:36:12 - [TEST_STEP][PASSED] - delay(1): Delayed 1 second(s)

2019-04-30 11:36:13 - [MESSAGE][PASSED] - Delayed 1 second(s)

2019-04-30 11:36:13 - [TEST_STEP][PASSED] - click(findTestObject("OASIS/Neurological/language_barrier/signs_abuse_referredchildadult")): Object: 'Object Repository/OASIS/Neurological/language_barrier/signs_abuse_referredchildadult' is clicked on

2019-04-30 11:36:13 - [MESSAGE][PASSED] - Object: 'Object Repository/OASIS/Neurological/language_barrier/signs_abuse_referredchildadult' is clicked on

2019-04-30 11:36:13 - [TEST_STEP][PASSED] - delay(1): Delayed 1 second(s)

2019-04-30 11:36:14 - [MESSAGE][PASSED] - Delayed 1 second(s)

2019-04-30 11:36:14 - [TEST_STEP][PASSED] - click(findTestObject("OASIS/Neurological/language_barrier/spiritual_yes")): Object: 'Object Repository/OASIS/Neurological/language_barrier/spiritual_yes' is clicked on

2019-04-30 11:36:14 - [MESSAGE][PASSED] - Object: 'Object Repository/OASIS/Neurological/language_barrier/spiritual_yes' is clicked on

2019-04-30 11:36:14 - [TEST_STEP][PASSED] - delay(1): Delayed 1 second(s)

2019-04-30 11:36:15 - [MESSAGE][PASSED] - Delayed 1 second(s)

2019-04-30 11:36:15 - [TEST_STEP][PASSED] - setText(findTestObject("OASIS/Neurological/language_barrier/spiritual_impact_care"), "Sample Text"): Text 'Sample Text' is set on object 'Object Repository/OASIS/Neurological/language_barrier/spiritual_impact_care'

2019-04-30 11:36:16 - [MESSAGE][PASSED] - Text 'Sample Text' is set on object 'Object Repository/OASIS/Neurological/language_barrier/spiritual_impact_care'

2019-04-30 11:36:16 - [TEST_STEP][PASSED] - delay(1): Delayed 1 second(s)

2019-04-30 11:36:17 - [MESSAGE][PASSED] - Delayed 1 second(s)

2019-04-30 11:36:17 - [TEST_STEP][PASSED] - setText(findTestObject("OASIS/Neurological/language_barrier/spiritual_resource"), "Sample Text"): Text 'Sample Text' is set on object 'Object Repository/OASIS/Neurological/language_barrier/spiritual_resource'

2019-04-30 11:36:18 - [MESSAGE][PASSED] - Text 'Sample Text' is set on object 'Object Repository/OASIS/Neurological/language_barrier/spiritual_resource'

2019-04-30 11:36:18 - [TEST_STEP][PASSED] - delay(1): Delayed 1 second(s)

2019-04-30 11:36:19 - [MESSAGE][PASSED] - Delayed 1 second(s)

2019-04-30 11:36:19 - [TEST_STEP][PASSED] - setText(findTestObject("OASIS/Neurological/language_barrier/spiritual_contact"), "Sample Text"): Text 'Sample Text' is set on object 'Object Repository/OASIS/Neurological/language_barrier/spiritual_contact'

2019-04-30 11:36:20 - [MESSAGE][PASSED] - Text 'Sample Text' is set on object 'Object Repository/OASIS/Neurological/language_barrier/spiritual_contact'

2019-04-30 11:36:20 - [TEST_STEP][PASSED] - delay(1): Delayed 1 second(s)

2019-04-30 11:36:21 - [MESSAGE][PASSED] - Delayed 1 second(s)

2019-04-30 11:36:21 - [TEST_STEP][PASSED] - setText(findTestObject("OASIS/Neurological/language_barrier/spiritual_phone"), "2333242343"): Text '2333242343' is set on object 'Object Repository/OASIS/Neurological/language_barrier/spiritual_phone'

2019-04-30 11:36:22 - [MESSAGE][PASSED] - Text '2333242343' is set on object 'Object Repository/OASIS/Neurological/language_barrier/spiritual_phone'

2019-04-30 11:36:22 - [TEST_STEP][PASSED] - delay(1): Delayed 1 second(s)

2019-04-30 11:36:23 - [MESSAGE][PASSED] - Delayed 1 second(s)

2019-04-30 11:36:23 - [TEST_STEP][PASSED] - click(findTestObject("OASIS/Neurological/M1700_1")): Object: 'Object Repository/OASIS/Neurological/M1700_1' is clicked on

2019-04-30 11:36:23 - [MESSAGE][PASSED] - Object: 'Object Repository/OASIS/Neurological/M1700_1' is clicked on

2019-04-30 11:36:23 - [TEST_STEP][PASSED] - delay(1): Delayed 1 second(s)

2019-04-30 11:36:24 - [MESSAGE][PASSED] - Delayed 1 second(s)

2019-04-30 11:36:24 - [TEST_STEP][PASSED] - click(findTestObject("OASIS/Neurological/M1710_2")): Object: 'Object Repository/OASIS/Neurological/M1710_2' is clicked on

2019-04-30 11:36:24 - [MESSAGE][PASSED] - Object: 'Object Repository/OASIS/Neurological/M1710_2' is clicked on

2019-04-30 11:36:24 - [TEST_STEP][PASSED] - delay(1): Delayed 1 second(s)

2019-04-30 11:36:25 - [MESSAGE][PASSED] - Delayed 1 second(s)

2019-04-30 11:36:25 - [TEST_STEP][PASSED] - click(findTestObject("OASIS/Neurological/M1720_2")): Object: 'Object Repository/OASIS/Neurological/M1720_2' is clicked on

2019-04-30 11:36:25 - [MESSAGE][PASSED] - Object: 'Object Repository/OASIS/Neurological/M1720_2' is clicked on

2019-04-30 11:36:25 - [TEST_STEP][PASSED] - delay(1): Delayed 1 second(s)

2019-04-30 11:36:26 - [MESSAGE][PASSED] - Delayed 1 second(s)

2019-04-30 11:36:26 - [TEST_STEP][PASSED] - click(findTestObject("OASIS/Neurological/M1730_1")): Object: 'Object Repository/OASIS/Neurological/M1730_1' is clicked on

2019-04-30 11:36:26 - [MESSAGE][PASSED] - Object: 'Object Repository/OASIS/Neurological/M1730_1' is clicked on

2019-04-30 11:36:26 - [TEST_STEP][PASSED] - delay(1): Delayed 1 second(s)

2019-04-30 11:36:27 - [MESSAGE][PASSED] - Delayed 1 second(s)

2019-04-30 11:36:27 - [TEST_STEP][PASSED] - click(findTestObject("OASIS/Neurological/M1730_a_0")): Object: 'Object Repository/OASIS/Neurological/M1730_a_0' is clicked on

2019-04-30 11:36:28 - [MESSAGE][PASSED] - Object: 'Object Repository/OASIS/Neurological/M1730_a_0' is clicked on

2019-04-30 11:36:28 - [TEST_STEP][PASSED] - delay(1): Delayed 1 second(s)

2019-04-30 11:36:29 - [MESSAGE][PASSED] - Delayed 1 second(s)

2019-04-30 11:36:29 - [TEST_STEP][PASSED] - click(findTestObject("OASIS/Neurological/M1730_b_1")): Object: 'Object Repository/OASIS/Neurological/M1730_b_1' is clicked on

2019-04-30 11:36:29 - [MESSAGE][PASSED] - Object: 'Object Repository/OASIS/Neurological/M1730_b_1' is clicked on

2019-04-30 11:36:29 - [TEST_STEP][PASSED] - delay(1): Delayed 1 second(s)

2019-04-30 11:36:30 - [MESSAGE][PASSED] - Delayed 1 second(s)

2019-04-30 11:36:30 - [TEST_STEP][PASSED] - click(findTestObject("OASIS/Neurological/M1740_1")): Object: 'Object Repository/OASIS/Neurological/M1740_1' is clicked on

2019-04-30 11:36:30 - [MESSAGE][PASSED] - Object: 'Object Repository/OASIS/Neurological/M1740_1' is clicked on

2019-04-30 11:36:30 - [TEST_STEP][PASSED] - delay(1): Delayed 1 second(s)

2019-04-30 11:36:31 - [MESSAGE][PASSED] - Delayed 1 second(s)

2019-04-30 11:36:31 - [TEST_STEP][NOT_RUN] - click(findTestObject("OASIS/Neurological/M1740_2")): NOT_RUN: click(findTestObject("OASIS/Neurological/M1740_2"))

2019-04-30 11:36:31 - [MESSAGE][NOT_RUN] - NOT_RUN: click(findTestObject("OASIS/Neurological/M1740_2"))

2019-04-30 11:36:31 - [TEST_STEP][PASSED] - delay(1): Delayed 1 second(s)

2019-04-30 11:36:32 - [MESSAGE][PASSED] - Delayed 1 second(s)

2019-04-30 11:36:32 - [TEST_STEP][PASSED] - click(findTestObject("OASIS/Neurological/M1740_3")): Object: 'Object Repository/OASIS/Neurological/M1740_3' is clicked on

2019-04-30 11:36:32 - [MESSAGE][PASSED] - Object: 'Object Repository/OASIS/Neurological/M1740_3' is clicked on

2019-04-30 11:36:32 - [TEST_STEP][PASSED] - delay(1): Delayed 1 second(s)

2019-04-30 11:36:33 - [MESSAGE][PASSED] - Delayed 1 second(s)

2019-04-30 11:36:33 - [TEST_STEP][PASSED] - click(findTestObject("OASIS/Neurological/M1740_4")): Object: 'Object Repository/OASIS/Neurological/M1740_4' is clicked on

2019-04-30 11:36:33 - [MESSAGE][PASSED] - Object: 'Object Repository/OASIS/Neurological/M1740_4' is clicked on

2019-04-30 11:36:33 - [TEST_STEP][PASSED] - delay(1): Delayed 1 second(s)

2019-04-30 11:36:34 - [MESSAGE][PASSED] - Delayed 1 second(s)

2019-04-30 11:36:34 - [TEST_STEP][PASSED] - click(findTestObject("OASIS/Neurological/M1740_5")): Object: 'Object Repository/OASIS/Neurological/M1740_5' is clicked on

2019-04-30 11:36:35 - [MESSAGE][PASSED] - Object: 'Object Repository/OASIS/Neurological/M1740_5' is clicked on

2019-04-30 11:36:35 - [TEST_STEP][PASSED] - delay(1): Delayed 1 second(s)

2019-04-30 11:36:36 - [MESSAGE][PASSED] - Delayed 1 second(s)

2019-04-30 11:36:36 - [TEST_STEP][NOT_RUN] - click(findTestObject("OASIS/Neurological/M1740_6")): NOT_RUN: click(findTestObject("OASIS/Neurological/M1740_6"))

2019-04-30 11:36:36 - [MESSAGE][NOT_RUN] - NOT_RUN: click(findTestObject("OASIS/Neurological/M1740_6"))

2019-04-30 11:36:36 - [TEST_STEP][PASSED] - delay(1): Delayed 1 second(s)

2019-04-30 11:36:37 - [MESSAGE][PASSED] - Delayed 1 second(s)

2019-04-30 11:36:37 - [TEST_STEP][PASSED] - click(findTestObject("OASIS/Neurological/M1740_7")): Object: 'Object Repository/OASIS/Neurological/M1740_7' is clicked on

2019-04-30 11:36:37 - [MESSAGE][PASSED] - Object: 'Object Repository/OASIS/Neurological/M1740_7' is clicked on

2019-04-30 11:36:37 - [TEST_STEP][PASSED] - click(findTestObject("OASIS/Neurological/M1745_4")): Object: 'Object Repository/OASIS/Neurological/M1745_4' is clicked on

2019-04-30 11:36:37 - [MESSAGE][PASSED] - Object: 'Object Repository/OASIS/Neurological/M1745_4' is clicked on

2019-04-30 11:36:37 - [TEST_STEP][PASSED] - delay(5): Delayed 5 second(s)

2019-04-30 11:36:42 - [MESSAGE][PASSED] - Delayed 5 second(s)

2019-04-30 11:36:42 - [TEST_STEP][PASSED] - click(findTestObject("OASIS/OASIS_TABS/discardchangesbtn")): Object: 'Object Repository/OASIS/OASIS_TABS/discardchangesbtn' is clicked on

2019-04-30 11:36:42 - [MESSAGE][PASSED] - Object: 'Object Repository/OASIS/OASIS_TABS/discardchangesbtn' is clicked on

2019-04-30 11:36:42 - [TEST_STEP][PASSED] - delay(2): Delayed 2 second(s)

2019-04-30 11:36:44 - [MESSAGE][PASSED] - Delayed 2 second(s)

2019-04-30 11:36:44 - [TEST_STEP][PASSED] - click(findTestObject("OASIS/OASIS_TABS/discardchangesmodalbtn")): Object: 'Object Repository/OASIS/OASIS_TABS/discardchangesmodalbtn' is clicked on

2019-04-30 11:36:44 - [MESSAGE][PASSED] - Object: 'Object Repository/OASIS/OASIS_TABS/discardchangesmodalbtn' is clicked on

2019-04-30 11:36:44 - [TEST_STEP][PASSED] - delay(5): Delayed 5 second(s)

2019-04-30 11:36:49 - [MESSAGE][PASSED] - Delayed 5 second(s)]]></system-out>
         <system-err><![CDATA[]]></system-err>
      </testcase>
      <testcase name="Test Cases/OASIS_SOC/ADLs" classname="Test Cases/OASIS_SOC/ADLs" status="PASSED">
         <system-out><![CDATA[2019-04-30 11:36:49 - [TEST_CASE][PASSED] - Test Cases/OASIS_SOC/ADLs: Test Cases/OASIS_SOC/ADLs

2019-04-30 11:36:49 - [TEST_STEP][PASSED] - click(findTestObject("OASIS/OASIS_TABS/ADL_tab")): Object: 'Object Repository/OASIS/OASIS_TABS/ADL_tab' is clicked on

2019-04-30 11:36:49 - [MESSAGE][PASSED] - Object: 'Object Repository/OASIS/OASIS_TABS/ADL_tab' is clicked on

2019-04-30 11:36:49 - [TEST_STEP][PASSED] - delay(5): Delayed 5 second(s)

2019-04-30 11:36:54 - [MESSAGE][PASSED] - Delayed 5 second(s)

2019-04-30 11:36:54 - [TEST_STEP][PASSED] - click(findTestObject("OASIS/ADLs-IADLs/adls_mucko_status/adls_ms_muscle_strength_strong")): Object: 'Object Repository/OASIS/ADLs-IADLs/adls_mucko_status/adls_ms_muscle_strength_strong' is clicked on

2019-04-30 11:36:55 - [MESSAGE][PASSED] - Object: 'Object Repository/OASIS/ADLs-IADLs/adls_mucko_status/adls_ms_muscle_strength_strong' is clicked on

2019-04-30 11:36:55 - [TEST_STEP][PASSED] - click(findTestObject("OASIS/ADLs-IADLs/adls_mucko_status/adls_ms_rom_limited")): Object: 'Object Repository/OASIS/ADLs-IADLs/adls_mucko_status/adls_ms_rom_limited' is clicked on

2019-04-30 11:36:55 - [MESSAGE][PASSED] - Object: 'Object Repository/OASIS/ADLs-IADLs/adls_mucko_status/adls_ms_rom_limited' is clicked on

2019-04-30 11:36:55 - [TEST_STEP][PASSED] - click(findTestObject("OASIS/ADLs-IADLs/adls_mucko_status/adls_ms_loc_lue")): Object: 'Object Repository/OASIS/ADLs-IADLs/adls_mucko_status/adls_ms_loc_lue' is clicked on

2019-04-30 11:36:55 - [MESSAGE][PASSED] - Object: 'Object Repository/OASIS/ADLs-IADLs/adls_mucko_status/adls_ms_loc_lue' is clicked on

2019-04-30 11:36:55 - [TEST_STEP][PASSED] - click(findTestObject("OASIS/ADLs-IADLs/adls_mucko_status/adls_ms_loc_rue")): Object: 'Object Repository/OASIS/ADLs-IADLs/adls_mucko_status/adls_ms_loc_rue' is clicked on

2019-04-30 11:36:55 - [MESSAGE][PASSED] - Object: 'Object Repository/OASIS/ADLs-IADLs/adls_mucko_status/adls_ms_loc_rue' is clicked on

2019-04-30 11:36:55 - [TEST_STEP][PASSED] - click(findTestObject("OASIS/ADLs-IADLs/adls_mucko_status/adls_ms_loc_lle")): Object: 'Object Repository/OASIS/ADLs-IADLs/adls_mucko_status/adls_ms_loc_lle' is clicked on

2019-04-30 11:36:56 - [MESSAGE][PASSED] - Object: 'Object Repository/OASIS/ADLs-IADLs/adls_mucko_status/adls_ms_loc_lle' is clicked on

2019-04-30 11:36:56 - [TEST_STEP][PASSED] - click(findTestObject("OASIS/ADLs-IADLs/adls_mucko_status/adls_ms_loc_rle")): Object: 'Object Repository/OASIS/ADLs-IADLs/adls_mucko_status/adls_ms_loc_rle' is clicked on

2019-04-30 11:36:56 - [MESSAGE][PASSED] - Object: 'Object Repository/OASIS/ADLs-IADLs/adls_mucko_status/adls_ms_loc_rle' is clicked on

2019-04-30 11:36:56 - [TEST_STEP][PASSED] - click(findTestObject("OASIS/ADLs-IADLs/adls_mucko_status/adls_ms_bedmob_independent")): Object: 'Object Repository/OASIS/ADLs-IADLs/adls_mucko_status/adls_ms_bedmob_independent' is clicked on

2019-04-30 11:36:56 - [MESSAGE][PASSED] - Object: 'Object Repository/OASIS/ADLs-IADLs/adls_mucko_status/adls_ms_bedmob_independent' is clicked on

2019-04-30 11:36:56 - [TEST_STEP][PASSED] - click(findTestObject("OASIS/ADLs-IADLs/adls_mucko_status/adls_ms_transferab_moderate")): Object: 'Object Repository/OASIS/ADLs-IADLs/adls_mucko_status/adls_ms_transferab_moderate' is clicked on

2019-04-30 11:36:56 - [MESSAGE][PASSED] - Object: 'Object Repository/OASIS/ADLs-IADLs/adls_mucko_status/adls_ms_transferab_moderate' is clicked on

2019-04-30 11:36:56 - [TEST_STEP][PASSED] - click(findTestObject("OASIS/ADLs-IADLs/adls_mucko_status/adls_ms_gait_steady")): Object: 'Object Repository/OASIS/ADLs-IADLs/adls_mucko_status/adls_ms_gait_steady' is clicked on

2019-04-30 11:36:56 - [MESSAGE][PASSED] - Object: 'Object Repository/OASIS/ADLs-IADLs/adls_mucko_status/adls_ms_gait_steady' is clicked on

2019-04-30 11:36:56 - [TEST_STEP][PASSED] - click(findTestObject("OASIS/ADLs-IADLs/adls_mucko_status/adls_ms_balance_fair")): Object: 'Object Repository/OASIS/ADLs-IADLs/adls_mucko_status/adls_ms_balance_fair' is clicked on

2019-04-30 11:36:57 - [MESSAGE][PASSED] - Object: 'Object Repository/OASIS/ADLs-IADLs/adls_mucko_status/adls_ms_balance_fair' is clicked on

2019-04-30 11:36:57 - [TEST_STEP][PASSED] - click(findTestObject("OASIS/ADLs-IADLs/adls_mucko_status/adls_ms_riskfalls_high")): Object: 'Object Repository/OASIS/ADLs-IADLs/adls_mucko_status/adls_ms_riskfalls_high' is clicked on

2019-04-30 11:36:57 - [MESSAGE][PASSED] - Object: 'Object Repository/OASIS/ADLs-IADLs/adls_mucko_status/adls_ms_riskfalls_high' is clicked on

2019-04-30 11:36:57 - [TEST_STEP][PASSED] - click(findTestObject("OASIS/ADLs-IADLs/adls_mucko_status/adls_ms_amputation_bk")): Object: 'Object Repository/OASIS/ADLs-IADLs/adls_mucko_status/adls_ms_amputation_bk' is clicked on

2019-04-30 11:36:57 - [MESSAGE][PASSED] - Object: 'Object Repository/OASIS/ADLs-IADLs/adls_mucko_status/adls_ms_amputation_bk' is clicked on

2019-04-30 11:36:57 - [TEST_STEP][PASSED] - click(findTestObject("OASIS/ADLs-IADLs/adls_mucko_status/adls_ms_amputation_ak")): Object: 'Object Repository/OASIS/ADLs-IADLs/adls_mucko_status/adls_ms_amputation_ak' is clicked on

2019-04-30 11:36:57 - [MESSAGE][PASSED] - Object: 'Object Repository/OASIS/ADLs-IADLs/adls_mucko_status/adls_ms_amputation_ak' is clicked on

2019-04-30 11:36:57 - [TEST_STEP][PASSED] - click(findTestObject("OASIS/ADLs-IADLs/adls_mucko_status/adls_ms_amputation_ue")): Object: 'Object Repository/OASIS/ADLs-IADLs/adls_mucko_status/adls_ms_amputation_ue' is clicked on

2019-04-30 11:36:57 - [MESSAGE][PASSED] - Object: 'Object Repository/OASIS/ADLs-IADLs/adls_mucko_status/adls_ms_amputation_ue' is clicked on

2019-04-30 11:36:57 - [TEST_STEP][PASSED] - setText(findTestObject("OASIS/ADLs-IADLs/adls_mucko_status/adls_ms_amputation_tf"), "Sample Text"): Text 'Sample Text' is set on object 'Object Repository/OASIS/ADLs-IADLs/adls_mucko_status/adls_ms_amputation_tf'

2019-04-30 11:36:58 - [MESSAGE][PASSED] - Text 'Sample Text' is set on object 'Object Repository/OASIS/ADLs-IADLs/adls_mucko_status/adls_ms_amputation_tf'

2019-04-30 11:36:58 - [TEST_STEP][PASSED] - click(findTestObject("OASIS/ADLs-IADLs/adls_mucko_status/adls_ms_amputation_l")): Object: 'Object Repository/OASIS/ADLs-IADLs/adls_mucko_status/adls_ms_amputation_l' is clicked on

2019-04-30 11:36:59 - [MESSAGE][PASSED] - Object: 'Object Repository/OASIS/ADLs-IADLs/adls_mucko_status/adls_ms_amputation_l' is clicked on

2019-04-30 11:36:59 - [TEST_STEP][PASSED] - click(findTestObject("OASIS/ADLs-IADLs/adls_mucko_status/adls_ms_amputation_r")): Object: 'Object Repository/OASIS/ADLs-IADLs/adls_mucko_status/adls_ms_amputation_r' is clicked on

2019-04-30 11:36:59 - [MESSAGE][PASSED] - Object: 'Object Repository/OASIS/ADLs-IADLs/adls_mucko_status/adls_ms_amputation_r' is clicked on

2019-04-30 11:36:59 - [TEST_STEP][PASSED] - click(findTestObject("OASIS/ADLs-IADLs/adls_mucko_status/adls_ms_fracture_new")): Object: 'Object Repository/OASIS/ADLs-IADLs/adls_mucko_status/adls_ms_fracture_new' is clicked on

2019-04-30 11:36:59 - [MESSAGE][PASSED] - Object: 'Object Repository/OASIS/ADLs-IADLs/adls_mucko_status/adls_ms_fracture_new' is clicked on

2019-04-30 11:36:59 - [TEST_STEP][PASSED] - setText(findTestObject("OASIS/ADLs-IADLs/adls_mucko_status/adls_ms_fracture_location"), "Sample Text"): Text 'Sample Text' is set on object 'Object Repository/OASIS/ADLs-IADLs/adls_mucko_status/adls_ms_fracture_location'

2019-04-30 11:37:00 - [MESSAGE][PASSED] - Text 'Sample Text' is set on object 'Object Repository/OASIS/ADLs-IADLs/adls_mucko_status/adls_ms_fracture_location'

2019-04-30 11:37:00 - [TEST_STEP][PASSED] - click(findTestObject("OASIS/ADLs-IADLs/adls_mucko_status/if_case_present/adls_cast_present_character_swelling")): Object: 'Object Repository/OASIS/ADLs-IADLs/adls_mucko_status/if_case_present/adls_cast_present_character_swelling' is clicked on

2019-04-30 11:37:00 - [MESSAGE][PASSED] - Object: 'Object Repository/OASIS/ADLs-IADLs/adls_mucko_status/if_case_present/adls_cast_present_character_swelling' is clicked on

2019-04-30 11:37:00 - [TEST_STEP][PASSED] - setText(findTestObject("OASIS/ADLs-IADLs/adls_mucko_status/if_case_present/adls_cast_present_character_swelling_tf"), "Sample Text"): Text 'Sample Text' is set on object 'Object Repository/OASIS/ADLs-IADLs/adls_mucko_status/if_case_present/adls_cast_present_character_swelling_tf'

2019-04-30 11:37:02 - [MESSAGE][PASSED] - Text 'Sample Text' is set on object 'Object Repository/OASIS/ADLs-IADLs/adls_mucko_status/if_case_present/adls_cast_present_character_swelling_tf'

2019-04-30 11:37:02 - [TEST_STEP][PASSED] - click(findTestObject("OASIS/ADLs-IADLs/adls_mucko_status/if_case_present/adls_cast_present_character_pallor")): Object: 'Object Repository/OASIS/ADLs-IADLs/adls_mucko_status/if_case_present/adls_cast_present_character_pallor' is clicked on

2019-04-30 11:37:02 - [MESSAGE][PASSED] - Object: 'Object Repository/OASIS/ADLs-IADLs/adls_mucko_status/if_case_present/adls_cast_present_character_pallor' is clicked on

2019-04-30 11:37:02 - [TEST_STEP][PASSED] - setText(findTestObject("OASIS/ADLs-IADLs/adls_mucko_status/if_case_present/adls_cast_present_character_pallor_tf"), "Sample Text"): Text 'Sample Text' is set on object 'Object Repository/OASIS/ADLs-IADLs/adls_mucko_status/if_case_present/adls_cast_present_character_pallor_tf'

2019-04-30 11:37:03 - [MESSAGE][PASSED] - Text 'Sample Text' is set on object 'Object Repository/OASIS/ADLs-IADLs/adls_mucko_status/if_case_present/adls_cast_present_character_pallor_tf'

2019-04-30 11:37:03 - [TEST_STEP][PASSED] - click(findTestObject("OASIS/ADLs-IADLs/adls_mucko_status/if_case_present/adls_cast_present_character_pain")): Object: 'Object Repository/OASIS/ADLs-IADLs/adls_mucko_status/if_case_present/adls_cast_present_character_pain' is clicked on

2019-04-30 11:37:03 - [MESSAGE][PASSED] - Object: 'Object Repository/OASIS/ADLs-IADLs/adls_mucko_status/if_case_present/adls_cast_present_character_pain' is clicked on

2019-04-30 11:37:03 - [TEST_STEP][PASSED] - setText(findTestObject("OASIS/ADLs-IADLs/adls_mucko_status/if_case_present/adls_cast_present_character_pain_tf"), "Sample Text"): Text 'Sample Text' is set on object 'Object Repository/OASIS/ADLs-IADLs/adls_mucko_status/if_case_present/adls_cast_present_character_pain_tf'

2019-04-30 11:37:04 - [MESSAGE][PASSED] - Text 'Sample Text' is set on object 'Object Repository/OASIS/ADLs-IADLs/adls_mucko_status/if_case_present/adls_cast_present_character_pain_tf'

2019-04-30 11:37:04 - [TEST_STEP][PASSED] - click(findTestObject("OASIS/ADLs-IADLs/adls_mucko_status/if_case_present/adls_cast_present_skintemp_warm")): Object: 'Object Repository/OASIS/ADLs-IADLs/adls_mucko_status/if_case_present/adls_cast_present_skintemp_warm' is clicked on

2019-04-30 11:37:05 - [MESSAGE][PASSED] - Object: 'Object Repository/OASIS/ADLs-IADLs/adls_mucko_status/if_case_present/adls_cast_present_skintemp_warm' is clicked on

2019-04-30 11:37:05 - [TEST_STEP][PASSED] - click(findTestObject("OASIS/ADLs-IADLs/adls_mucko_status/if_case_present/adls_cast_present_mobility_abletomove")): Object: 'Object Repository/OASIS/ADLs-IADLs/adls_mucko_status/if_case_present/adls_cast_present_mobility_abletomove' is clicked on

2019-04-30 11:37:05 - [MESSAGE][PASSED] - Object: 'Object Repository/OASIS/ADLs-IADLs/adls_mucko_status/if_case_present/adls_cast_present_mobility_abletomove' is clicked on

2019-04-30 11:37:05 - [TEST_STEP][PASSED] - setText(findTestObject("OASIS/ADLs-IADLs/adls_mucko_status/if_case_present/adls_cast_present_mobility_abletomove_tf"), "Sample Text"): Text 'Sample Text' is set on object 'Object Repository/OASIS/ADLs-IADLs/adls_mucko_status/if_case_present/adls_cast_present_mobility_abletomove_tf'

2019-04-30 11:37:06 - [MESSAGE][PASSED] - Text 'Sample Text' is set on object 'Object Repository/OASIS/ADLs-IADLs/adls_mucko_status/if_case_present/adls_cast_present_mobility_abletomove_tf'

2019-04-30 11:37:06 - [TEST_STEP][PASSED] - click(findTestObject("OASIS/ADLs-IADLs/adls_mucko_status/if_case_present/adls_cast_present_capillary_more3sec")): Object: 'Object Repository/OASIS/ADLs-IADLs/adls_mucko_status/if_case_present/adls_cast_present_capillary_more3sec' is clicked on

2019-04-30 11:37:06 - [MESSAGE][PASSED] - Object: 'Object Repository/OASIS/ADLs-IADLs/adls_mucko_status/if_case_present/adls_cast_present_capillary_more3sec' is clicked on

2019-04-30 11:37:06 - [TEST_STEP][PASSED] - delay(1): Delayed 1 second(s)

2019-04-30 11:37:07 - [MESSAGE][PASSED] - Delayed 1 second(s)

2019-04-30 11:37:07 - [TEST_STEP][PASSED] - click(findTestObject("OASIS/ADLs-IADLs/adls_functional_limitations/adls_functional_ambulation")): Object: 'Object Repository/OASIS/ADLs-IADLs/adls_functional_limitations/adls_functional_ambulation' is clicked on

2019-04-30 11:37:07 - [MESSAGE][PASSED] - Object: 'Object Repository/OASIS/ADLs-IADLs/adls_functional_limitations/adls_functional_ambulation' is clicked on

2019-04-30 11:37:07 - [TEST_STEP][PASSED] - click(findTestObject("OASIS/ADLs-IADLs/adls_functional_limitations/adls_functional_endurance")): Object: 'Object Repository/OASIS/ADLs-IADLs/adls_functional_limitations/adls_functional_endurance' is clicked on

2019-04-30 11:37:08 - [MESSAGE][PASSED] - Object: 'Object Repository/OASIS/ADLs-IADLs/adls_functional_limitations/adls_functional_endurance' is clicked on

2019-04-30 11:37:08 - [TEST_STEP][PASSED] - click(findTestObject("OASIS/ADLs-IADLs/adls_functional_limitations/adls_functional_contracture")): Object: 'Object Repository/OASIS/ADLs-IADLs/adls_functional_limitations/adls_functional_contracture' is clicked on

2019-04-30 11:37:08 - [MESSAGE][PASSED] - Object: 'Object Repository/OASIS/ADLs-IADLs/adls_functional_limitations/adls_functional_contracture' is clicked on

2019-04-30 11:37:08 - [TEST_STEP][PASSED] - click(findTestObject("OASIS/ADLs-IADLs/adls_functional_limitations/adls_functional_paralysis")): Object: 'Object Repository/OASIS/ADLs-IADLs/adls_functional_limitations/adls_functional_paralysis' is clicked on

2019-04-30 11:37:08 - [MESSAGE][PASSED] - Object: 'Object Repository/OASIS/ADLs-IADLs/adls_functional_limitations/adls_functional_paralysis' is clicked on

2019-04-30 11:37:08 - [TEST_STEP][PASSED] - click(findTestObject("OASIS/ADLs-IADLs/adls_functional_limitations/adls_functional_amputation")): Object: 'Object Repository/OASIS/ADLs-IADLs/adls_functional_limitations/adls_functional_amputation' is clicked on

2019-04-30 11:37:08 - [MESSAGE][PASSED] - Object: 'Object Repository/OASIS/ADLs-IADLs/adls_functional_limitations/adls_functional_amputation' is clicked on

2019-04-30 11:37:08 - [TEST_STEP][PASSED] - click(findTestObject("OASIS/ADLs-IADLs/adls_functional_limitations/adls_functional_legally_blind")): Object: 'Object Repository/OASIS/ADLs-IADLs/adls_functional_limitations/adls_functional_legally_blind' is clicked on

2019-04-30 11:37:09 - [MESSAGE][PASSED] - Object: 'Object Repository/OASIS/ADLs-IADLs/adls_functional_limitations/adls_functional_legally_blind' is clicked on

2019-04-30 11:37:09 - [TEST_STEP][PASSED] - click(findTestObject("OASIS/ADLs-IADLs/adls_functional_limitations/adls_functional_hearing")): Object: 'Object Repository/OASIS/ADLs-IADLs/adls_functional_limitations/adls_functional_hearing' is clicked on

2019-04-30 11:37:09 - [MESSAGE][PASSED] - Object: 'Object Repository/OASIS/ADLs-IADLs/adls_functional_limitations/adls_functional_hearing' is clicked on

2019-04-30 11:37:09 - [TEST_STEP][PASSED] - click(findTestObject("OASIS/ADLs-IADLs/adls_functional_limitations/adls_functional_speech")): Object: 'Object Repository/OASIS/ADLs-IADLs/adls_functional_limitations/adls_functional_speech' is clicked on

2019-04-30 11:37:09 - [MESSAGE][PASSED] - Object: 'Object Repository/OASIS/ADLs-IADLs/adls_functional_limitations/adls_functional_speech' is clicked on

2019-04-30 11:37:09 - [TEST_STEP][PASSED] - click(findTestObject("OASIS/ADLs-IADLs/adls_functional_limitations/adls_functional_dyspnea")): Object: 'Object Repository/OASIS/ADLs-IADLs/adls_functional_limitations/adls_functional_dyspnea' is clicked on

2019-04-30 11:37:09 - [MESSAGE][PASSED] - Object: 'Object Repository/OASIS/ADLs-IADLs/adls_functional_limitations/adls_functional_dyspnea' is clicked on

2019-04-30 11:37:09 - [TEST_STEP][PASSED] - click(findTestObject("OASIS/ADLs-IADLs/adls_functional_limitations/adls_functional_bowel")): Object: 'Object Repository/OASIS/ADLs-IADLs/adls_functional_limitations/adls_functional_bowel' is clicked on

2019-04-30 11:37:09 - [MESSAGE][PASSED] - Object: 'Object Repository/OASIS/ADLs-IADLs/adls_functional_limitations/adls_functional_bowel' is clicked on

2019-04-30 11:37:09 - [TEST_STEP][PASSED] - setText(findTestObject("OASIS/ADLs-IADLs/adls_functional_limitations/adls_functional_other"), "Motor ability"): Text 'Motor ability' is set on object 'Object Repository/OASIS/ADLs-IADLs/adls_functional_limitations/adls_functional_other'

2019-04-30 11:37:11 - [MESSAGE][PASSED] - Text 'Motor ability' is set on object 'Object Repository/OASIS/ADLs-IADLs/adls_functional_limitations/adls_functional_other'

2019-04-30 11:37:11 - [TEST_STEP][PASSED] - delay(1): Delayed 1 second(s)

2019-04-30 11:37:12 - [MESSAGE][PASSED] - Delayed 1 second(s)

2019-04-30 11:37:12 - [TEST_STEP][PASSED] - click(findTestObject("OASIS/ADLs-IADLs/adls_activities_permitted/adls_act_permitted_independentathome")): Object: 'Object Repository/OASIS/ADLs-IADLs/adls_activities_permitted/adls_act_permitted_independentathome' is clicked on

2019-04-30 11:37:12 - [MESSAGE][PASSED] - Object: 'Object Repository/OASIS/ADLs-IADLs/adls_activities_permitted/adls_act_permitted_independentathome' is clicked on

2019-04-30 11:37:12 - [TEST_STEP][PASSED] - click(findTestObject("OASIS/ADLs-IADLs/adls_activities_permitted/adls_act_permitted_upastolerated")): Object: 'Object Repository/OASIS/ADLs-IADLs/adls_activities_permitted/adls_act_permitted_upastolerated' is clicked on

2019-04-30 11:37:12 - [MESSAGE][PASSED] - Object: 'Object Repository/OASIS/ADLs-IADLs/adls_activities_permitted/adls_act_permitted_upastolerated' is clicked on

2019-04-30 11:37:12 - [TEST_STEP][PASSED] - click(findTestObject("OASIS/ADLs-IADLs/adls_activities_permitted/adls_act_permitted_bedrest")): Object: 'Object Repository/OASIS/ADLs-IADLs/adls_activities_permitted/adls_act_permitted_bedrest' is clicked on

2019-04-30 11:37:12 - [MESSAGE][PASSED] - Object: 'Object Repository/OASIS/ADLs-IADLs/adls_activities_permitted/adls_act_permitted_bedrest' is clicked on

2019-04-30 11:37:12 - [TEST_STEP][PASSED] - click(findTestObject("OASIS/ADLs-IADLs/adls_activities_permitted/adls_act_permitted_complete_bedrest")): Object: 'Object Repository/OASIS/ADLs-IADLs/adls_activities_permitted/adls_act_permitted_complete_bedrest' is clicked on

2019-04-30 11:37:13 - [MESSAGE][PASSED] - Object: 'Object Repository/OASIS/ADLs-IADLs/adls_activities_permitted/adls_act_permitted_complete_bedrest' is clicked on

2019-04-30 11:37:13 - [TEST_STEP][PASSED] - click(findTestObject("OASIS/ADLs-IADLs/adls_activities_permitted/adls_act_permitted_transferbed")): Object: 'Object Repository/OASIS/ADLs-IADLs/adls_activities_permitted/adls_act_permitted_transferbed' is clicked on

2019-04-30 11:37:13 - [MESSAGE][PASSED] - Object: 'Object Repository/OASIS/ADLs-IADLs/adls_activities_permitted/adls_act_permitted_transferbed' is clicked on

2019-04-30 11:37:13 - [TEST_STEP][PASSED] - click(findTestObject("OASIS/ADLs-IADLs/adls_activities_permitted/adls_act_permitted_partialweight")): Object: 'Object Repository/OASIS/ADLs-IADLs/adls_activities_permitted/adls_act_permitted_partialweight' is clicked on

2019-04-30 11:37:13 - [MESSAGE][PASSED] - Object: 'Object Repository/OASIS/ADLs-IADLs/adls_activities_permitted/adls_act_permitted_partialweight' is clicked on

2019-04-30 11:37:13 - [TEST_STEP][PASSED] - click(findTestObject("OASIS/ADLs-IADLs/adls_activities_permitted/adls_act_permitted_walker")): Object: 'Object Repository/OASIS/ADLs-IADLs/adls_activities_permitted/adls_act_permitted_walker' is clicked on

2019-04-30 11:37:13 - [MESSAGE][PASSED] - Object: 'Object Repository/OASIS/ADLs-IADLs/adls_activities_permitted/adls_act_permitted_walker' is clicked on

2019-04-30 11:37:13 - [TEST_STEP][PASSED] - click(findTestObject("OASIS/ADLs-IADLs/adls_activities_permitted/adls_act_permitted_wheelchair")): Object: 'Object Repository/OASIS/ADLs-IADLs/adls_activities_permitted/adls_act_permitted_wheelchair' is clicked on

2019-04-30 11:37:13 - [MESSAGE][PASSED] - Object: 'Object Repository/OASIS/ADLs-IADLs/adls_activities_permitted/adls_act_permitted_wheelchair' is clicked on

2019-04-30 11:37:13 - [TEST_STEP][PASSED] - click(findTestObject("OASIS/ADLs-IADLs/adls_activities_permitted/adls_act_permitted_cane")): Object: 'Object Repository/OASIS/ADLs-IADLs/adls_activities_permitted/adls_act_permitted_cane' is clicked on

2019-04-30 11:37:14 - [MESSAGE][PASSED] - Object: 'Object Repository/OASIS/ADLs-IADLs/adls_activities_permitted/adls_act_permitted_cane' is clicked on

2019-04-30 11:37:14 - [TEST_STEP][PASSED] - click(findTestObject("OASIS/ADLs-IADLs/adls_activities_permitted/adls_act_permitted_crutches")): Object: 'Object Repository/OASIS/ADLs-IADLs/adls_activities_permitted/adls_act_permitted_crutches' is clicked on

2019-04-30 11:37:14 - [MESSAGE][PASSED] - Object: 'Object Repository/OASIS/ADLs-IADLs/adls_activities_permitted/adls_act_permitted_crutches' is clicked on

2019-04-30 11:37:14 - [TEST_STEP][PASSED] - click(findTestObject("OASIS/ADLs-IADLs/adls_activities_permitted/adls_act_permitted_norestrictions")): Object: 'Object Repository/OASIS/ADLs-IADLs/adls_activities_permitted/adls_act_permitted_norestrictions' is clicked on

2019-04-30 11:37:14 - [MESSAGE][PASSED] - Object: 'Object Repository/OASIS/ADLs-IADLs/adls_activities_permitted/adls_act_permitted_norestrictions' is clicked on

2019-04-30 11:37:14 - [TEST_STEP][PASSED] - click(findTestObject("OASIS/ADLs-IADLs/adls_activities_permitted/adls_act_permitted_excercises")): Object: 'Object Repository/OASIS/ADLs-IADLs/adls_activities_permitted/adls_act_permitted_excercises' is clicked on

2019-04-30 11:37:14 - [MESSAGE][PASSED] - Object: 'Object Repository/OASIS/ADLs-IADLs/adls_activities_permitted/adls_act_permitted_excercises' is clicked on

2019-04-30 11:37:14 - [TEST_STEP][PASSED] - setText(findTestObject("OASIS/ADLs-IADLs/adls_activities_permitted/adls_act_permitted_other"), "Walking"): Text 'Walking' is set on object 'Object Repository/OASIS/ADLs-IADLs/adls_activities_permitted/adls_act_permitted_other'

2019-04-30 11:37:15 - [MESSAGE][PASSED] - Text 'Walking' is set on object 'Object Repository/OASIS/ADLs-IADLs/adls_activities_permitted/adls_act_permitted_other'

2019-04-30 11:37:15 - [TEST_STEP][PASSED] - delay(1): Delayed 1 second(s)

2019-04-30 11:37:16 - [MESSAGE][PASSED] - Delayed 1 second(s)

2019-04-30 11:37:16 - [TEST_STEP][PASSED] - click(findTestObject("OASIS/ADLs-IADLs/M1800_1")): Object: 'Object Repository/OASIS/ADLs-IADLs/M1800_1' is clicked on

2019-04-30 11:37:16 - [MESSAGE][PASSED] - Object: 'Object Repository/OASIS/ADLs-IADLs/M1800_1' is clicked on

2019-04-30 11:37:16 - [TEST_STEP][PASSED] - delay(1): Delayed 1 second(s)

2019-04-30 11:37:17 - [MESSAGE][PASSED] - Delayed 1 second(s)

2019-04-30 11:37:17 - [TEST_STEP][PASSED] - click(findTestObject("OASIS/ADLs-IADLs/M1810_0")): Object: 'Object Repository/OASIS/ADLs-IADLs/M1810_0' is clicked on

2019-04-30 11:37:17 - [MESSAGE][PASSED] - Object: 'Object Repository/OASIS/ADLs-IADLs/M1810_0' is clicked on

2019-04-30 11:37:17 - [TEST_STEP][PASSED] - delay(1): Delayed 1 second(s)

2019-04-30 11:37:18 - [MESSAGE][PASSED] - Delayed 1 second(s)

2019-04-30 11:37:18 - [TEST_STEP][PASSED] - click(findTestObject("OASIS/ADLs-IADLs/M1820_1")): Object: 'Object Repository/OASIS/ADLs-IADLs/M1820_1' is clicked on

2019-04-30 11:37:19 - [MESSAGE][PASSED] - Object: 'Object Repository/OASIS/ADLs-IADLs/M1820_1' is clicked on

2019-04-30 11:37:19 - [TEST_STEP][PASSED] - delay(1): Delayed 1 second(s)

2019-04-30 11:37:20 - [MESSAGE][PASSED] - Delayed 1 second(s)

2019-04-30 11:37:20 - [TEST_STEP][PASSED] - click(findTestObject("OASIS/ADLs-IADLs/M1830_1")): Object: 'Object Repository/OASIS/ADLs-IADLs/M1830_1' is clicked on

2019-04-30 11:37:20 - [MESSAGE][PASSED] - Object: 'Object Repository/OASIS/ADLs-IADLs/M1830_1' is clicked on

2019-04-30 11:37:20 - [TEST_STEP][PASSED] - delay(1): Delayed 1 second(s)

2019-04-30 11:37:21 - [MESSAGE][PASSED] - Delayed 1 second(s)

2019-04-30 11:37:21 - [TEST_STEP][PASSED] - click(findTestObject("OASIS/ADLs-IADLs/M1840_0")): Object: 'Object Repository/OASIS/ADLs-IADLs/M1840_0' is clicked on

2019-04-30 11:37:21 - [MESSAGE][PASSED] - Object: 'Object Repository/OASIS/ADLs-IADLs/M1840_0' is clicked on

2019-04-30 11:37:21 - [TEST_STEP][PASSED] - delay(1): Delayed 1 second(s)

2019-04-30 11:37:22 - [MESSAGE][PASSED] - Delayed 1 second(s)

2019-04-30 11:37:22 - [TEST_STEP][PASSED] - click(findTestObject("OASIS/ADLs-IADLs/M1845_1")): Object: 'Object Repository/OASIS/ADLs-IADLs/M1845_1' is clicked on

2019-04-30 11:37:22 - [MESSAGE][PASSED] - Object: 'Object Repository/OASIS/ADLs-IADLs/M1845_1' is clicked on

2019-04-30 11:37:22 - [TEST_STEP][PASSED] - delay(1): Delayed 1 second(s)

2019-04-30 11:37:23 - [MESSAGE][PASSED] - Delayed 1 second(s)

2019-04-30 11:37:23 - [TEST_STEP][PASSED] - click(findTestObject("OASIS/ADLs-IADLs/M1850_0")): Object: 'Object Repository/OASIS/ADLs-IADLs/M1850_0' is clicked on

2019-04-30 11:37:24 - [MESSAGE][PASSED] - Object: 'Object Repository/OASIS/ADLs-IADLs/M1850_0' is clicked on

2019-04-30 11:37:24 - [TEST_STEP][PASSED] - delay(1): Delayed 1 second(s)

2019-04-30 11:37:25 - [MESSAGE][PASSED] - Delayed 1 second(s)

2019-04-30 11:37:25 - [TEST_STEP][PASSED] - click(findTestObject("OASIS/ADLs-IADLs/M1860_0")): Object: 'Object Repository/OASIS/ADLs-IADLs/M1860_0' is clicked on

2019-04-30 11:37:25 - [MESSAGE][PASSED] - Object: 'Object Repository/OASIS/ADLs-IADLs/M1860_0' is clicked on

2019-04-30 11:37:25 - [TEST_STEP][PASSED] - delay(1): Delayed 1 second(s)

2019-04-30 11:37:26 - [MESSAGE][PASSED] - Delayed 1 second(s)

2019-04-30 11:37:26 - [TEST_STEP][PASSED] - click(findTestObject("OASIS/ADLs-IADLs/M1870_0")): Object: 'Object Repository/OASIS/ADLs-IADLs/M1870_0' is clicked on

2019-04-30 11:37:26 - [MESSAGE][PASSED] - Object: 'Object Repository/OASIS/ADLs-IADLs/M1870_0' is clicked on

2019-04-30 11:37:26 - [TEST_STEP][PASSED] - delay(1): Delayed 1 second(s)

2019-04-30 11:37:27 - [MESSAGE][PASSED] - Delayed 1 second(s)

2019-04-30 11:37:27 - [TEST_STEP][PASSED] - click(findTestObject("OASIS/ADLs-IADLs/M1910_1")): Object: 'Object Repository/OASIS/ADLs-IADLs/M1910_1' is clicked on

2019-04-30 11:37:27 - [MESSAGE][PASSED] - Object: 'Object Repository/OASIS/ADLs-IADLs/M1910_1' is clicked on

2019-04-30 11:37:27 - [TEST_STEP][PASSED] - delay(2): Delayed 2 second(s)

2019-04-30 11:37:29 - [MESSAGE][PASSED] - Delayed 2 second(s)

2019-04-30 11:37:29 - [TEST_STEP][PASSED] - click(findTestObject("OASIS/ADLs-IADLs/adls_mahc_10/adls_mach10_age65")): Object: 'Object Repository/OASIS/ADLs-IADLs/adls_mahc_10/adls_mach10_age65' is clicked on

2019-04-30 11:37:29 - [MESSAGE][PASSED] - Object: 'Object Repository/OASIS/ADLs-IADLs/adls_mahc_10/adls_mach10_age65' is clicked on

2019-04-30 11:37:29 - [TEST_STEP][PASSED] - click(findTestObject("OASIS/ADLs-IADLs/adls_mahc_10/adls_mach10_diagnosis")): Object: 'Object Repository/OASIS/ADLs-IADLs/adls_mahc_10/adls_mach10_diagnosis' is clicked on

2019-04-30 11:37:30 - [MESSAGE][PASSED] - Object: 'Object Repository/OASIS/ADLs-IADLs/adls_mahc_10/adls_mach10_diagnosis' is clicked on

2019-04-30 11:37:30 - [TEST_STEP][PASSED] - click(findTestObject("OASIS/ADLs-IADLs/adls_mahc_10/adls_mach10_priorhistoryoffall")): Object: 'Object Repository/OASIS/ADLs-IADLs/adls_mahc_10/adls_mach10_priorhistoryoffall' is clicked on

2019-04-30 11:37:30 - [MESSAGE][PASSED] - Object: 'Object Repository/OASIS/ADLs-IADLs/adls_mahc_10/adls_mach10_priorhistoryoffall' is clicked on

2019-04-30 11:37:30 - [TEST_STEP][PASSED] - click(findTestObject("OASIS/ADLs-IADLs/adls_mahc_10/adls_mach10_incontinence")): Object: 'Object Repository/OASIS/ADLs-IADLs/adls_mahc_10/adls_mach10_incontinence' is clicked on

2019-04-30 11:37:30 - [MESSAGE][PASSED] - Object: 'Object Repository/OASIS/ADLs-IADLs/adls_mahc_10/adls_mach10_incontinence' is clicked on

2019-04-30 11:37:30 - [TEST_STEP][PASSED] - click(findTestObject("OASIS/ADLs-IADLs/adls_mahc_10/adls_mach10_visualimpairment")): Object: 'Object Repository/OASIS/ADLs-IADLs/adls_mahc_10/adls_mach10_visualimpairment' is clicked on

2019-04-30 11:37:30 - [MESSAGE][PASSED] - Object: 'Object Repository/OASIS/ADLs-IADLs/adls_mahc_10/adls_mach10_visualimpairment' is clicked on

2019-04-30 11:37:30 - [TEST_STEP][PASSED] - click(findTestObject("OASIS/ADLs-IADLs/adls_mahc_10/adls_mach10_impairedfunctional")): Object: 'Object Repository/OASIS/ADLs-IADLs/adls_mahc_10/adls_mach10_impairedfunctional' is clicked on

2019-04-30 11:37:31 - [MESSAGE][PASSED] - Object: 'Object Repository/OASIS/ADLs-IADLs/adls_mahc_10/adls_mach10_impairedfunctional' is clicked on

2019-04-30 11:37:31 - [TEST_STEP][PASSED] - click(findTestObject("OASIS/ADLs-IADLs/adls_mahc_10/adls_mach10_environmenthazards")): Object: 'Object Repository/OASIS/ADLs-IADLs/adls_mahc_10/adls_mach10_environmenthazards' is clicked on

2019-04-30 11:37:31 - [MESSAGE][PASSED] - Object: 'Object Repository/OASIS/ADLs-IADLs/adls_mahc_10/adls_mach10_environmenthazards' is clicked on

2019-04-30 11:37:31 - [TEST_STEP][PASSED] - click(findTestObject("OASIS/ADLs-IADLs/adls_mahc_10/adls_mach10_polypharmacy")): Object: 'Object Repository/OASIS/ADLs-IADLs/adls_mahc_10/adls_mach10_polypharmacy' is clicked on

2019-04-30 11:37:31 - [MESSAGE][PASSED] - Object: 'Object Repository/OASIS/ADLs-IADLs/adls_mahc_10/adls_mach10_polypharmacy' is clicked on

2019-04-30 11:37:31 - [TEST_STEP][PASSED] - click(findTestObject("OASIS/ADLs-IADLs/adls_mahc_10/adls_mach10_painaffecting")): Object: 'Object Repository/OASIS/ADLs-IADLs/adls_mahc_10/adls_mach10_painaffecting' is clicked on

2019-04-30 11:37:31 - [MESSAGE][PASSED] - Object: 'Object Repository/OASIS/ADLs-IADLs/adls_mahc_10/adls_mach10_painaffecting' is clicked on

2019-04-30 11:37:31 - [TEST_STEP][PASSED] - click(findTestObject("OASIS/ADLs-IADLs/adls_mahc_10/adls_mach10_cognitiveimpairment")): Object: 'Object Repository/OASIS/ADLs-IADLs/adls_mahc_10/adls_mach10_cognitiveimpairment' is clicked on

2019-04-30 11:37:31 - [MESSAGE][PASSED] - Object: 'Object Repository/OASIS/ADLs-IADLs/adls_mahc_10/adls_mach10_cognitiveimpairment' is clicked on

2019-04-30 11:37:31 - [TEST_STEP][PASSED] - delay(2): Delayed 2 second(s)

2019-04-30 11:37:33 - [MESSAGE][PASSED] - Delayed 2 second(s)

2019-04-30 11:37:33 - [TEST_STEP][NOT_RUN] - click(findTestObject("OASIS/ADLs-IADLs/adls_sectionGG/adls_GG0100_priorfunctioning_a"), STOP_ON_FAILURE): NOT_RUN: click(findTestObject("OASIS/ADLs-IADLs/adls_sectionGG/adls_GG0100_priorfunctioning_a"), STOP_ON_FAILURE)

2019-04-30 11:37:33 - [MESSAGE][NOT_RUN] - NOT_RUN: click(findTestObject("OASIS/ADLs-IADLs/adls_sectionGG/adls_GG0100_priorfunctioning_a"), STOP_ON_FAILURE)

2019-04-30 11:37:33 - [TEST_STEP][NOT_RUN] - setText(findTestObject("OASIS/ADLs-IADLs/adls_sectionGG/adls_GG0100_priorfunctioning_a"), "3"): NOT_RUN: setText(findTestObject("OASIS/ADLs-IADLs/adls_sectionGG/adls_GG0100_priorfunctioning_a"), "3")

2019-04-30 11:37:33 - [MESSAGE][NOT_RUN] - NOT_RUN: setText(findTestObject("OASIS/ADLs-IADLs/adls_sectionGG/adls_GG0100_priorfunctioning_a"), "3")

2019-04-30 11:37:33 - [TEST_STEP][PASSED] - click(findTestObject("OASIS/ADLs-IADLs/adls_sectionGG/adls_GG0100_priorfunctioning_b"), STOP_ON_FAILURE): Object: 'Object Repository/OASIS/ADLs-IADLs/adls_sectionGG/adls_GG0100_priorfunctioning_b' is clicked on

2019-04-30 11:37:34 - [MESSAGE][PASSED] - Object: 'Object Repository/OASIS/ADLs-IADLs/adls_sectionGG/adls_GG0100_priorfunctioning_b' is clicked on

2019-04-30 11:37:34 - [TEST_STEP][PASSED] - setText(findTestObject("OASIS/ADLs-IADLs/adls_sectionGG/adls_GG0100_priorfunctioning_b"), "3"): Text '3' is set on object 'Object Repository/OASIS/ADLs-IADLs/adls_sectionGG/adls_GG0100_priorfunctioning_b'

2019-04-30 11:37:34 - [MESSAGE][PASSED] - Text '3' is set on object 'Object Repository/OASIS/ADLs-IADLs/adls_sectionGG/adls_GG0100_priorfunctioning_b'

2019-04-30 11:37:34 - [TEST_STEP][PASSED] - click(findTestObject("OASIS/ADLs-IADLs/adls_sectionGG/adls_GG0100_priorfunctioning_c"), STOP_ON_FAILURE): Object: 'Object Repository/OASIS/ADLs-IADLs/adls_sectionGG/adls_GG0100_priorfunctioning_c' is clicked on

2019-04-30 11:37:34 - [MESSAGE][PASSED] - Object: 'Object Repository/OASIS/ADLs-IADLs/adls_sectionGG/adls_GG0100_priorfunctioning_c' is clicked on

2019-04-30 11:37:34 - [TEST_STEP][PASSED] - setText(findTestObject("OASIS/ADLs-IADLs/adls_sectionGG/adls_GG0100_priorfunctioning_c"), "2"): Text '2' is set on object 'Object Repository/OASIS/ADLs-IADLs/adls_sectionGG/adls_GG0100_priorfunctioning_c'

2019-04-30 11:37:34 - [MESSAGE][PASSED] - Text '2' is set on object 'Object Repository/OASIS/ADLs-IADLs/adls_sectionGG/adls_GG0100_priorfunctioning_c'

2019-04-30 11:37:34 - [TEST_STEP][PASSED] - click(findTestObject("OASIS/ADLs-IADLs/adls_sectionGG/adls_GG0100_priorfunctioning_d"), STOP_ON_FAILURE): Object: 'Object Repository/OASIS/ADLs-IADLs/adls_sectionGG/adls_GG0100_priorfunctioning_d' is clicked on

2019-04-30 11:37:34 - [MESSAGE][PASSED] - Object: 'Object Repository/OASIS/ADLs-IADLs/adls_sectionGG/adls_GG0100_priorfunctioning_d' is clicked on

2019-04-30 11:37:34 - [TEST_STEP][PASSED] - setText(findTestObject("OASIS/ADLs-IADLs/adls_sectionGG/adls_GG0100_priorfunctioning_d"), "2"): Text '2' is set on object 'Object Repository/OASIS/ADLs-IADLs/adls_sectionGG/adls_GG0100_priorfunctioning_d'

2019-04-30 11:37:34 - [MESSAGE][PASSED] - Text '2' is set on object 'Object Repository/OASIS/ADLs-IADLs/adls_sectionGG/adls_GG0100_priorfunctioning_d'

2019-04-30 11:37:34 - [TEST_STEP][PASSED] - delay(1): Delayed 1 second(s)

2019-04-30 11:37:35 - [MESSAGE][PASSED] - Delayed 1 second(s)

2019-04-30 11:37:35 - [TEST_STEP][PASSED] - click(findTestObject("OASIS/ADLs-IADLs/adls_sectionGG/adls_GG0110_priordevice_a")): Object: 'Object Repository/OASIS/ADLs-IADLs/adls_sectionGG/adls_GG0110_priordevice_a' is clicked on

2019-04-30 11:37:35 - [MESSAGE][PASSED] - Object: 'Object Repository/OASIS/ADLs-IADLs/adls_sectionGG/adls_GG0110_priordevice_a' is clicked on

2019-04-30 11:37:35 - [TEST_STEP][PASSED] - click(findTestObject("OASIS/ADLs-IADLs/adls_sectionGG/adls_GG0110_priordevice_b")): Object: 'Object Repository/OASIS/ADLs-IADLs/adls_sectionGG/adls_GG0110_priordevice_b' is clicked on

2019-04-30 11:37:36 - [MESSAGE][PASSED] - Object: 'Object Repository/OASIS/ADLs-IADLs/adls_sectionGG/adls_GG0110_priordevice_b' is clicked on

2019-04-30 11:37:36 - [TEST_STEP][PASSED] - click(findTestObject("OASIS/ADLs-IADLs/adls_sectionGG/adls_GG0110_priordevice_c")): Object: 'Object Repository/OASIS/ADLs-IADLs/adls_sectionGG/adls_GG0110_priordevice_c' is clicked on

2019-04-30 11:37:36 - [MESSAGE][PASSED] - Object: 'Object Repository/OASIS/ADLs-IADLs/adls_sectionGG/adls_GG0110_priordevice_c' is clicked on

2019-04-30 11:37:36 - [TEST_STEP][PASSED] - click(findTestObject("OASIS/ADLs-IADLs/adls_sectionGG/adls_GG0110_priordevice_d")): Object: 'Object Repository/OASIS/ADLs-IADLs/adls_sectionGG/adls_GG0110_priordevice_d' is clicked on

2019-04-30 11:37:36 - [MESSAGE][PASSED] - Object: 'Object Repository/OASIS/ADLs-IADLs/adls_sectionGG/adls_GG0110_priordevice_d' is clicked on

2019-04-30 11:37:36 - [TEST_STEP][PASSED] - click(findTestObject("OASIS/ADLs-IADLs/adls_sectionGG/adls_GG0110_priordevice_e")): Object: 'Object Repository/OASIS/ADLs-IADLs/adls_sectionGG/adls_GG0110_priordevice_e' is clicked on

2019-04-30 11:37:36 - [MESSAGE][PASSED] - Object: 'Object Repository/OASIS/ADLs-IADLs/adls_sectionGG/adls_GG0110_priordevice_e' is clicked on

2019-04-30 11:37:36 - [TEST_STEP][PASSED] - delay(3): Delayed 3 second(s)

2019-04-30 11:37:39 - [MESSAGE][PASSED] - Delayed 3 second(s)

2019-04-30 11:37:39 - [TEST_STEP][PASSED] - click(findTestObject("OASIS/ADLs-IADLs/adls_sectionGG/adls_GG0130_self-care_soc_a")): Object: 'Object Repository/OASIS/ADLs-IADLs/adls_sectionGG/adls_GG0130_self-care_soc_a' is clicked on

2019-04-30 11:37:39 - [MESSAGE][PASSED] - Object: 'Object Repository/OASIS/ADLs-IADLs/adls_sectionGG/adls_GG0130_self-care_soc_a' is clicked on

2019-04-30 11:37:39 - [TEST_STEP][PASSED] - setText(findTestObject("OASIS/ADLs-IADLs/adls_sectionGG/adls_GG0130_self-care_soc_a"), "06"): Text '06' is set on object 'Object Repository/OASIS/ADLs-IADLs/adls_sectionGG/adls_GG0130_self-care_soc_a'

2019-04-30 11:37:40 - [MESSAGE][PASSED] - Text '06' is set on object 'Object Repository/OASIS/ADLs-IADLs/adls_sectionGG/adls_GG0130_self-care_soc_a'

2019-04-30 11:37:40 - [TEST_STEP][PASSED] - click(findTestObject("OASIS/ADLs-IADLs/adls_sectionGG/adls_GG0130_self-care_dc_a")): Object: 'Object Repository/OASIS/ADLs-IADLs/adls_sectionGG/adls_GG0130_self-care_dc_a' is clicked on

2019-04-30 11:37:40 - [MESSAGE][PASSED] - Object: 'Object Repository/OASIS/ADLs-IADLs/adls_sectionGG/adls_GG0130_self-care_dc_a' is clicked on

2019-04-30 11:37:40 - [TEST_STEP][PASSED] - setText(findTestObject("OASIS/ADLs-IADLs/adls_sectionGG/adls_GG0130_self-care_dc_a"), "06"): Text '06' is set on object 'Object Repository/OASIS/ADLs-IADLs/adls_sectionGG/adls_GG0130_self-care_dc_a'

2019-04-30 11:37:40 - [MESSAGE][PASSED] - Text '06' is set on object 'Object Repository/OASIS/ADLs-IADLs/adls_sectionGG/adls_GG0130_self-care_dc_a'

2019-04-30 11:37:40 - [TEST_STEP][PASSED] - delay(1): Delayed 1 second(s)

2019-04-30 11:37:41 - [MESSAGE][PASSED] - Delayed 1 second(s)

2019-04-30 11:37:41 - [TEST_STEP][PASSED] - click(findTestObject("OASIS/ADLs-IADLs/adls_sectionGG/adls_GG0130_self-care_soc_b")): Object: 'Object Repository/OASIS/ADLs-IADLs/adls_sectionGG/adls_GG0130_self-care_soc_b' is clicked on

2019-04-30 11:37:41 - [MESSAGE][PASSED] - Object: 'Object Repository/OASIS/ADLs-IADLs/adls_sectionGG/adls_GG0130_self-care_soc_b' is clicked on

2019-04-30 11:37:41 - [TEST_STEP][PASSED] - setText(findTestObject("OASIS/ADLs-IADLs/adls_sectionGG/adls_GG0130_self-care_soc_b"), "06"): Text '06' is set on object 'Object Repository/OASIS/ADLs-IADLs/adls_sectionGG/adls_GG0130_self-care_soc_b'

2019-04-30 11:37:41 - [MESSAGE][PASSED] - Text '06' is set on object 'Object Repository/OASIS/ADLs-IADLs/adls_sectionGG/adls_GG0130_self-care_soc_b'

2019-04-30 11:37:41 - [TEST_STEP][PASSED] - click(findTestObject("OASIS/ADLs-IADLs/adls_sectionGG/adls_GG0130_self-care_dc_b")): Object: 'Object Repository/OASIS/ADLs-IADLs/adls_sectionGG/adls_GG0130_self-care_dc_b' is clicked on

2019-04-30 11:37:41 - [MESSAGE][PASSED] - Object: 'Object Repository/OASIS/ADLs-IADLs/adls_sectionGG/adls_GG0130_self-care_dc_b' is clicked on

2019-04-30 11:37:41 - [TEST_STEP][PASSED] - setText(findTestObject("OASIS/ADLs-IADLs/adls_sectionGG/adls_GG0130_self-care_dc_b"), "06"): Text '06' is set on object 'Object Repository/OASIS/ADLs-IADLs/adls_sectionGG/adls_GG0130_self-care_dc_b'

2019-04-30 11:37:41 - [MESSAGE][PASSED] - Text '06' is set on object 'Object Repository/OASIS/ADLs-IADLs/adls_sectionGG/adls_GG0130_self-care_dc_b'

2019-04-30 11:37:41 - [TEST_STEP][PASSED] - delay(1): Delayed 1 second(s)

2019-04-30 11:37:42 - [MESSAGE][PASSED] - Delayed 1 second(s)

2019-04-30 11:37:42 - [TEST_STEP][PASSED] - click(findTestObject("OASIS/ADLs-IADLs/adls_sectionGG/adls_GG0130_self-care_soc_c")): Object: 'Object Repository/OASIS/ADLs-IADLs/adls_sectionGG/adls_GG0130_self-care_soc_c' is clicked on

2019-04-30 11:37:42 - [MESSAGE][PASSED] - Object: 'Object Repository/OASIS/ADLs-IADLs/adls_sectionGG/adls_GG0130_self-care_soc_c' is clicked on

2019-04-30 11:37:42 - [TEST_STEP][PASSED] - setText(findTestObject("OASIS/ADLs-IADLs/adls_sectionGG/adls_GG0130_self-care_soc_c"), "06"): Text '06' is set on object 'Object Repository/OASIS/ADLs-IADLs/adls_sectionGG/adls_GG0130_self-care_soc_c'

2019-04-30 11:37:43 - [MESSAGE][PASSED] - Text '06' is set on object 'Object Repository/OASIS/ADLs-IADLs/adls_sectionGG/adls_GG0130_self-care_soc_c'

2019-04-30 11:37:43 - [TEST_STEP][PASSED] - click(findTestObject("OASIS/ADLs-IADLs/adls_sectionGG/adls_GG0130_self-care_dc_c")): Object: 'Object Repository/OASIS/ADLs-IADLs/adls_sectionGG/adls_GG0130_self-care_dc_c' is clicked on

2019-04-30 11:37:43 - [MESSAGE][PASSED] - Object: 'Object Repository/OASIS/ADLs-IADLs/adls_sectionGG/adls_GG0130_self-care_dc_c' is clicked on

2019-04-30 11:37:43 - [TEST_STEP][PASSED] - setText(findTestObject("OASIS/ADLs-IADLs/adls_sectionGG/adls_GG0130_self-care_dc_c"), "06"): Text '06' is set on object 'Object Repository/OASIS/ADLs-IADLs/adls_sectionGG/adls_GG0130_self-care_dc_c'

2019-04-30 11:37:43 - [MESSAGE][PASSED] - Text '06' is set on object 'Object Repository/OASIS/ADLs-IADLs/adls_sectionGG/adls_GG0130_self-care_dc_c'

2019-04-30 11:37:43 - [TEST_STEP][PASSED] - delay(1): Delayed 1 second(s)

2019-04-30 11:37:44 - [MESSAGE][PASSED] - Delayed 1 second(s)

2019-04-30 11:37:44 - [TEST_STEP][PASSED] - click(findTestObject("OASIS/ADLs-IADLs/adls_sectionGG/adls_GG0130_self-care_soc_e")): Object: 'Object Repository/OASIS/ADLs-IADLs/adls_sectionGG/adls_GG0130_self-care_soc_e' is clicked on

2019-04-30 11:37:44 - [MESSAGE][PASSED] - Object: 'Object Repository/OASIS/ADLs-IADLs/adls_sectionGG/adls_GG0130_self-care_soc_e' is clicked on

2019-04-30 11:37:44 - [TEST_STEP][PASSED] - setText(findTestObject("OASIS/ADLs-IADLs/adls_sectionGG/adls_GG0130_self-care_soc_e"), "06"): Text '06' is set on object 'Object Repository/OASIS/ADLs-IADLs/adls_sectionGG/adls_GG0130_self-care_soc_e'

2019-04-30 11:37:44 - [MESSAGE][PASSED] - Text '06' is set on object 'Object Repository/OASIS/ADLs-IADLs/adls_sectionGG/adls_GG0130_self-care_soc_e'

2019-04-30 11:37:44 - [TEST_STEP][PASSED] - click(findTestObject("OASIS/ADLs-IADLs/adls_sectionGG/adls_GG0130_self-care_dc_e")): Object: 'Object Repository/OASIS/ADLs-IADLs/adls_sectionGG/adls_GG0130_self-care_dc_e' is clicked on

2019-04-30 11:37:44 - [MESSAGE][PASSED] - Object: 'Object Repository/OASIS/ADLs-IADLs/adls_sectionGG/adls_GG0130_self-care_dc_e' is clicked on

2019-04-30 11:37:44 - [TEST_STEP][PASSED] - setText(findTestObject("OASIS/ADLs-IADLs/adls_sectionGG/adls_GG0130_self-care_dc_e"), "06"): Text '06' is set on object 'Object Repository/OASIS/ADLs-IADLs/adls_sectionGG/adls_GG0130_self-care_dc_e'

2019-04-30 11:37:45 - [MESSAGE][PASSED] - Text '06' is set on object 'Object Repository/OASIS/ADLs-IADLs/adls_sectionGG/adls_GG0130_self-care_dc_e'

2019-04-30 11:37:45 - [TEST_STEP][PASSED] - delay(1): Delayed 1 second(s)

2019-04-30 11:37:46 - [MESSAGE][PASSED] - Delayed 1 second(s)

2019-04-30 11:37:46 - [TEST_STEP][PASSED] - click(findTestObject("OASIS/ADLs-IADLs/adls_sectionGG/adls_GG0130_self-care_soc_f")): Object: 'Object Repository/OASIS/ADLs-IADLs/adls_sectionGG/adls_GG0130_self-care_soc_f' is clicked on

2019-04-30 11:37:46 - [MESSAGE][PASSED] - Object: 'Object Repository/OASIS/ADLs-IADLs/adls_sectionGG/adls_GG0130_self-care_soc_f' is clicked on

2019-04-30 11:37:46 - [TEST_STEP][PASSED] - setText(findTestObject("OASIS/ADLs-IADLs/adls_sectionGG/adls_GG0130_self-care_soc_f"), "06"): Text '06' is set on object 'Object Repository/OASIS/ADLs-IADLs/adls_sectionGG/adls_GG0130_self-care_soc_f'

2019-04-30 11:37:46 - [MESSAGE][PASSED] - Text '06' is set on object 'Object Repository/OASIS/ADLs-IADLs/adls_sectionGG/adls_GG0130_self-care_soc_f'

2019-04-30 11:37:46 - [TEST_STEP][PASSED] - click(findTestObject("OASIS/ADLs-IADLs/adls_sectionGG/adls_GG0130_self-care_dc_f")): Object: 'Object Repository/OASIS/ADLs-IADLs/adls_sectionGG/adls_GG0130_self-care_dc_f' is clicked on

2019-04-30 11:37:46 - [MESSAGE][PASSED] - Object: 'Object Repository/OASIS/ADLs-IADLs/adls_sectionGG/adls_GG0130_self-care_dc_f' is clicked on

2019-04-30 11:37:46 - [TEST_STEP][PASSED] - setText(findTestObject("OASIS/ADLs-IADLs/adls_sectionGG/adls_GG0130_self-care_dc_f"), "06"): Text '06' is set on object 'Object Repository/OASIS/ADLs-IADLs/adls_sectionGG/adls_GG0130_self-care_dc_f'

2019-04-30 11:37:46 - [MESSAGE][PASSED] - Text '06' is set on object 'Object Repository/OASIS/ADLs-IADLs/adls_sectionGG/adls_GG0130_self-care_dc_f'

2019-04-30 11:37:46 - [TEST_STEP][PASSED] - delay(1): Delayed 1 second(s)

2019-04-30 11:37:47 - [MESSAGE][PASSED] - Delayed 1 second(s)

2019-04-30 11:37:47 - [TEST_STEP][PASSED] - click(findTestObject("OASIS/ADLs-IADLs/adls_sectionGG/adls_GG0130_self-care_soc_g")): Object: 'Object Repository/OASIS/ADLs-IADLs/adls_sectionGG/adls_GG0130_self-care_soc_g' is clicked on

2019-04-30 11:37:47 - [MESSAGE][PASSED] - Object: 'Object Repository/OASIS/ADLs-IADLs/adls_sectionGG/adls_GG0130_self-care_soc_g' is clicked on

2019-04-30 11:37:47 - [TEST_STEP][PASSED] - setText(findTestObject("OASIS/ADLs-IADLs/adls_sectionGG/adls_GG0130_self-care_soc_g"), "06"): Text '06' is set on object 'Object Repository/OASIS/ADLs-IADLs/adls_sectionGG/adls_GG0130_self-care_soc_g'

2019-04-30 11:37:48 - [MESSAGE][PASSED] - Text '06' is set on object 'Object Repository/OASIS/ADLs-IADLs/adls_sectionGG/adls_GG0130_self-care_soc_g'

2019-04-30 11:37:48 - [TEST_STEP][PASSED] - click(findTestObject("OASIS/ADLs-IADLs/adls_sectionGG/adls_GG0130_self-care_dc_g")): Object: 'Object Repository/OASIS/ADLs-IADLs/adls_sectionGG/adls_GG0130_self-care_dc_g' is clicked on

2019-04-30 11:37:48 - [MESSAGE][PASSED] - Object: 'Object Repository/OASIS/ADLs-IADLs/adls_sectionGG/adls_GG0130_self-care_dc_g' is clicked on

2019-04-30 11:37:48 - [TEST_STEP][PASSED] - setText(findTestObject("OASIS/ADLs-IADLs/adls_sectionGG/adls_GG0130_self-care_dc_g"), "06"): Text '06' is set on object 'Object Repository/OASIS/ADLs-IADLs/adls_sectionGG/adls_GG0130_self-care_dc_g'

2019-04-30 11:37:48 - [MESSAGE][PASSED] - Text '06' is set on object 'Object Repository/OASIS/ADLs-IADLs/adls_sectionGG/adls_GG0130_self-care_dc_g'

2019-04-30 11:37:48 - [TEST_STEP][PASSED] - delay(1): Delayed 1 second(s)

2019-04-30 11:37:49 - [MESSAGE][PASSED] - Delayed 1 second(s)

2019-04-30 11:37:49 - [TEST_STEP][PASSED] - click(findTestObject("OASIS/ADLs-IADLs/adls_sectionGG/adls_GG0130_self-care_soc_h")): Object: 'Object Repository/OASIS/ADLs-IADLs/adls_sectionGG/adls_GG0130_self-care_soc_h' is clicked on

2019-04-30 11:37:49 - [MESSAGE][PASSED] - Object: 'Object Repository/OASIS/ADLs-IADLs/adls_sectionGG/adls_GG0130_self-care_soc_h' is clicked on

2019-04-30 11:37:49 - [TEST_STEP][PASSED] - setText(findTestObject("OASIS/ADLs-IADLs/adls_sectionGG/adls_GG0130_self-care_soc_h"), "06"): Text '06' is set on object 'Object Repository/OASIS/ADLs-IADLs/adls_sectionGG/adls_GG0130_self-care_soc_h'

2019-04-30 11:37:49 - [MESSAGE][PASSED] - Text '06' is set on object 'Object Repository/OASIS/ADLs-IADLs/adls_sectionGG/adls_GG0130_self-care_soc_h'

2019-04-30 11:37:49 - [TEST_STEP][PASSED] - click(findTestObject("OASIS/ADLs-IADLs/adls_sectionGG/adls_GG0130_self-care_dc_h")): Object: 'Object Repository/OASIS/ADLs-IADLs/adls_sectionGG/adls_GG0130_self-care_dc_h' is clicked on

2019-04-30 11:37:49 - [MESSAGE][PASSED] - Object: 'Object Repository/OASIS/ADLs-IADLs/adls_sectionGG/adls_GG0130_self-care_dc_h' is clicked on

2019-04-30 11:37:49 - [TEST_STEP][PASSED] - setText(findTestObject("OASIS/ADLs-IADLs/adls_sectionGG/adls_GG0130_self-care_dc_h"), "06"): Text '06' is set on object 'Object Repository/OASIS/ADLs-IADLs/adls_sectionGG/adls_GG0130_self-care_dc_h'

2019-04-30 11:37:50 - [MESSAGE][PASSED] - Text '06' is set on object 'Object Repository/OASIS/ADLs-IADLs/adls_sectionGG/adls_GG0130_self-care_dc_h'

2019-04-30 11:37:50 - [TEST_STEP][PASSED] - delay(5): Delayed 5 second(s)

2019-04-30 11:37:55 - [MESSAGE][PASSED] - Delayed 5 second(s)

2019-04-30 11:37:55 - [TEST_STEP][PASSED] - click(findTestObject("OASIS/ADLs-IADLs/adls_sectionGG/adls_GG0170C_soc_a")): Object: 'Object Repository/OASIS/ADLs-IADLs/adls_sectionGG/adls_GG0170C_soc_a' is clicked on

2019-04-30 11:37:55 - [MESSAGE][PASSED] - Object: 'Object Repository/OASIS/ADLs-IADLs/adls_sectionGG/adls_GG0170C_soc_a' is clicked on

2019-04-30 11:37:55 - [TEST_STEP][PASSED] - setText(findTestObject("OASIS/ADLs-IADLs/adls_sectionGG/adls_GG0170C_soc_a"), "06"): Text '06' is set on object 'Object Repository/OASIS/ADLs-IADLs/adls_sectionGG/adls_GG0170C_soc_a'

2019-04-30 11:37:55 - [MESSAGE][PASSED] - Text '06' is set on object 'Object Repository/OASIS/ADLs-IADLs/adls_sectionGG/adls_GG0170C_soc_a'

2019-04-30 11:37:55 - [TEST_STEP][PASSED] - click(findTestObject("OASIS/ADLs-IADLs/adls_sectionGG/adls_GG0170C_dc_a")): Object: 'Object Repository/OASIS/ADLs-IADLs/adls_sectionGG/adls_GG0170C_dc_a' is clicked on

2019-04-30 11:37:55 - [MESSAGE][PASSED] - Object: 'Object Repository/OASIS/ADLs-IADLs/adls_sectionGG/adls_GG0170C_dc_a' is clicked on

2019-04-30 11:37:55 - [TEST_STEP][PASSED] - setText(findTestObject("OASIS/ADLs-IADLs/adls_sectionGG/adls_GG0170C_dc_a"), "06"): Text '06' is set on object 'Object Repository/OASIS/ADLs-IADLs/adls_sectionGG/adls_GG0170C_dc_a'

2019-04-30 11:37:55 - [MESSAGE][PASSED] - Text '06' is set on object 'Object Repository/OASIS/ADLs-IADLs/adls_sectionGG/adls_GG0170C_dc_a'

2019-04-30 11:37:55 - [TEST_STEP][PASSED] - delay(1): Delayed 1 second(s)

2019-04-30 11:37:56 - [MESSAGE][PASSED] - Delayed 1 second(s)

2019-04-30 11:37:56 - [TEST_STEP][PASSED] - click(findTestObject("OASIS/ADLs-IADLs/adls_sectionGG/adls_GG0170C_soc_b")): Object: 'Object Repository/OASIS/ADLs-IADLs/adls_sectionGG/adls_GG0170C_soc_b' is clicked on

2019-04-30 11:37:56 - [MESSAGE][PASSED] - Object: 'Object Repository/OASIS/ADLs-IADLs/adls_sectionGG/adls_GG0170C_soc_b' is clicked on

2019-04-30 11:37:56 - [TEST_STEP][PASSED] - setText(findTestObject("OASIS/ADLs-IADLs/adls_sectionGG/adls_GG0170C_soc_b"), "06"): Text '06' is set on object 'Object Repository/OASIS/ADLs-IADLs/adls_sectionGG/adls_GG0170C_soc_b'

2019-04-30 11:37:57 - [MESSAGE][PASSED] - Text '06' is set on object 'Object Repository/OASIS/ADLs-IADLs/adls_sectionGG/adls_GG0170C_soc_b'

2019-04-30 11:37:57 - [TEST_STEP][PASSED] - click(findTestObject("OASIS/ADLs-IADLs/adls_sectionGG/adls_GG0170C_dc_b")): Object: 'Object Repository/OASIS/ADLs-IADLs/adls_sectionGG/adls_GG0170C_dc_b' is clicked on

2019-04-30 11:37:57 - [MESSAGE][PASSED] - Object: 'Object Repository/OASIS/ADLs-IADLs/adls_sectionGG/adls_GG0170C_dc_b' is clicked on

2019-04-30 11:37:57 - [TEST_STEP][PASSED] - setText(findTestObject("OASIS/ADLs-IADLs/adls_sectionGG/adls_GG0170C_dc_b"), "06"): Text '06' is set on object 'Object Repository/OASIS/ADLs-IADLs/adls_sectionGG/adls_GG0170C_dc_b'

2019-04-30 11:37:57 - [MESSAGE][PASSED] - Text '06' is set on object 'Object Repository/OASIS/ADLs-IADLs/adls_sectionGG/adls_GG0170C_dc_b'

2019-04-30 11:37:57 - [TEST_STEP][PASSED] - delay(1): Delayed 1 second(s)

2019-04-30 11:37:58 - [MESSAGE][PASSED] - Delayed 1 second(s)

2019-04-30 11:37:58 - [TEST_STEP][PASSED] - click(findTestObject("OASIS/ADLs-IADLs/adls_sectionGG/adls_GG0170C_soc_c")): Object: 'Object Repository/OASIS/ADLs-IADLs/adls_sectionGG/adls_GG0170C_soc_c' is clicked on

2019-04-30 11:37:58 - [MESSAGE][PASSED] - Object: 'Object Repository/OASIS/ADLs-IADLs/adls_sectionGG/adls_GG0170C_soc_c' is clicked on

2019-04-30 11:37:58 - [TEST_STEP][PASSED] - setText(findTestObject("OASIS/ADLs-IADLs/adls_sectionGG/adls_GG0170C_soc_c"), "06"): Text '06' is set on object 'Object Repository/OASIS/ADLs-IADLs/adls_sectionGG/adls_GG0170C_soc_c'

2019-04-30 11:37:58 - [MESSAGE][PASSED] - Text '06' is set on object 'Object Repository/OASIS/ADLs-IADLs/adls_sectionGG/adls_GG0170C_soc_c'

2019-04-30 11:37:58 - [TEST_STEP][PASSED] - click(findTestObject("OASIS/ADLs-IADLs/adls_sectionGG/adls_GG0170C_dc_c")): Object: 'Object Repository/OASIS/ADLs-IADLs/adls_sectionGG/adls_GG0170C_dc_c' is clicked on

2019-04-30 11:37:58 - [MESSAGE][PASSED] - Object: 'Object Repository/OASIS/ADLs-IADLs/adls_sectionGG/adls_GG0170C_dc_c' is clicked on

2019-04-30 11:37:58 - [TEST_STEP][PASSED] - setText(findTestObject("OASIS/ADLs-IADLs/adls_sectionGG/adls_GG0170C_dc_c"), "06"): Text '06' is set on object 'Object Repository/OASIS/ADLs-IADLs/adls_sectionGG/adls_GG0170C_dc_c'

2019-04-30 11:37:58 - [MESSAGE][PASSED] - Text '06' is set on object 'Object Repository/OASIS/ADLs-IADLs/adls_sectionGG/adls_GG0170C_dc_c'

2019-04-30 11:37:58 - [TEST_STEP][PASSED] - delay(1): Delayed 1 second(s)

2019-04-30 11:37:59 - [MESSAGE][PASSED] - Delayed 1 second(s)

2019-04-30 11:37:59 - [TEST_STEP][PASSED] - click(findTestObject("OASIS/ADLs-IADLs/adls_sectionGG/adls_GG0170C_soc_d")): Object: 'Object Repository/OASIS/ADLs-IADLs/adls_sectionGG/adls_GG0170C_soc_d' is clicked on

2019-04-30 11:38:00 - [MESSAGE][PASSED] - Object: 'Object Repository/OASIS/ADLs-IADLs/adls_sectionGG/adls_GG0170C_soc_d' is clicked on

2019-04-30 11:38:00 - [TEST_STEP][PASSED] - setText(findTestObject("OASIS/ADLs-IADLs/adls_sectionGG/adls_GG0170C_soc_d"), "06"): Text '06' is set on object 'Object Repository/OASIS/ADLs-IADLs/adls_sectionGG/adls_GG0170C_soc_d'

2019-04-30 11:38:00 - [MESSAGE][PASSED] - Text '06' is set on object 'Object Repository/OASIS/ADLs-IADLs/adls_sectionGG/adls_GG0170C_soc_d'

2019-04-30 11:38:00 - [TEST_STEP][PASSED] - click(findTestObject("OASIS/ADLs-IADLs/adls_sectionGG/adls_GG0170C_dc_d")): Object: 'Object Repository/OASIS/ADLs-IADLs/adls_sectionGG/adls_GG0170C_dc_d' is clicked on

2019-04-30 11:38:00 - [MESSAGE][PASSED] - Object: 'Object Repository/OASIS/ADLs-IADLs/adls_sectionGG/adls_GG0170C_dc_d' is clicked on

2019-04-30 11:38:00 - [TEST_STEP][PASSED] - setText(findTestObject("OASIS/ADLs-IADLs/adls_sectionGG/adls_GG0170C_dc_d"), "06"): Text '06' is set on object 'Object Repository/OASIS/ADLs-IADLs/adls_sectionGG/adls_GG0170C_dc_d'

2019-04-30 11:38:00 - [MESSAGE][PASSED] - Text '06' is set on object 'Object Repository/OASIS/ADLs-IADLs/adls_sectionGG/adls_GG0170C_dc_d'

2019-04-30 11:38:00 - [TEST_STEP][PASSED] - delay(1): Delayed 1 second(s)

2019-04-30 11:38:01 - [MESSAGE][PASSED] - Delayed 1 second(s)

2019-04-30 11:38:01 - [TEST_STEP][PASSED] - click(findTestObject("OASIS/ADLs-IADLs/adls_sectionGG/adls_GG0170C_soc_e")): Object: 'Object Repository/OASIS/ADLs-IADLs/adls_sectionGG/adls_GG0170C_soc_e' is clicked on

2019-04-30 11:38:01 - [MESSAGE][PASSED] - Object: 'Object Repository/OASIS/ADLs-IADLs/adls_sectionGG/adls_GG0170C_soc_e' is clicked on

2019-04-30 11:38:01 - [TEST_STEP][PASSED] - setText(findTestObject("OASIS/ADLs-IADLs/adls_sectionGG/adls_GG0170C_soc_e"), "06"): Text '06' is set on object 'Object Repository/OASIS/ADLs-IADLs/adls_sectionGG/adls_GG0170C_soc_e'

2019-04-30 11:38:01 - [MESSAGE][PASSED] - Text '06' is set on object 'Object Repository/OASIS/ADLs-IADLs/adls_sectionGG/adls_GG0170C_soc_e'

2019-04-30 11:38:01 - [TEST_STEP][PASSED] - click(findTestObject("OASIS/ADLs-IADLs/adls_sectionGG/adls_GG0170C_dc_e")): Object: 'Object Repository/OASIS/ADLs-IADLs/adls_sectionGG/adls_GG0170C_dc_e' is clicked on

2019-04-30 11:38:02 - [MESSAGE][PASSED] - Object: 'Object Repository/OASIS/ADLs-IADLs/adls_sectionGG/adls_GG0170C_dc_e' is clicked on

2019-04-30 11:38:02 - [TEST_STEP][PASSED] - setText(findTestObject("OASIS/ADLs-IADLs/adls_sectionGG/adls_GG0170C_dc_e"), "06"): Text '06' is set on object 'Object Repository/OASIS/ADLs-IADLs/adls_sectionGG/adls_GG0170C_dc_e'

2019-04-30 11:38:02 - [MESSAGE][PASSED] - Text '06' is set on object 'Object Repository/OASIS/ADLs-IADLs/adls_sectionGG/adls_GG0170C_dc_e'

2019-04-30 11:38:02 - [TEST_STEP][PASSED] - delay(1): Delayed 1 second(s)

2019-04-30 11:38:03 - [MESSAGE][PASSED] - Delayed 1 second(s)

2019-04-30 11:38:03 - [TEST_STEP][PASSED] - click(findTestObject("OASIS/ADLs-IADLs/adls_sectionGG/adls_GG0170C_soc_f")): Object: 'Object Repository/OASIS/ADLs-IADLs/adls_sectionGG/adls_GG0170C_soc_f' is clicked on

2019-04-30 11:38:03 - [MESSAGE][PASSED] - Object: 'Object Repository/OASIS/ADLs-IADLs/adls_sectionGG/adls_GG0170C_soc_f' is clicked on

2019-04-30 11:38:03 - [TEST_STEP][PASSED] - setText(findTestObject("OASIS/ADLs-IADLs/adls_sectionGG/adls_GG0170C_soc_f"), "06"): Text '06' is set on object 'Object Repository/OASIS/ADLs-IADLs/adls_sectionGG/adls_GG0170C_soc_f'

2019-04-30 11:38:03 - [MESSAGE][PASSED] - Text '06' is set on object 'Object Repository/OASIS/ADLs-IADLs/adls_sectionGG/adls_GG0170C_soc_f'

2019-04-30 11:38:03 - [TEST_STEP][PASSED] - click(findTestObject("OASIS/ADLs-IADLs/adls_sectionGG/adls_GG0170C_dc_f")): Object: 'Object Repository/OASIS/ADLs-IADLs/adls_sectionGG/adls_GG0170C_dc_f' is clicked on

2019-04-30 11:38:03 - [MESSAGE][PASSED] - Object: 'Object Repository/OASIS/ADLs-IADLs/adls_sectionGG/adls_GG0170C_dc_f' is clicked on

2019-04-30 11:38:03 - [TEST_STEP][PASSED] - setText(findTestObject("OASIS/ADLs-IADLs/adls_sectionGG/adls_GG0170C_dc_f"), "06"): Text '06' is set on object 'Object Repository/OASIS/ADLs-IADLs/adls_sectionGG/adls_GG0170C_dc_f'

2019-04-30 11:38:03 - [MESSAGE][PASSED] - Text '06' is set on object 'Object Repository/OASIS/ADLs-IADLs/adls_sectionGG/adls_GG0170C_dc_f'

2019-04-30 11:38:03 - [TEST_STEP][PASSED] - delay(1): Delayed 1 second(s)

2019-04-30 11:38:04 - [MESSAGE][PASSED] - Delayed 1 second(s)

2019-04-30 11:38:04 - [TEST_STEP][PASSED] - click(findTestObject("OASIS/ADLs-IADLs/adls_sectionGG/adls_GG0170C_soc_g")): Object: 'Object Repository/OASIS/ADLs-IADLs/adls_sectionGG/adls_GG0170C_soc_g' is clicked on

2019-04-30 11:38:05 - [MESSAGE][PASSED] - Object: 'Object Repository/OASIS/ADLs-IADLs/adls_sectionGG/adls_GG0170C_soc_g' is clicked on

2019-04-30 11:38:05 - [TEST_STEP][PASSED] - setText(findTestObject("OASIS/ADLs-IADLs/adls_sectionGG/adls_GG0170C_soc_g"), "06"): Text '06' is set on object 'Object Repository/OASIS/ADLs-IADLs/adls_sectionGG/adls_GG0170C_soc_g'

2019-04-30 11:38:05 - [MESSAGE][PASSED] - Text '06' is set on object 'Object Repository/OASIS/ADLs-IADLs/adls_sectionGG/adls_GG0170C_soc_g'

2019-04-30 11:38:05 - [TEST_STEP][PASSED] - click(findTestObject("OASIS/ADLs-IADLs/adls_sectionGG/adls_GG0170C_dc_g")): Object: 'Object Repository/OASIS/ADLs-IADLs/adls_sectionGG/adls_GG0170C_dc_g' is clicked on

2019-04-30 11:38:05 - [MESSAGE][PASSED] - Object: 'Object Repository/OASIS/ADLs-IADLs/adls_sectionGG/adls_GG0170C_dc_g' is clicked on

2019-04-30 11:38:05 - [TEST_STEP][PASSED] - setText(findTestObject("OASIS/ADLs-IADLs/adls_sectionGG/adls_GG0170C_dc_g"), "06"): Text '06' is set on object 'Object Repository/OASIS/ADLs-IADLs/adls_sectionGG/adls_GG0170C_dc_g'

2019-04-30 11:38:05 - [MESSAGE][PASSED] - Text '06' is set on object 'Object Repository/OASIS/ADLs-IADLs/adls_sectionGG/adls_GG0170C_dc_g'

2019-04-30 11:38:05 - [TEST_STEP][PASSED] - delay(1): Delayed 1 second(s)

2019-04-30 11:38:06 - [MESSAGE][PASSED] - Delayed 1 second(s)

2019-04-30 11:38:06 - [TEST_STEP][PASSED] - click(findTestObject("OASIS/ADLs-IADLs/adls_sectionGG/adls_GG0170C_soc_i")): Object: 'Object Repository/OASIS/ADLs-IADLs/adls_sectionGG/adls_GG0170C_soc_i' is clicked on

2019-04-30 11:38:06 - [MESSAGE][PASSED] - Object: 'Object Repository/OASIS/ADLs-IADLs/adls_sectionGG/adls_GG0170C_soc_i' is clicked on

2019-04-30 11:38:06 - [TEST_STEP][PASSED] - setText(findTestObject("OASIS/ADLs-IADLs/adls_sectionGG/adls_GG0170C_soc_i"), "06"): Text '06' is set on object 'Object Repository/OASIS/ADLs-IADLs/adls_sectionGG/adls_GG0170C_soc_i'

2019-04-30 11:38:06 - [MESSAGE][PASSED] - Text '06' is set on object 'Object Repository/OASIS/ADLs-IADLs/adls_sectionGG/adls_GG0170C_soc_i'

2019-04-30 11:38:06 - [TEST_STEP][PASSED] - click(findTestObject("OASIS/ADLs-IADLs/adls_sectionGG/adls_GG0170C_dc_i")): Object: 'Object Repository/OASIS/ADLs-IADLs/adls_sectionGG/adls_GG0170C_dc_i' is clicked on

2019-04-30 11:38:06 - [MESSAGE][PASSED] - Object: 'Object Repository/OASIS/ADLs-IADLs/adls_sectionGG/adls_GG0170C_dc_i' is clicked on

2019-04-30 11:38:06 - [TEST_STEP][PASSED] - setText(findTestObject("OASIS/ADLs-IADLs/adls_sectionGG/adls_GG0170C_dc_i"), "06"): Text '06' is set on object 'Object Repository/OASIS/ADLs-IADLs/adls_sectionGG/adls_GG0170C_dc_i'

2019-04-30 11:38:07 - [MESSAGE][PASSED] - Text '06' is set on object 'Object Repository/OASIS/ADLs-IADLs/adls_sectionGG/adls_GG0170C_dc_i'

2019-04-30 11:38:07 - [TEST_STEP][PASSED] - delay(1): Delayed 1 second(s)

2019-04-30 11:38:08 - [MESSAGE][PASSED] - Delayed 1 second(s)

2019-04-30 11:38:08 - [TEST_STEP][PASSED] - click(findTestObject("OASIS/ADLs-IADLs/adls_sectionGG/adls_GG0170C_soc_j")): Object: 'Object Repository/OASIS/ADLs-IADLs/adls_sectionGG/adls_GG0170C_soc_j' is clicked on

2019-04-30 11:38:08 - [MESSAGE][PASSED] - Object: 'Object Repository/OASIS/ADLs-IADLs/adls_sectionGG/adls_GG0170C_soc_j' is clicked on

2019-04-30 11:38:08 - [TEST_STEP][PASSED] - setText(findTestObject("OASIS/ADLs-IADLs/adls_sectionGG/adls_GG0170C_soc_j"), "06"): Text '06' is set on object 'Object Repository/OASIS/ADLs-IADLs/adls_sectionGG/adls_GG0170C_soc_j'

2019-04-30 11:38:08 - [MESSAGE][PASSED] - Text '06' is set on object 'Object Repository/OASIS/ADLs-IADLs/adls_sectionGG/adls_GG0170C_soc_j'

2019-04-30 11:38:08 - [TEST_STEP][PASSED] - click(findTestObject("OASIS/ADLs-IADLs/adls_sectionGG/adls_GG0170C_dc_j")): Object: 'Object Repository/OASIS/ADLs-IADLs/adls_sectionGG/adls_GG0170C_dc_j' is clicked on

2019-04-30 11:38:08 - [MESSAGE][PASSED] - Object: 'Object Repository/OASIS/ADLs-IADLs/adls_sectionGG/adls_GG0170C_dc_j' is clicked on

2019-04-30 11:38:08 - [TEST_STEP][PASSED] - setText(findTestObject("OASIS/ADLs-IADLs/adls_sectionGG/adls_GG0170C_dc_j"), "06"): Text '06' is set on object 'Object Repository/OASIS/ADLs-IADLs/adls_sectionGG/adls_GG0170C_dc_j'

2019-04-30 11:38:08 - [MESSAGE][PASSED] - Text '06' is set on object 'Object Repository/OASIS/ADLs-IADLs/adls_sectionGG/adls_GG0170C_dc_j'

2019-04-30 11:38:08 - [TEST_STEP][PASSED] - delay(1): Delayed 1 second(s)

2019-04-30 11:38:09 - [MESSAGE][PASSED] - Delayed 1 second(s)

2019-04-30 11:38:09 - [TEST_STEP][PASSED] - click(findTestObject("OASIS/ADLs-IADLs/adls_sectionGG/adls_GG0170C_soc_k")): Object: 'Object Repository/OASIS/ADLs-IADLs/adls_sectionGG/adls_GG0170C_soc_k' is clicked on

2019-04-30 11:38:09 - [MESSAGE][PASSED] - Object: 'Object Repository/OASIS/ADLs-IADLs/adls_sectionGG/adls_GG0170C_soc_k' is clicked on

2019-04-30 11:38:09 - [TEST_STEP][PASSED] - setText(findTestObject("OASIS/ADLs-IADLs/adls_sectionGG/adls_GG0170C_soc_k"), "06"): Text '06' is set on object 'Object Repository/OASIS/ADLs-IADLs/adls_sectionGG/adls_GG0170C_soc_k'

2019-04-30 11:38:10 - [MESSAGE][PASSED] - Text '06' is set on object 'Object Repository/OASIS/ADLs-IADLs/adls_sectionGG/adls_GG0170C_soc_k'

2019-04-30 11:38:10 - [TEST_STEP][PASSED] - click(findTestObject("OASIS/ADLs-IADLs/adls_sectionGG/adls_GG0170C_dc_k")): Object: 'Object Repository/OASIS/ADLs-IADLs/adls_sectionGG/adls_GG0170C_dc_k' is clicked on

2019-04-30 11:38:10 - [MESSAGE][PASSED] - Object: 'Object Repository/OASIS/ADLs-IADLs/adls_sectionGG/adls_GG0170C_dc_k' is clicked on

2019-04-30 11:38:10 - [TEST_STEP][PASSED] - setText(findTestObject("OASIS/ADLs-IADLs/adls_sectionGG/adls_GG0170C_dc_k"), "06"): Text '06' is set on object 'Object Repository/OASIS/ADLs-IADLs/adls_sectionGG/adls_GG0170C_dc_k'

2019-04-30 11:38:10 - [MESSAGE][PASSED] - Text '06' is set on object 'Object Repository/OASIS/ADLs-IADLs/adls_sectionGG/adls_GG0170C_dc_k'

2019-04-30 11:38:10 - [TEST_STEP][PASSED] - delay(1): Delayed 1 second(s)

2019-04-30 11:38:11 - [MESSAGE][PASSED] - Delayed 1 second(s)

2019-04-30 11:38:11 - [TEST_STEP][PASSED] - click(findTestObject("OASIS/ADLs-IADLs/adls_sectionGG/adls_GG0170C_soc_l")): Object: 'Object Repository/OASIS/ADLs-IADLs/adls_sectionGG/adls_GG0170C_soc_l' is clicked on

2019-04-30 11:38:11 - [MESSAGE][PASSED] - Object: 'Object Repository/OASIS/ADLs-IADLs/adls_sectionGG/adls_GG0170C_soc_l' is clicked on

2019-04-30 11:38:11 - [TEST_STEP][PASSED] - setText(findTestObject("OASIS/ADLs-IADLs/adls_sectionGG/adls_GG0170C_soc_l"), "06"): Text '06' is set on object 'Object Repository/OASIS/ADLs-IADLs/adls_sectionGG/adls_GG0170C_soc_l'

2019-04-30 11:38:11 - [MESSAGE][PASSED] - Text '06' is set on object 'Object Repository/OASIS/ADLs-IADLs/adls_sectionGG/adls_GG0170C_soc_l'

2019-04-30 11:38:11 - [TEST_STEP][PASSED] - click(findTestObject("OASIS/ADLs-IADLs/adls_sectionGG/adls_GG0170C_dc_l")): Object: 'Object Repository/OASIS/ADLs-IADLs/adls_sectionGG/adls_GG0170C_dc_l' is clicked on

2019-04-30 11:38:11 - [MESSAGE][PASSED] - Object: 'Object Repository/OASIS/ADLs-IADLs/adls_sectionGG/adls_GG0170C_dc_l' is clicked on

2019-04-30 11:38:11 - [TEST_STEP][PASSED] - setText(findTestObject("OASIS/ADLs-IADLs/adls_sectionGG/adls_GG0170C_dc_l"), "06"): Text '06' is set on object 'Object Repository/OASIS/ADLs-IADLs/adls_sectionGG/adls_GG0170C_dc_l'

2019-04-30 11:38:12 - [MESSAGE][PASSED] - Text '06' is set on object 'Object Repository/OASIS/ADLs-IADLs/adls_sectionGG/adls_GG0170C_dc_l'

2019-04-30 11:38:12 - [TEST_STEP][PASSED] - delay(1): Delayed 1 second(s)

2019-04-30 11:38:13 - [MESSAGE][PASSED] - Delayed 1 second(s)

2019-04-30 11:38:13 - [TEST_STEP][PASSED] - click(findTestObject("OASIS/ADLs-IADLs/adls_sectionGG/adls_GG0170C_soc_m")): Object: 'Object Repository/OASIS/ADLs-IADLs/adls_sectionGG/adls_GG0170C_soc_m' is clicked on

2019-04-30 11:38:13 - [MESSAGE][PASSED] - Object: 'Object Repository/OASIS/ADLs-IADLs/adls_sectionGG/adls_GG0170C_soc_m' is clicked on

2019-04-30 11:38:13 - [TEST_STEP][PASSED] - setText(findTestObject("OASIS/ADLs-IADLs/adls_sectionGG/adls_GG0170C_soc_m"), "06"): Text '06' is set on object 'Object Repository/OASIS/ADLs-IADLs/adls_sectionGG/adls_GG0170C_soc_m'

2019-04-30 11:38:13 - [MESSAGE][PASSED] - Text '06' is set on object 'Object Repository/OASIS/ADLs-IADLs/adls_sectionGG/adls_GG0170C_soc_m'

2019-04-30 11:38:13 - [TEST_STEP][PASSED] - click(findTestObject("OASIS/ADLs-IADLs/adls_sectionGG/adls_GG0170C_dc_m")): Object: 'Object Repository/OASIS/ADLs-IADLs/adls_sectionGG/adls_GG0170C_dc_m' is clicked on

2019-04-30 11:38:13 - [MESSAGE][PASSED] - Object: 'Object Repository/OASIS/ADLs-IADLs/adls_sectionGG/adls_GG0170C_dc_m' is clicked on

2019-04-30 11:38:13 - [TEST_STEP][PASSED] - setText(findTestObject("OASIS/ADLs-IADLs/adls_sectionGG/adls_GG0170C_dc_m"), "06"): Text '06' is set on object 'Object Repository/OASIS/ADLs-IADLs/adls_sectionGG/adls_GG0170C_dc_m'

2019-04-30 11:38:13 - [MESSAGE][PASSED] - Text '06' is set on object 'Object Repository/OASIS/ADLs-IADLs/adls_sectionGG/adls_GG0170C_dc_m'

2019-04-30 11:38:13 - [TEST_STEP][PASSED] - delay(1): Delayed 1 second(s)

2019-04-30 11:38:14 - [MESSAGE][PASSED] - Delayed 1 second(s)

2019-04-30 11:38:14 - [TEST_STEP][PASSED] - click(findTestObject("OASIS/ADLs-IADLs/adls_sectionGG/adls_GG0170C_soc_n")): Object: 'Object Repository/OASIS/ADLs-IADLs/adls_sectionGG/adls_GG0170C_soc_n' is clicked on

2019-04-30 11:38:14 - [MESSAGE][PASSED] - Object: 'Object Repository/OASIS/ADLs-IADLs/adls_sectionGG/adls_GG0170C_soc_n' is clicked on

2019-04-30 11:38:14 - [TEST_STEP][PASSED] - setText(findTestObject("OASIS/ADLs-IADLs/adls_sectionGG/adls_GG0170C_soc_n"), "06"): Text '06' is set on object 'Object Repository/OASIS/ADLs-IADLs/adls_sectionGG/adls_GG0170C_soc_n'

2019-04-30 11:38:15 - [MESSAGE][PASSED] - Text '06' is set on object 'Object Repository/OASIS/ADLs-IADLs/adls_sectionGG/adls_GG0170C_soc_n'

2019-04-30 11:38:15 - [TEST_STEP][PASSED] - click(findTestObject("OASIS/ADLs-IADLs/adls_sectionGG/adls_GG0170C_dc_n")): Object: 'Object Repository/OASIS/ADLs-IADLs/adls_sectionGG/adls_GG0170C_dc_n' is clicked on

2019-04-30 11:38:15 - [MESSAGE][PASSED] - Object: 'Object Repository/OASIS/ADLs-IADLs/adls_sectionGG/adls_GG0170C_dc_n' is clicked on

2019-04-30 11:38:15 - [TEST_STEP][PASSED] - setText(findTestObject("OASIS/ADLs-IADLs/adls_sectionGG/adls_GG0170C_dc_n"), "06"): Text '06' is set on object 'Object Repository/OASIS/ADLs-IADLs/adls_sectionGG/adls_GG0170C_dc_n'

2019-04-30 11:38:15 - [MESSAGE][PASSED] - Text '06' is set on object 'Object Repository/OASIS/ADLs-IADLs/adls_sectionGG/adls_GG0170C_dc_n'

2019-04-30 11:38:15 - [TEST_STEP][PASSED] - delay(1): Delayed 1 second(s)

2019-04-30 11:38:16 - [MESSAGE][PASSED] - Delayed 1 second(s)

2019-04-30 11:38:16 - [TEST_STEP][PASSED] - click(findTestObject("OASIS/ADLs-IADLs/adls_sectionGG/adls_GG0170C_soc_o")): Object: 'Object Repository/OASIS/ADLs-IADLs/adls_sectionGG/adls_GG0170C_soc_o' is clicked on

2019-04-30 11:38:16 - [MESSAGE][PASSED] - Object: 'Object Repository/OASIS/ADLs-IADLs/adls_sectionGG/adls_GG0170C_soc_o' is clicked on

2019-04-30 11:38:16 - [TEST_STEP][PASSED] - setText(findTestObject("OASIS/ADLs-IADLs/adls_sectionGG/adls_GG0170C_soc_o"), "06"): Text '06' is set on object 'Object Repository/OASIS/ADLs-IADLs/adls_sectionGG/adls_GG0170C_soc_o'

2019-04-30 11:38:16 - [MESSAGE][PASSED] - Text '06' is set on object 'Object Repository/OASIS/ADLs-IADLs/adls_sectionGG/adls_GG0170C_soc_o'

2019-04-30 11:38:16 - [TEST_STEP][PASSED] - click(findTestObject("OASIS/ADLs-IADLs/adls_sectionGG/adls_GG0170C_dc_o")): Object: 'Object Repository/OASIS/ADLs-IADLs/adls_sectionGG/adls_GG0170C_dc_o' is clicked on

2019-04-30 11:38:16 - [MESSAGE][PASSED] - Object: 'Object Repository/OASIS/ADLs-IADLs/adls_sectionGG/adls_GG0170C_dc_o' is clicked on

2019-04-30 11:38:16 - [TEST_STEP][PASSED] - setText(findTestObject("OASIS/ADLs-IADLs/adls_sectionGG/adls_GG0170C_dc_o"), "06"): Text '06' is set on object 'Object Repository/OASIS/ADLs-IADLs/adls_sectionGG/adls_GG0170C_dc_o'

2019-04-30 11:38:17 - [MESSAGE][PASSED] - Text '06' is set on object 'Object Repository/OASIS/ADLs-IADLs/adls_sectionGG/adls_GG0170C_dc_o'

2019-04-30 11:38:17 - [TEST_STEP][PASSED] - delay(1): Delayed 1 second(s)

2019-04-30 11:38:18 - [MESSAGE][PASSED] - Delayed 1 second(s)

2019-04-30 11:38:18 - [TEST_STEP][PASSED] - click(findTestObject("OASIS/ADLs-IADLs/adls_sectionGG/adls_GG0170C_soc_p")): Object: 'Object Repository/OASIS/ADLs-IADLs/adls_sectionGG/adls_GG0170C_soc_p' is clicked on

2019-04-30 11:38:18 - [MESSAGE][PASSED] - Object: 'Object Repository/OASIS/ADLs-IADLs/adls_sectionGG/adls_GG0170C_soc_p' is clicked on

2019-04-30 11:38:18 - [TEST_STEP][PASSED] - setText(findTestObject("OASIS/ADLs-IADLs/adls_sectionGG/adls_GG0170C_soc_p"), "06"): Text '06' is set on object 'Object Repository/OASIS/ADLs-IADLs/adls_sectionGG/adls_GG0170C_soc_p'

2019-04-30 11:38:18 - [MESSAGE][PASSED] - Text '06' is set on object 'Object Repository/OASIS/ADLs-IADLs/adls_sectionGG/adls_GG0170C_soc_p'

2019-04-30 11:38:18 - [TEST_STEP][PASSED] - click(findTestObject("OASIS/ADLs-IADLs/adls_sectionGG/adls_GG0170C_dc_p")): Object: 'Object Repository/OASIS/ADLs-IADLs/adls_sectionGG/adls_GG0170C_dc_p' is clicked on

2019-04-30 11:38:18 - [MESSAGE][PASSED] - Object: 'Object Repository/OASIS/ADLs-IADLs/adls_sectionGG/adls_GG0170C_dc_p' is clicked on

2019-04-30 11:38:18 - [TEST_STEP][PASSED] - setText(findTestObject("OASIS/ADLs-IADLs/adls_sectionGG/adls_GG0170C_dc_p"), "06"): Text '06' is set on object 'Object Repository/OASIS/ADLs-IADLs/adls_sectionGG/adls_GG0170C_dc_p'

2019-04-30 11:38:18 - [MESSAGE][PASSED] - Text '06' is set on object 'Object Repository/OASIS/ADLs-IADLs/adls_sectionGG/adls_GG0170C_dc_p'

2019-04-30 11:38:18 - [TEST_STEP][PASSED] - delay(1): Delayed 1 second(s)

2019-04-30 11:38:19 - [MESSAGE][PASSED] - Delayed 1 second(s)

2019-04-30 11:38:19 - [TEST_STEP][PASSED] - click(findTestObject("OASIS/ADLs-IADLs/adls_sectionGG/adls_GG0170C_q")): Object: 'Object Repository/OASIS/ADLs-IADLs/adls_sectionGG/adls_GG0170C_q' is clicked on

2019-04-30 11:38:19 - [MESSAGE][PASSED] - Object: 'Object Repository/OASIS/ADLs-IADLs/adls_sectionGG/adls_GG0170C_q' is clicked on

2019-04-30 11:38:19 - [TEST_STEP][PASSED] - setText(findTestObject("OASIS/ADLs-IADLs/adls_sectionGG/adls_GG0170C_q"), "1"): Text '1' is set on object 'Object Repository/OASIS/ADLs-IADLs/adls_sectionGG/adls_GG0170C_q'

2019-04-30 11:38:19 - [MESSAGE][PASSED] - Text '1' is set on object 'Object Repository/OASIS/ADLs-IADLs/adls_sectionGG/adls_GG0170C_q'

2019-04-30 11:38:19 - [TEST_STEP][PASSED] - delay(1): Delayed 1 second(s)

2019-04-30 11:38:20 - [MESSAGE][PASSED] - Delayed 1 second(s)

2019-04-30 11:38:20 - [TEST_STEP][PASSED] - click(findTestObject("OASIS/ADLs-IADLs/adls_sectionGG/adls_GG0170C_soc_r")): Object: 'Object Repository/OASIS/ADLs-IADLs/adls_sectionGG/adls_GG0170C_soc_r' is clicked on

2019-04-30 11:38:21 - [MESSAGE][PASSED] - Object: 'Object Repository/OASIS/ADLs-IADLs/adls_sectionGG/adls_GG0170C_soc_r' is clicked on

2019-04-30 11:38:21 - [TEST_STEP][PASSED] - setText(findTestObject("OASIS/ADLs-IADLs/adls_sectionGG/adls_GG0170C_soc_r"), "06"): Text '06' is set on object 'Object Repository/OASIS/ADLs-IADLs/adls_sectionGG/adls_GG0170C_soc_r'

2019-04-30 11:38:21 - [MESSAGE][PASSED] - Text '06' is set on object 'Object Repository/OASIS/ADLs-IADLs/adls_sectionGG/adls_GG0170C_soc_r'

2019-04-30 11:38:21 - [TEST_STEP][PASSED] - click(findTestObject("OASIS/ADLs-IADLs/adls_sectionGG/adls_GG0170C_dc_r")): Object: 'Object Repository/OASIS/ADLs-IADLs/adls_sectionGG/adls_GG0170C_dc_r' is clicked on

2019-04-30 11:38:21 - [MESSAGE][PASSED] - Object: 'Object Repository/OASIS/ADLs-IADLs/adls_sectionGG/adls_GG0170C_dc_r' is clicked on

2019-04-30 11:38:21 - [TEST_STEP][PASSED] - setText(findTestObject("OASIS/ADLs-IADLs/adls_sectionGG/adls_GG0170C_dc_r"), "06"): Text '06' is set on object 'Object Repository/OASIS/ADLs-IADLs/adls_sectionGG/adls_GG0170C_dc_r'

2019-04-30 11:38:21 - [MESSAGE][PASSED] - Text '06' is set on object 'Object Repository/OASIS/ADLs-IADLs/adls_sectionGG/adls_GG0170C_dc_r'

2019-04-30 11:38:21 - [TEST_STEP][PASSED] - delay(1): Delayed 1 second(s)

2019-04-30 11:38:22 - [MESSAGE][PASSED] - Delayed 1 second(s)

2019-04-30 11:38:22 - [TEST_STEP][PASSED] - click(findTestObject("OASIS/ADLs-IADLs/adls_sectionGG/adls_GG0170C_rr1")): Object: 'Object Repository/OASIS/ADLs-IADLs/adls_sectionGG/adls_GG0170C_rr1' is clicked on

2019-04-30 11:38:22 - [MESSAGE][PASSED] - Object: 'Object Repository/OASIS/ADLs-IADLs/adls_sectionGG/adls_GG0170C_rr1' is clicked on

2019-04-30 11:38:22 - [TEST_STEP][PASSED] - setText(findTestObject("OASIS/ADLs-IADLs/adls_sectionGG/adls_GG0170C_rr1"), "1"): Text '1' is set on object 'Object Repository/OASIS/ADLs-IADLs/adls_sectionGG/adls_GG0170C_rr1'

2019-04-30 11:38:22 - [MESSAGE][PASSED] - Text '1' is set on object 'Object Repository/OASIS/ADLs-IADLs/adls_sectionGG/adls_GG0170C_rr1'

2019-04-30 11:38:22 - [TEST_STEP][PASSED] - delay(1): Delayed 1 second(s)

2019-04-30 11:38:23 - [MESSAGE][PASSED] - Delayed 1 second(s)

2019-04-30 11:38:23 - [TEST_STEP][PASSED] - click(findTestObject("OASIS/ADLs-IADLs/adls_sectionGG/adls_GG0170C_soc_s")): Object: 'Object Repository/OASIS/ADLs-IADLs/adls_sectionGG/adls_GG0170C_soc_s' is clicked on

2019-04-30 11:38:24 - [MESSAGE][PASSED] - Object: 'Object Repository/OASIS/ADLs-IADLs/adls_sectionGG/adls_GG0170C_soc_s' is clicked on

2019-04-30 11:38:24 - [TEST_STEP][PASSED] - setText(findTestObject("OASIS/ADLs-IADLs/adls_sectionGG/adls_GG0170C_soc_s"), "06"): Text '06' is set on object 'Object Repository/OASIS/ADLs-IADLs/adls_sectionGG/adls_GG0170C_soc_s'

2019-04-30 11:38:24 - [MESSAGE][PASSED] - Text '06' is set on object 'Object Repository/OASIS/ADLs-IADLs/adls_sectionGG/adls_GG0170C_soc_s'

2019-04-30 11:38:24 - [TEST_STEP][PASSED] - click(findTestObject("OASIS/ADLs-IADLs/adls_sectionGG/adls_GG0170C_dc_s")): Object: 'Object Repository/OASIS/ADLs-IADLs/adls_sectionGG/adls_GG0170C_dc_s' is clicked on

2019-04-30 11:38:24 - [MESSAGE][PASSED] - Object: 'Object Repository/OASIS/ADLs-IADLs/adls_sectionGG/adls_GG0170C_dc_s' is clicked on

2019-04-30 11:38:24 - [TEST_STEP][PASSED] - setText(findTestObject("OASIS/ADLs-IADLs/adls_sectionGG/adls_GG0170C_dc_s"), "06"): Text '06' is set on object 'Object Repository/OASIS/ADLs-IADLs/adls_sectionGG/adls_GG0170C_dc_s'

2019-04-30 11:38:24 - [MESSAGE][PASSED] - Text '06' is set on object 'Object Repository/OASIS/ADLs-IADLs/adls_sectionGG/adls_GG0170C_dc_s'

2019-04-30 11:38:24 - [TEST_STEP][PASSED] - delay(1): Delayed 1 second(s)

2019-04-30 11:38:25 - [MESSAGE][PASSED] - Delayed 1 second(s)

2019-04-30 11:38:25 - [TEST_STEP][PASSED] - click(findTestObject("OASIS/ADLs-IADLs/adls_sectionGG/adls_GG0170C_ss1")): Object: 'Object Repository/OASIS/ADLs-IADLs/adls_sectionGG/adls_GG0170C_ss1' is clicked on

2019-04-30 11:38:25 - [MESSAGE][PASSED] - Object: 'Object Repository/OASIS/ADLs-IADLs/adls_sectionGG/adls_GG0170C_ss1' is clicked on

2019-04-30 11:38:25 - [TEST_STEP][PASSED] - setText(findTestObject("OASIS/ADLs-IADLs/adls_sectionGG/adls_GG0170C_ss1"), "1"): Text '1' is set on object 'Object Repository/OASIS/ADLs-IADLs/adls_sectionGG/adls_GG0170C_ss1'

2019-04-30 11:38:25 - [MESSAGE][PASSED] - Text '1' is set on object 'Object Repository/OASIS/ADLs-IADLs/adls_sectionGG/adls_GG0170C_ss1'

2019-04-30 11:38:25 - [TEST_STEP][PASSED] - delay(5): Delayed 5 second(s)

2019-04-30 11:38:30 - [MESSAGE][PASSED] - Delayed 5 second(s)

2019-04-30 11:38:30 - [TEST_STEP][PASSED] - click(findTestObject("OASIS/OASIS_TABS/discardchangesbtn")): Object: 'Object Repository/OASIS/OASIS_TABS/discardchangesbtn' is clicked on

2019-04-30 11:38:30 - [MESSAGE][PASSED] - Object: 'Object Repository/OASIS/OASIS_TABS/discardchangesbtn' is clicked on

2019-04-30 11:38:30 - [TEST_STEP][PASSED] - delay(2): Delayed 2 second(s)

2019-04-30 11:38:32 - [MESSAGE][PASSED] - Delayed 2 second(s)

2019-04-30 11:38:32 - [TEST_STEP][PASSED] - click(findTestObject("OASIS/OASIS_TABS/discardchangesmodalbtn")): Object: 'Object Repository/OASIS/OASIS_TABS/discardchangesmodalbtn' is clicked on

2019-04-30 11:38:33 - [MESSAGE][PASSED] - Object: 'Object Repository/OASIS/OASIS_TABS/discardchangesmodalbtn' is clicked on

2019-04-30 11:38:33 - [TEST_STEP][PASSED] - delay(5): Delayed 5 second(s)

2019-04-30 11:38:38 - [MESSAGE][PASSED] - Delayed 5 second(s)]]></system-out>
         <system-err><![CDATA[]]></system-err>
      </testcase>
      <testcase name="Test Cases/OASIS_SOC/Medications" classname="Test Cases/OASIS_SOC/Medications" status="FAILED">
         <failure type="FAILED" message="Test Cases/OASIS_SOC/Medications FAILED.
Reason:
com.kms.katalon.core.exception.StepFailedException: Unable to click on object 'Object Repository/OASIS/Medications/med_va_peripheral/med_va_peripheral_cathetype_short'
	at com.kms.katalon.core.webui.keyword.internal.WebUIKeywordMain.stepFailed(WebUIKeywordMain.groovy:64)
	at com.kms.katalon.core.webui.keyword.internal.WebUIKeywordMain.runKeyword(WebUIKeywordMain.groovy:26)
	at com.kms.katalon.core.webui.keyword.builtin.ClickKeyword.click(ClickKeyword.groovy:86)
	at com.kms.katalon.core.webui.keyword.builtin.ClickKeyword.execute(ClickKeyword.groovy:67)
	at com.kms.katalon.core.keyword.internal.KeywordExecutor.executeKeywordForPlatform(KeywordExecutor.groovy:56)
	at com.kms.katalon.core.webui.keyword.WebUiBuiltInKeywords.click(WebUiBuiltInKeywords.groovy:616)
	at com.kms.katalon.core.webui.keyword.WebUiBuiltInKeywords$click$3.call(Unknown Source)
	at Medications.run(Medications:62)
	at com.kms.katalon.core.main.ScriptEngine.run(ScriptEngine.java:194)
	at com.kms.katalon.core.main.ScriptEngine.runScriptAsRawText(ScriptEngine.java:119)
	at com.kms.katalon.core.main.TestCaseExecutor.runScript(TestCaseExecutor.java:342)
	at com.kms.katalon.core.main.TestCaseExecutor.doExecute(TestCaseExecutor.java:333)
	at com.kms.katalon.core.main.TestCaseExecutor.processExecutionPhase(TestCaseExecutor.java:312)
	at com.kms.katalon.core.main.TestCaseExecutor.accessMainPhase(TestCaseExecutor.java:304)
	at com.kms.katalon.core.main.TestCaseExecutor.execute(TestCaseExecutor.java:238)
	at com.kms.katalon.core.main.TestSuiteExecutor.accessTestCaseMainPhase(TestSuiteExecutor.java:129)
	at com.kms.katalon.core.main.TestSuiteExecutor.accessTestSuiteMainPhase(TestSuiteExecutor.java:112)
	at com.kms.katalon.core.main.TestSuiteExecutor.execute(TestSuiteExecutor.java:81)
	at com.kms.katalon.core.main.TestCaseMain.startTestSuite(TestCaseMain.java:157)
	at com.kms.katalon.core.main.TestCaseMain$startTestSuite$0.call(Unknown Source)
	at TempTestSuite1556595077046.run(TempTestSuite1556595077046.groovy:35)
Caused by: org.openqa.selenium.WebDriverException: unknown error: Element &lt;input type=&quot;radio&quot; data-ng-model=&quot;pi.SOOMEDICATION0066&quot; rname=&quot;SOOMEDICATION0066&quot; value=&quot;Short catheter&quot; class=&quot;ng-pristine ng-untouched ng-valid ng-empty&quot; name=&quot;16255&quot;> is not clickable at point (381, 138). Other element would receive the click: &lt;div id=&quot;oasis-tabs&quot; class=&quot;btn-group tab-btn-group btn__tab_group ng-isolate-scope&quot; set-active-tab=&quot;isReadyToNavigate&quot;>...&lt;/div>
  (Session info: chrome=73.0.3683.103)
  (Driver info: chromedriver=73.0.3683.68 (47787ec04b6e38e22703e856e101e840b65afe72),platform=Windows NT 10.0.17134 x86_64) (WARNING: The server did not provide any stacktrace information)
Command duration or timeout: 0 milliseconds
Build info: version: '3.7.1', revision: '8a0099a', time: '2017-11-06T21:07:36.161Z'
System info: host: 'DESKTOP-IKQI3RS', ip: '192.168.2.37', os.name: 'Windows 10', os.arch: 'amd64', os.version: '10.0', java.version: '1.8.0_181'
Driver info: com.kms.katalon.selenium.driver.CChromeDriver
Capabilities {acceptInsecureCerts: false, acceptSslCerts: false, applicationCacheEnabled: false, browserConnectionEnabled: false, browserName: chrome, chrome: {chromedriverVersion: 73.0.3683.68 (47787ec04b6e3..., userDataDir: C:\Users\KHENAR~1\AppData\L...}, cssSelectorsEnabled: true, databaseEnabled: false, goog:chromeOptions: {debuggerAddress: localhost:55293}, handlesAlerts: true, hasTouchScreen: false, javascriptEnabled: true, locationContextEnabled: true, mobileEmulationEnabled: false, nativeEvents: true, networkConnectionEnabled: false, pageLoadStrategy: normal, platform: XP, platformName: XP, proxy: Proxy(direct), rotatable: false, setWindowRect: true, strictFileInteractability: false, takesHeapSnapshot: true, takesScreenshot: true, timeouts: {implicit: 0, pageLoad: 300000, script: 30000}, unexpectedAlertBehaviour: ignore, unhandledPromptBehavior: ignore, version: 73.0.3683.103, webStorageEnabled: true}
Session ID: f0067138f4daf65dc96cb90bba114367
	at org.openqa.selenium.remote.ErrorHandler.createThrowable(ErrorHandler.java:214)
	at org.openqa.selenium.remote.ErrorHandler.throwIfResponseFailed(ErrorHandler.java:166)
	at org.openqa.selenium.remote.http.JsonHttpResponseCodec.reconstructValue(JsonHttpResponseCodec.java:40)
	at org.openqa.selenium.remote.http.AbstractHttpResponseCodec.decode(AbstractHttpResponseCodec.java:80)
	at org.openqa.selenium.remote.http.AbstractHttpResponseCodec.decode(AbstractHttpResponseCodec.java:44)
	at org.openqa.selenium.remote.HttpCommandExecutor.execute(HttpCommandExecutor.java:164)
	at org.openqa.selenium.remote.service.DriverCommandExecutor.execute(DriverCommandExecutor.java:83)
	at org.openqa.selenium.remote.RemoteWebDriver.execute(RemoteWebDriver.java:600)
	at com.kms.katalon.selenium.driver.CChromeDriver.execute(CChromeDriver.java:20)
	at org.openqa.selenium.remote.RemoteWebElement.execute(RemoteWebElement.java:279)
	at org.openqa.selenium.remote.RemoteWebElement.click(RemoteWebElement.java:83)
	at com.kms.katalon.core.webui.keyword.builtin.ClickKeyword$_click_closure1.doCall(ClickKeyword.groovy:79)
	at com.kms.katalon.core.webui.keyword.builtin.ClickKeyword$_click_closure1.call(ClickKeyword.groovy)
	at com.kms.katalon.core.webui.keyword.internal.WebUIKeywordMain.runKeyword(WebUIKeywordMain.groovy:20)
	at com.kms.katalon.core.webui.keyword.builtin.ClickKeyword.click(ClickKeyword.groovy:86)
	at com.kms.katalon.core.webui.keyword.builtin.ClickKeyword.execute(ClickKeyword.groovy:67)
	at com.kms.katalon.core.keyword.internal.KeywordExecutor.executeKeywordForPlatform(KeywordExecutor.groovy:56)
	at com.kms.katalon.core.webui.keyword.WebUiBuiltInKeywords.click(WebUiBuiltInKeywords.groovy:616)
	at com.kms.katalon.core.webui.keyword.WebUiBuiltInKeywords$click$3.call(Unknown Source)
	at Script1556160320314.run(Script1556160320314.groovy:62)
	... 13 more
"/>
         <system-out><![CDATA[2019-04-30 11:38:38 - [TEST_CASE][FAILED] - Test Cases/OASIS_SOC/Medications: Test Cases/OASIS_SOC/Medications FAILED.
Reason:
com.kms.katalon.core.exception.StepFailedException: Unable to click on object 'Object Repository/OASIS/Medications/med_va_peripheral/med_va_peripheral_cathetype_short'
	at com.kms.katalon.core.webui.keyword.internal.WebUIKeywordMain.stepFailed(WebUIKeywordMain.groovy:64)
	at com.kms.katalon.core.webui.keyword.internal.WebUIKeywordMain.runKeyword(WebUIKeywordMain.groovy:26)
	at com.kms.katalon.core.webui.keyword.builtin.ClickKeyword.click(ClickKeyword.groovy:86)
	at com.kms.katalon.core.webui.keyword.builtin.ClickKeyword.execute(ClickKeyword.groovy:67)
	at com.kms.katalon.core.keyword.internal.KeywordExecutor.executeKeywordForPlatform(KeywordExecutor.groovy:56)
	at com.kms.katalon.core.webui.keyword.WebUiBuiltInKeywords.click(WebUiBuiltInKeywords.groovy:616)
	at com.kms.katalon.core.webui.keyword.WebUiBuiltInKeywords$click$3.call(Unknown Source)
	at Medications.run(Medications:62)
	at com.kms.katalon.core.main.ScriptEngine.run(ScriptEngine.java:194)
	at com.kms.katalon.core.main.ScriptEngine.runScriptAsRawText(ScriptEngine.java:119)
	at com.kms.katalon.core.main.TestCaseExecutor.runScript(TestCaseExecutor.java:342)
	at com.kms.katalon.core.main.TestCaseExecutor.doExecute(TestCaseExecutor.java:333)
	at com.kms.katalon.core.main.TestCaseExecutor.processExecutionPhase(TestCaseExecutor.java:312)
	at com.kms.katalon.core.main.TestCaseExecutor.accessMainPhase(TestCaseExecutor.java:304)
	at com.kms.katalon.core.main.TestCaseExecutor.execute(TestCaseExecutor.java:238)
	at com.kms.katalon.core.main.TestSuiteExecutor.accessTestCaseMainPhase(TestSuiteExecutor.java:129)
	at com.kms.katalon.core.main.TestSuiteExecutor.accessTestSuiteMainPhase(TestSuiteExecutor.java:112)
	at com.kms.katalon.core.main.TestSuiteExecutor.execute(TestSuiteExecutor.java:81)
	at com.kms.katalon.core.main.TestCaseMain.startTestSuite(TestCaseMain.java:157)
	at com.kms.katalon.core.main.TestCaseMain$startTestSuite$0.call(Unknown Source)
	at TempTestSuite1556595077046.run(TempTestSuite1556595077046.groovy:35)
Caused by: org.openqa.selenium.WebDriverException: unknown error: Element <input type="radio" data-ng-model="pi.SOOMEDICATION0066" rname="SOOMEDICATION0066" value="Short catheter" class="ng-pristine ng-untouched ng-valid ng-empty" name="16255"> is not clickable at point (381, 138). Other element would receive the click: <div id="oasis-tabs" class="btn-group tab-btn-group btn__tab_group ng-isolate-scope" set-active-tab="isReadyToNavigate">...</div>
  (Session info: chrome=73.0.3683.103)
  (Driver info: chromedriver=73.0.3683.68 (47787ec04b6e38e22703e856e101e840b65afe72),platform=Windows NT 10.0.17134 x86_64) (WARNING: The server did not provide any stacktrace information)
Command duration or timeout: 0 milliseconds
Build info: version: '3.7.1', revision: '8a0099a', time: '2017-11-06T21:07:36.161Z'
System info: host: 'DESKTOP-IKQI3RS', ip: '192.168.2.37', os.name: 'Windows 10', os.arch: 'amd64', os.version: '10.0', java.version: '1.8.0_181'
Driver info: com.kms.katalon.selenium.driver.CChromeDriver
Capabilities {acceptInsecureCerts: false, acceptSslCerts: false, applicationCacheEnabled: false, browserConnectionEnabled: false, browserName: chrome, chrome: {chromedriverVersion: 73.0.3683.68 (47787ec04b6e3..., userDataDir: C:\Users\KHENAR~1\AppData\L...}, cssSelectorsEnabled: true, databaseEnabled: false, goog:chromeOptions: {debuggerAddress: localhost:55293}, handlesAlerts: true, hasTouchScreen: false, javascriptEnabled: true, locationContextEnabled: true, mobileEmulationEnabled: false, nativeEvents: true, networkConnectionEnabled: false, pageLoadStrategy: normal, platform: XP, platformName: XP, proxy: Proxy(direct), rotatable: false, setWindowRect: true, strictFileInteractability: false, takesHeapSnapshot: true, takesScreenshot: true, timeouts: {implicit: 0, pageLoad: 300000, script: 30000}, unexpectedAlertBehaviour: ignore, unhandledPromptBehavior: ignore, version: 73.0.3683.103, webStorageEnabled: true}
Session ID: f0067138f4daf65dc96cb90bba114367
	at org.openqa.selenium.remote.ErrorHandler.createThrowable(ErrorHandler.java:214)
	at org.openqa.selenium.remote.ErrorHandler.throwIfResponseFailed(ErrorHandler.java:166)
	at org.openqa.selenium.remote.http.JsonHttpResponseCodec.reconstructValue(JsonHttpResponseCodec.java:40)
	at org.openqa.selenium.remote.http.AbstractHttpResponseCodec.decode(AbstractHttpResponseCodec.java:80)
	at org.openqa.selenium.remote.http.AbstractHttpResponseCodec.decode(AbstractHttpResponseCodec.java:44)
	at org.openqa.selenium.remote.HttpCommandExecutor.execute(HttpCommandExecutor.java:164)
	at org.openqa.selenium.remote.service.DriverCommandExecutor.execute(DriverCommandExecutor.java:83)
	at org.openqa.selenium.remote.RemoteWebDriver.execute(RemoteWebDriver.java:600)
	at com.kms.katalon.selenium.driver.CChromeDriver.execute(CChromeDriver.java:20)
	at org.openqa.selenium.remote.RemoteWebElement.execute(RemoteWebElement.java:279)
	at org.openqa.selenium.remote.RemoteWebElement.click(RemoteWebElement.java:83)
	at com.kms.katalon.core.webui.keyword.builtin.ClickKeyword$_click_closure1.doCall(ClickKeyword.groovy:79)
	at com.kms.katalon.core.webui.keyword.builtin.ClickKeyword$_click_closure1.call(ClickKeyword.groovy)
	at com.kms.katalon.core.webui.keyword.internal.WebUIKeywordMain.runKeyword(WebUIKeywordMain.groovy:20)
	at com.kms.katalon.core.webui.keyword.builtin.ClickKeyword.click(ClickKeyword.groovy:86)
	at com.kms.katalon.core.webui.keyword.builtin.ClickKeyword.execute(ClickKeyword.groovy:67)
	at com.kms.katalon.core.keyword.internal.KeywordExecutor.executeKeywordForPlatform(KeywordExecutor.groovy:56)
	at com.kms.katalon.core.webui.keyword.WebUiBuiltInKeywords.click(WebUiBuiltInKeywords.groovy:616)
	at com.kms.katalon.core.webui.keyword.WebUiBuiltInKeywords$click$3.call(Unknown Source)
	at Script1556160320314.run(Script1556160320314.groovy:62)
	... 13 more


2019-04-30 11:38:38 - [TEST_STEP][PASSED] - click(findTestObject("OASIS/OASIS_TABS/Medications_tab")): Object: 'Object Repository/OASIS/OASIS_TABS/Medications_tab' is clicked on

2019-04-30 11:38:38 - [MESSAGE][PASSED] - Object: 'Object Repository/OASIS/OASIS_TABS/Medications_tab' is clicked on

2019-04-30 11:38:38 - [TEST_STEP][PASSED] - delay(1): Delayed 1 second(s)

2019-04-30 11:38:39 - [MESSAGE][PASSED] - Delayed 1 second(s)

2019-04-30 11:38:39 - [TEST_STEP][PASSED] - click(findTestObject("OASIS/Medications/M2001_1")): Object: 'Object Repository/OASIS/Medications/M2001_1' is clicked on

2019-04-30 11:38:40 - [MESSAGE][PASSED] - Object: 'Object Repository/OASIS/Medications/M2001_1' is clicked on

2019-04-30 11:38:40 - [TEST_STEP][PASSED] - delay(1): Delayed 1 second(s)

2019-04-30 11:38:41 - [MESSAGE][PASSED] - Delayed 1 second(s)

2019-04-30 11:38:41 - [TEST_STEP][PASSED] - click(findTestObject("OASIS/Medications/M2003_1")): Object: 'Object Repository/OASIS/Medications/M2003_1' is clicked on

2019-04-30 11:38:41 - [MESSAGE][PASSED] - Object: 'Object Repository/OASIS/Medications/M2003_1' is clicked on

2019-04-30 11:38:41 - [TEST_STEP][PASSED] - delay(1): Delayed 1 second(s)

2019-04-30 11:38:42 - [MESSAGE][PASSED] - Delayed 1 second(s)

2019-04-30 11:38:42 - [TEST_STEP][PASSED] - click(findTestObject("OASIS/Medications/M2010_1")): Object: 'Object Repository/OASIS/Medications/M2010_1' is clicked on

2019-04-30 11:38:42 - [MESSAGE][PASSED] - Object: 'Object Repository/OASIS/Medications/M2010_1' is clicked on

2019-04-30 11:38:42 - [TEST_STEP][PASSED] - delay(1): Delayed 1 second(s)

2019-04-30 11:38:43 - [MESSAGE][PASSED] - Delayed 1 second(s)

2019-04-30 11:38:43 - [TEST_STEP][PASSED] - click(findTestObject("OASIS/Medications/M2020_1")): Object: 'Object Repository/OASIS/Medications/M2020_1' is clicked on

2019-04-30 11:38:44 - [MESSAGE][PASSED] - Object: 'Object Repository/OASIS/Medications/M2020_1' is clicked on

2019-04-30 11:38:44 - [TEST_STEP][PASSED] - delay(1): Delayed 1 second(s)

2019-04-30 11:38:45 - [MESSAGE][PASSED] - Delayed 1 second(s)

2019-04-30 11:38:45 - [TEST_STEP][PASSED] - click(findTestObject("OASIS/Medications/M2030_1")): Object: 'Object Repository/OASIS/Medications/M2030_1' is clicked on

2019-04-30 11:38:45 - [MESSAGE][PASSED] - Object: 'Object Repository/OASIS/Medications/M2030_1' is clicked on

2019-04-30 11:38:45 - [TEST_STEP][PASSED] - delay(1): Delayed 1 second(s)

2019-04-30 11:38:46 - [MESSAGE][PASSED] - Delayed 1 second(s)

2019-04-30 11:38:46 - [TEST_STEP][PASSED] - click(findTestObject("OASIS/Medications/med_venous_access")): Object: 'Object Repository/OASIS/Medications/med_venous_access' is clicked on

2019-04-30 11:38:46 - [MESSAGE][PASSED] - Object: 'Object Repository/OASIS/Medications/med_venous_access' is clicked on

2019-04-30 11:38:46 - [TEST_STEP][PASSED] - delay(2): Delayed 2 second(s)

2019-04-30 11:38:48 - [MESSAGE][PASSED] - Delayed 2 second(s)

2019-04-30 11:38:48 - [TEST_STEP][PASSED] - click(findTestObject("OASIS/Medications/med_va_purpose/med_va_purpose_antibiotic")): Object: 'Object Repository/OASIS/Medications/med_va_purpose/med_va_purpose_antibiotic' is clicked on

2019-04-30 11:38:48 - [MESSAGE][PASSED] - Object: 'Object Repository/OASIS/Medications/med_va_purpose/med_va_purpose_antibiotic' is clicked on

2019-04-30 11:38:48 - [TEST_STEP][PASSED] - delay(1): Delayed 1 second(s)

2019-04-30 11:38:49 - [MESSAGE][PASSED] - Delayed 1 second(s)

2019-04-30 11:38:49 - [TEST_STEP][PASSED] - click(findTestObject("OASIS/Medications/med_va_purpose/med_va_purpose_hydration")): Object: 'Object Repository/OASIS/Medications/med_va_purpose/med_va_purpose_hydration' is clicked on

2019-04-30 11:38:49 - [MESSAGE][PASSED] - Object: 'Object Repository/OASIS/Medications/med_va_purpose/med_va_purpose_hydration' is clicked on

2019-04-30 11:38:49 - [TEST_STEP][PASSED] - click(findTestObject("OASIS/Medications/med_va_purpose/med_va_purpose_parenteral")): Object: 'Object Repository/OASIS/Medications/med_va_purpose/med_va_purpose_parenteral' is clicked on

2019-04-30 11:38:50 - [MESSAGE][PASSED] - Object: 'Object Repository/OASIS/Medications/med_va_purpose/med_va_purpose_parenteral' is clicked on

2019-04-30 11:38:50 - [TEST_STEP][PASSED] - click(findTestObject("OASIS/Medications/med_va_purpose/med_va_purpose_pain_control")): Object: 'Object Repository/OASIS/Medications/med_va_purpose/med_va_purpose_pain_control' is clicked on

2019-04-30 11:38:50 - [MESSAGE][PASSED] - Object: 'Object Repository/OASIS/Medications/med_va_purpose/med_va_purpose_pain_control' is clicked on

2019-04-30 11:38:50 - [TEST_STEP][PASSED] - click(findTestObject("OASIS/Medications/med_va_purpose/med_va_purpose_chemotherapy")): Object: 'Object Repository/OASIS/Medications/med_va_purpose/med_va_purpose_chemotherapy' is clicked on

2019-04-30 11:38:50 - [MESSAGE][PASSED] - Object: 'Object Repository/OASIS/Medications/med_va_purpose/med_va_purpose_chemotherapy' is clicked on

2019-04-30 11:38:50 - [TEST_STEP][PASSED] - click(findTestObject("OASIS/Medications/med_va_purpose/med_va_purpose_maintain_va")): Object: 'Object Repository/OASIS/Medications/med_va_purpose/med_va_purpose_maintain_va' is clicked on

2019-04-30 11:38:50 - [MESSAGE][PASSED] - Object: 'Object Repository/OASIS/Medications/med_va_purpose/med_va_purpose_maintain_va' is clicked on

2019-04-30 11:38:50 - [TEST_STEP][PASSED] - setText(findTestObject("OASIS/Medications/med_va_purpose/med_va_purpose_other"), "Medication Monitoring Therapy"): Text 'Medication Monitoring Therapy' is set on object 'Object Repository/OASIS/Medications/med_va_purpose/med_va_purpose_other'

2019-04-30 11:38:53 - [MESSAGE][PASSED] - Text 'Medication Monitoring Therapy' is set on object 'Object Repository/OASIS/Medications/med_va_purpose/med_va_purpose_other'

2019-04-30 11:38:53 - [TEST_STEP][PASSED] - delay(2): Delayed 2 second(s)

2019-04-30 11:38:55 - [MESSAGE][PASSED] - Delayed 2 second(s)

2019-04-30 11:38:55 - [TEST_STEP][FAILED] - click(findTestObject("OASIS/Medications/med_va_peripheral/med_va_peripheral_cathetype_short")): click(findTestObject("OASIS/Medications/med_va_peripheral/med_va_peripheral_cathetype_short")) FAILED.
Reason:
com.kms.katalon.core.exception.StepFailedException: Unable to click on object 'Object Repository/OASIS/Medications/med_va_peripheral/med_va_peripheral_cathetype_short'
	at com.kms.katalon.core.webui.keyword.internal.WebUIKeywordMain.stepFailed(WebUIKeywordMain.groovy:64)
	at com.kms.katalon.core.webui.keyword.internal.WebUIKeywordMain.runKeyword(WebUIKeywordMain.groovy:26)
	at com.kms.katalon.core.webui.keyword.builtin.ClickKeyword.click(ClickKeyword.groovy:86)
	at com.kms.katalon.core.webui.keyword.builtin.ClickKeyword.execute(ClickKeyword.groovy:67)
	at com.kms.katalon.core.keyword.internal.KeywordExecutor.executeKeywordForPlatform(KeywordExecutor.groovy:56)
	at com.kms.katalon.core.webui.keyword.WebUiBuiltInKeywords.click(WebUiBuiltInKeywords.groovy:616)
	at com.kms.katalon.core.webui.keyword.WebUiBuiltInKeywords$click$3.call(Unknown Source)
	at Medications.run(Medications:62)
	at com.kms.katalon.core.main.ScriptEngine.run(ScriptEngine.java:194)
	at com.kms.katalon.core.main.ScriptEngine.runScriptAsRawText(ScriptEngine.java:119)
	at com.kms.katalon.core.main.TestCaseExecutor.runScript(TestCaseExecutor.java:342)
	at com.kms.katalon.core.main.TestCaseExecutor.doExecute(TestCaseExecutor.java:333)
	at com.kms.katalon.core.main.TestCaseExecutor.processExecutionPhase(TestCaseExecutor.java:312)
	at com.kms.katalon.core.main.TestCaseExecutor.accessMainPhase(TestCaseExecutor.java:304)
	at com.kms.katalon.core.main.TestCaseExecutor.execute(TestCaseExecutor.java:238)
	at com.kms.katalon.core.main.TestSuiteExecutor.accessTestCaseMainPhase(TestSuiteExecutor.java:129)
	at com.kms.katalon.core.main.TestSuiteExecutor.accessTestSuiteMainPhase(TestSuiteExecutor.java:112)
	at com.kms.katalon.core.main.TestSuiteExecutor.execute(TestSuiteExecutor.java:81)
	at com.kms.katalon.core.main.TestCaseMain.startTestSuite(TestCaseMain.java:157)
	at com.kms.katalon.core.main.TestCaseMain$startTestSuite$0.call(Unknown Source)
	at TempTestSuite1556595077046.run(TempTestSuite1556595077046.groovy:35)
Caused by: org.openqa.selenium.WebDriverException: unknown error: Element <input type="radio" data-ng-model="pi.SOOMEDICATION0066" rname="SOOMEDICATION0066" value="Short catheter" class="ng-pristine ng-untouched ng-valid ng-empty" name="16255"> is not clickable at point (381, 138). Other element would receive the click: <div id="oasis-tabs" class="btn-group tab-btn-group btn__tab_group ng-isolate-scope" set-active-tab="isReadyToNavigate">...</div>
  (Session info: chrome=73.0.3683.103)
  (Driver info: chromedriver=73.0.3683.68 (47787ec04b6e38e22703e856e101e840b65afe72),platform=Windows NT 10.0.17134 x86_64) (WARNING: The server did not provide any stacktrace information)
Command duration or timeout: 0 milliseconds
Build info: version: '3.7.1', revision: '8a0099a', time: '2017-11-06T21:07:36.161Z'
System info: host: 'DESKTOP-IKQI3RS', ip: '192.168.2.37', os.name: 'Windows 10', os.arch: 'amd64', os.version: '10.0', java.version: '1.8.0_181'
Driver info: com.kms.katalon.selenium.driver.CChromeDriver
Capabilities {acceptInsecureCerts: false, acceptSslCerts: false, applicationCacheEnabled: false, browserConnectionEnabled: false, browserName: chrome, chrome: {chromedriverVersion: 73.0.3683.68 (47787ec04b6e3..., userDataDir: C:\Users\KHENAR~1\AppData\L...}, cssSelectorsEnabled: true, databaseEnabled: false, goog:chromeOptions: {debuggerAddress: localhost:55293}, handlesAlerts: true, hasTouchScreen: false, javascriptEnabled: true, locationContextEnabled: true, mobileEmulationEnabled: false, nativeEvents: true, networkConnectionEnabled: false, pageLoadStrategy: normal, platform: XP, platformName: XP, proxy: Proxy(direct), rotatable: false, setWindowRect: true, strictFileInteractability: false, takesHeapSnapshot: true, takesScreenshot: true, timeouts: {implicit: 0, pageLoad: 300000, script: 30000}, unexpectedAlertBehaviour: ignore, unhandledPromptBehavior: ignore, version: 73.0.3683.103, webStorageEnabled: true}
Session ID: f0067138f4daf65dc96cb90bba114367
	at org.openqa.selenium.remote.ErrorHandler.createThrowable(ErrorHandler.java:214)
	at org.openqa.selenium.remote.ErrorHandler.throwIfResponseFailed(ErrorHandler.java:166)
	at org.openqa.selenium.remote.http.JsonHttpResponseCodec.reconstructValue(JsonHttpResponseCodec.java:40)
	at org.openqa.selenium.remote.http.AbstractHttpResponseCodec.decode(AbstractHttpResponseCodec.java:80)
	at org.openqa.selenium.remote.http.AbstractHttpResponseCodec.decode(AbstractHttpResponseCodec.java:44)
	at org.openqa.selenium.remote.HttpCommandExecutor.execute(HttpCommandExecutor.java:164)
	at org.openqa.selenium.remote.service.DriverCommandExecutor.execute(DriverCommandExecutor.java:83)
	at org.openqa.selenium.remote.RemoteWebDriver.execute(RemoteWebDriver.java:600)
	at com.kms.katalon.selenium.driver.CChromeDriver.execute(CChromeDriver.java:20)
	at org.openqa.selenium.remote.RemoteWebElement.execute(RemoteWebElement.java:279)
	at org.openqa.selenium.remote.RemoteWebElement.click(RemoteWebElement.java:83)
	at com.kms.katalon.core.webui.keyword.builtin.ClickKeyword$_click_closure1.doCall(ClickKeyword.groovy:79)
	at com.kms.katalon.core.webui.keyword.builtin.ClickKeyword$_click_closure1.call(ClickKeyword.groovy)
	at com.kms.katalon.core.webui.keyword.internal.WebUIKeywordMain.runKeyword(WebUIKeywordMain.groovy:20)
	at com.kms.katalon.core.webui.keyword.builtin.ClickKeyword.click(ClickKeyword.groovy:86)
	at com.kms.katalon.core.webui.keyword.builtin.ClickKeyword.execute(ClickKeyword.groovy:67)
	at com.kms.katalon.core.keyword.internal.KeywordExecutor.executeKeywordForPlatform(KeywordExecutor.groovy:56)
	at com.kms.katalon.core.webui.keyword.WebUiBuiltInKeywords.click(WebUiBuiltInKeywords.groovy:616)
	at com.kms.katalon.core.webui.keyword.WebUiBuiltInKeywords$click$3.call(Unknown Source)
	at Script1556160320314.run(Script1556160320314.groovy:62)
	... 13 more


2019-04-30 11:38:56 - [MESSAGE][FAILED] - Unable to click on object 'Object Repository/OASIS/Medications/med_va_peripheral/med_va_peripheral_cathetype_short' (Root cause: com.kms.katalon.core.exception.StepFailedException: Unable to click on object 'Object Repository/OASIS/Medications/med_va_peripheral/med_va_peripheral_cathetype_short'
	at com.kms.katalon.core.webui.keyword.internal.WebUIKeywordMain.stepFailed(WebUIKeywordMain.groovy:64)
	at com.kms.katalon.core.webui.keyword.internal.WebUIKeywordMain.runKeyword(WebUIKeywordMain.groovy:26)
	at com.kms.katalon.core.webui.keyword.builtin.ClickKeyword.click(ClickKeyword.groovy:86)
	at com.kms.katalon.core.webui.keyword.builtin.ClickKeyword.execute(ClickKeyword.groovy:67)
	at com.kms.katalon.core.keyword.internal.KeywordExecutor.executeKeywordForPlatform(KeywordExecutor.groovy:56)
	at com.kms.katalon.core.webui.keyword.WebUiBuiltInKeywords.click(WebUiBuiltInKeywords.groovy:616)
	at com.kms.katalon.core.webui.keyword.WebUiBuiltInKeywords$click$3.call(Unknown Source)
	at Medications.run(Medications:62)
	at com.kms.katalon.core.main.ScriptEngine.run(ScriptEngine.java:194)
	at com.kms.katalon.core.main.ScriptEngine.runScriptAsRawText(ScriptEngine.java:119)
	at com.kms.katalon.core.main.TestCaseExecutor.runScript(TestCaseExecutor.java:342)
	at com.kms.katalon.core.main.TestCaseExecutor.doExecute(TestCaseExecutor.java:333)
	at com.kms.katalon.core.main.TestCaseExecutor.processExecutionPhase(TestCaseExecutor.java:312)
	at com.kms.katalon.core.main.TestCaseExecutor.accessMainPhase(TestCaseExecutor.java:304)
	at com.kms.katalon.core.main.TestCaseExecutor.execute(TestCaseExecutor.java:238)
	at com.kms.katalon.core.main.TestSuiteExecutor.accessTestCaseMainPhase(TestSuiteExecutor.java:129)
	at com.kms.katalon.core.main.TestSuiteExecutor.accessTestSuiteMainPhase(TestSuiteExecutor.java:112)
	at com.kms.katalon.core.main.TestSuiteExecutor.execute(TestSuiteExecutor.java:81)
	at com.kms.katalon.core.main.TestCaseMain.startTestSuite(TestCaseMain.java:157)
	at com.kms.katalon.core.main.TestCaseMain$startTestSuite$0.call(Unknown Source)
	at TempTestSuite1556595077046.run(TempTestSuite1556595077046.groovy:35)
Caused by: org.openqa.selenium.WebDriverException: unknown error: Element <input type="radio" data-ng-model="pi.SOOMEDICATION0066" rname="SOOMEDICATION0066" value="Short catheter" class="ng-pristine ng-untouched ng-valid ng-empty" name="16255"> is not clickable at point (381, 138). Other element would receive the click: <div id="oasis-tabs" class="btn-group tab-btn-group btn__tab_group ng-isolate-scope" set-active-tab="isReadyToNavigate">...</div>
  (Session info: chrome=73.0.3683.103)
  (Driver info: chromedriver=73.0.3683.68 (47787ec04b6e38e22703e856e101e840b65afe72),platform=Windows NT 10.0.17134 x86_64) (WARNING: The server did not provide any stacktrace information)
Command duration or timeout: 0 milliseconds
Build info: version: '3.7.1', revision: '8a0099a', time: '2017-11-06T21:07:36.161Z'
System info: host: 'DESKTOP-IKQI3RS', ip: '192.168.2.37', os.name: 'Windows 10', os.arch: 'amd64', os.version: '10.0', java.version: '1.8.0_181'
Driver info: com.kms.katalon.selenium.driver.CChromeDriver
Capabilities {acceptInsecureCerts: false, acceptSslCerts: false, applicationCacheEnabled: false, browserConnectionEnabled: false, browserName: chrome, chrome: {chromedriverVersion: 73.0.3683.68 (47787ec04b6e3..., userDataDir: C:\Users\KHENAR~1\AppData\L...}, cssSelectorsEnabled: true, databaseEnabled: false, goog:chromeOptions: {debuggerAddress: localhost:55293}, handlesAlerts: true, hasTouchScreen: false, javascriptEnabled: true, locationContextEnabled: true, mobileEmulationEnabled: false, nativeEvents: true, networkConnectionEnabled: false, pageLoadStrategy: normal, platform: XP, platformName: XP, proxy: Proxy(direct), rotatable: false, setWindowRect: true, strictFileInteractability: false, takesHeapSnapshot: true, takesScreenshot: true, timeouts: {implicit: 0, pageLoad: 300000, script: 30000}, unexpectedAlertBehaviour: ignore, unhandledPromptBehavior: ignore, version: 73.0.3683.103, webStorageEnabled: true}
Session ID: f0067138f4daf65dc96cb90bba114367
	at org.openqa.selenium.remote.ErrorHandler.createThrowable(ErrorHandler.java:214)
	at org.openqa.selenium.remote.ErrorHandler.throwIfResponseFailed(ErrorHandler.java:166)
	at org.openqa.selenium.remote.http.JsonHttpResponseCodec.reconstructValue(JsonHttpResponseCodec.java:40)
	at org.openqa.selenium.remote.http.AbstractHttpResponseCodec.decode(AbstractHttpResponseCodec.java:80)
	at org.openqa.selenium.remote.http.AbstractHttpResponseCodec.decode(AbstractHttpResponseCodec.java:44)
	at org.openqa.selenium.remote.HttpCommandExecutor.execute(HttpCommandExecutor.java:164)
	at org.openqa.selenium.remote.service.DriverCommandExecutor.execute(DriverCommandExecutor.java:83)
	at org.openqa.selenium.remote.RemoteWebDriver.execute(RemoteWebDriver.java:600)
	at com.kms.katalon.selenium.driver.CChromeDriver.execute(CChromeDriver.java:20)
	at org.openqa.selenium.remote.RemoteWebElement.execute(RemoteWebElement.java:279)
	at org.openqa.selenium.remote.RemoteWebElement.click(RemoteWebElement.java:83)
	at com.kms.katalon.core.webui.keyword.builtin.ClickKeyword$_click_closure1.doCall(ClickKeyword.groovy:79)
	at com.kms.katalon.core.webui.keyword.builtin.ClickKeyword$_click_closure1.call(ClickKeyword.groovy)
	at com.kms.katalon.core.webui.keyword.internal.WebUIKeywordMain.runKeyword(WebUIKeywordMain.groovy:20)
	at com.kms.katalon.core.webui.keyword.builtin.ClickKeyword.click(ClickKeyword.groovy:86)
	at com.kms.katalon.core.webui.keyword.builtin.ClickKeyword.execute(ClickKeyword.groovy:67)
	at com.kms.katalon.core.keyword.internal.KeywordExecutor.executeKeywordForPlatform(KeywordExecutor.groovy:56)
	at com.kms.katalon.core.webui.keyword.WebUiBuiltInKeywords.click(WebUiBuiltInKeywords.groovy:616)
	at com.kms.katalon.core.webui.keyword.WebUiBuiltInKeywords$click$3.call(Unknown Source)
	at Script1556160320314.run(Script1556160320314.groovy:62)
	... 13 more
)
[[ATTACHMENT|C:\\Users\\Khenard Figuracion\\git\\healthcareProject\\Reports\\automation_compiled\\20190430_113117\\1556595535453.png]]

2019-04-30 11:38:56 - [MESSAGE][FAILED] - click(findTestObject("OASIS/Medications/med_va_peripheral/med_va_peripheral_cathetype_short")) FAILED.
Reason:
com.kms.katalon.core.exception.StepFailedException: Unable to click on object 'Object Repository/OASIS/Medications/med_va_peripheral/med_va_peripheral_cathetype_short'
	at com.kms.katalon.core.webui.keyword.internal.WebUIKeywordMain.stepFailed(WebUIKeywordMain.groovy:64)
	at com.kms.katalon.core.webui.keyword.internal.WebUIKeywordMain.runKeyword(WebUIKeywordMain.groovy:26)
	at com.kms.katalon.core.webui.keyword.builtin.ClickKeyword.click(ClickKeyword.groovy:86)
	at com.kms.katalon.core.webui.keyword.builtin.ClickKeyword.execute(ClickKeyword.groovy:67)
	at com.kms.katalon.core.keyword.internal.KeywordExecutor.executeKeywordForPlatform(KeywordExecutor.groovy:56)
	at com.kms.katalon.core.webui.keyword.WebUiBuiltInKeywords.click(WebUiBuiltInKeywords.groovy:616)
	at com.kms.katalon.core.webui.keyword.WebUiBuiltInKeywords$click$3.call(Unknown Source)
	at Medications.run(Medications:62)
	at com.kms.katalon.core.main.ScriptEngine.run(ScriptEngine.java:194)
	at com.kms.katalon.core.main.ScriptEngine.runScriptAsRawText(ScriptEngine.java:119)
	at com.kms.katalon.core.main.TestCaseExecutor.runScript(TestCaseExecutor.java:342)
	at com.kms.katalon.core.main.TestCaseExecutor.doExecute(TestCaseExecutor.java:333)
	at com.kms.katalon.core.main.TestCaseExecutor.processExecutionPhase(TestCaseExecutor.java:312)
	at com.kms.katalon.core.main.TestCaseExecutor.accessMainPhase(TestCaseExecutor.java:304)
	at com.kms.katalon.core.main.TestCaseExecutor.execute(TestCaseExecutor.java:238)
	at com.kms.katalon.core.main.TestSuiteExecutor.accessTestCaseMainPhase(TestSuiteExecutor.java:129)
	at com.kms.katalon.core.main.TestSuiteExecutor.accessTestSuiteMainPhase(TestSuiteExecutor.java:112)
	at com.kms.katalon.core.main.TestSuiteExecutor.execute(TestSuiteExecutor.java:81)
	at com.kms.katalon.core.main.TestCaseMain.startTestSuite(TestCaseMain.java:157)
	at com.kms.katalon.core.main.TestCaseMain$startTestSuite$0.call(Unknown Source)
	at TempTestSuite1556595077046.run(TempTestSuite1556595077046.groovy:35)
Caused by: org.openqa.selenium.WebDriverException: unknown error: Element <input type="radio" data-ng-model="pi.SOOMEDICATION0066" rname="SOOMEDICATION0066" value="Short catheter" class="ng-pristine ng-untouched ng-valid ng-empty" name="16255"> is not clickable at point (381, 138). Other element would receive the click: <div id="oasis-tabs" class="btn-group tab-btn-group btn__tab_group ng-isolate-scope" set-active-tab="isReadyToNavigate">...</div>
  (Session info: chrome=73.0.3683.103)
  (Driver info: chromedriver=73.0.3683.68 (47787ec04b6e38e22703e856e101e840b65afe72),platform=Windows NT 10.0.17134 x86_64) (WARNING: The server did not provide any stacktrace information)
Command duration or timeout: 0 milliseconds
Build info: version: '3.7.1', revision: '8a0099a', time: '2017-11-06T21:07:36.161Z'
System info: host: 'DESKTOP-IKQI3RS', ip: '192.168.2.37', os.name: 'Windows 10', os.arch: 'amd64', os.version: '10.0', java.version: '1.8.0_181'
Driver info: com.kms.katalon.selenium.driver.CChromeDriver
Capabilities {acceptInsecureCerts: false, acceptSslCerts: false, applicationCacheEnabled: false, browserConnectionEnabled: false, browserName: chrome, chrome: {chromedriverVersion: 73.0.3683.68 (47787ec04b6e3..., userDataDir: C:\Users\KHENAR~1\AppData\L...}, cssSelectorsEnabled: true, databaseEnabled: false, goog:chromeOptions: {debuggerAddress: localhost:55293}, handlesAlerts: true, hasTouchScreen: false, javascriptEnabled: true, locationContextEnabled: true, mobileEmulationEnabled: false, nativeEvents: true, networkConnectionEnabled: false, pageLoadStrategy: normal, platform: XP, platformName: XP, proxy: Proxy(direct), rotatable: false, setWindowRect: true, strictFileInteractability: false, takesHeapSnapshot: true, takesScreenshot: true, timeouts: {implicit: 0, pageLoad: 300000, script: 30000}, unexpectedAlertBehaviour: ignore, unhandledPromptBehavior: ignore, version: 73.0.3683.103, webStorageEnabled: true}
Session ID: f0067138f4daf65dc96cb90bba114367
	at org.openqa.selenium.remote.ErrorHandler.createThrowable(ErrorHandler.java:214)
	at org.openqa.selenium.remote.ErrorHandler.throwIfResponseFailed(ErrorHandler.java:166)
	at org.openqa.selenium.remote.http.JsonHttpResponseCodec.reconstructValue(JsonHttpResponseCodec.java:40)
	at org.openqa.selenium.remote.http.AbstractHttpResponseCodec.decode(AbstractHttpResponseCodec.java:80)
	at org.openqa.selenium.remote.http.AbstractHttpResponseCodec.decode(AbstractHttpResponseCodec.java:44)
	at org.openqa.selenium.remote.HttpCommandExecutor.execute(HttpCommandExecutor.java:164)
	at org.openqa.selenium.remote.service.DriverCommandExecutor.execute(DriverCommandExecutor.java:83)
	at org.openqa.selenium.remote.RemoteWebDriver.execute(RemoteWebDriver.java:600)
	at com.kms.katalon.selenium.driver.CChromeDriver.execute(CChromeDriver.java:20)
	at org.openqa.selenium.remote.RemoteWebElement.execute(RemoteWebElement.java:279)
	at org.openqa.selenium.remote.RemoteWebElement.click(RemoteWebElement.java:83)
	at com.kms.katalon.core.webui.keyword.builtin.ClickKeyword$_click_closure1.doCall(ClickKeyword.groovy:79)
	at com.kms.katalon.core.webui.keyword.builtin.ClickKeyword$_click_closure1.call(ClickKeyword.groovy)
	at com.kms.katalon.core.webui.keyword.internal.WebUIKeywordMain.runKeyword(WebUIKeywordMain.groovy:20)
	at com.kms.katalon.core.webui.keyword.builtin.ClickKeyword.click(ClickKeyword.groovy:86)
	at com.kms.katalon.core.webui.keyword.builtin.ClickKeyword.execute(ClickKeyword.groovy:67)
	at com.kms.katalon.core.keyword.internal.KeywordExecutor.executeKeywordForPlatform(KeywordExecutor.groovy:56)
	at com.kms.katalon.core.webui.keyword.WebUiBuiltInKeywords.click(WebUiBuiltInKeywords.groovy:616)
	at com.kms.katalon.core.webui.keyword.WebUiBuiltInKeywords$click$3.call(Unknown Source)
	at Script1556160320314.run(Script1556160320314.groovy:62)
	... 13 more]]></system-out>
         <system-err><![CDATA[2019-04-30 11:38:38 - [TEST_CASE][FAILED] - Test Cases/OASIS_SOC/Medications: Test Cases/OASIS_SOC/Medications FAILED.
Reason:
com.kms.katalon.core.exception.StepFailedException: Unable to click on object 'Object Repository/OASIS/Medications/med_va_peripheral/med_va_peripheral_cathetype_short'
	at com.kms.katalon.core.webui.keyword.internal.WebUIKeywordMain.stepFailed(WebUIKeywordMain.groovy:64)
	at com.kms.katalon.core.webui.keyword.internal.WebUIKeywordMain.runKeyword(WebUIKeywordMain.groovy:26)
	at com.kms.katalon.core.webui.keyword.builtin.ClickKeyword.click(ClickKeyword.groovy:86)
	at com.kms.katalon.core.webui.keyword.builtin.ClickKeyword.execute(ClickKeyword.groovy:67)
	at com.kms.katalon.core.keyword.internal.KeywordExecutor.executeKeywordForPlatform(KeywordExecutor.groovy:56)
	at com.kms.katalon.core.webui.keyword.WebUiBuiltInKeywords.click(WebUiBuiltInKeywords.groovy:616)
	at com.kms.katalon.core.webui.keyword.WebUiBuiltInKeywords$click$3.call(Unknown Source)
	at Medications.run(Medications:62)
	at com.kms.katalon.core.main.ScriptEngine.run(ScriptEngine.java:194)
	at com.kms.katalon.core.main.ScriptEngine.runScriptAsRawText(ScriptEngine.java:119)
	at com.kms.katalon.core.main.TestCaseExecutor.runScript(TestCaseExecutor.java:342)
	at com.kms.katalon.core.main.TestCaseExecutor.doExecute(TestCaseExecutor.java:333)
	at com.kms.katalon.core.main.TestCaseExecutor.processExecutionPhase(TestCaseExecutor.java:312)
	at com.kms.katalon.core.main.TestCaseExecutor.accessMainPhase(TestCaseExecutor.java:304)
	at com.kms.katalon.core.main.TestCaseExecutor.execute(TestCaseExecutor.java:238)
	at com.kms.katalon.core.main.TestSuiteExecutor.accessTestCaseMainPhase(TestSuiteExecutor.java:129)
	at com.kms.katalon.core.main.TestSuiteExecutor.accessTestSuiteMainPhase(TestSuiteExecutor.java:112)
	at com.kms.katalon.core.main.TestSuiteExecutor.execute(TestSuiteExecutor.java:81)
	at com.kms.katalon.core.main.TestCaseMain.startTestSuite(TestCaseMain.java:157)
	at com.kms.katalon.core.main.TestCaseMain$startTestSuite$0.call(Unknown Source)
	at TempTestSuite1556595077046.run(TempTestSuite1556595077046.groovy:35)
Caused by: org.openqa.selenium.WebDriverException: unknown error: Element <input type="radio" data-ng-model="pi.SOOMEDICATION0066" rname="SOOMEDICATION0066" value="Short catheter" class="ng-pristine ng-untouched ng-valid ng-empty" name="16255"> is not clickable at point (381, 138). Other element would receive the click: <div id="oasis-tabs" class="btn-group tab-btn-group btn__tab_group ng-isolate-scope" set-active-tab="isReadyToNavigate">...</div>
  (Session info: chrome=73.0.3683.103)
  (Driver info: chromedriver=73.0.3683.68 (47787ec04b6e38e22703e856e101e840b65afe72),platform=Windows NT 10.0.17134 x86_64) (WARNING: The server did not provide any stacktrace information)
Command duration or timeout: 0 milliseconds
Build info: version: '3.7.1', revision: '8a0099a', time: '2017-11-06T21:07:36.161Z'
System info: host: 'DESKTOP-IKQI3RS', ip: '192.168.2.37', os.name: 'Windows 10', os.arch: 'amd64', os.version: '10.0', java.version: '1.8.0_181'
Driver info: com.kms.katalon.selenium.driver.CChromeDriver
Capabilities {acceptInsecureCerts: false, acceptSslCerts: false, applicationCacheEnabled: false, browserConnectionEnabled: false, browserName: chrome, chrome: {chromedriverVersion: 73.0.3683.68 (47787ec04b6e3..., userDataDir: C:\Users\KHENAR~1\AppData\L...}, cssSelectorsEnabled: true, databaseEnabled: false, goog:chromeOptions: {debuggerAddress: localhost:55293}, handlesAlerts: true, hasTouchScreen: false, javascriptEnabled: true, locationContextEnabled: true, mobileEmulationEnabled: false, nativeEvents: true, networkConnectionEnabled: false, pageLoadStrategy: normal, platform: XP, platformName: XP, proxy: Proxy(direct), rotatable: false, setWindowRect: true, strictFileInteractability: false, takesHeapSnapshot: true, takesScreenshot: true, timeouts: {implicit: 0, pageLoad: 300000, script: 30000}, unexpectedAlertBehaviour: ignore, unhandledPromptBehavior: ignore, version: 73.0.3683.103, webStorageEnabled: true}
Session ID: f0067138f4daf65dc96cb90bba114367
	at org.openqa.selenium.remote.ErrorHandler.createThrowable(ErrorHandler.java:214)
	at org.openqa.selenium.remote.ErrorHandler.throwIfResponseFailed(ErrorHandler.java:166)
	at org.openqa.selenium.remote.http.JsonHttpResponseCodec.reconstructValue(JsonHttpResponseCodec.java:40)
	at org.openqa.selenium.remote.http.AbstractHttpResponseCodec.decode(AbstractHttpResponseCodec.java:80)
	at org.openqa.selenium.remote.http.AbstractHttpResponseCodec.decode(AbstractHttpResponseCodec.java:44)
	at org.openqa.selenium.remote.HttpCommandExecutor.execute(HttpCommandExecutor.java:164)
	at org.openqa.selenium.remote.service.DriverCommandExecutor.execute(DriverCommandExecutor.java:83)
	at org.openqa.selenium.remote.RemoteWebDriver.execute(RemoteWebDriver.java:600)
	at com.kms.katalon.selenium.driver.CChromeDriver.execute(CChromeDriver.java:20)
	at org.openqa.selenium.remote.RemoteWebElement.execute(RemoteWebElement.java:279)
	at org.openqa.selenium.remote.RemoteWebElement.click(RemoteWebElement.java:83)
	at com.kms.katalon.core.webui.keyword.builtin.ClickKeyword$_click_closure1.doCall(ClickKeyword.groovy:79)
	at com.kms.katalon.core.webui.keyword.builtin.ClickKeyword$_click_closure1.call(ClickKeyword.groovy)
	at com.kms.katalon.core.webui.keyword.internal.WebUIKeywordMain.runKeyword(WebUIKeywordMain.groovy:20)
	at com.kms.katalon.core.webui.keyword.builtin.ClickKeyword.click(ClickKeyword.groovy:86)
	at com.kms.katalon.core.webui.keyword.builtin.ClickKeyword.execute(ClickKeyword.groovy:67)
	at com.kms.katalon.core.keyword.internal.KeywordExecutor.executeKeywordForPlatform(KeywordExecutor.groovy:56)
	at com.kms.katalon.core.webui.keyword.WebUiBuiltInKeywords.click(WebUiBuiltInKeywords.groovy:616)
	at com.kms.katalon.core.webui.keyword.WebUiBuiltInKeywords$click$3.call(Unknown Source)
	at Script1556160320314.run(Script1556160320314.groovy:62)
	... 13 more]]></system-err>
      </testcase>
      <testcase name="Test Cases/OASIS_SOC/Care_Management" classname="Test Cases/OASIS_SOC/Care_Management" status="FAILED">
         <failure type="FAILED" message="Test Cases/OASIS_SOC/Care_Management FAILED.
Reason:
com.kms.katalon.core.exception.StepFailedException: Unable to click on object 'Object Repository/OASIS/Care_Management/cm_subject_areas/cm_sa_regardingmedication/cm_sa_rm_adverseeffect'
	at com.kms.katalon.core.webui.keyword.internal.WebUIKeywordMain.stepFailed(WebUIKeywordMain.groovy:64)
	at com.kms.katalon.core.webui.keyword.internal.WebUIKeywordMain.runKeyword(WebUIKeywordMain.groovy:26)
	at com.kms.katalon.core.webui.keyword.builtin.ClickKeyword.click(ClickKeyword.groovy:86)
	at com.kms.katalon.core.webui.keyword.builtin.ClickKeyword.execute(ClickKeyword.groovy:67)
	at com.kms.katalon.core.keyword.internal.KeywordExecutor.executeKeywordForPlatform(KeywordExecutor.groovy:56)
	at com.kms.katalon.core.webui.keyword.WebUiBuiltInKeywords.click(WebUiBuiltInKeywords.groovy:616)
	at com.kms.katalon.core.webui.keyword.WebUiBuiltInKeywords$click$3.call(Unknown Source)
	at Care_Management.run(Care_Management:172)
	at com.kms.katalon.core.main.ScriptEngine.run(ScriptEngine.java:194)
	at com.kms.katalon.core.main.ScriptEngine.runScriptAsRawText(ScriptEngine.java:119)
	at com.kms.katalon.core.main.TestCaseExecutor.runScript(TestCaseExecutor.java:342)
	at com.kms.katalon.core.main.TestCaseExecutor.doExecute(TestCaseExecutor.java:333)
	at com.kms.katalon.core.main.TestCaseExecutor.processExecutionPhase(TestCaseExecutor.java:312)
	at com.kms.katalon.core.main.TestCaseExecutor.accessMainPhase(TestCaseExecutor.java:304)
	at com.kms.katalon.core.main.TestCaseExecutor.execute(TestCaseExecutor.java:238)
	at com.kms.katalon.core.main.TestSuiteExecutor.accessTestCaseMainPhase(TestSuiteExecutor.java:129)
	at com.kms.katalon.core.main.TestSuiteExecutor.accessTestSuiteMainPhase(TestSuiteExecutor.java:112)
	at com.kms.katalon.core.main.TestSuiteExecutor.execute(TestSuiteExecutor.java:81)
	at com.kms.katalon.core.main.TestCaseMain.startTestSuite(TestCaseMain.java:157)
	at com.kms.katalon.core.main.TestCaseMain$startTestSuite$0.call(Unknown Source)
	at TempTestSuite1556595077046.run(TempTestSuite1556595077046.groovy:35)
Caused by: org.openqa.selenium.WebDriverException: unknown error: Element &lt;input type=&quot;checkbox&quot; rname=&quot;SOOCAREMNG0005&quot; checklist-value=&quot;list.val&quot; ng-model=&quot;checked&quot; class=&quot;ng-scope ng-pristine ng-untouched ng-valid ng-empty&quot; checklist-model=&quot;pi.SOOCAREMNG0005&quot;> is not clickable at point (196, 121). Other element would receive the click: &lt;label ng-hide=&quot;list.title === ''&quot; id=&quot;clinical&quot; class=&quot;btn btn-primary bg__wt txt__primary btn__tab_group-label ng-scope waves-effect&quot; title=&quot;&quot; ng-class=&quot;openTab === list.state ? 'active' :  '' &quot; ng-repeat=&quot;list in mergeTabMenu&quot; ng-if=&quot;list.tabShow&quot; ng-disabled=&quot;!disabledClickTab&quot; ng-click=&quot; stateNavigate.$goToState('patientcare.oasis2019.'+list.state, list.state);$parent.formActive = false; isReadyToNavigate ?disabledClick(list.state):'';&quot;>...&lt;/label>
  (Session info: chrome=73.0.3683.103)
  (Driver info: chromedriver=73.0.3683.68 (47787ec04b6e38e22703e856e101e840b65afe72),platform=Windows NT 10.0.17134 x86_64) (WARNING: The server did not provide any stacktrace information)
Command duration or timeout: 0 milliseconds
Build info: version: '3.7.1', revision: '8a0099a', time: '2017-11-06T21:07:36.161Z'
System info: host: 'DESKTOP-IKQI3RS', ip: '192.168.2.37', os.name: 'Windows 10', os.arch: 'amd64', os.version: '10.0', java.version: '1.8.0_181'
Driver info: com.kms.katalon.selenium.driver.CChromeDriver
Capabilities {acceptInsecureCerts: false, acceptSslCerts: false, applicationCacheEnabled: false, browserConnectionEnabled: false, browserName: chrome, chrome: {chromedriverVersion: 73.0.3683.68 (47787ec04b6e3..., userDataDir: C:\Users\KHENAR~1\AppData\L...}, cssSelectorsEnabled: true, databaseEnabled: false, goog:chromeOptions: {debuggerAddress: localhost:55293}, handlesAlerts: true, hasTouchScreen: false, javascriptEnabled: true, locationContextEnabled: true, mobileEmulationEnabled: false, nativeEvents: true, networkConnectionEnabled: false, pageLoadStrategy: normal, platform: XP, platformName: XP, proxy: Proxy(direct), rotatable: false, setWindowRect: true, strictFileInteractability: false, takesHeapSnapshot: true, takesScreenshot: true, timeouts: {implicit: 0, pageLoad: 300000, script: 30000}, unexpectedAlertBehaviour: ignore, unhandledPromptBehavior: ignore, version: 73.0.3683.103, webStorageEnabled: true}
Session ID: f0067138f4daf65dc96cb90bba114367
	at org.openqa.selenium.remote.ErrorHandler.createThrowable(ErrorHandler.java:214)
	at org.openqa.selenium.remote.ErrorHandler.throwIfResponseFailed(ErrorHandler.java:166)
	at org.openqa.selenium.remote.http.JsonHttpResponseCodec.reconstructValue(JsonHttpResponseCodec.java:40)
	at org.openqa.selenium.remote.http.AbstractHttpResponseCodec.decode(AbstractHttpResponseCodec.java:80)
	at org.openqa.selenium.remote.http.AbstractHttpResponseCodec.decode(AbstractHttpResponseCodec.java:44)
	at org.openqa.selenium.remote.HttpCommandExecutor.execute(HttpCommandExecutor.java:164)
	at org.openqa.selenium.remote.service.DriverCommandExecutor.execute(DriverCommandExecutor.java:83)
	at org.openqa.selenium.remote.RemoteWebDriver.execute(RemoteWebDriver.java:600)
	at com.kms.katalon.selenium.driver.CChromeDriver.execute(CChromeDriver.java:20)
	at org.openqa.selenium.remote.RemoteWebElement.execute(RemoteWebElement.java:279)
	at org.openqa.selenium.remote.RemoteWebElement.click(RemoteWebElement.java:83)
	at com.kms.katalon.core.webui.keyword.builtin.ClickKeyword$_click_closure1.doCall(ClickKeyword.groovy:79)
	at com.kms.katalon.core.webui.keyword.builtin.ClickKeyword$_click_closure1.call(ClickKeyword.groovy)
	at com.kms.katalon.core.webui.keyword.internal.WebUIKeywordMain.runKeyword(WebUIKeywordMain.groovy:20)
	at com.kms.katalon.core.webui.keyword.builtin.ClickKeyword.click(ClickKeyword.groovy:86)
	at com.kms.katalon.core.webui.keyword.builtin.ClickKeyword.execute(ClickKeyword.groovy:67)
	at com.kms.katalon.core.keyword.internal.KeywordExecutor.executeKeywordForPlatform(KeywordExecutor.groovy:56)
	at com.kms.katalon.core.webui.keyword.WebUiBuiltInKeywords.click(WebUiBuiltInKeywords.groovy:616)
	at com.kms.katalon.core.webui.keyword.WebUiBuiltInKeywords$click$3.call(Unknown Source)
	at Script1556181269216.run(Script1556181269216.groovy:172)
	... 13 more
"/>
         <system-out><![CDATA[2019-04-30 11:38:56 - [TEST_CASE][FAILED] - Test Cases/OASIS_SOC/Care_Management: Test Cases/OASIS_SOC/Care_Management FAILED.
Reason:
com.kms.katalon.core.exception.StepFailedException: Unable to click on object 'Object Repository/OASIS/Care_Management/cm_subject_areas/cm_sa_regardingmedication/cm_sa_rm_adverseeffect'
	at com.kms.katalon.core.webui.keyword.internal.WebUIKeywordMain.stepFailed(WebUIKeywordMain.groovy:64)
	at com.kms.katalon.core.webui.keyword.internal.WebUIKeywordMain.runKeyword(WebUIKeywordMain.groovy:26)
	at com.kms.katalon.core.webui.keyword.builtin.ClickKeyword.click(ClickKeyword.groovy:86)
	at com.kms.katalon.core.webui.keyword.builtin.ClickKeyword.execute(ClickKeyword.groovy:67)
	at com.kms.katalon.core.keyword.internal.KeywordExecutor.executeKeywordForPlatform(KeywordExecutor.groovy:56)
	at com.kms.katalon.core.webui.keyword.WebUiBuiltInKeywords.click(WebUiBuiltInKeywords.groovy:616)
	at com.kms.katalon.core.webui.keyword.WebUiBuiltInKeywords$click$3.call(Unknown Source)
	at Care_Management.run(Care_Management:172)
	at com.kms.katalon.core.main.ScriptEngine.run(ScriptEngine.java:194)
	at com.kms.katalon.core.main.ScriptEngine.runScriptAsRawText(ScriptEngine.java:119)
	at com.kms.katalon.core.main.TestCaseExecutor.runScript(TestCaseExecutor.java:342)
	at com.kms.katalon.core.main.TestCaseExecutor.doExecute(TestCaseExecutor.java:333)
	at com.kms.katalon.core.main.TestCaseExecutor.processExecutionPhase(TestCaseExecutor.java:312)
	at com.kms.katalon.core.main.TestCaseExecutor.accessMainPhase(TestCaseExecutor.java:304)
	at com.kms.katalon.core.main.TestCaseExecutor.execute(TestCaseExecutor.java:238)
	at com.kms.katalon.core.main.TestSuiteExecutor.accessTestCaseMainPhase(TestSuiteExecutor.java:129)
	at com.kms.katalon.core.main.TestSuiteExecutor.accessTestSuiteMainPhase(TestSuiteExecutor.java:112)
	at com.kms.katalon.core.main.TestSuiteExecutor.execute(TestSuiteExecutor.java:81)
	at com.kms.katalon.core.main.TestCaseMain.startTestSuite(TestCaseMain.java:157)
	at com.kms.katalon.core.main.TestCaseMain$startTestSuite$0.call(Unknown Source)
	at TempTestSuite1556595077046.run(TempTestSuite1556595077046.groovy:35)
Caused by: org.openqa.selenium.WebDriverException: unknown error: Element <input type="checkbox" rname="SOOCAREMNG0005" checklist-value="list.val" ng-model="checked" class="ng-scope ng-pristine ng-untouched ng-valid ng-empty" checklist-model="pi.SOOCAREMNG0005"> is not clickable at point (196, 121). Other element would receive the click: <label ng-hide="list.title === ''" id="clinical" class="btn btn-primary bg__wt txt__primary btn__tab_group-label ng-scope waves-effect" title="" ng-class="openTab === list.state ? 'active' :  '' " ng-repeat="list in mergeTabMenu" ng-if="list.tabShow" ng-disabled="!disabledClickTab" ng-click=" stateNavigate.$goToState('patientcare.oasis2019.'+list.state, list.state);$parent.formActive = false; isReadyToNavigate ?disabledClick(list.state):'';">...</label>
  (Session info: chrome=73.0.3683.103)
  (Driver info: chromedriver=73.0.3683.68 (47787ec04b6e38e22703e856e101e840b65afe72),platform=Windows NT 10.0.17134 x86_64) (WARNING: The server did not provide any stacktrace information)
Command duration or timeout: 0 milliseconds
Build info: version: '3.7.1', revision: '8a0099a', time: '2017-11-06T21:07:36.161Z'
System info: host: 'DESKTOP-IKQI3RS', ip: '192.168.2.37', os.name: 'Windows 10', os.arch: 'amd64', os.version: '10.0', java.version: '1.8.0_181'
Driver info: com.kms.katalon.selenium.driver.CChromeDriver
Capabilities {acceptInsecureCerts: false, acceptSslCerts: false, applicationCacheEnabled: false, browserConnectionEnabled: false, browserName: chrome, chrome: {chromedriverVersion: 73.0.3683.68 (47787ec04b6e3..., userDataDir: C:\Users\KHENAR~1\AppData\L...}, cssSelectorsEnabled: true, databaseEnabled: false, goog:chromeOptions: {debuggerAddress: localhost:55293}, handlesAlerts: true, hasTouchScreen: false, javascriptEnabled: true, locationContextEnabled: true, mobileEmulationEnabled: false, nativeEvents: true, networkConnectionEnabled: false, pageLoadStrategy: normal, platform: XP, platformName: XP, proxy: Proxy(direct), rotatable: false, setWindowRect: true, strictFileInteractability: false, takesHeapSnapshot: true, takesScreenshot: true, timeouts: {implicit: 0, pageLoad: 300000, script: 30000}, unexpectedAlertBehaviour: ignore, unhandledPromptBehavior: ignore, version: 73.0.3683.103, webStorageEnabled: true}
Session ID: f0067138f4daf65dc96cb90bba114367
	at org.openqa.selenium.remote.ErrorHandler.createThrowable(ErrorHandler.java:214)
	at org.openqa.selenium.remote.ErrorHandler.throwIfResponseFailed(ErrorHandler.java:166)
	at org.openqa.selenium.remote.http.JsonHttpResponseCodec.reconstructValue(JsonHttpResponseCodec.java:40)
	at org.openqa.selenium.remote.http.AbstractHttpResponseCodec.decode(AbstractHttpResponseCodec.java:80)
	at org.openqa.selenium.remote.http.AbstractHttpResponseCodec.decode(AbstractHttpResponseCodec.java:44)
	at org.openqa.selenium.remote.HttpCommandExecutor.execute(HttpCommandExecutor.java:164)
	at org.openqa.selenium.remote.service.DriverCommandExecutor.execute(DriverCommandExecutor.java:83)
	at org.openqa.selenium.remote.RemoteWebDriver.execute(RemoteWebDriver.java:600)
	at com.kms.katalon.selenium.driver.CChromeDriver.execute(CChromeDriver.java:20)
	at org.openqa.selenium.remote.RemoteWebElement.execute(RemoteWebElement.java:279)
	at org.openqa.selenium.remote.RemoteWebElement.click(RemoteWebElement.java:83)
	at com.kms.katalon.core.webui.keyword.builtin.ClickKeyword$_click_closure1.doCall(ClickKeyword.groovy:79)
	at com.kms.katalon.core.webui.keyword.builtin.ClickKeyword$_click_closure1.call(ClickKeyword.groovy)
	at com.kms.katalon.core.webui.keyword.internal.WebUIKeywordMain.runKeyword(WebUIKeywordMain.groovy:20)
	at com.kms.katalon.core.webui.keyword.builtin.ClickKeyword.click(ClickKeyword.groovy:86)
	at com.kms.katalon.core.webui.keyword.builtin.ClickKeyword.execute(ClickKeyword.groovy:67)
	at com.kms.katalon.core.keyword.internal.KeywordExecutor.executeKeywordForPlatform(KeywordExecutor.groovy:56)
	at com.kms.katalon.core.webui.keyword.WebUiBuiltInKeywords.click(WebUiBuiltInKeywords.groovy:616)
	at com.kms.katalon.core.webui.keyword.WebUiBuiltInKeywords$click$3.call(Unknown Source)
	at Script1556181269216.run(Script1556181269216.groovy:172)
	... 13 more


2019-04-30 11:38:56 - [TEST_STEP][PASSED] - click(findTestObject("OASIS/OASIS_TABS/CareManagement_tab")): Object: 'Object Repository/OASIS/OASIS_TABS/CareManagement_tab' is clicked on

2019-04-30 11:38:56 - [MESSAGE][PASSED] - Object: 'Object Repository/OASIS/OASIS_TABS/CareManagement_tab' is clicked on

2019-04-30 11:38:56 - [TEST_STEP][PASSED] - delay(3): Delayed 3 second(s)

2019-04-30 11:38:59 - [MESSAGE][PASSED] - Delayed 3 second(s)

2019-04-30 11:38:59 - [TEST_STEP][PASSED] - click(findTestObject("OASIS/Care_Management/M2102_2")): Object: 'Object Repository/OASIS/Care_Management/M2102_2' is clicked on

2019-04-30 11:39:03 - [MESSAGE][PASSED] - Object: 'Object Repository/OASIS/Care_Management/M2102_2' is clicked on

2019-04-30 11:39:03 - [TEST_STEP][PASSED] - delay(2): Delayed 2 second(s)

2019-04-30 11:39:05 - [MESSAGE][PASSED] - Delayed 2 second(s)

2019-04-30 11:39:05 - [TEST_STEP][PASSED] - setText(findTestObject("OASIS/Care_Management/M2200_000"), "000"): Text '000' is set on object 'Object Repository/OASIS/Care_Management/M2200_000'

2019-04-30 11:39:05 - [MESSAGE][PASSED] - Text '000' is set on object 'Object Repository/OASIS/Care_Management/M2200_000'

2019-04-30 11:39:05 - [TEST_STEP][PASSED] - delay(2): Delayed 2 second(s)

2019-04-30 11:39:07 - [MESSAGE][PASSED] - Delayed 2 second(s)

2019-04-30 11:39:07 - [TEST_STEP][PASSED] - click(findTestObject("OASIS/Care_Management/cm_physician_orders/pt/cm_po_pt_difficultyintransfers")): Object: 'Object Repository/OASIS/Care_Management/cm_physician_orders/pt/cm_po_pt_difficultyintransfers' is clicked on

2019-04-30 11:39:07 - [MESSAGE][PASSED] - Object: 'Object Repository/OASIS/Care_Management/cm_physician_orders/pt/cm_po_pt_difficultyintransfers' is clicked on

2019-04-30 11:39:07 - [TEST_STEP][PASSED] - click(findTestObject("OASIS/Care_Management/cm_physician_orders/pt/cm_po_pt_pcg")): Object: 'Object Repository/OASIS/Care_Management/cm_physician_orders/pt/cm_po_pt_pcg' is clicked on

2019-04-30 11:39:07 - [MESSAGE][PASSED] - Object: 'Object Repository/OASIS/Care_Management/cm_physician_orders/pt/cm_po_pt_pcg' is clicked on

2019-04-30 11:39:07 - [TEST_STEP][PASSED] - click(findTestObject("OASIS/Care_Management/cm_physician_orders/pt/cm_po_pt_difficultyinlower")): Object: 'Object Repository/OASIS/Care_Management/cm_physician_orders/pt/cm_po_pt_difficultyinlower' is clicked on

2019-04-30 11:39:08 - [MESSAGE][PASSED] - Object: 'Object Repository/OASIS/Care_Management/cm_physician_orders/pt/cm_po_pt_difficultyinlower' is clicked on

2019-04-30 11:39:08 - [TEST_STEP][PASSED] - click(findTestObject("OASIS/Care_Management/cm_physician_orders/pt/cm_po_pt_knowledgedeficit")): Object: 'Object Repository/OASIS/Care_Management/cm_physician_orders/pt/cm_po_pt_knowledgedeficit' is clicked on

2019-04-30 11:39:08 - [MESSAGE][PASSED] - Object: 'Object Repository/OASIS/Care_Management/cm_physician_orders/pt/cm_po_pt_knowledgedeficit' is clicked on

2019-04-30 11:39:08 - [TEST_STEP][PASSED] - click(findTestObject("OASIS/Care_Management/cm_physician_orders/pt/cm_po_pt_identifiedhighrisk")): Object: 'Object Repository/OASIS/Care_Management/cm_physician_orders/pt/cm_po_pt_identifiedhighrisk' is clicked on

2019-04-30 11:39:08 - [MESSAGE][PASSED] - Object: 'Object Repository/OASIS/Care_Management/cm_physician_orders/pt/cm_po_pt_identifiedhighrisk' is clicked on

2019-04-30 11:39:08 - [TEST_STEP][PASSED] - click(findTestObject("OASIS/Care_Management/cm_physician_orders/pt/cm_po_pt_painofmuscle")): Object: 'Object Repository/OASIS/Care_Management/cm_physician_orders/pt/cm_po_pt_painofmuscle' is clicked on

2019-04-30 11:39:08 - [MESSAGE][PASSED] - Object: 'Object Repository/OASIS/Care_Management/cm_physician_orders/pt/cm_po_pt_painofmuscle' is clicked on

2019-04-30 11:39:08 - [TEST_STEP][PASSED] - click(findTestObject("OASIS/Care_Management/cm_physician_orders/pt/cm_po_pt_therapeutic")): Object: 'Object Repository/OASIS/Care_Management/cm_physician_orders/pt/cm_po_pt_therapeutic' is clicked on

2019-04-30 11:39:08 - [MESSAGE][PASSED] - Object: 'Object Repository/OASIS/Care_Management/cm_physician_orders/pt/cm_po_pt_therapeutic' is clicked on

2019-04-30 11:39:08 - [TEST_STEP][PASSED] - click(findTestObject("OASIS/Care_Management/cm_physician_orders/pt/cm_po_pt_newlydeveloped")): Object: 'Object Repository/OASIS/Care_Management/cm_physician_orders/pt/cm_po_pt_newlydeveloped' is clicked on

2019-04-30 11:39:08 - [MESSAGE][PASSED] - Object: 'Object Repository/OASIS/Care_Management/cm_physician_orders/pt/cm_po_pt_newlydeveloped' is clicked on

2019-04-30 11:39:08 - [TEST_STEP][PASSED] - setText(findTestObject("OASIS/Care_Management/cm_physician_orders/pt/cm_po_pt_other"), "Sample text"): Text 'Sample text' is set on object 'Object Repository/OASIS/Care_Management/cm_physician_orders/pt/cm_po_pt_other'

2019-04-30 11:39:09 - [MESSAGE][PASSED] - Text 'Sample text' is set on object 'Object Repository/OASIS/Care_Management/cm_physician_orders/pt/cm_po_pt_other'

2019-04-30 11:39:09 - [TEST_STEP][PASSED] - delay(2): Delayed 2 second(s)

2019-04-30 11:39:11 - [MESSAGE][PASSED] - Delayed 2 second(s)

2019-04-30 11:39:11 - [TEST_STEP][PASSED] - click(findTestObject("OASIS/Care_Management/cm_physician_orders/ot/cm_po_ot_upperex")): Object: 'Object Repository/OASIS/Care_Management/cm_physician_orders/ot/cm_po_ot_upperex' is clicked on

2019-04-30 11:39:11 - [MESSAGE][PASSED] - Object: 'Object Repository/OASIS/Care_Management/cm_physician_orders/ot/cm_po_ot_upperex' is clicked on

2019-04-30 11:39:11 - [TEST_STEP][PASSED] - click(findTestObject("OASIS/Care_Management/cm_physician_orders/ot/cm_po_ot_requiressplinting")): Object: 'Object Repository/OASIS/Care_Management/cm_physician_orders/ot/cm_po_ot_requiressplinting' is clicked on

2019-04-30 11:39:11 - [MESSAGE][PASSED] - Object: 'Object Repository/OASIS/Care_Management/cm_physician_orders/ot/cm_po_ot_requiressplinting' is clicked on

2019-04-30 11:39:11 - [TEST_STEP][PASSED] - click(findTestObject("OASIS/Care_Management/cm_physician_orders/ot/cm_po_ot_difficultyinadls")): Object: 'Object Repository/OASIS/Care_Management/cm_physician_orders/ot/cm_po_ot_difficultyinadls' is clicked on

2019-04-30 11:39:12 - [MESSAGE][PASSED] - Object: 'Object Repository/OASIS/Care_Management/cm_physician_orders/ot/cm_po_ot_difficultyinadls' is clicked on

2019-04-30 11:39:12 - [TEST_STEP][PASSED] - click(findTestObject("OASIS/Care_Management/cm_physician_orders/ot/cm_po_ot_limitedupperex")): Object: 'Object Repository/OASIS/Care_Management/cm_physician_orders/ot/cm_po_ot_limitedupperex' is clicked on

2019-04-30 11:39:12 - [MESSAGE][PASSED] - Object: 'Object Repository/OASIS/Care_Management/cm_physician_orders/ot/cm_po_ot_limitedupperex' is clicked on

2019-04-30 11:39:12 - [TEST_STEP][PASSED] - click(findTestObject("OASIS/Care_Management/cm_physician_orders/ot/cm_po_ot_requireswork")): Object: 'Object Repository/OASIS/Care_Management/cm_physician_orders/ot/cm_po_ot_requireswork' is clicked on

2019-04-30 11:39:12 - [MESSAGE][PASSED] - Object: 'Object Repository/OASIS/Care_Management/cm_physician_orders/ot/cm_po_ot_requireswork' is clicked on

2019-04-30 11:39:12 - [TEST_STEP][PASSED] - click(findTestObject("OASIS/Care_Management/cm_physician_orders/ot/cm_po_ot_needinstructions")): Object: 'Object Repository/OASIS/Care_Management/cm_physician_orders/ot/cm_po_ot_needinstructions' is clicked on

2019-04-30 11:39:12 - [MESSAGE][PASSED] - Object: 'Object Repository/OASIS/Care_Management/cm_physician_orders/ot/cm_po_ot_needinstructions' is clicked on

2019-04-30 11:39:12 - [TEST_STEP][PASSED] - click(findTestObject("OASIS/Care_Management/cm_physician_orders/ot/cm_po_ot_difficultyproblem")): Object: 'Object Repository/OASIS/Care_Management/cm_physician_orders/ot/cm_po_ot_difficultyproblem' is clicked on

2019-04-30 11:39:12 - [MESSAGE][PASSED] - Object: 'Object Repository/OASIS/Care_Management/cm_physician_orders/ot/cm_po_ot_difficultyproblem' is clicked on

2019-04-30 11:39:12 - [TEST_STEP][PASSED] - click(findTestObject("OASIS/Care_Management/cm_physician_orders/ot/cm_po_ot_decreasedcoordination")): Object: 'Object Repository/OASIS/Care_Management/cm_physician_orders/ot/cm_po_ot_decreasedcoordination' is clicked on

2019-04-30 11:39:13 - [MESSAGE][PASSED] - Object: 'Object Repository/OASIS/Care_Management/cm_physician_orders/ot/cm_po_ot_decreasedcoordination' is clicked on

2019-04-30 11:39:13 - [TEST_STEP][PASSED] - setText(findTestObject("OASIS/Care_Management/cm_physician_orders/ot/cm_po_ot_other"), "Sample text"): Text 'Sample text' is set on object 'Object Repository/OASIS/Care_Management/cm_physician_orders/ot/cm_po_ot_other'

2019-04-30 11:39:13 - [MESSAGE][PASSED] - Text 'Sample text' is set on object 'Object Repository/OASIS/Care_Management/cm_physician_orders/ot/cm_po_ot_other'

2019-04-30 11:39:13 - [TEST_STEP][PASSED] - delay(2): Delayed 2 second(s)

2019-04-30 11:39:15 - [MESSAGE][PASSED] - Delayed 2 second(s)

2019-04-30 11:39:15 - [TEST_STEP][PASSED] - click(findTestObject("OASIS/Care_Management/cm_physician_orders/st/cm_po_st_receptive")): Object: 'Object Repository/OASIS/Care_Management/cm_physician_orders/st/cm_po_st_receptive' is clicked on

2019-04-30 11:39:15 - [MESSAGE][PASSED] - Object: 'Object Repository/OASIS/Care_Management/cm_physician_orders/st/cm_po_st_receptive' is clicked on

2019-04-30 11:39:15 - [TEST_STEP][PASSED] - click(findTestObject("OASIS/Care_Management/cm_physician_orders/st/cm_po_st_communication")): Object: 'Object Repository/OASIS/Care_Management/cm_physician_orders/st/cm_po_st_communication' is clicked on

2019-04-30 11:39:16 - [MESSAGE][PASSED] - Object: 'Object Repository/OASIS/Care_Management/cm_physician_orders/st/cm_po_st_communication' is clicked on

2019-04-30 11:39:16 - [TEST_STEP][PASSED] - click(findTestObject("OASIS/Care_Management/cm_physician_orders/st/cm_po_st_othercognitive")): Object: 'Object Repository/OASIS/Care_Management/cm_physician_orders/st/cm_po_st_othercognitive' is clicked on

2019-04-30 11:39:16 - [MESSAGE][PASSED] - Object: 'Object Repository/OASIS/Care_Management/cm_physician_orders/st/cm_po_st_othercognitive' is clicked on

2019-04-30 11:39:16 - [TEST_STEP][PASSED] - click(findTestObject("OASIS/Care_Management/cm_physician_orders/st/cm_po_st_shortattention")): Object: 'Object Repository/OASIS/Care_Management/cm_physician_orders/st/cm_po_st_shortattention' is clicked on

2019-04-30 11:39:16 - [MESSAGE][PASSED] - Object: 'Object Repository/OASIS/Care_Management/cm_physician_orders/st/cm_po_st_shortattention' is clicked on

2019-04-30 11:39:16 - [TEST_STEP][PASSED] - click(findTestObject("OASIS/Care_Management/cm_physician_orders/st/cm_po_st_poorgag")): Object: 'Object Repository/OASIS/Care_Management/cm_physician_orders/st/cm_po_st_poorgag' is clicked on

2019-04-30 11:39:16 - [MESSAGE][PASSED] - Object: 'Object Repository/OASIS/Care_Management/cm_physician_orders/st/cm_po_st_poorgag' is clicked on

2019-04-30 11:39:16 - [TEST_STEP][PASSED] - click(findTestObject("OASIS/Care_Management/cm_physician_orders/st/cm_po_st_facialtongue")): Object: 'Object Repository/OASIS/Care_Management/cm_physician_orders/st/cm_po_st_facialtongue' is clicked on

2019-04-30 11:39:16 - [MESSAGE][PASSED] - Object: 'Object Repository/OASIS/Care_Management/cm_physician_orders/st/cm_po_st_facialtongue' is clicked on

2019-04-30 11:39:16 - [TEST_STEP][PASSED] - setText(findTestObject("OASIS/Care_Management/cm_physician_orders/st/cm_po_st_other"), "Sample text"): Text 'Sample text' is set on object 'Object Repository/OASIS/Care_Management/cm_physician_orders/st/cm_po_st_other'

2019-04-30 11:39:17 - [MESSAGE][PASSED] - Text 'Sample text' is set on object 'Object Repository/OASIS/Care_Management/cm_physician_orders/st/cm_po_st_other'

2019-04-30 11:39:17 - [TEST_STEP][PASSED] - delay(2): Delayed 2 second(s)

2019-04-30 11:39:19 - [MESSAGE][PASSED] - Delayed 2 second(s)

2019-04-30 11:39:19 - [TEST_STEP][PASSED] - click(findTestObject("OASIS/Care_Management/cm_physician_orders/msw/cm_po_msw_referraltossa")): Object: 'Object Repository/OASIS/Care_Management/cm_physician_orders/msw/cm_po_msw_referraltossa' is clicked on

2019-04-30 11:39:19 - [MESSAGE][PASSED] - Object: 'Object Repository/OASIS/Care_Management/cm_physician_orders/msw/cm_po_msw_referraltossa' is clicked on

2019-04-30 11:39:19 - [TEST_STEP][PASSED] - click(findTestObject("OASIS/Care_Management/cm_physician_orders/msw/cm_po_msw_mealhousing")): Object: 'Object Repository/OASIS/Care_Management/cm_physician_orders/msw/cm_po_msw_mealhousing' is clicked on

2019-04-30 11:39:19 - [MESSAGE][PASSED] - Object: 'Object Repository/OASIS/Care_Management/cm_physician_orders/msw/cm_po_msw_mealhousing' is clicked on

2019-04-30 11:39:19 - [TEST_STEP][PASSED] - click(findTestObject("OASIS/Care_Management/cm_physician_orders/msw/cm_po_msw_assistanceadls")): Object: 'Object Repository/OASIS/Care_Management/cm_physician_orders/msw/cm_po_msw_assistanceadls' is clicked on

2019-04-30 11:39:20 - [MESSAGE][PASSED] - Object: 'Object Repository/OASIS/Care_Management/cm_physician_orders/msw/cm_po_msw_assistanceadls' is clicked on

2019-04-30 11:39:20 - [TEST_STEP][PASSED] - click(findTestObject("OASIS/Care_Management/cm_physician_orders/msw/cm_po_msw_evaluationandeduc")): Object: 'Object Repository/OASIS/Care_Management/cm_physician_orders/msw/cm_po_msw_evaluationandeduc' is clicked on

2019-04-30 11:39:20 - [MESSAGE][PASSED] - Object: 'Object Repository/OASIS/Care_Management/cm_physician_orders/msw/cm_po_msw_evaluationandeduc' is clicked on

2019-04-30 11:39:20 - [TEST_STEP][PASSED] - click(findTestObject("OASIS/Care_Management/cm_physician_orders/msw/cm_po_msw_actaspatient")): Object: 'Object Repository/OASIS/Care_Management/cm_physician_orders/msw/cm_po_msw_actaspatient' is clicked on

2019-04-30 11:39:20 - [MESSAGE][PASSED] - Object: 'Object Repository/OASIS/Care_Management/cm_physician_orders/msw/cm_po_msw_actaspatient' is clicked on

2019-04-30 11:39:20 - [TEST_STEP][PASSED] - click(findTestObject("OASIS/Care_Management/cm_physician_orders/msw/cm_po_msw_assistancewithreimburse")): Object: 'Object Repository/OASIS/Care_Management/cm_physician_orders/msw/cm_po_msw_assistancewithreimburse' is clicked on

2019-04-30 11:39:20 - [MESSAGE][PASSED] - Object: 'Object Repository/OASIS/Care_Management/cm_physician_orders/msw/cm_po_msw_assistancewithreimburse' is clicked on

2019-04-30 11:39:20 - [TEST_STEP][PASSED] - click(findTestObject("OASIS/Care_Management/cm_physician_orders/msw/cm_po_msw_needforcomm")): Object: 'Object Repository/OASIS/Care_Management/cm_physician_orders/msw/cm_po_msw_needforcomm' is clicked on

2019-04-30 11:39:20 - [MESSAGE][PASSED] - Object: 'Object Repository/OASIS/Care_Management/cm_physician_orders/msw/cm_po_msw_needforcomm' is clicked on

2019-04-30 11:39:20 - [TEST_STEP][PASSED] - setText(findTestObject("OASIS/Care_Management/cm_physician_orders/msw/cm_po_msw_needforcomm_tf"), "Sample text"): Text 'Sample text' is set on object 'Object Repository/OASIS/Care_Management/cm_physician_orders/msw/cm_po_msw_needforcomm_tf'

2019-04-30 11:39:21 - [MESSAGE][PASSED] - Text 'Sample text' is set on object 'Object Repository/OASIS/Care_Management/cm_physician_orders/msw/cm_po_msw_needforcomm_tf'

2019-04-30 11:39:21 - [TEST_STEP][PASSED] - click(findTestObject("OASIS/Care_Management/cm_physician_orders/msw/cm_po_msw_counselling"), STOP_ON_FAILURE): Object: 'Object Repository/OASIS/Care_Management/cm_physician_orders/msw/cm_po_msw_counselling' is clicked on

2019-04-30 11:39:21 - [MESSAGE][PASSED] - Object: 'Object Repository/OASIS/Care_Management/cm_physician_orders/msw/cm_po_msw_counselling' is clicked on

2019-04-30 11:39:21 - [TEST_STEP][PASSED] - setText(findTestObject("OASIS/Care_Management/cm_physician_orders/msw/cm_po_msw_counselling_tf"), "Sample text"): Text 'Sample text' is set on object 'Object Repository/OASIS/Care_Management/cm_physician_orders/msw/cm_po_msw_counselling_tf'

2019-04-30 11:39:22 - [MESSAGE][PASSED] - Text 'Sample text' is set on object 'Object Repository/OASIS/Care_Management/cm_physician_orders/msw/cm_po_msw_counselling_tf'

2019-04-30 11:39:22 - [TEST_STEP][PASSED] - setText(findTestObject("OASIS/Care_Management/cm_physician_orders/msw/cm_po_msw_other"), "Sample text"): Text 'Sample text' is set on object 'Object Repository/OASIS/Care_Management/cm_physician_orders/msw/cm_po_msw_other'

2019-04-30 11:39:22 - [MESSAGE][PASSED] - Text 'Sample text' is set on object 'Object Repository/OASIS/Care_Management/cm_physician_orders/msw/cm_po_msw_other'

2019-04-30 11:39:22 - [TEST_STEP][PASSED] - delay(2): Delayed 2 second(s)

2019-04-30 11:39:24 - [MESSAGE][PASSED] - Delayed 2 second(s)

2019-04-30 11:39:24 - [TEST_STEP][PASSED] - click(findTestObject("OASIS/Care_Management/cm_physician_orders/dietician/cm_po_dietician_identified")): Object: 'Object Repository/OASIS/Care_Management/cm_physician_orders/dietician/cm_po_dietician_identified' is clicked on

2019-04-30 11:39:25 - [MESSAGE][PASSED] - Object: 'Object Repository/OASIS/Care_Management/cm_physician_orders/dietician/cm_po_dietician_identified' is clicked on

2019-04-30 11:39:25 - [TEST_STEP][PASSED] - setText(findTestObject("OASIS/Care_Management/cm_physician_orders/dietician/cm_po_dietician_other"), "Sample text"): Text 'Sample text' is set on object 'Object Repository/OASIS/Care_Management/cm_physician_orders/dietician/cm_po_dietician_other'

2019-04-30 11:39:25 - [MESSAGE][PASSED] - Text 'Sample text' is set on object 'Object Repository/OASIS/Care_Management/cm_physician_orders/dietician/cm_po_dietician_other'

2019-04-30 11:39:25 - [TEST_STEP][PASSED] - delay(2): Delayed 2 second(s)

2019-04-30 11:39:27 - [MESSAGE][PASSED] - Delayed 2 second(s)

2019-04-30 11:39:27 - [TEST_STEP][PASSED] - delay(2): Delayed 2 second(s)

2019-04-30 11:39:29 - [MESSAGE][PASSED] - Delayed 2 second(s)

2019-04-30 11:39:29 - [TEST_STEP][PASSED] - click(findTestObject("OASIS/Care_Management/cm_physician_orders/chha/cm_po_chha_toassistpersonalcare")): Object: 'Object Repository/OASIS/Care_Management/cm_physician_orders/chha/cm_po_chha_toassistpersonalcare' is clicked on

2019-04-30 11:39:29 - [MESSAGE][PASSED] - Object: 'Object Repository/OASIS/Care_Management/cm_physician_orders/chha/cm_po_chha_toassistpersonalcare' is clicked on

2019-04-30 11:39:29 - [TEST_STEP][PASSED] - setText(findTestObject("OASIS/Care_Management/cm_physician_orders/chha/cm_po_chha_other"), "Sample text"): Text 'Sample text' is set on object 'Object Repository/OASIS/Care_Management/cm_physician_orders/chha/cm_po_chha_other'

2019-04-30 11:39:30 - [MESSAGE][PASSED] - Text 'Sample text' is set on object 'Object Repository/OASIS/Care_Management/cm_physician_orders/chha/cm_po_chha_other'

2019-04-30 11:39:30 - [TEST_STEP][PASSED] - delay(2): Delayed 2 second(s)

2019-04-30 11:39:32 - [MESSAGE][PASSED] - Delayed 2 second(s)

2019-04-30 11:39:32 - [TEST_STEP][PASSED] - click(findTestObject("OASIS/Care_Management/cm_care_coordination/cm_cc_coordinationcarewith/cm_cc_coordinationcarewith_physician")): Object: 'Object Repository/OASIS/Care_Management/cm_care_coordination/cm_cc_coordinationcarewith/cm_cc_coordinationcarewith_physician' is clicked on

2019-04-30 11:39:32 - [MESSAGE][PASSED] - Object: 'Object Repository/OASIS/Care_Management/cm_care_coordination/cm_cc_coordinationcarewith/cm_cc_coordinationcarewith_physician' is clicked on

2019-04-30 11:39:32 - [TEST_STEP][PASSED] - click(findTestObject("OASIS/Care_Management/cm_care_coordination/cm_cc_coordinationcarewith/cm_cc_coordinationcarewith_rnsupervisor")): Object: 'Object Repository/OASIS/Care_Management/cm_care_coordination/cm_cc_coordinationcarewith/cm_cc_coordinationcarewith_rnsupervisor' is clicked on

2019-04-30 11:39:32 - [MESSAGE][PASSED] - Object: 'Object Repository/OASIS/Care_Management/cm_care_coordination/cm_cc_coordinationcarewith/cm_cc_coordinationcarewith_rnsupervisor' is clicked on

2019-04-30 11:39:32 - [TEST_STEP][PASSED] - click(findTestObject("OASIS/Care_Management/cm_care_coordination/cm_cc_coordinationcarewith/cm_cc_coordinationcarewith_rnlvn")): Object: 'Object Repository/OASIS/Care_Management/cm_care_coordination/cm_cc_coordinationcarewith/cm_cc_coordinationcarewith_rnlvn' is clicked on

2019-04-30 11:39:33 - [MESSAGE][PASSED] - Object: 'Object Repository/OASIS/Care_Management/cm_care_coordination/cm_cc_coordinationcarewith/cm_cc_coordinationcarewith_rnlvn' is clicked on

2019-04-30 11:39:33 - [TEST_STEP][PASSED] - click(findTestObject("OASIS/Care_Management/cm_care_coordination/cm_cc_coordinationcarewith/cm_cc_coordinationcarewith_patient")): Object: 'Object Repository/OASIS/Care_Management/cm_care_coordination/cm_cc_coordinationcarewith/cm_cc_coordinationcarewith_patient' is clicked on

2019-04-30 11:39:33 - [MESSAGE][PASSED] - Object: 'Object Repository/OASIS/Care_Management/cm_care_coordination/cm_cc_coordinationcarewith/cm_cc_coordinationcarewith_patient' is clicked on

2019-04-30 11:39:33 - [TEST_STEP][PASSED] - click(findTestObject("OASIS/Care_Management/cm_care_coordination/cm_cc_coordinationcarewith/cm_cc_coordinationcarewith_pcg")): Object: 'Object Repository/OASIS/Care_Management/cm_care_coordination/cm_cc_coordinationcarewith/cm_cc_coordinationcarewith_pcg' is clicked on

2019-04-30 11:39:33 - [MESSAGE][PASSED] - Object: 'Object Repository/OASIS/Care_Management/cm_care_coordination/cm_cc_coordinationcarewith/cm_cc_coordinationcarewith_pcg' is clicked on

2019-04-30 11:39:33 - [TEST_STEP][PASSED] - setText(findTestObject("OASIS/Care_Management/cm_care_coordination/cm_cc_coordinationcarewith/cm_cc_coordinationcarewith_other"), "Sample text"): Text 'Sample text' is set on object 'Object Repository/OASIS/Care_Management/cm_care_coordination/cm_cc_coordinationcarewith/cm_cc_coordinationcarewith_other'

2019-04-30 11:39:33 - [MESSAGE][PASSED] - Text 'Sample text' is set on object 'Object Repository/OASIS/Care_Management/cm_care_coordination/cm_cc_coordinationcarewith/cm_cc_coordinationcarewith_other'

2019-04-30 11:39:33 - [TEST_STEP][PASSED] - delay(2): Delayed 2 second(s)

2019-04-30 11:39:35 - [MESSAGE][PASSED] - Delayed 2 second(s)

2019-04-30 11:39:35 - [TEST_STEP][PASSED] - click(findTestObject("OASIS/Care_Management/cm_care_coordination/cm_cc_communicatedvia/cm_cc_communicatedvia_phone")): Object: 'Object Repository/OASIS/Care_Management/cm_care_coordination/cm_cc_communicatedvia/cm_cc_communicatedvia_phone' is clicked on

2019-04-30 11:39:36 - [MESSAGE][PASSED] - Object: 'Object Repository/OASIS/Care_Management/cm_care_coordination/cm_cc_communicatedvia/cm_cc_communicatedvia_phone' is clicked on

2019-04-30 11:39:36 - [TEST_STEP][PASSED] - click(findTestObject("OASIS/Care_Management/cm_care_coordination/cm_cc_communicatedvia/cm_cc_communicatedvia_fax")): Object: 'Object Repository/OASIS/Care_Management/cm_care_coordination/cm_cc_communicatedvia/cm_cc_communicatedvia_fax' is clicked on

2019-04-30 11:39:36 - [MESSAGE][PASSED] - Object: 'Object Repository/OASIS/Care_Management/cm_care_coordination/cm_cc_communicatedvia/cm_cc_communicatedvia_fax' is clicked on

2019-04-30 11:39:36 - [TEST_STEP][PASSED] - click(findTestObject("OASIS/Care_Management/cm_care_coordination/cm_cc_communicatedvia/cm_cc_communicatedvia_persontoperson")): Object: 'Object Repository/OASIS/Care_Management/cm_care_coordination/cm_cc_communicatedvia/cm_cc_communicatedvia_persontoperson' is clicked on

2019-04-30 11:39:36 - [MESSAGE][PASSED] - Object: 'Object Repository/OASIS/Care_Management/cm_care_coordination/cm_cc_communicatedvia/cm_cc_communicatedvia_persontoperson' is clicked on

2019-04-30 11:39:36 - [TEST_STEP][PASSED] - setText(findTestObject("OASIS/Care_Management/cm_care_coordination/cm_cc_communicatedvia/cm_cc_communicatedvia_comreceivedby"), "Khenard Figuracion"): Text 'Khenard Figuracion' is set on object 'Object Repository/OASIS/Care_Management/cm_care_coordination/cm_cc_communicatedvia/cm_cc_communicatedvia_comreceivedby'

2019-04-30 11:39:37 - [MESSAGE][PASSED] - Text 'Khenard Figuracion' is set on object 'Object Repository/OASIS/Care_Management/cm_care_coordination/cm_cc_communicatedvia/cm_cc_communicatedvia_comreceivedby'

2019-04-30 11:39:37 - [TEST_STEP][PASSED] - setText(findTestObject("OASIS/Care_Management/cm_care_coordination/cm_cc_communicatedvia/cm_cc_communicatedvia_date"), "April 26, 2019"): Text 'April 26, 2019' is set on object 'Object Repository/OASIS/Care_Management/cm_care_coordination/cm_cc_communicatedvia/cm_cc_communicatedvia_date'

2019-04-30 11:39:38 - [MESSAGE][PASSED] - Text 'April 26, 2019' is set on object 'Object Repository/OASIS/Care_Management/cm_care_coordination/cm_cc_communicatedvia/cm_cc_communicatedvia_date'

2019-04-30 11:39:38 - [TEST_STEP][PASSED] - setText(findTestObject("OASIS/Care_Management/cm_care_coordination/cm_cc_communicatedvia/cm_cc_communicatedvia_time"), "10:04 AM"): Text '10:04 AM' is set on object 'Object Repository/OASIS/Care_Management/cm_care_coordination/cm_cc_communicatedvia/cm_cc_communicatedvia_time'

2019-04-30 11:39:38 - [MESSAGE][PASSED] - Text '10:04 AM' is set on object 'Object Repository/OASIS/Care_Management/cm_care_coordination/cm_cc_communicatedvia/cm_cc_communicatedvia_time'

2019-04-30 11:39:38 - [TEST_STEP][PASSED] - delay(2): Delayed 2 second(s)

2019-04-30 11:39:40 - [MESSAGE][PASSED] - Delayed 2 second(s)

2019-04-30 11:39:40 - [TEST_STEP][PASSED] - click(findTestObject("OASIS/Care_Management/cm_subject_areas/cm_sa_regardingpatient/cm_sa_rpc_ssindicative")): Object: 'Object Repository/OASIS/Care_Management/cm_subject_areas/cm_sa_regardingpatient/cm_sa_rpc_ssindicative' is clicked on

2019-04-30 11:39:40 - [MESSAGE][PASSED] - Object: 'Object Repository/OASIS/Care_Management/cm_subject_areas/cm_sa_regardingpatient/cm_sa_rpc_ssindicative' is clicked on

2019-04-30 11:39:40 - [TEST_STEP][PASSED] - click(findTestObject("OASIS/Care_Management/cm_subject_areas/cm_sa_regardingpatient/cm_sa_rpc_diabetic")): Object: 'Object Repository/OASIS/Care_Management/cm_subject_areas/cm_sa_regardingpatient/cm_sa_rpc_diabetic' is clicked on

2019-04-30 11:39:40 - [MESSAGE][PASSED] - Object: 'Object Repository/OASIS/Care_Management/cm_subject_areas/cm_sa_regardingpatient/cm_sa_rpc_diabetic' is clicked on

2019-04-30 11:39:40 - [TEST_STEP][PASSED] - click(findTestObject("OASIS/Care_Management/cm_subject_areas/cm_sa_regardingpatient/cm_sa_rpc_hypertensive")): Object: 'Object Repository/OASIS/Care_Management/cm_subject_areas/cm_sa_regardingpatient/cm_sa_rpc_hypertensive' is clicked on

2019-04-30 11:39:41 - [MESSAGE][PASSED] - Object: 'Object Repository/OASIS/Care_Management/cm_subject_areas/cm_sa_regardingpatient/cm_sa_rpc_hypertensive' is clicked on

2019-04-30 11:39:41 - [TEST_STEP][PASSED] - click(findTestObject("OASIS/Care_Management/cm_subject_areas/cm_sa_regardingpatient/cm_sa_rpc_depression")): Object: 'Object Repository/OASIS/Care_Management/cm_subject_areas/cm_sa_regardingpatient/cm_sa_rpc_depression' is clicked on

2019-04-30 11:39:41 - [MESSAGE][PASSED] - Object: 'Object Repository/OASIS/Care_Management/cm_subject_areas/cm_sa_regardingpatient/cm_sa_rpc_depression' is clicked on

2019-04-30 11:39:41 - [TEST_STEP][PASSED] - click(findTestObject("OASIS/Care_Management/cm_subject_areas/cm_sa_regardingpatient/cm_sa_rpc_newwound")): Object: 'Object Repository/OASIS/Care_Management/cm_subject_areas/cm_sa_regardingpatient/cm_sa_rpc_newwound' is clicked on

2019-04-30 11:39:41 - [MESSAGE][PASSED] - Object: 'Object Repository/OASIS/Care_Management/cm_subject_areas/cm_sa_regardingpatient/cm_sa_rpc_newwound' is clicked on

2019-04-30 11:39:41 - [TEST_STEP][PASSED] - click(findTestObject("OASIS/Care_Management/cm_subject_areas/cm_sa_regardingpatient/cm_sa_rpc_unrelievedpain")): Object: 'Object Repository/OASIS/Care_Management/cm_subject_areas/cm_sa_regardingpatient/cm_sa_rpc_unrelievedpain' is clicked on

2019-04-30 11:39:41 - [MESSAGE][PASSED] - Object: 'Object Repository/OASIS/Care_Management/cm_subject_areas/cm_sa_regardingpatient/cm_sa_rpc_unrelievedpain' is clicked on

2019-04-30 11:39:41 - [TEST_STEP][PASSED] - click(findTestObject("OASIS/Care_Management/cm_subject_areas/cm_sa_regardingpatient/cm_sa_rpc_fallinjury")): Object: 'Object Repository/OASIS/Care_Management/cm_subject_areas/cm_sa_regardingpatient/cm_sa_rpc_fallinjury' is clicked on

2019-04-30 11:39:41 - [MESSAGE][PASSED] - Object: 'Object Repository/OASIS/Care_Management/cm_subject_areas/cm_sa_regardingpatient/cm_sa_rpc_fallinjury' is clicked on

2019-04-30 11:39:41 - [TEST_STEP][PASSED] - setText(findTestObject("OASIS/Care_Management/cm_subject_areas/cm_sa_regardingpatient/cm_sa_rpc_other"), "Sample text"): Text 'Sample text' is set on object 'Object Repository/OASIS/Care_Management/cm_subject_areas/cm_sa_regardingpatient/cm_sa_rpc_other'

2019-04-30 11:39:42 - [MESSAGE][PASSED] - Text 'Sample text' is set on object 'Object Repository/OASIS/Care_Management/cm_subject_areas/cm_sa_regardingpatient/cm_sa_rpc_other'

2019-04-30 11:39:42 - [TEST_STEP][PASSED] - delay(2): Delayed 2 second(s)

2019-04-30 11:39:44 - [MESSAGE][PASSED] - Delayed 2 second(s)

2019-04-30 11:39:44 - [TEST_STEP][FAILED] - click(findTestObject("OASIS/Care_Management/cm_subject_areas/cm_sa_regardingmedication/cm_sa_rm_adverseeffect")): click(findTestObject("OASIS/Care_Management/cm_subject_areas/cm_sa_regardingmedication/cm_sa_rm_adverseeffect")) FAILED.
Reason:
com.kms.katalon.core.exception.StepFailedException: Unable to click on object 'Object Repository/OASIS/Care_Management/cm_subject_areas/cm_sa_regardingmedication/cm_sa_rm_adverseeffect'
	at com.kms.katalon.core.webui.keyword.internal.WebUIKeywordMain.stepFailed(WebUIKeywordMain.groovy:64)
	at com.kms.katalon.core.webui.keyword.internal.WebUIKeywordMain.runKeyword(WebUIKeywordMain.groovy:26)
	at com.kms.katalon.core.webui.keyword.builtin.ClickKeyword.click(ClickKeyword.groovy:86)
	at com.kms.katalon.core.webui.keyword.builtin.ClickKeyword.execute(ClickKeyword.groovy:67)
	at com.kms.katalon.core.keyword.internal.KeywordExecutor.executeKeywordForPlatform(KeywordExecutor.groovy:56)
	at com.kms.katalon.core.webui.keyword.WebUiBuiltInKeywords.click(WebUiBuiltInKeywords.groovy:616)
	at com.kms.katalon.core.webui.keyword.WebUiBuiltInKeywords$click$3.call(Unknown Source)
	at Care_Management.run(Care_Management:172)
	at com.kms.katalon.core.main.ScriptEngine.run(ScriptEngine.java:194)
	at com.kms.katalon.core.main.ScriptEngine.runScriptAsRawText(ScriptEngine.java:119)
	at com.kms.katalon.core.main.TestCaseExecutor.runScript(TestCaseExecutor.java:342)
	at com.kms.katalon.core.main.TestCaseExecutor.doExecute(TestCaseExecutor.java:333)
	at com.kms.katalon.core.main.TestCaseExecutor.processExecutionPhase(TestCaseExecutor.java:312)
	at com.kms.katalon.core.main.TestCaseExecutor.accessMainPhase(TestCaseExecutor.java:304)
	at com.kms.katalon.core.main.TestCaseExecutor.execute(TestCaseExecutor.java:238)
	at com.kms.katalon.core.main.TestSuiteExecutor.accessTestCaseMainPhase(TestSuiteExecutor.java:129)
	at com.kms.katalon.core.main.TestSuiteExecutor.accessTestSuiteMainPhase(TestSuiteExecutor.java:112)
	at com.kms.katalon.core.main.TestSuiteExecutor.execute(TestSuiteExecutor.java:81)
	at com.kms.katalon.core.main.TestCaseMain.startTestSuite(TestCaseMain.java:157)
	at com.kms.katalon.core.main.TestCaseMain$startTestSuite$0.call(Unknown Source)
	at TempTestSuite1556595077046.run(TempTestSuite1556595077046.groovy:35)
Caused by: org.openqa.selenium.WebDriverException: unknown error: Element <input type="checkbox" rname="SOOCAREMNG0005" checklist-value="list.val" ng-model="checked" class="ng-scope ng-pristine ng-untouched ng-valid ng-empty" checklist-model="pi.SOOCAREMNG0005"> is not clickable at point (196, 121). Other element would receive the click: <label ng-hide="list.title === ''" id="clinical" class="btn btn-primary bg__wt txt__primary btn__tab_group-label ng-scope waves-effect" title="" ng-class="openTab === list.state ? 'active' :  '' " ng-repeat="list in mergeTabMenu" ng-if="list.tabShow" ng-disabled="!disabledClickTab" ng-click=" stateNavigate.$goToState('patientcare.oasis2019.'+list.state, list.state);$parent.formActive = false; isReadyToNavigate ?disabledClick(list.state):'';">...</label>
  (Session info: chrome=73.0.3683.103)
  (Driver info: chromedriver=73.0.3683.68 (47787ec04b6e38e22703e856e101e840b65afe72),platform=Windows NT 10.0.17134 x86_64) (WARNING: The server did not provide any stacktrace information)
Command duration or timeout: 0 milliseconds
Build info: version: '3.7.1', revision: '8a0099a', time: '2017-11-06T21:07:36.161Z'
System info: host: 'DESKTOP-IKQI3RS', ip: '192.168.2.37', os.name: 'Windows 10', os.arch: 'amd64', os.version: '10.0', java.version: '1.8.0_181'
Driver info: com.kms.katalon.selenium.driver.CChromeDriver
Capabilities {acceptInsecureCerts: false, acceptSslCerts: false, applicationCacheEnabled: false, browserConnectionEnabled: false, browserName: chrome, chrome: {chromedriverVersion: 73.0.3683.68 (47787ec04b6e3..., userDataDir: C:\Users\KHENAR~1\AppData\L...}, cssSelectorsEnabled: true, databaseEnabled: false, goog:chromeOptions: {debuggerAddress: localhost:55293}, handlesAlerts: true, hasTouchScreen: false, javascriptEnabled: true, locationContextEnabled: true, mobileEmulationEnabled: false, nativeEvents: true, networkConnectionEnabled: false, pageLoadStrategy: normal, platform: XP, platformName: XP, proxy: Proxy(direct), rotatable: false, setWindowRect: true, strictFileInteractability: false, takesHeapSnapshot: true, takesScreenshot: true, timeouts: {implicit: 0, pageLoad: 300000, script: 30000}, unexpectedAlertBehaviour: ignore, unhandledPromptBehavior: ignore, version: 73.0.3683.103, webStorageEnabled: true}
Session ID: f0067138f4daf65dc96cb90bba114367
	at org.openqa.selenium.remote.ErrorHandler.createThrowable(ErrorHandler.java:214)
	at org.openqa.selenium.remote.ErrorHandler.throwIfResponseFailed(ErrorHandler.java:166)
	at org.openqa.selenium.remote.http.JsonHttpResponseCodec.reconstructValue(JsonHttpResponseCodec.java:40)
	at org.openqa.selenium.remote.http.AbstractHttpResponseCodec.decode(AbstractHttpResponseCodec.java:80)
	at org.openqa.selenium.remote.http.AbstractHttpResponseCodec.decode(AbstractHttpResponseCodec.java:44)
	at org.openqa.selenium.remote.HttpCommandExecutor.execute(HttpCommandExecutor.java:164)
	at org.openqa.selenium.remote.service.DriverCommandExecutor.execute(DriverCommandExecutor.java:83)
	at org.openqa.selenium.remote.RemoteWebDriver.execute(RemoteWebDriver.java:600)
	at com.kms.katalon.selenium.driver.CChromeDriver.execute(CChromeDriver.java:20)
	at org.openqa.selenium.remote.RemoteWebElement.execute(RemoteWebElement.java:279)
	at org.openqa.selenium.remote.RemoteWebElement.click(RemoteWebElement.java:83)
	at com.kms.katalon.core.webui.keyword.builtin.ClickKeyword$_click_closure1.doCall(ClickKeyword.groovy:79)
	at com.kms.katalon.core.webui.keyword.builtin.ClickKeyword$_click_closure1.call(ClickKeyword.groovy)
	at com.kms.katalon.core.webui.keyword.internal.WebUIKeywordMain.runKeyword(WebUIKeywordMain.groovy:20)
	at com.kms.katalon.core.webui.keyword.builtin.ClickKeyword.click(ClickKeyword.groovy:86)
	at com.kms.katalon.core.webui.keyword.builtin.ClickKeyword.execute(ClickKeyword.groovy:67)
	at com.kms.katalon.core.keyword.internal.KeywordExecutor.executeKeywordForPlatform(KeywordExecutor.groovy:56)
	at com.kms.katalon.core.webui.keyword.WebUiBuiltInKeywords.click(WebUiBuiltInKeywords.groovy:616)
	at com.kms.katalon.core.webui.keyword.WebUiBuiltInKeywords$click$3.call(Unknown Source)
	at Script1556181269216.run(Script1556181269216.groovy:172)
	... 13 more


2019-04-30 11:39:44 - [MESSAGE][FAILED] - Unable to click on object 'Object Repository/OASIS/Care_Management/cm_subject_areas/cm_sa_regardingmedication/cm_sa_rm_adverseeffect' (Root cause: com.kms.katalon.core.exception.StepFailedException: Unable to click on object 'Object Repository/OASIS/Care_Management/cm_subject_areas/cm_sa_regardingmedication/cm_sa_rm_adverseeffect'
	at com.kms.katalon.core.webui.keyword.internal.WebUIKeywordMain.stepFailed(WebUIKeywordMain.groovy:64)
	at com.kms.katalon.core.webui.keyword.internal.WebUIKeywordMain.runKeyword(WebUIKeywordMain.groovy:26)
	at com.kms.katalon.core.webui.keyword.builtin.ClickKeyword.click(ClickKeyword.groovy:86)
	at com.kms.katalon.core.webui.keyword.builtin.ClickKeyword.execute(ClickKeyword.groovy:67)
	at com.kms.katalon.core.keyword.internal.KeywordExecutor.executeKeywordForPlatform(KeywordExecutor.groovy:56)
	at com.kms.katalon.core.webui.keyword.WebUiBuiltInKeywords.click(WebUiBuiltInKeywords.groovy:616)
	at com.kms.katalon.core.webui.keyword.WebUiBuiltInKeywords$click$3.call(Unknown Source)
	at Care_Management.run(Care_Management:172)
	at com.kms.katalon.core.main.ScriptEngine.run(ScriptEngine.java:194)
	at com.kms.katalon.core.main.ScriptEngine.runScriptAsRawText(ScriptEngine.java:119)
	at com.kms.katalon.core.main.TestCaseExecutor.runScript(TestCaseExecutor.java:342)
	at com.kms.katalon.core.main.TestCaseExecutor.doExecute(TestCaseExecutor.java:333)
	at com.kms.katalon.core.main.TestCaseExecutor.processExecutionPhase(TestCaseExecutor.java:312)
	at com.kms.katalon.core.main.TestCaseExecutor.accessMainPhase(TestCaseExecutor.java:304)
	at com.kms.katalon.core.main.TestCaseExecutor.execute(TestCaseExecutor.java:238)
	at com.kms.katalon.core.main.TestSuiteExecutor.accessTestCaseMainPhase(TestSuiteExecutor.java:129)
	at com.kms.katalon.core.main.TestSuiteExecutor.accessTestSuiteMainPhase(TestSuiteExecutor.java:112)
	at com.kms.katalon.core.main.TestSuiteExecutor.execute(TestSuiteExecutor.java:81)
	at com.kms.katalon.core.main.TestCaseMain.startTestSuite(TestCaseMain.java:157)
	at com.kms.katalon.core.main.TestCaseMain$startTestSuite$0.call(Unknown Source)
	at TempTestSuite1556595077046.run(TempTestSuite1556595077046.groovy:35)
Caused by: org.openqa.selenium.WebDriverException: unknown error: Element <input type="checkbox" rname="SOOCAREMNG0005" checklist-value="list.val" ng-model="checked" class="ng-scope ng-pristine ng-untouched ng-valid ng-empty" checklist-model="pi.SOOCAREMNG0005"> is not clickable at point (196, 121). Other element would receive the click: <label ng-hide="list.title === ''" id="clinical" class="btn btn-primary bg__wt txt__primary btn__tab_group-label ng-scope waves-effect" title="" ng-class="openTab === list.state ? 'active' :  '' " ng-repeat="list in mergeTabMenu" ng-if="list.tabShow" ng-disabled="!disabledClickTab" ng-click=" stateNavigate.$goToState('patientcare.oasis2019.'+list.state, list.state);$parent.formActive = false; isReadyToNavigate ?disabledClick(list.state):'';">...</label>
  (Session info: chrome=73.0.3683.103)
  (Driver info: chromedriver=73.0.3683.68 (47787ec04b6e38e22703e856e101e840b65afe72),platform=Windows NT 10.0.17134 x86_64) (WARNING: The server did not provide any stacktrace information)
Command duration or timeout: 0 milliseconds
Build info: version: '3.7.1', revision: '8a0099a', time: '2017-11-06T21:07:36.161Z'
System info: host: 'DESKTOP-IKQI3RS', ip: '192.168.2.37', os.name: 'Windows 10', os.arch: 'amd64', os.version: '10.0', java.version: '1.8.0_181'
Driver info: com.kms.katalon.selenium.driver.CChromeDriver
Capabilities {acceptInsecureCerts: false, acceptSslCerts: false, applicationCacheEnabled: false, browserConnectionEnabled: false, browserName: chrome, chrome: {chromedriverVersion: 73.0.3683.68 (47787ec04b6e3..., userDataDir: C:\Users\KHENAR~1\AppData\L...}, cssSelectorsEnabled: true, databaseEnabled: false, goog:chromeOptions: {debuggerAddress: localhost:55293}, handlesAlerts: true, hasTouchScreen: false, javascriptEnabled: true, locationContextEnabled: true, mobileEmulationEnabled: false, nativeEvents: true, networkConnectionEnabled: false, pageLoadStrategy: normal, platform: XP, platformName: XP, proxy: Proxy(direct), rotatable: false, setWindowRect: true, strictFileInteractability: false, takesHeapSnapshot: true, takesScreenshot: true, timeouts: {implicit: 0, pageLoad: 300000, script: 30000}, unexpectedAlertBehaviour: ignore, unhandledPromptBehavior: ignore, version: 73.0.3683.103, webStorageEnabled: true}
Session ID: f0067138f4daf65dc96cb90bba114367
	at org.openqa.selenium.remote.ErrorHandler.createThrowable(ErrorHandler.java:214)
	at org.openqa.selenium.remote.ErrorHandler.throwIfResponseFailed(ErrorHandler.java:166)
	at org.openqa.selenium.remote.http.JsonHttpResponseCodec.reconstructValue(JsonHttpResponseCodec.java:40)
	at org.openqa.selenium.remote.http.AbstractHttpResponseCodec.decode(AbstractHttpResponseCodec.java:80)
	at org.openqa.selenium.remote.http.AbstractHttpResponseCodec.decode(AbstractHttpResponseCodec.java:44)
	at org.openqa.selenium.remote.HttpCommandExecutor.execute(HttpCommandExecutor.java:164)
	at org.openqa.selenium.remote.service.DriverCommandExecutor.execute(DriverCommandExecutor.java:83)
	at org.openqa.selenium.remote.RemoteWebDriver.execute(RemoteWebDriver.java:600)
	at com.kms.katalon.selenium.driver.CChromeDriver.execute(CChromeDriver.java:20)
	at org.openqa.selenium.remote.RemoteWebElement.execute(RemoteWebElement.java:279)
	at org.openqa.selenium.remote.RemoteWebElement.click(RemoteWebElement.java:83)
	at com.kms.katalon.core.webui.keyword.builtin.ClickKeyword$_click_closure1.doCall(ClickKeyword.groovy:79)
	at com.kms.katalon.core.webui.keyword.builtin.ClickKeyword$_click_closure1.call(ClickKeyword.groovy)
	at com.kms.katalon.core.webui.keyword.internal.WebUIKeywordMain.runKeyword(WebUIKeywordMain.groovy:20)
	at com.kms.katalon.core.webui.keyword.builtin.ClickKeyword.click(ClickKeyword.groovy:86)
	at com.kms.katalon.core.webui.keyword.builtin.ClickKeyword.execute(ClickKeyword.groovy:67)
	at com.kms.katalon.core.keyword.internal.KeywordExecutor.executeKeywordForPlatform(KeywordExecutor.groovy:56)
	at com.kms.katalon.core.webui.keyword.WebUiBuiltInKeywords.click(WebUiBuiltInKeywords.groovy:616)
	at com.kms.katalon.core.webui.keyword.WebUiBuiltInKeywords$click$3.call(Unknown Source)
	at Script1556181269216.run(Script1556181269216.groovy:172)
	... 13 more
)
[[ATTACHMENT|C:\\Users\\Khenard Figuracion\\git\\healthcareProject\\Reports\\automation_compiled\\20190430_113117\\1556595584555.png]]

2019-04-30 11:39:44 - [MESSAGE][FAILED] - click(findTestObject("OASIS/Care_Management/cm_subject_areas/cm_sa_regardingmedication/cm_sa_rm_adverseeffect")) FAILED.
Reason:
com.kms.katalon.core.exception.StepFailedException: Unable to click on object 'Object Repository/OASIS/Care_Management/cm_subject_areas/cm_sa_regardingmedication/cm_sa_rm_adverseeffect'
	at com.kms.katalon.core.webui.keyword.internal.WebUIKeywordMain.stepFailed(WebUIKeywordMain.groovy:64)
	at com.kms.katalon.core.webui.keyword.internal.WebUIKeywordMain.runKeyword(WebUIKeywordMain.groovy:26)
	at com.kms.katalon.core.webui.keyword.builtin.ClickKeyword.click(ClickKeyword.groovy:86)
	at com.kms.katalon.core.webui.keyword.builtin.ClickKeyword.execute(ClickKeyword.groovy:67)
	at com.kms.katalon.core.keyword.internal.KeywordExecutor.executeKeywordForPlatform(KeywordExecutor.groovy:56)
	at com.kms.katalon.core.webui.keyword.WebUiBuiltInKeywords.click(WebUiBuiltInKeywords.groovy:616)
	at com.kms.katalon.core.webui.keyword.WebUiBuiltInKeywords$click$3.call(Unknown Source)
	at Care_Management.run(Care_Management:172)
	at com.kms.katalon.core.main.ScriptEngine.run(ScriptEngine.java:194)
	at com.kms.katalon.core.main.ScriptEngine.runScriptAsRawText(ScriptEngine.java:119)
	at com.kms.katalon.core.main.TestCaseExecutor.runScript(TestCaseExecutor.java:342)
	at com.kms.katalon.core.main.TestCaseExecutor.doExecute(TestCaseExecutor.java:333)
	at com.kms.katalon.core.main.TestCaseExecutor.processExecutionPhase(TestCaseExecutor.java:312)
	at com.kms.katalon.core.main.TestCaseExecutor.accessMainPhase(TestCaseExecutor.java:304)
	at com.kms.katalon.core.main.TestCaseExecutor.execute(TestCaseExecutor.java:238)
	at com.kms.katalon.core.main.TestSuiteExecutor.accessTestCaseMainPhase(TestSuiteExecutor.java:129)
	at com.kms.katalon.core.main.TestSuiteExecutor.accessTestSuiteMainPhase(TestSuiteExecutor.java:112)
	at com.kms.katalon.core.main.TestSuiteExecutor.execute(TestSuiteExecutor.java:81)
	at com.kms.katalon.core.main.TestCaseMain.startTestSuite(TestCaseMain.java:157)
	at com.kms.katalon.core.main.TestCaseMain$startTestSuite$0.call(Unknown Source)
	at TempTestSuite1556595077046.run(TempTestSuite1556595077046.groovy:35)
Caused by: org.openqa.selenium.WebDriverException: unknown error: Element <input type="checkbox" rname="SOOCAREMNG0005" checklist-value="list.val" ng-model="checked" class="ng-scope ng-pristine ng-untouched ng-valid ng-empty" checklist-model="pi.SOOCAREMNG0005"> is not clickable at point (196, 121). Other element would receive the click: <label ng-hide="list.title === ''" id="clinical" class="btn btn-primary bg__wt txt__primary btn__tab_group-label ng-scope waves-effect" title="" ng-class="openTab === list.state ? 'active' :  '' " ng-repeat="list in mergeTabMenu" ng-if="list.tabShow" ng-disabled="!disabledClickTab" ng-click=" stateNavigate.$goToState('patientcare.oasis2019.'+list.state, list.state);$parent.formActive = false; isReadyToNavigate ?disabledClick(list.state):'';">...</label>
  (Session info: chrome=73.0.3683.103)
  (Driver info: chromedriver=73.0.3683.68 (47787ec04b6e38e22703e856e101e840b65afe72),platform=Windows NT 10.0.17134 x86_64) (WARNING: The server did not provide any stacktrace information)
Command duration or timeout: 0 milliseconds
Build info: version: '3.7.1', revision: '8a0099a', time: '2017-11-06T21:07:36.161Z'
System info: host: 'DESKTOP-IKQI3RS', ip: '192.168.2.37', os.name: 'Windows 10', os.arch: 'amd64', os.version: '10.0', java.version: '1.8.0_181'
Driver info: com.kms.katalon.selenium.driver.CChromeDriver
Capabilities {acceptInsecureCerts: false, acceptSslCerts: false, applicationCacheEnabled: false, browserConnectionEnabled: false, browserName: chrome, chrome: {chromedriverVersion: 73.0.3683.68 (47787ec04b6e3..., userDataDir: C:\Users\KHENAR~1\AppData\L...}, cssSelectorsEnabled: true, databaseEnabled: false, goog:chromeOptions: {debuggerAddress: localhost:55293}, handlesAlerts: true, hasTouchScreen: false, javascriptEnabled: true, locationContextEnabled: true, mobileEmulationEnabled: false, nativeEvents: true, networkConnectionEnabled: false, pageLoadStrategy: normal, platform: XP, platformName: XP, proxy: Proxy(direct), rotatable: false, setWindowRect: true, strictFileInteractability: false, takesHeapSnapshot: true, takesScreenshot: true, timeouts: {implicit: 0, pageLoad: 300000, script: 30000}, unexpectedAlertBehaviour: ignore, unhandledPromptBehavior: ignore, version: 73.0.3683.103, webStorageEnabled: true}
Session ID: f0067138f4daf65dc96cb90bba114367
	at org.openqa.selenium.remote.ErrorHandler.createThrowable(ErrorHandler.java:214)
	at org.openqa.selenium.remote.ErrorHandler.throwIfResponseFailed(ErrorHandler.java:166)
	at org.openqa.selenium.remote.http.JsonHttpResponseCodec.reconstructValue(JsonHttpResponseCodec.java:40)
	at org.openqa.selenium.remote.http.AbstractHttpResponseCodec.decode(AbstractHttpResponseCodec.java:80)
	at org.openqa.selenium.remote.http.AbstractHttpResponseCodec.decode(AbstractHttpResponseCodec.java:44)
	at org.openqa.selenium.remote.HttpCommandExecutor.execute(HttpCommandExecutor.java:164)
	at org.openqa.selenium.remote.service.DriverCommandExecutor.execute(DriverCommandExecutor.java:83)
	at org.openqa.selenium.remote.RemoteWebDriver.execute(RemoteWebDriver.java:600)
	at com.kms.katalon.selenium.driver.CChromeDriver.execute(CChromeDriver.java:20)
	at org.openqa.selenium.remote.RemoteWebElement.execute(RemoteWebElement.java:279)
	at org.openqa.selenium.remote.RemoteWebElement.click(RemoteWebElement.java:83)
	at com.kms.katalon.core.webui.keyword.builtin.ClickKeyword$_click_closure1.doCall(ClickKeyword.groovy:79)
	at com.kms.katalon.core.webui.keyword.builtin.ClickKeyword$_click_closure1.call(ClickKeyword.groovy)
	at com.kms.katalon.core.webui.keyword.internal.WebUIKeywordMain.runKeyword(WebUIKeywordMain.groovy:20)
	at com.kms.katalon.core.webui.keyword.builtin.ClickKeyword.click(ClickKeyword.groovy:86)
	at com.kms.katalon.core.webui.keyword.builtin.ClickKeyword.execute(ClickKeyword.groovy:67)
	at com.kms.katalon.core.keyword.internal.KeywordExecutor.executeKeywordForPlatform(KeywordExecutor.groovy:56)
	at com.kms.katalon.core.webui.keyword.WebUiBuiltInKeywords.click(WebUiBuiltInKeywords.groovy:616)
	at com.kms.katalon.core.webui.keyword.WebUiBuiltInKeywords$click$3.call(Unknown Source)
	at Script1556181269216.run(Script1556181269216.groovy:172)
	... 13 more]]></system-out>
         <system-err><![CDATA[2019-04-30 11:38:56 - [TEST_CASE][FAILED] - Test Cases/OASIS_SOC/Care_Management: Test Cases/OASIS_SOC/Care_Management FAILED.
Reason:
com.kms.katalon.core.exception.StepFailedException: Unable to click on object 'Object Repository/OASIS/Care_Management/cm_subject_areas/cm_sa_regardingmedication/cm_sa_rm_adverseeffect'
	at com.kms.katalon.core.webui.keyword.internal.WebUIKeywordMain.stepFailed(WebUIKeywordMain.groovy:64)
	at com.kms.katalon.core.webui.keyword.internal.WebUIKeywordMain.runKeyword(WebUIKeywordMain.groovy:26)
	at com.kms.katalon.core.webui.keyword.builtin.ClickKeyword.click(ClickKeyword.groovy:86)
	at com.kms.katalon.core.webui.keyword.builtin.ClickKeyword.execute(ClickKeyword.groovy:67)
	at com.kms.katalon.core.keyword.internal.KeywordExecutor.executeKeywordForPlatform(KeywordExecutor.groovy:56)
	at com.kms.katalon.core.webui.keyword.WebUiBuiltInKeywords.click(WebUiBuiltInKeywords.groovy:616)
	at com.kms.katalon.core.webui.keyword.WebUiBuiltInKeywords$click$3.call(Unknown Source)
	at Care_Management.run(Care_Management:172)
	at com.kms.katalon.core.main.ScriptEngine.run(ScriptEngine.java:194)
	at com.kms.katalon.core.main.ScriptEngine.runScriptAsRawText(ScriptEngine.java:119)
	at com.kms.katalon.core.main.TestCaseExecutor.runScript(TestCaseExecutor.java:342)
	at com.kms.katalon.core.main.TestCaseExecutor.doExecute(TestCaseExecutor.java:333)
	at com.kms.katalon.core.main.TestCaseExecutor.processExecutionPhase(TestCaseExecutor.java:312)
	at com.kms.katalon.core.main.TestCaseExecutor.accessMainPhase(TestCaseExecutor.java:304)
	at com.kms.katalon.core.main.TestCaseExecutor.execute(TestCaseExecutor.java:238)
	at com.kms.katalon.core.main.TestSuiteExecutor.accessTestCaseMainPhase(TestSuiteExecutor.java:129)
	at com.kms.katalon.core.main.TestSuiteExecutor.accessTestSuiteMainPhase(TestSuiteExecutor.java:112)
	at com.kms.katalon.core.main.TestSuiteExecutor.execute(TestSuiteExecutor.java:81)
	at com.kms.katalon.core.main.TestCaseMain.startTestSuite(TestCaseMain.java:157)
	at com.kms.katalon.core.main.TestCaseMain$startTestSuite$0.call(Unknown Source)
	at TempTestSuite1556595077046.run(TempTestSuite1556595077046.groovy:35)
Caused by: org.openqa.selenium.WebDriverException: unknown error: Element <input type="checkbox" rname="SOOCAREMNG0005" checklist-value="list.val" ng-model="checked" class="ng-scope ng-pristine ng-untouched ng-valid ng-empty" checklist-model="pi.SOOCAREMNG0005"> is not clickable at point (196, 121). Other element would receive the click: <label ng-hide="list.title === ''" id="clinical" class="btn btn-primary bg__wt txt__primary btn__tab_group-label ng-scope waves-effect" title="" ng-class="openTab === list.state ? 'active' :  '' " ng-repeat="list in mergeTabMenu" ng-if="list.tabShow" ng-disabled="!disabledClickTab" ng-click=" stateNavigate.$goToState('patientcare.oasis2019.'+list.state, list.state);$parent.formActive = false; isReadyToNavigate ?disabledClick(list.state):'';">...</label>
  (Session info: chrome=73.0.3683.103)
  (Driver info: chromedriver=73.0.3683.68 (47787ec04b6e38e22703e856e101e840b65afe72),platform=Windows NT 10.0.17134 x86_64) (WARNING: The server did not provide any stacktrace information)
Command duration or timeout: 0 milliseconds
Build info: version: '3.7.1', revision: '8a0099a', time: '2017-11-06T21:07:36.161Z'
System info: host: 'DESKTOP-IKQI3RS', ip: '192.168.2.37', os.name: 'Windows 10', os.arch: 'amd64', os.version: '10.0', java.version: '1.8.0_181'
Driver info: com.kms.katalon.selenium.driver.CChromeDriver
Capabilities {acceptInsecureCerts: false, acceptSslCerts: false, applicationCacheEnabled: false, browserConnectionEnabled: false, browserName: chrome, chrome: {chromedriverVersion: 73.0.3683.68 (47787ec04b6e3..., userDataDir: C:\Users\KHENAR~1\AppData\L...}, cssSelectorsEnabled: true, databaseEnabled: false, goog:chromeOptions: {debuggerAddress: localhost:55293}, handlesAlerts: true, hasTouchScreen: false, javascriptEnabled: true, locationContextEnabled: true, mobileEmulationEnabled: false, nativeEvents: true, networkConnectionEnabled: false, pageLoadStrategy: normal, platform: XP, platformName: XP, proxy: Proxy(direct), rotatable: false, setWindowRect: true, strictFileInteractability: false, takesHeapSnapshot: true, takesScreenshot: true, timeouts: {implicit: 0, pageLoad: 300000, script: 30000}, unexpectedAlertBehaviour: ignore, unhandledPromptBehavior: ignore, version: 73.0.3683.103, webStorageEnabled: true}
Session ID: f0067138f4daf65dc96cb90bba114367
	at org.openqa.selenium.remote.ErrorHandler.createThrowable(ErrorHandler.java:214)
	at org.openqa.selenium.remote.ErrorHandler.throwIfResponseFailed(ErrorHandler.java:166)
	at org.openqa.selenium.remote.http.JsonHttpResponseCodec.reconstructValue(JsonHttpResponseCodec.java:40)
	at org.openqa.selenium.remote.http.AbstractHttpResponseCodec.decode(AbstractHttpResponseCodec.java:80)
	at org.openqa.selenium.remote.http.AbstractHttpResponseCodec.decode(AbstractHttpResponseCodec.java:44)
	at org.openqa.selenium.remote.HttpCommandExecutor.execute(HttpCommandExecutor.java:164)
	at org.openqa.selenium.remote.service.DriverCommandExecutor.execute(DriverCommandExecutor.java:83)
	at org.openqa.selenium.remote.RemoteWebDriver.execute(RemoteWebDriver.java:600)
	at com.kms.katalon.selenium.driver.CChromeDriver.execute(CChromeDriver.java:20)
	at org.openqa.selenium.remote.RemoteWebElement.execute(RemoteWebElement.java:279)
	at org.openqa.selenium.remote.RemoteWebElement.click(RemoteWebElement.java:83)
	at com.kms.katalon.core.webui.keyword.builtin.ClickKeyword$_click_closure1.doCall(ClickKeyword.groovy:79)
	at com.kms.katalon.core.webui.keyword.builtin.ClickKeyword$_click_closure1.call(ClickKeyword.groovy)
	at com.kms.katalon.core.webui.keyword.internal.WebUIKeywordMain.runKeyword(WebUIKeywordMain.groovy:20)
	at com.kms.katalon.core.webui.keyword.builtin.ClickKeyword.click(ClickKeyword.groovy:86)
	at com.kms.katalon.core.webui.keyword.builtin.ClickKeyword.execute(ClickKeyword.groovy:67)
	at com.kms.katalon.core.keyword.internal.KeywordExecutor.executeKeywordForPlatform(KeywordExecutor.groovy:56)
	at com.kms.katalon.core.webui.keyword.WebUiBuiltInKeywords.click(WebUiBuiltInKeywords.groovy:616)
	at com.kms.katalon.core.webui.keyword.WebUiBuiltInKeywords$click$3.call(Unknown Source)
	at Script1556181269216.run(Script1556181269216.groovy:172)
	... 13 more]]></system-err>
      </testcase>
      <system-out><![CDATA[2019-04-30 11:31:18 - [TEST_SUITE][FAILED] - automation_compiled: Test Cases/OASIS_SOC/Medications FAILED.
Reason:
com.kms.katalon.core.exception.StepFailedException: Unable to click on object 'Object Repository/OASIS/Medications/med_va_peripheral/med_va_peripheral_cathetype_short'
	at com.kms.katalon.core.webui.keyword.internal.WebUIKeywordMain.stepFailed(WebUIKeywordMain.groovy:64)
	at com.kms.katalon.core.webui.keyword.internal.WebUIKeywordMain.runKeyword(WebUIKeywordMain.groovy:26)
	at com.kms.katalon.core.webui.keyword.builtin.ClickKeyword.click(ClickKeyword.groovy:86)
	at com.kms.katalon.core.webui.keyword.builtin.ClickKeyword.execute(ClickKeyword.groovy:67)
	at com.kms.katalon.core.keyword.internal.KeywordExecutor.executeKeywordForPlatform(KeywordExecutor.groovy:56)
	at com.kms.katalon.core.webui.keyword.WebUiBuiltInKeywords.click(WebUiBuiltInKeywords.groovy:616)
	at com.kms.katalon.core.webui.keyword.WebUiBuiltInKeywords$click$3.call(Unknown Source)
	at Medications.run(Medications:62)
	at com.kms.katalon.core.main.ScriptEngine.run(ScriptEngine.java:194)
	at com.kms.katalon.core.main.ScriptEngine.runScriptAsRawText(ScriptEngine.java:119)
	at com.kms.katalon.core.main.TestCaseExecutor.runScript(TestCaseExecutor.java:342)
	at com.kms.katalon.core.main.TestCaseExecutor.doExecute(TestCaseExecutor.java:333)
	at com.kms.katalon.core.main.TestCaseExecutor.processExecutionPhase(TestCaseExecutor.java:312)
	at com.kms.katalon.core.main.TestCaseExecutor.accessMainPhase(TestCaseExecutor.java:304)
	at com.kms.katalon.core.main.TestCaseExecutor.execute(TestCaseExecutor.java:238)
	at com.kms.katalon.core.main.TestSuiteExecutor.accessTestCaseMainPhase(TestSuiteExecutor.java:129)
	at com.kms.katalon.core.main.TestSuiteExecutor.accessTestSuiteMainPhase(TestSuiteExecutor.java:112)
	at com.kms.katalon.core.main.TestSuiteExecutor.execute(TestSuiteExecutor.java:81)
	at com.kms.katalon.core.main.TestCaseMain.startTestSuite(TestCaseMain.java:157)
	at com.kms.katalon.core.main.TestCaseMain$startTestSuite$0.call(Unknown Source)
	at TempTestSuite1556595077046.run(TempTestSuite1556595077046.groovy:35)
Caused by: org.openqa.selenium.WebDriverException: unknown error: Element <input type="radio" data-ng-model="pi.SOOMEDICATION0066" rname="SOOMEDICATION0066" value="Short catheter" class="ng-pristine ng-untouched ng-valid ng-empty" name="16255"> is not clickable at point (381, 138). Other element would receive the click: <div id="oasis-tabs" class="btn-group tab-btn-group btn__tab_group ng-isolate-scope" set-active-tab="isReadyToNavigate">...</div>
  (Session info: chrome=73.0.3683.103)
  (Driver info: chromedriver=73.0.3683.68 (47787ec04b6e38e22703e856e101e840b65afe72),platform=Windows NT 10.0.17134 x86_64) (WARNING: The server did not provide any stacktrace information)
Command duration or timeout: 0 milliseconds
Build info: version: '3.7.1', revision: '8a0099a', time: '2017-11-06T21:07:36.161Z'
System info: host: 'DESKTOP-IKQI3RS', ip: '192.168.2.37', os.name: 'Windows 10', os.arch: 'amd64', os.version: '10.0', java.version: '1.8.0_181'
Driver info: com.kms.katalon.selenium.driver.CChromeDriver
Capabilities {acceptInsecureCerts: false, acceptSslCerts: false, applicationCacheEnabled: false, browserConnectionEnabled: false, browserName: chrome, chrome: {chromedriverVersion: 73.0.3683.68 (47787ec04b6e3..., userDataDir: C:\Users\KHENAR~1\AppData\L...}, cssSelectorsEnabled: true, databaseEnabled: false, goog:chromeOptions: {debuggerAddress: localhost:55293}, handlesAlerts: true, hasTouchScreen: false, javascriptEnabled: true, locationContextEnabled: true, mobileEmulationEnabled: false, nativeEvents: true, networkConnectionEnabled: false, pageLoadStrategy: normal, platform: XP, platformName: XP, proxy: Proxy(direct), rotatable: false, setWindowRect: true, strictFileInteractability: false, takesHeapSnapshot: true, takesScreenshot: true, timeouts: {implicit: 0, pageLoad: 300000, script: 30000}, unexpectedAlertBehaviour: ignore, unhandledPromptBehavior: ignore, version: 73.0.3683.103, webStorageEnabled: true}
Session ID: f0067138f4daf65dc96cb90bba114367
	at org.openqa.selenium.remote.ErrorHandler.createThrowable(ErrorHandler.java:214)
	at org.openqa.selenium.remote.ErrorHandler.throwIfResponseFailed(ErrorHandler.java:166)
	at org.openqa.selenium.remote.http.JsonHttpResponseCodec.reconstructValue(JsonHttpResponseCodec.java:40)
	at org.openqa.selenium.remote.http.AbstractHttpResponseCodec.decode(AbstractHttpResponseCodec.java:80)
	at org.openqa.selenium.remote.http.AbstractHttpResponseCodec.decode(AbstractHttpResponseCodec.java:44)
	at org.openqa.selenium.remote.HttpCommandExecutor.execute(HttpCommandExecutor.java:164)
	at org.openqa.selenium.remote.service.DriverCommandExecutor.execute(DriverCommandExecutor.java:83)
	at org.openqa.selenium.remote.RemoteWebDriver.execute(RemoteWebDriver.java:600)
	at com.kms.katalon.selenium.driver.CChromeDriver.execute(CChromeDriver.java:20)
	at org.openqa.selenium.remote.RemoteWebElement.execute(RemoteWebElement.java:279)
	at org.openqa.selenium.remote.RemoteWebElement.click(RemoteWebElement.java:83)
	at com.kms.katalon.core.webui.keyword.builtin.ClickKeyword$_click_closure1.doCall(ClickKeyword.groovy:79)
	at com.kms.katalon.core.webui.keyword.builtin.ClickKeyword$_click_closure1.call(ClickKeyword.groovy)
	at com.kms.katalon.core.webui.keyword.internal.WebUIKeywordMain.runKeyword(WebUIKeywordMain.groovy:20)
	at com.kms.katalon.core.webui.keyword.builtin.ClickKeyword.click(ClickKeyword.groovy:86)
	at com.kms.katalon.core.webui.keyword.builtin.ClickKeyword.execute(ClickKeyword.groovy:67)
	at com.kms.katalon.core.keyword.internal.KeywordExecutor.executeKeywordForPlatform(KeywordExecutor.groovy:56)
	at com.kms.katalon.core.webui.keyword.WebUiBuiltInKeywords.click(WebUiBuiltInKeywords.groovy:616)
	at com.kms.katalon.core.webui.keyword.WebUiBuiltInKeywords$click$3.call(Unknown Source)
	at Script1556160320314.run(Script1556160320314.groovy:62)
	... 13 more]]></system-out>
      <system-err><![CDATA[2019-04-30 11:31:18 - [TEST_SUITE][FAILED] - automation_compiled: Test Cases/OASIS_SOC/Medications FAILED.
Reason:
com.kms.katalon.core.exception.StepFailedException: Unable to click on object 'Object Repository/OASIS/Medications/med_va_peripheral/med_va_peripheral_cathetype_short'
	at com.kms.katalon.core.webui.keyword.internal.WebUIKeywordMain.stepFailed(WebUIKeywordMain.groovy:64)
	at com.kms.katalon.core.webui.keyword.internal.WebUIKeywordMain.runKeyword(WebUIKeywordMain.groovy:26)
	at com.kms.katalon.core.webui.keyword.builtin.ClickKeyword.click(ClickKeyword.groovy:86)
	at com.kms.katalon.core.webui.keyword.builtin.ClickKeyword.execute(ClickKeyword.groovy:67)
	at com.kms.katalon.core.keyword.internal.KeywordExecutor.executeKeywordForPlatform(KeywordExecutor.groovy:56)
	at com.kms.katalon.core.webui.keyword.WebUiBuiltInKeywords.click(WebUiBuiltInKeywords.groovy:616)
	at com.kms.katalon.core.webui.keyword.WebUiBuiltInKeywords$click$3.call(Unknown Source)
	at Medications.run(Medications:62)
	at com.kms.katalon.core.main.ScriptEngine.run(ScriptEngine.java:194)
	at com.kms.katalon.core.main.ScriptEngine.runScriptAsRawText(ScriptEngine.java:119)
	at com.kms.katalon.core.main.TestCaseExecutor.runScript(TestCaseExecutor.java:342)
	at com.kms.katalon.core.main.TestCaseExecutor.doExecute(TestCaseExecutor.java:333)
	at com.kms.katalon.core.main.TestCaseExecutor.processExecutionPhase(TestCaseExecutor.java:312)
	at com.kms.katalon.core.main.TestCaseExecutor.accessMainPhase(TestCaseExecutor.java:304)
	at com.kms.katalon.core.main.TestCaseExecutor.execute(TestCaseExecutor.java:238)
	at com.kms.katalon.core.main.TestSuiteExecutor.accessTestCaseMainPhase(TestSuiteExecutor.java:129)
	at com.kms.katalon.core.main.TestSuiteExecutor.accessTestSuiteMainPhase(TestSuiteExecutor.java:112)
	at com.kms.katalon.core.main.TestSuiteExecutor.execute(TestSuiteExecutor.java:81)
	at com.kms.katalon.core.main.TestCaseMain.startTestSuite(TestCaseMain.java:157)
	at com.kms.katalon.core.main.TestCaseMain$startTestSuite$0.call(Unknown Source)
	at TempTestSuite1556595077046.run(TempTestSuite1556595077046.groovy:35)
Caused by: org.openqa.selenium.WebDriverException: unknown error: Element <input type="radio" data-ng-model="pi.SOOMEDICATION0066" rname="SOOMEDICATION0066" value="Short catheter" class="ng-pristine ng-untouched ng-valid ng-empty" name="16255"> is not clickable at point (381, 138). Other element would receive the click: <div id="oasis-tabs" class="btn-group tab-btn-group btn__tab_group ng-isolate-scope" set-active-tab="isReadyToNavigate">...</div>
  (Session info: chrome=73.0.3683.103)
  (Driver info: chromedriver=73.0.3683.68 (47787ec04b6e38e22703e856e101e840b65afe72),platform=Windows NT 10.0.17134 x86_64) (WARNING: The server did not provide any stacktrace information)
Command duration or timeout: 0 milliseconds
Build info: version: '3.7.1', revision: '8a0099a', time: '2017-11-06T21:07:36.161Z'
System info: host: 'DESKTOP-IKQI3RS', ip: '192.168.2.37', os.name: 'Windows 10', os.arch: 'amd64', os.version: '10.0', java.version: '1.8.0_181'
Driver info: com.kms.katalon.selenium.driver.CChromeDriver
Capabilities {acceptInsecureCerts: false, acceptSslCerts: false, applicationCacheEnabled: false, browserConnectionEnabled: false, browserName: chrome, chrome: {chromedriverVersion: 73.0.3683.68 (47787ec04b6e3..., userDataDir: C:\Users\KHENAR~1\AppData\L...}, cssSelectorsEnabled: true, databaseEnabled: false, goog:chromeOptions: {debuggerAddress: localhost:55293}, handlesAlerts: true, hasTouchScreen: false, javascriptEnabled: true, locationContextEnabled: true, mobileEmulationEnabled: false, nativeEvents: true, networkConnectionEnabled: false, pageLoadStrategy: normal, platform: XP, platformName: XP, proxy: Proxy(direct), rotatable: false, setWindowRect: true, strictFileInteractability: false, takesHeapSnapshot: true, takesScreenshot: true, timeouts: {implicit: 0, pageLoad: 300000, script: 30000}, unexpectedAlertBehaviour: ignore, unhandledPromptBehavior: ignore, version: 73.0.3683.103, webStorageEnabled: true}
Session ID: f0067138f4daf65dc96cb90bba114367
	at org.openqa.selenium.remote.ErrorHandler.createThrowable(ErrorHandler.java:214)
	at org.openqa.selenium.remote.ErrorHandler.throwIfResponseFailed(ErrorHandler.java:166)
	at org.openqa.selenium.remote.http.JsonHttpResponseCodec.reconstructValue(JsonHttpResponseCodec.java:40)
	at org.openqa.selenium.remote.http.AbstractHttpResponseCodec.decode(AbstractHttpResponseCodec.java:80)
	at org.openqa.selenium.remote.http.AbstractHttpResponseCodec.decode(AbstractHttpResponseCodec.java:44)
	at org.openqa.selenium.remote.HttpCommandExecutor.execute(HttpCommandExecutor.java:164)
	at org.openqa.selenium.remote.service.DriverCommandExecutor.execute(DriverCommandExecutor.java:83)
	at org.openqa.selenium.remote.RemoteWebDriver.execute(RemoteWebDriver.java:600)
	at com.kms.katalon.selenium.driver.CChromeDriver.execute(CChromeDriver.java:20)
	at org.openqa.selenium.remote.RemoteWebElement.execute(RemoteWebElement.java:279)
	at org.openqa.selenium.remote.RemoteWebElement.click(RemoteWebElement.java:83)
	at com.kms.katalon.core.webui.keyword.builtin.ClickKeyword$_click_closure1.doCall(ClickKeyword.groovy:79)
	at com.kms.katalon.core.webui.keyword.builtin.ClickKeyword$_click_closure1.call(ClickKeyword.groovy)
	at com.kms.katalon.core.webui.keyword.internal.WebUIKeywordMain.runKeyword(WebUIKeywordMain.groovy:20)
	at com.kms.katalon.core.webui.keyword.builtin.ClickKeyword.click(ClickKeyword.groovy:86)
	at com.kms.katalon.core.webui.keyword.builtin.ClickKeyword.execute(ClickKeyword.groovy:67)
	at com.kms.katalon.core.keyword.internal.KeywordExecutor.executeKeywordForPlatform(KeywordExecutor.groovy:56)
	at com.kms.katalon.core.webui.keyword.WebUiBuiltInKeywords.click(WebUiBuiltInKeywords.groovy:616)
	at com.kms.katalon.core.webui.keyword.WebUiBuiltInKeywords$click$3.call(Unknown Source)
	at Script1556160320314.run(Script1556160320314.groovy:62)
	... 13 more]]></system-err>
   </testsuite>
</testsuites>
