<?xml version="1.0" encoding="UTF-8"?>
<testsuites name="automation_compiled" time="409" tests="6" failures="0" errors="0">
   <testsuite name="automation_compiled" tests="6" failures="0" errors="0" time="409" timestamp="2019-04-30 10:03:19" hostname="Khenard Figuracion - 192.168.2.37" id="Test Suites/automation_compiled">
      <properties>
         <property name="deviceName" value=""/>
         <property name="devicePlatform" value=""/>
         <property name="logFolder" value="C:\\Users\\Khenard Figuracion\\git\\healthcareProject\\Reports\\automation_compiled\\20190430_100318"/>
         <property name="logFiles" value="C:\\Users\\Khenard Figuracion\\git\\healthcareProject\\Reports\\automation_compiled\\20190430_100318\\execution0.log"/>
         <property name="attachments" value=""/>
         <property name="hostName" value="Khenard Figuracion - 192.168.2.37"/>
         <property name="os" value="Windows 10 64bit"/>
         <property name="katalonVersion" value="6.1.1.1"/>
         <property name="browser" value="Chrome 73.0.3683.103"/>
         <property name="hostAddress" value="192.168.2.37"/>
         <property name="sessionId" value="76baafd2ec74e05e3506a29c5028c2f0"/>
         <property name="seleniumVersion" value="3.7.1"/>
         <property name="proxyInformation" value="ProxyInformation{proxyOption=NO_PROXY, proxyServerType=HTTP, password=, proxyServerAddress=, proxyServerPort=0}"/>
         <property name="platform" value="Windows 10"/>
      </properties>
      <testcase name="Test Cases/OASIS_compilation" classname="Test Cases/OASIS_compilation" status="PASSED">
         <system-out><![CDATA[2019-04-30 10:03:19 - [TEST_CASE][PASSED] - Test Cases/OASIS_compilation: Test Cases/OASIS_compilation

2019-04-30 10:03:20 - [TEST_STEP][PASSED] - openBrowser(""): Browser is opened with url: ''

2019-04-30 10:03:20 - [MESSAGE][INFO] - Starting 'Chrome' driver

2019-04-30 10:03:20 - [MESSAGE][INFO] - Action delay is set to 0 seconds

2019-04-30 10:03:23 - [MESSAGE][PASSED] - Browser is opened with url: ''

2019-04-30 10:03:23 - [TEST_STEP][PASSED] - navigateToUrl("https://qa.medisource.com/login"): Navigate to 'https://qa.medisource.com/login' successfully

2019-04-30 10:03:25 - [MESSAGE][PASSED] - Navigate to 'https://qa.medisource.com/login' successfully

2019-04-30 10:03:25 - [TEST_STEP][PASSED] - setText(findTestObject("Object Repository/addUser/Page_Medisource  Login/input_Please try afterminutes."), "superagent"): Text 'superagent' is set on object 'Object Repository/addUser/Page_Medisource  Login/input_Please try afterminutes.'

2019-04-30 10:03:25 - [MESSAGE][PASSED] - Text 'superagent' is set on object 'Object Repository/addUser/Page_Medisource  Login/input_Please try afterminutes.'

2019-04-30 10:03:25 - [TEST_STEP][PASSED] - setEncryptedText(findTestObject("Object Repository/addUser/Page_Medisource  Login/input_Username or email requir"), "SITHpLWAWtI8C4F8RIujvA=="): Text ****** has been set on object 'Object Repository/addUser/Page_Medisource  Login/input_Username or email requir'

2019-04-30 10:03:25 - [MESSAGE][PASSED] - Text ****** has been set on object 'Object Repository/addUser/Page_Medisource  Login/input_Username or email requir'

2019-04-30 10:03:25 - [TEST_STEP][PASSED] - delay(1): Delayed 1 second(s)

2019-04-30 10:03:26 - [MESSAGE][PASSED] - Delayed 1 second(s)

2019-04-30 10:03:26 - [TEST_STEP][PASSED] - click(findTestObject("Object Repository/addUser/Page_Medisource  Login/button_Login")): Object: 'Object Repository/addUser/Page_Medisource  Login/button_Login' is clicked on

2019-04-30 10:03:26 - [MESSAGE][PASSED] - Object: 'Object Repository/addUser/Page_Medisource  Login/button_Login' is clicked on

2019-04-30 10:03:26 - [TEST_STEP][PASSED] - delay(3): Delayed 3 second(s)

2019-04-30 10:03:29 - [MESSAGE][PASSED] - Delayed 3 second(s)

2019-04-30 10:03:29 - [TEST_STEP][PASSED] - navigateToUrl("https://qa.medisource.com/patients/all"): Navigate to 'https://qa.medisource.com/patients/all' successfully

2019-04-30 10:03:30 - [MESSAGE][PASSED] - Navigate to 'https://qa.medisource.com/patients/all' successfully

2019-04-30 10:03:30 - [TEST_STEP][PASSED] - delay(1): Delayed 1 second(s)

2019-04-30 10:03:31 - [MESSAGE][PASSED] - Delayed 1 second(s)

2019-04-30 10:03:31 - [TEST_STEP][PASSED] - navigateToUrl("https://qa.medisource.com/patientcare/009837C2-ECC9-4AFE-98B1-34A3496FAE08/C7413FDF-56F8-4165-914C-810E9B7902D5/overview"): Navigate to 'https://qa.medisource.com/patientcare/009837C2-ECC9-4AFE-98B1-34A3496FAE08/C7413FDF-56F8-4165-914C-810E9B7902D5/overview' successfully

2019-04-30 10:03:32 - [MESSAGE][PASSED] - Navigate to 'https://qa.medisource.com/patientcare/009837C2-ECC9-4AFE-98B1-34A3496FAE08/C7413FDF-56F8-4165-914C-810E9B7902D5/overview' successfully

2019-04-30 10:03:32 - [TEST_STEP][PASSED] - delay(1): Delayed 1 second(s)

2019-04-30 10:03:33 - [MESSAGE][PASSED] - Delayed 1 second(s)

2019-04-30 10:03:33 - [TEST_STEP][PASSED] - navigateToUrl("https://qa.medisource.com/patientcare/009837C2-ECC9-4AFE-98B1-34A3496FAE08/C7413FDF-56F8-4165-914C-810E9B7902D5/2019/oasis/clinical/soc/35EE8F6D-81C8-4D0B-898C-0E3D068F7FAC/009837C2-ECC9-4AFE-98B1-34A3496FAE08"): Navigate to 'https://qa.medisource.com/patientcare/009837C2-ECC9-4AFE-98B1-34A3496FAE08/C7413FDF-56F8-4165-914C-810E9B7902D5/2019/oasis/clinical/soc/35EE8F6D-81C8-4D0B-898C-0E3D068F7FAC/009837C2-ECC9-4AFE-98B1-34A3496FAE08' successfully

2019-04-30 10:03:34 - [MESSAGE][PASSED] - Navigate to 'https://qa.medisource.com/patientcare/009837C2-ECC9-4AFE-98B1-34A3496FAE08/C7413FDF-56F8-4165-914C-810E9B7902D5/2019/oasis/clinical/soc/35EE8F6D-81C8-4D0B-898C-0E3D068F7FAC/009837C2-ECC9-4AFE-98B1-34A3496FAE08' successfully

2019-04-30 10:03:34 - [TEST_STEP][PASSED] - delay(2): Delayed 2 second(s)

2019-04-30 10:03:36 - [MESSAGE][PASSED] - Delayed 2 second(s)

2019-04-30 10:03:36 - [TEST_STEP][PASSED] - click(findTestObject("OASIS/OASIS_TABS/xitemedits_btn")): Object: 'Object Repository/OASIS/OASIS_TABS/xitemedits_btn' is clicked on

2019-04-30 10:03:38 - [MESSAGE][PASSED] - Object: 'Object Repository/OASIS/OASIS_TABS/xitemedits_btn' is clicked on]]></system-out>
         <system-err><![CDATA[]]></system-err>
      </testcase>
      <testcase name="Test Cases/OASIS_SOC/Elimination" classname="Test Cases/OASIS_SOC/Elimination" status="PASSED">
         <system-out><![CDATA[2019-04-30 10:03:38 - [TEST_CASE][PASSED] - Test Cases/OASIS_SOC/Elimination: Test Cases/OASIS_SOC/Elimination

2019-04-30 10:03:38 - [TEST_STEP][PASSED] - click(findTestObject("OASIS/OASIS_TABS/Elimination_tab")): Object: 'Object Repository/OASIS/OASIS_TABS/Elimination_tab' is clicked on

2019-04-30 10:03:38 - [MESSAGE][PASSED] - Object: 'Object Repository/OASIS/OASIS_TABS/Elimination_tab' is clicked on

2019-04-30 10:03:38 - [TEST_STEP][PASSED] - delay(1): Delayed 1 second(s)

2019-04-30 10:03:39 - [MESSAGE][PASSED] - Delayed 1 second(s)

2019-04-30 10:03:39 - [TEST_STEP][PASSED] - click(findTestObject("OASIS/Elimination/genitourinary_status/elim_abnormal_status_incontinence")): Object: 'Object Repository/OASIS/Elimination/genitourinary_status/elim_abnormal_status_incontinence' is clicked on

2019-04-30 10:03:40 - [MESSAGE][PASSED] - Object: 'Object Repository/OASIS/Elimination/genitourinary_status/elim_abnormal_status_incontinence' is clicked on

2019-04-30 10:03:40 - [TEST_STEP][PASSED] - click(findTestObject("OASIS/Elimination/genitourinary_status/elim_abnormal_status_stress_incontinence")): Object: 'Object Repository/OASIS/Elimination/genitourinary_status/elim_abnormal_status_stress_incontinence' is clicked on

2019-04-30 10:03:40 - [MESSAGE][PASSED] - Object: 'Object Repository/OASIS/Elimination/genitourinary_status/elim_abnormal_status_stress_incontinence' is clicked on

2019-04-30 10:03:40 - [TEST_STEP][PASSED] - click(findTestObject("OASIS/Elimination/genitourinary_status/elim_abnormal_status_urgency")): Object: 'Object Repository/OASIS/Elimination/genitourinary_status/elim_abnormal_status_urgency' is clicked on

2019-04-30 10:03:41 - [MESSAGE][PASSED] - Object: 'Object Repository/OASIS/Elimination/genitourinary_status/elim_abnormal_status_urgency' is clicked on

2019-04-30 10:03:41 - [TEST_STEP][PASSED] - click(findTestObject("OASIS/Elimination/genitourinary_status/elim_abnormal_status_frequency")): Object: 'Object Repository/OASIS/Elimination/genitourinary_status/elim_abnormal_status_frequency' is clicked on

2019-04-30 10:03:41 - [MESSAGE][PASSED] - Object: 'Object Repository/OASIS/Elimination/genitourinary_status/elim_abnormal_status_frequency' is clicked on

2019-04-30 10:03:41 - [TEST_STEP][PASSED] - click(findTestObject("OASIS/Elimination/genitourinary_status/elim_abnormal_status_dysuria")): Object: 'Object Repository/OASIS/Elimination/genitourinary_status/elim_abnormal_status_dysuria' is clicked on

2019-04-30 10:03:41 - [MESSAGE][PASSED] - Object: 'Object Repository/OASIS/Elimination/genitourinary_status/elim_abnormal_status_dysuria' is clicked on

2019-04-30 10:03:41 - [TEST_STEP][PASSED] - click(findTestObject("OASIS/Elimination/genitourinary_status/elim_abnormal_status_retention")): Object: 'Object Repository/OASIS/Elimination/genitourinary_status/elim_abnormal_status_retention' is clicked on

2019-04-30 10:03:41 - [MESSAGE][PASSED] - Object: 'Object Repository/OASIS/Elimination/genitourinary_status/elim_abnormal_status_retention' is clicked on

2019-04-30 10:03:41 - [TEST_STEP][PASSED] - click(findTestObject("OASIS/Elimination/genitourinary_status/elim_abnormal_status_polyuria")): Object: 'Object Repository/OASIS/Elimination/genitourinary_status/elim_abnormal_status_polyuria' is clicked on

2019-04-30 10:03:41 - [MESSAGE][PASSED] - Object: 'Object Repository/OASIS/Elimination/genitourinary_status/elim_abnormal_status_polyuria' is clicked on

2019-04-30 10:03:41 - [TEST_STEP][PASSED] - click(findTestObject("OASIS/Elimination/genitourinary_status/elim_abnormal_status_nocturia")): Object: 'Object Repository/OASIS/Elimination/genitourinary_status/elim_abnormal_status_nocturia' is clicked on

2019-04-30 10:03:41 - [MESSAGE][PASSED] - Object: 'Object Repository/OASIS/Elimination/genitourinary_status/elim_abnormal_status_nocturia' is clicked on

2019-04-30 10:03:41 - [TEST_STEP][PASSED] - click(findTestObject("OASIS/Elimination/genitourinary_status/elim_abnormal_status_oliguria")): Object: 'Object Repository/OASIS/Elimination/genitourinary_status/elim_abnormal_status_oliguria' is clicked on

2019-04-30 10:03:41 - [MESSAGE][PASSED] - Object: 'Object Repository/OASIS/Elimination/genitourinary_status/elim_abnormal_status_oliguria' is clicked on

2019-04-30 10:03:41 - [TEST_STEP][PASSED] - click(findTestObject("OASIS/Elimination/genitourinary_status/elim_abnormal_status_hematuria")): Object: 'Object Repository/OASIS/Elimination/genitourinary_status/elim_abnormal_status_hematuria' is clicked on

2019-04-30 10:03:41 - [MESSAGE][PASSED] - Object: 'Object Repository/OASIS/Elimination/genitourinary_status/elim_abnormal_status_hematuria' is clicked on

2019-04-30 10:03:41 - [TEST_STEP][PASSED] - setText(findTestObject("OASIS/Elimination/genitourinary_status/elim_abnormal_status_other"), "Xenoderma Pigmentosium"): Text 'Xenoderma Pigmentosium' is set on object 'Object Repository/OASIS/Elimination/genitourinary_status/elim_abnormal_status_other'

2019-04-30 10:03:42 - [MESSAGE][PASSED] - Text 'Xenoderma Pigmentosium' is set on object 'Object Repository/OASIS/Elimination/genitourinary_status/elim_abnormal_status_other'

2019-04-30 10:03:42 - [TEST_STEP][PASSED] - delay(1): Delayed 1 second(s)

2019-04-30 10:03:43 - [MESSAGE][PASSED] - Delayed 1 second(s)

2019-04-30 10:03:43 - [TEST_STEP][PASSED] - click(findTestObject("OASIS/Elimination/genitourinary_status/elim_urine_color_yellow")): Object: 'Object Repository/OASIS/Elimination/genitourinary_status/elim_urine_color_yellow' is clicked on

2019-04-30 10:03:44 - [MESSAGE][PASSED] - Object: 'Object Repository/OASIS/Elimination/genitourinary_status/elim_urine_color_yellow' is clicked on

2019-04-30 10:03:44 - [TEST_STEP][PASSED] - delay(1): Delayed 1 second(s)

2019-04-30 10:03:45 - [MESSAGE][PASSED] - Delayed 1 second(s)

2019-04-30 10:03:45 - [TEST_STEP][PASSED] - setText(findTestObject("OASIS/Elimination/genitourinary_status/elim_urine_color_other"), "Reddish Yellow"): Text 'Reddish Yellow' is set on object 'Object Repository/OASIS/Elimination/genitourinary_status/elim_urine_color_other'

2019-04-30 10:03:45 - [MESSAGE][PASSED] - Text 'Reddish Yellow' is set on object 'Object Repository/OASIS/Elimination/genitourinary_status/elim_urine_color_other'

2019-04-30 10:03:45 - [TEST_STEP][PASSED] - delay(1): Delayed 1 second(s)

2019-04-30 10:03:46 - [MESSAGE][PASSED] - Delayed 1 second(s)

2019-04-30 10:03:46 - [TEST_STEP][PASSED] - click(findTestObject("OASIS/Elimination/genitourinary_status/elim_urine_clarity_clear")): Object: 'Object Repository/OASIS/Elimination/genitourinary_status/elim_urine_clarity_clear' is clicked on

2019-04-30 10:03:46 - [MESSAGE][PASSED] - Object: 'Object Repository/OASIS/Elimination/genitourinary_status/elim_urine_clarity_clear' is clicked on

2019-04-30 10:03:46 - [TEST_STEP][PASSED] - delay(1): Delayed 1 second(s)

2019-04-30 10:03:47 - [MESSAGE][PASSED] - Delayed 1 second(s)

2019-04-30 10:03:47 - [TEST_STEP][PASSED] - click(findTestObject("OASIS/Elimination/genitourinary_status/elim_urine_odor_yes")): Object: 'Object Repository/OASIS/Elimination/genitourinary_status/elim_urine_odor_yes' is clicked on

2019-04-30 10:03:48 - [MESSAGE][PASSED] - Object: 'Object Repository/OASIS/Elimination/genitourinary_status/elim_urine_odor_yes' is clicked on

2019-04-30 10:03:48 - [TEST_STEP][PASSED] - delay(1): Delayed 1 second(s)

2019-04-30 10:03:49 - [MESSAGE][PASSED] - Delayed 1 second(s)

2019-04-30 10:03:49 - [TEST_STEP][PASSED] - setText(findTestObject("OASIS/Elimination/genitourinary_status/elim_urine_odor_yes_textfield"), "Foul"): Text 'Foul' is set on object 'Object Repository/OASIS/Elimination/genitourinary_status/elim_urine_odor_yes_textfield'

2019-04-30 10:03:49 - [MESSAGE][PASSED] - Text 'Foul' is set on object 'Object Repository/OASIS/Elimination/genitourinary_status/elim_urine_odor_yes_textfield'

2019-04-30 10:03:49 - [TEST_STEP][PASSED] - delay(1): Delayed 1 second(s)

2019-04-30 10:03:50 - [MESSAGE][PASSED] - Delayed 1 second(s)

2019-04-30 10:03:50 - [TEST_STEP][PASSED] - click(findTestObject("OASIS/Elimination/genitourinary_status/elim_spx_hemo")): Object: 'Object Repository/OASIS/Elimination/genitourinary_status/elim_spx_hemo' is clicked on

2019-04-30 10:03:50 - [MESSAGE][PASSED] - Object: 'Object Repository/OASIS/Elimination/genitourinary_status/elim_spx_hemo' is clicked on

2019-04-30 10:03:50 - [TEST_STEP][PASSED] - delay(1): Delayed 1 second(s)

2019-04-30 10:03:51 - [MESSAGE][PASSED] - Delayed 1 second(s)

2019-04-30 10:03:51 - [TEST_STEP][PASSED] - click(findTestObject("OASIS/Elimination/genitourinary_status/elim_spx_hemodialysis/elim_hemodialysis_avshunt_ra")): Object: 'Object Repository/OASIS/Elimination/genitourinary_status/elim_spx_hemodialysis/elim_hemodialysis_avshunt_ra' is clicked on

2019-04-30 10:03:51 - [MESSAGE][PASSED] - Object: 'Object Repository/OASIS/Elimination/genitourinary_status/elim_spx_hemodialysis/elim_hemodialysis_avshunt_ra' is clicked on

2019-04-30 10:03:51 - [TEST_STEP][PASSED] - delay(1): Delayed 1 second(s)

2019-04-30 10:03:52 - [MESSAGE][PASSED] - Delayed 1 second(s)

2019-04-30 10:03:52 - [TEST_STEP][PASSED] - setText(findTestObject("OASIS/Elimination/genitourinary_status/elim_spx_hemodialysis/elim_hemodialysis_other"), "RA/LA"): Text 'RA/LA' is set on object 'Object Repository/OASIS/Elimination/genitourinary_status/elim_spx_hemodialysis/elim_hemodialysis_other'

2019-04-30 10:03:53 - [MESSAGE][PASSED] - Text 'RA/LA' is set on object 'Object Repository/OASIS/Elimination/genitourinary_status/elim_spx_hemodialysis/elim_hemodialysis_other'

2019-04-30 10:03:53 - [TEST_STEP][PASSED] - delay(1): Delayed 1 second(s)

2019-04-30 10:03:54 - [MESSAGE][PASSED] - Delayed 1 second(s)

2019-04-30 10:03:54 - [TEST_STEP][PASSED] - click(findTestObject("OASIS/Elimination/genitourinary_status/elim_spx_hemodialysis/elim_hemodialysis_thrill_yes")): Object: 'Object Repository/OASIS/Elimination/genitourinary_status/elim_spx_hemodialysis/elim_hemodialysis_thrill_yes' is clicked on

2019-04-30 10:03:54 - [MESSAGE][PASSED] - Object: 'Object Repository/OASIS/Elimination/genitourinary_status/elim_spx_hemodialysis/elim_hemodialysis_thrill_yes' is clicked on

2019-04-30 10:03:54 - [TEST_STEP][PASSED] - delay(1): Delayed 1 second(s)

2019-04-30 10:03:55 - [MESSAGE][PASSED] - Delayed 1 second(s)

2019-04-30 10:03:55 - [TEST_STEP][PASSED] - click(findTestObject("OASIS/Elimination/genitourinary_status/elim_spx_hemodialysis/elim_hemodialysis_bruit_yes")): Object: 'Object Repository/OASIS/Elimination/genitourinary_status/elim_spx_hemodialysis/elim_hemodialysis_bruit_yes' is clicked on

2019-04-30 10:03:55 - [MESSAGE][PASSED] - Object: 'Object Repository/OASIS/Elimination/genitourinary_status/elim_spx_hemodialysis/elim_hemodialysis_bruit_yes' is clicked on

2019-04-30 10:03:55 - [TEST_STEP][PASSED] - delay(1): Delayed 1 second(s)

2019-04-30 10:03:56 - [MESSAGE][PASSED] - Delayed 1 second(s)

2019-04-30 10:03:56 - [TEST_STEP][PASSED] - setText(findTestObject("OASIS/Elimination/genitourinary_status/elim_spx_hemodialysis/elim_hemodialysis_avshunt_care"), "Sample Text"): Text 'Sample Text' is set on object 'Object Repository/OASIS/Elimination/genitourinary_status/elim_spx_hemodialysis/elim_hemodialysis_avshunt_care'

2019-04-30 10:03:56 - [MESSAGE][PASSED] - Text 'Sample Text' is set on object 'Object Repository/OASIS/Elimination/genitourinary_status/elim_spx_hemodialysis/elim_hemodialysis_avshunt_care'

2019-04-30 10:03:56 - [TEST_STEP][PASSED] - delay(1): Delayed 1 second(s)

2019-04-30 10:03:57 - [MESSAGE][PASSED] - Delayed 1 second(s)

2019-04-30 10:03:57 - [TEST_STEP][PASSED] - click(findTestObject("OASIS/Elimination/genitourinary_status/elim_spx_hemodialysis/elim_hemodialysis_dsched_mon")): Object: 'Object Repository/OASIS/Elimination/genitourinary_status/elim_spx_hemodialysis/elim_hemodialysis_dsched_mon' is clicked on

2019-04-30 10:03:58 - [MESSAGE][PASSED] - Object: 'Object Repository/OASIS/Elimination/genitourinary_status/elim_spx_hemodialysis/elim_hemodialysis_dsched_mon' is clicked on

2019-04-30 10:03:58 - [TEST_STEP][PASSED] - click(findTestObject("OASIS/Elimination/genitourinary_status/elim_spx_hemodialysis/elim_hemodialysis_dsched_tue")): Object: 'Object Repository/OASIS/Elimination/genitourinary_status/elim_spx_hemodialysis/elim_hemodialysis_dsched_tue' is clicked on

2019-04-30 10:03:58 - [MESSAGE][PASSED] - Object: 'Object Repository/OASIS/Elimination/genitourinary_status/elim_spx_hemodialysis/elim_hemodialysis_dsched_tue' is clicked on

2019-04-30 10:03:58 - [TEST_STEP][PASSED] - click(findTestObject("OASIS/Elimination/genitourinary_status/elim_spx_hemodialysis/elim_hemodialysis_dsched_wed")): Object: 'Object Repository/OASIS/Elimination/genitourinary_status/elim_spx_hemodialysis/elim_hemodialysis_dsched_wed' is clicked on

2019-04-30 10:03:58 - [MESSAGE][PASSED] - Object: 'Object Repository/OASIS/Elimination/genitourinary_status/elim_spx_hemodialysis/elim_hemodialysis_dsched_wed' is clicked on

2019-04-30 10:03:58 - [TEST_STEP][PASSED] - click(findTestObject("OASIS/Elimination/genitourinary_status/elim_spx_hemodialysis/elim_hemodialysis_dsched_thu")): Object: 'Object Repository/OASIS/Elimination/genitourinary_status/elim_spx_hemodialysis/elim_hemodialysis_dsched_thu' is clicked on

2019-04-30 10:03:58 - [MESSAGE][PASSED] - Object: 'Object Repository/OASIS/Elimination/genitourinary_status/elim_spx_hemodialysis/elim_hemodialysis_dsched_thu' is clicked on

2019-04-30 10:03:58 - [TEST_STEP][PASSED] - click(findTestObject("OASIS/Elimination/genitourinary_status/elim_spx_hemodialysis/elim_hemodialysis_dsched_fri")): Object: 'Object Repository/OASIS/Elimination/genitourinary_status/elim_spx_hemodialysis/elim_hemodialysis_dsched_fri' is clicked on

2019-04-30 10:03:58 - [MESSAGE][PASSED] - Object: 'Object Repository/OASIS/Elimination/genitourinary_status/elim_spx_hemodialysis/elim_hemodialysis_dsched_fri' is clicked on

2019-04-30 10:03:58 - [TEST_STEP][PASSED] - click(findTestObject("OASIS/Elimination/genitourinary_status/elim_spx_hemodialysis/elim_hemodialysis_dsched_sat")): Object: 'Object Repository/OASIS/Elimination/genitourinary_status/elim_spx_hemodialysis/elim_hemodialysis_dsched_sat' is clicked on

2019-04-30 10:03:58 - [MESSAGE][PASSED] - Object: 'Object Repository/OASIS/Elimination/genitourinary_status/elim_spx_hemodialysis/elim_hemodialysis_dsched_sat' is clicked on

2019-04-30 10:03:58 - [TEST_STEP][PASSED] - click(findTestObject("OASIS/Elimination/genitourinary_status/elim_spx_hemodialysis/elim_hemodialysis_dsched_sun")): Object: 'Object Repository/OASIS/Elimination/genitourinary_status/elim_spx_hemodialysis/elim_hemodialysis_dsched_sun' is clicked on

2019-04-30 10:03:58 - [MESSAGE][PASSED] - Object: 'Object Repository/OASIS/Elimination/genitourinary_status/elim_spx_hemodialysis/elim_hemodialysis_dsched_sun' is clicked on

2019-04-30 10:03:58 - [TEST_STEP][PASSED] - delay(1): Delayed 1 second(s)

2019-04-30 10:03:59 - [MESSAGE][PASSED] - Delayed 1 second(s)

2019-04-30 10:03:59 - [TEST_STEP][PASSED] - setText(findTestObject("OASIS/Elimination/genitourinary_status/elim_spx_hemodialysis/elim_hemodialysis_dcenter"), "InterMed Dialysis Center"): Text 'InterMed Dialysis Center' is set on object 'Object Repository/OASIS/Elimination/genitourinary_status/elim_spx_hemodialysis/elim_hemodialysis_dcenter'

2019-04-30 10:04:01 - [MESSAGE][PASSED] - Text 'InterMed Dialysis Center' is set on object 'Object Repository/OASIS/Elimination/genitourinary_status/elim_spx_hemodialysis/elim_hemodialysis_dcenter'

2019-04-30 10:04:01 - [TEST_STEP][PASSED] - delay(1): Delayed 1 second(s)

2019-04-30 10:04:02 - [MESSAGE][PASSED] - Delayed 1 second(s)

2019-04-30 10:04:02 - [TEST_STEP][PASSED] - setText(findTestObject("OASIS/Elimination/genitourinary_status/elim_spx_hemodialysis/elim_hemodialysis_phone"), "0452327655"): Text '0452327655' is set on object 'Object Repository/OASIS/Elimination/genitourinary_status/elim_spx_hemodialysis/elim_hemodialysis_phone'

2019-04-30 10:04:02 - [MESSAGE][PASSED] - Text '0452327655' is set on object 'Object Repository/OASIS/Elimination/genitourinary_status/elim_spx_hemodialysis/elim_hemodialysis_phone'

2019-04-30 10:04:02 - [TEST_STEP][PASSED] - delay(1): Delayed 1 second(s)

2019-04-30 10:04:03 - [MESSAGE][PASSED] - Delayed 1 second(s)

2019-04-30 10:04:03 - [TEST_STEP][PASSED] - click(findTestObject("OASIS/Elimination/elim_M1600_0")): Object: 'Object Repository/OASIS/Elimination/elim_M1600_0' is clicked on

2019-04-30 10:04:03 - [MESSAGE][PASSED] - Object: 'Object Repository/OASIS/Elimination/elim_M1600_0' is clicked on

2019-04-30 10:04:03 - [TEST_STEP][PASSED] - delay(1): Delayed 1 second(s)

2019-04-30 10:04:04 - [MESSAGE][PASSED] - Delayed 1 second(s)

2019-04-30 10:04:04 - [TEST_STEP][PASSED] - click(findTestObject("OASIS/Elimination/elim_M1610_0")): Object: 'Object Repository/OASIS/Elimination/elim_M1610_0' is clicked on

2019-04-30 10:04:04 - [MESSAGE][PASSED] - Object: 'Object Repository/OASIS/Elimination/elim_M1610_0' is clicked on

2019-04-30 10:04:04 - [TEST_STEP][PASSED] - delay(1): Delayed 1 second(s)

2019-04-30 10:04:05 - [MESSAGE][PASSED] - Delayed 1 second(s)

2019-04-30 10:04:05 - [TEST_STEP][PASSED] - click(findTestObject("OASIS/Elimination/lower_GI_status/elim_bowel_constipation")): Object: 'Object Repository/OASIS/Elimination/lower_GI_status/elim_bowel_constipation' is clicked on

2019-04-30 10:04:06 - [MESSAGE][PASSED] - Object: 'Object Repository/OASIS/Elimination/lower_GI_status/elim_bowel_constipation' is clicked on

2019-04-30 10:04:06 - [TEST_STEP][PASSED] - delay(1): Delayed 1 second(s)

2019-04-30 10:04:07 - [MESSAGE][PASSED] - Delayed 1 second(s)

2019-04-30 10:04:07 - [TEST_STEP][PASSED] - click(findTestObject("OASIS/Elimination/lower_GI_status/elim_bowel_constipation_chronic")): Object: 'Object Repository/OASIS/Elimination/lower_GI_status/elim_bowel_constipation_chronic' is clicked on

2019-04-30 10:04:07 - [MESSAGE][PASSED] - Object: 'Object Repository/OASIS/Elimination/lower_GI_status/elim_bowel_constipation_chronic' is clicked on

2019-04-30 10:04:07 - [TEST_STEP][PASSED] - delay(1): Delayed 1 second(s)

2019-04-30 10:04:08 - [MESSAGE][PASSED] - Delayed 1 second(s)

2019-04-30 10:04:08 - [TEST_STEP][PASSED] - click(findTestObject("OASIS/Elimination/lower_GI_status/elim_stool_charac_soft")): Object: 'Object Repository/OASIS/Elimination/lower_GI_status/elim_stool_charac_soft' is clicked on

2019-04-30 10:04:08 - [MESSAGE][PASSED] - Object: 'Object Repository/OASIS/Elimination/lower_GI_status/elim_stool_charac_soft' is clicked on

2019-04-30 10:04:08 - [TEST_STEP][PASSED] - delay(1): Delayed 1 second(s)

2019-04-30 10:04:09 - [MESSAGE][PASSED] - Delayed 1 second(s)

2019-04-30 10:04:09 - [TEST_STEP][PASSED] - click(findTestObject("OASIS/Elimination/lower_GI_status/elim_stool_color_grey")): Object: 'Object Repository/OASIS/Elimination/lower_GI_status/elim_stool_color_grey' is clicked on

2019-04-30 10:04:09 - [MESSAGE][PASSED] - Object: 'Object Repository/OASIS/Elimination/lower_GI_status/elim_stool_color_grey' is clicked on

2019-04-30 10:04:09 - [TEST_STEP][PASSED] - delay(1): Delayed 1 second(s)

2019-04-30 10:04:10 - [MESSAGE][PASSED] - Delayed 1 second(s)

2019-04-30 10:04:10 - [TEST_STEP][PASSED] - setText(findTestObject("OASIS/Elimination/lower_GI_status/elim_stool_color_other"), "Blackish Red"): Text 'Blackish Red' is set on object 'Object Repository/OASIS/Elimination/lower_GI_status/elim_stool_color_other'

2019-04-30 10:04:11 - [MESSAGE][PASSED] - Text 'Blackish Red' is set on object 'Object Repository/OASIS/Elimination/lower_GI_status/elim_stool_color_other'

2019-04-30 10:04:11 - [TEST_STEP][PASSED] - delay(1): Delayed 1 second(s)

2019-04-30 10:04:12 - [MESSAGE][PASSED] - Delayed 1 second(s)

2019-04-30 10:04:12 - [TEST_STEP][PASSED] - click(findTestObject("OASIS/Elimination/lower_GI_status/elim_stool_softener_effective")): Object: 'Object Repository/OASIS/Elimination/lower_GI_status/elim_stool_softener_effective' is clicked on

2019-04-30 10:04:12 - [MESSAGE][PASSED] - Object: 'Object Repository/OASIS/Elimination/lower_GI_status/elim_stool_softener_effective' is clicked on

2019-04-30 10:04:12 - [TEST_STEP][PASSED] - delay(1): Delayed 1 second(s)

2019-04-30 10:04:13 - [MESSAGE][PASSED] - Delayed 1 second(s)

2019-04-30 10:04:13 - [TEST_STEP][PASSED] - click(findTestObject("OASIS/Elimination/lower_GI_status/elim_laxative_daily")): Object: 'Object Repository/OASIS/Elimination/lower_GI_status/elim_laxative_daily' is clicked on

2019-04-30 10:04:13 - [MESSAGE][PASSED] - Object: 'Object Repository/OASIS/Elimination/lower_GI_status/elim_laxative_daily' is clicked on

2019-04-30 10:04:13 - [TEST_STEP][PASSED] - delay(1): Delayed 1 second(s)

2019-04-30 10:04:14 - [MESSAGE][PASSED] - Delayed 1 second(s)

2019-04-30 10:04:14 - [TEST_STEP][PASSED] - click(findTestObject("OASIS/Elimination/elim_M1620_1")): Object: 'Object Repository/OASIS/Elimination/elim_M1620_1' is clicked on

2019-04-30 10:04:14 - [MESSAGE][PASSED] - Object: 'Object Repository/OASIS/Elimination/elim_M1620_1' is clicked on

2019-04-30 10:04:14 - [TEST_STEP][PASSED] - delay(1): Delayed 1 second(s)

2019-04-30 10:04:15 - [MESSAGE][PASSED] - Delayed 1 second(s)

2019-04-30 10:04:15 - [TEST_STEP][PASSED] - click(findTestObject("OASIS/Elimination/elim_M1630_1")): Object: 'Object Repository/OASIS/Elimination/elim_M1630_1' is clicked on

2019-04-30 10:04:15 - [MESSAGE][PASSED] - Object: 'Object Repository/OASIS/Elimination/elim_M1630_1' is clicked on

2019-04-30 10:04:15 - [TEST_STEP][PASSED] - delay(5): Delayed 5 second(s)

2019-04-30 10:04:20 - [MESSAGE][PASSED] - Delayed 5 second(s)]]></system-out>
         <system-err><![CDATA[]]></system-err>
      </testcase>
      <testcase name="Test Cases/OASIS_SOC/Neurological" classname="Test Cases/OASIS_SOC/Neurological" status="PASSED">
         <system-out><![CDATA[2019-04-30 10:04:20 - [TEST_CASE][PASSED] - Test Cases/OASIS_SOC/Neurological: Test Cases/OASIS_SOC/Neurological

2019-04-30 10:04:20 - [TEST_STEP][PASSED] - click(findTestObject("OASIS/OASIS_TABS/Neuro_tab")): Object: 'Object Repository/OASIS/OASIS_TABS/Neuro_tab' is clicked on

2019-04-30 10:04:20 - [MESSAGE][PASSED] - Object: 'Object Repository/OASIS/OASIS_TABS/Neuro_tab' is clicked on

2019-04-30 10:04:20 - [TEST_STEP][PASSED] - delay(5): Delayed 5 second(s)

2019-04-30 10:04:25 - [MESSAGE][PASSED] - Delayed 5 second(s)

2019-04-30 10:04:25 - [TEST_STEP][PASSED] - click(findTestObject("OASIS/Neurological/neurological_status/neuro_pupils_perrla")): Object: 'Object Repository/OASIS/Neurological/neurological_status/neuro_pupils_perrla' is clicked on

2019-04-30 10:04:27 - [MESSAGE][PASSED] - Object: 'Object Repository/OASIS/Neurological/neurological_status/neuro_pupils_perrla' is clicked on

2019-04-30 10:04:27 - [TEST_STEP][PASSED] - delay(1): Delayed 1 second(s)

2019-04-30 10:04:28 - [MESSAGE][PASSED] - Delayed 1 second(s)

2019-04-30 10:04:28 - [TEST_STEP][PASSED] - click(findTestObject("OASIS/Neurological/neurological_status/neuro_non-reactive_l")): Object: 'Object Repository/OASIS/Neurological/neurological_status/neuro_non-reactive_l' is clicked on

2019-04-30 10:04:28 - [MESSAGE][PASSED] - Object: 'Object Repository/OASIS/Neurological/neurological_status/neuro_non-reactive_l' is clicked on

2019-04-30 10:04:28 - [TEST_STEP][PASSED] - click(findTestObject("OASIS/Neurological/neurological_status/neuro_non-reactive_r")): Object: 'Object Repository/OASIS/Neurological/neurological_status/neuro_non-reactive_r' is clicked on

2019-04-30 10:04:28 - [MESSAGE][PASSED] - Object: 'Object Repository/OASIS/Neurological/neurological_status/neuro_non-reactive_r' is clicked on

2019-04-30 10:04:28 - [TEST_STEP][PASSED] - delay(1): Delayed 1 second(s)

2019-04-30 10:04:29 - [MESSAGE][PASSED] - Delayed 1 second(s)

2019-04-30 10:04:29 - [TEST_STEP][PASSED] - click(findTestObject("OASIS/Neurological/neurological_status/neuro_mental_status_oriented")): Object: 'Object Repository/OASIS/Neurological/neurological_status/neuro_mental_status_oriented' is clicked on

2019-04-30 10:04:30 - [MESSAGE][PASSED] - Object: 'Object Repository/OASIS/Neurological/neurological_status/neuro_mental_status_oriented' is clicked on

2019-04-30 10:04:30 - [TEST_STEP][PASSED] - click(findTestObject("OASIS/Neurological/neurological_status/neuro_mental_status_forgetful")): Object: 'Object Repository/OASIS/Neurological/neurological_status/neuro_mental_status_forgetful' is clicked on

2019-04-30 10:04:30 - [MESSAGE][PASSED] - Object: 'Object Repository/OASIS/Neurological/neurological_status/neuro_mental_status_forgetful' is clicked on

2019-04-30 10:04:30 - [TEST_STEP][PASSED] - click(findTestObject("OASIS/Neurological/neurological_status/neuro_mental_status_lethargic")): Object: 'Object Repository/OASIS/Neurological/neurological_status/neuro_mental_status_lethargic' is clicked on

2019-04-30 10:04:30 - [MESSAGE][PASSED] - Object: 'Object Repository/OASIS/Neurological/neurological_status/neuro_mental_status_lethargic' is clicked on

2019-04-30 10:04:30 - [TEST_STEP][PASSED] - click(findTestObject("OASIS/Neurological/neurological_status/neuro_mental_status_disoriented")): Object: 'Object Repository/OASIS/Neurological/neurological_status/neuro_mental_status_disoriented' is clicked on

2019-04-30 10:04:30 - [MESSAGE][PASSED] - Object: 'Object Repository/OASIS/Neurological/neurological_status/neuro_mental_status_disoriented' is clicked on

2019-04-30 10:04:30 - [TEST_STEP][PASSED] - click(findTestObject("OASIS/Neurological/neurological_status/neuro_mental_status_depressed")): Object: 'Object Repository/OASIS/Neurological/neurological_status/neuro_mental_status_depressed' is clicked on

2019-04-30 10:04:30 - [MESSAGE][PASSED] - Object: 'Object Repository/OASIS/Neurological/neurological_status/neuro_mental_status_depressed' is clicked on

2019-04-30 10:04:30 - [TEST_STEP][PASSED] - click(findTestObject("OASIS/Neurological/neurological_status/neuro_mental_status_agitated")): Object: 'Object Repository/OASIS/Neurological/neurological_status/neuro_mental_status_agitated' is clicked on

2019-04-30 10:04:31 - [MESSAGE][PASSED] - Object: 'Object Repository/OASIS/Neurological/neurological_status/neuro_mental_status_agitated' is clicked on

2019-04-30 10:04:31 - [TEST_STEP][PASSED] - click(findTestObject("OASIS/Neurological/neurological_status/neuro_mental_status_comatose")): Object: 'Object Repository/OASIS/Neurological/neurological_status/neuro_mental_status_comatose' is clicked on

2019-04-30 10:04:31 - [MESSAGE][PASSED] - Object: 'Object Repository/OASIS/Neurological/neurological_status/neuro_mental_status_comatose' is clicked on

2019-04-30 10:04:31 - [TEST_STEP][PASSED] - setText(findTestObject("OASIS/Neurological/neurological_status/neuro_mental_status_other"), "Frequent signs of aggression"): Text 'Frequent signs of aggression' is set on object 'Object Repository/OASIS/Neurological/neurological_status/neuro_mental_status_other'

2019-04-30 10:04:32 - [MESSAGE][PASSED] - Text 'Frequent signs of aggression' is set on object 'Object Repository/OASIS/Neurological/neurological_status/neuro_mental_status_other'

2019-04-30 10:04:32 - [TEST_STEP][PASSED] - click(findTestObject("OASIS/Neurological/neurological_status/neuro_sleep_inadequate")): Object: 'Object Repository/OASIS/Neurological/neurological_status/neuro_sleep_inadequate' is clicked on

2019-04-30 10:04:32 - [MESSAGE][PASSED] - Object: 'Object Repository/OASIS/Neurological/neurological_status/neuro_sleep_inadequate' is clicked on

2019-04-30 10:04:32 - [TEST_STEP][PASSED] - setText(findTestObject("OASIS/Neurological/neurological_status/neuro_sleep_inadequate_textfield"), "wokes up at 3:15 AM"): Text 'wokes up at 3:15 AM' is set on object 'Object Repository/OASIS/Neurological/neurological_status/neuro_sleep_inadequate_textfield'

2019-04-30 10:04:33 - [MESSAGE][PASSED] - Text 'wokes up at 3:15 AM' is set on object 'Object Repository/OASIS/Neurological/neurological_status/neuro_sleep_inadequate_textfield'

2019-04-30 10:04:33 - [TEST_STEP][PASSED] - delay(1): Delayed 1 second(s)

2019-04-30 10:04:34 - [MESSAGE][PASSED] - Delayed 1 second(s)

2019-04-30 10:04:34 - [TEST_STEP][PASSED] - click(findTestObject("OASIS/Neurological/neurological_status/neuro_hand_grips_strong")): Object: 'Object Repository/OASIS/Neurological/neurological_status/neuro_hand_grips_strong' is clicked on

2019-04-30 10:04:34 - [MESSAGE][PASSED] - Object: 'Object Repository/OASIS/Neurological/neurological_status/neuro_hand_grips_strong' is clicked on

2019-04-30 10:04:34 - [TEST_STEP][PASSED] - click(findTestObject("OASIS/Neurological/neurological_status/neuro_hand_grips_strong_l")): Object: 'Object Repository/OASIS/Neurological/neurological_status/neuro_hand_grips_strong_l' is clicked on

2019-04-30 10:04:34 - [MESSAGE][PASSED] - Object: 'Object Repository/OASIS/Neurological/neurological_status/neuro_hand_grips_strong_l' is clicked on

2019-04-30 10:04:34 - [TEST_STEP][PASSED] - click(findTestObject("OASIS/Neurological/neurological_status/neuro_hand_grips_strong_r")): Object: 'Object Repository/OASIS/Neurological/neurological_status/neuro_hand_grips_strong_r' is clicked on

2019-04-30 10:04:34 - [MESSAGE][PASSED] - Object: 'Object Repository/OASIS/Neurological/neurological_status/neuro_hand_grips_strong_r' is clicked on

2019-04-30 10:04:34 - [TEST_STEP][PASSED] - delay(1): Delayed 1 second(s)

2019-04-30 10:04:35 - [MESSAGE][PASSED] - Delayed 1 second(s)

2019-04-30 10:04:35 - [TEST_STEP][PASSED] - click(findTestObject("OASIS/Neurological/neurological_status/neuro_hand_grips_weak")): Object: 'Object Repository/OASIS/Neurological/neurological_status/neuro_hand_grips_weak' is clicked on

2019-04-30 10:04:35 - [MESSAGE][PASSED] - Object: 'Object Repository/OASIS/Neurological/neurological_status/neuro_hand_grips_weak' is clicked on

2019-04-30 10:04:35 - [TEST_STEP][PASSED] - click(findTestObject("OASIS/Neurological/neurological_status/neuro_hand_grips_weak_l")): Object: 'Object Repository/OASIS/Neurological/neurological_status/neuro_hand_grips_weak_l' is clicked on

2019-04-30 10:04:36 - [MESSAGE][PASSED] - Object: 'Object Repository/OASIS/Neurological/neurological_status/neuro_hand_grips_weak_l' is clicked on

2019-04-30 10:04:36 - [TEST_STEP][PASSED] - click(findTestObject("OASIS/Neurological/neurological_status/neuro_hand_grips_weak_r")): Object: 'Object Repository/OASIS/Neurological/neurological_status/neuro_hand_grips_weak_r' is clicked on

2019-04-30 10:04:36 - [MESSAGE][PASSED] - Object: 'Object Repository/OASIS/Neurological/neurological_status/neuro_hand_grips_weak_r' is clicked on

2019-04-30 10:04:36 - [TEST_STEP][PASSED] - delay(1): Delayed 1 second(s)

2019-04-30 10:04:37 - [MESSAGE][PASSED] - Delayed 1 second(s)

2019-04-30 10:04:37 - [TEST_STEP][PASSED] - click(findTestObject("OASIS/Neurological/neurological_status/neuro_check_for_weakness")): Object: 'Object Repository/OASIS/Neurological/neurological_status/neuro_check_for_weakness' is clicked on

2019-04-30 10:04:37 - [MESSAGE][PASSED] - Object: 'Object Repository/OASIS/Neurological/neurological_status/neuro_check_for_weakness' is clicked on

2019-04-30 10:04:37 - [TEST_STEP][PASSED] - delay(1): Delayed 1 second(s)

2019-04-30 10:04:38 - [MESSAGE][PASSED] - Delayed 1 second(s)

2019-04-30 10:04:38 - [TEST_STEP][PASSED] - click(findTestObject("OASIS/Neurological/neurological_status/check_for_weakness/c_weak_weakness_ue")): Object: 'Object Repository/OASIS/Neurological/neurological_status/check_for_weakness/c_weak_weakness_ue' is clicked on

2019-04-30 10:04:38 - [MESSAGE][PASSED] - Object: 'Object Repository/OASIS/Neurological/neurological_status/check_for_weakness/c_weak_weakness_ue' is clicked on

2019-04-30 10:04:38 - [TEST_STEP][PASSED] - click(findTestObject("OASIS/Neurological/neurological_status/check_for_weakness/c_weak_weakness_ue_l")): Object: 'Object Repository/OASIS/Neurological/neurological_status/check_for_weakness/c_weak_weakness_ue_l' is clicked on

2019-04-30 10:04:38 - [MESSAGE][PASSED] - Object: 'Object Repository/OASIS/Neurological/neurological_status/check_for_weakness/c_weak_weakness_ue_l' is clicked on

2019-04-30 10:04:38 - [TEST_STEP][PASSED] - click(findTestObject("OASIS/Neurological/neurological_status/check_for_weakness/c_weak_weakness_ue_r")): Object: 'Object Repository/OASIS/Neurological/neurological_status/check_for_weakness/c_weak_weakness_ue_r' is clicked on

2019-04-30 10:04:39 - [MESSAGE][PASSED] - Object: 'Object Repository/OASIS/Neurological/neurological_status/check_for_weakness/c_weak_weakness_ue_r' is clicked on

2019-04-30 10:04:39 - [TEST_STEP][PASSED] - delay(1): Delayed 1 second(s)

2019-04-30 10:04:40 - [MESSAGE][PASSED] - Delayed 1 second(s)

2019-04-30 10:04:40 - [TEST_STEP][PASSED] - click(findTestObject("OASIS/Neurological/neurological_status/check_for_weakness/c_weak_weakness_le")): Object: 'Object Repository/OASIS/Neurological/neurological_status/check_for_weakness/c_weak_weakness_le' is clicked on

2019-04-30 10:04:40 - [MESSAGE][PASSED] - Object: 'Object Repository/OASIS/Neurological/neurological_status/check_for_weakness/c_weak_weakness_le' is clicked on

2019-04-30 10:04:40 - [TEST_STEP][PASSED] - click(findTestObject("OASIS/Neurological/neurological_status/check_for_weakness/c_weak_weakness_le_l")): Object: 'Object Repository/OASIS/Neurological/neurological_status/check_for_weakness/c_weak_weakness_le_l' is clicked on

2019-04-30 10:04:40 - [MESSAGE][PASSED] - Object: 'Object Repository/OASIS/Neurological/neurological_status/check_for_weakness/c_weak_weakness_le_l' is clicked on

2019-04-30 10:04:40 - [TEST_STEP][PASSED] - click(findTestObject("OASIS/Neurological/neurological_status/check_for_weakness/c_weak_weakness_le_r")): Object: 'Object Repository/OASIS/Neurological/neurological_status/check_for_weakness/c_weak_weakness_le_r' is clicked on

2019-04-30 10:04:40 - [MESSAGE][PASSED] - Object: 'Object Repository/OASIS/Neurological/neurological_status/check_for_weakness/c_weak_weakness_le_r' is clicked on

2019-04-30 10:04:40 - [TEST_STEP][PASSED] - delay(1): Delayed 1 second(s)

2019-04-30 10:04:41 - [MESSAGE][PASSED] - Delayed 1 second(s)

2019-04-30 10:04:41 - [TEST_STEP][PASSED] - click(findTestObject("OASIS/Neurological/neurological_status/check_for_weakness/c_weak_paralysis_hemiparesis")): Object: 'Object Repository/OASIS/Neurological/neurological_status/check_for_weakness/c_weak_paralysis_hemiparesis' is clicked on

2019-04-30 10:04:41 - [MESSAGE][PASSED] - Object: 'Object Repository/OASIS/Neurological/neurological_status/check_for_weakness/c_weak_paralysis_hemiparesis' is clicked on

2019-04-30 10:04:41 - [TEST_STEP][PASSED] - click(findTestObject("OASIS/Neurological/neurological_status/check_for_weakness/c_weak_paralysis_hemiparesis_l")): Object: 'Object Repository/OASIS/Neurological/neurological_status/check_for_weakness/c_weak_paralysis_hemiparesis_l' is clicked on

2019-04-30 10:04:41 - [MESSAGE][PASSED] - Object: 'Object Repository/OASIS/Neurological/neurological_status/check_for_weakness/c_weak_paralysis_hemiparesis_l' is clicked on

2019-04-30 10:04:41 - [TEST_STEP][PASSED] - click(findTestObject("OASIS/Neurological/neurological_status/check_for_weakness/c_weak_paralysis_hemiparesis_r")): Object: 'Object Repository/OASIS/Neurological/neurological_status/check_for_weakness/c_weak_paralysis_hemiparesis_r' is clicked on

2019-04-30 10:04:42 - [MESSAGE][PASSED] - Object: 'Object Repository/OASIS/Neurological/neurological_status/check_for_weakness/c_weak_paralysis_hemiparesis_r' is clicked on

2019-04-30 10:04:42 - [TEST_STEP][PASSED] - delay(1): Delayed 1 second(s)

2019-04-30 10:04:43 - [MESSAGE][PASSED] - Delayed 1 second(s)

2019-04-30 10:04:43 - [TEST_STEP][PASSED] - click(findTestObject("OASIS/Neurological/neurological_status/check_for_weakness/c_weak_seizure_petitmal")): Object: 'Object Repository/OASIS/Neurological/neurological_status/check_for_weakness/c_weak_seizure_petitmal' is clicked on

2019-04-30 10:04:43 - [MESSAGE][PASSED] - Object: 'Object Repository/OASIS/Neurological/neurological_status/check_for_weakness/c_weak_seizure_petitmal' is clicked on

2019-04-30 10:04:43 - [TEST_STEP][PASSED] - setText(findTestObject("OASIS/Neurological/neurological_status/check_for_weakness/c_weak_seizure_petitmal_lsdate"), "June 23, 2015"): Text 'June 23, 2015' is set on object 'Object Repository/OASIS/Neurological/neurological_status/check_for_weakness/c_weak_seizure_petitmal_lsdate'

2019-04-30 10:04:43 - [MESSAGE][PASSED] - Text 'June 23, 2015' is set on object 'Object Repository/OASIS/Neurological/neurological_status/check_for_weakness/c_weak_seizure_petitmal_lsdate'

2019-04-30 10:04:43 - [TEST_STEP][PASSED] - delay(1): Delayed 1 second(s)

2019-04-30 10:04:44 - [MESSAGE][PASSED] - Delayed 1 second(s)

2019-04-30 10:04:44 - [TEST_STEP][PASSED] - click(findTestObject("OASIS/Neurological/neurological_status/check_for_weakness/c_weak_tremors_ue")): Object: 'Object Repository/OASIS/Neurological/neurological_status/check_for_weakness/c_weak_tremors_ue' is clicked on

2019-04-30 10:04:45 - [MESSAGE][PASSED] - Object: 'Object Repository/OASIS/Neurological/neurological_status/check_for_weakness/c_weak_tremors_ue' is clicked on

2019-04-30 10:04:45 - [TEST_STEP][PASSED] - click(findTestObject("OASIS/Neurological/neurological_status/check_for_weakness/c_weak_tremors_ue_l")): Object: 'Object Repository/OASIS/Neurological/neurological_status/check_for_weakness/c_weak_tremors_ue_l' is clicked on

2019-04-30 10:04:45 - [MESSAGE][PASSED] - Object: 'Object Repository/OASIS/Neurological/neurological_status/check_for_weakness/c_weak_tremors_ue_l' is clicked on

2019-04-30 10:04:45 - [TEST_STEP][PASSED] - click(findTestObject("OASIS/Neurological/neurological_status/check_for_weakness/c_weak_tremors_ue_r")): Object: 'Object Repository/OASIS/Neurological/neurological_status/check_for_weakness/c_weak_tremors_ue_r' is clicked on

2019-04-30 10:04:45 - [MESSAGE][PASSED] - Object: 'Object Repository/OASIS/Neurological/neurological_status/check_for_weakness/c_weak_tremors_ue_r' is clicked on

2019-04-30 10:04:45 - [TEST_STEP][PASSED] - click(findTestObject("OASIS/Neurological/neurological_status/check_for_weakness/c_weak_tremors_ue_fine")): Object: 'Object Repository/OASIS/Neurological/neurological_status/check_for_weakness/c_weak_tremors_ue_fine' is clicked on

2019-04-30 10:04:45 - [MESSAGE][PASSED] - Object: 'Object Repository/OASIS/Neurological/neurological_status/check_for_weakness/c_weak_tremors_ue_fine' is clicked on

2019-04-30 10:04:45 - [TEST_STEP][PASSED] - delay(1): Delayed 1 second(s)

2019-04-30 10:04:46 - [MESSAGE][PASSED] - Delayed 1 second(s)

2019-04-30 10:04:46 - [TEST_STEP][PASSED] - click(findTestObject("OASIS/Neurological/neurological_status/check_for_weakness/c_weak_tremors_le")): Object: 'Object Repository/OASIS/Neurological/neurological_status/check_for_weakness/c_weak_tremors_le' is clicked on

2019-04-30 10:04:46 - [MESSAGE][PASSED] - Object: 'Object Repository/OASIS/Neurological/neurological_status/check_for_weakness/c_weak_tremors_le' is clicked on

2019-04-30 10:04:46 - [TEST_STEP][PASSED] - click(findTestObject("OASIS/Neurological/neurological_status/check_for_weakness/c_weak_tremors_le_l")): Object: 'Object Repository/OASIS/Neurological/neurological_status/check_for_weakness/c_weak_tremors_le_l' is clicked on

2019-04-30 10:04:46 - [MESSAGE][PASSED] - Object: 'Object Repository/OASIS/Neurological/neurological_status/check_for_weakness/c_weak_tremors_le_l' is clicked on

2019-04-30 10:04:46 - [TEST_STEP][PASSED] - click(findTestObject("OASIS/Neurological/neurological_status/check_for_weakness/c_weak_tremors_le_r")): Object: 'Object Repository/OASIS/Neurological/neurological_status/check_for_weakness/c_weak_tremors_le_r' is clicked on

2019-04-30 10:04:47 - [MESSAGE][PASSED] - Object: 'Object Repository/OASIS/Neurological/neurological_status/check_for_weakness/c_weak_tremors_le_r' is clicked on

2019-04-30 10:04:47 - [TEST_STEP][PASSED] - click(findTestObject("OASIS/Neurological/neurological_status/check_for_weakness/c_weak_tremors_le_coarse")): Object: 'Object Repository/OASIS/Neurological/neurological_status/check_for_weakness/c_weak_tremors_le_coarse' is clicked on

2019-04-30 10:04:47 - [MESSAGE][PASSED] - Object: 'Object Repository/OASIS/Neurological/neurological_status/check_for_weakness/c_weak_tremors_le_coarse' is clicked on

2019-04-30 10:04:47 - [TEST_STEP][PASSED] - delay(1): Delayed 1 second(s)

2019-04-30 10:04:48 - [MESSAGE][PASSED] - Delayed 1 second(s)

2019-04-30 10:04:48 - [TEST_STEP][PASSED] - click(findTestObject("OASIS/Neurological/neurological_status/check_for_weakness/c_weak_signs_headache")): Object: 'Object Repository/OASIS/Neurological/neurological_status/check_for_weakness/c_weak_signs_headache' is clicked on

2019-04-30 10:04:48 - [MESSAGE][PASSED] - Object: 'Object Repository/OASIS/Neurological/neurological_status/check_for_weakness/c_weak_signs_headache' is clicked on

2019-04-30 10:04:48 - [TEST_STEP][PASSED] - delay(1): Delayed 1 second(s)

2019-04-30 10:04:49 - [MESSAGE][PASSED] - Delayed 1 second(s)

2019-04-30 10:04:49 - [TEST_STEP][PASSED] - click(findTestObject("OASIS/Neurological/neurological_status/check_for_weakness/c_weak_signs_numb")): Object: 'Object Repository/OASIS/Neurological/neurological_status/check_for_weakness/c_weak_signs_numb' is clicked on

2019-04-30 10:04:49 - [MESSAGE][PASSED] - Object: 'Object Repository/OASIS/Neurological/neurological_status/check_for_weakness/c_weak_signs_numb' is clicked on

2019-04-30 10:04:49 - [TEST_STEP][PASSED] - delay(1): Delayed 1 second(s)

2019-04-30 10:04:50 - [MESSAGE][PASSED] - Delayed 1 second(s)

2019-04-30 10:04:50 - [TEST_STEP][PASSED] - click(findTestObject("OASIS/Neurological/neurological_status/check_for_weakness/c_weak_signs_lossofsensation")): Object: 'Object Repository/OASIS/Neurological/neurological_status/check_for_weakness/c_weak_signs_lossofsensation' is clicked on

2019-04-30 10:04:50 - [MESSAGE][PASSED] - Object: 'Object Repository/OASIS/Neurological/neurological_status/check_for_weakness/c_weak_signs_lossofsensation' is clicked on

2019-04-30 10:04:50 - [TEST_STEP][PASSED] - click(findTestObject("OASIS/Neurological/neurological_status/check_for_weakness/c_weak_signs_visualdistubances")): Object: 'Object Repository/OASIS/Neurological/neurological_status/check_for_weakness/c_weak_signs_visualdistubances' is clicked on

2019-04-30 10:04:50 - [MESSAGE][PASSED] - Object: 'Object Repository/OASIS/Neurological/neurological_status/check_for_weakness/c_weak_signs_visualdistubances' is clicked on

2019-04-30 10:04:50 - [TEST_STEP][PASSED] - click(findTestObject("OASIS/Neurological/neurological_status/check_for_weakness/c_weak_signs_involuntarymf")): Object: 'Object Repository/OASIS/Neurological/neurological_status/check_for_weakness/c_weak_signs_involuntarymf' is clicked on

2019-04-30 10:04:51 - [MESSAGE][PASSED] - Object: 'Object Repository/OASIS/Neurological/neurological_status/check_for_weakness/c_weak_signs_involuntarymf' is clicked on

2019-04-30 10:04:51 - [TEST_STEP][PASSED] - click(findTestObject("OASIS/Neurological/neurological_status/check_for_weakness/c_weak_signs_incoordination")): Object: 'Object Repository/OASIS/Neurological/neurological_status/check_for_weakness/c_weak_signs_incoordination' is clicked on

2019-04-30 10:04:51 - [MESSAGE][PASSED] - Object: 'Object Repository/OASIS/Neurological/neurological_status/check_for_weakness/c_weak_signs_incoordination' is clicked on

2019-04-30 10:04:51 - [TEST_STEP][PASSED] - click(findTestObject("OASIS/Neurological/neurological_status/check_for_weakness/c_weak_signs_improperresponse")): Object: 'Object Repository/OASIS/Neurological/neurological_status/check_for_weakness/c_weak_signs_improperresponse' is clicked on

2019-04-30 10:04:51 - [MESSAGE][PASSED] - Object: 'Object Repository/OASIS/Neurological/neurological_status/check_for_weakness/c_weak_signs_improperresponse' is clicked on

2019-04-30 10:04:51 - [TEST_STEP][PASSED] - click(findTestObject("OASIS/Neurological/neurological_status/check_for_weakness/c_weak_signs_lossofabilitytomove")): Object: 'Object Repository/OASIS/Neurological/neurological_status/check_for_weakness/c_weak_signs_lossofabilitytomove' is clicked on

2019-04-30 10:04:51 - [MESSAGE][PASSED] - Object: 'Object Repository/OASIS/Neurological/neurological_status/check_for_weakness/c_weak_signs_lossofabilitytomove' is clicked on

2019-04-30 10:04:51 - [TEST_STEP][PASSED] - setText(findTestObject("OASIS/Neurological/neurological_status/check_for_weakness/c_weak_signs_lossofabilitytomove_textfield"), "Left middle finger due to fracture"): Text 'Left middle finger due to fracture' is set on object 'Object Repository/OASIS/Neurological/neurological_status/check_for_weakness/c_weak_signs_lossofabilitytomove_textfield'

2019-04-30 10:04:53 - [MESSAGE][PASSED] - Text 'Left middle finger due to fracture' is set on object 'Object Repository/OASIS/Neurological/neurological_status/check_for_weakness/c_weak_signs_lossofabilitytomove_textfield'

2019-04-30 10:04:53 - [TEST_STEP][PASSED] - setText(findTestObject("OASIS/Neurological/neurological_status/check_for_weakness/c_weak_signs_other"), "Disassociation of things"): Text 'Disassociation of things' is set on object 'Object Repository/OASIS/Neurological/neurological_status/check_for_weakness/c_weak_signs_other'

2019-04-30 10:04:54 - [MESSAGE][PASSED] - Text 'Disassociation of things' is set on object 'Object Repository/OASIS/Neurological/neurological_status/check_for_weakness/c_weak_signs_other'

2019-04-30 10:04:54 - [TEST_STEP][PASSED] - delay(1): Delayed 1 second(s)

2019-04-30 10:04:55 - [MESSAGE][PASSED] - Delayed 1 second(s)

2019-04-30 10:04:55 - [TEST_STEP][PASSED] - click(findTestObject("OASIS/Neurological/psychosocial_status/psycho_cognitive")): Object: 'Object Repository/OASIS/Neurological/psychosocial_status/psycho_cognitive' is clicked on

2019-04-30 10:04:55 - [MESSAGE][PASSED] - Object: 'Object Repository/OASIS/Neurological/psychosocial_status/psycho_cognitive' is clicked on

2019-04-30 10:04:55 - [TEST_STEP][PASSED] - click(findTestObject("OASIS/Neurological/psychosocial_status/psycho_confused")): Object: 'Object Repository/OASIS/Neurological/psychosocial_status/psycho_confused' is clicked on

2019-04-30 10:04:55 - [MESSAGE][PASSED] - Object: 'Object Repository/OASIS/Neurological/psychosocial_status/psycho_confused' is clicked on

2019-04-30 10:04:55 - [TEST_STEP][PASSED] - click(findTestObject("OASIS/Neurological/psychosocial_status/psycho_anxious")): Object: 'Object Repository/OASIS/Neurological/psychosocial_status/psycho_anxious' is clicked on

2019-04-30 10:04:55 - [MESSAGE][PASSED] - Object: 'Object Repository/OASIS/Neurological/psychosocial_status/psycho_anxious' is clicked on

2019-04-30 10:04:55 - [TEST_STEP][PASSED] - click(findTestObject("OASIS/Neurological/psychosocial_status/psycho_depressed")): Object: 'Object Repository/OASIS/Neurological/psychosocial_status/psycho_depressed' is clicked on

2019-04-30 10:04:55 - [MESSAGE][PASSED] - Object: 'Object Repository/OASIS/Neurological/psychosocial_status/psycho_depressed' is clicked on

2019-04-30 10:04:55 - [TEST_STEP][PASSED] - click(findTestObject("OASIS/Neurological/psychosocial_status/psycho_memory_deficit")): Object: 'Object Repository/OASIS/Neurological/psychosocial_status/psycho_memory_deficit' is clicked on

2019-04-30 10:04:56 - [MESSAGE][PASSED] - Object: 'Object Repository/OASIS/Neurological/psychosocial_status/psycho_memory_deficit' is clicked on

2019-04-30 10:04:56 - [TEST_STEP][PASSED] - click(findTestObject("OASIS/Neurological/psychosocial_status/psycho_impaired_dm")): Object: 'Object Repository/OASIS/Neurological/psychosocial_status/psycho_impaired_dm' is clicked on

2019-04-30 10:04:56 - [MESSAGE][PASSED] - Object: 'Object Repository/OASIS/Neurological/psychosocial_status/psycho_impaired_dm' is clicked on

2019-04-30 10:04:56 - [TEST_STEP][PASSED] - click(findTestObject("OASIS/Neurological/psychosocial_status/psycho_physical_aggression")): Object: 'Object Repository/OASIS/Neurological/psychosocial_status/psycho_physical_aggression' is clicked on

2019-04-30 10:04:56 - [MESSAGE][PASSED] - Object: 'Object Repository/OASIS/Neurological/psychosocial_status/psycho_physical_aggression' is clicked on

2019-04-30 10:04:56 - [TEST_STEP][PASSED] - click(findTestObject("OASIS/Neurological/psychosocial_status/psycho_inappropriate_b")): Object: 'Object Repository/OASIS/Neurological/psychosocial_status/psycho_inappropriate_b' is clicked on

2019-04-30 10:04:56 - [MESSAGE][PASSED] - Object: 'Object Repository/OASIS/Neurological/psychosocial_status/psycho_inappropriate_b' is clicked on

2019-04-30 10:04:56 - [TEST_STEP][PASSED] - click(findTestObject("OASIS/Neurological/psychosocial_status/psycho_disruptive_b")): Object: 'Object Repository/OASIS/Neurological/psychosocial_status/psycho_disruptive_b' is clicked on

2019-04-30 10:04:56 - [MESSAGE][PASSED] - Object: 'Object Repository/OASIS/Neurological/psychosocial_status/psycho_disruptive_b' is clicked on

2019-04-30 10:04:56 - [TEST_STEP][PASSED] - click(findTestObject("OASIS/Neurological/psychosocial_status/psycho_delusional")): Object: 'Object Repository/OASIS/Neurological/psychosocial_status/psycho_delusional' is clicked on

2019-04-30 10:04:57 - [MESSAGE][PASSED] - Object: 'Object Repository/OASIS/Neurological/psychosocial_status/psycho_delusional' is clicked on

2019-04-30 10:04:57 - [TEST_STEP][PASSED] - setText(findTestObject("OASIS/Neurological/psychosocial_status/psycho_other_p_factors"), "Bipolar and Frequent Sucidical Thoughts"): Text 'Bipolar and Frequent Sucidical Thoughts' is set on object 'Object Repository/OASIS/Neurological/psychosocial_status/psycho_other_p_factors'

2019-04-30 10:04:58 - [MESSAGE][PASSED] - Text 'Bipolar and Frequent Sucidical Thoughts' is set on object 'Object Repository/OASIS/Neurological/psychosocial_status/psycho_other_p_factors'

2019-04-30 10:04:58 - [TEST_STEP][PASSED] - delay(1): Delayed 1 second(s)

2019-04-30 10:04:59 - [MESSAGE][PASSED] - Delayed 1 second(s)

2019-04-30 10:04:59 - [TEST_STEP][PASSED] - click(findTestObject("OASIS/Neurological/language_barrier/language_barrier_yes")): Object: 'Object Repository/OASIS/Neurological/language_barrier/language_barrier_yes' is clicked on

2019-04-30 10:04:59 - [MESSAGE][PASSED] - Object: 'Object Repository/OASIS/Neurological/language_barrier/language_barrier_yes' is clicked on

2019-04-30 10:04:59 - [TEST_STEP][PASSED] - delay(1): Delayed 1 second(s)

2019-04-30 10:05:00 - [MESSAGE][PASSED] - Delayed 1 second(s)

2019-04-30 10:05:00 - [TEST_STEP][NOT_RUN] - click(findTestObject("OASIS/Neurological/language_barrier/language_interpreter_need")): NOT_RUN: click(findTestObject("OASIS/Neurological/language_barrier/language_interpreter_need"))

2019-04-30 10:05:00 - [MESSAGE][NOT_RUN] - NOT_RUN: click(findTestObject("OASIS/Neurological/language_barrier/language_interpreter_need"))

2019-04-30 10:05:00 - [TEST_STEP][NOT_RUN] - delay(1): NOT_RUN: delay(1)

2019-04-30 10:05:00 - [MESSAGE][NOT_RUN] - NOT_RUN: delay(1)

2019-04-30 10:05:00 - [TEST_STEP][NOT_RUN] - setText(findTestObject("OASIS/Neurological/language_barrier/language_interpreter_need_tf"), "Mrs. Langdon"): NOT_RUN: setText(findTestObject("OASIS/Neurological/language_barrier/language_interpreter_need_tf"), "Mrs. Langdon")

2019-04-30 10:05:00 - [MESSAGE][NOT_RUN] - NOT_RUN: setText(findTestObject("OASIS/Neurological/language_barrier/language_interpreter_need_tf"), "Mrs. Langdon")

2019-04-30 10:05:00 - [TEST_STEP][PASSED] - delay(1): Delayed 1 second(s)

2019-04-30 10:05:01 - [MESSAGE][PASSED] - Delayed 1 second(s)

2019-04-30 10:05:01 - [TEST_STEP][PASSED] - click(findTestObject("OASIS/Neurological/language_barrier/language_inter_sp")): Object: 'Object Repository/OASIS/Neurological/language_barrier/language_inter_sp' is clicked on

2019-04-30 10:05:02 - [MESSAGE][PASSED] - Object: 'Object Repository/OASIS/Neurological/language_barrier/language_inter_sp' is clicked on

2019-04-30 10:05:02 - [TEST_STEP][PASSED] - delay(1): Delayed 1 second(s)

2019-04-30 10:05:03 - [MESSAGE][PASSED] - Delayed 1 second(s)

2019-04-30 10:05:03 - [TEST_STEP][PASSED] - setText(findTestObject("OASIS/Neurological/language_barrier/language_inter_sp_tf"), "Interpreter Organization"): Text 'Interpreter Organization' is set on object 'Object Repository/OASIS/Neurological/language_barrier/language_inter_sp_tf'

2019-04-30 10:05:04 - [MESSAGE][PASSED] - Text 'Interpreter Organization' is set on object 'Object Repository/OASIS/Neurological/language_barrier/language_inter_sp_tf'

2019-04-30 10:05:04 - [TEST_STEP][PASSED] - delay(1): Delayed 1 second(s)

2019-04-30 10:05:05 - [MESSAGE][PASSED] - Delayed 1 second(s)

2019-04-30 10:05:05 - [TEST_STEP][PASSED] - setText(findTestObject("OASIS/Neurological/language_barrier/language_inter_sp_phone"), "3453452345"): Text '3453452345' is set on object 'Object Repository/OASIS/Neurological/language_barrier/language_inter_sp_phone'

2019-04-30 10:05:05 - [MESSAGE][PASSED] - Text '3453452345' is set on object 'Object Repository/OASIS/Neurological/language_barrier/language_inter_sp_phone'

2019-04-30 10:05:05 - [TEST_STEP][PASSED] - delay(1): Delayed 1 second(s)

2019-04-30 10:05:06 - [MESSAGE][PASSED] - Delayed 1 second(s)

2019-04-30 10:05:06 - [TEST_STEP][PASSED] - click(findTestObject("OASIS/Neurological/language_barrier/language_sign_type")): Object: 'Object Repository/OASIS/Neurological/language_barrier/language_sign_type' is clicked on

2019-04-30 10:05:06 - [MESSAGE][PASSED] - Object: 'Object Repository/OASIS/Neurological/language_barrier/language_sign_type' is clicked on

2019-04-30 10:05:06 - [TEST_STEP][PASSED] - delay(1): Delayed 1 second(s)

2019-04-30 10:05:07 - [MESSAGE][PASSED] - Delayed 1 second(s)

2019-04-30 10:05:07 - [TEST_STEP][PASSED] - setText(findTestObject("OASIS/Neurological/language_barrier/language_sign_type_tf"), "ASL"): Text 'ASL' is set on object 'Object Repository/OASIS/Neurological/language_barrier/language_sign_type_tf'

2019-04-30 10:05:08 - [MESSAGE][PASSED] - Text 'ASL' is set on object 'Object Repository/OASIS/Neurological/language_barrier/language_sign_type_tf'

2019-04-30 10:05:08 - [TEST_STEP][PASSED] - delay(1): Delayed 1 second(s)

2019-04-30 10:05:09 - [MESSAGE][PASSED] - Delayed 1 second(s)

2019-04-30 10:05:09 - [TEST_STEP][PASSED] - click(findTestObject("OASIS/Neurological/language_barrier/learning_barrier_yes")): Object: 'Object Repository/OASIS/Neurological/language_barrier/learning_barrier_yes' is clicked on

2019-04-30 10:05:09 - [MESSAGE][PASSED] - Object: 'Object Repository/OASIS/Neurological/language_barrier/learning_barrier_yes' is clicked on

2019-04-30 10:05:09 - [TEST_STEP][PASSED] - delay(5): Delayed 5 second(s)

2019-04-30 10:05:14 - [MESSAGE][PASSED] - Delayed 5 second(s)

2019-04-30 10:05:14 - [TEST_STEP][PASSED] - click(findTestObject("OASIS/Neurological/language_barrier/learning_functional")): Object: 'Object Repository/OASIS/Neurological/language_barrier/learning_functional' is clicked on

2019-04-30 10:05:14 - [MESSAGE][PASSED] - Object: 'Object Repository/OASIS/Neurological/language_barrier/learning_functional' is clicked on

2019-04-30 10:05:14 - [TEST_STEP][PASSED] - delay(1): Delayed 1 second(s)

2019-04-30 10:05:15 - [MESSAGE][PASSED] - Delayed 1 second(s)

2019-04-30 10:05:15 - [TEST_STEP][PASSED] - setText(findTestObject("OASIS/Neurological/language_barrier/learning_functional_tf"), "Motor Ability"): Text 'Motor Ability' is set on object 'Object Repository/OASIS/Neurological/language_barrier/learning_functional_tf'

2019-04-30 10:05:16 - [MESSAGE][PASSED] - Text 'Motor Ability' is set on object 'Object Repository/OASIS/Neurological/language_barrier/learning_functional_tf'

2019-04-30 10:05:16 - [TEST_STEP][PASSED] - delay(1): Delayed 1 second(s)

2019-04-30 10:05:17 - [MESSAGE][PASSED] - Delayed 1 second(s)

2019-04-30 10:05:17 - [TEST_STEP][PASSED] - click(findTestObject("OASIS/Neurological/language_barrier/learning_mental")): Object: 'Object Repository/OASIS/Neurological/language_barrier/learning_mental' is clicked on

2019-04-30 10:05:17 - [MESSAGE][PASSED] - Object: 'Object Repository/OASIS/Neurological/language_barrier/learning_mental' is clicked on

2019-04-30 10:05:17 - [TEST_STEP][PASSED] - delay(1): Delayed 1 second(s)

2019-04-30 10:05:18 - [MESSAGE][PASSED] - Delayed 1 second(s)

2019-04-30 10:05:18 - [TEST_STEP][PASSED] - setText(findTestObject("OASIS/Neurological/language_barrier/learning_mental_tf"), "Speech Disorder"): Text 'Speech Disorder' is set on object 'Object Repository/OASIS/Neurological/language_barrier/learning_mental_tf'

2019-04-30 10:05:19 - [MESSAGE][PASSED] - Text 'Speech Disorder' is set on object 'Object Repository/OASIS/Neurological/language_barrier/learning_mental_tf'

2019-04-30 10:05:19 - [TEST_STEP][PASSED] - delay(1): Delayed 1 second(s)

2019-04-30 10:05:20 - [MESSAGE][PASSED] - Delayed 1 second(s)

2019-04-30 10:05:20 - [TEST_STEP][PASSED] - click(findTestObject("OASIS/Neurological/language_barrier/learning_physical")): Object: 'Object Repository/OASIS/Neurological/language_barrier/learning_physical' is clicked on

2019-04-30 10:05:20 - [MESSAGE][PASSED] - Object: 'Object Repository/OASIS/Neurological/language_barrier/learning_physical' is clicked on

2019-04-30 10:05:20 - [TEST_STEP][PASSED] - delay(1): Delayed 1 second(s)

2019-04-30 10:05:21 - [MESSAGE][PASSED] - Delayed 1 second(s)

2019-04-30 10:05:21 - [TEST_STEP][PASSED] - setText(findTestObject("OASIS/Neurological/language_barrier/learning_physical_tf"), "Needs assistance all the time"): Text 'Needs assistance all the time' is set on object 'Object Repository/OASIS/Neurological/language_barrier/learning_physical_tf'

2019-04-30 10:05:22 - [MESSAGE][PASSED] - Text 'Needs assistance all the time' is set on object 'Object Repository/OASIS/Neurological/language_barrier/learning_physical_tf'

2019-04-30 10:05:22 - [TEST_STEP][PASSED] - delay(1): Delayed 1 second(s)

2019-04-30 10:05:23 - [MESSAGE][PASSED] - Delayed 1 second(s)

2019-04-30 10:05:23 - [TEST_STEP][PASSED] - click(findTestObject("OASIS/Neurological/language_barrier/learning_pyschosocial")): Object: 'Object Repository/OASIS/Neurological/language_barrier/learning_pyschosocial' is clicked on

2019-04-30 10:05:23 - [MESSAGE][PASSED] - Object: 'Object Repository/OASIS/Neurological/language_barrier/learning_pyschosocial' is clicked on

2019-04-30 10:05:23 - [TEST_STEP][PASSED] - delay(1): Delayed 1 second(s)

2019-04-30 10:05:24 - [MESSAGE][PASSED] - Delayed 1 second(s)

2019-04-30 10:05:24 - [TEST_STEP][PASSED] - setText(findTestObject("OASIS/Neurological/language_barrier/learning_psyschosocial_tf"), "Anti-social Behaviour"): Text 'Anti-social Behaviour' is set on object 'Object Repository/OASIS/Neurological/language_barrier/learning_psyschosocial_tf'

2019-04-30 10:05:25 - [MESSAGE][PASSED] - Text 'Anti-social Behaviour' is set on object 'Object Repository/OASIS/Neurological/language_barrier/learning_psyschosocial_tf'

2019-04-30 10:05:25 - [TEST_STEP][PASSED] - delay(1): Delayed 1 second(s)

2019-04-30 10:05:26 - [MESSAGE][PASSED] - Delayed 1 second(s)

2019-04-30 10:05:26 - [TEST_STEP][PASSED] - click(findTestObject("OASIS/Neurological/language_barrier/learning_unable_read")): Object: 'Object Repository/OASIS/Neurological/language_barrier/learning_unable_read' is clicked on

2019-04-30 10:05:26 - [MESSAGE][PASSED] - Object: 'Object Repository/OASIS/Neurological/language_barrier/learning_unable_read' is clicked on

2019-04-30 10:05:26 - [TEST_STEP][PASSED] - delay(1): Delayed 1 second(s)

2019-04-30 10:05:27 - [MESSAGE][PASSED] - Delayed 1 second(s)

2019-04-30 10:05:27 - [TEST_STEP][PASSED] - click(findTestObject("OASIS/Neurological/language_barrier/learning_unable_write")): Object: 'Object Repository/OASIS/Neurological/language_barrier/learning_unable_write' is clicked on

2019-04-30 10:05:28 - [MESSAGE][PASSED] - Object: 'Object Repository/OASIS/Neurological/language_barrier/learning_unable_write' is clicked on

2019-04-30 10:05:28 - [TEST_STEP][PASSED] - delay(1): Delayed 1 second(s)

2019-04-30 10:05:29 - [MESSAGE][PASSED] - Delayed 1 second(s)

2019-04-30 10:05:29 - [TEST_STEP][PASSED] - click(findTestObject("OASIS/Neurological/language_barrier/signs_abuse_yes")): Object: 'Object Repository/OASIS/Neurological/language_barrier/signs_abuse_yes' is clicked on

2019-04-30 10:05:29 - [MESSAGE][PASSED] - Object: 'Object Repository/OASIS/Neurological/language_barrier/signs_abuse_yes' is clicked on

2019-04-30 10:05:29 - [TEST_STEP][PASSED] - delay(1): Delayed 1 second(s)

2019-04-30 10:05:30 - [MESSAGE][PASSED] - Delayed 1 second(s)

2019-04-30 10:05:30 - [TEST_STEP][PASSED] - click(findTestObject("OASIS/Neurological/language_barrier/signs_abuse_actual")): Object: 'Object Repository/OASIS/Neurological/language_barrier/signs_abuse_actual' is clicked on

2019-04-30 10:05:30 - [MESSAGE][PASSED] - Object: 'Object Repository/OASIS/Neurological/language_barrier/signs_abuse_actual' is clicked on

2019-04-30 10:05:30 - [TEST_STEP][PASSED] - delay(1): Delayed 1 second(s)

2019-04-30 10:05:31 - [MESSAGE][PASSED] - Delayed 1 second(s)

2019-04-30 10:05:31 - [TEST_STEP][PASSED] - click(findTestObject("OASIS/Neurological/language_barrier/signs_abuse_physical")): Object: 'Object Repository/OASIS/Neurological/language_barrier/signs_abuse_physical' is clicked on

2019-04-30 10:05:31 - [MESSAGE][PASSED] - Object: 'Object Repository/OASIS/Neurological/language_barrier/signs_abuse_physical' is clicked on

2019-04-30 10:05:31 - [TEST_STEP][PASSED] - delay(1): Delayed 1 second(s)

2019-04-30 10:05:32 - [MESSAGE][PASSED] - Delayed 1 second(s)

2019-04-30 10:05:32 - [TEST_STEP][PASSED] - setText(findTestObject("OASIS/Neurological/language_barrier/signs_abuse_physical_tf"), "Traumatic Experience"): Text 'Traumatic Experience' is set on object 'Object Repository/OASIS/Neurological/language_barrier/signs_abuse_physical_tf'

2019-04-30 10:05:33 - [MESSAGE][PASSED] - Text 'Traumatic Experience' is set on object 'Object Repository/OASIS/Neurological/language_barrier/signs_abuse_physical_tf'

2019-04-30 10:05:33 - [TEST_STEP][PASSED] - delay(1): Delayed 1 second(s)

2019-04-30 10:05:34 - [MESSAGE][PASSED] - Delayed 1 second(s)

2019-04-30 10:05:34 - [TEST_STEP][PASSED] - click(findTestObject("OASIS/Neurological/language_barrier/signs_abuse_verbal")): Object: 'Object Repository/OASIS/Neurological/language_barrier/signs_abuse_verbal' is clicked on

2019-04-30 10:05:34 - [MESSAGE][PASSED] - Object: 'Object Repository/OASIS/Neurological/language_barrier/signs_abuse_verbal' is clicked on

2019-04-30 10:05:34 - [TEST_STEP][PASSED] - delay(1): Delayed 1 second(s)

2019-04-30 10:05:35 - [MESSAGE][PASSED] - Delayed 1 second(s)

2019-04-30 10:05:35 - [TEST_STEP][PASSED] - setText(findTestObject("OASIS/Neurological/language_barrier/signs_abuse_verbal_tf"), "Traumatic Experience"): Text 'Traumatic Experience' is set on object 'Object Repository/OASIS/Neurological/language_barrier/signs_abuse_verbal_tf'

2019-04-30 10:05:36 - [MESSAGE][PASSED] - Text 'Traumatic Experience' is set on object 'Object Repository/OASIS/Neurological/language_barrier/signs_abuse_verbal_tf'

2019-04-30 10:05:36 - [TEST_STEP][PASSED] - delay(1): Delayed 1 second(s)

2019-04-30 10:05:37 - [MESSAGE][PASSED] - Delayed 1 second(s)

2019-04-30 10:05:37 - [TEST_STEP][PASSED] - click(findTestObject("OASIS/Neurological/language_barrier/signs_abuse_referredmsw")): Object: 'Object Repository/OASIS/Neurological/language_barrier/signs_abuse_referredmsw' is clicked on

2019-04-30 10:05:37 - [MESSAGE][PASSED] - Object: 'Object Repository/OASIS/Neurological/language_barrier/signs_abuse_referredmsw' is clicked on

2019-04-30 10:05:37 - [TEST_STEP][PASSED] - delay(1): Delayed 1 second(s)

2019-04-30 10:05:38 - [MESSAGE][PASSED] - Delayed 1 second(s)

2019-04-30 10:05:38 - [TEST_STEP][PASSED] - setText(findTestObject("OASIS/Neurological/language_barrier/signs_abuse_referredmsw_tf"), "Centers for MSW"): Text 'Centers for MSW' is set on object 'Object Repository/OASIS/Neurological/language_barrier/signs_abuse_referredmsw_tf'

2019-04-30 10:05:39 - [MESSAGE][PASSED] - Text 'Centers for MSW' is set on object 'Object Repository/OASIS/Neurological/language_barrier/signs_abuse_referredmsw_tf'

2019-04-30 10:05:39 - [TEST_STEP][PASSED] - delay(1): Delayed 1 second(s)

2019-04-30 10:05:40 - [MESSAGE][PASSED] - Delayed 1 second(s)

2019-04-30 10:05:40 - [TEST_STEP][PASSED] - click(findTestObject("OASIS/Neurological/language_barrier/signs_abuse_referredchildadult")): Object: 'Object Repository/OASIS/Neurological/language_barrier/signs_abuse_referredchildadult' is clicked on

2019-04-30 10:05:40 - [MESSAGE][PASSED] - Object: 'Object Repository/OASIS/Neurological/language_barrier/signs_abuse_referredchildadult' is clicked on

2019-04-30 10:05:40 - [TEST_STEP][PASSED] - delay(1): Delayed 1 second(s)

2019-04-30 10:05:41 - [MESSAGE][PASSED] - Delayed 1 second(s)

2019-04-30 10:05:41 - [TEST_STEP][PASSED] - click(findTestObject("OASIS/Neurological/language_barrier/spiritual_yes")): Object: 'Object Repository/OASIS/Neurological/language_barrier/spiritual_yes' is clicked on

2019-04-30 10:05:41 - [MESSAGE][PASSED] - Object: 'Object Repository/OASIS/Neurological/language_barrier/spiritual_yes' is clicked on

2019-04-30 10:05:41 - [TEST_STEP][PASSED] - delay(1): Delayed 1 second(s)

2019-04-30 10:05:42 - [MESSAGE][PASSED] - Delayed 1 second(s)

2019-04-30 10:05:42 - [TEST_STEP][PASSED] - setText(findTestObject("OASIS/Neurological/language_barrier/spiritual_impact_care"), "Sample Text"): Text 'Sample Text' is set on object 'Object Repository/OASIS/Neurological/language_barrier/spiritual_impact_care'

2019-04-30 10:05:43 - [MESSAGE][PASSED] - Text 'Sample Text' is set on object 'Object Repository/OASIS/Neurological/language_barrier/spiritual_impact_care'

2019-04-30 10:05:43 - [TEST_STEP][PASSED] - delay(1): Delayed 1 second(s)

2019-04-30 10:05:44 - [MESSAGE][PASSED] - Delayed 1 second(s)

2019-04-30 10:05:44 - [TEST_STEP][PASSED] - setText(findTestObject("OASIS/Neurological/language_barrier/spiritual_resource"), "Sample Text"): Text 'Sample Text' is set on object 'Object Repository/OASIS/Neurological/language_barrier/spiritual_resource'

2019-04-30 10:05:45 - [MESSAGE][PASSED] - Text 'Sample Text' is set on object 'Object Repository/OASIS/Neurological/language_barrier/spiritual_resource'

2019-04-30 10:05:45 - [TEST_STEP][PASSED] - delay(1): Delayed 1 second(s)

2019-04-30 10:05:46 - [MESSAGE][PASSED] - Delayed 1 second(s)

2019-04-30 10:05:46 - [TEST_STEP][PASSED] - setText(findTestObject("OASIS/Neurological/language_barrier/spiritual_contact"), "Sample Text"): Text 'Sample Text' is set on object 'Object Repository/OASIS/Neurological/language_barrier/spiritual_contact'

2019-04-30 10:05:46 - [MESSAGE][PASSED] - Text 'Sample Text' is set on object 'Object Repository/OASIS/Neurological/language_barrier/spiritual_contact'

2019-04-30 10:05:46 - [TEST_STEP][PASSED] - delay(1): Delayed 1 second(s)

2019-04-30 10:05:47 - [MESSAGE][PASSED] - Delayed 1 second(s)

2019-04-30 10:05:47 - [TEST_STEP][PASSED] - setText(findTestObject("OASIS/Neurological/language_barrier/spiritual_phone"), "2333242343"): Text '2333242343' is set on object 'Object Repository/OASIS/Neurological/language_barrier/spiritual_phone'

2019-04-30 10:05:48 - [MESSAGE][PASSED] - Text '2333242343' is set on object 'Object Repository/OASIS/Neurological/language_barrier/spiritual_phone'

2019-04-30 10:05:48 - [TEST_STEP][PASSED] - delay(1): Delayed 1 second(s)

2019-04-30 10:05:49 - [MESSAGE][PASSED] - Delayed 1 second(s)

2019-04-30 10:05:49 - [TEST_STEP][PASSED] - click(findTestObject("OASIS/Neurological/M1700_1")): Object: 'Object Repository/OASIS/Neurological/M1700_1' is clicked on

2019-04-30 10:05:49 - [MESSAGE][PASSED] - Object: 'Object Repository/OASIS/Neurological/M1700_1' is clicked on

2019-04-30 10:05:49 - [TEST_STEP][PASSED] - delay(1): Delayed 1 second(s)

2019-04-30 10:05:50 - [MESSAGE][PASSED] - Delayed 1 second(s)

2019-04-30 10:05:50 - [TEST_STEP][PASSED] - click(findTestObject("OASIS/Neurological/M1710_2")): Object: 'Object Repository/OASIS/Neurological/M1710_2' is clicked on

2019-04-30 10:05:50 - [MESSAGE][PASSED] - Object: 'Object Repository/OASIS/Neurological/M1710_2' is clicked on

2019-04-30 10:05:50 - [TEST_STEP][PASSED] - delay(1): Delayed 1 second(s)

2019-04-30 10:05:51 - [MESSAGE][PASSED] - Delayed 1 second(s)

2019-04-30 10:05:51 - [TEST_STEP][PASSED] - click(findTestObject("OASIS/Neurological/M1720_2")): Object: 'Object Repository/OASIS/Neurological/M1720_2' is clicked on

2019-04-30 10:05:51 - [MESSAGE][PASSED] - Object: 'Object Repository/OASIS/Neurological/M1720_2' is clicked on

2019-04-30 10:05:51 - [TEST_STEP][PASSED] - delay(1): Delayed 1 second(s)

2019-04-30 10:05:52 - [MESSAGE][PASSED] - Delayed 1 second(s)

2019-04-30 10:05:52 - [TEST_STEP][PASSED] - click(findTestObject("OASIS/Neurological/M1730_1")): Object: 'Object Repository/OASIS/Neurological/M1730_1' is clicked on

2019-04-30 10:05:52 - [MESSAGE][PASSED] - Object: 'Object Repository/OASIS/Neurological/M1730_1' is clicked on

2019-04-30 10:05:52 - [TEST_STEP][PASSED] - delay(1): Delayed 1 second(s)

2019-04-30 10:05:53 - [MESSAGE][PASSED] - Delayed 1 second(s)

2019-04-30 10:05:53 - [TEST_STEP][PASSED] - click(findTestObject("OASIS/Neurological/M1730_a_0")): Object: 'Object Repository/OASIS/Neurological/M1730_a_0' is clicked on

2019-04-30 10:05:54 - [MESSAGE][PASSED] - Object: 'Object Repository/OASIS/Neurological/M1730_a_0' is clicked on

2019-04-30 10:05:54 - [TEST_STEP][PASSED] - delay(1): Delayed 1 second(s)

2019-04-30 10:05:55 - [MESSAGE][PASSED] - Delayed 1 second(s)

2019-04-30 10:05:55 - [TEST_STEP][PASSED] - click(findTestObject("OASIS/Neurological/M1730_b_1")): Object: 'Object Repository/OASIS/Neurological/M1730_b_1' is clicked on

2019-04-30 10:05:55 - [MESSAGE][PASSED] - Object: 'Object Repository/OASIS/Neurological/M1730_b_1' is clicked on

2019-04-30 10:05:55 - [TEST_STEP][PASSED] - delay(1): Delayed 1 second(s)

2019-04-30 10:05:56 - [MESSAGE][PASSED] - Delayed 1 second(s)

2019-04-30 10:05:56 - [TEST_STEP][PASSED] - click(findTestObject("OASIS/Neurological/M1740_1")): Object: 'Object Repository/OASIS/Neurological/M1740_1' is clicked on

2019-04-30 10:05:56 - [MESSAGE][PASSED] - Object: 'Object Repository/OASIS/Neurological/M1740_1' is clicked on

2019-04-30 10:05:56 - [TEST_STEP][PASSED] - delay(1): Delayed 1 second(s)

2019-04-30 10:05:57 - [MESSAGE][PASSED] - Delayed 1 second(s)

2019-04-30 10:05:57 - [TEST_STEP][NOT_RUN] - click(findTestObject("OASIS/Neurological/M1740_2")): NOT_RUN: click(findTestObject("OASIS/Neurological/M1740_2"))

2019-04-30 10:05:57 - [MESSAGE][NOT_RUN] - NOT_RUN: click(findTestObject("OASIS/Neurological/M1740_2"))

2019-04-30 10:05:57 - [TEST_STEP][PASSED] - delay(1): Delayed 1 second(s)

2019-04-30 10:05:58 - [MESSAGE][PASSED] - Delayed 1 second(s)

2019-04-30 10:05:58 - [TEST_STEP][PASSED] - click(findTestObject("OASIS/Neurological/M1740_3")): Object: 'Object Repository/OASIS/Neurological/M1740_3' is clicked on

2019-04-30 10:05:58 - [MESSAGE][PASSED] - Object: 'Object Repository/OASIS/Neurological/M1740_3' is clicked on

2019-04-30 10:05:58 - [TEST_STEP][PASSED] - delay(1): Delayed 1 second(s)

2019-04-30 10:05:59 - [MESSAGE][PASSED] - Delayed 1 second(s)

2019-04-30 10:05:59 - [TEST_STEP][PASSED] - click(findTestObject("OASIS/Neurological/M1740_4")): Object: 'Object Repository/OASIS/Neurological/M1740_4' is clicked on

2019-04-30 10:05:59 - [MESSAGE][PASSED] - Object: 'Object Repository/OASIS/Neurological/M1740_4' is clicked on

2019-04-30 10:05:59 - [TEST_STEP][PASSED] - delay(1): Delayed 1 second(s)

2019-04-30 10:06:00 - [MESSAGE][PASSED] - Delayed 1 second(s)

2019-04-30 10:06:00 - [TEST_STEP][PASSED] - click(findTestObject("OASIS/Neurological/M1740_5")): Object: 'Object Repository/OASIS/Neurological/M1740_5' is clicked on

2019-04-30 10:06:00 - [MESSAGE][PASSED] - Object: 'Object Repository/OASIS/Neurological/M1740_5' is clicked on

2019-04-30 10:06:00 - [TEST_STEP][PASSED] - delay(1): Delayed 1 second(s)

2019-04-30 10:06:01 - [MESSAGE][PASSED] - Delayed 1 second(s)

2019-04-30 10:06:01 - [TEST_STEP][NOT_RUN] - click(findTestObject("OASIS/Neurological/M1740_6")): NOT_RUN: click(findTestObject("OASIS/Neurological/M1740_6"))

2019-04-30 10:06:01 - [MESSAGE][NOT_RUN] - NOT_RUN: click(findTestObject("OASIS/Neurological/M1740_6"))

2019-04-30 10:06:01 - [TEST_STEP][PASSED] - delay(1): Delayed 1 second(s)

2019-04-30 10:06:02 - [MESSAGE][PASSED] - Delayed 1 second(s)

2019-04-30 10:06:02 - [TEST_STEP][PASSED] - click(findTestObject("OASIS/Neurological/M1740_7")): Object: 'Object Repository/OASIS/Neurological/M1740_7' is clicked on

2019-04-30 10:06:03 - [MESSAGE][PASSED] - Object: 'Object Repository/OASIS/Neurological/M1740_7' is clicked on

2019-04-30 10:06:03 - [TEST_STEP][PASSED] - click(findTestObject("OASIS/Neurological/M1745_4")): Object: 'Object Repository/OASIS/Neurological/M1745_4' is clicked on

2019-04-30 10:06:03 - [MESSAGE][PASSED] - Object: 'Object Repository/OASIS/Neurological/M1745_4' is clicked on

2019-04-30 10:06:03 - [TEST_STEP][PASSED] - delay(10): Delayed 10 second(s)

2019-04-30 10:06:13 - [MESSAGE][PASSED] - Delayed 10 second(s)]]></system-out>
         <system-err><![CDATA[]]></system-err>
      </testcase>
      <testcase name="Test Cases/OASIS_SOC/ADLs" classname="Test Cases/OASIS_SOC/ADLs" status="PASSED">
         <system-out><![CDATA[2019-04-30 10:06:13 - [TEST_CASE][PASSED] - Test Cases/OASIS_SOC/ADLs: Test Cases/OASIS_SOC/ADLs

2019-04-30 10:06:13 - [TEST_STEP][PASSED] - click(findTestObject("OASIS/OASIS_TABS/ADL_tab")): Object: 'Object Repository/OASIS/OASIS_TABS/ADL_tab' is clicked on

2019-04-30 10:06:13 - [MESSAGE][PASSED] - Object: 'Object Repository/OASIS/OASIS_TABS/ADL_tab' is clicked on

2019-04-30 10:06:13 - [TEST_STEP][PASSED] - delay(5): Delayed 5 second(s)

2019-04-30 10:06:18 - [MESSAGE][PASSED] - Delayed 5 second(s)

2019-04-30 10:06:18 - [TEST_STEP][PASSED] - click(findTestObject("OASIS/ADLs-IADLs/adls_mucko_status/adls_ms_muscle_strength_strong")): Object: 'Object Repository/OASIS/ADLs-IADLs/adls_mucko_status/adls_ms_muscle_strength_strong' is clicked on

2019-04-30 10:06:20 - [MESSAGE][PASSED] - Object: 'Object Repository/OASIS/ADLs-IADLs/adls_mucko_status/adls_ms_muscle_strength_strong' is clicked on

2019-04-30 10:06:20 - [TEST_STEP][PASSED] - click(findTestObject("OASIS/ADLs-IADLs/adls_mucko_status/adls_ms_rom_limited")): Object: 'Object Repository/OASIS/ADLs-IADLs/adls_mucko_status/adls_ms_rom_limited' is clicked on

2019-04-30 10:06:20 - [MESSAGE][PASSED] - Object: 'Object Repository/OASIS/ADLs-IADLs/adls_mucko_status/adls_ms_rom_limited' is clicked on

2019-04-30 10:06:20 - [TEST_STEP][PASSED] - click(findTestObject("OASIS/ADLs-IADLs/adls_mucko_status/adls_ms_loc_lue")): Object: 'Object Repository/OASIS/ADLs-IADLs/adls_mucko_status/adls_ms_loc_lue' is clicked on

2019-04-30 10:06:20 - [MESSAGE][PASSED] - Object: 'Object Repository/OASIS/ADLs-IADLs/adls_mucko_status/adls_ms_loc_lue' is clicked on

2019-04-30 10:06:20 - [TEST_STEP][PASSED] - click(findTestObject("OASIS/ADLs-IADLs/adls_mucko_status/adls_ms_loc_rue")): Object: 'Object Repository/OASIS/ADLs-IADLs/adls_mucko_status/adls_ms_loc_rue' is clicked on

2019-04-30 10:06:20 - [MESSAGE][PASSED] - Object: 'Object Repository/OASIS/ADLs-IADLs/adls_mucko_status/adls_ms_loc_rue' is clicked on

2019-04-30 10:06:20 - [TEST_STEP][PASSED] - click(findTestObject("OASIS/ADLs-IADLs/adls_mucko_status/adls_ms_loc_lle")): Object: 'Object Repository/OASIS/ADLs-IADLs/adls_mucko_status/adls_ms_loc_lle' is clicked on

2019-04-30 10:06:20 - [MESSAGE][PASSED] - Object: 'Object Repository/OASIS/ADLs-IADLs/adls_mucko_status/adls_ms_loc_lle' is clicked on

2019-04-30 10:06:20 - [TEST_STEP][PASSED] - click(findTestObject("OASIS/ADLs-IADLs/adls_mucko_status/adls_ms_loc_rle")): Object: 'Object Repository/OASIS/ADLs-IADLs/adls_mucko_status/adls_ms_loc_rle' is clicked on

2019-04-30 10:06:20 - [MESSAGE][PASSED] - Object: 'Object Repository/OASIS/ADLs-IADLs/adls_mucko_status/adls_ms_loc_rle' is clicked on

2019-04-30 10:06:20 - [TEST_STEP][PASSED] - click(findTestObject("OASIS/ADLs-IADLs/adls_mucko_status/adls_ms_bedmob_independent")): Object: 'Object Repository/OASIS/ADLs-IADLs/adls_mucko_status/adls_ms_bedmob_independent' is clicked on

2019-04-30 10:06:21 - [MESSAGE][PASSED] - Object: 'Object Repository/OASIS/ADLs-IADLs/adls_mucko_status/adls_ms_bedmob_independent' is clicked on

2019-04-30 10:06:21 - [TEST_STEP][PASSED] - click(findTestObject("OASIS/ADLs-IADLs/adls_mucko_status/adls_ms_transferab_moderate")): Object: 'Object Repository/OASIS/ADLs-IADLs/adls_mucko_status/adls_ms_transferab_moderate' is clicked on

2019-04-30 10:06:21 - [MESSAGE][PASSED] - Object: 'Object Repository/OASIS/ADLs-IADLs/adls_mucko_status/adls_ms_transferab_moderate' is clicked on

2019-04-30 10:06:21 - [TEST_STEP][PASSED] - click(findTestObject("OASIS/ADLs-IADLs/adls_mucko_status/adls_ms_gait_steady")): Object: 'Object Repository/OASIS/ADLs-IADLs/adls_mucko_status/adls_ms_gait_steady' is clicked on

2019-04-30 10:06:21 - [MESSAGE][PASSED] - Object: 'Object Repository/OASIS/ADLs-IADLs/adls_mucko_status/adls_ms_gait_steady' is clicked on

2019-04-30 10:06:21 - [TEST_STEP][PASSED] - click(findTestObject("OASIS/ADLs-IADLs/adls_mucko_status/adls_ms_balance_fair")): Object: 'Object Repository/OASIS/ADLs-IADLs/adls_mucko_status/adls_ms_balance_fair' is clicked on

2019-04-30 10:06:21 - [MESSAGE][PASSED] - Object: 'Object Repository/OASIS/ADLs-IADLs/adls_mucko_status/adls_ms_balance_fair' is clicked on

2019-04-30 10:06:21 - [TEST_STEP][PASSED] - click(findTestObject("OASIS/ADLs-IADLs/adls_mucko_status/adls_ms_riskfalls_high")): Object: 'Object Repository/OASIS/ADLs-IADLs/adls_mucko_status/adls_ms_riskfalls_high' is clicked on

2019-04-30 10:06:21 - [MESSAGE][PASSED] - Object: 'Object Repository/OASIS/ADLs-IADLs/adls_mucko_status/adls_ms_riskfalls_high' is clicked on

2019-04-30 10:06:21 - [TEST_STEP][PASSED] - click(findTestObject("OASIS/ADLs-IADLs/adls_mucko_status/adls_ms_amputation_bk")): Object: 'Object Repository/OASIS/ADLs-IADLs/adls_mucko_status/adls_ms_amputation_bk' is clicked on

2019-04-30 10:06:21 - [MESSAGE][PASSED] - Object: 'Object Repository/OASIS/ADLs-IADLs/adls_mucko_status/adls_ms_amputation_bk' is clicked on

2019-04-30 10:06:21 - [TEST_STEP][PASSED] - click(findTestObject("OASIS/ADLs-IADLs/adls_mucko_status/adls_ms_amputation_ak")): Object: 'Object Repository/OASIS/ADLs-IADLs/adls_mucko_status/adls_ms_amputation_ak' is clicked on

2019-04-30 10:06:21 - [MESSAGE][PASSED] - Object: 'Object Repository/OASIS/ADLs-IADLs/adls_mucko_status/adls_ms_amputation_ak' is clicked on

2019-04-30 10:06:21 - [TEST_STEP][PASSED] - click(findTestObject("OASIS/ADLs-IADLs/adls_mucko_status/adls_ms_amputation_ue")): Object: 'Object Repository/OASIS/ADLs-IADLs/adls_mucko_status/adls_ms_amputation_ue' is clicked on

2019-04-30 10:06:22 - [MESSAGE][PASSED] - Object: 'Object Repository/OASIS/ADLs-IADLs/adls_mucko_status/adls_ms_amputation_ue' is clicked on

2019-04-30 10:06:22 - [TEST_STEP][PASSED] - setText(findTestObject("OASIS/ADLs-IADLs/adls_mucko_status/adls_ms_amputation_tf"), "Sample Text"): Text 'Sample Text' is set on object 'Object Repository/OASIS/ADLs-IADLs/adls_mucko_status/adls_ms_amputation_tf'

2019-04-30 10:06:22 - [MESSAGE][PASSED] - Text 'Sample Text' is set on object 'Object Repository/OASIS/ADLs-IADLs/adls_mucko_status/adls_ms_amputation_tf'

2019-04-30 10:06:22 - [TEST_STEP][PASSED] - click(findTestObject("OASIS/ADLs-IADLs/adls_mucko_status/adls_ms_amputation_l")): Object: 'Object Repository/OASIS/ADLs-IADLs/adls_mucko_status/adls_ms_amputation_l' is clicked on

2019-04-30 10:06:22 - [MESSAGE][PASSED] - Object: 'Object Repository/OASIS/ADLs-IADLs/adls_mucko_status/adls_ms_amputation_l' is clicked on

2019-04-30 10:06:22 - [TEST_STEP][PASSED] - click(findTestObject("OASIS/ADLs-IADLs/adls_mucko_status/adls_ms_amputation_r")): Object: 'Object Repository/OASIS/ADLs-IADLs/adls_mucko_status/adls_ms_amputation_r' is clicked on

2019-04-30 10:06:23 - [MESSAGE][PASSED] - Object: 'Object Repository/OASIS/ADLs-IADLs/adls_mucko_status/adls_ms_amputation_r' is clicked on

2019-04-30 10:06:23 - [TEST_STEP][PASSED] - click(findTestObject("OASIS/ADLs-IADLs/adls_mucko_status/adls_ms_fracture_new")): Object: 'Object Repository/OASIS/ADLs-IADLs/adls_mucko_status/adls_ms_fracture_new' is clicked on

2019-04-30 10:06:23 - [MESSAGE][PASSED] - Object: 'Object Repository/OASIS/ADLs-IADLs/adls_mucko_status/adls_ms_fracture_new' is clicked on

2019-04-30 10:06:23 - [TEST_STEP][PASSED] - setText(findTestObject("OASIS/ADLs-IADLs/adls_mucko_status/adls_ms_fracture_location"), "Sample Text"): Text 'Sample Text' is set on object 'Object Repository/OASIS/ADLs-IADLs/adls_mucko_status/adls_ms_fracture_location'

2019-04-30 10:06:23 - [MESSAGE][PASSED] - Text 'Sample Text' is set on object 'Object Repository/OASIS/ADLs-IADLs/adls_mucko_status/adls_ms_fracture_location'

2019-04-30 10:06:23 - [TEST_STEP][PASSED] - click(findTestObject("OASIS/ADLs-IADLs/adls_mucko_status/if_case_present/adls_cast_present_character_swelling")): Object: 'Object Repository/OASIS/ADLs-IADLs/adls_mucko_status/if_case_present/adls_cast_present_character_swelling' is clicked on

2019-04-30 10:06:24 - [MESSAGE][PASSED] - Object: 'Object Repository/OASIS/ADLs-IADLs/adls_mucko_status/if_case_present/adls_cast_present_character_swelling' is clicked on

2019-04-30 10:06:24 - [TEST_STEP][PASSED] - setText(findTestObject("OASIS/ADLs-IADLs/adls_mucko_status/if_case_present/adls_cast_present_character_swelling_tf"), "Sample Text"): Text 'Sample Text' is set on object 'Object Repository/OASIS/ADLs-IADLs/adls_mucko_status/if_case_present/adls_cast_present_character_swelling_tf'

2019-04-30 10:06:24 - [MESSAGE][PASSED] - Text 'Sample Text' is set on object 'Object Repository/OASIS/ADLs-IADLs/adls_mucko_status/if_case_present/adls_cast_present_character_swelling_tf'

2019-04-30 10:06:24 - [TEST_STEP][PASSED] - click(findTestObject("OASIS/ADLs-IADLs/adls_mucko_status/if_case_present/adls_cast_present_character_pallor")): Object: 'Object Repository/OASIS/ADLs-IADLs/adls_mucko_status/if_case_present/adls_cast_present_character_pallor' is clicked on

2019-04-30 10:06:24 - [MESSAGE][PASSED] - Object: 'Object Repository/OASIS/ADLs-IADLs/adls_mucko_status/if_case_present/adls_cast_present_character_pallor' is clicked on

2019-04-30 10:06:24 - [TEST_STEP][PASSED] - setText(findTestObject("OASIS/ADLs-IADLs/adls_mucko_status/if_case_present/adls_cast_present_character_pallor_tf"), "Sample Text"): Text 'Sample Text' is set on object 'Object Repository/OASIS/ADLs-IADLs/adls_mucko_status/if_case_present/adls_cast_present_character_pallor_tf'

2019-04-30 10:06:25 - [MESSAGE][PASSED] - Text 'Sample Text' is set on object 'Object Repository/OASIS/ADLs-IADLs/adls_mucko_status/if_case_present/adls_cast_present_character_pallor_tf'

2019-04-30 10:06:25 - [TEST_STEP][PASSED] - click(findTestObject("OASIS/ADLs-IADLs/adls_mucko_status/if_case_present/adls_cast_present_character_pain")): Object: 'Object Repository/OASIS/ADLs-IADLs/adls_mucko_status/if_case_present/adls_cast_present_character_pain' is clicked on

2019-04-30 10:06:25 - [MESSAGE][PASSED] - Object: 'Object Repository/OASIS/ADLs-IADLs/adls_mucko_status/if_case_present/adls_cast_present_character_pain' is clicked on

2019-04-30 10:06:25 - [TEST_STEP][PASSED] - setText(findTestObject("OASIS/ADLs-IADLs/adls_mucko_status/if_case_present/adls_cast_present_character_pain_tf"), "Sample Text"): Text 'Sample Text' is set on object 'Object Repository/OASIS/ADLs-IADLs/adls_mucko_status/if_case_present/adls_cast_present_character_pain_tf'

2019-04-30 10:06:26 - [MESSAGE][PASSED] - Text 'Sample Text' is set on object 'Object Repository/OASIS/ADLs-IADLs/adls_mucko_status/if_case_present/adls_cast_present_character_pain_tf'

2019-04-30 10:06:26 - [TEST_STEP][PASSED] - click(findTestObject("OASIS/ADLs-IADLs/adls_mucko_status/if_case_present/adls_cast_present_skintemp_warm")): Object: 'Object Repository/OASIS/ADLs-IADLs/adls_mucko_status/if_case_present/adls_cast_present_skintemp_warm' is clicked on

2019-04-30 10:06:26 - [MESSAGE][PASSED] - Object: 'Object Repository/OASIS/ADLs-IADLs/adls_mucko_status/if_case_present/adls_cast_present_skintemp_warm' is clicked on

2019-04-30 10:06:26 - [TEST_STEP][PASSED] - click(findTestObject("OASIS/ADLs-IADLs/adls_mucko_status/if_case_present/adls_cast_present_mobility_abletomove")): Object: 'Object Repository/OASIS/ADLs-IADLs/adls_mucko_status/if_case_present/adls_cast_present_mobility_abletomove' is clicked on

2019-04-30 10:06:26 - [MESSAGE][PASSED] - Object: 'Object Repository/OASIS/ADLs-IADLs/adls_mucko_status/if_case_present/adls_cast_present_mobility_abletomove' is clicked on

2019-04-30 10:06:26 - [TEST_STEP][PASSED] - setText(findTestObject("OASIS/ADLs-IADLs/adls_mucko_status/if_case_present/adls_cast_present_mobility_abletomove_tf"), "Sample Text"): Text 'Sample Text' is set on object 'Object Repository/OASIS/ADLs-IADLs/adls_mucko_status/if_case_present/adls_cast_present_mobility_abletomove_tf'

2019-04-30 10:06:26 - [MESSAGE][PASSED] - Text 'Sample Text' is set on object 'Object Repository/OASIS/ADLs-IADLs/adls_mucko_status/if_case_present/adls_cast_present_mobility_abletomove_tf'

2019-04-30 10:06:26 - [TEST_STEP][PASSED] - click(findTestObject("OASIS/ADLs-IADLs/adls_mucko_status/if_case_present/adls_cast_present_capillary_more3sec")): Object: 'Object Repository/OASIS/ADLs-IADLs/adls_mucko_status/if_case_present/adls_cast_present_capillary_more3sec' is clicked on

2019-04-30 10:06:27 - [MESSAGE][PASSED] - Object: 'Object Repository/OASIS/ADLs-IADLs/adls_mucko_status/if_case_present/adls_cast_present_capillary_more3sec' is clicked on

2019-04-30 10:06:27 - [TEST_STEP][PASSED] - delay(1): Delayed 1 second(s)

2019-04-30 10:06:28 - [MESSAGE][PASSED] - Delayed 1 second(s)

2019-04-30 10:06:28 - [TEST_STEP][PASSED] - click(findTestObject("OASIS/ADLs-IADLs/adls_functional_limitations/adls_functional_ambulation")): Object: 'Object Repository/OASIS/ADLs-IADLs/adls_functional_limitations/adls_functional_ambulation' is clicked on

2019-04-30 10:06:28 - [MESSAGE][PASSED] - Object: 'Object Repository/OASIS/ADLs-IADLs/adls_functional_limitations/adls_functional_ambulation' is clicked on

2019-04-30 10:06:28 - [TEST_STEP][PASSED] - click(findTestObject("OASIS/ADLs-IADLs/adls_functional_limitations/adls_functional_endurance")): Object: 'Object Repository/OASIS/ADLs-IADLs/adls_functional_limitations/adls_functional_endurance' is clicked on

2019-04-30 10:06:28 - [MESSAGE][PASSED] - Object: 'Object Repository/OASIS/ADLs-IADLs/adls_functional_limitations/adls_functional_endurance' is clicked on

2019-04-30 10:06:28 - [TEST_STEP][PASSED] - click(findTestObject("OASIS/ADLs-IADLs/adls_functional_limitations/adls_functional_contracture")): Object: 'Object Repository/OASIS/ADLs-IADLs/adls_functional_limitations/adls_functional_contracture' is clicked on

2019-04-30 10:06:28 - [MESSAGE][PASSED] - Object: 'Object Repository/OASIS/ADLs-IADLs/adls_functional_limitations/adls_functional_contracture' is clicked on

2019-04-30 10:06:28 - [TEST_STEP][PASSED] - click(findTestObject("OASIS/ADLs-IADLs/adls_functional_limitations/adls_functional_paralysis")): Object: 'Object Repository/OASIS/ADLs-IADLs/adls_functional_limitations/adls_functional_paralysis' is clicked on

2019-04-30 10:06:28 - [MESSAGE][PASSED] - Object: 'Object Repository/OASIS/ADLs-IADLs/adls_functional_limitations/adls_functional_paralysis' is clicked on

2019-04-30 10:06:28 - [TEST_STEP][PASSED] - click(findTestObject("OASIS/ADLs-IADLs/adls_functional_limitations/adls_functional_amputation")): Object: 'Object Repository/OASIS/ADLs-IADLs/adls_functional_limitations/adls_functional_amputation' is clicked on

2019-04-30 10:06:29 - [MESSAGE][PASSED] - Object: 'Object Repository/OASIS/ADLs-IADLs/adls_functional_limitations/adls_functional_amputation' is clicked on

2019-04-30 10:06:29 - [TEST_STEP][PASSED] - click(findTestObject("OASIS/ADLs-IADLs/adls_functional_limitations/adls_functional_legally_blind")): Object: 'Object Repository/OASIS/ADLs-IADLs/adls_functional_limitations/adls_functional_legally_blind' is clicked on

2019-04-30 10:06:29 - [MESSAGE][PASSED] - Object: 'Object Repository/OASIS/ADLs-IADLs/adls_functional_limitations/adls_functional_legally_blind' is clicked on

2019-04-30 10:06:29 - [TEST_STEP][PASSED] - click(findTestObject("OASIS/ADLs-IADLs/adls_functional_limitations/adls_functional_hearing")): Object: 'Object Repository/OASIS/ADLs-IADLs/adls_functional_limitations/adls_functional_hearing' is clicked on

2019-04-30 10:06:29 - [MESSAGE][PASSED] - Object: 'Object Repository/OASIS/ADLs-IADLs/adls_functional_limitations/adls_functional_hearing' is clicked on

2019-04-30 10:06:29 - [TEST_STEP][PASSED] - click(findTestObject("OASIS/ADLs-IADLs/adls_functional_limitations/adls_functional_speech")): Object: 'Object Repository/OASIS/ADLs-IADLs/adls_functional_limitations/adls_functional_speech' is clicked on

2019-04-30 10:06:29 - [MESSAGE][PASSED] - Object: 'Object Repository/OASIS/ADLs-IADLs/adls_functional_limitations/adls_functional_speech' is clicked on

2019-04-30 10:06:29 - [TEST_STEP][PASSED] - click(findTestObject("OASIS/ADLs-IADLs/adls_functional_limitations/adls_functional_dyspnea")): Object: 'Object Repository/OASIS/ADLs-IADLs/adls_functional_limitations/adls_functional_dyspnea' is clicked on

2019-04-30 10:06:29 - [MESSAGE][PASSED] - Object: 'Object Repository/OASIS/ADLs-IADLs/adls_functional_limitations/adls_functional_dyspnea' is clicked on

2019-04-30 10:06:29 - [TEST_STEP][PASSED] - click(findTestObject("OASIS/ADLs-IADLs/adls_functional_limitations/adls_functional_bowel")): Object: 'Object Repository/OASIS/ADLs-IADLs/adls_functional_limitations/adls_functional_bowel' is clicked on

2019-04-30 10:06:29 - [MESSAGE][PASSED] - Object: 'Object Repository/OASIS/ADLs-IADLs/adls_functional_limitations/adls_functional_bowel' is clicked on

2019-04-30 10:06:29 - [TEST_STEP][PASSED] - setText(findTestObject("OASIS/ADLs-IADLs/adls_functional_limitations/adls_functional_other"), "Motor ability"): Text 'Motor ability' is set on object 'Object Repository/OASIS/ADLs-IADLs/adls_functional_limitations/adls_functional_other'

2019-04-30 10:06:30 - [MESSAGE][PASSED] - Text 'Motor ability' is set on object 'Object Repository/OASIS/ADLs-IADLs/adls_functional_limitations/adls_functional_other'

2019-04-30 10:06:30 - [TEST_STEP][PASSED] - delay(1): Delayed 1 second(s)

2019-04-30 10:06:31 - [MESSAGE][PASSED] - Delayed 1 second(s)

2019-04-30 10:06:31 - [TEST_STEP][PASSED] - click(findTestObject("OASIS/ADLs-IADLs/adls_activities_permitted/adls_act_permitted_independentathome")): Object: 'Object Repository/OASIS/ADLs-IADLs/adls_activities_permitted/adls_act_permitted_independentathome' is clicked on

2019-04-30 10:06:31 - [MESSAGE][PASSED] - Object: 'Object Repository/OASIS/ADLs-IADLs/adls_activities_permitted/adls_act_permitted_independentathome' is clicked on

2019-04-30 10:06:31 - [TEST_STEP][PASSED] - click(findTestObject("OASIS/ADLs-IADLs/adls_activities_permitted/adls_act_permitted_upastolerated")): Object: 'Object Repository/OASIS/ADLs-IADLs/adls_activities_permitted/adls_act_permitted_upastolerated' is clicked on

2019-04-30 10:06:32 - [MESSAGE][PASSED] - Object: 'Object Repository/OASIS/ADLs-IADLs/adls_activities_permitted/adls_act_permitted_upastolerated' is clicked on

2019-04-30 10:06:32 - [TEST_STEP][PASSED] - click(findTestObject("OASIS/ADLs-IADLs/adls_activities_permitted/adls_act_permitted_bedrest")): Object: 'Object Repository/OASIS/ADLs-IADLs/adls_activities_permitted/adls_act_permitted_bedrest' is clicked on

2019-04-30 10:06:32 - [MESSAGE][PASSED] - Object: 'Object Repository/OASIS/ADLs-IADLs/adls_activities_permitted/adls_act_permitted_bedrest' is clicked on

2019-04-30 10:06:32 - [TEST_STEP][PASSED] - click(findTestObject("OASIS/ADLs-IADLs/adls_activities_permitted/adls_act_permitted_complete_bedrest")): Object: 'Object Repository/OASIS/ADLs-IADLs/adls_activities_permitted/adls_act_permitted_complete_bedrest' is clicked on

2019-04-30 10:06:32 - [MESSAGE][PASSED] - Object: 'Object Repository/OASIS/ADLs-IADLs/adls_activities_permitted/adls_act_permitted_complete_bedrest' is clicked on

2019-04-30 10:06:32 - [TEST_STEP][PASSED] - click(findTestObject("OASIS/ADLs-IADLs/adls_activities_permitted/adls_act_permitted_transferbed")): Object: 'Object Repository/OASIS/ADLs-IADLs/adls_activities_permitted/adls_act_permitted_transferbed' is clicked on

2019-04-30 10:06:32 - [MESSAGE][PASSED] - Object: 'Object Repository/OASIS/ADLs-IADLs/adls_activities_permitted/adls_act_permitted_transferbed' is clicked on

2019-04-30 10:06:32 - [TEST_STEP][PASSED] - click(findTestObject("OASIS/ADLs-IADLs/adls_activities_permitted/adls_act_permitted_partialweight")): Object: 'Object Repository/OASIS/ADLs-IADLs/adls_activities_permitted/adls_act_permitted_partialweight' is clicked on

2019-04-30 10:06:32 - [MESSAGE][PASSED] - Object: 'Object Repository/OASIS/ADLs-IADLs/adls_activities_permitted/adls_act_permitted_partialweight' is clicked on

2019-04-30 10:06:32 - [TEST_STEP][PASSED] - click(findTestObject("OASIS/ADLs-IADLs/adls_activities_permitted/adls_act_permitted_walker")): Object: 'Object Repository/OASIS/ADLs-IADLs/adls_activities_permitted/adls_act_permitted_walker' is clicked on

2019-04-30 10:06:32 - [MESSAGE][PASSED] - Object: 'Object Repository/OASIS/ADLs-IADLs/adls_activities_permitted/adls_act_permitted_walker' is clicked on

2019-04-30 10:06:32 - [TEST_STEP][PASSED] - click(findTestObject("OASIS/ADLs-IADLs/adls_activities_permitted/adls_act_permitted_wheelchair")): Object: 'Object Repository/OASIS/ADLs-IADLs/adls_activities_permitted/adls_act_permitted_wheelchair' is clicked on

2019-04-30 10:06:33 - [MESSAGE][PASSED] - Object: 'Object Repository/OASIS/ADLs-IADLs/adls_activities_permitted/adls_act_permitted_wheelchair' is clicked on

2019-04-30 10:06:33 - [TEST_STEP][PASSED] - click(findTestObject("OASIS/ADLs-IADLs/adls_activities_permitted/adls_act_permitted_cane")): Object: 'Object Repository/OASIS/ADLs-IADLs/adls_activities_permitted/adls_act_permitted_cane' is clicked on

2019-04-30 10:06:33 - [MESSAGE][PASSED] - Object: 'Object Repository/OASIS/ADLs-IADLs/adls_activities_permitted/adls_act_permitted_cane' is clicked on

2019-04-30 10:06:33 - [TEST_STEP][PASSED] - click(findTestObject("OASIS/ADLs-IADLs/adls_activities_permitted/adls_act_permitted_crutches")): Object: 'Object Repository/OASIS/ADLs-IADLs/adls_activities_permitted/adls_act_permitted_crutches' is clicked on

2019-04-30 10:06:33 - [MESSAGE][PASSED] - Object: 'Object Repository/OASIS/ADLs-IADLs/adls_activities_permitted/adls_act_permitted_crutches' is clicked on

2019-04-30 10:06:33 - [TEST_STEP][PASSED] - click(findTestObject("OASIS/ADLs-IADLs/adls_activities_permitted/adls_act_permitted_norestrictions")): Object: 'Object Repository/OASIS/ADLs-IADLs/adls_activities_permitted/adls_act_permitted_norestrictions' is clicked on

2019-04-30 10:06:33 - [MESSAGE][PASSED] - Object: 'Object Repository/OASIS/ADLs-IADLs/adls_activities_permitted/adls_act_permitted_norestrictions' is clicked on

2019-04-30 10:06:33 - [TEST_STEP][PASSED] - click(findTestObject("OASIS/ADLs-IADLs/adls_activities_permitted/adls_act_permitted_excercises")): Object: 'Object Repository/OASIS/ADLs-IADLs/adls_activities_permitted/adls_act_permitted_excercises' is clicked on

2019-04-30 10:06:33 - [MESSAGE][PASSED] - Object: 'Object Repository/OASIS/ADLs-IADLs/adls_activities_permitted/adls_act_permitted_excercises' is clicked on

2019-04-30 10:06:33 - [TEST_STEP][PASSED] - setText(findTestObject("OASIS/ADLs-IADLs/adls_activities_permitted/adls_act_permitted_other"), "Walking"): Text 'Walking' is set on object 'Object Repository/OASIS/ADLs-IADLs/adls_activities_permitted/adls_act_permitted_other'

2019-04-30 10:06:34 - [MESSAGE][PASSED] - Text 'Walking' is set on object 'Object Repository/OASIS/ADLs-IADLs/adls_activities_permitted/adls_act_permitted_other'

2019-04-30 10:06:34 - [TEST_STEP][PASSED] - delay(1): Delayed 1 second(s)

2019-04-30 10:06:35 - [MESSAGE][PASSED] - Delayed 1 second(s)

2019-04-30 10:06:35 - [TEST_STEP][PASSED] - click(findTestObject("OASIS/ADLs-IADLs/M1800_1")): Object: 'Object Repository/OASIS/ADLs-IADLs/M1800_1' is clicked on

2019-04-30 10:06:35 - [MESSAGE][PASSED] - Object: 'Object Repository/OASIS/ADLs-IADLs/M1800_1' is clicked on

2019-04-30 10:06:35 - [TEST_STEP][PASSED] - delay(1): Delayed 1 second(s)

2019-04-30 10:06:36 - [MESSAGE][PASSED] - Delayed 1 second(s)

2019-04-30 10:06:36 - [TEST_STEP][PASSED] - click(findTestObject("OASIS/ADLs-IADLs/M1810_0")): Object: 'Object Repository/OASIS/ADLs-IADLs/M1810_0' is clicked on

2019-04-30 10:06:36 - [MESSAGE][PASSED] - Object: 'Object Repository/OASIS/ADLs-IADLs/M1810_0' is clicked on

2019-04-30 10:06:36 - [TEST_STEP][PASSED] - delay(1): Delayed 1 second(s)

2019-04-30 10:06:37 - [MESSAGE][PASSED] - Delayed 1 second(s)

2019-04-30 10:06:37 - [TEST_STEP][PASSED] - click(findTestObject("OASIS/ADLs-IADLs/M1820_1")): Object: 'Object Repository/OASIS/ADLs-IADLs/M1820_1' is clicked on

2019-04-30 10:06:37 - [MESSAGE][PASSED] - Object: 'Object Repository/OASIS/ADLs-IADLs/M1820_1' is clicked on

2019-04-30 10:06:37 - [TEST_STEP][PASSED] - delay(1): Delayed 1 second(s)

2019-04-30 10:06:38 - [MESSAGE][PASSED] - Delayed 1 second(s)

2019-04-30 10:06:38 - [TEST_STEP][PASSED] - click(findTestObject("OASIS/ADLs-IADLs/M1830_1")): Object: 'Object Repository/OASIS/ADLs-IADLs/M1830_1' is clicked on

2019-04-30 10:06:39 - [MESSAGE][PASSED] - Object: 'Object Repository/OASIS/ADLs-IADLs/M1830_1' is clicked on

2019-04-30 10:06:39 - [TEST_STEP][PASSED] - delay(1): Delayed 1 second(s)

2019-04-30 10:06:40 - [MESSAGE][PASSED] - Delayed 1 second(s)

2019-04-30 10:06:40 - [TEST_STEP][PASSED] - click(findTestObject("OASIS/ADLs-IADLs/M1840_0")): Object: 'Object Repository/OASIS/ADLs-IADLs/M1840_0' is clicked on

2019-04-30 10:06:40 - [MESSAGE][PASSED] - Object: 'Object Repository/OASIS/ADLs-IADLs/M1840_0' is clicked on

2019-04-30 10:06:40 - [TEST_STEP][PASSED] - delay(1): Delayed 1 second(s)

2019-04-30 10:06:41 - [MESSAGE][PASSED] - Delayed 1 second(s)

2019-04-30 10:06:41 - [TEST_STEP][PASSED] - click(findTestObject("OASIS/ADLs-IADLs/M1845_1")): Object: 'Object Repository/OASIS/ADLs-IADLs/M1845_1' is clicked on

2019-04-30 10:06:41 - [MESSAGE][PASSED] - Object: 'Object Repository/OASIS/ADLs-IADLs/M1845_1' is clicked on

2019-04-30 10:06:41 - [TEST_STEP][PASSED] - delay(1): Delayed 1 second(s)

2019-04-30 10:06:42 - [MESSAGE][PASSED] - Delayed 1 second(s)

2019-04-30 10:06:42 - [TEST_STEP][PASSED] - click(findTestObject("OASIS/ADLs-IADLs/M1850_0")): Object: 'Object Repository/OASIS/ADLs-IADLs/M1850_0' is clicked on

2019-04-30 10:06:42 - [MESSAGE][PASSED] - Object: 'Object Repository/OASIS/ADLs-IADLs/M1850_0' is clicked on

2019-04-30 10:06:42 - [TEST_STEP][PASSED] - delay(1): Delayed 1 second(s)

2019-04-30 10:06:43 - [MESSAGE][PASSED] - Delayed 1 second(s)

2019-04-30 10:06:43 - [TEST_STEP][PASSED] - click(findTestObject("OASIS/ADLs-IADLs/M1860_0")): Object: 'Object Repository/OASIS/ADLs-IADLs/M1860_0' is clicked on

2019-04-30 10:06:43 - [MESSAGE][PASSED] - Object: 'Object Repository/OASIS/ADLs-IADLs/M1860_0' is clicked on

2019-04-30 10:06:43 - [TEST_STEP][PASSED] - delay(1): Delayed 1 second(s)

2019-04-30 10:06:44 - [MESSAGE][PASSED] - Delayed 1 second(s)

2019-04-30 10:06:44 - [TEST_STEP][PASSED] - click(findTestObject("OASIS/ADLs-IADLs/M1870_0")): Object: 'Object Repository/OASIS/ADLs-IADLs/M1870_0' is clicked on

2019-04-30 10:06:44 - [MESSAGE][PASSED] - Object: 'Object Repository/OASIS/ADLs-IADLs/M1870_0' is clicked on

2019-04-30 10:06:44 - [TEST_STEP][PASSED] - delay(1): Delayed 1 second(s)

2019-04-30 10:06:45 - [MESSAGE][PASSED] - Delayed 1 second(s)

2019-04-30 10:06:45 - [TEST_STEP][PASSED] - click(findTestObject("OASIS/ADLs-IADLs/M1910_1")): Object: 'Object Repository/OASIS/ADLs-IADLs/M1910_1' is clicked on

2019-04-30 10:06:46 - [MESSAGE][PASSED] - Object: 'Object Repository/OASIS/ADLs-IADLs/M1910_1' is clicked on

2019-04-30 10:06:46 - [TEST_STEP][PASSED] - delay(2): Delayed 2 second(s)

2019-04-30 10:06:48 - [MESSAGE][PASSED] - Delayed 2 second(s)

2019-04-30 10:06:48 - [TEST_STEP][PASSED] - click(findTestObject("OASIS/ADLs-IADLs/adls_mahc_10/adls_mach10_age65")): Object: 'Object Repository/OASIS/ADLs-IADLs/adls_mahc_10/adls_mach10_age65' is clicked on

2019-04-30 10:06:48 - [MESSAGE][PASSED] - Object: 'Object Repository/OASIS/ADLs-IADLs/adls_mahc_10/adls_mach10_age65' is clicked on

2019-04-30 10:06:48 - [TEST_STEP][PASSED] - click(findTestObject("OASIS/ADLs-IADLs/adls_mahc_10/adls_mach10_diagnosis")): Object: 'Object Repository/OASIS/ADLs-IADLs/adls_mahc_10/adls_mach10_diagnosis' is clicked on

2019-04-30 10:06:48 - [MESSAGE][PASSED] - Object: 'Object Repository/OASIS/ADLs-IADLs/adls_mahc_10/adls_mach10_diagnosis' is clicked on

2019-04-30 10:06:48 - [TEST_STEP][PASSED] - click(findTestObject("OASIS/ADLs-IADLs/adls_mahc_10/adls_mach10_priorhistoryoffall")): Object: 'Object Repository/OASIS/ADLs-IADLs/adls_mahc_10/adls_mach10_priorhistoryoffall' is clicked on

2019-04-30 10:06:48 - [MESSAGE][PASSED] - Object: 'Object Repository/OASIS/ADLs-IADLs/adls_mahc_10/adls_mach10_priorhistoryoffall' is clicked on

2019-04-30 10:06:48 - [TEST_STEP][PASSED] - click(findTestObject("OASIS/ADLs-IADLs/adls_mahc_10/adls_mach10_incontinence")): Object: 'Object Repository/OASIS/ADLs-IADLs/adls_mahc_10/adls_mach10_incontinence' is clicked on

2019-04-30 10:06:48 - [MESSAGE][PASSED] - Object: 'Object Repository/OASIS/ADLs-IADLs/adls_mahc_10/adls_mach10_incontinence' is clicked on

2019-04-30 10:06:48 - [TEST_STEP][PASSED] - click(findTestObject("OASIS/ADLs-IADLs/adls_mahc_10/adls_mach10_visualimpairment")): Object: 'Object Repository/OASIS/ADLs-IADLs/adls_mahc_10/adls_mach10_visualimpairment' is clicked on

2019-04-30 10:06:49 - [MESSAGE][PASSED] - Object: 'Object Repository/OASIS/ADLs-IADLs/adls_mahc_10/adls_mach10_visualimpairment' is clicked on

2019-04-30 10:06:49 - [TEST_STEP][PASSED] - click(findTestObject("OASIS/ADLs-IADLs/adls_mahc_10/adls_mach10_impairedfunctional")): Object: 'Object Repository/OASIS/ADLs-IADLs/adls_mahc_10/adls_mach10_impairedfunctional' is clicked on

2019-04-30 10:06:49 - [MESSAGE][PASSED] - Object: 'Object Repository/OASIS/ADLs-IADLs/adls_mahc_10/adls_mach10_impairedfunctional' is clicked on

2019-04-30 10:06:49 - [TEST_STEP][PASSED] - click(findTestObject("OASIS/ADLs-IADLs/adls_mahc_10/adls_mach10_environmenthazards")): Object: 'Object Repository/OASIS/ADLs-IADLs/adls_mahc_10/adls_mach10_environmenthazards' is clicked on

2019-04-30 10:06:49 - [MESSAGE][PASSED] - Object: 'Object Repository/OASIS/ADLs-IADLs/adls_mahc_10/adls_mach10_environmenthazards' is clicked on

2019-04-30 10:06:49 - [TEST_STEP][PASSED] - click(findTestObject("OASIS/ADLs-IADLs/adls_mahc_10/adls_mach10_polypharmacy")): Object: 'Object Repository/OASIS/ADLs-IADLs/adls_mahc_10/adls_mach10_polypharmacy' is clicked on

2019-04-30 10:06:49 - [MESSAGE][PASSED] - Object: 'Object Repository/OASIS/ADLs-IADLs/adls_mahc_10/adls_mach10_polypharmacy' is clicked on

2019-04-30 10:06:49 - [TEST_STEP][PASSED] - click(findTestObject("OASIS/ADLs-IADLs/adls_mahc_10/adls_mach10_painaffecting")): Object: 'Object Repository/OASIS/ADLs-IADLs/adls_mahc_10/adls_mach10_painaffecting' is clicked on

2019-04-30 10:06:49 - [MESSAGE][PASSED] - Object: 'Object Repository/OASIS/ADLs-IADLs/adls_mahc_10/adls_mach10_painaffecting' is clicked on

2019-04-30 10:06:49 - [TEST_STEP][PASSED] - click(findTestObject("OASIS/ADLs-IADLs/adls_mahc_10/adls_mach10_cognitiveimpairment")): Object: 'Object Repository/OASIS/ADLs-IADLs/adls_mahc_10/adls_mach10_cognitiveimpairment' is clicked on

2019-04-30 10:06:50 - [MESSAGE][PASSED] - Object: 'Object Repository/OASIS/ADLs-IADLs/adls_mahc_10/adls_mach10_cognitiveimpairment' is clicked on

2019-04-30 10:06:50 - [TEST_STEP][PASSED] - delay(2): Delayed 2 second(s)

2019-04-30 10:06:52 - [MESSAGE][PASSED] - Delayed 2 second(s)

2019-04-30 10:06:52 - [TEST_STEP][NOT_RUN] - click(findTestObject("OASIS/ADLs-IADLs/adls_sectionGG/adls_GG0100_priorfunctioning_a"), STOP_ON_FAILURE): NOT_RUN: click(findTestObject("OASIS/ADLs-IADLs/adls_sectionGG/adls_GG0100_priorfunctioning_a"), STOP_ON_FAILURE)

2019-04-30 10:06:52 - [MESSAGE][NOT_RUN] - NOT_RUN: click(findTestObject("OASIS/ADLs-IADLs/adls_sectionGG/adls_GG0100_priorfunctioning_a"), STOP_ON_FAILURE)

2019-04-30 10:06:52 - [TEST_STEP][NOT_RUN] - setText(findTestObject("OASIS/ADLs-IADLs/adls_sectionGG/adls_GG0100_priorfunctioning_a"), "3"): NOT_RUN: setText(findTestObject("OASIS/ADLs-IADLs/adls_sectionGG/adls_GG0100_priorfunctioning_a"), "3")

2019-04-30 10:06:52 - [MESSAGE][NOT_RUN] - NOT_RUN: setText(findTestObject("OASIS/ADLs-IADLs/adls_sectionGG/adls_GG0100_priorfunctioning_a"), "3")

2019-04-30 10:06:52 - [TEST_STEP][PASSED] - click(findTestObject("OASIS/ADLs-IADLs/adls_sectionGG/adls_GG0100_priorfunctioning_b"), STOP_ON_FAILURE): Object: 'Object Repository/OASIS/ADLs-IADLs/adls_sectionGG/adls_GG0100_priorfunctioning_b' is clicked on

2019-04-30 10:06:52 - [MESSAGE][PASSED] - Object: 'Object Repository/OASIS/ADLs-IADLs/adls_sectionGG/adls_GG0100_priorfunctioning_b' is clicked on

2019-04-30 10:06:52 - [TEST_STEP][PASSED] - setText(findTestObject("OASIS/ADLs-IADLs/adls_sectionGG/adls_GG0100_priorfunctioning_b"), "3"): Text '3' is set on object 'Object Repository/OASIS/ADLs-IADLs/adls_sectionGG/adls_GG0100_priorfunctioning_b'

2019-04-30 10:06:52 - [MESSAGE][PASSED] - Text '3' is set on object 'Object Repository/OASIS/ADLs-IADLs/adls_sectionGG/adls_GG0100_priorfunctioning_b'

2019-04-30 10:06:52 - [TEST_STEP][PASSED] - click(findTestObject("OASIS/ADLs-IADLs/adls_sectionGG/adls_GG0100_priorfunctioning_c"), STOP_ON_FAILURE): Object: 'Object Repository/OASIS/ADLs-IADLs/adls_sectionGG/adls_GG0100_priorfunctioning_c' is clicked on

2019-04-30 10:06:52 - [MESSAGE][PASSED] - Object: 'Object Repository/OASIS/ADLs-IADLs/adls_sectionGG/adls_GG0100_priorfunctioning_c' is clicked on

2019-04-30 10:06:52 - [TEST_STEP][PASSED] - setText(findTestObject("OASIS/ADLs-IADLs/adls_sectionGG/adls_GG0100_priorfunctioning_c"), "2"): Text '2' is set on object 'Object Repository/OASIS/ADLs-IADLs/adls_sectionGG/adls_GG0100_priorfunctioning_c'

2019-04-30 10:06:52 - [MESSAGE][PASSED] - Text '2' is set on object 'Object Repository/OASIS/ADLs-IADLs/adls_sectionGG/adls_GG0100_priorfunctioning_c'

2019-04-30 10:06:52 - [TEST_STEP][PASSED] - click(findTestObject("OASIS/ADLs-IADLs/adls_sectionGG/adls_GG0100_priorfunctioning_d"), STOP_ON_FAILURE): Object: 'Object Repository/OASIS/ADLs-IADLs/adls_sectionGG/adls_GG0100_priorfunctioning_d' is clicked on

2019-04-30 10:06:52 - [MESSAGE][PASSED] - Object: 'Object Repository/OASIS/ADLs-IADLs/adls_sectionGG/adls_GG0100_priorfunctioning_d' is clicked on

2019-04-30 10:06:52 - [TEST_STEP][PASSED] - setText(findTestObject("OASIS/ADLs-IADLs/adls_sectionGG/adls_GG0100_priorfunctioning_d"), "2"): Text '2' is set on object 'Object Repository/OASIS/ADLs-IADLs/adls_sectionGG/adls_GG0100_priorfunctioning_d'

2019-04-30 10:06:52 - [MESSAGE][PASSED] - Text '2' is set on object 'Object Repository/OASIS/ADLs-IADLs/adls_sectionGG/adls_GG0100_priorfunctioning_d'

2019-04-30 10:06:52 - [TEST_STEP][PASSED] - delay(1): Delayed 1 second(s)

2019-04-30 10:06:53 - [MESSAGE][PASSED] - Delayed 1 second(s)

2019-04-30 10:06:53 - [TEST_STEP][PASSED] - click(findTestObject("OASIS/ADLs-IADLs/adls_sectionGG/adls_GG0110_priordevice_a")): Object: 'Object Repository/OASIS/ADLs-IADLs/adls_sectionGG/adls_GG0110_priordevice_a' is clicked on

2019-04-30 10:06:54 - [MESSAGE][PASSED] - Object: 'Object Repository/OASIS/ADLs-IADLs/adls_sectionGG/adls_GG0110_priordevice_a' is clicked on

2019-04-30 10:06:54 - [TEST_STEP][PASSED] - click(findTestObject("OASIS/ADLs-IADLs/adls_sectionGG/adls_GG0110_priordevice_b")): Object: 'Object Repository/OASIS/ADLs-IADLs/adls_sectionGG/adls_GG0110_priordevice_b' is clicked on

2019-04-30 10:06:54 - [MESSAGE][PASSED] - Object: 'Object Repository/OASIS/ADLs-IADLs/adls_sectionGG/adls_GG0110_priordevice_b' is clicked on

2019-04-30 10:06:54 - [TEST_STEP][PASSED] - click(findTestObject("OASIS/ADLs-IADLs/adls_sectionGG/adls_GG0110_priordevice_c")): Object: 'Object Repository/OASIS/ADLs-IADLs/adls_sectionGG/adls_GG0110_priordevice_c' is clicked on

2019-04-30 10:06:54 - [MESSAGE][PASSED] - Object: 'Object Repository/OASIS/ADLs-IADLs/adls_sectionGG/adls_GG0110_priordevice_c' is clicked on

2019-04-30 10:06:54 - [TEST_STEP][PASSED] - click(findTestObject("OASIS/ADLs-IADLs/adls_sectionGG/adls_GG0110_priordevice_d")): Object: 'Object Repository/OASIS/ADLs-IADLs/adls_sectionGG/adls_GG0110_priordevice_d' is clicked on

2019-04-30 10:06:54 - [MESSAGE][PASSED] - Object: 'Object Repository/OASIS/ADLs-IADLs/adls_sectionGG/adls_GG0110_priordevice_d' is clicked on

2019-04-30 10:06:54 - [TEST_STEP][PASSED] - click(findTestObject("OASIS/ADLs-IADLs/adls_sectionGG/adls_GG0110_priordevice_e")): Object: 'Object Repository/OASIS/ADLs-IADLs/adls_sectionGG/adls_GG0110_priordevice_e' is clicked on

2019-04-30 10:06:54 - [MESSAGE][PASSED] - Object: 'Object Repository/OASIS/ADLs-IADLs/adls_sectionGG/adls_GG0110_priordevice_e' is clicked on

2019-04-30 10:06:54 - [TEST_STEP][PASSED] - delay(3): Delayed 3 second(s)

2019-04-30 10:06:57 - [MESSAGE][PASSED] - Delayed 3 second(s)

2019-04-30 10:06:57 - [TEST_STEP][PASSED] - click(findTestObject("OASIS/ADLs-IADLs/adls_sectionGG/adls_GG0130_self-care_soc_a")): Object: 'Object Repository/OASIS/ADLs-IADLs/adls_sectionGG/adls_GG0130_self-care_soc_a' is clicked on

2019-04-30 10:06:57 - [MESSAGE][PASSED] - Object: 'Object Repository/OASIS/ADLs-IADLs/adls_sectionGG/adls_GG0130_self-care_soc_a' is clicked on

2019-04-30 10:06:57 - [TEST_STEP][PASSED] - setText(findTestObject("OASIS/ADLs-IADLs/adls_sectionGG/adls_GG0130_self-care_soc_a"), "06"): Text '06' is set on object 'Object Repository/OASIS/ADLs-IADLs/adls_sectionGG/adls_GG0130_self-care_soc_a'

2019-04-30 10:06:58 - [MESSAGE][PASSED] - Text '06' is set on object 'Object Repository/OASIS/ADLs-IADLs/adls_sectionGG/adls_GG0130_self-care_soc_a'

2019-04-30 10:06:58 - [TEST_STEP][PASSED] - click(findTestObject("OASIS/ADLs-IADLs/adls_sectionGG/adls_GG0130_self-care_dc_a")): Object: 'Object Repository/OASIS/ADLs-IADLs/adls_sectionGG/adls_GG0130_self-care_dc_a' is clicked on

2019-04-30 10:06:58 - [MESSAGE][PASSED] - Object: 'Object Repository/OASIS/ADLs-IADLs/adls_sectionGG/adls_GG0130_self-care_dc_a' is clicked on

2019-04-30 10:06:58 - [TEST_STEP][PASSED] - setText(findTestObject("OASIS/ADLs-IADLs/adls_sectionGG/adls_GG0130_self-care_dc_a"), "06"): Text '06' is set on object 'Object Repository/OASIS/ADLs-IADLs/adls_sectionGG/adls_GG0130_self-care_dc_a'

2019-04-30 10:06:58 - [MESSAGE][PASSED] - Text '06' is set on object 'Object Repository/OASIS/ADLs-IADLs/adls_sectionGG/adls_GG0130_self-care_dc_a'

2019-04-30 10:06:58 - [TEST_STEP][PASSED] - delay(1): Delayed 1 second(s)

2019-04-30 10:06:59 - [MESSAGE][PASSED] - Delayed 1 second(s)

2019-04-30 10:06:59 - [TEST_STEP][PASSED] - click(findTestObject("OASIS/ADLs-IADLs/adls_sectionGG/adls_GG0130_self-care_soc_b")): Object: 'Object Repository/OASIS/ADLs-IADLs/adls_sectionGG/adls_GG0130_self-care_soc_b' is clicked on

2019-04-30 10:06:59 - [MESSAGE][PASSED] - Object: 'Object Repository/OASIS/ADLs-IADLs/adls_sectionGG/adls_GG0130_self-care_soc_b' is clicked on

2019-04-30 10:06:59 - [TEST_STEP][PASSED] - setText(findTestObject("OASIS/ADLs-IADLs/adls_sectionGG/adls_GG0130_self-care_soc_b"), "06"): Text '06' is set on object 'Object Repository/OASIS/ADLs-IADLs/adls_sectionGG/adls_GG0130_self-care_soc_b'

2019-04-30 10:06:59 - [MESSAGE][PASSED] - Text '06' is set on object 'Object Repository/OASIS/ADLs-IADLs/adls_sectionGG/adls_GG0130_self-care_soc_b'

2019-04-30 10:06:59 - [TEST_STEP][PASSED] - click(findTestObject("OASIS/ADLs-IADLs/adls_sectionGG/adls_GG0130_self-care_dc_b")): Object: 'Object Repository/OASIS/ADLs-IADLs/adls_sectionGG/adls_GG0130_self-care_dc_b' is clicked on

2019-04-30 10:06:59 - [MESSAGE][PASSED] - Object: 'Object Repository/OASIS/ADLs-IADLs/adls_sectionGG/adls_GG0130_self-care_dc_b' is clicked on

2019-04-30 10:06:59 - [TEST_STEP][PASSED] - setText(findTestObject("OASIS/ADLs-IADLs/adls_sectionGG/adls_GG0130_self-care_dc_b"), "06"): Text '06' is set on object 'Object Repository/OASIS/ADLs-IADLs/adls_sectionGG/adls_GG0130_self-care_dc_b'

2019-04-30 10:06:59 - [MESSAGE][PASSED] - Text '06' is set on object 'Object Repository/OASIS/ADLs-IADLs/adls_sectionGG/adls_GG0130_self-care_dc_b'

2019-04-30 10:06:59 - [TEST_STEP][PASSED] - delay(1): Delayed 1 second(s)

2019-04-30 10:07:00 - [MESSAGE][PASSED] - Delayed 1 second(s)

2019-04-30 10:07:00 - [TEST_STEP][PASSED] - click(findTestObject("OASIS/ADLs-IADLs/adls_sectionGG/adls_GG0130_self-care_soc_c")): Object: 'Object Repository/OASIS/ADLs-IADLs/adls_sectionGG/adls_GG0130_self-care_soc_c' is clicked on

2019-04-30 10:07:00 - [MESSAGE][PASSED] - Object: 'Object Repository/OASIS/ADLs-IADLs/adls_sectionGG/adls_GG0130_self-care_soc_c' is clicked on

2019-04-30 10:07:00 - [TEST_STEP][PASSED] - setText(findTestObject("OASIS/ADLs-IADLs/adls_sectionGG/adls_GG0130_self-care_soc_c"), "06"): Text '06' is set on object 'Object Repository/OASIS/ADLs-IADLs/adls_sectionGG/adls_GG0130_self-care_soc_c'

2019-04-30 10:07:00 - [MESSAGE][PASSED] - Text '06' is set on object 'Object Repository/OASIS/ADLs-IADLs/adls_sectionGG/adls_GG0130_self-care_soc_c'

2019-04-30 10:07:00 - [TEST_STEP][PASSED] - click(findTestObject("OASIS/ADLs-IADLs/adls_sectionGG/adls_GG0130_self-care_dc_c")): Object: 'Object Repository/OASIS/ADLs-IADLs/adls_sectionGG/adls_GG0130_self-care_dc_c' is clicked on

2019-04-30 10:07:01 - [MESSAGE][PASSED] - Object: 'Object Repository/OASIS/ADLs-IADLs/adls_sectionGG/adls_GG0130_self-care_dc_c' is clicked on

2019-04-30 10:07:01 - [TEST_STEP][PASSED] - setText(findTestObject("OASIS/ADLs-IADLs/adls_sectionGG/adls_GG0130_self-care_dc_c"), "06"): Text '06' is set on object 'Object Repository/OASIS/ADLs-IADLs/adls_sectionGG/adls_GG0130_self-care_dc_c'

2019-04-30 10:07:01 - [MESSAGE][PASSED] - Text '06' is set on object 'Object Repository/OASIS/ADLs-IADLs/adls_sectionGG/adls_GG0130_self-care_dc_c'

2019-04-30 10:07:01 - [TEST_STEP][PASSED] - delay(1): Delayed 1 second(s)

2019-04-30 10:07:02 - [MESSAGE][PASSED] - Delayed 1 second(s)

2019-04-30 10:07:02 - [TEST_STEP][PASSED] - click(findTestObject("OASIS/ADLs-IADLs/adls_sectionGG/adls_GG0130_self-care_soc_e")): Object: 'Object Repository/OASIS/ADLs-IADLs/adls_sectionGG/adls_GG0130_self-care_soc_e' is clicked on

2019-04-30 10:07:02 - [MESSAGE][PASSED] - Object: 'Object Repository/OASIS/ADLs-IADLs/adls_sectionGG/adls_GG0130_self-care_soc_e' is clicked on

2019-04-30 10:07:02 - [TEST_STEP][PASSED] - setText(findTestObject("OASIS/ADLs-IADLs/adls_sectionGG/adls_GG0130_self-care_soc_e"), "06"): Text '06' is set on object 'Object Repository/OASIS/ADLs-IADLs/adls_sectionGG/adls_GG0130_self-care_soc_e'

2019-04-30 10:07:02 - [MESSAGE][PASSED] - Text '06' is set on object 'Object Repository/OASIS/ADLs-IADLs/adls_sectionGG/adls_GG0130_self-care_soc_e'

2019-04-30 10:07:02 - [TEST_STEP][PASSED] - click(findTestObject("OASIS/ADLs-IADLs/adls_sectionGG/adls_GG0130_self-care_dc_e")): Object: 'Object Repository/OASIS/ADLs-IADLs/adls_sectionGG/adls_GG0130_self-care_dc_e' is clicked on

2019-04-30 10:07:02 - [MESSAGE][PASSED] - Object: 'Object Repository/OASIS/ADLs-IADLs/adls_sectionGG/adls_GG0130_self-care_dc_e' is clicked on

2019-04-30 10:07:02 - [TEST_STEP][PASSED] - setText(findTestObject("OASIS/ADLs-IADLs/adls_sectionGG/adls_GG0130_self-care_dc_e"), "06"): Text '06' is set on object 'Object Repository/OASIS/ADLs-IADLs/adls_sectionGG/adls_GG0130_self-care_dc_e'

2019-04-30 10:07:02 - [MESSAGE][PASSED] - Text '06' is set on object 'Object Repository/OASIS/ADLs-IADLs/adls_sectionGG/adls_GG0130_self-care_dc_e'

2019-04-30 10:07:02 - [TEST_STEP][PASSED] - delay(1): Delayed 1 second(s)

2019-04-30 10:07:03 - [MESSAGE][PASSED] - Delayed 1 second(s)

2019-04-30 10:07:03 - [TEST_STEP][PASSED] - click(findTestObject("OASIS/ADLs-IADLs/adls_sectionGG/adls_GG0130_self-care_soc_f")): Object: 'Object Repository/OASIS/ADLs-IADLs/adls_sectionGG/adls_GG0130_self-care_soc_f' is clicked on

2019-04-30 10:07:03 - [MESSAGE][PASSED] - Object: 'Object Repository/OASIS/ADLs-IADLs/adls_sectionGG/adls_GG0130_self-care_soc_f' is clicked on

2019-04-30 10:07:03 - [TEST_STEP][PASSED] - setText(findTestObject("OASIS/ADLs-IADLs/adls_sectionGG/adls_GG0130_self-care_soc_f"), "06"): Text '06' is set on object 'Object Repository/OASIS/ADLs-IADLs/adls_sectionGG/adls_GG0130_self-care_soc_f'

2019-04-30 10:07:03 - [MESSAGE][PASSED] - Text '06' is set on object 'Object Repository/OASIS/ADLs-IADLs/adls_sectionGG/adls_GG0130_self-care_soc_f'

2019-04-30 10:07:03 - [TEST_STEP][PASSED] - click(findTestObject("OASIS/ADLs-IADLs/adls_sectionGG/adls_GG0130_self-care_dc_f")): Object: 'Object Repository/OASIS/ADLs-IADLs/adls_sectionGG/adls_GG0130_self-care_dc_f' is clicked on

2019-04-30 10:07:04 - [MESSAGE][PASSED] - Object: 'Object Repository/OASIS/ADLs-IADLs/adls_sectionGG/adls_GG0130_self-care_dc_f' is clicked on

2019-04-30 10:07:04 - [TEST_STEP][PASSED] - setText(findTestObject("OASIS/ADLs-IADLs/adls_sectionGG/adls_GG0130_self-care_dc_f"), "06"): Text '06' is set on object 'Object Repository/OASIS/ADLs-IADLs/adls_sectionGG/adls_GG0130_self-care_dc_f'

2019-04-30 10:07:04 - [MESSAGE][PASSED] - Text '06' is set on object 'Object Repository/OASIS/ADLs-IADLs/adls_sectionGG/adls_GG0130_self-care_dc_f'

2019-04-30 10:07:04 - [TEST_STEP][PASSED] - delay(1): Delayed 1 second(s)

2019-04-30 10:07:05 - [MESSAGE][PASSED] - Delayed 1 second(s)

2019-04-30 10:07:05 - [TEST_STEP][PASSED] - click(findTestObject("OASIS/ADLs-IADLs/adls_sectionGG/adls_GG0130_self-care_soc_g")): Object: 'Object Repository/OASIS/ADLs-IADLs/adls_sectionGG/adls_GG0130_self-care_soc_g' is clicked on

2019-04-30 10:07:05 - [MESSAGE][PASSED] - Object: 'Object Repository/OASIS/ADLs-IADLs/adls_sectionGG/adls_GG0130_self-care_soc_g' is clicked on

2019-04-30 10:07:05 - [TEST_STEP][PASSED] - setText(findTestObject("OASIS/ADLs-IADLs/adls_sectionGG/adls_GG0130_self-care_soc_g"), "06"): Text '06' is set on object 'Object Repository/OASIS/ADLs-IADLs/adls_sectionGG/adls_GG0130_self-care_soc_g'

2019-04-30 10:07:05 - [MESSAGE][PASSED] - Text '06' is set on object 'Object Repository/OASIS/ADLs-IADLs/adls_sectionGG/adls_GG0130_self-care_soc_g'

2019-04-30 10:07:05 - [TEST_STEP][PASSED] - click(findTestObject("OASIS/ADLs-IADLs/adls_sectionGG/adls_GG0130_self-care_dc_g")): Object: 'Object Repository/OASIS/ADLs-IADLs/adls_sectionGG/adls_GG0130_self-care_dc_g' is clicked on

2019-04-30 10:07:05 - [MESSAGE][PASSED] - Object: 'Object Repository/OASIS/ADLs-IADLs/adls_sectionGG/adls_GG0130_self-care_dc_g' is clicked on

2019-04-30 10:07:05 - [TEST_STEP][PASSED] - setText(findTestObject("OASIS/ADLs-IADLs/adls_sectionGG/adls_GG0130_self-care_dc_g"), "06"): Text '06' is set on object 'Object Repository/OASIS/ADLs-IADLs/adls_sectionGG/adls_GG0130_self-care_dc_g'

2019-04-30 10:07:05 - [MESSAGE][PASSED] - Text '06' is set on object 'Object Repository/OASIS/ADLs-IADLs/adls_sectionGG/adls_GG0130_self-care_dc_g'

2019-04-30 10:07:05 - [TEST_STEP][PASSED] - delay(1): Delayed 1 second(s)

2019-04-30 10:07:06 - [MESSAGE][PASSED] - Delayed 1 second(s)

2019-04-30 10:07:06 - [TEST_STEP][PASSED] - click(findTestObject("OASIS/ADLs-IADLs/adls_sectionGG/adls_GG0130_self-care_soc_h")): Object: 'Object Repository/OASIS/ADLs-IADLs/adls_sectionGG/adls_GG0130_self-care_soc_h' is clicked on

2019-04-30 10:07:06 - [MESSAGE][PASSED] - Object: 'Object Repository/OASIS/ADLs-IADLs/adls_sectionGG/adls_GG0130_self-care_soc_h' is clicked on

2019-04-30 10:07:06 - [TEST_STEP][PASSED] - setText(findTestObject("OASIS/ADLs-IADLs/adls_sectionGG/adls_GG0130_self-care_soc_h"), "06"): Text '06' is set on object 'Object Repository/OASIS/ADLs-IADLs/adls_sectionGG/adls_GG0130_self-care_soc_h'

2019-04-30 10:07:06 - [MESSAGE][PASSED] - Text '06' is set on object 'Object Repository/OASIS/ADLs-IADLs/adls_sectionGG/adls_GG0130_self-care_soc_h'

2019-04-30 10:07:06 - [TEST_STEP][PASSED] - click(findTestObject("OASIS/ADLs-IADLs/adls_sectionGG/adls_GG0130_self-care_dc_h")): Object: 'Object Repository/OASIS/ADLs-IADLs/adls_sectionGG/adls_GG0130_self-care_dc_h' is clicked on

2019-04-30 10:07:06 - [MESSAGE][PASSED] - Object: 'Object Repository/OASIS/ADLs-IADLs/adls_sectionGG/adls_GG0130_self-care_dc_h' is clicked on

2019-04-30 10:07:06 - [TEST_STEP][PASSED] - setText(findTestObject("OASIS/ADLs-IADLs/adls_sectionGG/adls_GG0130_self-care_dc_h"), "06"): Text '06' is set on object 'Object Repository/OASIS/ADLs-IADLs/adls_sectionGG/adls_GG0130_self-care_dc_h'

2019-04-30 10:07:07 - [MESSAGE][PASSED] - Text '06' is set on object 'Object Repository/OASIS/ADLs-IADLs/adls_sectionGG/adls_GG0130_self-care_dc_h'

2019-04-30 10:07:07 - [TEST_STEP][PASSED] - delay(5): Delayed 5 second(s)

2019-04-30 10:07:12 - [MESSAGE][PASSED] - Delayed 5 second(s)

2019-04-30 10:07:12 - [TEST_STEP][PASSED] - click(findTestObject("OASIS/ADLs-IADLs/adls_sectionGG/adls_GG0170C_soc_a")): Object: 'Object Repository/OASIS/ADLs-IADLs/adls_sectionGG/adls_GG0170C_soc_a' is clicked on

2019-04-30 10:07:12 - [MESSAGE][PASSED] - Object: 'Object Repository/OASIS/ADLs-IADLs/adls_sectionGG/adls_GG0170C_soc_a' is clicked on

2019-04-30 10:07:12 - [TEST_STEP][PASSED] - setText(findTestObject("OASIS/ADLs-IADLs/adls_sectionGG/adls_GG0170C_soc_a"), "06"): Text '06' is set on object 'Object Repository/OASIS/ADLs-IADLs/adls_sectionGG/adls_GG0170C_soc_a'

2019-04-30 10:07:12 - [MESSAGE][PASSED] - Text '06' is set on object 'Object Repository/OASIS/ADLs-IADLs/adls_sectionGG/adls_GG0170C_soc_a'

2019-04-30 10:07:12 - [TEST_STEP][PASSED] - click(findTestObject("OASIS/ADLs-IADLs/adls_sectionGG/adls_GG0170C_dc_a")): Object: 'Object Repository/OASIS/ADLs-IADLs/adls_sectionGG/adls_GG0170C_dc_a' is clicked on

2019-04-30 10:07:12 - [MESSAGE][PASSED] - Object: 'Object Repository/OASIS/ADLs-IADLs/adls_sectionGG/adls_GG0170C_dc_a' is clicked on

2019-04-30 10:07:12 - [TEST_STEP][PASSED] - setText(findTestObject("OASIS/ADLs-IADLs/adls_sectionGG/adls_GG0170C_dc_a"), "06"): Text '06' is set on object 'Object Repository/OASIS/ADLs-IADLs/adls_sectionGG/adls_GG0170C_dc_a'

2019-04-30 10:07:12 - [MESSAGE][PASSED] - Text '06' is set on object 'Object Repository/OASIS/ADLs-IADLs/adls_sectionGG/adls_GG0170C_dc_a'

2019-04-30 10:07:12 - [TEST_STEP][PASSED] - delay(1): Delayed 1 second(s)

2019-04-30 10:07:13 - [MESSAGE][PASSED] - Delayed 1 second(s)

2019-04-30 10:07:13 - [TEST_STEP][PASSED] - click(findTestObject("OASIS/ADLs-IADLs/adls_sectionGG/adls_GG0170C_soc_b")): Object: 'Object Repository/OASIS/ADLs-IADLs/adls_sectionGG/adls_GG0170C_soc_b' is clicked on

2019-04-30 10:07:13 - [MESSAGE][PASSED] - Object: 'Object Repository/OASIS/ADLs-IADLs/adls_sectionGG/adls_GG0170C_soc_b' is clicked on

2019-04-30 10:07:13 - [TEST_STEP][PASSED] - setText(findTestObject("OASIS/ADLs-IADLs/adls_sectionGG/adls_GG0170C_soc_b"), "06"): Text '06' is set on object 'Object Repository/OASIS/ADLs-IADLs/adls_sectionGG/adls_GG0170C_soc_b'

2019-04-30 10:07:13 - [MESSAGE][PASSED] - Text '06' is set on object 'Object Repository/OASIS/ADLs-IADLs/adls_sectionGG/adls_GG0170C_soc_b'

2019-04-30 10:07:13 - [TEST_STEP][PASSED] - click(findTestObject("OASIS/ADLs-IADLs/adls_sectionGG/adls_GG0170C_dc_b")): Object: 'Object Repository/OASIS/ADLs-IADLs/adls_sectionGG/adls_GG0170C_dc_b' is clicked on

2019-04-30 10:07:13 - [MESSAGE][PASSED] - Object: 'Object Repository/OASIS/ADLs-IADLs/adls_sectionGG/adls_GG0170C_dc_b' is clicked on

2019-04-30 10:07:13 - [TEST_STEP][PASSED] - setText(findTestObject("OASIS/ADLs-IADLs/adls_sectionGG/adls_GG0170C_dc_b"), "06"): Text '06' is set on object 'Object Repository/OASIS/ADLs-IADLs/adls_sectionGG/adls_GG0170C_dc_b'

2019-04-30 10:07:13 - [MESSAGE][PASSED] - Text '06' is set on object 'Object Repository/OASIS/ADLs-IADLs/adls_sectionGG/adls_GG0170C_dc_b'

2019-04-30 10:07:13 - [TEST_STEP][PASSED] - delay(1): Delayed 1 second(s)

2019-04-30 10:07:14 - [MESSAGE][PASSED] - Delayed 1 second(s)

2019-04-30 10:07:14 - [TEST_STEP][PASSED] - click(findTestObject("OASIS/ADLs-IADLs/adls_sectionGG/adls_GG0170C_soc_c")): Object: 'Object Repository/OASIS/ADLs-IADLs/adls_sectionGG/adls_GG0170C_soc_c' is clicked on

2019-04-30 10:07:15 - [MESSAGE][PASSED] - Object: 'Object Repository/OASIS/ADLs-IADLs/adls_sectionGG/adls_GG0170C_soc_c' is clicked on

2019-04-30 10:07:15 - [TEST_STEP][PASSED] - setText(findTestObject("OASIS/ADLs-IADLs/adls_sectionGG/adls_GG0170C_soc_c"), "06"): Text '06' is set on object 'Object Repository/OASIS/ADLs-IADLs/adls_sectionGG/adls_GG0170C_soc_c'

2019-04-30 10:07:15 - [MESSAGE][PASSED] - Text '06' is set on object 'Object Repository/OASIS/ADLs-IADLs/adls_sectionGG/adls_GG0170C_soc_c'

2019-04-30 10:07:15 - [TEST_STEP][PASSED] - click(findTestObject("OASIS/ADLs-IADLs/adls_sectionGG/adls_GG0170C_dc_c")): Object: 'Object Repository/OASIS/ADLs-IADLs/adls_sectionGG/adls_GG0170C_dc_c' is clicked on

2019-04-30 10:07:15 - [MESSAGE][PASSED] - Object: 'Object Repository/OASIS/ADLs-IADLs/adls_sectionGG/adls_GG0170C_dc_c' is clicked on

2019-04-30 10:07:15 - [TEST_STEP][PASSED] - setText(findTestObject("OASIS/ADLs-IADLs/adls_sectionGG/adls_GG0170C_dc_c"), "06"): Text '06' is set on object 'Object Repository/OASIS/ADLs-IADLs/adls_sectionGG/adls_GG0170C_dc_c'

2019-04-30 10:07:15 - [MESSAGE][PASSED] - Text '06' is set on object 'Object Repository/OASIS/ADLs-IADLs/adls_sectionGG/adls_GG0170C_dc_c'

2019-04-30 10:07:15 - [TEST_STEP][PASSED] - delay(1): Delayed 1 second(s)

2019-04-30 10:07:16 - [MESSAGE][PASSED] - Delayed 1 second(s)

2019-04-30 10:07:16 - [TEST_STEP][PASSED] - click(findTestObject("OASIS/ADLs-IADLs/adls_sectionGG/adls_GG0170C_soc_d")): Object: 'Object Repository/OASIS/ADLs-IADLs/adls_sectionGG/adls_GG0170C_soc_d' is clicked on

2019-04-30 10:07:16 - [MESSAGE][PASSED] - Object: 'Object Repository/OASIS/ADLs-IADLs/adls_sectionGG/adls_GG0170C_soc_d' is clicked on

2019-04-30 10:07:16 - [TEST_STEP][PASSED] - setText(findTestObject("OASIS/ADLs-IADLs/adls_sectionGG/adls_GG0170C_soc_d"), "06"): Text '06' is set on object 'Object Repository/OASIS/ADLs-IADLs/adls_sectionGG/adls_GG0170C_soc_d'

2019-04-30 10:07:16 - [MESSAGE][PASSED] - Text '06' is set on object 'Object Repository/OASIS/ADLs-IADLs/adls_sectionGG/adls_GG0170C_soc_d'

2019-04-30 10:07:16 - [TEST_STEP][PASSED] - click(findTestObject("OASIS/ADLs-IADLs/adls_sectionGG/adls_GG0170C_dc_d")): Object: 'Object Repository/OASIS/ADLs-IADLs/adls_sectionGG/adls_GG0170C_dc_d' is clicked on

2019-04-30 10:07:16 - [MESSAGE][PASSED] - Object: 'Object Repository/OASIS/ADLs-IADLs/adls_sectionGG/adls_GG0170C_dc_d' is clicked on

2019-04-30 10:07:16 - [TEST_STEP][PASSED] - setText(findTestObject("OASIS/ADLs-IADLs/adls_sectionGG/adls_GG0170C_dc_d"), "06"): Text '06' is set on object 'Object Repository/OASIS/ADLs-IADLs/adls_sectionGG/adls_GG0170C_dc_d'

2019-04-30 10:07:16 - [MESSAGE][PASSED] - Text '06' is set on object 'Object Repository/OASIS/ADLs-IADLs/adls_sectionGG/adls_GG0170C_dc_d'

2019-04-30 10:07:16 - [TEST_STEP][PASSED] - delay(1): Delayed 1 second(s)

2019-04-30 10:07:17 - [MESSAGE][PASSED] - Delayed 1 second(s)

2019-04-30 10:07:17 - [TEST_STEP][PASSED] - click(findTestObject("OASIS/ADLs-IADLs/adls_sectionGG/adls_GG0170C_soc_e")): Object: 'Object Repository/OASIS/ADLs-IADLs/adls_sectionGG/adls_GG0170C_soc_e' is clicked on

2019-04-30 10:07:18 - [MESSAGE][PASSED] - Object: 'Object Repository/OASIS/ADLs-IADLs/adls_sectionGG/adls_GG0170C_soc_e' is clicked on

2019-04-30 10:07:18 - [TEST_STEP][PASSED] - setText(findTestObject("OASIS/ADLs-IADLs/adls_sectionGG/adls_GG0170C_soc_e"), "06"): Text '06' is set on object 'Object Repository/OASIS/ADLs-IADLs/adls_sectionGG/adls_GG0170C_soc_e'

2019-04-30 10:07:18 - [MESSAGE][PASSED] - Text '06' is set on object 'Object Repository/OASIS/ADLs-IADLs/adls_sectionGG/adls_GG0170C_soc_e'

2019-04-30 10:07:18 - [TEST_STEP][PASSED] - click(findTestObject("OASIS/ADLs-IADLs/adls_sectionGG/adls_GG0170C_dc_e")): Object: 'Object Repository/OASIS/ADLs-IADLs/adls_sectionGG/adls_GG0170C_dc_e' is clicked on

2019-04-30 10:07:18 - [MESSAGE][PASSED] - Object: 'Object Repository/OASIS/ADLs-IADLs/adls_sectionGG/adls_GG0170C_dc_e' is clicked on

2019-04-30 10:07:18 - [TEST_STEP][PASSED] - setText(findTestObject("OASIS/ADLs-IADLs/adls_sectionGG/adls_GG0170C_dc_e"), "06"): Text '06' is set on object 'Object Repository/OASIS/ADLs-IADLs/adls_sectionGG/adls_GG0170C_dc_e'

2019-04-30 10:07:18 - [MESSAGE][PASSED] - Text '06' is set on object 'Object Repository/OASIS/ADLs-IADLs/adls_sectionGG/adls_GG0170C_dc_e'

2019-04-30 10:07:18 - [TEST_STEP][PASSED] - delay(1): Delayed 1 second(s)

2019-04-30 10:07:19 - [MESSAGE][PASSED] - Delayed 1 second(s)

2019-04-30 10:07:19 - [TEST_STEP][PASSED] - click(findTestObject("OASIS/ADLs-IADLs/adls_sectionGG/adls_GG0170C_soc_f")): Object: 'Object Repository/OASIS/ADLs-IADLs/adls_sectionGG/adls_GG0170C_soc_f' is clicked on

2019-04-30 10:07:19 - [MESSAGE][PASSED] - Object: 'Object Repository/OASIS/ADLs-IADLs/adls_sectionGG/adls_GG0170C_soc_f' is clicked on

2019-04-30 10:07:19 - [TEST_STEP][PASSED] - setText(findTestObject("OASIS/ADLs-IADLs/adls_sectionGG/adls_GG0170C_soc_f"), "06"): Text '06' is set on object 'Object Repository/OASIS/ADLs-IADLs/adls_sectionGG/adls_GG0170C_soc_f'

2019-04-30 10:07:19 - [MESSAGE][PASSED] - Text '06' is set on object 'Object Repository/OASIS/ADLs-IADLs/adls_sectionGG/adls_GG0170C_soc_f'

2019-04-30 10:07:19 - [TEST_STEP][PASSED] - click(findTestObject("OASIS/ADLs-IADLs/adls_sectionGG/adls_GG0170C_dc_f")): Object: 'Object Repository/OASIS/ADLs-IADLs/adls_sectionGG/adls_GG0170C_dc_f' is clicked on

2019-04-30 10:07:19 - [MESSAGE][PASSED] - Object: 'Object Repository/OASIS/ADLs-IADLs/adls_sectionGG/adls_GG0170C_dc_f' is clicked on

2019-04-30 10:07:19 - [TEST_STEP][PASSED] - setText(findTestObject("OASIS/ADLs-IADLs/adls_sectionGG/adls_GG0170C_dc_f"), "06"): Text '06' is set on object 'Object Repository/OASIS/ADLs-IADLs/adls_sectionGG/adls_GG0170C_dc_f'

2019-04-30 10:07:19 - [MESSAGE][PASSED] - Text '06' is set on object 'Object Repository/OASIS/ADLs-IADLs/adls_sectionGG/adls_GG0170C_dc_f'

2019-04-30 10:07:19 - [TEST_STEP][PASSED] - delay(1): Delayed 1 second(s)

2019-04-30 10:07:20 - [MESSAGE][PASSED] - Delayed 1 second(s)

2019-04-30 10:07:20 - [TEST_STEP][PASSED] - click(findTestObject("OASIS/ADLs-IADLs/adls_sectionGG/adls_GG0170C_soc_g")): Object: 'Object Repository/OASIS/ADLs-IADLs/adls_sectionGG/adls_GG0170C_soc_g' is clicked on

2019-04-30 10:07:20 - [MESSAGE][PASSED] - Object: 'Object Repository/OASIS/ADLs-IADLs/adls_sectionGG/adls_GG0170C_soc_g' is clicked on

2019-04-30 10:07:20 - [TEST_STEP][PASSED] - setText(findTestObject("OASIS/ADLs-IADLs/adls_sectionGG/adls_GG0170C_soc_g"), "06"): Text '06' is set on object 'Object Repository/OASIS/ADLs-IADLs/adls_sectionGG/adls_GG0170C_soc_g'

2019-04-30 10:07:21 - [MESSAGE][PASSED] - Text '06' is set on object 'Object Repository/OASIS/ADLs-IADLs/adls_sectionGG/adls_GG0170C_soc_g'

2019-04-30 10:07:21 - [TEST_STEP][PASSED] - click(findTestObject("OASIS/ADLs-IADLs/adls_sectionGG/adls_GG0170C_dc_g")): Object: 'Object Repository/OASIS/ADLs-IADLs/adls_sectionGG/adls_GG0170C_dc_g' is clicked on

2019-04-30 10:07:21 - [MESSAGE][PASSED] - Object: 'Object Repository/OASIS/ADLs-IADLs/adls_sectionGG/adls_GG0170C_dc_g' is clicked on

2019-04-30 10:07:21 - [TEST_STEP][PASSED] - setText(findTestObject("OASIS/ADLs-IADLs/adls_sectionGG/adls_GG0170C_dc_g"), "06"): Text '06' is set on object 'Object Repository/OASIS/ADLs-IADLs/adls_sectionGG/adls_GG0170C_dc_g'

2019-04-30 10:07:21 - [MESSAGE][PASSED] - Text '06' is set on object 'Object Repository/OASIS/ADLs-IADLs/adls_sectionGG/adls_GG0170C_dc_g'

2019-04-30 10:07:21 - [TEST_STEP][PASSED] - delay(1): Delayed 1 second(s)

2019-04-30 10:07:22 - [MESSAGE][PASSED] - Delayed 1 second(s)

2019-04-30 10:07:22 - [TEST_STEP][PASSED] - click(findTestObject("OASIS/ADLs-IADLs/adls_sectionGG/adls_GG0170C_soc_i")): Object: 'Object Repository/OASIS/ADLs-IADLs/adls_sectionGG/adls_GG0170C_soc_i' is clicked on

2019-04-30 10:07:22 - [MESSAGE][PASSED] - Object: 'Object Repository/OASIS/ADLs-IADLs/adls_sectionGG/adls_GG0170C_soc_i' is clicked on

2019-04-30 10:07:22 - [TEST_STEP][PASSED] - setText(findTestObject("OASIS/ADLs-IADLs/adls_sectionGG/adls_GG0170C_soc_i"), "06"): Text '06' is set on object 'Object Repository/OASIS/ADLs-IADLs/adls_sectionGG/adls_GG0170C_soc_i'

2019-04-30 10:07:22 - [MESSAGE][PASSED] - Text '06' is set on object 'Object Repository/OASIS/ADLs-IADLs/adls_sectionGG/adls_GG0170C_soc_i'

2019-04-30 10:07:22 - [TEST_STEP][PASSED] - click(findTestObject("OASIS/ADLs-IADLs/adls_sectionGG/adls_GG0170C_dc_i")): Object: 'Object Repository/OASIS/ADLs-IADLs/adls_sectionGG/adls_GG0170C_dc_i' is clicked on

2019-04-30 10:07:22 - [MESSAGE][PASSED] - Object: 'Object Repository/OASIS/ADLs-IADLs/adls_sectionGG/adls_GG0170C_dc_i' is clicked on

2019-04-30 10:07:22 - [TEST_STEP][PASSED] - setText(findTestObject("OASIS/ADLs-IADLs/adls_sectionGG/adls_GG0170C_dc_i"), "06"): Text '06' is set on object 'Object Repository/OASIS/ADLs-IADLs/adls_sectionGG/adls_GG0170C_dc_i'

2019-04-30 10:07:22 - [MESSAGE][PASSED] - Text '06' is set on object 'Object Repository/OASIS/ADLs-IADLs/adls_sectionGG/adls_GG0170C_dc_i'

2019-04-30 10:07:22 - [TEST_STEP][PASSED] - delay(1): Delayed 1 second(s)

2019-04-30 10:07:23 - [MESSAGE][PASSED] - Delayed 1 second(s)

2019-04-30 10:07:23 - [TEST_STEP][PASSED] - click(findTestObject("OASIS/ADLs-IADLs/adls_sectionGG/adls_GG0170C_soc_j")): Object: 'Object Repository/OASIS/ADLs-IADLs/adls_sectionGG/adls_GG0170C_soc_j' is clicked on

2019-04-30 10:07:23 - [MESSAGE][PASSED] - Object: 'Object Repository/OASIS/ADLs-IADLs/adls_sectionGG/adls_GG0170C_soc_j' is clicked on

2019-04-30 10:07:23 - [TEST_STEP][PASSED] - setText(findTestObject("OASIS/ADLs-IADLs/adls_sectionGG/adls_GG0170C_soc_j"), "06"): Text '06' is set on object 'Object Repository/OASIS/ADLs-IADLs/adls_sectionGG/adls_GG0170C_soc_j'

2019-04-30 10:07:23 - [MESSAGE][PASSED] - Text '06' is set on object 'Object Repository/OASIS/ADLs-IADLs/adls_sectionGG/adls_GG0170C_soc_j'

2019-04-30 10:07:24 - [TEST_STEP][PASSED] - click(findTestObject("OASIS/ADLs-IADLs/adls_sectionGG/adls_GG0170C_dc_j")): Object: 'Object Repository/OASIS/ADLs-IADLs/adls_sectionGG/adls_GG0170C_dc_j' is clicked on

2019-04-30 10:07:24 - [MESSAGE][PASSED] - Object: 'Object Repository/OASIS/ADLs-IADLs/adls_sectionGG/adls_GG0170C_dc_j' is clicked on

2019-04-30 10:07:24 - [TEST_STEP][PASSED] - setText(findTestObject("OASIS/ADLs-IADLs/adls_sectionGG/adls_GG0170C_dc_j"), "06"): Text '06' is set on object 'Object Repository/OASIS/ADLs-IADLs/adls_sectionGG/adls_GG0170C_dc_j'

2019-04-30 10:07:24 - [MESSAGE][PASSED] - Text '06' is set on object 'Object Repository/OASIS/ADLs-IADLs/adls_sectionGG/adls_GG0170C_dc_j'

2019-04-30 10:07:24 - [TEST_STEP][PASSED] - delay(1): Delayed 1 second(s)

2019-04-30 10:07:25 - [MESSAGE][PASSED] - Delayed 1 second(s)

2019-04-30 10:07:25 - [TEST_STEP][PASSED] - click(findTestObject("OASIS/ADLs-IADLs/adls_sectionGG/adls_GG0170C_soc_k")): Object: 'Object Repository/OASIS/ADLs-IADLs/adls_sectionGG/adls_GG0170C_soc_k' is clicked on

2019-04-30 10:07:25 - [MESSAGE][PASSED] - Object: 'Object Repository/OASIS/ADLs-IADLs/adls_sectionGG/adls_GG0170C_soc_k' is clicked on

2019-04-30 10:07:25 - [TEST_STEP][PASSED] - setText(findTestObject("OASIS/ADLs-IADLs/adls_sectionGG/adls_GG0170C_soc_k"), "06"): Text '06' is set on object 'Object Repository/OASIS/ADLs-IADLs/adls_sectionGG/adls_GG0170C_soc_k'

2019-04-30 10:07:25 - [MESSAGE][PASSED] - Text '06' is set on object 'Object Repository/OASIS/ADLs-IADLs/adls_sectionGG/adls_GG0170C_soc_k'

2019-04-30 10:07:25 - [TEST_STEP][PASSED] - click(findTestObject("OASIS/ADLs-IADLs/adls_sectionGG/adls_GG0170C_dc_k")): Object: 'Object Repository/OASIS/ADLs-IADLs/adls_sectionGG/adls_GG0170C_dc_k' is clicked on

2019-04-30 10:07:25 - [MESSAGE][PASSED] - Object: 'Object Repository/OASIS/ADLs-IADLs/adls_sectionGG/adls_GG0170C_dc_k' is clicked on

2019-04-30 10:07:25 - [TEST_STEP][PASSED] - setText(findTestObject("OASIS/ADLs-IADLs/adls_sectionGG/adls_GG0170C_dc_k"), "06"): Text '06' is set on object 'Object Repository/OASIS/ADLs-IADLs/adls_sectionGG/adls_GG0170C_dc_k'

2019-04-30 10:07:25 - [MESSAGE][PASSED] - Text '06' is set on object 'Object Repository/OASIS/ADLs-IADLs/adls_sectionGG/adls_GG0170C_dc_k'

2019-04-30 10:07:25 - [TEST_STEP][PASSED] - delay(1): Delayed 1 second(s)

2019-04-30 10:07:26 - [MESSAGE][PASSED] - Delayed 1 second(s)

2019-04-30 10:07:26 - [TEST_STEP][PASSED] - click(findTestObject("OASIS/ADLs-IADLs/adls_sectionGG/adls_GG0170C_soc_l")): Object: 'Object Repository/OASIS/ADLs-IADLs/adls_sectionGG/adls_GG0170C_soc_l' is clicked on

2019-04-30 10:07:26 - [MESSAGE][PASSED] - Object: 'Object Repository/OASIS/ADLs-IADLs/adls_sectionGG/adls_GG0170C_soc_l' is clicked on

2019-04-30 10:07:26 - [TEST_STEP][PASSED] - setText(findTestObject("OASIS/ADLs-IADLs/adls_sectionGG/adls_GG0170C_soc_l"), "06"): Text '06' is set on object 'Object Repository/OASIS/ADLs-IADLs/adls_sectionGG/adls_GG0170C_soc_l'

2019-04-30 10:07:26 - [MESSAGE][PASSED] - Text '06' is set on object 'Object Repository/OASIS/ADLs-IADLs/adls_sectionGG/adls_GG0170C_soc_l'

2019-04-30 10:07:26 - [TEST_STEP][PASSED] - click(findTestObject("OASIS/ADLs-IADLs/adls_sectionGG/adls_GG0170C_dc_l")): Object: 'Object Repository/OASIS/ADLs-IADLs/adls_sectionGG/adls_GG0170C_dc_l' is clicked on

2019-04-30 10:07:27 - [MESSAGE][PASSED] - Object: 'Object Repository/OASIS/ADLs-IADLs/adls_sectionGG/adls_GG0170C_dc_l' is clicked on

2019-04-30 10:07:27 - [TEST_STEP][PASSED] - setText(findTestObject("OASIS/ADLs-IADLs/adls_sectionGG/adls_GG0170C_dc_l"), "06"): Text '06' is set on object 'Object Repository/OASIS/ADLs-IADLs/adls_sectionGG/adls_GG0170C_dc_l'

2019-04-30 10:07:27 - [MESSAGE][PASSED] - Text '06' is set on object 'Object Repository/OASIS/ADLs-IADLs/adls_sectionGG/adls_GG0170C_dc_l'

2019-04-30 10:07:27 - [TEST_STEP][PASSED] - delay(1): Delayed 1 second(s)

2019-04-30 10:07:28 - [MESSAGE][PASSED] - Delayed 1 second(s)

2019-04-30 10:07:28 - [TEST_STEP][PASSED] - click(findTestObject("OASIS/ADLs-IADLs/adls_sectionGG/adls_GG0170C_soc_m")): Object: 'Object Repository/OASIS/ADLs-IADLs/adls_sectionGG/adls_GG0170C_soc_m' is clicked on

2019-04-30 10:07:28 - [MESSAGE][PASSED] - Object: 'Object Repository/OASIS/ADLs-IADLs/adls_sectionGG/adls_GG0170C_soc_m' is clicked on

2019-04-30 10:07:28 - [TEST_STEP][PASSED] - setText(findTestObject("OASIS/ADLs-IADLs/adls_sectionGG/adls_GG0170C_soc_m"), "06"): Text '06' is set on object 'Object Repository/OASIS/ADLs-IADLs/adls_sectionGG/adls_GG0170C_soc_m'

2019-04-30 10:07:28 - [MESSAGE][PASSED] - Text '06' is set on object 'Object Repository/OASIS/ADLs-IADLs/adls_sectionGG/adls_GG0170C_soc_m'

2019-04-30 10:07:28 - [TEST_STEP][PASSED] - click(findTestObject("OASIS/ADLs-IADLs/adls_sectionGG/adls_GG0170C_dc_m")): Object: 'Object Repository/OASIS/ADLs-IADLs/adls_sectionGG/adls_GG0170C_dc_m' is clicked on

2019-04-30 10:07:28 - [MESSAGE][PASSED] - Object: 'Object Repository/OASIS/ADLs-IADLs/adls_sectionGG/adls_GG0170C_dc_m' is clicked on

2019-04-30 10:07:28 - [TEST_STEP][PASSED] - setText(findTestObject("OASIS/ADLs-IADLs/adls_sectionGG/adls_GG0170C_dc_m"), "06"): Text '06' is set on object 'Object Repository/OASIS/ADLs-IADLs/adls_sectionGG/adls_GG0170C_dc_m'

2019-04-30 10:07:28 - [MESSAGE][PASSED] - Text '06' is set on object 'Object Repository/OASIS/ADLs-IADLs/adls_sectionGG/adls_GG0170C_dc_m'

2019-04-30 10:07:28 - [TEST_STEP][PASSED] - delay(1): Delayed 1 second(s)

2019-04-30 10:07:29 - [MESSAGE][PASSED] - Delayed 1 second(s)

2019-04-30 10:07:29 - [TEST_STEP][PASSED] - click(findTestObject("OASIS/ADLs-IADLs/adls_sectionGG/adls_GG0170C_soc_n")): Object: 'Object Repository/OASIS/ADLs-IADLs/adls_sectionGG/adls_GG0170C_soc_n' is clicked on

2019-04-30 10:07:29 - [MESSAGE][PASSED] - Object: 'Object Repository/OASIS/ADLs-IADLs/adls_sectionGG/adls_GG0170C_soc_n' is clicked on

2019-04-30 10:07:29 - [TEST_STEP][PASSED] - setText(findTestObject("OASIS/ADLs-IADLs/adls_sectionGG/adls_GG0170C_soc_n"), "06"): Text '06' is set on object 'Object Repository/OASIS/ADLs-IADLs/adls_sectionGG/adls_GG0170C_soc_n'

2019-04-30 10:07:29 - [MESSAGE][PASSED] - Text '06' is set on object 'Object Repository/OASIS/ADLs-IADLs/adls_sectionGG/adls_GG0170C_soc_n'

2019-04-30 10:07:29 - [TEST_STEP][PASSED] - click(findTestObject("OASIS/ADLs-IADLs/adls_sectionGG/adls_GG0170C_dc_n")): Object: 'Object Repository/OASIS/ADLs-IADLs/adls_sectionGG/adls_GG0170C_dc_n' is clicked on

2019-04-30 10:07:29 - [MESSAGE][PASSED] - Object: 'Object Repository/OASIS/ADLs-IADLs/adls_sectionGG/adls_GG0170C_dc_n' is clicked on

2019-04-30 10:07:29 - [TEST_STEP][PASSED] - setText(findTestObject("OASIS/ADLs-IADLs/adls_sectionGG/adls_GG0170C_dc_n"), "06"): Text '06' is set on object 'Object Repository/OASIS/ADLs-IADLs/adls_sectionGG/adls_GG0170C_dc_n'

2019-04-30 10:07:30 - [MESSAGE][PASSED] - Text '06' is set on object 'Object Repository/OASIS/ADLs-IADLs/adls_sectionGG/adls_GG0170C_dc_n'

2019-04-30 10:07:30 - [TEST_STEP][PASSED] - delay(1): Delayed 1 second(s)

2019-04-30 10:07:31 - [MESSAGE][PASSED] - Delayed 1 second(s)

2019-04-30 10:07:31 - [TEST_STEP][PASSED] - click(findTestObject("OASIS/ADLs-IADLs/adls_sectionGG/adls_GG0170C_soc_o")): Object: 'Object Repository/OASIS/ADLs-IADLs/adls_sectionGG/adls_GG0170C_soc_o' is clicked on

2019-04-30 10:07:31 - [MESSAGE][PASSED] - Object: 'Object Repository/OASIS/ADLs-IADLs/adls_sectionGG/adls_GG0170C_soc_o' is clicked on

2019-04-30 10:07:31 - [TEST_STEP][PASSED] - setText(findTestObject("OASIS/ADLs-IADLs/adls_sectionGG/adls_GG0170C_soc_o"), "06"): Text '06' is set on object 'Object Repository/OASIS/ADLs-IADLs/adls_sectionGG/adls_GG0170C_soc_o'

2019-04-30 10:07:31 - [MESSAGE][PASSED] - Text '06' is set on object 'Object Repository/OASIS/ADLs-IADLs/adls_sectionGG/adls_GG0170C_soc_o'

2019-04-30 10:07:31 - [TEST_STEP][PASSED] - click(findTestObject("OASIS/ADLs-IADLs/adls_sectionGG/adls_GG0170C_dc_o")): Object: 'Object Repository/OASIS/ADLs-IADLs/adls_sectionGG/adls_GG0170C_dc_o' is clicked on

2019-04-30 10:07:31 - [MESSAGE][PASSED] - Object: 'Object Repository/OASIS/ADLs-IADLs/adls_sectionGG/adls_GG0170C_dc_o' is clicked on

2019-04-30 10:07:31 - [TEST_STEP][PASSED] - setText(findTestObject("OASIS/ADLs-IADLs/adls_sectionGG/adls_GG0170C_dc_o"), "06"): Text '06' is set on object 'Object Repository/OASIS/ADLs-IADLs/adls_sectionGG/adls_GG0170C_dc_o'

2019-04-30 10:07:31 - [MESSAGE][PASSED] - Text '06' is set on object 'Object Repository/OASIS/ADLs-IADLs/adls_sectionGG/adls_GG0170C_dc_o'

2019-04-30 10:07:31 - [TEST_STEP][PASSED] - delay(1): Delayed 1 second(s)

2019-04-30 10:07:32 - [MESSAGE][PASSED] - Delayed 1 second(s)

2019-04-30 10:07:32 - [TEST_STEP][PASSED] - click(findTestObject("OASIS/ADLs-IADLs/adls_sectionGG/adls_GG0170C_soc_p")): Object: 'Object Repository/OASIS/ADLs-IADLs/adls_sectionGG/adls_GG0170C_soc_p' is clicked on

2019-04-30 10:07:32 - [MESSAGE][PASSED] - Object: 'Object Repository/OASIS/ADLs-IADLs/adls_sectionGG/adls_GG0170C_soc_p' is clicked on

2019-04-30 10:07:32 - [TEST_STEP][PASSED] - setText(findTestObject("OASIS/ADLs-IADLs/adls_sectionGG/adls_GG0170C_soc_p"), "06"): Text '06' is set on object 'Object Repository/OASIS/ADLs-IADLs/adls_sectionGG/adls_GG0170C_soc_p'

2019-04-30 10:07:32 - [MESSAGE][PASSED] - Text '06' is set on object 'Object Repository/OASIS/ADLs-IADLs/adls_sectionGG/adls_GG0170C_soc_p'

2019-04-30 10:07:32 - [TEST_STEP][PASSED] - click(findTestObject("OASIS/ADLs-IADLs/adls_sectionGG/adls_GG0170C_dc_p")): Object: 'Object Repository/OASIS/ADLs-IADLs/adls_sectionGG/adls_GG0170C_dc_p' is clicked on

2019-04-30 10:07:32 - [MESSAGE][PASSED] - Object: 'Object Repository/OASIS/ADLs-IADLs/adls_sectionGG/adls_GG0170C_dc_p' is clicked on

2019-04-30 10:07:32 - [TEST_STEP][PASSED] - setText(findTestObject("OASIS/ADLs-IADLs/adls_sectionGG/adls_GG0170C_dc_p"), "06"): Text '06' is set on object 'Object Repository/OASIS/ADLs-IADLs/adls_sectionGG/adls_GG0170C_dc_p'

2019-04-30 10:07:33 - [MESSAGE][PASSED] - Text '06' is set on object 'Object Repository/OASIS/ADLs-IADLs/adls_sectionGG/adls_GG0170C_dc_p'

2019-04-30 10:07:33 - [TEST_STEP][PASSED] - delay(1): Delayed 1 second(s)

2019-04-30 10:07:34 - [MESSAGE][PASSED] - Delayed 1 second(s)

2019-04-30 10:07:34 - [TEST_STEP][PASSED] - click(findTestObject("OASIS/ADLs-IADLs/adls_sectionGG/adls_GG0170C_q")): Object: 'Object Repository/OASIS/ADLs-IADLs/adls_sectionGG/adls_GG0170C_q' is clicked on

2019-04-30 10:07:34 - [MESSAGE][PASSED] - Object: 'Object Repository/OASIS/ADLs-IADLs/adls_sectionGG/adls_GG0170C_q' is clicked on

2019-04-30 10:07:34 - [TEST_STEP][PASSED] - setText(findTestObject("OASIS/ADLs-IADLs/adls_sectionGG/adls_GG0170C_q"), "1"): Text '1' is set on object 'Object Repository/OASIS/ADLs-IADLs/adls_sectionGG/adls_GG0170C_q'

2019-04-30 10:07:34 - [MESSAGE][PASSED] - Text '1' is set on object 'Object Repository/OASIS/ADLs-IADLs/adls_sectionGG/adls_GG0170C_q'

2019-04-30 10:07:34 - [TEST_STEP][PASSED] - delay(1): Delayed 1 second(s)

2019-04-30 10:07:35 - [MESSAGE][PASSED] - Delayed 1 second(s)

2019-04-30 10:07:35 - [TEST_STEP][PASSED] - click(findTestObject("OASIS/ADLs-IADLs/adls_sectionGG/adls_GG0170C_soc_r")): Object: 'Object Repository/OASIS/ADLs-IADLs/adls_sectionGG/adls_GG0170C_soc_r' is clicked on

2019-04-30 10:07:35 - [MESSAGE][PASSED] - Object: 'Object Repository/OASIS/ADLs-IADLs/adls_sectionGG/adls_GG0170C_soc_r' is clicked on

2019-04-30 10:07:35 - [TEST_STEP][PASSED] - setText(findTestObject("OASIS/ADLs-IADLs/adls_sectionGG/adls_GG0170C_soc_r"), "06"): Text '06' is set on object 'Object Repository/OASIS/ADLs-IADLs/adls_sectionGG/adls_GG0170C_soc_r'

2019-04-30 10:07:35 - [MESSAGE][PASSED] - Text '06' is set on object 'Object Repository/OASIS/ADLs-IADLs/adls_sectionGG/adls_GG0170C_soc_r'

2019-04-30 10:07:35 - [TEST_STEP][PASSED] - click(findTestObject("OASIS/ADLs-IADLs/adls_sectionGG/adls_GG0170C_dc_r")): Object: 'Object Repository/OASIS/ADLs-IADLs/adls_sectionGG/adls_GG0170C_dc_r' is clicked on

2019-04-30 10:07:35 - [MESSAGE][PASSED] - Object: 'Object Repository/OASIS/ADLs-IADLs/adls_sectionGG/adls_GG0170C_dc_r' is clicked on

2019-04-30 10:07:35 - [TEST_STEP][PASSED] - setText(findTestObject("OASIS/ADLs-IADLs/adls_sectionGG/adls_GG0170C_dc_r"), "06"): Text '06' is set on object 'Object Repository/OASIS/ADLs-IADLs/adls_sectionGG/adls_GG0170C_dc_r'

2019-04-30 10:07:35 - [MESSAGE][PASSED] - Text '06' is set on object 'Object Repository/OASIS/ADLs-IADLs/adls_sectionGG/adls_GG0170C_dc_r'

2019-04-30 10:07:35 - [TEST_STEP][PASSED] - delay(1): Delayed 1 second(s)

2019-04-30 10:07:36 - [MESSAGE][PASSED] - Delayed 1 second(s)

2019-04-30 10:07:36 - [TEST_STEP][PASSED] - click(findTestObject("OASIS/ADLs-IADLs/adls_sectionGG/adls_GG0170C_rr1")): Object: 'Object Repository/OASIS/ADLs-IADLs/adls_sectionGG/adls_GG0170C_rr1' is clicked on

2019-04-30 10:07:36 - [MESSAGE][PASSED] - Object: 'Object Repository/OASIS/ADLs-IADLs/adls_sectionGG/adls_GG0170C_rr1' is clicked on

2019-04-30 10:07:36 - [TEST_STEP][PASSED] - setText(findTestObject("OASIS/ADLs-IADLs/adls_sectionGG/adls_GG0170C_rr1"), "1"): Text '1' is set on object 'Object Repository/OASIS/ADLs-IADLs/adls_sectionGG/adls_GG0170C_rr1'

2019-04-30 10:07:36 - [MESSAGE][PASSED] - Text '1' is set on object 'Object Repository/OASIS/ADLs-IADLs/adls_sectionGG/adls_GG0170C_rr1'

2019-04-30 10:07:36 - [TEST_STEP][PASSED] - delay(1): Delayed 1 second(s)

2019-04-30 10:07:37 - [MESSAGE][PASSED] - Delayed 1 second(s)

2019-04-30 10:07:37 - [TEST_STEP][PASSED] - click(findTestObject("OASIS/ADLs-IADLs/adls_sectionGG/adls_GG0170C_soc_s")): Object: 'Object Repository/OASIS/ADLs-IADLs/adls_sectionGG/adls_GG0170C_soc_s' is clicked on

2019-04-30 10:07:37 - [MESSAGE][PASSED] - Object: 'Object Repository/OASIS/ADLs-IADLs/adls_sectionGG/adls_GG0170C_soc_s' is clicked on

2019-04-30 10:07:37 - [TEST_STEP][PASSED] - setText(findTestObject("OASIS/ADLs-IADLs/adls_sectionGG/adls_GG0170C_soc_s"), "06"): Text '06' is set on object 'Object Repository/OASIS/ADLs-IADLs/adls_sectionGG/adls_GG0170C_soc_s'

2019-04-30 10:07:38 - [MESSAGE][PASSED] - Text '06' is set on object 'Object Repository/OASIS/ADLs-IADLs/adls_sectionGG/adls_GG0170C_soc_s'

2019-04-30 10:07:38 - [TEST_STEP][PASSED] - click(findTestObject("OASIS/ADLs-IADLs/adls_sectionGG/adls_GG0170C_dc_s")): Object: 'Object Repository/OASIS/ADLs-IADLs/adls_sectionGG/adls_GG0170C_dc_s' is clicked on

2019-04-30 10:07:38 - [MESSAGE][PASSED] - Object: 'Object Repository/OASIS/ADLs-IADLs/adls_sectionGG/adls_GG0170C_dc_s' is clicked on

2019-04-30 10:07:38 - [TEST_STEP][PASSED] - setText(findTestObject("OASIS/ADLs-IADLs/adls_sectionGG/adls_GG0170C_dc_s"), "06"): Text '06' is set on object 'Object Repository/OASIS/ADLs-IADLs/adls_sectionGG/adls_GG0170C_dc_s'

2019-04-30 10:07:38 - [MESSAGE][PASSED] - Text '06' is set on object 'Object Repository/OASIS/ADLs-IADLs/adls_sectionGG/adls_GG0170C_dc_s'

2019-04-30 10:07:38 - [TEST_STEP][PASSED] - delay(1): Delayed 1 second(s)

2019-04-30 10:07:39 - [MESSAGE][PASSED] - Delayed 1 second(s)

2019-04-30 10:07:39 - [TEST_STEP][PASSED] - click(findTestObject("OASIS/ADLs-IADLs/adls_sectionGG/adls_GG0170C_ss1")): Object: 'Object Repository/OASIS/ADLs-IADLs/adls_sectionGG/adls_GG0170C_ss1' is clicked on

2019-04-30 10:07:39 - [MESSAGE][PASSED] - Object: 'Object Repository/OASIS/ADLs-IADLs/adls_sectionGG/adls_GG0170C_ss1' is clicked on

2019-04-30 10:07:39 - [TEST_STEP][PASSED] - setText(findTestObject("OASIS/ADLs-IADLs/adls_sectionGG/adls_GG0170C_ss1"), "1"): Text '1' is set on object 'Object Repository/OASIS/ADLs-IADLs/adls_sectionGG/adls_GG0170C_ss1'

2019-04-30 10:07:39 - [MESSAGE][PASSED] - Text '1' is set on object 'Object Repository/OASIS/ADLs-IADLs/adls_sectionGG/adls_GG0170C_ss1'

2019-04-30 10:07:39 - [TEST_STEP][PASSED] - delay(10): Delayed 10 second(s)

2019-04-30 10:07:49 - [MESSAGE][PASSED] - Delayed 10 second(s)]]></system-out>
         <system-err><![CDATA[]]></system-err>
      </testcase>
      <testcase name="Test Cases/OASIS_SOC/Medications" classname="Test Cases/OASIS_SOC/Medications" status="PASSED">
         <system-out><![CDATA[2019-04-30 10:07:49 - [TEST_CASE][PASSED] - Test Cases/OASIS_SOC/Medications: Test Cases/OASIS_SOC/Medications

2019-04-30 10:07:49 - [TEST_STEP][PASSED] - click(findTestObject("OASIS/OASIS_TABS/Medications_tab")): Object: 'Object Repository/OASIS/OASIS_TABS/Medications_tab' is clicked on

2019-04-30 10:07:49 - [MESSAGE][PASSED] - Object: 'Object Repository/OASIS/OASIS_TABS/Medications_tab' is clicked on

2019-04-30 10:07:49 - [TEST_STEP][PASSED] - delay(1): Delayed 1 second(s)

2019-04-30 10:07:50 - [MESSAGE][PASSED] - Delayed 1 second(s)

2019-04-30 10:07:50 - [TEST_STEP][PASSED] - click(findTestObject("OASIS/Medications/M2001_1")): Object: 'Object Repository/OASIS/Medications/M2001_1' is clicked on

2019-04-30 10:07:53 - [MESSAGE][PASSED] - Object: 'Object Repository/OASIS/Medications/M2001_1' is clicked on

2019-04-30 10:07:53 - [TEST_STEP][PASSED] - delay(1): Delayed 1 second(s)

2019-04-30 10:07:54 - [MESSAGE][PASSED] - Delayed 1 second(s)

2019-04-30 10:07:54 - [TEST_STEP][PASSED] - click(findTestObject("OASIS/Medications/M2003_1")): Object: 'Object Repository/OASIS/Medications/M2003_1' is clicked on

2019-04-30 10:07:54 - [MESSAGE][PASSED] - Object: 'Object Repository/OASIS/Medications/M2003_1' is clicked on

2019-04-30 10:07:54 - [TEST_STEP][PASSED] - delay(1): Delayed 1 second(s)

2019-04-30 10:07:55 - [MESSAGE][PASSED] - Delayed 1 second(s)

2019-04-30 10:07:55 - [TEST_STEP][PASSED] - click(findTestObject("OASIS/Medications/M2010_1")): Object: 'Object Repository/OASIS/Medications/M2010_1' is clicked on

2019-04-30 10:07:55 - [MESSAGE][PASSED] - Object: 'Object Repository/OASIS/Medications/M2010_1' is clicked on

2019-04-30 10:07:55 - [TEST_STEP][PASSED] - delay(1): Delayed 1 second(s)

2019-04-30 10:07:56 - [MESSAGE][PASSED] - Delayed 1 second(s)

2019-04-30 10:07:56 - [TEST_STEP][PASSED] - click(findTestObject("OASIS/Medications/M2020_1")): Object: 'Object Repository/OASIS/Medications/M2020_1' is clicked on

2019-04-30 10:07:56 - [MESSAGE][PASSED] - Object: 'Object Repository/OASIS/Medications/M2020_1' is clicked on

2019-04-30 10:07:56 - [TEST_STEP][PASSED] - delay(1): Delayed 1 second(s)

2019-04-30 10:07:57 - [MESSAGE][PASSED] - Delayed 1 second(s)

2019-04-30 10:07:57 - [TEST_STEP][PASSED] - click(findTestObject("OASIS/Medications/M2030_1")): Object: 'Object Repository/OASIS/Medications/M2030_1' is clicked on

2019-04-30 10:07:58 - [MESSAGE][PASSED] - Object: 'Object Repository/OASIS/Medications/M2030_1' is clicked on

2019-04-30 10:07:58 - [TEST_STEP][PASSED] - delay(1): Delayed 1 second(s)

2019-04-30 10:07:59 - [MESSAGE][PASSED] - Delayed 1 second(s)

2019-04-30 10:07:59 - [TEST_STEP][PASSED] - click(findTestObject("OASIS/Medications/med_venous_access")): Object: 'Object Repository/OASIS/Medications/med_venous_access' is clicked on

2019-04-30 10:07:59 - [MESSAGE][PASSED] - Object: 'Object Repository/OASIS/Medications/med_venous_access' is clicked on

2019-04-30 10:07:59 - [TEST_STEP][PASSED] - delay(2): Delayed 2 second(s)

2019-04-30 10:08:01 - [MESSAGE][PASSED] - Delayed 2 second(s)

2019-04-30 10:08:01 - [TEST_STEP][PASSED] - click(findTestObject("OASIS/Medications/med_va_purpose/med_va_purpose_antibiotic")): Object: 'Object Repository/OASIS/Medications/med_va_purpose/med_va_purpose_antibiotic' is clicked on

2019-04-30 10:08:01 - [MESSAGE][PASSED] - Object: 'Object Repository/OASIS/Medications/med_va_purpose/med_va_purpose_antibiotic' is clicked on

2019-04-30 10:08:01 - [TEST_STEP][PASSED] - delay(1): Delayed 1 second(s)

2019-04-30 10:08:02 - [MESSAGE][PASSED] - Delayed 1 second(s)

2019-04-30 10:08:02 - [TEST_STEP][PASSED] - click(findTestObject("OASIS/Medications/med_va_purpose/med_va_purpose_hydration")): Object: 'Object Repository/OASIS/Medications/med_va_purpose/med_va_purpose_hydration' is clicked on

2019-04-30 10:08:02 - [MESSAGE][PASSED] - Object: 'Object Repository/OASIS/Medications/med_va_purpose/med_va_purpose_hydration' is clicked on

2019-04-30 10:08:02 - [TEST_STEP][PASSED] - click(findTestObject("OASIS/Medications/med_va_purpose/med_va_purpose_parenteral")): Object: 'Object Repository/OASIS/Medications/med_va_purpose/med_va_purpose_parenteral' is clicked on

2019-04-30 10:08:02 - [MESSAGE][PASSED] - Object: 'Object Repository/OASIS/Medications/med_va_purpose/med_va_purpose_parenteral' is clicked on

2019-04-30 10:08:02 - [TEST_STEP][PASSED] - click(findTestObject("OASIS/Medications/med_va_purpose/med_va_purpose_pain_control")): Object: 'Object Repository/OASIS/Medications/med_va_purpose/med_va_purpose_pain_control' is clicked on

2019-04-30 10:08:02 - [MESSAGE][PASSED] - Object: 'Object Repository/OASIS/Medications/med_va_purpose/med_va_purpose_pain_control' is clicked on

2019-04-30 10:08:02 - [TEST_STEP][PASSED] - click(findTestObject("OASIS/Medications/med_va_purpose/med_va_purpose_chemotherapy")): Object: 'Object Repository/OASIS/Medications/med_va_purpose/med_va_purpose_chemotherapy' is clicked on

2019-04-30 10:08:02 - [MESSAGE][PASSED] - Object: 'Object Repository/OASIS/Medications/med_va_purpose/med_va_purpose_chemotherapy' is clicked on

2019-04-30 10:08:02 - [TEST_STEP][PASSED] - click(findTestObject("OASIS/Medications/med_va_purpose/med_va_purpose_maintain_va")): Object: 'Object Repository/OASIS/Medications/med_va_purpose/med_va_purpose_maintain_va' is clicked on

2019-04-30 10:08:02 - [MESSAGE][PASSED] - Object: 'Object Repository/OASIS/Medications/med_va_purpose/med_va_purpose_maintain_va' is clicked on

2019-04-30 10:08:02 - [TEST_STEP][PASSED] - setText(findTestObject("OASIS/Medications/med_va_purpose/med_va_purpose_other"), "Medication Monitoring Therapy"): Text 'Medication Monitoring Therapy' is set on object 'Object Repository/OASIS/Medications/med_va_purpose/med_va_purpose_other'

2019-04-30 10:08:04 - [MESSAGE][PASSED] - Text 'Medication Monitoring Therapy' is set on object 'Object Repository/OASIS/Medications/med_va_purpose/med_va_purpose_other'

2019-04-30 10:08:04 - [TEST_STEP][PASSED] - delay(2): Delayed 2 second(s)

2019-04-30 10:08:06 - [MESSAGE][PASSED] - Delayed 2 second(s)

2019-04-30 10:08:06 - [TEST_STEP][PASSED] - click(findTestObject("OASIS/Medications/med_va_peripheral/med_va_peripheral_cathetype_short")): Object: 'Object Repository/OASIS/Medications/med_va_peripheral/med_va_peripheral_cathetype_short' is clicked on

2019-04-30 10:08:06 - [MESSAGE][PASSED] - Object: 'Object Repository/OASIS/Medications/med_va_peripheral/med_va_peripheral_cathetype_short' is clicked on

2019-04-30 10:08:06 - [TEST_STEP][PASSED] - click(findTestObject("OASIS/Medications/med_va_peripheral/med_va_peripheral_cathesize_24")): Object: 'Object Repository/OASIS/Medications/med_va_peripheral/med_va_peripheral_cathesize_24' is clicked on

2019-04-30 10:08:06 - [MESSAGE][PASSED] - Object: 'Object Repository/OASIS/Medications/med_va_peripheral/med_va_peripheral_cathesize_24' is clicked on

2019-04-30 10:08:06 - [TEST_STEP][PASSED] - setText(findTestObject("OASIS/Medications/med_va_peripheral/med_va_peripheral_cathesize_other"), "28"): Text '28' is set on object 'Object Repository/OASIS/Medications/med_va_peripheral/med_va_peripheral_cathesize_other'

2019-04-30 10:08:06 - [MESSAGE][PASSED] - Text '28' is set on object 'Object Repository/OASIS/Medications/med_va_peripheral/med_va_peripheral_cathesize_other'

2019-04-30 10:08:06 - [TEST_STEP][PASSED] - click(findTestObject("OASIS/Medications/med_va_peripheral/med_va_peripheral_insertionsite_arm_l")): Object: 'Object Repository/OASIS/Medications/med_va_peripheral/med_va_peripheral_insertionsite_arm_l' is clicked on

2019-04-30 10:08:06 - [MESSAGE][PASSED] - Object: 'Object Repository/OASIS/Medications/med_va_peripheral/med_va_peripheral_insertionsite_arm_l' is clicked on

2019-04-30 10:08:06 - [TEST_STEP][PASSED] - click(findTestObject("OASIS/Medications/med_va_peripheral/med_va_peripheral_insertionsite_hand_r")): Object: 'Object Repository/OASIS/Medications/med_va_peripheral/med_va_peripheral_insertionsite_hand_r' is clicked on

2019-04-30 10:08:06 - [MESSAGE][PASSED] - Object: 'Object Repository/OASIS/Medications/med_va_peripheral/med_va_peripheral_insertionsite_hand_r' is clicked on

2019-04-30 10:08:06 - [TEST_STEP][PASSED] - setText(findTestObject("OASIS/Medications/med_va_peripheral/med_va_peripheral_insertionsite_hand_other"), "Left and Right Legs"): Text 'Left and Right Legs' is set on object 'Object Repository/OASIS/Medications/med_va_peripheral/med_va_peripheral_insertionsite_hand_other'

2019-04-30 10:08:07 - [MESSAGE][PASSED] - Text 'Left and Right Legs' is set on object 'Object Repository/OASIS/Medications/med_va_peripheral/med_va_peripheral_insertionsite_hand_other'

2019-04-30 10:08:07 - [TEST_STEP][PASSED] - setText(findTestObject("OASIS/Medications/med_va_peripheral/med_va_peripheral_dateinserted"), "04252019"): Text '04252019' is set on object 'Object Repository/OASIS/Medications/med_va_peripheral/med_va_peripheral_dateinserted'

2019-04-30 10:08:07 - [MESSAGE][PASSED] - Text '04252019' is set on object 'Object Repository/OASIS/Medications/med_va_peripheral/med_va_peripheral_dateinserted'

2019-04-30 10:08:07 - [TEST_STEP][PASSED] - setText(findTestObject("OASIS/Medications/med_va_peripheral/med_va_peripheral_ivsitechangefreq"), "3"): Text '3' is set on object 'Object Repository/OASIS/Medications/med_va_peripheral/med_va_peripheral_ivsitechangefreq'

2019-04-30 10:08:07 - [MESSAGE][PASSED] - Text '3' is set on object 'Object Repository/OASIS/Medications/med_va_peripheral/med_va_peripheral_ivsitechangefreq'

2019-04-30 10:08:07 - [TEST_STEP][PASSED] - setText(findTestObject("OASIS/Medications/med_va_peripheral/med_va_peripheral_dressingchangefreq"), "3"): Text '3' is set on object 'Object Repository/OASIS/Medications/med_va_peripheral/med_va_peripheral_dressingchangefreq'

2019-04-30 10:08:08 - [MESSAGE][PASSED] - Text '3' is set on object 'Object Repository/OASIS/Medications/med_va_peripheral/med_va_peripheral_dressingchangefreq'

2019-04-30 10:08:08 - [TEST_STEP][PASSED] - click(findTestObject("OASIS/Medications/med_va_peripheral/med_va_peripheral_conditioninsertion_wnl"), STOP_ON_FAILURE): Object: 'Object Repository/OASIS/Medications/med_va_peripheral/med_va_peripheral_conditioninsertion_wnl' is clicked on

2019-04-30 10:08:08 - [MESSAGE][PASSED] - Object: 'Object Repository/OASIS/Medications/med_va_peripheral/med_va_peripheral_conditioninsertion_wnl' is clicked on

2019-04-30 10:08:08 - [TEST_STEP][PASSED] - setText(findTestObject("OASIS/Medications/med_va_peripheral/med_va_peripheral_conditioninsertion_tf"), "All Normal"): Text 'All Normal' is set on object 'Object Repository/OASIS/Medications/med_va_peripheral/med_va_peripheral_conditioninsertion_tf'

2019-04-30 10:08:08 - [MESSAGE][PASSED] - Text 'All Normal' is set on object 'Object Repository/OASIS/Medications/med_va_peripheral/med_va_peripheral_conditioninsertion_tf'

2019-04-30 10:08:08 - [TEST_STEP][PASSED] - setText(findTestObject("OASIS/Medications/med_va_peripheral/med_va_peripheral_flushsolution"), "Normal"): Text 'Normal' is set on object 'Object Repository/OASIS/Medications/med_va_peripheral/med_va_peripheral_flushsolution'

2019-04-30 10:08:08 - [MESSAGE][PASSED] - Text 'Normal' is set on object 'Object Repository/OASIS/Medications/med_va_peripheral/med_va_peripheral_flushsolution'

2019-04-30 10:08:08 - [TEST_STEP][PASSED] - setText(findTestObject("OASIS/Medications/med_va_peripheral/med_va_peripheral_flushfrequency"), "Normal"): Text 'Normal' is set on object 'Object Repository/OASIS/Medications/med_va_peripheral/med_va_peripheral_flushfrequency'

2019-04-30 10:08:09 - [MESSAGE][PASSED] - Text 'Normal' is set on object 'Object Repository/OASIS/Medications/med_va_peripheral/med_va_peripheral_flushfrequency'

2019-04-30 10:08:09 - [TEST_STEP][PASSED] - delay(2): Delayed 2 second(s)

2019-04-30 10:08:11 - [MESSAGE][PASSED] - Delayed 2 second(s)

2019-04-30 10:08:11 - [TEST_STEP][PASSED] - click(findTestObject("OASIS/Medications/med_va_cvad/med_va_cvad_cathe_piccline"), STOP_ON_FAILURE): Object: 'Object Repository/OASIS/Medications/med_va_cvad/med_va_cvad_cathe_piccline' is clicked on

2019-04-30 10:08:11 - [MESSAGE][PASSED] - Object: 'Object Repository/OASIS/Medications/med_va_cvad/med_va_cvad_cathe_piccline' is clicked on

2019-04-30 10:08:11 - [TEST_STEP][PASSED] - click(findTestObject("OASIS/Medications/med_va_cvad/med_va_cvad_numlumens_single"), STOP_ON_FAILURE): Object: 'Object Repository/OASIS/Medications/med_va_cvad/med_va_cvad_numlumens_single' is clicked on

2019-04-30 10:08:11 - [MESSAGE][PASSED] - Object: 'Object Repository/OASIS/Medications/med_va_cvad/med_va_cvad_numlumens_single' is clicked on

2019-04-30 10:08:11 - [TEST_STEP][PASSED] - click(findTestObject("OASIS/Medications/med_va_cvad/med_va_cvad_insertionsiteloc_peripheral_l"), STOP_ON_FAILURE): Object: 'Object Repository/OASIS/Medications/med_va_cvad/med_va_cvad_insertionsiteloc_peripheral_l' is clicked on

2019-04-30 10:08:11 - [MESSAGE][PASSED] - Object: 'Object Repository/OASIS/Medications/med_va_cvad/med_va_cvad_insertionsiteloc_peripheral_l' is clicked on

2019-04-30 10:08:11 - [TEST_STEP][PASSED] - click(findTestObject("OASIS/Medications/med_va_cvad/med_va_cvad_insertionsiteloc_subclavian_l"), STOP_ON_FAILURE): Object: 'Object Repository/OASIS/Medications/med_va_cvad/med_va_cvad_insertionsiteloc_subclavian_l' is clicked on

2019-04-30 10:08:11 - [MESSAGE][PASSED] - Object: 'Object Repository/OASIS/Medications/med_va_cvad/med_va_cvad_insertionsiteloc_subclavian_l' is clicked on

2019-04-30 10:08:11 - [TEST_STEP][PASSED] - click(findTestObject("OASIS/Medications/med_va_cvad/med_va_cvad_insertionsiteloc_jugular_l"), STOP_ON_FAILURE): Object: 'Object Repository/OASIS/Medications/med_va_cvad/med_va_cvad_insertionsiteloc_jugular_l' is clicked on

2019-04-30 10:08:11 - [MESSAGE][PASSED] - Object: 'Object Repository/OASIS/Medications/med_va_cvad/med_va_cvad_insertionsiteloc_jugular_l' is clicked on

2019-04-30 10:08:11 - [TEST_STEP][PASSED] - setText(findTestObject("OASIS/Medications/med_va_cvad/med_va_cvad_insertionsiteloc_jugular_other"), "Left and Right Legs"): Text 'Left and Right Legs' is set on object 'Object Repository/OASIS/Medications/med_va_cvad/med_va_cvad_insertionsiteloc_jugular_other'

2019-04-30 10:08:12 - [MESSAGE][PASSED] - Text 'Left and Right Legs' is set on object 'Object Repository/OASIS/Medications/med_va_cvad/med_va_cvad_insertionsiteloc_jugular_other'

2019-04-30 10:08:12 - [TEST_STEP][PASSED] - setText(findTestObject("OASIS/Medications/med_va_cvad/med_va_cvad_dateinserted"), "04252019"): Text '04252019' is set on object 'Object Repository/OASIS/Medications/med_va_cvad/med_va_cvad_dateinserted'

2019-04-30 10:08:12 - [MESSAGE][PASSED] - Text '04252019' is set on object 'Object Repository/OASIS/Medications/med_va_cvad/med_va_cvad_dateinserted'

2019-04-30 10:08:12 - [TEST_STEP][PASSED] - setText(findTestObject("OASIS/Medications/med_va_cvad/med_va_cvad_dressingchangefreq"), "3"): Text '3' is set on object 'Object Repository/OASIS/Medications/med_va_cvad/med_va_cvad_dressingchangefreq'

2019-04-30 10:08:13 - [MESSAGE][PASSED] - Text '3' is set on object 'Object Repository/OASIS/Medications/med_va_cvad/med_va_cvad_dressingchangefreq'

2019-04-30 10:08:13 - [TEST_STEP][PASSED] - click(findTestObject("OASIS/Medications/med_va_cvad/med_va_cvad_conditioninsertion_wnl"), STOP_ON_FAILURE): Object: 'Object Repository/OASIS/Medications/med_va_cvad/med_va_cvad_conditioninsertion_wnl' is clicked on

2019-04-30 10:08:13 - [MESSAGE][PASSED] - Object: 'Object Repository/OASIS/Medications/med_va_cvad/med_va_cvad_conditioninsertion_wnl' is clicked on

2019-04-30 10:08:13 - [TEST_STEP][PASSED] - setText(findTestObject("OASIS/Medications/med_va_cvad/med_va_cvad_conditioninsertion_tf"), "Normal"): Text 'Normal' is set on object 'Object Repository/OASIS/Medications/med_va_cvad/med_va_cvad_conditioninsertion_tf'

2019-04-30 10:08:13 - [MESSAGE][PASSED] - Text 'Normal' is set on object 'Object Repository/OASIS/Medications/med_va_cvad/med_va_cvad_conditioninsertion_tf'

2019-04-30 10:08:13 - [TEST_STEP][PASSED] - setText(findTestObject("OASIS/Medications/med_va_cvad/med_va_cvad_flushfreq"), "Normal"): Text 'Normal' is set on object 'Object Repository/OASIS/Medications/med_va_cvad/med_va_cvad_flushfreq'

2019-04-30 10:08:13 - [MESSAGE][PASSED] - Text 'Normal' is set on object 'Object Repository/OASIS/Medications/med_va_cvad/med_va_cvad_flushfreq'

2019-04-30 10:08:13 - [TEST_STEP][PASSED] - setText(findTestObject("OASIS/Medications/med_va_cvad/med_va_cvad_flushsolution"), "Normal"): Text 'Normal' is set on object 'Object Repository/OASIS/Medications/med_va_cvad/med_va_cvad_flushsolution'

2019-04-30 10:08:14 - [MESSAGE][PASSED] - Text 'Normal' is set on object 'Object Repository/OASIS/Medications/med_va_cvad/med_va_cvad_flushsolution'

2019-04-30 10:08:14 - [TEST_STEP][PASSED] - delay(2): Delayed 2 second(s)

2019-04-30 10:08:16 - [MESSAGE][PASSED] - Delayed 2 second(s)

2019-04-30 10:08:16 - [TEST_STEP][PASSED] - click(findTestObject("OASIS/Medications/med_va_implantedcvad/med_va_implantedCVAD_portdevice_bardport"), STOP_ON_FAILURE): Object: 'Object Repository/OASIS/Medications/med_va_implantedcvad/med_va_implantedCVAD_portdevice_bardport' is clicked on

2019-04-30 10:08:16 - [MESSAGE][PASSED] - Object: 'Object Repository/OASIS/Medications/med_va_implantedcvad/med_va_implantedCVAD_portdevice_bardport' is clicked on

2019-04-30 10:08:16 - [TEST_STEP][PASSED] - setText(findTestObject("OASIS/Medications/med_va_implantedcvad/med_va_implantedCVAD_portdevice_other"), "Sample text"): Text 'Sample text' is set on object 'Object Repository/OASIS/Medications/med_va_implantedcvad/med_va_implantedCVAD_portdevice_other'

2019-04-30 10:08:16 - [MESSAGE][PASSED] - Text 'Sample text' is set on object 'Object Repository/OASIS/Medications/med_va_implantedcvad/med_va_implantedCVAD_portdevice_other'

2019-04-30 10:08:16 - [TEST_STEP][PASSED] - click(findTestObject("OASIS/Medications/med_va_implantedcvad/med_va_implantedCVAD_portreservoir_singlechamber"), STOP_ON_FAILURE): Object: 'Object Repository/OASIS/Medications/med_va_implantedcvad/med_va_implantedCVAD_portreservoir_singlechamber' is clicked on

2019-04-30 10:08:16 - [MESSAGE][PASSED] - Object: 'Object Repository/OASIS/Medications/med_va_implantedcvad/med_va_implantedCVAD_portreservoir_singlechamber' is clicked on

2019-04-30 10:08:16 - [TEST_STEP][PASSED] - click(findTestObject("OASIS/Medications/med_va_implantedcvad/med_va_implantedCVAD_hubernlength_050"), STOP_ON_FAILURE): Object: 'Object Repository/OASIS/Medications/med_va_implantedcvad/med_va_implantedCVAD_hubernlength_050' is clicked on

2019-04-30 10:08:16 - [MESSAGE][PASSED] - Object: 'Object Repository/OASIS/Medications/med_va_implantedcvad/med_va_implantedCVAD_hubernlength_050' is clicked on

2019-04-30 10:08:16 - [TEST_STEP][PASSED] - click(findTestObject("OASIS/Medications/med_va_implantedcvad/med_va_implantedCVAD_huberngauge_19"), STOP_ON_FAILURE): Object: 'Object Repository/OASIS/Medications/med_va_implantedcvad/med_va_implantedCVAD_huberngauge_19' is clicked on

2019-04-30 10:08:17 - [MESSAGE][PASSED] - Object: 'Object Repository/OASIS/Medications/med_va_implantedcvad/med_va_implantedCVAD_huberngauge_19' is clicked on

2019-04-30 10:08:17 - [TEST_STEP][PASSED] - setText(findTestObject("OASIS/Medications/med_va_implantedcvad/med_va_implantedCVAD_implantlocation"), "Arms and Legs"): Text 'Arms and Legs' is set on object 'Object Repository/OASIS/Medications/med_va_implantedcvad/med_va_implantedCVAD_implantlocation'

2019-04-30 10:08:17 - [MESSAGE][PASSED] - Text 'Arms and Legs' is set on object 'Object Repository/OASIS/Medications/med_va_implantedcvad/med_va_implantedCVAD_implantlocation'

2019-04-30 10:08:17 - [TEST_STEP][PASSED] - setText(findTestObject("OASIS/Medications/med_va_implantedcvad/med_va_implantedCVAD_dateimplanted"), "04252019"): Text '04252019' is set on object 'Object Repository/OASIS/Medications/med_va_implantedcvad/med_va_implantedCVAD_dateimplanted'

2019-04-30 10:08:18 - [MESSAGE][PASSED] - Text '04252019' is set on object 'Object Repository/OASIS/Medications/med_va_implantedcvad/med_va_implantedCVAD_dateimplanted'

2019-04-30 10:08:18 - [TEST_STEP][PASSED] - setText(findTestObject("OASIS/Medications/med_va_implantedcvad/med_va_implantedCVAD_dressingchangefreq"), "Normal"): Text 'Normal' is set on object 'Object Repository/OASIS/Medications/med_va_implantedcvad/med_va_implantedCVAD_dressingchangefreq'

2019-04-30 10:08:18 - [MESSAGE][PASSED] - Text 'Normal' is set on object 'Object Repository/OASIS/Medications/med_va_implantedcvad/med_va_implantedCVAD_dressingchangefreq'

2019-04-30 10:08:18 - [TEST_STEP][PASSED] - click(findTestObject("OASIS/Medications/med_va_implantedcvad/med_va_implantedCVAD_conditionimplant_wnl"), STOP_ON_FAILURE): Object: 'Object Repository/OASIS/Medications/med_va_implantedcvad/med_va_implantedCVAD_conditionimplant_wnl' is clicked on

2019-04-30 10:08:18 - [MESSAGE][PASSED] - Object: 'Object Repository/OASIS/Medications/med_va_implantedcvad/med_va_implantedCVAD_conditionimplant_wnl' is clicked on

2019-04-30 10:08:18 - [TEST_STEP][PASSED] - setText(findTestObject("OASIS/Medications/med_va_implantedcvad/med_va_implantedCVAD_conditionimplant_tf"), "Normal"): Text 'Normal' is set on object 'Object Repository/OASIS/Medications/med_va_implantedcvad/med_va_implantedCVAD_conditionimplant_tf'

2019-04-30 10:08:18 - [MESSAGE][PASSED] - Text 'Normal' is set on object 'Object Repository/OASIS/Medications/med_va_implantedcvad/med_va_implantedCVAD_conditionimplant_tf'

2019-04-30 10:08:18 - [TEST_STEP][PASSED] - setText(findTestObject("OASIS/Medications/med_va_implantedcvad/med_va_implantedCVAD_flushsolution"), "Normal"): Text 'Normal' is set on object 'Object Repository/OASIS/Medications/med_va_implantedcvad/med_va_implantedCVAD_flushsolution'

2019-04-30 10:08:19 - [MESSAGE][PASSED] - Text 'Normal' is set on object 'Object Repository/OASIS/Medications/med_va_implantedcvad/med_va_implantedCVAD_flushsolution'

2019-04-30 10:08:19 - [TEST_STEP][PASSED] - setText(findTestObject("OASIS/Medications/med_va_implantedcvad/med_va_implantedCVAD_flushfrequency"), "3"): Text '3' is set on object 'Object Repository/OASIS/Medications/med_va_implantedcvad/med_va_implantedCVAD_flushfrequency'

2019-04-30 10:08:19 - [MESSAGE][PASSED] - Text '3' is set on object 'Object Repository/OASIS/Medications/med_va_implantedcvad/med_va_implantedCVAD_flushfrequency'

2019-04-30 10:08:19 - [TEST_STEP][PASSED] - delay(2): Delayed 2 second(s)

2019-04-30 10:08:21 - [MESSAGE][PASSED] - Delayed 2 second(s)

2019-04-30 10:08:21 - [TEST_STEP][PASSED] - setText(findTestObject("OASIS/Medications/med_va_intravenous/med_va_intravenous_ivmedication"), "Sample text"): Text 'Sample text' is set on object 'Object Repository/OASIS/Medications/med_va_intravenous/med_va_intravenous_ivmedication'

2019-04-30 10:08:21 - [MESSAGE][PASSED] - Text 'Sample text' is set on object 'Object Repository/OASIS/Medications/med_va_intravenous/med_va_intravenous_ivmedication'

2019-04-30 10:08:21 - [TEST_STEP][PASSED] - setText(findTestObject("OASIS/Medications/med_va_intravenous/med_va_intravenous_ivsolution"), "Sample text"): Text 'Sample text' is set on object 'Object Repository/OASIS/Medications/med_va_intravenous/med_va_intravenous_ivsolution'

2019-04-30 10:08:22 - [MESSAGE][PASSED] - Text 'Sample text' is set on object 'Object Repository/OASIS/Medications/med_va_intravenous/med_va_intravenous_ivsolution'

2019-04-30 10:08:22 - [TEST_STEP][PASSED] - click(findTestObject("OASIS/Medications/med_va_intravenous/med_va_intravenous_toleratedivtherapy"), STOP_ON_FAILURE): Object: 'Object Repository/OASIS/Medications/med_va_intravenous/med_va_intravenous_toleratedivtherapy' is clicked on

2019-04-30 10:08:22 - [MESSAGE][PASSED] - Object: 'Object Repository/OASIS/Medications/med_va_intravenous/med_va_intravenous_toleratedivtherapy' is clicked on

2019-04-30 10:08:22 - [TEST_STEP][PASSED] - delay(2): Delayed 2 second(s)

2019-04-30 10:08:24 - [MESSAGE][PASSED] - Delayed 2 second(s)

2019-04-30 10:08:24 - [TEST_STEP][PASSED] - click(findTestObject("OASIS/Medications/med_va_administrationvia/med_va_adminvia_ivpump"), STOP_ON_FAILURE): Object: 'Object Repository/OASIS/Medications/med_va_administrationvia/med_va_adminvia_ivpump' is clicked on

2019-04-30 10:08:24 - [MESSAGE][PASSED] - Object: 'Object Repository/OASIS/Medications/med_va_administrationvia/med_va_adminvia_ivpump' is clicked on

2019-04-30 10:08:24 - [TEST_STEP][PASSED] - setText(findTestObject("OASIS/Medications/med_va_administrationvia/med_va_adminvia_ivpump_tf"), "Sample text"): Text 'Sample text' is set on object 'Object Repository/OASIS/Medications/med_va_administrationvia/med_va_adminvia_ivpump_tf'

2019-04-30 10:08:24 - [MESSAGE][PASSED] - Text 'Sample text' is set on object 'Object Repository/OASIS/Medications/med_va_administrationvia/med_va_adminvia_ivpump_tf'

2019-04-30 10:08:24 - [TEST_STEP][PASSED] - setText(findTestObject("OASIS/Medications/med_va_administrationvia/med_va_adminvia_other"), "Sample text"): Text 'Sample text' is set on object 'Object Repository/OASIS/Medications/med_va_administrationvia/med_va_adminvia_other'

2019-04-30 10:08:25 - [MESSAGE][PASSED] - Text 'Sample text' is set on object 'Object Repository/OASIS/Medications/med_va_administrationvia/med_va_adminvia_other'

2019-04-30 10:08:25 - [TEST_STEP][PASSED] - delay(2): Delayed 2 second(s)

2019-04-30 10:08:27 - [MESSAGE][PASSED] - Delayed 2 second(s)

2019-04-30 10:08:27 - [TEST_STEP][PASSED] - setText(findTestObject("OASIS/Medications/med_flushsolution_IV/med_va_flushsolution_pre"), "Sample text"): Text 'Sample text' is set on object 'Object Repository/OASIS/Medications/med_flushsolution_IV/med_va_flushsolution_pre'

2019-04-30 10:08:27 - [MESSAGE][PASSED] - Text 'Sample text' is set on object 'Object Repository/OASIS/Medications/med_flushsolution_IV/med_va_flushsolution_pre'

2019-04-30 10:08:27 - [TEST_STEP][PASSED] - setText(findTestObject("OASIS/Medications/med_flushsolution_IV/med_va_flushsolution_post"), "Sample text"): Text 'Sample text' is set on object 'Object Repository/OASIS/Medications/med_flushsolution_IV/med_va_flushsolution_post'

2019-04-30 10:08:28 - [MESSAGE][PASSED] - Text 'Sample text' is set on object 'Object Repository/OASIS/Medications/med_flushsolution_IV/med_va_flushsolution_post'

2019-04-30 10:08:28 - [TEST_STEP][PASSED] - setText(findTestObject("OASIS/Medications/med_flushsolution_IV/med_va_flushsolution_otherprocedure"), "Sample text"): Text 'Sample text' is set on object 'Object Repository/OASIS/Medications/med_flushsolution_IV/med_va_flushsolution_otherprocedure'

2019-04-30 10:08:28 - [MESSAGE][PASSED] - Text 'Sample text' is set on object 'Object Repository/OASIS/Medications/med_flushsolution_IV/med_va_flushsolution_otherprocedure'

2019-04-30 10:08:28 - [TEST_STEP][PASSED] - delay(5): Delayed 5 second(s)

2019-04-30 10:08:33 - [MESSAGE][PASSED] - Delayed 5 second(s)]]></system-out>
         <system-err><![CDATA[]]></system-err>
      </testcase>
      <testcase name="Test Cases/OASIS_SOC/Care_Management" classname="Test Cases/OASIS_SOC/Care_Management" status="PASSED">
         <system-out><![CDATA[2019-04-30 10:08:33 - [TEST_CASE][PASSED] - Test Cases/OASIS_SOC/Care_Management: Test Cases/OASIS_SOC/Care_Management

2019-04-30 10:08:34 - [TEST_STEP][PASSED] - click(findTestObject("OASIS/OASIS_TABS/CareManagement_tab")): Object: 'Object Repository/OASIS/OASIS_TABS/CareManagement_tab' is clicked on

2019-04-30 10:08:34 - [MESSAGE][PASSED] - Object: 'Object Repository/OASIS/OASIS_TABS/CareManagement_tab' is clicked on

2019-04-30 10:08:34 - [TEST_STEP][PASSED] - delay(3): Delayed 3 second(s)

2019-04-30 10:08:37 - [MESSAGE][PASSED] - Delayed 3 second(s)

2019-04-30 10:08:37 - [TEST_STEP][PASSED] - click(findTestObject("OASIS/Care_Management/M2102_2")): Object: 'Object Repository/OASIS/Care_Management/M2102_2' is clicked on

2019-04-30 10:08:39 - [MESSAGE][PASSED] - Object: 'Object Repository/OASIS/Care_Management/M2102_2' is clicked on

2019-04-30 10:08:39 - [TEST_STEP][PASSED] - delay(2): Delayed 2 second(s)

2019-04-30 10:08:41 - [MESSAGE][PASSED] - Delayed 2 second(s)

2019-04-30 10:08:41 - [TEST_STEP][PASSED] - setText(findTestObject("OASIS/Care_Management/M2200_000"), "000"): Text '000' is set on object 'Object Repository/OASIS/Care_Management/M2200_000'

2019-04-30 10:08:41 - [MESSAGE][PASSED] - Text '000' is set on object 'Object Repository/OASIS/Care_Management/M2200_000'

2019-04-30 10:08:41 - [TEST_STEP][PASSED] - delay(2): Delayed 2 second(s)

2019-04-30 10:08:43 - [MESSAGE][PASSED] - Delayed 2 second(s)

2019-04-30 10:08:43 - [TEST_STEP][PASSED] - click(findTestObject("OASIS/Care_Management/cm_physician_orders/pt/cm_po_pt_difficultyintransfers")): Object: 'Object Repository/OASIS/Care_Management/cm_physician_orders/pt/cm_po_pt_difficultyintransfers' is clicked on

2019-04-30 10:08:43 - [MESSAGE][PASSED] - Object: 'Object Repository/OASIS/Care_Management/cm_physician_orders/pt/cm_po_pt_difficultyintransfers' is clicked on

2019-04-30 10:08:43 - [TEST_STEP][PASSED] - click(findTestObject("OASIS/Care_Management/cm_physician_orders/pt/cm_po_pt_pcg")): Object: 'Object Repository/OASIS/Care_Management/cm_physician_orders/pt/cm_po_pt_pcg' is clicked on

2019-04-30 10:08:43 - [MESSAGE][PASSED] - Object: 'Object Repository/OASIS/Care_Management/cm_physician_orders/pt/cm_po_pt_pcg' is clicked on

2019-04-30 10:08:43 - [TEST_STEP][PASSED] - click(findTestObject("OASIS/Care_Management/cm_physician_orders/pt/cm_po_pt_difficultyinlower")): Object: 'Object Repository/OASIS/Care_Management/cm_physician_orders/pt/cm_po_pt_difficultyinlower' is clicked on

2019-04-30 10:08:44 - [MESSAGE][PASSED] - Object: 'Object Repository/OASIS/Care_Management/cm_physician_orders/pt/cm_po_pt_difficultyinlower' is clicked on

2019-04-30 10:08:44 - [TEST_STEP][PASSED] - click(findTestObject("OASIS/Care_Management/cm_physician_orders/pt/cm_po_pt_knowledgedeficit")): Object: 'Object Repository/OASIS/Care_Management/cm_physician_orders/pt/cm_po_pt_knowledgedeficit' is clicked on

2019-04-30 10:08:44 - [MESSAGE][PASSED] - Object: 'Object Repository/OASIS/Care_Management/cm_physician_orders/pt/cm_po_pt_knowledgedeficit' is clicked on

2019-04-30 10:08:44 - [TEST_STEP][PASSED] - click(findTestObject("OASIS/Care_Management/cm_physician_orders/pt/cm_po_pt_identifiedhighrisk")): Object: 'Object Repository/OASIS/Care_Management/cm_physician_orders/pt/cm_po_pt_identifiedhighrisk' is clicked on

2019-04-30 10:08:44 - [MESSAGE][PASSED] - Object: 'Object Repository/OASIS/Care_Management/cm_physician_orders/pt/cm_po_pt_identifiedhighrisk' is clicked on

2019-04-30 10:08:44 - [TEST_STEP][PASSED] - click(findTestObject("OASIS/Care_Management/cm_physician_orders/pt/cm_po_pt_painofmuscle")): Object: 'Object Repository/OASIS/Care_Management/cm_physician_orders/pt/cm_po_pt_painofmuscle' is clicked on

2019-04-30 10:08:44 - [MESSAGE][PASSED] - Object: 'Object Repository/OASIS/Care_Management/cm_physician_orders/pt/cm_po_pt_painofmuscle' is clicked on

2019-04-30 10:08:44 - [TEST_STEP][PASSED] - click(findTestObject("OASIS/Care_Management/cm_physician_orders/pt/cm_po_pt_therapeutic")): Object: 'Object Repository/OASIS/Care_Management/cm_physician_orders/pt/cm_po_pt_therapeutic' is clicked on

2019-04-30 10:08:44 - [MESSAGE][PASSED] - Object: 'Object Repository/OASIS/Care_Management/cm_physician_orders/pt/cm_po_pt_therapeutic' is clicked on

2019-04-30 10:08:44 - [TEST_STEP][PASSED] - click(findTestObject("OASIS/Care_Management/cm_physician_orders/pt/cm_po_pt_newlydeveloped")): Object: 'Object Repository/OASIS/Care_Management/cm_physician_orders/pt/cm_po_pt_newlydeveloped' is clicked on

2019-04-30 10:08:44 - [MESSAGE][PASSED] - Object: 'Object Repository/OASIS/Care_Management/cm_physician_orders/pt/cm_po_pt_newlydeveloped' is clicked on

2019-04-30 10:08:44 - [TEST_STEP][PASSED] - setText(findTestObject("OASIS/Care_Management/cm_physician_orders/pt/cm_po_pt_other"), "Sample text"): Text 'Sample text' is set on object 'Object Repository/OASIS/Care_Management/cm_physician_orders/pt/cm_po_pt_other'

2019-04-30 10:08:45 - [MESSAGE][PASSED] - Text 'Sample text' is set on object 'Object Repository/OASIS/Care_Management/cm_physician_orders/pt/cm_po_pt_other'

2019-04-30 10:08:45 - [TEST_STEP][PASSED] - delay(2): Delayed 2 second(s)

2019-04-30 10:08:47 - [MESSAGE][PASSED] - Delayed 2 second(s)

2019-04-30 10:08:47 - [TEST_STEP][PASSED] - click(findTestObject("OASIS/Care_Management/cm_physician_orders/ot/cm_po_ot_upperex")): Object: 'Object Repository/OASIS/Care_Management/cm_physician_orders/ot/cm_po_ot_upperex' is clicked on

2019-04-30 10:08:47 - [MESSAGE][PASSED] - Object: 'Object Repository/OASIS/Care_Management/cm_physician_orders/ot/cm_po_ot_upperex' is clicked on

2019-04-30 10:08:47 - [TEST_STEP][PASSED] - click(findTestObject("OASIS/Care_Management/cm_physician_orders/ot/cm_po_ot_requiressplinting")): Object: 'Object Repository/OASIS/Care_Management/cm_physician_orders/ot/cm_po_ot_requiressplinting' is clicked on

2019-04-30 10:08:47 - [MESSAGE][PASSED] - Object: 'Object Repository/OASIS/Care_Management/cm_physician_orders/ot/cm_po_ot_requiressplinting' is clicked on

2019-04-30 10:08:47 - [TEST_STEP][PASSED] - click(findTestObject("OASIS/Care_Management/cm_physician_orders/ot/cm_po_ot_difficultyinadls")): Object: 'Object Repository/OASIS/Care_Management/cm_physician_orders/ot/cm_po_ot_difficultyinadls' is clicked on

2019-04-30 10:08:48 - [MESSAGE][PASSED] - Object: 'Object Repository/OASIS/Care_Management/cm_physician_orders/ot/cm_po_ot_difficultyinadls' is clicked on

2019-04-30 10:08:48 - [TEST_STEP][PASSED] - click(findTestObject("OASIS/Care_Management/cm_physician_orders/ot/cm_po_ot_limitedupperex")): Object: 'Object Repository/OASIS/Care_Management/cm_physician_orders/ot/cm_po_ot_limitedupperex' is clicked on

2019-04-30 10:08:48 - [MESSAGE][PASSED] - Object: 'Object Repository/OASIS/Care_Management/cm_physician_orders/ot/cm_po_ot_limitedupperex' is clicked on

2019-04-30 10:08:48 - [TEST_STEP][PASSED] - click(findTestObject("OASIS/Care_Management/cm_physician_orders/ot/cm_po_ot_requireswork")): Object: 'Object Repository/OASIS/Care_Management/cm_physician_orders/ot/cm_po_ot_requireswork' is clicked on

2019-04-30 10:08:48 - [MESSAGE][PASSED] - Object: 'Object Repository/OASIS/Care_Management/cm_physician_orders/ot/cm_po_ot_requireswork' is clicked on

2019-04-30 10:08:48 - [TEST_STEP][PASSED] - click(findTestObject("OASIS/Care_Management/cm_physician_orders/ot/cm_po_ot_needinstructions")): Object: 'Object Repository/OASIS/Care_Management/cm_physician_orders/ot/cm_po_ot_needinstructions' is clicked on

2019-04-30 10:08:48 - [MESSAGE][PASSED] - Object: 'Object Repository/OASIS/Care_Management/cm_physician_orders/ot/cm_po_ot_needinstructions' is clicked on

2019-04-30 10:08:48 - [TEST_STEP][PASSED] - click(findTestObject("OASIS/Care_Management/cm_physician_orders/ot/cm_po_ot_difficultyproblem")): Object: 'Object Repository/OASIS/Care_Management/cm_physician_orders/ot/cm_po_ot_difficultyproblem' is clicked on

2019-04-30 10:08:48 - [MESSAGE][PASSED] - Object: 'Object Repository/OASIS/Care_Management/cm_physician_orders/ot/cm_po_ot_difficultyproblem' is clicked on

2019-04-30 10:08:48 - [TEST_STEP][PASSED] - click(findTestObject("OASIS/Care_Management/cm_physician_orders/ot/cm_po_ot_decreasedcoordination")): Object: 'Object Repository/OASIS/Care_Management/cm_physician_orders/ot/cm_po_ot_decreasedcoordination' is clicked on

2019-04-30 10:08:48 - [MESSAGE][PASSED] - Object: 'Object Repository/OASIS/Care_Management/cm_physician_orders/ot/cm_po_ot_decreasedcoordination' is clicked on

2019-04-30 10:08:48 - [TEST_STEP][PASSED] - setText(findTestObject("OASIS/Care_Management/cm_physician_orders/ot/cm_po_ot_other"), "Sample text"): Text 'Sample text' is set on object 'Object Repository/OASIS/Care_Management/cm_physician_orders/ot/cm_po_ot_other'

2019-04-30 10:08:49 - [MESSAGE][PASSED] - Text 'Sample text' is set on object 'Object Repository/OASIS/Care_Management/cm_physician_orders/ot/cm_po_ot_other'

2019-04-30 10:08:49 - [TEST_STEP][PASSED] - delay(2): Delayed 2 second(s)

2019-04-30 10:08:51 - [MESSAGE][PASSED] - Delayed 2 second(s)

2019-04-30 10:08:51 - [TEST_STEP][PASSED] - click(findTestObject("OASIS/Care_Management/cm_physician_orders/st/cm_po_st_receptive")): Object: 'Object Repository/OASIS/Care_Management/cm_physician_orders/st/cm_po_st_receptive' is clicked on

2019-04-30 10:08:51 - [MESSAGE][PASSED] - Object: 'Object Repository/OASIS/Care_Management/cm_physician_orders/st/cm_po_st_receptive' is clicked on

2019-04-30 10:08:51 - [TEST_STEP][PASSED] - click(findTestObject("OASIS/Care_Management/cm_physician_orders/st/cm_po_st_communication")): Object: 'Object Repository/OASIS/Care_Management/cm_physician_orders/st/cm_po_st_communication' is clicked on

2019-04-30 10:08:51 - [MESSAGE][PASSED] - Object: 'Object Repository/OASIS/Care_Management/cm_physician_orders/st/cm_po_st_communication' is clicked on

2019-04-30 10:08:51 - [TEST_STEP][PASSED] - click(findTestObject("OASIS/Care_Management/cm_physician_orders/st/cm_po_st_othercognitive")): Object: 'Object Repository/OASIS/Care_Management/cm_physician_orders/st/cm_po_st_othercognitive' is clicked on

2019-04-30 10:08:52 - [MESSAGE][PASSED] - Object: 'Object Repository/OASIS/Care_Management/cm_physician_orders/st/cm_po_st_othercognitive' is clicked on

2019-04-30 10:08:52 - [TEST_STEP][PASSED] - click(findTestObject("OASIS/Care_Management/cm_physician_orders/st/cm_po_st_shortattention")): Object: 'Object Repository/OASIS/Care_Management/cm_physician_orders/st/cm_po_st_shortattention' is clicked on

2019-04-30 10:08:52 - [MESSAGE][PASSED] - Object: 'Object Repository/OASIS/Care_Management/cm_physician_orders/st/cm_po_st_shortattention' is clicked on

2019-04-30 10:08:52 - [TEST_STEP][PASSED] - click(findTestObject("OASIS/Care_Management/cm_physician_orders/st/cm_po_st_poorgag")): Object: 'Object Repository/OASIS/Care_Management/cm_physician_orders/st/cm_po_st_poorgag' is clicked on

2019-04-30 10:08:52 - [MESSAGE][PASSED] - Object: 'Object Repository/OASIS/Care_Management/cm_physician_orders/st/cm_po_st_poorgag' is clicked on

2019-04-30 10:08:52 - [TEST_STEP][PASSED] - click(findTestObject("OASIS/Care_Management/cm_physician_orders/st/cm_po_st_facialtongue")): Object: 'Object Repository/OASIS/Care_Management/cm_physician_orders/st/cm_po_st_facialtongue' is clicked on

2019-04-30 10:08:52 - [MESSAGE][PASSED] - Object: 'Object Repository/OASIS/Care_Management/cm_physician_orders/st/cm_po_st_facialtongue' is clicked on

2019-04-30 10:08:52 - [TEST_STEP][PASSED] - setText(findTestObject("OASIS/Care_Management/cm_physician_orders/st/cm_po_st_other"), "Sample text"): Text 'Sample text' is set on object 'Object Repository/OASIS/Care_Management/cm_physician_orders/st/cm_po_st_other'

2019-04-30 10:08:53 - [MESSAGE][PASSED] - Text 'Sample text' is set on object 'Object Repository/OASIS/Care_Management/cm_physician_orders/st/cm_po_st_other'

2019-04-30 10:08:53 - [TEST_STEP][PASSED] - delay(2): Delayed 2 second(s)

2019-04-30 10:08:55 - [MESSAGE][PASSED] - Delayed 2 second(s)

2019-04-30 10:08:55 - [TEST_STEP][PASSED] - click(findTestObject("OASIS/Care_Management/cm_physician_orders/msw/cm_po_msw_referraltossa")): Object: 'Object Repository/OASIS/Care_Management/cm_physician_orders/msw/cm_po_msw_referraltossa' is clicked on

2019-04-30 10:08:55 - [MESSAGE][PASSED] - Object: 'Object Repository/OASIS/Care_Management/cm_physician_orders/msw/cm_po_msw_referraltossa' is clicked on

2019-04-30 10:08:55 - [TEST_STEP][PASSED] - click(findTestObject("OASIS/Care_Management/cm_physician_orders/msw/cm_po_msw_mealhousing")): Object: 'Object Repository/OASIS/Care_Management/cm_physician_orders/msw/cm_po_msw_mealhousing' is clicked on

2019-04-30 10:08:55 - [MESSAGE][PASSED] - Object: 'Object Repository/OASIS/Care_Management/cm_physician_orders/msw/cm_po_msw_mealhousing' is clicked on

2019-04-30 10:08:55 - [TEST_STEP][PASSED] - click(findTestObject("OASIS/Care_Management/cm_physician_orders/msw/cm_po_msw_assistanceadls")): Object: 'Object Repository/OASIS/Care_Management/cm_physician_orders/msw/cm_po_msw_assistanceadls' is clicked on

2019-04-30 10:08:55 - [MESSAGE][PASSED] - Object: 'Object Repository/OASIS/Care_Management/cm_physician_orders/msw/cm_po_msw_assistanceadls' is clicked on

2019-04-30 10:08:55 - [TEST_STEP][PASSED] - click(findTestObject("OASIS/Care_Management/cm_physician_orders/msw/cm_po_msw_evaluationandeduc")): Object: 'Object Repository/OASIS/Care_Management/cm_physician_orders/msw/cm_po_msw_evaluationandeduc' is clicked on

2019-04-30 10:08:55 - [MESSAGE][PASSED] - Object: 'Object Repository/OASIS/Care_Management/cm_physician_orders/msw/cm_po_msw_evaluationandeduc' is clicked on

2019-04-30 10:08:55 - [TEST_STEP][PASSED] - click(findTestObject("OASIS/Care_Management/cm_physician_orders/msw/cm_po_msw_actaspatient")): Object: 'Object Repository/OASIS/Care_Management/cm_physician_orders/msw/cm_po_msw_actaspatient' is clicked on

2019-04-30 10:08:56 - [MESSAGE][PASSED] - Object: 'Object Repository/OASIS/Care_Management/cm_physician_orders/msw/cm_po_msw_actaspatient' is clicked on

2019-04-30 10:08:56 - [TEST_STEP][PASSED] - click(findTestObject("OASIS/Care_Management/cm_physician_orders/msw/cm_po_msw_assistancewithreimburse")): Object: 'Object Repository/OASIS/Care_Management/cm_physician_orders/msw/cm_po_msw_assistancewithreimburse' is clicked on

2019-04-30 10:08:56 - [MESSAGE][PASSED] - Object: 'Object Repository/OASIS/Care_Management/cm_physician_orders/msw/cm_po_msw_assistancewithreimburse' is clicked on

2019-04-30 10:08:56 - [TEST_STEP][PASSED] - click(findTestObject("OASIS/Care_Management/cm_physician_orders/msw/cm_po_msw_needforcomm")): Object: 'Object Repository/OASIS/Care_Management/cm_physician_orders/msw/cm_po_msw_needforcomm' is clicked on

2019-04-30 10:08:56 - [MESSAGE][PASSED] - Object: 'Object Repository/OASIS/Care_Management/cm_physician_orders/msw/cm_po_msw_needforcomm' is clicked on

2019-04-30 10:08:56 - [TEST_STEP][PASSED] - setText(findTestObject("OASIS/Care_Management/cm_physician_orders/msw/cm_po_msw_needforcomm_tf"), "Sample text"): Text 'Sample text' is set on object 'Object Repository/OASIS/Care_Management/cm_physician_orders/msw/cm_po_msw_needforcomm_tf'

2019-04-30 10:08:57 - [MESSAGE][PASSED] - Text 'Sample text' is set on object 'Object Repository/OASIS/Care_Management/cm_physician_orders/msw/cm_po_msw_needforcomm_tf'

2019-04-30 10:08:57 - [TEST_STEP][PASSED] - click(findTestObject("OASIS/Care_Management/cm_physician_orders/msw/cm_po_msw_counselling"), STOP_ON_FAILURE): Object: 'Object Repository/OASIS/Care_Management/cm_physician_orders/msw/cm_po_msw_counselling' is clicked on

2019-04-30 10:08:57 - [MESSAGE][PASSED] - Object: 'Object Repository/OASIS/Care_Management/cm_physician_orders/msw/cm_po_msw_counselling' is clicked on

2019-04-30 10:08:57 - [TEST_STEP][PASSED] - setText(findTestObject("OASIS/Care_Management/cm_physician_orders/msw/cm_po_msw_counselling_tf"), "Sample text"): Text 'Sample text' is set on object 'Object Repository/OASIS/Care_Management/cm_physician_orders/msw/cm_po_msw_counselling_tf'

2019-04-30 10:08:57 - [MESSAGE][PASSED] - Text 'Sample text' is set on object 'Object Repository/OASIS/Care_Management/cm_physician_orders/msw/cm_po_msw_counselling_tf'

2019-04-30 10:08:57 - [TEST_STEP][PASSED] - setText(findTestObject("OASIS/Care_Management/cm_physician_orders/msw/cm_po_msw_other"), "Sample text"): Text 'Sample text' is set on object 'Object Repository/OASIS/Care_Management/cm_physician_orders/msw/cm_po_msw_other'

2019-04-30 10:08:58 - [MESSAGE][PASSED] - Text 'Sample text' is set on object 'Object Repository/OASIS/Care_Management/cm_physician_orders/msw/cm_po_msw_other'

2019-04-30 10:08:58 - [TEST_STEP][PASSED] - delay(2): Delayed 2 second(s)

2019-04-30 10:09:00 - [MESSAGE][PASSED] - Delayed 2 second(s)

2019-04-30 10:09:00 - [TEST_STEP][PASSED] - click(findTestObject("OASIS/Care_Management/cm_physician_orders/dietician/cm_po_dietician_identified")): Object: 'Object Repository/OASIS/Care_Management/cm_physician_orders/dietician/cm_po_dietician_identified' is clicked on

2019-04-30 10:09:00 - [MESSAGE][PASSED] - Object: 'Object Repository/OASIS/Care_Management/cm_physician_orders/dietician/cm_po_dietician_identified' is clicked on

2019-04-30 10:09:00 - [TEST_STEP][PASSED] - setText(findTestObject("OASIS/Care_Management/cm_physician_orders/dietician/cm_po_dietician_other"), "Sample text"): Text 'Sample text' is set on object 'Object Repository/OASIS/Care_Management/cm_physician_orders/dietician/cm_po_dietician_other'

2019-04-30 10:09:00 - [MESSAGE][PASSED] - Text 'Sample text' is set on object 'Object Repository/OASIS/Care_Management/cm_physician_orders/dietician/cm_po_dietician_other'

2019-04-30 10:09:00 - [TEST_STEP][PASSED] - delay(2): Delayed 2 second(s)

2019-04-30 10:09:02 - [MESSAGE][PASSED] - Delayed 2 second(s)

2019-04-30 10:09:02 - [TEST_STEP][PASSED] - delay(2): Delayed 2 second(s)

2019-04-30 10:09:04 - [MESSAGE][PASSED] - Delayed 2 second(s)

2019-04-30 10:09:04 - [TEST_STEP][PASSED] - click(findTestObject("OASIS/Care_Management/cm_physician_orders/chha/cm_po_chha_toassistpersonalcare")): Object: 'Object Repository/OASIS/Care_Management/cm_physician_orders/chha/cm_po_chha_toassistpersonalcare' is clicked on

2019-04-30 10:09:05 - [MESSAGE][PASSED] - Object: 'Object Repository/OASIS/Care_Management/cm_physician_orders/chha/cm_po_chha_toassistpersonalcare' is clicked on

2019-04-30 10:09:05 - [TEST_STEP][PASSED] - setText(findTestObject("OASIS/Care_Management/cm_physician_orders/chha/cm_po_chha_other"), "Sample text"): Text 'Sample text' is set on object 'Object Repository/OASIS/Care_Management/cm_physician_orders/chha/cm_po_chha_other'

2019-04-30 10:09:05 - [MESSAGE][PASSED] - Text 'Sample text' is set on object 'Object Repository/OASIS/Care_Management/cm_physician_orders/chha/cm_po_chha_other'

2019-04-30 10:09:05 - [TEST_STEP][PASSED] - delay(2): Delayed 2 second(s)

2019-04-30 10:09:07 - [MESSAGE][PASSED] - Delayed 2 second(s)

2019-04-30 10:09:07 - [TEST_STEP][PASSED] - click(findTestObject("OASIS/Care_Management/cm_care_coordination/cm_cc_coordinationcarewith/cm_cc_coordinationcarewith_physician")): Object: 'Object Repository/OASIS/Care_Management/cm_care_coordination/cm_cc_coordinationcarewith/cm_cc_coordinationcarewith_physician' is clicked on

2019-04-30 10:09:07 - [MESSAGE][PASSED] - Object: 'Object Repository/OASIS/Care_Management/cm_care_coordination/cm_cc_coordinationcarewith/cm_cc_coordinationcarewith_physician' is clicked on

2019-04-30 10:09:07 - [TEST_STEP][PASSED] - click(findTestObject("OASIS/Care_Management/cm_care_coordination/cm_cc_coordinationcarewith/cm_cc_coordinationcarewith_rnsupervisor")): Object: 'Object Repository/OASIS/Care_Management/cm_care_coordination/cm_cc_coordinationcarewith/cm_cc_coordinationcarewith_rnsupervisor' is clicked on

2019-04-30 10:09:08 - [MESSAGE][PASSED] - Object: 'Object Repository/OASIS/Care_Management/cm_care_coordination/cm_cc_coordinationcarewith/cm_cc_coordinationcarewith_rnsupervisor' is clicked on

2019-04-30 10:09:08 - [TEST_STEP][PASSED] - click(findTestObject("OASIS/Care_Management/cm_care_coordination/cm_cc_coordinationcarewith/cm_cc_coordinationcarewith_rnlvn")): Object: 'Object Repository/OASIS/Care_Management/cm_care_coordination/cm_cc_coordinationcarewith/cm_cc_coordinationcarewith_rnlvn' is clicked on

2019-04-30 10:09:08 - [MESSAGE][PASSED] - Object: 'Object Repository/OASIS/Care_Management/cm_care_coordination/cm_cc_coordinationcarewith/cm_cc_coordinationcarewith_rnlvn' is clicked on

2019-04-30 10:09:08 - [TEST_STEP][PASSED] - click(findTestObject("OASIS/Care_Management/cm_care_coordination/cm_cc_coordinationcarewith/cm_cc_coordinationcarewith_patient")): Object: 'Object Repository/OASIS/Care_Management/cm_care_coordination/cm_cc_coordinationcarewith/cm_cc_coordinationcarewith_patient' is clicked on

2019-04-30 10:09:08 - [MESSAGE][PASSED] - Object: 'Object Repository/OASIS/Care_Management/cm_care_coordination/cm_cc_coordinationcarewith/cm_cc_coordinationcarewith_patient' is clicked on

2019-04-30 10:09:08 - [TEST_STEP][PASSED] - click(findTestObject("OASIS/Care_Management/cm_care_coordination/cm_cc_coordinationcarewith/cm_cc_coordinationcarewith_pcg")): Object: 'Object Repository/OASIS/Care_Management/cm_care_coordination/cm_cc_coordinationcarewith/cm_cc_coordinationcarewith_pcg' is clicked on

2019-04-30 10:09:08 - [MESSAGE][PASSED] - Object: 'Object Repository/OASIS/Care_Management/cm_care_coordination/cm_cc_coordinationcarewith/cm_cc_coordinationcarewith_pcg' is clicked on

2019-04-30 10:09:08 - [TEST_STEP][PASSED] - setText(findTestObject("OASIS/Care_Management/cm_care_coordination/cm_cc_coordinationcarewith/cm_cc_coordinationcarewith_other"), "Sample text"): Text 'Sample text' is set on object 'Object Repository/OASIS/Care_Management/cm_care_coordination/cm_cc_coordinationcarewith/cm_cc_coordinationcarewith_other'

2019-04-30 10:09:09 - [MESSAGE][PASSED] - Text 'Sample text' is set on object 'Object Repository/OASIS/Care_Management/cm_care_coordination/cm_cc_coordinationcarewith/cm_cc_coordinationcarewith_other'

2019-04-30 10:09:09 - [TEST_STEP][PASSED] - delay(2): Delayed 2 second(s)

2019-04-30 10:09:11 - [MESSAGE][PASSED] - Delayed 2 second(s)

2019-04-30 10:09:11 - [TEST_STEP][PASSED] - click(findTestObject("OASIS/Care_Management/cm_care_coordination/cm_cc_communicatedvia/cm_cc_communicatedvia_phone")): Object: 'Object Repository/OASIS/Care_Management/cm_care_coordination/cm_cc_communicatedvia/cm_cc_communicatedvia_phone' is clicked on

2019-04-30 10:09:11 - [MESSAGE][PASSED] - Object: 'Object Repository/OASIS/Care_Management/cm_care_coordination/cm_cc_communicatedvia/cm_cc_communicatedvia_phone' is clicked on

2019-04-30 10:09:11 - [TEST_STEP][PASSED] - click(findTestObject("OASIS/Care_Management/cm_care_coordination/cm_cc_communicatedvia/cm_cc_communicatedvia_fax")): Object: 'Object Repository/OASIS/Care_Management/cm_care_coordination/cm_cc_communicatedvia/cm_cc_communicatedvia_fax' is clicked on

2019-04-30 10:09:11 - [MESSAGE][PASSED] - Object: 'Object Repository/OASIS/Care_Management/cm_care_coordination/cm_cc_communicatedvia/cm_cc_communicatedvia_fax' is clicked on

2019-04-30 10:09:11 - [TEST_STEP][PASSED] - click(findTestObject("OASIS/Care_Management/cm_care_coordination/cm_cc_communicatedvia/cm_cc_communicatedvia_persontoperson")): Object: 'Object Repository/OASIS/Care_Management/cm_care_coordination/cm_cc_communicatedvia/cm_cc_communicatedvia_persontoperson' is clicked on

2019-04-30 10:09:11 - [MESSAGE][PASSED] - Object: 'Object Repository/OASIS/Care_Management/cm_care_coordination/cm_cc_communicatedvia/cm_cc_communicatedvia_persontoperson' is clicked on

2019-04-30 10:09:11 - [TEST_STEP][PASSED] - setText(findTestObject("OASIS/Care_Management/cm_care_coordination/cm_cc_communicatedvia/cm_cc_communicatedvia_comreceivedby"), "Khenard Figuracion"): Text 'Khenard Figuracion' is set on object 'Object Repository/OASIS/Care_Management/cm_care_coordination/cm_cc_communicatedvia/cm_cc_communicatedvia_comreceivedby'

2019-04-30 10:09:12 - [MESSAGE][PASSED] - Text 'Khenard Figuracion' is set on object 'Object Repository/OASIS/Care_Management/cm_care_coordination/cm_cc_communicatedvia/cm_cc_communicatedvia_comreceivedby'

2019-04-30 10:09:12 - [TEST_STEP][PASSED] - setText(findTestObject("OASIS/Care_Management/cm_care_coordination/cm_cc_communicatedvia/cm_cc_communicatedvia_date"), "April 26, 2019"): Text 'April 26, 2019' is set on object 'Object Repository/OASIS/Care_Management/cm_care_coordination/cm_cc_communicatedvia/cm_cc_communicatedvia_date'

2019-04-30 10:09:13 - [MESSAGE][PASSED] - Text 'April 26, 2019' is set on object 'Object Repository/OASIS/Care_Management/cm_care_coordination/cm_cc_communicatedvia/cm_cc_communicatedvia_date'

2019-04-30 10:09:13 - [TEST_STEP][PASSED] - setText(findTestObject("OASIS/Care_Management/cm_care_coordination/cm_cc_communicatedvia/cm_cc_communicatedvia_time"), "10:04 AM"): Text '10:04 AM' is set on object 'Object Repository/OASIS/Care_Management/cm_care_coordination/cm_cc_communicatedvia/cm_cc_communicatedvia_time'

2019-04-30 10:09:13 - [MESSAGE][PASSED] - Text '10:04 AM' is set on object 'Object Repository/OASIS/Care_Management/cm_care_coordination/cm_cc_communicatedvia/cm_cc_communicatedvia_time'

2019-04-30 10:09:13 - [TEST_STEP][PASSED] - delay(2): Delayed 2 second(s)

2019-04-30 10:09:15 - [MESSAGE][PASSED] - Delayed 2 second(s)

2019-04-30 10:09:15 - [TEST_STEP][PASSED] - click(findTestObject("OASIS/Care_Management/cm_subject_areas/cm_sa_regardingpatient/cm_sa_rpc_ssindicative")): Object: 'Object Repository/OASIS/Care_Management/cm_subject_areas/cm_sa_regardingpatient/cm_sa_rpc_ssindicative' is clicked on

2019-04-30 10:09:15 - [MESSAGE][PASSED] - Object: 'Object Repository/OASIS/Care_Management/cm_subject_areas/cm_sa_regardingpatient/cm_sa_rpc_ssindicative' is clicked on

2019-04-30 10:09:15 - [TEST_STEP][PASSED] - click(findTestObject("OASIS/Care_Management/cm_subject_areas/cm_sa_regardingpatient/cm_sa_rpc_diabetic")): Object: 'Object Repository/OASIS/Care_Management/cm_subject_areas/cm_sa_regardingpatient/cm_sa_rpc_diabetic' is clicked on

2019-04-30 10:09:15 - [MESSAGE][PASSED] - Object: 'Object Repository/OASIS/Care_Management/cm_subject_areas/cm_sa_regardingpatient/cm_sa_rpc_diabetic' is clicked on

2019-04-30 10:09:15 - [TEST_STEP][PASSED] - click(findTestObject("OASIS/Care_Management/cm_subject_areas/cm_sa_regardingpatient/cm_sa_rpc_hypertensive")): Object: 'Object Repository/OASIS/Care_Management/cm_subject_areas/cm_sa_regardingpatient/cm_sa_rpc_hypertensive' is clicked on

2019-04-30 10:09:15 - [MESSAGE][PASSED] - Object: 'Object Repository/OASIS/Care_Management/cm_subject_areas/cm_sa_regardingpatient/cm_sa_rpc_hypertensive' is clicked on

2019-04-30 10:09:15 - [TEST_STEP][PASSED] - click(findTestObject("OASIS/Care_Management/cm_subject_areas/cm_sa_regardingpatient/cm_sa_rpc_depression")): Object: 'Object Repository/OASIS/Care_Management/cm_subject_areas/cm_sa_regardingpatient/cm_sa_rpc_depression' is clicked on

2019-04-30 10:09:16 - [MESSAGE][PASSED] - Object: 'Object Repository/OASIS/Care_Management/cm_subject_areas/cm_sa_regardingpatient/cm_sa_rpc_depression' is clicked on

2019-04-30 10:09:16 - [TEST_STEP][PASSED] - click(findTestObject("OASIS/Care_Management/cm_subject_areas/cm_sa_regardingpatient/cm_sa_rpc_newwound")): Object: 'Object Repository/OASIS/Care_Management/cm_subject_areas/cm_sa_regardingpatient/cm_sa_rpc_newwound' is clicked on

2019-04-30 10:09:16 - [MESSAGE][PASSED] - Object: 'Object Repository/OASIS/Care_Management/cm_subject_areas/cm_sa_regardingpatient/cm_sa_rpc_newwound' is clicked on

2019-04-30 10:09:16 - [TEST_STEP][PASSED] - click(findTestObject("OASIS/Care_Management/cm_subject_areas/cm_sa_regardingpatient/cm_sa_rpc_unrelievedpain")): Object: 'Object Repository/OASIS/Care_Management/cm_subject_areas/cm_sa_regardingpatient/cm_sa_rpc_unrelievedpain' is clicked on

2019-04-30 10:09:16 - [MESSAGE][PASSED] - Object: 'Object Repository/OASIS/Care_Management/cm_subject_areas/cm_sa_regardingpatient/cm_sa_rpc_unrelievedpain' is clicked on

2019-04-30 10:09:16 - [TEST_STEP][PASSED] - click(findTestObject("OASIS/Care_Management/cm_subject_areas/cm_sa_regardingpatient/cm_sa_rpc_fallinjury")): Object: 'Object Repository/OASIS/Care_Management/cm_subject_areas/cm_sa_regardingpatient/cm_sa_rpc_fallinjury' is clicked on

2019-04-30 10:09:16 - [MESSAGE][PASSED] - Object: 'Object Repository/OASIS/Care_Management/cm_subject_areas/cm_sa_regardingpatient/cm_sa_rpc_fallinjury' is clicked on

2019-04-30 10:09:16 - [TEST_STEP][PASSED] - setText(findTestObject("OASIS/Care_Management/cm_subject_areas/cm_sa_regardingpatient/cm_sa_rpc_other"), "Sample text"): Text 'Sample text' is set on object 'Object Repository/OASIS/Care_Management/cm_subject_areas/cm_sa_regardingpatient/cm_sa_rpc_other'

2019-04-30 10:09:17 - [MESSAGE][PASSED] - Text 'Sample text' is set on object 'Object Repository/OASIS/Care_Management/cm_subject_areas/cm_sa_regardingpatient/cm_sa_rpc_other'

2019-04-30 10:09:17 - [TEST_STEP][PASSED] - delay(2): Delayed 2 second(s)

2019-04-30 10:09:19 - [MESSAGE][PASSED] - Delayed 2 second(s)

2019-04-30 10:09:19 - [TEST_STEP][PASSED] - click(findTestObject("OASIS/Care_Management/cm_subject_areas/cm_sa_regardingmedication/cm_sa_rm_adverseeffect")): Object: 'Object Repository/OASIS/Care_Management/cm_subject_areas/cm_sa_regardingmedication/cm_sa_rm_adverseeffect' is clicked on

2019-04-30 10:09:19 - [MESSAGE][PASSED] - Object: 'Object Repository/OASIS/Care_Management/cm_subject_areas/cm_sa_regardingmedication/cm_sa_rm_adverseeffect' is clicked on

2019-04-30 10:09:19 - [TEST_STEP][PASSED] - click(findTestObject("OASIS/Care_Management/cm_subject_areas/cm_sa_regardingmedication/cm_sa_rm_potentialadverse")): Object: 'Object Repository/OASIS/Care_Management/cm_subject_areas/cm_sa_regardingmedication/cm_sa_rm_potentialadverse' is clicked on

2019-04-30 10:09:19 - [MESSAGE][PASSED] - Object: 'Object Repository/OASIS/Care_Management/cm_subject_areas/cm_sa_regardingmedication/cm_sa_rm_potentialadverse' is clicked on

2019-04-30 10:09:19 - [TEST_STEP][PASSED] - click(findTestObject("OASIS/Care_Management/cm_subject_areas/cm_sa_regardingmedication/cm_sa_rm_ineffectivedrugtherapy")): Object: 'Object Repository/OASIS/Care_Management/cm_subject_areas/cm_sa_regardingmedication/cm_sa_rm_ineffectivedrugtherapy' is clicked on

2019-04-30 10:09:19 - [MESSAGE][PASSED] - Object: 'Object Repository/OASIS/Care_Management/cm_subject_areas/cm_sa_regardingmedication/cm_sa_rm_ineffectivedrugtherapy' is clicked on

2019-04-30 10:09:19 - [TEST_STEP][PASSED] - click(findTestObject("OASIS/Care_Management/cm_subject_areas/cm_sa_regardingmedication/cm_sa_rm_significantsideeffect")): Object: 'Object Repository/OASIS/Care_Management/cm_subject_areas/cm_sa_regardingmedication/cm_sa_rm_significantsideeffect' is clicked on

2019-04-30 10:09:20 - [MESSAGE][PASSED] - Object: 'Object Repository/OASIS/Care_Management/cm_subject_areas/cm_sa_regardingmedication/cm_sa_rm_significantsideeffect' is clicked on

2019-04-30 10:09:20 - [TEST_STEP][PASSED] - click(findTestObject("OASIS/Care_Management/cm_subject_areas/cm_sa_regardingmedication/cm_sa_rm_significantdrunginteractions")): Object: 'Object Repository/OASIS/Care_Management/cm_subject_areas/cm_sa_regardingmedication/cm_sa_rm_significantdrunginteractions' is clicked on

2019-04-30 10:09:20 - [MESSAGE][PASSED] - Object: 'Object Repository/OASIS/Care_Management/cm_subject_areas/cm_sa_regardingmedication/cm_sa_rm_significantdrunginteractions' is clicked on

2019-04-30 10:09:20 - [TEST_STEP][PASSED] - click(findTestObject("OASIS/Care_Management/cm_subject_areas/cm_sa_regardingmedication/cm_sa_rm_noncompliance")): Object: 'Object Repository/OASIS/Care_Management/cm_subject_areas/cm_sa_regardingmedication/cm_sa_rm_noncompliance' is clicked on

2019-04-30 10:09:20 - [MESSAGE][PASSED] - Object: 'Object Repository/OASIS/Care_Management/cm_subject_areas/cm_sa_regardingmedication/cm_sa_rm_noncompliance' is clicked on

2019-04-30 10:09:20 - [TEST_STEP][PASSED] - click(findTestObject("OASIS/Care_Management/cm_subject_areas/cm_sa_regardingmedication/cm_sa_rm_misseddose")): Object: 'Object Repository/OASIS/Care_Management/cm_subject_areas/cm_sa_regardingmedication/cm_sa_rm_misseddose' is clicked on

2019-04-30 10:09:20 - [MESSAGE][PASSED] - Object: 'Object Repository/OASIS/Care_Management/cm_subject_areas/cm_sa_regardingmedication/cm_sa_rm_misseddose' is clicked on

2019-04-30 10:09:20 - [TEST_STEP][PASSED] - click(findTestObject("OASIS/Care_Management/cm_subject_areas/cm_sa_regardingmedication/cm_sa_rm_newmed")): Object: 'Object Repository/OASIS/Care_Management/cm_subject_areas/cm_sa_regardingmedication/cm_sa_rm_newmed' is clicked on

2019-04-30 10:09:20 - [MESSAGE][PASSED] - Object: 'Object Repository/OASIS/Care_Management/cm_subject_areas/cm_sa_regardingmedication/cm_sa_rm_newmed' is clicked on

2019-04-30 10:09:20 - [TEST_STEP][PASSED] - click(findTestObject("OASIS/Care_Management/cm_subject_areas/cm_sa_regardingmedication/cm_sa_rm_medrecon")): Object: 'Object Repository/OASIS/Care_Management/cm_subject_areas/cm_sa_regardingmedication/cm_sa_rm_medrecon' is clicked on

2019-04-30 10:09:21 - [MESSAGE][PASSED] - Object: 'Object Repository/OASIS/Care_Management/cm_subject_areas/cm_sa_regardingmedication/cm_sa_rm_medrecon' is clicked on

2019-04-30 10:09:21 - [TEST_STEP][PASSED] - click(findTestObject("OASIS/Care_Management/cm_subject_areas/cm_sa_regardingmedication/cm_sa_rm_duplicatedt")): Object: 'Object Repository/OASIS/Care_Management/cm_subject_areas/cm_sa_regardingmedication/cm_sa_rm_duplicatedt' is clicked on

2019-04-30 10:09:21 - [MESSAGE][PASSED] - Object: 'Object Repository/OASIS/Care_Management/cm_subject_areas/cm_sa_regardingmedication/cm_sa_rm_duplicatedt' is clicked on

2019-04-30 10:09:21 - [TEST_STEP][PASSED] - click(findTestObject("OASIS/Care_Management/cm_subject_areas/cm_sa_regardingmedication/cm_sa_rm_missingmed")): Object: 'Object Repository/OASIS/Care_Management/cm_subject_areas/cm_sa_regardingmedication/cm_sa_rm_missingmed' is clicked on

2019-04-30 10:09:21 - [MESSAGE][PASSED] - Object: 'Object Repository/OASIS/Care_Management/cm_subject_areas/cm_sa_regardingmedication/cm_sa_rm_missingmed' is clicked on

2019-04-30 10:09:21 - [TEST_STEP][PASSED] - click(findTestObject("OASIS/Care_Management/cm_subject_areas/cm_sa_regardingmedication/cm_sa_rm_wrongdose")): Object: 'Object Repository/OASIS/Care_Management/cm_subject_areas/cm_sa_regardingmedication/cm_sa_rm_wrongdose' is clicked on

2019-04-30 10:09:21 - [MESSAGE][PASSED] - Object: 'Object Repository/OASIS/Care_Management/cm_subject_areas/cm_sa_regardingmedication/cm_sa_rm_wrongdose' is clicked on

2019-04-30 10:09:21 - [TEST_STEP][PASSED] - setText(findTestObject("OASIS/Care_Management/cm_subject_areas/cm_sa_regardingmedication/cm_sa_rm_other"), "Sample text"): Text 'Sample text' is set on object 'Object Repository/OASIS/Care_Management/cm_subject_areas/cm_sa_regardingmedication/cm_sa_rm_other'

2019-04-30 10:09:22 - [MESSAGE][PASSED] - Text 'Sample text' is set on object 'Object Repository/OASIS/Care_Management/cm_subject_areas/cm_sa_regardingmedication/cm_sa_rm_other'

2019-04-30 10:09:22 - [TEST_STEP][PASSED] - delay(2): Delayed 2 second(s)

2019-04-30 10:09:24 - [MESSAGE][PASSED] - Delayed 2 second(s)

2019-04-30 10:09:24 - [TEST_STEP][PASSED] - click(findTestObject("OASIS/Care_Management/cm_subject_areas/cm_sa_obtainedpofor/cm_sa_opof_lab")): Object: 'Object Repository/OASIS/Care_Management/cm_subject_areas/cm_sa_obtainedpofor/cm_sa_opof_lab' is clicked on

2019-04-30 10:09:24 - [MESSAGE][PASSED] - Object: 'Object Repository/OASIS/Care_Management/cm_subject_areas/cm_sa_obtainedpofor/cm_sa_opof_lab' is clicked on

2019-04-30 10:09:24 - [TEST_STEP][PASSED] - click(findTestObject("OASIS/Care_Management/cm_subject_areas/cm_sa_obtainedpofor/cm_sa_opof_med")): Object: 'Object Repository/OASIS/Care_Management/cm_subject_areas/cm_sa_obtainedpofor/cm_sa_opof_med' is clicked on

2019-04-30 10:09:24 - [MESSAGE][PASSED] - Object: 'Object Repository/OASIS/Care_Management/cm_subject_areas/cm_sa_obtainedpofor/cm_sa_opof_med' is clicked on

2019-04-30 10:09:24 - [TEST_STEP][PASSED] - click(findTestObject("OASIS/Care_Management/cm_subject_areas/cm_sa_obtainedpofor/cm_sa_opof_treatments")): Object: 'Object Repository/OASIS/Care_Management/cm_subject_areas/cm_sa_obtainedpofor/cm_sa_opof_treatments' is clicked on

2019-04-30 10:09:24 - [MESSAGE][PASSED] - Object: 'Object Repository/OASIS/Care_Management/cm_subject_areas/cm_sa_obtainedpofor/cm_sa_opof_treatments' is clicked on

2019-04-30 10:09:24 - [TEST_STEP][PASSED] - click(findTestObject("OASIS/Care_Management/cm_subject_areas/cm_sa_obtainedpofor/cm_sa_opof_dme")): Object: 'Object Repository/OASIS/Care_Management/cm_subject_areas/cm_sa_obtainedpofor/cm_sa_opof_dme' is clicked on

2019-04-30 10:09:24 - [MESSAGE][PASSED] - Object: 'Object Repository/OASIS/Care_Management/cm_subject_areas/cm_sa_obtainedpofor/cm_sa_opof_dme' is clicked on

2019-04-30 10:09:24 - [TEST_STEP][PASSED] - click(findTestObject("OASIS/Care_Management/cm_subject_areas/cm_sa_obtainedpofor/cm_sa_opof_diabeticfootexam")): Object: 'Object Repository/OASIS/Care_Management/cm_subject_areas/cm_sa_obtainedpofor/cm_sa_opof_diabeticfootexam' is clicked on

2019-04-30 10:09:25 - [MESSAGE][PASSED] - Object: 'Object Repository/OASIS/Care_Management/cm_subject_areas/cm_sa_obtainedpofor/cm_sa_opof_diabeticfootexam' is clicked on

2019-04-30 10:09:25 - [TEST_STEP][PASSED] - click(findTestObject("OASIS/Care_Management/cm_subject_areas/cm_sa_obtainedpofor/cm_sa_opof_fallprevention")): Object: 'Object Repository/OASIS/Care_Management/cm_subject_areas/cm_sa_obtainedpofor/cm_sa_opof_fallprevention' is clicked on

2019-04-30 10:09:25 - [MESSAGE][PASSED] - Object: 'Object Repository/OASIS/Care_Management/cm_subject_areas/cm_sa_obtainedpofor/cm_sa_opof_fallprevention' is clicked on

2019-04-30 10:09:25 - [TEST_STEP][PASSED] - click(findTestObject("OASIS/Care_Management/cm_subject_areas/cm_sa_obtainedpofor/cm_sa_opof_depression")): Object: 'Object Repository/OASIS/Care_Management/cm_subject_areas/cm_sa_obtainedpofor/cm_sa_opof_depression' is clicked on

2019-04-30 10:09:25 - [MESSAGE][PASSED] - Object: 'Object Repository/OASIS/Care_Management/cm_subject_areas/cm_sa_obtainedpofor/cm_sa_opof_depression' is clicked on

2019-04-30 10:09:25 - [TEST_STEP][PASSED] - click(findTestObject("OASIS/Care_Management/cm_subject_areas/cm_sa_obtainedpofor/cm_sa_opof_interventionstomonitor")): Object: 'Object Repository/OASIS/Care_Management/cm_subject_areas/cm_sa_obtainedpofor/cm_sa_opof_interventionstomonitor' is clicked on

2019-04-30 10:09:25 - [MESSAGE][PASSED] - Object: 'Object Repository/OASIS/Care_Management/cm_subject_areas/cm_sa_obtainedpofor/cm_sa_opof_interventionstomonitor' is clicked on

2019-04-30 10:09:25 - [TEST_STEP][PASSED] - click(findTestObject("OASIS/Care_Management/cm_subject_areas/cm_sa_obtainedpofor/cm_sa_opof_interventionstoprevent")): Object: 'Object Repository/OASIS/Care_Management/cm_subject_areas/cm_sa_obtainedpofor/cm_sa_opof_interventionstoprevent' is clicked on

2019-04-30 10:09:25 - [MESSAGE][PASSED] - Object: 'Object Repository/OASIS/Care_Management/cm_subject_areas/cm_sa_obtainedpofor/cm_sa_opof_interventionstoprevent' is clicked on

2019-04-30 10:09:25 - [TEST_STEP][PASSED] - click(findTestObject("OASIS/Care_Management/cm_subject_areas/cm_sa_obtainedpofor/cm_sa_opof_woundcaretreatment")): Object: 'Object Repository/OASIS/Care_Management/cm_subject_areas/cm_sa_obtainedpofor/cm_sa_opof_woundcaretreatment' is clicked on

2019-04-30 10:09:25 - [MESSAGE][PASSED] - Object: 'Object Repository/OASIS/Care_Management/cm_subject_areas/cm_sa_obtainedpofor/cm_sa_opof_woundcaretreatment' is clicked on

2019-04-30 10:09:25 - [TEST_STEP][PASSED] - click(findTestObject("OASIS/Care_Management/cm_subject_areas/cm_sa_obtainedpofor/cm_sa_opof_patientspecificparam")): Object: 'Object Repository/OASIS/Care_Management/cm_subject_areas/cm_sa_obtainedpofor/cm_sa_opof_patientspecificparam' is clicked on

2019-04-30 10:09:26 - [MESSAGE][PASSED] - Object: 'Object Repository/OASIS/Care_Management/cm_subject_areas/cm_sa_obtainedpofor/cm_sa_opof_patientspecificparam' is clicked on

2019-04-30 10:09:26 - [TEST_STEP][PASSED] - setText(findTestObject("OASIS/Care_Management/cm_subject_areas/cm_sa_obtainedpofor/cm_sa_opof_other"), "Sample text"): Text 'Sample text' is set on object 'Object Repository/OASIS/Care_Management/cm_subject_areas/cm_sa_obtainedpofor/cm_sa_opof_other'

2019-04-30 10:09:26 - [MESSAGE][PASSED] - Text 'Sample text' is set on object 'Object Repository/OASIS/Care_Management/cm_subject_areas/cm_sa_obtainedpofor/cm_sa_opof_other'

2019-04-30 10:09:26 - [TEST_STEP][PASSED] - delay(3): Delayed 3 second(s)

2019-04-30 10:09:29 - [MESSAGE][PASSED] - Delayed 3 second(s)

2019-04-30 10:09:29 - [TEST_STEP][PASSED] - click(findTestObject("OASIS/Care_Management/cm_dme/cm_dme_walker_has")): Object: 'Object Repository/OASIS/Care_Management/cm_dme/cm_dme_walker_has' is clicked on

2019-04-30 10:09:29 - [MESSAGE][PASSED] - Object: 'Object Repository/OASIS/Care_Management/cm_dme/cm_dme_walker_has' is clicked on

2019-04-30 10:09:29 - [TEST_STEP][PASSED] - click(findTestObject("OASIS/Care_Management/cm_dme/cm_dme_cane_needs")): Object: 'Object Repository/OASIS/Care_Management/cm_dme/cm_dme_cane_needs' is clicked on

2019-04-30 10:09:29 - [MESSAGE][PASSED] - Object: 'Object Repository/OASIS/Care_Management/cm_dme/cm_dme_cane_needs' is clicked on

2019-04-30 10:09:29 - [TEST_STEP][PASSED] - click(findTestObject("OASIS/Care_Management/cm_dme/cm_dme_wheelchair_has")): Object: 'Object Repository/OASIS/Care_Management/cm_dme/cm_dme_wheelchair_has' is clicked on

2019-04-30 10:09:30 - [MESSAGE][PASSED] - Object: 'Object Repository/OASIS/Care_Management/cm_dme/cm_dme_wheelchair_has' is clicked on

2019-04-30 10:09:30 - [TEST_STEP][PASSED] - click(findTestObject("OASIS/Care_Management/cm_dme/cm_dme_bedside_needs")): Object: 'Object Repository/OASIS/Care_Management/cm_dme/cm_dme_bedside_needs' is clicked on

2019-04-30 10:09:30 - [MESSAGE][PASSED] - Object: 'Object Repository/OASIS/Care_Management/cm_dme/cm_dme_bedside_needs' is clicked on

2019-04-30 10:09:30 - [TEST_STEP][PASSED] - click(findTestObject("OASIS/Care_Management/cm_dme/cm_dme_showerbench_has")): Object: 'Object Repository/OASIS/Care_Management/cm_dme/cm_dme_showerbench_has' is clicked on

2019-04-30 10:09:30 - [MESSAGE][PASSED] - Object: 'Object Repository/OASIS/Care_Management/cm_dme/cm_dme_showerbench_has' is clicked on

2019-04-30 10:09:30 - [TEST_STEP][PASSED] - click(findTestObject("OASIS/Care_Management/cm_dme/cm_dme_feedingpump_needs")): Object: 'Object Repository/OASIS/Care_Management/cm_dme/cm_dme_feedingpump_needs' is clicked on

2019-04-30 10:09:30 - [MESSAGE][PASSED] - Object: 'Object Repository/OASIS/Care_Management/cm_dme/cm_dme_feedingpump_needs' is clicked on

2019-04-30 10:09:30 - [TEST_STEP][PASSED] - click(findTestObject("OASIS/Care_Management/cm_dme/cm_dme_suction_has")): Object: 'Object Repository/OASIS/Care_Management/cm_dme/cm_dme_suction_has' is clicked on

2019-04-30 10:09:30 - [MESSAGE][PASSED] - Object: 'Object Repository/OASIS/Care_Management/cm_dme/cm_dme_suction_has' is clicked on

2019-04-30 10:09:30 - [TEST_STEP][PASSED] - click(findTestObject("OASIS/Care_Management/cm_dme/cm_dme_o2con_needs")): Object: 'Object Repository/OASIS/Care_Management/cm_dme/cm_dme_o2con_needs' is clicked on

2019-04-30 10:09:30 - [MESSAGE][PASSED] - Object: 'Object Repository/OASIS/Care_Management/cm_dme/cm_dme_o2con_needs' is clicked on

2019-04-30 10:09:30 - [TEST_STEP][PASSED] - click(findTestObject("OASIS/Care_Management/cm_dme/cm_dme_nebulizer_has")): Object: 'Object Repository/OASIS/Care_Management/cm_dme/cm_dme_nebulizer_has' is clicked on

2019-04-30 10:09:30 - [MESSAGE][PASSED] - Object: 'Object Repository/OASIS/Care_Management/cm_dme/cm_dme_nebulizer_has' is clicked on

2019-04-30 10:09:30 - [TEST_STEP][PASSED] - click(findTestObject("OASIS/Care_Management/cm_dme/cm_dme_hospitalbed_needs")): Object: 'Object Repository/OASIS/Care_Management/cm_dme/cm_dme_hospitalbed_needs' is clicked on

2019-04-30 10:09:30 - [MESSAGE][PASSED] - Object: 'Object Repository/OASIS/Care_Management/cm_dme/cm_dme_hospitalbed_needs' is clicked on

2019-04-30 10:09:30 - [TEST_STEP][PASSED] - click(findTestObject("OASIS/Care_Management/cm_dme/cm_dme_lowairmattress_has")): Object: 'Object Repository/OASIS/Care_Management/cm_dme/cm_dme_lowairmattress_has' is clicked on

2019-04-30 10:09:31 - [MESSAGE][PASSED] - Object: 'Object Repository/OASIS/Care_Management/cm_dme/cm_dme_lowairmattress_has' is clicked on

2019-04-30 10:09:31 - [TEST_STEP][PASSED] - setText(findTestObject("OASIS/Care_Management/cm_dme/cm_dme_other_tf"), "Air Conditioner Machine"): Text 'Air Conditioner Machine' is set on object 'Object Repository/OASIS/Care_Management/cm_dme/cm_dme_other_tf'

2019-04-30 10:09:32 - [MESSAGE][PASSED] - Text 'Air Conditioner Machine' is set on object 'Object Repository/OASIS/Care_Management/cm_dme/cm_dme_other_tf'

2019-04-30 10:09:32 - [TEST_STEP][PASSED] - click(findTestObject("OASIS/Care_Management/cm_dme/cm_dme_other_needs")): Object: 'Object Repository/OASIS/Care_Management/cm_dme/cm_dme_other_needs' is clicked on

2019-04-30 10:09:32 - [MESSAGE][PASSED] - Object: 'Object Repository/OASIS/Care_Management/cm_dme/cm_dme_other_needs' is clicked on

2019-04-30 10:09:32 - [TEST_STEP][PASSED] - click(findTestObject("OASIS/Care_Management/cm_dme/cm_dme_workingproperly_yes")): Object: 'Object Repository/OASIS/Care_Management/cm_dme/cm_dme_workingproperly_yes' is clicked on

2019-04-30 10:09:32 - [MESSAGE][PASSED] - Object: 'Object Repository/OASIS/Care_Management/cm_dme/cm_dme_workingproperly_yes' is clicked on

2019-04-30 10:09:32 - [TEST_STEP][PASSED] - delay(3): Delayed 3 second(s)

2019-04-30 10:09:35 - [MESSAGE][PASSED] - Delayed 3 second(s)

2019-04-30 10:09:35 - [TEST_STEP][PASSED] - click(findTestObject("OASIS/Care_Management/cm_knowledgedeficit/cm_kda_diseaseprocess")): Object: 'Object Repository/OASIS/Care_Management/cm_knowledgedeficit/cm_kda_diseaseprocess' is clicked on

2019-04-30 10:09:35 - [MESSAGE][PASSED] - Object: 'Object Repository/OASIS/Care_Management/cm_knowledgedeficit/cm_kda_diseaseprocess' is clicked on

2019-04-30 10:09:35 - [TEST_STEP][PASSED] - click(findTestObject("OASIS/Care_Management/cm_knowledgedeficit/cm_kda_prevention")): Object: 'Object Repository/OASIS/Care_Management/cm_knowledgedeficit/cm_kda_prevention' is clicked on

2019-04-30 10:09:35 - [MESSAGE][PASSED] - Object: 'Object Repository/OASIS/Care_Management/cm_knowledgedeficit/cm_kda_prevention' is clicked on

2019-04-30 10:09:35 - [TEST_STEP][PASSED] - click(findTestObject("OASIS/Care_Management/cm_knowledgedeficit/cm_kda_reportable")): Object: 'Object Repository/OASIS/Care_Management/cm_knowledgedeficit/cm_kda_reportable' is clicked on

2019-04-30 10:09:35 - [MESSAGE][PASSED] - Object: 'Object Repository/OASIS/Care_Management/cm_knowledgedeficit/cm_kda_reportable' is clicked on

2019-04-30 10:09:35 - [TEST_STEP][PASSED] - click(findTestObject("OASIS/Care_Management/cm_knowledgedeficit/cm_kda_emergency")): Object: 'Object Repository/OASIS/Care_Management/cm_knowledgedeficit/cm_kda_emergency' is clicked on

2019-04-30 10:09:35 - [MESSAGE][PASSED] - Object: 'Object Repository/OASIS/Care_Management/cm_knowledgedeficit/cm_kda_emergency' is clicked on

2019-04-30 10:09:35 - [TEST_STEP][PASSED] - click(findTestObject("OASIS/Care_Management/cm_knowledgedeficit/cm_kda_medication")): Object: 'Object Repository/OASIS/Care_Management/cm_knowledgedeficit/cm_kda_medication' is clicked on

2019-04-30 10:09:36 - [MESSAGE][PASSED] - Object: 'Object Repository/OASIS/Care_Management/cm_knowledgedeficit/cm_kda_medication' is clicked on

2019-04-30 10:09:36 - [TEST_STEP][PASSED] - click(findTestObject("OASIS/Care_Management/cm_knowledgedeficit/cm_kda_compliance")): Object: 'Object Repository/OASIS/Care_Management/cm_knowledgedeficit/cm_kda_compliance' is clicked on

2019-04-30 10:09:36 - [MESSAGE][PASSED] - Object: 'Object Repository/OASIS/Care_Management/cm_knowledgedeficit/cm_kda_compliance' is clicked on

2019-04-30 10:09:36 - [TEST_STEP][PASSED] - click(findTestObject("OASIS/Care_Management/cm_knowledgedeficit/cm_kda_diet")): Object: 'Object Repository/OASIS/Care_Management/cm_knowledgedeficit/cm_kda_diet' is clicked on

2019-04-30 10:09:36 - [MESSAGE][PASSED] - Object: 'Object Repository/OASIS/Care_Management/cm_knowledgedeficit/cm_kda_diet' is clicked on

2019-04-30 10:09:36 - [TEST_STEP][PASSED] - click(findTestObject("OASIS/Care_Management/cm_knowledgedeficit/cm_kda_homesafety")): Object: 'Object Repository/OASIS/Care_Management/cm_knowledgedeficit/cm_kda_homesafety' is clicked on

2019-04-30 10:09:36 - [MESSAGE][PASSED] - Object: 'Object Repository/OASIS/Care_Management/cm_knowledgedeficit/cm_kda_homesafety' is clicked on

2019-04-30 10:09:36 - [TEST_STEP][PASSED] - click(findTestObject("OASIS/Care_Management/cm_knowledgedeficit/cm_kda_oxygen")): Object: 'Object Repository/OASIS/Care_Management/cm_knowledgedeficit/cm_kda_oxygen' is clicked on

2019-04-30 10:09:36 - [MESSAGE][PASSED] - Object: 'Object Repository/OASIS/Care_Management/cm_knowledgedeficit/cm_kda_oxygen' is clicked on

2019-04-30 10:09:36 - [TEST_STEP][PASSED] - click(findTestObject("OASIS/Care_Management/cm_knowledgedeficit/cm_kda_infection")): Object: 'Object Repository/OASIS/Care_Management/cm_knowledgedeficit/cm_kda_infection' is clicked on

2019-04-30 10:09:37 - [MESSAGE][PASSED] - Object: 'Object Repository/OASIS/Care_Management/cm_knowledgedeficit/cm_kda_infection' is clicked on

2019-04-30 10:09:37 - [TEST_STEP][PASSED] - click(findTestObject("OASIS/Care_Management/cm_knowledgedeficit/cm_kda_pain")): Object: 'Object Repository/OASIS/Care_Management/cm_knowledgedeficit/cm_kda_pain' is clicked on

2019-04-30 10:09:37 - [MESSAGE][PASSED] - Object: 'Object Repository/OASIS/Care_Management/cm_knowledgedeficit/cm_kda_pain' is clicked on

2019-04-30 10:09:37 - [TEST_STEP][PASSED] - setText(findTestObject("OASIS/Care_Management/cm_knowledgedeficit/cm_kda_other"), "Sample text"): Text 'Sample text' is set on object 'Object Repository/OASIS/Care_Management/cm_knowledgedeficit/cm_kda_other'

2019-04-30 10:09:37 - [MESSAGE][PASSED] - Text 'Sample text' is set on object 'Object Repository/OASIS/Care_Management/cm_knowledgedeficit/cm_kda_other'

2019-04-30 10:09:37 - [TEST_STEP][PASSED] - delay(2): Delayed 2 second(s)

2019-04-30 10:09:39 - [MESSAGE][PASSED] - Delayed 2 second(s)

2019-04-30 10:09:39 - [TEST_STEP][PASSED] - setText(findTestObject("OASIS/Care_Management/cm_additonalassessment"), "The patient must be assisted all the time especially when it comes to basic house chores such as doing the laundry, washing the dishes, walking upstairs. He's basically disabled in so many aspects."): Text 'The patient must be assisted all the time especially when it comes to basic house chores such as doing the laundry, washing the dishes, walking upstairs. He's basically disabled in so many aspects.' is set on object 'Object Repository/OASIS/Care_Management/cm_additonalassessment'

2019-04-30 10:09:45 - [MESSAGE][PASSED] - Text 'The patient must be assisted all the time especially when it comes to basic house chores such as doing the laundry, washing the dishes, walking upstairs. He's basically disabled in so many aspects.' is set on object 'Object Repository/OASIS/Care_Management/cm_additonalassessment'

2019-04-30 10:09:45 - [TEST_STEP][PASSED] - delay(3): Delayed 3 second(s)

2019-04-30 10:09:48 - [MESSAGE][PASSED] - Delayed 3 second(s)

2019-04-30 10:09:48 - [TEST_STEP][PASSED] - click(findTestObject("OASIS/Care_Management/cm_instructionsteachings/cm_instructionst_patientrights")): Object: 'Object Repository/OASIS/Care_Management/cm_instructionsteachings/cm_instructionst_patientrights' is clicked on

2019-04-30 10:09:49 - [MESSAGE][PASSED] - Object: 'Object Repository/OASIS/Care_Management/cm_instructionsteachings/cm_instructionst_patientrights' is clicked on

2019-04-30 10:09:49 - [TEST_STEP][PASSED] - click(findTestObject("OASIS/Care_Management/cm_instructionsteachings/cm_instructionst_statehotline")): Object: 'Object Repository/OASIS/Care_Management/cm_instructionsteachings/cm_instructionst_statehotline' is clicked on

2019-04-30 10:09:49 - [MESSAGE][PASSED] - Object: 'Object Repository/OASIS/Care_Management/cm_instructionsteachings/cm_instructionst_statehotline' is clicked on

2019-04-30 10:09:49 - [TEST_STEP][PASSED] - click(findTestObject("OASIS/Care_Management/cm_instructionsteachings/cm_instructionst_advancedirectives")): Object: 'Object Repository/OASIS/Care_Management/cm_instructionsteachings/cm_instructionst_advancedirectives' is clicked on

2019-04-30 10:09:49 - [MESSAGE][PASSED] - Object: 'Object Repository/OASIS/Care_Management/cm_instructionsteachings/cm_instructionst_advancedirectives' is clicked on

2019-04-30 10:09:49 - [TEST_STEP][PASSED] - click(findTestObject("OASIS/Care_Management/cm_instructionsteachings/cm_instructionst_dnr")): Object: 'Object Repository/OASIS/Care_Management/cm_instructionsteachings/cm_instructionst_dnr' is clicked on

2019-04-30 10:09:49 - [MESSAGE][PASSED] - Object: 'Object Repository/OASIS/Care_Management/cm_instructionsteachings/cm_instructionst_dnr' is clicked on

2019-04-30 10:09:49 - [TEST_STEP][PASSED] - click(findTestObject("OASIS/Care_Management/cm_instructionsteachings/cm_instructionst_hipaanotice")): Object: 'Object Repository/OASIS/Care_Management/cm_instructionsteachings/cm_instructionst_hipaanotice' is clicked on

2019-04-30 10:09:49 - [MESSAGE][PASSED] - Object: 'Object Repository/OASIS/Care_Management/cm_instructionsteachings/cm_instructionst_hipaanotice' is clicked on

2019-04-30 10:09:49 - [TEST_STEP][PASSED] - click(findTestObject("OASIS/Care_Management/cm_instructionsteachings/cm_instructionst_oasisprivacy")): Object: 'Object Repository/OASIS/Care_Management/cm_instructionsteachings/cm_instructionst_oasisprivacy' is clicked on

2019-04-30 10:09:50 - [MESSAGE][PASSED] - Object: 'Object Repository/OASIS/Care_Management/cm_instructionsteachings/cm_instructionst_oasisprivacy' is clicked on

2019-04-30 10:09:50 - [TEST_STEP][PASSED] - click(findTestObject("OASIS/Care_Management/cm_instructionsteachings/cm_instructionst_agencyphone")): Object: 'Object Repository/OASIS/Care_Management/cm_instructionsteachings/cm_instructionst_agencyphone' is clicked on

2019-04-30 10:09:50 - [MESSAGE][PASSED] - Object: 'Object Repository/OASIS/Care_Management/cm_instructionsteachings/cm_instructionst_agencyphone' is clicked on

2019-04-30 10:09:50 - [TEST_STEP][PASSED] - click(findTestObject("OASIS/Care_Management/cm_instructionsteachings/cm_instructionst_whentocontact")): Object: 'Object Repository/OASIS/Care_Management/cm_instructionsteachings/cm_instructionst_whentocontact' is clicked on

2019-04-30 10:09:50 - [MESSAGE][PASSED] - Object: 'Object Repository/OASIS/Care_Management/cm_instructionsteachings/cm_instructionst_whentocontact' is clicked on

2019-04-30 10:09:50 - [TEST_STEP][PASSED] - click(findTestObject("OASIS/Care_Management/cm_instructionsteachings/cm_instructionst_abnhhccn")): Object: 'Object Repository/OASIS/Care_Management/cm_instructionsteachings/cm_instructionst_abnhhccn' is clicked on

2019-04-30 10:09:50 - [MESSAGE][PASSED] - Object: 'Object Repository/OASIS/Care_Management/cm_instructionsteachings/cm_instructionst_abnhhccn' is clicked on

2019-04-30 10:09:50 - [TEST_STEP][PASSED] - click(findTestObject("OASIS/Care_Management/cm_instructionsteachings/cm_instructionst_emergencyplanning")): Object: 'Object Repository/OASIS/Care_Management/cm_instructionsteachings/cm_instructionst_emergencyplanning' is clicked on

2019-04-30 10:09:50 - [MESSAGE][PASSED] - Object: 'Object Repository/OASIS/Care_Management/cm_instructionsteachings/cm_instructionst_emergencyplanning' is clicked on

2019-04-30 10:09:50 - [TEST_STEP][PASSED] - click(findTestObject("OASIS/Care_Management/cm_instructionsteachings/cm_instructionst_infectioncontrol")): Object: 'Object Repository/OASIS/Care_Management/cm_instructionsteachings/cm_instructionst_infectioncontrol' is clicked on

2019-04-30 10:09:51 - [MESSAGE][PASSED] - Object: 'Object Repository/OASIS/Care_Management/cm_instructionsteachings/cm_instructionst_infectioncontrol' is clicked on

2019-04-30 10:09:51 - [TEST_STEP][PASSED] - click(findTestObject("OASIS/Care_Management/cm_instructionsteachings/cm_instructionst_basichomesafety")): Object: 'Object Repository/OASIS/Care_Management/cm_instructionsteachings/cm_instructionst_basichomesafety' is clicked on

2019-04-30 10:09:51 - [MESSAGE][PASSED] - Object: 'Object Repository/OASIS/Care_Management/cm_instructionsteachings/cm_instructionst_basichomesafety' is clicked on

2019-04-30 10:09:51 - [TEST_STEP][PASSED] - click(findTestObject("OASIS/Care_Management/cm_instructionsteachings/cm_instructionst_fallprevention")): Object: 'Object Repository/OASIS/Care_Management/cm_instructionsteachings/cm_instructionst_fallprevention' is clicked on

2019-04-30 10:09:51 - [MESSAGE][PASSED] - Object: 'Object Repository/OASIS/Care_Management/cm_instructionsteachings/cm_instructionst_fallprevention' is clicked on

2019-04-30 10:09:51 - [TEST_STEP][PASSED] - click(findTestObject("OASIS/Care_Management/cm_instructionsteachings/cm_instructionst_medication")): Object: 'Object Repository/OASIS/Care_Management/cm_instructionsteachings/cm_instructionst_medication' is clicked on

2019-04-30 10:09:51 - [MESSAGE][PASSED] - Object: 'Object Repository/OASIS/Care_Management/cm_instructionsteachings/cm_instructionst_medication' is clicked on

2019-04-30 10:09:51 - [TEST_STEP][PASSED] - click(findTestObject("OASIS/Care_Management/cm_instructionsteachings/cm_instructionst_advancebeneficiary")): Object: 'Object Repository/OASIS/Care_Management/cm_instructionsteachings/cm_instructionst_advancebeneficiary' is clicked on

2019-04-30 10:09:52 - [MESSAGE][PASSED] - Object: 'Object Repository/OASIS/Care_Management/cm_instructionsteachings/cm_instructionst_advancebeneficiary' is clicked on

2019-04-30 10:09:52 - [TEST_STEP][PASSED] - click(findTestObject("OASIS/Care_Management/cm_instructionsteachings/cm_instructionst_oxygenrisk")): Object: 'Object Repository/OASIS/Care_Management/cm_instructionsteachings/cm_instructionst_oxygenrisk' is clicked on

2019-04-30 10:09:52 - [MESSAGE][PASSED] - Object: 'Object Repository/OASIS/Care_Management/cm_instructionsteachings/cm_instructionst_oxygenrisk' is clicked on

2019-04-30 10:09:52 - [TEST_STEP][PASSED] - click(findTestObject("OASIS/Care_Management/cm_instructionsteachings/cm_instructionst_diseaseprocess")): Object: 'Object Repository/OASIS/Care_Management/cm_instructionsteachings/cm_instructionst_diseaseprocess' is clicked on

2019-04-30 10:09:52 - [MESSAGE][PASSED] - Object: 'Object Repository/OASIS/Care_Management/cm_instructionsteachings/cm_instructionst_diseaseprocess' is clicked on

2019-04-30 10:09:52 - [TEST_STEP][PASSED] - setText(findTestObject("OASIS/Care_Management/cm_instructionsteachings/cm_instructionst_other1"), "Sample text"): Text 'Sample text' is set on object 'Object Repository/OASIS/Care_Management/cm_instructionsteachings/cm_instructionst_other1'

2019-04-30 10:09:52 - [MESSAGE][PASSED] - Text 'Sample text' is set on object 'Object Repository/OASIS/Care_Management/cm_instructionsteachings/cm_instructionst_other1'

2019-04-30 10:09:52 - [TEST_STEP][PASSED] - setText(findTestObject("OASIS/Care_Management/cm_instructionsteachings/cm_instructionst_other2"), "Sample text"): Text 'Sample text' is set on object 'Object Repository/OASIS/Care_Management/cm_instructionsteachings/cm_instructionst_other2'

2019-04-30 10:09:53 - [MESSAGE][PASSED] - Text 'Sample text' is set on object 'Object Repository/OASIS/Care_Management/cm_instructionsteachings/cm_instructionst_other2'

2019-04-30 10:09:53 - [TEST_STEP][PASSED] - setText(findTestObject("OASIS/Care_Management/cm_instructionsteachings/cm_instructionst_other3"), "Sample text"): Text 'Sample text' is set on object 'Object Repository/OASIS/Care_Management/cm_instructionsteachings/cm_instructionst_other3'

2019-04-30 10:09:54 - [MESSAGE][PASSED] - Text 'Sample text' is set on object 'Object Repository/OASIS/Care_Management/cm_instructionsteachings/cm_instructionst_other3'

2019-04-30 10:09:54 - [TEST_STEP][PASSED] - delay(3): Delayed 3 second(s)

2019-04-30 10:09:57 - [MESSAGE][PASSED] - Delayed 3 second(s)

2019-04-30 10:09:57 - [TEST_STEP][PASSED] - click(findTestObject("OASIS/Care_Management/cm_dischargeplans/cm_dcplans_returntoanindependent")): Object: 'Object Repository/OASIS/Care_Management/cm_dischargeplans/cm_dcplans_returntoanindependent' is clicked on

2019-04-30 10:09:57 - [MESSAGE][PASSED] - Object: 'Object Repository/OASIS/Care_Management/cm_dischargeplans/cm_dcplans_returntoanindependent' is clicked on

2019-04-30 10:09:57 - [TEST_STEP][PASSED] - click(findTestObject("OASIS/Care_Management/cm_dischargeplans/cm_dcplans_abletoremainresisdence")): Object: 'Object Repository/OASIS/Care_Management/cm_dischargeplans/cm_dcplans_abletoremainresisdence' is clicked on

2019-04-30 10:09:57 - [MESSAGE][PASSED] - Object: 'Object Repository/OASIS/Care_Management/cm_dischargeplans/cm_dcplans_abletoremainresisdence' is clicked on

2019-04-30 10:09:57 - [TEST_STEP][PASSED] - click(findTestObject("OASIS/Care_Management/cm_dischargeplans/cm_dcplans_abletoemainassistive")): Object: 'Object Repository/OASIS/Care_Management/cm_dischargeplans/cm_dcplans_abletoemainassistive' is clicked on

2019-04-30 10:09:57 - [MESSAGE][PASSED] - Object: 'Object Repository/OASIS/Care_Management/cm_dischargeplans/cm_dcplans_abletoemainassistive' is clicked on

2019-04-30 10:09:57 - [TEST_STEP][PASSED] - click(findTestObject("OASIS/Care_Management/cm_dischargeplans/cm_dcplans_whenpatient")): Object: 'Object Repository/OASIS/Care_Management/cm_dischargeplans/cm_dcplans_whenpatient' is clicked on

2019-04-30 10:09:57 - [MESSAGE][PASSED] - Object: 'Object Repository/OASIS/Care_Management/cm_dischargeplans/cm_dcplans_whenpatient' is clicked on

2019-04-30 10:09:57 - [TEST_STEP][PASSED] - click(findTestObject("OASIS/Care_Management/cm_dischargeplans/cm_dcplans_abletounderstand")): Object: 'Object Repository/OASIS/Care_Management/cm_dischargeplans/cm_dcplans_abletounderstand' is clicked on

2019-04-30 10:09:58 - [MESSAGE][PASSED] - Object: 'Object Repository/OASIS/Care_Management/cm_dischargeplans/cm_dcplans_abletounderstand' is clicked on

2019-04-30 10:09:58 - [TEST_STEP][PASSED] - click(findTestObject("OASIS/Care_Management/cm_dischargeplans/cm_dcplans_medicalcondition")): Object: 'Object Repository/OASIS/Care_Management/cm_dischargeplans/cm_dcplans_medicalcondition' is clicked on

2019-04-30 10:09:58 - [MESSAGE][PASSED] - Object: 'Object Repository/OASIS/Care_Management/cm_dischargeplans/cm_dcplans_medicalcondition' is clicked on

2019-04-30 10:09:58 - [TEST_STEP][PASSED] - click(findTestObject("OASIS/Care_Management/cm_dischargeplans/cm_dcplans_whenmaxpotential")): Object: 'Object Repository/OASIS/Care_Management/cm_dischargeplans/cm_dcplans_whenmaxpotential' is clicked on

2019-04-30 10:09:58 - [MESSAGE][PASSED] - Object: 'Object Repository/OASIS/Care_Management/cm_dischargeplans/cm_dcplans_whenmaxpotential' is clicked on

2019-04-30 10:09:58 - [TEST_STEP][PASSED] - click(findTestObject("OASIS/Care_Management/cm_dischargeplans/cm_dcplans_dischargeattheend")): Object: 'Object Repository/OASIS/Care_Management/cm_dischargeplans/cm_dcplans_dischargeattheend' is clicked on

2019-04-30 10:09:58 - [MESSAGE][PASSED] - Object: 'Object Repository/OASIS/Care_Management/cm_dischargeplans/cm_dcplans_dischargeattheend' is clicked on

2019-04-30 10:09:58 - [TEST_STEP][PASSED] - click(findTestObject("OASIS/Care_Management/cm_dischargeplans/cm_dcplans_whengoalsaremet")): Object: 'Object Repository/OASIS/Care_Management/cm_dischargeplans/cm_dcplans_whengoalsaremet' is clicked on

2019-04-30 10:09:58 - [MESSAGE][PASSED] - Object: 'Object Repository/OASIS/Care_Management/cm_dischargeplans/cm_dcplans_whengoalsaremet' is clicked on

2019-04-30 10:09:58 - [TEST_STEP][PASSED] - setText(findTestObject("OASIS/Care_Management/cm_dischargeplans/cm_dcplans_other"), "Other discharge plan might be added upon the care staff's notice or instruction."): Text 'Other discharge plan might be added upon the care staff's notice or instruction.' is set on object 'Object Repository/OASIS/Care_Management/cm_dischargeplans/cm_dcplans_other'

2019-04-30 10:10:01 - [MESSAGE][PASSED] - Text 'Other discharge plan might be added upon the care staff's notice or instruction.' is set on object 'Object Repository/OASIS/Care_Management/cm_dischargeplans/cm_dcplans_other'

2019-04-30 10:10:01 - [TEST_STEP][PASSED] - click(findTestObject("OASIS/Care_Management/cm_dischargeplans/cm_dcplans_planofcareanddc_patient")): Object: 'Object Repository/OASIS/Care_Management/cm_dischargeplans/cm_dcplans_planofcareanddc_patient' is clicked on

2019-04-30 10:10:01 - [MESSAGE][PASSED] - Object: 'Object Repository/OASIS/Care_Management/cm_dischargeplans/cm_dcplans_planofcareanddc_patient' is clicked on

2019-04-30 10:10:01 - [TEST_STEP][PASSED] - click(findTestObject("OASIS/Care_Management/cm_dischargeplans/cm_dcplans_planofcareanddc_pcg")): Object: 'Object Repository/OASIS/Care_Management/cm_dischargeplans/cm_dcplans_planofcareanddc_pcg' is clicked on

2019-04-30 10:10:01 - [MESSAGE][PASSED] - Object: 'Object Repository/OASIS/Care_Management/cm_dischargeplans/cm_dcplans_planofcareanddc_pcg' is clicked on

2019-04-30 10:10:01 - [TEST_STEP][PASSED] - click(findTestObject("OASIS/Care_Management/cm_dischargeplans/cm_dcplans_planofcareanddc_family")): Object: 'Object Repository/OASIS/Care_Management/cm_dischargeplans/cm_dcplans_planofcareanddc_family' is clicked on

2019-04-30 10:10:01 - [MESSAGE][PASSED] - Object: 'Object Repository/OASIS/Care_Management/cm_dischargeplans/cm_dcplans_planofcareanddc_family' is clicked on

2019-04-30 10:10:01 - [TEST_STEP][PASSED] - click(findTestObject("OASIS/Care_Management/cm_dischargeplans/cm_dcplans_planofcareanddc_agreeable")): Object: 'Object Repository/OASIS/Care_Management/cm_dischargeplans/cm_dcplans_planofcareanddc_agreeable' is clicked on

2019-04-30 10:10:02 - [MESSAGE][PASSED] - Object: 'Object Repository/OASIS/Care_Management/cm_dischargeplans/cm_dcplans_planofcareanddc_agreeable' is clicked on

2019-04-30 10:10:02 - [TEST_STEP][PASSED] - setText(findTestObject("OASIS/Care_Management/cm_dischargeplans/cm_dcplans_patientgoals"), "To be well"): Text 'To be well' is set on object 'Object Repository/OASIS/Care_Management/cm_dischargeplans/cm_dcplans_patientgoals'

2019-04-30 10:10:02 - [MESSAGE][PASSED] - Text 'To be well' is set on object 'Object Repository/OASIS/Care_Management/cm_dischargeplans/cm_dcplans_patientgoals'

2019-04-30 10:10:02 - [TEST_STEP][PASSED] - setText(findTestObject("OASIS/Care_Management/cm_dischargeplans/cm_dcplans_disciplinefreq"), "Sample text"): Text 'Sample text' is set on object 'Object Repository/OASIS/Care_Management/cm_dischargeplans/cm_dcplans_disciplinefreq'

2019-04-30 10:10:03 - [MESSAGE][PASSED] - Text 'Sample text' is set on object 'Object Repository/OASIS/Care_Management/cm_dischargeplans/cm_dcplans_disciplinefreq'

2019-04-30 10:10:03 - [TEST_STEP][PASSED] - click(findTestObject("OASIS/Care_Management/cm_dischargeplans/cm_dcplans_rehabpotential_fair")): Object: 'Object Repository/OASIS/Care_Management/cm_dischargeplans/cm_dcplans_rehabpotential_fair' is clicked on

2019-04-30 10:10:03 - [MESSAGE][PASSED] - Object: 'Object Repository/OASIS/Care_Management/cm_dischargeplans/cm_dcplans_rehabpotential_fair' is clicked on

2019-04-30 10:10:03 - [TEST_STEP][PASSED] - delay(5): Delayed 5 second(s)

2019-04-30 10:10:08 - [MESSAGE][PASSED] - Delayed 5 second(s)]]></system-out>
         <system-err><![CDATA[]]></system-err>
      </testcase>
      <system-out><![CDATA[2019-04-30 10:03:19 - [TEST_SUITE][PASSED] - automation_compiled: Test Cases/OASIS_SOC/Care_Management]]></system-out>
      <system-err><![CDATA[]]></system-err>
   </testsuite>
</testsuites>
