<?xml version="1.0" encoding="UTF-8"?>
<testsuites name="automation_compiled" time="447" tests="6" failures="2" errors="0">
   <testsuite name="automation_compiled" tests="6" failures="2" errors="0" time="447" timestamp="2019-04-30 11:05:27" hostname="Khenard Figuracion - 192.168.2.37" id="Test Suites/automation_compiled">
      <properties>
         <property name="deviceName" value=""/>
         <property name="devicePlatform" value=""/>
         <property name="logFolder" value="C:\\Users\\Khenard Figuracion\\git\\healthcareProject\\Reports\\automation_compiled\\20190430_110525"/>
         <property name="logFiles" value="C:\\Users\\Khenard Figuracion\\git\\healthcareProject\\Reports\\automation_compiled\\20190430_110525\\execution0.log"/>
         <property name="attachments" value="C:\\Users\\Khenard Figuracion\\git\\healthcareProject\\Reports\\automation_compiled\\20190430_110525\\1556593865202.png, C:\\Users\\Khenard Figuracion\\git\\healthcareProject\\Reports\\automation_compiled\\20190430_110525\\1556593872346.png"/>
         <property name="hostName" value="Khenard Figuracion - 192.168.2.37"/>
         <property name="os" value="Windows 10 64bit"/>
         <property name="katalonVersion" value="6.1.1.1"/>
         <property name="browser" value="Chrome 73.0.3683.103"/>
         <property name="hostAddress" value="192.168.2.37"/>
         <property name="sessionId" value="aaf3d7fd5e370ba562f986de5554a30a"/>
         <property name="seleniumVersion" value="3.7.1"/>
         <property name="proxyInformation" value="ProxyInformation{proxyOption=NO_PROXY, proxyServerType=HTTP, password=, proxyServerAddress=, proxyServerPort=0}"/>
         <property name="platform" value="Windows 10"/>
      </properties>
      <testcase name="Test Cases/OASIS_compilation" classname="Test Cases/OASIS_compilation" status="PASSED">
         <system-out><![CDATA[2019-04-30 11:05:27 - [TEST_CASE][PASSED] - Test Cases/OASIS_compilation: Test Cases/OASIS_compilation

2019-04-30 11:05:27 - [TEST_STEP][PASSED] - openBrowser(""): Browser is opened with url: ''

2019-04-30 11:05:28 - [MESSAGE][INFO] - Starting 'Chrome' driver

2019-04-30 11:05:28 - [MESSAGE][INFO] - Action delay is set to 0 seconds

2019-04-30 11:05:31 - [MESSAGE][PASSED] - Browser is opened with url: ''

2019-04-30 11:05:31 - [TEST_STEP][PASSED] - navigateToUrl("https://qa.medisource.com/login"): Navigate to 'https://qa.medisource.com/login' successfully

2019-04-30 11:05:33 - [MESSAGE][PASSED] - Navigate to 'https://qa.medisource.com/login' successfully

2019-04-30 11:05:33 - [TEST_STEP][PASSED] - setText(findTestObject("Object Repository/addUser/Page_Medisource  Login/input_Please try afterminutes."), "superagent"): Text 'superagent' is set on object 'Object Repository/addUser/Page_Medisource  Login/input_Please try afterminutes.'

2019-04-30 11:05:33 - [MESSAGE][PASSED] - Text 'superagent' is set on object 'Object Repository/addUser/Page_Medisource  Login/input_Please try afterminutes.'

2019-04-30 11:05:33 - [TEST_STEP][PASSED] - setEncryptedText(findTestObject("Object Repository/addUser/Page_Medisource  Login/input_Username or email requir"), "SITHpLWAWtI8C4F8RIujvA=="): Text ****** has been set on object 'Object Repository/addUser/Page_Medisource  Login/input_Username or email requir'

2019-04-30 11:05:33 - [MESSAGE][PASSED] - Text ****** has been set on object 'Object Repository/addUser/Page_Medisource  Login/input_Username or email requir'

2019-04-30 11:05:33 - [TEST_STEP][PASSED] - delay(1): Delayed 1 second(s)

2019-04-30 11:05:34 - [MESSAGE][PASSED] - Delayed 1 second(s)

2019-04-30 11:05:34 - [TEST_STEP][PASSED] - click(findTestObject("Object Repository/addUser/Page_Medisource  Login/button_Login")): Object: 'Object Repository/addUser/Page_Medisource  Login/button_Login' is clicked on

2019-04-30 11:05:34 - [MESSAGE][PASSED] - Object: 'Object Repository/addUser/Page_Medisource  Login/button_Login' is clicked on

2019-04-30 11:05:34 - [TEST_STEP][PASSED] - delay(3): Delayed 3 second(s)

2019-04-30 11:05:37 - [MESSAGE][PASSED] - Delayed 3 second(s)

2019-04-30 11:05:37 - [TEST_STEP][PASSED] - navigateToUrl("https://qa.medisource.com/patients/all"): Navigate to 'https://qa.medisource.com/patients/all' successfully

2019-04-30 11:05:39 - [MESSAGE][PASSED] - Navigate to 'https://qa.medisource.com/patients/all' successfully

2019-04-30 11:05:39 - [TEST_STEP][PASSED] - delay(1): Delayed 1 second(s)

2019-04-30 11:05:40 - [MESSAGE][PASSED] - Delayed 1 second(s)

2019-04-30 11:05:40 - [TEST_STEP][PASSED] - navigateToUrl("https://qa.medisource.com/patientcare/7A8DDC98-19FC-470D-93B9-DEBD3B09D9F7/F813D137-B6FE-41FD-A8FC-04BE4CEF5E6B/overview"): Navigate to 'https://qa.medisource.com/patientcare/7A8DDC98-19FC-470D-93B9-DEBD3B09D9F7/F813D137-B6FE-41FD-A8FC-04BE4CEF5E6B/overview' successfully

2019-04-30 11:05:40 - [MESSAGE][PASSED] - Navigate to 'https://qa.medisource.com/patientcare/7A8DDC98-19FC-470D-93B9-DEBD3B09D9F7/F813D137-B6FE-41FD-A8FC-04BE4CEF5E6B/overview' successfully

2019-04-30 11:05:40 - [TEST_STEP][PASSED] - delay(1): Delayed 1 second(s)

2019-04-30 11:05:41 - [MESSAGE][PASSED] - Delayed 1 second(s)

2019-04-30 11:05:41 - [TEST_STEP][PASSED] - navigateToUrl("https://qa.medisource.com/patientcare/7A8DDC98-19FC-470D-93B9-DEBD3B09D9F7/F813D137-B6FE-41FD-A8FC-04BE4CEF5E6B/2019/oasis/clinical/soc/663D7785-5851-4882-B251-3BBEE917C2FE/7A8DDC98-19FC-470D-93B9-DEBD3B09D9F7"): Navigate to 'https://qa.medisource.com/patientcare/7A8DDC98-19FC-470D-93B9-DEBD3B09D9F7/F813D137-B6FE-41FD-A8FC-04BE4CEF5E6B/2019/oasis/clinical/soc/663D7785-5851-4882-B251-3BBEE917C2FE/7A8DDC98-19FC-470D-93B9-DEBD3B09D9F7' successfully

2019-04-30 11:05:42 - [MESSAGE][PASSED] - Navigate to 'https://qa.medisource.com/patientcare/7A8DDC98-19FC-470D-93B9-DEBD3B09D9F7/F813D137-B6FE-41FD-A8FC-04BE4CEF5E6B/2019/oasis/clinical/soc/663D7785-5851-4882-B251-3BBEE917C2FE/7A8DDC98-19FC-470D-93B9-DEBD3B09D9F7' successfully

2019-04-30 11:05:42 - [TEST_STEP][PASSED] - delay(2): Delayed 2 second(s)

2019-04-30 11:05:44 - [MESSAGE][PASSED] - Delayed 2 second(s)

2019-04-30 11:05:44 - [TEST_STEP][PASSED] - click(findTestObject("OASIS/OASIS_TABS/xitemedits_btn")): Object: 'Object Repository/OASIS/OASIS_TABS/xitemedits_btn' is clicked on

2019-04-30 11:05:46 - [MESSAGE][PASSED] - Object: 'Object Repository/OASIS/OASIS_TABS/xitemedits_btn' is clicked on]]></system-out>
         <system-err><![CDATA[]]></system-err>
      </testcase>
      <testcase name="Test Cases/OASIS_SOC/Cardiopulmonary" classname="Test Cases/OASIS_SOC/Cardiopulmonary" status="PASSED">
         <system-out><![CDATA[2019-04-30 11:05:46 - [TEST_CASE][PASSED] - Test Cases/OASIS_SOC/Cardiopulmonary: Test Cases/OASIS_SOC/Cardiopulmonary

2019-04-30 11:05:46 - [TEST_STEP][PASSED] - click(findTestObject("OASIS/OASIS_TABS/Cardio_tab")): Object: 'Object Repository/OASIS/OASIS_TABS/Cardio_tab' is clicked on

2019-04-30 11:05:47 - [MESSAGE][PASSED] - Object: 'Object Repository/OASIS/OASIS_TABS/Cardio_tab' is clicked on

2019-04-30 11:05:47 - [TEST_STEP][PASSED] - delay(3): Delayed 3 second(s)

2019-04-30 11:05:50 - [MESSAGE][PASSED] - Delayed 3 second(s)

2019-04-30 11:05:50 - [TEST_STEP][PASSED] - click(findTestObject("OASIS/Cardiopulmonary/cardio_respiratory_status/cardio_rs_breath_sounds/cardio_rs_bs_no")): Object: 'Object Repository/OASIS/Cardiopulmonary/cardio_respiratory_status/cardio_rs_breath_sounds/cardio_rs_bs_no' is clicked on

2019-04-30 11:05:50 - [MESSAGE][PASSED] - Object: 'Object Repository/OASIS/Cardiopulmonary/cardio_respiratory_status/cardio_rs_breath_sounds/cardio_rs_bs_no' is clicked on

2019-04-30 11:05:50 - [TEST_STEP][PASSED] - delay(3): Delayed 3 second(s)

2019-04-30 11:05:53 - [MESSAGE][PASSED] - Delayed 3 second(s)

2019-04-30 11:05:53 - [TEST_STEP][PASSED] - click(findTestObject("OASIS/Cardiopulmonary/cardio_respiratory_status/cardio_rs_breath_sounds/cardio_rs_abnormalbs/cardio_rs_abs_diminished_l")): Object: 'Object Repository/OASIS/Cardiopulmonary/cardio_respiratory_status/cardio_rs_breath_sounds/cardio_rs_abnormalbs/cardio_rs_abs_diminished_l' is clicked on

2019-04-30 11:05:53 - [MESSAGE][PASSED] - Object: 'Object Repository/OASIS/Cardiopulmonary/cardio_respiratory_status/cardio_rs_breath_sounds/cardio_rs_abnormalbs/cardio_rs_abs_diminished_l' is clicked on

2019-04-30 11:05:53 - [TEST_STEP][PASSED] - click(findTestObject("OASIS/Cardiopulmonary/cardio_respiratory_status/cardio_rs_breath_sounds/cardio_rs_abnormalbs/cardio_rs_abs_diminished_r")): Object: 'Object Repository/OASIS/Cardiopulmonary/cardio_respiratory_status/cardio_rs_breath_sounds/cardio_rs_abnormalbs/cardio_rs_abs_diminished_r' is clicked on

2019-04-30 11:05:53 - [MESSAGE][PASSED] - Object: 'Object Repository/OASIS/Cardiopulmonary/cardio_respiratory_status/cardio_rs_breath_sounds/cardio_rs_abnormalbs/cardio_rs_abs_diminished_r' is clicked on

2019-04-30 11:05:53 - [TEST_STEP][PASSED] - click(findTestObject("OASIS/Cardiopulmonary/cardio_respiratory_status/cardio_rs_breath_sounds/cardio_rs_abnormalbs/cardio_rs_abs_diminished_an")): Object: 'Object Repository/OASIS/Cardiopulmonary/cardio_respiratory_status/cardio_rs_breath_sounds/cardio_rs_abnormalbs/cardio_rs_abs_diminished_an' is clicked on

2019-04-30 11:05:53 - [MESSAGE][PASSED] - Object: 'Object Repository/OASIS/Cardiopulmonary/cardio_respiratory_status/cardio_rs_breath_sounds/cardio_rs_abnormalbs/cardio_rs_abs_diminished_an' is clicked on

2019-04-30 11:05:53 - [TEST_STEP][PASSED] - click(findTestObject("OASIS/Cardiopulmonary/cardio_respiratory_status/cardio_rs_breath_sounds/cardio_rs_abnormalbs/cardio_rs_abs_diminished_pos")): Object: 'Object Repository/OASIS/Cardiopulmonary/cardio_respiratory_status/cardio_rs_breath_sounds/cardio_rs_abnormalbs/cardio_rs_abs_diminished_pos' is clicked on

2019-04-30 11:05:53 - [MESSAGE][PASSED] - Object: 'Object Repository/OASIS/Cardiopulmonary/cardio_respiratory_status/cardio_rs_breath_sounds/cardio_rs_abnormalbs/cardio_rs_abs_diminished_pos' is clicked on

2019-04-30 11:05:53 - [TEST_STEP][PASSED] - click(findTestObject("OASIS/Cardiopulmonary/cardio_respiratory_status/cardio_rs_breath_sounds/cardio_rs_abnormalbs/cardio_rs_abs_diminished_up")): Object: 'Object Repository/OASIS/Cardiopulmonary/cardio_respiratory_status/cardio_rs_breath_sounds/cardio_rs_abnormalbs/cardio_rs_abs_diminished_up' is clicked on

2019-04-30 11:05:53 - [MESSAGE][PASSED] - Object: 'Object Repository/OASIS/Cardiopulmonary/cardio_respiratory_status/cardio_rs_breath_sounds/cardio_rs_abnormalbs/cardio_rs_abs_diminished_up' is clicked on

2019-04-30 11:05:53 - [TEST_STEP][PASSED] - click(findTestObject("OASIS/Cardiopulmonary/cardio_respiratory_status/cardio_rs_breath_sounds/cardio_rs_abnormalbs/cardio_rs_abs_diminished_mid")): Object: 'Object Repository/OASIS/Cardiopulmonary/cardio_respiratory_status/cardio_rs_breath_sounds/cardio_rs_abnormalbs/cardio_rs_abs_diminished_mid' is clicked on

2019-04-30 11:05:53 - [MESSAGE][PASSED] - Object: 'Object Repository/OASIS/Cardiopulmonary/cardio_respiratory_status/cardio_rs_breath_sounds/cardio_rs_abnormalbs/cardio_rs_abs_diminished_mid' is clicked on

2019-04-30 11:05:53 - [TEST_STEP][PASSED] - click(findTestObject("OASIS/Cardiopulmonary/cardio_respiratory_status/cardio_rs_breath_sounds/cardio_rs_abnormalbs/cardio_rs_abs_diminished_low")): Object: 'Object Repository/OASIS/Cardiopulmonary/cardio_respiratory_status/cardio_rs_breath_sounds/cardio_rs_abnormalbs/cardio_rs_abs_diminished_low' is clicked on

2019-04-30 11:05:54 - [MESSAGE][PASSED] - Object: 'Object Repository/OASIS/Cardiopulmonary/cardio_respiratory_status/cardio_rs_breath_sounds/cardio_rs_abnormalbs/cardio_rs_abs_diminished_low' is clicked on

2019-04-30 11:05:54 - [TEST_STEP][PASSED] - delay(2): Delayed 2 second(s)

2019-04-30 11:05:56 - [MESSAGE][PASSED] - Delayed 2 second(s)

2019-04-30 11:05:56 - [TEST_STEP][PASSED] - click(findTestObject("OASIS/Cardiopulmonary/cardio_respiratory_status/cardio_rs_breath_sounds/cardio_rs_abnormalbs/cardio_rs_abs_absent_l")): Object: 'Object Repository/OASIS/Cardiopulmonary/cardio_respiratory_status/cardio_rs_breath_sounds/cardio_rs_abnormalbs/cardio_rs_abs_absent_l' is clicked on

2019-04-30 11:05:56 - [MESSAGE][PASSED] - Object: 'Object Repository/OASIS/Cardiopulmonary/cardio_respiratory_status/cardio_rs_breath_sounds/cardio_rs_abnormalbs/cardio_rs_abs_absent_l' is clicked on

2019-04-30 11:05:56 - [TEST_STEP][PASSED] - click(findTestObject("OASIS/Cardiopulmonary/cardio_respiratory_status/cardio_rs_breath_sounds/cardio_rs_abnormalbs/cardio_rs_abs_absent_r")): Object: 'Object Repository/OASIS/Cardiopulmonary/cardio_respiratory_status/cardio_rs_breath_sounds/cardio_rs_abnormalbs/cardio_rs_abs_absent_r' is clicked on

2019-04-30 11:05:56 - [MESSAGE][PASSED] - Object: 'Object Repository/OASIS/Cardiopulmonary/cardio_respiratory_status/cardio_rs_breath_sounds/cardio_rs_abnormalbs/cardio_rs_abs_absent_r' is clicked on

2019-04-30 11:05:56 - [TEST_STEP][PASSED] - click(findTestObject("OASIS/Cardiopulmonary/cardio_respiratory_status/cardio_rs_breath_sounds/cardio_rs_abnormalbs/cardio_rs_abs_absent_an")): Object: 'Object Repository/OASIS/Cardiopulmonary/cardio_respiratory_status/cardio_rs_breath_sounds/cardio_rs_abnormalbs/cardio_rs_abs_absent_an' is clicked on

2019-04-30 11:05:56 - [MESSAGE][PASSED] - Object: 'Object Repository/OASIS/Cardiopulmonary/cardio_respiratory_status/cardio_rs_breath_sounds/cardio_rs_abnormalbs/cardio_rs_abs_absent_an' is clicked on

2019-04-30 11:05:56 - [TEST_STEP][PASSED] - click(findTestObject("OASIS/Cardiopulmonary/cardio_respiratory_status/cardio_rs_breath_sounds/cardio_rs_abnormalbs/cardio_rs_abs_absent_pos")): Object: 'Object Repository/OASIS/Cardiopulmonary/cardio_respiratory_status/cardio_rs_breath_sounds/cardio_rs_abnormalbs/cardio_rs_abs_absent_pos' is clicked on

2019-04-30 11:05:56 - [MESSAGE][PASSED] - Object: 'Object Repository/OASIS/Cardiopulmonary/cardio_respiratory_status/cardio_rs_breath_sounds/cardio_rs_abnormalbs/cardio_rs_abs_absent_pos' is clicked on

2019-04-30 11:05:56 - [TEST_STEP][PASSED] - click(findTestObject("OASIS/Cardiopulmonary/cardio_respiratory_status/cardio_rs_breath_sounds/cardio_rs_abnormalbs/cardio_rs_abs_absent_up")): Object: 'Object Repository/OASIS/Cardiopulmonary/cardio_respiratory_status/cardio_rs_breath_sounds/cardio_rs_abnormalbs/cardio_rs_abs_absent_up' is clicked on

2019-04-30 11:05:56 - [MESSAGE][PASSED] - Object: 'Object Repository/OASIS/Cardiopulmonary/cardio_respiratory_status/cardio_rs_breath_sounds/cardio_rs_abnormalbs/cardio_rs_abs_absent_up' is clicked on

2019-04-30 11:05:56 - [TEST_STEP][PASSED] - click(findTestObject("OASIS/Cardiopulmonary/cardio_respiratory_status/cardio_rs_breath_sounds/cardio_rs_abnormalbs/cardio_rs_abs_absent_mid")): Object: 'Object Repository/OASIS/Cardiopulmonary/cardio_respiratory_status/cardio_rs_breath_sounds/cardio_rs_abnormalbs/cardio_rs_abs_absent_mid' is clicked on

2019-04-30 11:05:56 - [MESSAGE][PASSED] - Object: 'Object Repository/OASIS/Cardiopulmonary/cardio_respiratory_status/cardio_rs_breath_sounds/cardio_rs_abnormalbs/cardio_rs_abs_absent_mid' is clicked on

2019-04-30 11:05:56 - [TEST_STEP][PASSED] - click(findTestObject("OASIS/Cardiopulmonary/cardio_respiratory_status/cardio_rs_breath_sounds/cardio_rs_abnormalbs/cardio_rs_abs_absent_low")): Object: 'Object Repository/OASIS/Cardiopulmonary/cardio_respiratory_status/cardio_rs_breath_sounds/cardio_rs_abnormalbs/cardio_rs_abs_absent_low' is clicked on

2019-04-30 11:05:56 - [MESSAGE][PASSED] - Object: 'Object Repository/OASIS/Cardiopulmonary/cardio_respiratory_status/cardio_rs_breath_sounds/cardio_rs_abnormalbs/cardio_rs_abs_absent_low' is clicked on

2019-04-30 11:05:56 - [TEST_STEP][PASSED] - delay(2): Delayed 2 second(s)

2019-04-30 11:05:58 - [MESSAGE][PASSED] - Delayed 2 second(s)

2019-04-30 11:05:58 - [TEST_STEP][PASSED] - click(findTestObject("OASIS/Cardiopulmonary/cardio_respiratory_status/cardio_rs_breath_sounds/cardio_rs_abnormalbs/cardio_rs_abs_rales_l")): Object: 'Object Repository/OASIS/Cardiopulmonary/cardio_respiratory_status/cardio_rs_breath_sounds/cardio_rs_abnormalbs/cardio_rs_abs_rales_l' is clicked on

2019-04-30 11:05:59 - [MESSAGE][PASSED] - Object: 'Object Repository/OASIS/Cardiopulmonary/cardio_respiratory_status/cardio_rs_breath_sounds/cardio_rs_abnormalbs/cardio_rs_abs_rales_l' is clicked on

2019-04-30 11:05:59 - [TEST_STEP][PASSED] - click(findTestObject("OASIS/Cardiopulmonary/cardio_respiratory_status/cardio_rs_breath_sounds/cardio_rs_abnormalbs/cardio_rs_abs_rales_r")): Object: 'Object Repository/OASIS/Cardiopulmonary/cardio_respiratory_status/cardio_rs_breath_sounds/cardio_rs_abnormalbs/cardio_rs_abs_rales_r' is clicked on

2019-04-30 11:05:59 - [MESSAGE][PASSED] - Object: 'Object Repository/OASIS/Cardiopulmonary/cardio_respiratory_status/cardio_rs_breath_sounds/cardio_rs_abnormalbs/cardio_rs_abs_rales_r' is clicked on

2019-04-30 11:05:59 - [TEST_STEP][PASSED] - click(findTestObject("OASIS/Cardiopulmonary/cardio_respiratory_status/cardio_rs_breath_sounds/cardio_rs_abnormalbs/cardio_rs_abs_rales_an")): Object: 'Object Repository/OASIS/Cardiopulmonary/cardio_respiratory_status/cardio_rs_breath_sounds/cardio_rs_abnormalbs/cardio_rs_abs_rales_an' is clicked on

2019-04-30 11:05:59 - [MESSAGE][PASSED] - Object: 'Object Repository/OASIS/Cardiopulmonary/cardio_respiratory_status/cardio_rs_breath_sounds/cardio_rs_abnormalbs/cardio_rs_abs_rales_an' is clicked on

2019-04-30 11:05:59 - [TEST_STEP][PASSED] - click(findTestObject("OASIS/Cardiopulmonary/cardio_respiratory_status/cardio_rs_breath_sounds/cardio_rs_abnormalbs/cardio_rs_abs_rales_pos")): Object: 'Object Repository/OASIS/Cardiopulmonary/cardio_respiratory_status/cardio_rs_breath_sounds/cardio_rs_abnormalbs/cardio_rs_abs_rales_pos' is clicked on

2019-04-30 11:05:59 - [MESSAGE][PASSED] - Object: 'Object Repository/OASIS/Cardiopulmonary/cardio_respiratory_status/cardio_rs_breath_sounds/cardio_rs_abnormalbs/cardio_rs_abs_rales_pos' is clicked on

2019-04-30 11:05:59 - [TEST_STEP][PASSED] - click(findTestObject("OASIS/Cardiopulmonary/cardio_respiratory_status/cardio_rs_breath_sounds/cardio_rs_abnormalbs/cardio_rs_abs_rales_up")): Object: 'Object Repository/OASIS/Cardiopulmonary/cardio_respiratory_status/cardio_rs_breath_sounds/cardio_rs_abnormalbs/cardio_rs_abs_rales_up' is clicked on

2019-04-30 11:05:59 - [MESSAGE][PASSED] - Object: 'Object Repository/OASIS/Cardiopulmonary/cardio_respiratory_status/cardio_rs_breath_sounds/cardio_rs_abnormalbs/cardio_rs_abs_rales_up' is clicked on

2019-04-30 11:05:59 - [TEST_STEP][PASSED] - click(findTestObject("OASIS/Cardiopulmonary/cardio_respiratory_status/cardio_rs_breath_sounds/cardio_rs_abnormalbs/cardio_rs_abs_rales_mid")): Object: 'Object Repository/OASIS/Cardiopulmonary/cardio_respiratory_status/cardio_rs_breath_sounds/cardio_rs_abnormalbs/cardio_rs_abs_rales_mid' is clicked on

2019-04-30 11:05:59 - [MESSAGE][PASSED] - Object: 'Object Repository/OASIS/Cardiopulmonary/cardio_respiratory_status/cardio_rs_breath_sounds/cardio_rs_abnormalbs/cardio_rs_abs_rales_mid' is clicked on

2019-04-30 11:05:59 - [TEST_STEP][PASSED] - click(findTestObject("OASIS/Cardiopulmonary/cardio_respiratory_status/cardio_rs_breath_sounds/cardio_rs_abnormalbs/cardio_rs_abs_rales_low")): Object: 'Object Repository/OASIS/Cardiopulmonary/cardio_respiratory_status/cardio_rs_breath_sounds/cardio_rs_abnormalbs/cardio_rs_abs_rales_low' is clicked on

2019-04-30 11:05:59 - [MESSAGE][PASSED] - Object: 'Object Repository/OASIS/Cardiopulmonary/cardio_respiratory_status/cardio_rs_breath_sounds/cardio_rs_abnormalbs/cardio_rs_abs_rales_low' is clicked on

2019-04-30 11:05:59 - [TEST_STEP][PASSED] - delay(2): Delayed 2 second(s)

2019-04-30 11:06:01 - [MESSAGE][PASSED] - Delayed 2 second(s)

2019-04-30 11:06:01 - [TEST_STEP][PASSED] - click(findTestObject("OASIS/Cardiopulmonary/cardio_respiratory_status/cardio_rs_breath_sounds/cardio_rs_abnormalbs/cardio_rs_abs_wheeze_l")): Object: 'Object Repository/OASIS/Cardiopulmonary/cardio_respiratory_status/cardio_rs_breath_sounds/cardio_rs_abnormalbs/cardio_rs_abs_wheeze_l' is clicked on

2019-04-30 11:06:01 - [MESSAGE][PASSED] - Object: 'Object Repository/OASIS/Cardiopulmonary/cardio_respiratory_status/cardio_rs_breath_sounds/cardio_rs_abnormalbs/cardio_rs_abs_wheeze_l' is clicked on

2019-04-30 11:06:01 - [TEST_STEP][PASSED] - click(findTestObject("OASIS/Cardiopulmonary/cardio_respiratory_status/cardio_rs_breath_sounds/cardio_rs_abnormalbs/cardio_rs_abs_wheeze_r")): Object: 'Object Repository/OASIS/Cardiopulmonary/cardio_respiratory_status/cardio_rs_breath_sounds/cardio_rs_abnormalbs/cardio_rs_abs_wheeze_r' is clicked on

2019-04-30 11:06:02 - [MESSAGE][PASSED] - Object: 'Object Repository/OASIS/Cardiopulmonary/cardio_respiratory_status/cardio_rs_breath_sounds/cardio_rs_abnormalbs/cardio_rs_abs_wheeze_r' is clicked on

2019-04-30 11:06:02 - [TEST_STEP][PASSED] - click(findTestObject("OASIS/Cardiopulmonary/cardio_respiratory_status/cardio_rs_breath_sounds/cardio_rs_abnormalbs/cardio_rs_abs_wheeze_an")): Object: 'Object Repository/OASIS/Cardiopulmonary/cardio_respiratory_status/cardio_rs_breath_sounds/cardio_rs_abnormalbs/cardio_rs_abs_wheeze_an' is clicked on

2019-04-30 11:06:02 - [MESSAGE][PASSED] - Object: 'Object Repository/OASIS/Cardiopulmonary/cardio_respiratory_status/cardio_rs_breath_sounds/cardio_rs_abnormalbs/cardio_rs_abs_wheeze_an' is clicked on

2019-04-30 11:06:02 - [TEST_STEP][PASSED] - click(findTestObject("OASIS/Cardiopulmonary/cardio_respiratory_status/cardio_rs_breath_sounds/cardio_rs_abnormalbs/cardio_rs_abs_wheeze_pos")): Object: 'Object Repository/OASIS/Cardiopulmonary/cardio_respiratory_status/cardio_rs_breath_sounds/cardio_rs_abnormalbs/cardio_rs_abs_wheeze_pos' is clicked on

2019-04-30 11:06:02 - [MESSAGE][PASSED] - Object: 'Object Repository/OASIS/Cardiopulmonary/cardio_respiratory_status/cardio_rs_breath_sounds/cardio_rs_abnormalbs/cardio_rs_abs_wheeze_pos' is clicked on

2019-04-30 11:06:02 - [TEST_STEP][PASSED] - click(findTestObject("OASIS/Cardiopulmonary/cardio_respiratory_status/cardio_rs_breath_sounds/cardio_rs_abnormalbs/cardio_rs_abs_wheeze_up")): Object: 'Object Repository/OASIS/Cardiopulmonary/cardio_respiratory_status/cardio_rs_breath_sounds/cardio_rs_abnormalbs/cardio_rs_abs_wheeze_up' is clicked on

2019-04-30 11:06:02 - [MESSAGE][PASSED] - Object: 'Object Repository/OASIS/Cardiopulmonary/cardio_respiratory_status/cardio_rs_breath_sounds/cardio_rs_abnormalbs/cardio_rs_abs_wheeze_up' is clicked on

2019-04-30 11:06:02 - [TEST_STEP][PASSED] - click(findTestObject("OASIS/Cardiopulmonary/cardio_respiratory_status/cardio_rs_breath_sounds/cardio_rs_abnormalbs/cardio_rs_abs_wheeze_mid")): Object: 'Object Repository/OASIS/Cardiopulmonary/cardio_respiratory_status/cardio_rs_breath_sounds/cardio_rs_abnormalbs/cardio_rs_abs_wheeze_mid' is clicked on

2019-04-30 11:06:02 - [MESSAGE][PASSED] - Object: 'Object Repository/OASIS/Cardiopulmonary/cardio_respiratory_status/cardio_rs_breath_sounds/cardio_rs_abnormalbs/cardio_rs_abs_wheeze_mid' is clicked on

2019-04-30 11:06:02 - [TEST_STEP][PASSED] - click(findTestObject("OASIS/Cardiopulmonary/cardio_respiratory_status/cardio_rs_breath_sounds/cardio_rs_abnormalbs/cardio_rs_abs_wheeze_low")): Object: 'Object Repository/OASIS/Cardiopulmonary/cardio_respiratory_status/cardio_rs_breath_sounds/cardio_rs_abnormalbs/cardio_rs_abs_wheeze_low' is clicked on

2019-04-30 11:06:02 - [MESSAGE][PASSED] - Object: 'Object Repository/OASIS/Cardiopulmonary/cardio_respiratory_status/cardio_rs_breath_sounds/cardio_rs_abnormalbs/cardio_rs_abs_wheeze_low' is clicked on

2019-04-30 11:06:02 - [TEST_STEP][PASSED] - delay(2): Delayed 2 second(s)

2019-04-30 11:06:04 - [MESSAGE][PASSED] - Delayed 2 second(s)

2019-04-30 11:06:04 - [TEST_STEP][PASSED] - click(findTestObject("OASIS/Cardiopulmonary/cardio_respiratory_status/cardio_rs_breath_sounds/cardio_rs_abnormalbs/cardio_rs_abs_rhonchi_l")): Object: 'Object Repository/OASIS/Cardiopulmonary/cardio_respiratory_status/cardio_rs_breath_sounds/cardio_rs_abnormalbs/cardio_rs_abs_rhonchi_l' is clicked on

2019-04-30 11:06:04 - [MESSAGE][PASSED] - Object: 'Object Repository/OASIS/Cardiopulmonary/cardio_respiratory_status/cardio_rs_breath_sounds/cardio_rs_abnormalbs/cardio_rs_abs_rhonchi_l' is clicked on

2019-04-30 11:06:04 - [TEST_STEP][PASSED] - click(findTestObject("OASIS/Cardiopulmonary/cardio_respiratory_status/cardio_rs_breath_sounds/cardio_rs_abnormalbs/cardio_rs_abs_rhonchi_r")): Object: 'Object Repository/OASIS/Cardiopulmonary/cardio_respiratory_status/cardio_rs_breath_sounds/cardio_rs_abnormalbs/cardio_rs_abs_rhonchi_r' is clicked on

2019-04-30 11:06:04 - [MESSAGE][PASSED] - Object: 'Object Repository/OASIS/Cardiopulmonary/cardio_respiratory_status/cardio_rs_breath_sounds/cardio_rs_abnormalbs/cardio_rs_abs_rhonchi_r' is clicked on

2019-04-30 11:06:04 - [TEST_STEP][PASSED] - click(findTestObject("OASIS/Cardiopulmonary/cardio_respiratory_status/cardio_rs_breath_sounds/cardio_rs_abnormalbs/cardio_rs_abs_rhonchi_an")): Object: 'Object Repository/OASIS/Cardiopulmonary/cardio_respiratory_status/cardio_rs_breath_sounds/cardio_rs_abnormalbs/cardio_rs_abs_rhonchi_an' is clicked on

2019-04-30 11:06:04 - [MESSAGE][PASSED] - Object: 'Object Repository/OASIS/Cardiopulmonary/cardio_respiratory_status/cardio_rs_breath_sounds/cardio_rs_abnormalbs/cardio_rs_abs_rhonchi_an' is clicked on

2019-04-30 11:06:04 - [TEST_STEP][PASSED] - click(findTestObject("OASIS/Cardiopulmonary/cardio_respiratory_status/cardio_rs_breath_sounds/cardio_rs_abnormalbs/cardio_rs_abs_rhonchi_pos")): Object: 'Object Repository/OASIS/Cardiopulmonary/cardio_respiratory_status/cardio_rs_breath_sounds/cardio_rs_abnormalbs/cardio_rs_abs_rhonchi_pos' is clicked on

2019-04-30 11:06:04 - [MESSAGE][PASSED] - Object: 'Object Repository/OASIS/Cardiopulmonary/cardio_respiratory_status/cardio_rs_breath_sounds/cardio_rs_abnormalbs/cardio_rs_abs_rhonchi_pos' is clicked on

2019-04-30 11:06:04 - [TEST_STEP][PASSED] - click(findTestObject("OASIS/Cardiopulmonary/cardio_respiratory_status/cardio_rs_breath_sounds/cardio_rs_abnormalbs/cardio_rs_abs_rhonchi_up")): Object: 'Object Repository/OASIS/Cardiopulmonary/cardio_respiratory_status/cardio_rs_breath_sounds/cardio_rs_abnormalbs/cardio_rs_abs_rhonchi_up' is clicked on

2019-04-30 11:06:05 - [MESSAGE][PASSED] - Object: 'Object Repository/OASIS/Cardiopulmonary/cardio_respiratory_status/cardio_rs_breath_sounds/cardio_rs_abnormalbs/cardio_rs_abs_rhonchi_up' is clicked on

2019-04-30 11:06:05 - [TEST_STEP][PASSED] - click(findTestObject("OASIS/Cardiopulmonary/cardio_respiratory_status/cardio_rs_breath_sounds/cardio_rs_abnormalbs/cardio_rs_abs_rhonchi_mid")): Object: 'Object Repository/OASIS/Cardiopulmonary/cardio_respiratory_status/cardio_rs_breath_sounds/cardio_rs_abnormalbs/cardio_rs_abs_rhonchi_mid' is clicked on

2019-04-30 11:06:05 - [MESSAGE][PASSED] - Object: 'Object Repository/OASIS/Cardiopulmonary/cardio_respiratory_status/cardio_rs_breath_sounds/cardio_rs_abnormalbs/cardio_rs_abs_rhonchi_mid' is clicked on

2019-04-30 11:06:05 - [TEST_STEP][PASSED] - click(findTestObject("OASIS/Cardiopulmonary/cardio_respiratory_status/cardio_rs_breath_sounds/cardio_rs_abnormalbs/cardio_rs_abs_rhonchi_low")): Object: 'Object Repository/OASIS/Cardiopulmonary/cardio_respiratory_status/cardio_rs_breath_sounds/cardio_rs_abnormalbs/cardio_rs_abs_rhonchi_low' is clicked on

2019-04-30 11:06:05 - [MESSAGE][PASSED] - Object: 'Object Repository/OASIS/Cardiopulmonary/cardio_respiratory_status/cardio_rs_breath_sounds/cardio_rs_abnormalbs/cardio_rs_abs_rhonchi_low' is clicked on

2019-04-30 11:06:05 - [TEST_STEP][PASSED] - delay(2): Delayed 2 second(s)

2019-04-30 11:06:07 - [MESSAGE][PASSED] - Delayed 2 second(s)

2019-04-30 11:06:07 - [TEST_STEP][PASSED] - click(findTestObject("OASIS/Cardiopulmonary/cardio_respiratory_status/cardio_rs_breath_sounds/cardio_rs_abnormalbs/cardio_rs_abs_stridor_l")): Object: 'Object Repository/OASIS/Cardiopulmonary/cardio_respiratory_status/cardio_rs_breath_sounds/cardio_rs_abnormalbs/cardio_rs_abs_stridor_l' is clicked on

2019-04-30 11:06:07 - [MESSAGE][PASSED] - Object: 'Object Repository/OASIS/Cardiopulmonary/cardio_respiratory_status/cardio_rs_breath_sounds/cardio_rs_abnormalbs/cardio_rs_abs_stridor_l' is clicked on

2019-04-30 11:06:07 - [TEST_STEP][PASSED] - click(findTestObject("OASIS/Cardiopulmonary/cardio_respiratory_status/cardio_rs_breath_sounds/cardio_rs_abnormalbs/cardio_rs_abs_stridor_r")): Object: 'Object Repository/OASIS/Cardiopulmonary/cardio_respiratory_status/cardio_rs_breath_sounds/cardio_rs_abnormalbs/cardio_rs_abs_stridor_r' is clicked on

2019-04-30 11:06:07 - [MESSAGE][PASSED] - Object: 'Object Repository/OASIS/Cardiopulmonary/cardio_respiratory_status/cardio_rs_breath_sounds/cardio_rs_abnormalbs/cardio_rs_abs_stridor_r' is clicked on

2019-04-30 11:06:07 - [TEST_STEP][PASSED] - click(findTestObject("OASIS/Cardiopulmonary/cardio_respiratory_status/cardio_rs_breath_sounds/cardio_rs_abnormalbs/cardio_rs_abs_stridor_an")): Object: 'Object Repository/OASIS/Cardiopulmonary/cardio_respiratory_status/cardio_rs_breath_sounds/cardio_rs_abnormalbs/cardio_rs_abs_stridor_an' is clicked on

2019-04-30 11:06:07 - [MESSAGE][PASSED] - Object: 'Object Repository/OASIS/Cardiopulmonary/cardio_respiratory_status/cardio_rs_breath_sounds/cardio_rs_abnormalbs/cardio_rs_abs_stridor_an' is clicked on

2019-04-30 11:06:07 - [TEST_STEP][PASSED] - click(findTestObject("OASIS/Cardiopulmonary/cardio_respiratory_status/cardio_rs_breath_sounds/cardio_rs_abnormalbs/cardio_rs_abs_stridor_pos")): Object: 'Object Repository/OASIS/Cardiopulmonary/cardio_respiratory_status/cardio_rs_breath_sounds/cardio_rs_abnormalbs/cardio_rs_abs_stridor_pos' is clicked on

2019-04-30 11:06:07 - [MESSAGE][PASSED] - Object: 'Object Repository/OASIS/Cardiopulmonary/cardio_respiratory_status/cardio_rs_breath_sounds/cardio_rs_abnormalbs/cardio_rs_abs_stridor_pos' is clicked on

2019-04-30 11:06:07 - [TEST_STEP][PASSED] - click(findTestObject("OASIS/Cardiopulmonary/cardio_respiratory_status/cardio_rs_breath_sounds/cardio_rs_abnormalbs/cardio_rs_abs_stridor_up")): Object: 'Object Repository/OASIS/Cardiopulmonary/cardio_respiratory_status/cardio_rs_breath_sounds/cardio_rs_abnormalbs/cardio_rs_abs_stridor_up' is clicked on

2019-04-30 11:06:07 - [MESSAGE][PASSED] - Object: 'Object Repository/OASIS/Cardiopulmonary/cardio_respiratory_status/cardio_rs_breath_sounds/cardio_rs_abnormalbs/cardio_rs_abs_stridor_up' is clicked on

2019-04-30 11:06:07 - [TEST_STEP][PASSED] - click(findTestObject("OASIS/Cardiopulmonary/cardio_respiratory_status/cardio_rs_breath_sounds/cardio_rs_abnormalbs/cardio_rs_abs_stridor_mid")): Object: 'Object Repository/OASIS/Cardiopulmonary/cardio_respiratory_status/cardio_rs_breath_sounds/cardio_rs_abnormalbs/cardio_rs_abs_stridor_mid' is clicked on

2019-04-30 11:06:07 - [MESSAGE][PASSED] - Object: 'Object Repository/OASIS/Cardiopulmonary/cardio_respiratory_status/cardio_rs_breath_sounds/cardio_rs_abnormalbs/cardio_rs_abs_stridor_mid' is clicked on

2019-04-30 11:06:07 - [TEST_STEP][PASSED] - click(findTestObject("OASIS/Cardiopulmonary/cardio_respiratory_status/cardio_rs_breath_sounds/cardio_rs_abnormalbs/cardio_rs_abs_stridor_low")): Object: 'Object Repository/OASIS/Cardiopulmonary/cardio_respiratory_status/cardio_rs_breath_sounds/cardio_rs_abnormalbs/cardio_rs_abs_stridor_low' is clicked on

2019-04-30 11:06:08 - [MESSAGE][PASSED] - Object: 'Object Repository/OASIS/Cardiopulmonary/cardio_respiratory_status/cardio_rs_breath_sounds/cardio_rs_abnormalbs/cardio_rs_abs_stridor_low' is clicked on

2019-04-30 11:06:08 - [TEST_STEP][PASSED] - delay(2): Delayed 2 second(s)

2019-04-30 11:06:10 - [MESSAGE][PASSED] - Delayed 2 second(s)

2019-04-30 11:06:10 - [TEST_STEP][PASSED] - click(findTestObject("OASIS/Cardiopulmonary/cardio_respiratory_status/cardio_rs_breath_sounds/cardio_rs_abnormalbs/cardio_rs_abs_plueral_l")): Object: 'Object Repository/OASIS/Cardiopulmonary/cardio_respiratory_status/cardio_rs_breath_sounds/cardio_rs_abnormalbs/cardio_rs_abs_plueral_l' is clicked on

2019-04-30 11:06:10 - [MESSAGE][PASSED] - Object: 'Object Repository/OASIS/Cardiopulmonary/cardio_respiratory_status/cardio_rs_breath_sounds/cardio_rs_abnormalbs/cardio_rs_abs_plueral_l' is clicked on

2019-04-30 11:06:10 - [TEST_STEP][PASSED] - click(findTestObject("OASIS/Cardiopulmonary/cardio_respiratory_status/cardio_rs_breath_sounds/cardio_rs_abnormalbs/cardio_rs_abs_plueral_r")): Object: 'Object Repository/OASIS/Cardiopulmonary/cardio_respiratory_status/cardio_rs_breath_sounds/cardio_rs_abnormalbs/cardio_rs_abs_plueral_r' is clicked on

2019-04-30 11:06:10 - [MESSAGE][PASSED] - Object: 'Object Repository/OASIS/Cardiopulmonary/cardio_respiratory_status/cardio_rs_breath_sounds/cardio_rs_abnormalbs/cardio_rs_abs_plueral_r' is clicked on

2019-04-30 11:06:10 - [TEST_STEP][PASSED] - click(findTestObject("OASIS/Cardiopulmonary/cardio_respiratory_status/cardio_rs_breath_sounds/cardio_rs_abnormalbs/cardio_rs_abs_plueral_an")): Object: 'Object Repository/OASIS/Cardiopulmonary/cardio_respiratory_status/cardio_rs_breath_sounds/cardio_rs_abnormalbs/cardio_rs_abs_plueral_an' is clicked on

2019-04-30 11:06:10 - [MESSAGE][PASSED] - Object: 'Object Repository/OASIS/Cardiopulmonary/cardio_respiratory_status/cardio_rs_breath_sounds/cardio_rs_abnormalbs/cardio_rs_abs_plueral_an' is clicked on

2019-04-30 11:06:10 - [TEST_STEP][PASSED] - click(findTestObject("OASIS/Cardiopulmonary/cardio_respiratory_status/cardio_rs_breath_sounds/cardio_rs_abnormalbs/cardio_rs_abs_plueral_pos")): Object: 'Object Repository/OASIS/Cardiopulmonary/cardio_respiratory_status/cardio_rs_breath_sounds/cardio_rs_abnormalbs/cardio_rs_abs_plueral_pos' is clicked on

2019-04-30 11:06:10 - [MESSAGE][PASSED] - Object: 'Object Repository/OASIS/Cardiopulmonary/cardio_respiratory_status/cardio_rs_breath_sounds/cardio_rs_abnormalbs/cardio_rs_abs_plueral_pos' is clicked on

2019-04-30 11:06:10 - [TEST_STEP][PASSED] - click(findTestObject("OASIS/Cardiopulmonary/cardio_respiratory_status/cardio_rs_breath_sounds/cardio_rs_abnormalbs/cardio_rs_abs_plueral_up")): Object: 'Object Repository/OASIS/Cardiopulmonary/cardio_respiratory_status/cardio_rs_breath_sounds/cardio_rs_abnormalbs/cardio_rs_abs_plueral_up' is clicked on

2019-04-30 11:06:10 - [MESSAGE][PASSED] - Object: 'Object Repository/OASIS/Cardiopulmonary/cardio_respiratory_status/cardio_rs_breath_sounds/cardio_rs_abnormalbs/cardio_rs_abs_plueral_up' is clicked on

2019-04-30 11:06:10 - [TEST_STEP][PASSED] - click(findTestObject("OASIS/Cardiopulmonary/cardio_respiratory_status/cardio_rs_breath_sounds/cardio_rs_abnormalbs/cardio_rs_abs_plueral_mid")): Object: 'Object Repository/OASIS/Cardiopulmonary/cardio_respiratory_status/cardio_rs_breath_sounds/cardio_rs_abnormalbs/cardio_rs_abs_plueral_mid' is clicked on

2019-04-30 11:06:10 - [MESSAGE][PASSED] - Object: 'Object Repository/OASIS/Cardiopulmonary/cardio_respiratory_status/cardio_rs_breath_sounds/cardio_rs_abnormalbs/cardio_rs_abs_plueral_mid' is clicked on

2019-04-30 11:06:10 - [TEST_STEP][PASSED] - click(findTestObject("OASIS/Cardiopulmonary/cardio_respiratory_status/cardio_rs_breath_sounds/cardio_rs_abnormalbs/cardio_rs_abs_plueral_low")): Object: 'Object Repository/OASIS/Cardiopulmonary/cardio_respiratory_status/cardio_rs_breath_sounds/cardio_rs_abnormalbs/cardio_rs_abs_plueral_low' is clicked on

2019-04-30 11:06:10 - [MESSAGE][PASSED] - Object: 'Object Repository/OASIS/Cardiopulmonary/cardio_respiratory_status/cardio_rs_breath_sounds/cardio_rs_abnormalbs/cardio_rs_abs_plueral_low' is clicked on

2019-04-30 11:06:10 - [TEST_STEP][PASSED] - delay(3): Delayed 3 second(s)

2019-04-30 11:06:13 - [MESSAGE][PASSED] - Delayed 3 second(s)

2019-04-30 11:06:13 - [TEST_STEP][PASSED] - click(findTestObject("OASIS/Cardiopulmonary/cardio_respiratory_status/cardio_rs_breath_sounds/cardio_rs_abnormalp/cardio_rs_ap_rapid")): Object: 'Object Repository/OASIS/Cardiopulmonary/cardio_respiratory_status/cardio_rs_breath_sounds/cardio_rs_abnormalp/cardio_rs_ap_rapid' is clicked on

2019-04-30 11:06:14 - [MESSAGE][PASSED] - Object: 'Object Repository/OASIS/Cardiopulmonary/cardio_respiratory_status/cardio_rs_breath_sounds/cardio_rs_abnormalp/cardio_rs_ap_rapid' is clicked on

2019-04-30 11:06:14 - [TEST_STEP][PASSED] - click(findTestObject("OASIS/Cardiopulmonary/cardio_respiratory_status/cardio_rs_breath_sounds/cardio_rs_abnormalp/cardio_rs_ap_irreg")): Object: 'Object Repository/OASIS/Cardiopulmonary/cardio_respiratory_status/cardio_rs_breath_sounds/cardio_rs_abnormalp/cardio_rs_ap_irreg' is clicked on

2019-04-30 11:06:14 - [MESSAGE][PASSED] - Object: 'Object Repository/OASIS/Cardiopulmonary/cardio_respiratory_status/cardio_rs_breath_sounds/cardio_rs_abnormalp/cardio_rs_ap_irreg' is clicked on

2019-04-30 11:06:14 - [TEST_STEP][PASSED] - click(findTestObject("OASIS/Cardiopulmonary/cardio_respiratory_status/cardio_rs_breath_sounds/cardio_rs_abnormalp/cardio_rs_ap_shallow")): Object: 'Object Repository/OASIS/Cardiopulmonary/cardio_respiratory_status/cardio_rs_breath_sounds/cardio_rs_abnormalp/cardio_rs_ap_shallow' is clicked on

2019-04-30 11:06:14 - [MESSAGE][PASSED] - Object: 'Object Repository/OASIS/Cardiopulmonary/cardio_respiratory_status/cardio_rs_breath_sounds/cardio_rs_abnormalp/cardio_rs_ap_shallow' is clicked on

2019-04-30 11:06:14 - [TEST_STEP][PASSED] - click(findTestObject("OASIS/Cardiopulmonary/cardio_respiratory_status/cardio_rs_breath_sounds/cardio_rs_abnormalp/cardio_rs_ap_apnea")): Object: 'Object Repository/OASIS/Cardiopulmonary/cardio_respiratory_status/cardio_rs_breath_sounds/cardio_rs_abnormalp/cardio_rs_ap_apnea' is clicked on

2019-04-30 11:06:14 - [MESSAGE][PASSED] - Object: 'Object Repository/OASIS/Cardiopulmonary/cardio_respiratory_status/cardio_rs_breath_sounds/cardio_rs_abnormalp/cardio_rs_ap_apnea' is clicked on

2019-04-30 11:06:14 - [TEST_STEP][PASSED] - click(findTestObject("OASIS/Cardiopulmonary/cardio_respiratory_status/cardio_rs_breath_sounds/cardio_rs_abnormalp/cardio_rs_ap_gasping")): Object: 'Object Repository/OASIS/Cardiopulmonary/cardio_respiratory_status/cardio_rs_breath_sounds/cardio_rs_abnormalp/cardio_rs_ap_gasping' is clicked on

2019-04-30 11:06:14 - [MESSAGE][PASSED] - Object: 'Object Repository/OASIS/Cardiopulmonary/cardio_respiratory_status/cardio_rs_breath_sounds/cardio_rs_abnormalp/cardio_rs_ap_gasping' is clicked on

2019-04-30 11:06:14 - [TEST_STEP][PASSED] - click(findTestObject("OASIS/Cardiopulmonary/cardio_respiratory_status/cardio_rs_breath_sounds/cardio_rs_abnormalp/cardio_rs_ap_noisy")): Object: 'Object Repository/OASIS/Cardiopulmonary/cardio_respiratory_status/cardio_rs_breath_sounds/cardio_rs_abnormalp/cardio_rs_ap_noisy' is clicked on

2019-04-30 11:06:14 - [MESSAGE][PASSED] - Object: 'Object Repository/OASIS/Cardiopulmonary/cardio_respiratory_status/cardio_rs_breath_sounds/cardio_rs_abnormalp/cardio_rs_ap_noisy' is clicked on

2019-04-30 11:06:14 - [TEST_STEP][PASSED] - click(findTestObject("OASIS/Cardiopulmonary/cardio_respiratory_status/cardio_rs_breath_sounds/cardio_rs_abnormalp/cardio_rs_ap_orthopnea")): Object: 'Object Repository/OASIS/Cardiopulmonary/cardio_respiratory_status/cardio_rs_breath_sounds/cardio_rs_abnormalp/cardio_rs_ap_orthopnea' is clicked on

2019-04-30 11:06:14 - [MESSAGE][PASSED] - Object: 'Object Repository/OASIS/Cardiopulmonary/cardio_respiratory_status/cardio_rs_breath_sounds/cardio_rs_abnormalp/cardio_rs_ap_orthopnea' is clicked on

2019-04-30 11:06:14 - [TEST_STEP][PASSED] - click(findTestObject("OASIS/Cardiopulmonary/cardio_respiratory_status/cardio_rs_breath_sounds/cardio_rs_abnormalp/cardio_rs_ap_cheyne-stokes")): Object: 'Object Repository/OASIS/Cardiopulmonary/cardio_respiratory_status/cardio_rs_breath_sounds/cardio_rs_abnormalp/cardio_rs_ap_cheyne-stokes' is clicked on

2019-04-30 11:06:14 - [MESSAGE][PASSED] - Object: 'Object Repository/OASIS/Cardiopulmonary/cardio_respiratory_status/cardio_rs_breath_sounds/cardio_rs_abnormalp/cardio_rs_ap_cheyne-stokes' is clicked on

2019-04-30 11:06:14 - [TEST_STEP][PASSED] - click(findTestObject("OASIS/Cardiopulmonary/cardio_respiratory_status/cardio_rs_breath_sounds/cardio_rs_abnormalp/cardio_rs_ap_accessory")): Object: 'Object Repository/OASIS/Cardiopulmonary/cardio_respiratory_status/cardio_rs_breath_sounds/cardio_rs_abnormalp/cardio_rs_ap_accessory' is clicked on

2019-04-30 11:06:15 - [MESSAGE][PASSED] - Object: 'Object Repository/OASIS/Cardiopulmonary/cardio_respiratory_status/cardio_rs_breath_sounds/cardio_rs_abnormalp/cardio_rs_ap_accessory' is clicked on

2019-04-30 11:06:15 - [TEST_STEP][PASSED] - setText(findTestObject("OASIS/Cardiopulmonary/cardio_respiratory_status/cardio_rs_breath_sounds/cardio_rs_abnormalp/cardio_rs_ap_other"), "Sample text"): Text 'Sample text' is set on object 'Object Repository/OASIS/Cardiopulmonary/cardio_respiratory_status/cardio_rs_breath_sounds/cardio_rs_abnormalp/cardio_rs_ap_other'

2019-04-30 11:06:15 - [MESSAGE][PASSED] - Text 'Sample text' is set on object 'Object Repository/OASIS/Cardiopulmonary/cardio_respiratory_status/cardio_rs_breath_sounds/cardio_rs_abnormalp/cardio_rs_ap_other'

2019-04-30 11:06:15 - [TEST_STEP][PASSED] - delay(3): Delayed 3 second(s)

2019-04-30 11:06:18 - [MESSAGE][PASSED] - Delayed 3 second(s)

2019-04-30 11:06:18 - [TEST_STEP][PASSED] - click(findTestObject("OASIS/Cardiopulmonary/cardio_respiratory_status/cardio_rs_cough/cardio_rs_cough_yes")): Object: 'Object Repository/OASIS/Cardiopulmonary/cardio_respiratory_status/cardio_rs_cough/cardio_rs_cough_yes' is clicked on

2019-04-30 11:06:18 - [MESSAGE][PASSED] - Object: 'Object Repository/OASIS/Cardiopulmonary/cardio_respiratory_status/cardio_rs_cough/cardio_rs_cough_yes' is clicked on

2019-04-30 11:06:18 - [TEST_STEP][PASSED] - click(findTestObject("OASIS/Cardiopulmonary/cardio_respiratory_status/cardio_rs_cough/cardio_rs_cough_productive")): Object: 'Object Repository/OASIS/Cardiopulmonary/cardio_respiratory_status/cardio_rs_cough/cardio_rs_cough_productive' is clicked on

2019-04-30 11:06:18 - [MESSAGE][PASSED] - Object: 'Object Repository/OASIS/Cardiopulmonary/cardio_respiratory_status/cardio_rs_cough/cardio_rs_cough_productive' is clicked on

2019-04-30 11:06:18 - [TEST_STEP][PASSED] - click(findTestObject("OASIS/Cardiopulmonary/cardio_respiratory_status/cardio_rs_cough/cardio_rs_sputum_color_white")): Object: 'Object Repository/OASIS/Cardiopulmonary/cardio_respiratory_status/cardio_rs_cough/cardio_rs_sputum_color_white' is clicked on

2019-04-30 11:06:18 - [MESSAGE][PASSED] - Object: 'Object Repository/OASIS/Cardiopulmonary/cardio_respiratory_status/cardio_rs_cough/cardio_rs_sputum_color_white' is clicked on

2019-04-30 11:06:18 - [TEST_STEP][PASSED] - setText(findTestObject("OASIS/Cardiopulmonary/cardio_respiratory_status/cardio_rs_cough/cardio_rs_sputum_color_other"), "Sample text"): Text 'Sample text' is set on object 'Object Repository/OASIS/Cardiopulmonary/cardio_respiratory_status/cardio_rs_cough/cardio_rs_sputum_color_other'

2019-04-30 11:06:19 - [MESSAGE][PASSED] - Text 'Sample text' is set on object 'Object Repository/OASIS/Cardiopulmonary/cardio_respiratory_status/cardio_rs_cough/cardio_rs_sputum_color_other'

2019-04-30 11:06:19 - [TEST_STEP][PASSED] - click(findTestObject("OASIS/Cardiopulmonary/cardio_respiratory_status/cardio_rs_cough/cardio_rs_sputum_charac_thin")): Object: 'Object Repository/OASIS/Cardiopulmonary/cardio_respiratory_status/cardio_rs_cough/cardio_rs_sputum_charac_thin' is clicked on

2019-04-30 11:06:19 - [MESSAGE][PASSED] - Object: 'Object Repository/OASIS/Cardiopulmonary/cardio_respiratory_status/cardio_rs_cough/cardio_rs_sputum_charac_thin' is clicked on

2019-04-30 11:06:19 - [TEST_STEP][PASSED] - click(findTestObject("OASIS/Cardiopulmonary/cardio_respiratory_status/cardio_rs_cough/cardio_rs_sputum_amount_small")): Object: 'Object Repository/OASIS/Cardiopulmonary/cardio_respiratory_status/cardio_rs_cough/cardio_rs_sputum_amount_small' is clicked on

2019-04-30 11:06:19 - [MESSAGE][PASSED] - Object: 'Object Repository/OASIS/Cardiopulmonary/cardio_respiratory_status/cardio_rs_cough/cardio_rs_sputum_amount_small' is clicked on

2019-04-30 11:06:19 - [TEST_STEP][PASSED] - delay(3): Delayed 3 second(s)

2019-04-30 11:06:22 - [MESSAGE][PASSED] - Delayed 3 second(s)

2019-04-30 11:06:22 - [TEST_STEP][PASSED] - click(findTestObject("OASIS/Cardiopulmonary/cardio_respiratory_status/cardio_rs_oxygenuse/cardio_rs_oxu_yes")): Object: 'Object Repository/OASIS/Cardiopulmonary/cardio_respiratory_status/cardio_rs_oxygenuse/cardio_rs_oxu_yes' is clicked on

2019-04-30 11:06:22 - [MESSAGE][PASSED] - Object: 'Object Repository/OASIS/Cardiopulmonary/cardio_respiratory_status/cardio_rs_oxygenuse/cardio_rs_oxu_yes' is clicked on

2019-04-30 11:06:22 - [TEST_STEP][PASSED] - setText(findTestObject("OASIS/Cardiopulmonary/cardio_respiratory_status/cardio_rs_oxygenuse/cardio_rs_oxu_lpm"), "34"): Text '34' is set on object 'Object Repository/OASIS/Cardiopulmonary/cardio_respiratory_status/cardio_rs_oxygenuse/cardio_rs_oxu_lpm'

2019-04-30 11:06:22 - [MESSAGE][PASSED] - Text '34' is set on object 'Object Repository/OASIS/Cardiopulmonary/cardio_respiratory_status/cardio_rs_oxygenuse/cardio_rs_oxu_lpm'

2019-04-30 11:06:22 - [TEST_STEP][PASSED] - click(findTestObject("OASIS/Cardiopulmonary/cardio_respiratory_status/cardio_rs_oxygenuse/cardio_rs_oxu_continous")): Object: 'Object Repository/OASIS/Cardiopulmonary/cardio_respiratory_status/cardio_rs_oxygenuse/cardio_rs_oxu_continous' is clicked on

2019-04-30 11:06:23 - [MESSAGE][PASSED] - Object: 'Object Repository/OASIS/Cardiopulmonary/cardio_respiratory_status/cardio_rs_oxygenuse/cardio_rs_oxu_continous' is clicked on

2019-04-30 11:06:23 - [TEST_STEP][PASSED] - click(findTestObject("OASIS/Cardiopulmonary/cardio_respiratory_status/cardio_rs_oxygenuse/cardio_rs_oxu_source_o2concentrator")): Object: 'Object Repository/OASIS/Cardiopulmonary/cardio_respiratory_status/cardio_rs_oxygenuse/cardio_rs_oxu_source_o2concentrator' is clicked on

2019-04-30 11:06:23 - [MESSAGE][PASSED] - Object: 'Object Repository/OASIS/Cardiopulmonary/cardio_respiratory_status/cardio_rs_oxygenuse/cardio_rs_oxu_source_o2concentrator' is clicked on

2019-04-30 11:06:23 - [TEST_STEP][PASSED] - click(findTestObject("OASIS/Cardiopulmonary/cardio_respiratory_status/cardio_rs_oxygenuse/cardio_rs_oxu_source_o2tank")): Object: 'Object Repository/OASIS/Cardiopulmonary/cardio_respiratory_status/cardio_rs_oxygenuse/cardio_rs_oxu_source_o2tank' is clicked on

2019-04-30 11:06:23 - [MESSAGE][PASSED] - Object: 'Object Repository/OASIS/Cardiopulmonary/cardio_respiratory_status/cardio_rs_oxygenuse/cardio_rs_oxu_source_o2tank' is clicked on

2019-04-30 11:06:23 - [TEST_STEP][PASSED] - click(findTestObject("OASIS/Cardiopulmonary/cardio_respiratory_status/cardio_rs_oxygenuse/cardio_rs_oxu_backup02_yes")): Object: 'Object Repository/OASIS/Cardiopulmonary/cardio_respiratory_status/cardio_rs_oxygenuse/cardio_rs_oxu_backup02_yes' is clicked on

2019-04-30 11:06:23 - [MESSAGE][PASSED] - Object: 'Object Repository/OASIS/Cardiopulmonary/cardio_respiratory_status/cardio_rs_oxygenuse/cardio_rs_oxu_backup02_yes' is clicked on

2019-04-30 11:06:23 - [TEST_STEP][PASSED] - click(findTestObject("OASIS/Cardiopulmonary/cardio_respiratory_status/cardio_rs_oxygenuse/cardio_rs_oxu_o2delivery_nasalcannula")): Object: 'Object Repository/OASIS/Cardiopulmonary/cardio_respiratory_status/cardio_rs_oxygenuse/cardio_rs_oxu_o2delivery_nasalcannula' is clicked on

2019-04-30 11:06:23 - [MESSAGE][PASSED] - Object: 'Object Repository/OASIS/Cardiopulmonary/cardio_respiratory_status/cardio_rs_oxygenuse/cardio_rs_oxu_o2delivery_nasalcannula' is clicked on

2019-04-30 11:06:23 - [TEST_STEP][PASSED] - click(findTestObject("OASIS/Cardiopulmonary/cardio_respiratory_status/cardio_rs_oxygenuse/cardio_rs_oxu_o2delivery_ventilator")): Object: 'Object Repository/OASIS/Cardiopulmonary/cardio_respiratory_status/cardio_rs_oxygenuse/cardio_rs_oxu_o2delivery_ventilator' is clicked on

2019-04-30 11:06:23 - [MESSAGE][PASSED] - Object: 'Object Repository/OASIS/Cardiopulmonary/cardio_respiratory_status/cardio_rs_oxygenuse/cardio_rs_oxu_o2delivery_ventilator' is clicked on

2019-04-30 11:06:23 - [TEST_STEP][PASSED] - click(findTestObject("OASIS/Cardiopulmonary/cardio_respiratory_status/cardio_rs_oxygenuse/cardio_rs_oxu_o2delivery_mask")): Object: 'Object Repository/OASIS/Cardiopulmonary/cardio_respiratory_status/cardio_rs_oxygenuse/cardio_rs_oxu_o2delivery_mask' is clicked on

2019-04-30 11:06:23 - [MESSAGE][PASSED] - Object: 'Object Repository/OASIS/Cardiopulmonary/cardio_respiratory_status/cardio_rs_oxygenuse/cardio_rs_oxu_o2delivery_mask' is clicked on

2019-04-30 11:06:23 - [TEST_STEP][PASSED] - click(findTestObject("OASIS/Cardiopulmonary/cardio_respiratory_status/cardio_rs_oxygenuse/cardio_rs_oxu_o2delivery_cpap")): Object: 'Object Repository/OASIS/Cardiopulmonary/cardio_respiratory_status/cardio_rs_oxygenuse/cardio_rs_oxu_o2delivery_cpap' is clicked on

2019-04-30 11:06:23 - [MESSAGE][PASSED] - Object: 'Object Repository/OASIS/Cardiopulmonary/cardio_respiratory_status/cardio_rs_oxygenuse/cardio_rs_oxu_o2delivery_cpap' is clicked on

2019-04-30 11:06:23 - [TEST_STEP][PASSED] - click(findTestObject("OASIS/Cardiopulmonary/cardio_respiratory_status/cardio_rs_oxygenuse/cardio_rs_oxu_o2delivery_tracheostomy")): Object: 'Object Repository/OASIS/Cardiopulmonary/cardio_respiratory_status/cardio_rs_oxygenuse/cardio_rs_oxu_o2delivery_tracheostomy' is clicked on

2019-04-30 11:06:23 - [MESSAGE][PASSED] - Object: 'Object Repository/OASIS/Cardiopulmonary/cardio_respiratory_status/cardio_rs_oxygenuse/cardio_rs_oxu_o2delivery_tracheostomy' is clicked on

2019-04-30 11:06:23 - [TEST_STEP][PASSED] - click(findTestObject("OASIS/Cardiopulmonary/cardio_respiratory_status/cardio_rs_oxygenuse/cardio_rs_oxu_o2delivery_bipap")): Object: 'Object Repository/OASIS/Cardiopulmonary/cardio_respiratory_status/cardio_rs_oxygenuse/cardio_rs_oxu_o2delivery_bipap' is clicked on

2019-04-30 11:06:24 - [MESSAGE][PASSED] - Object: 'Object Repository/OASIS/Cardiopulmonary/cardio_respiratory_status/cardio_rs_oxygenuse/cardio_rs_oxu_o2delivery_bipap' is clicked on

2019-04-30 11:06:24 - [TEST_STEP][PASSED] - delay(3): Delayed 3 second(s)

2019-04-30 11:06:27 - [MESSAGE][PASSED] - Delayed 3 second(s)

2019-04-30 11:06:27 - [TEST_STEP][PASSED] - click(findTestObject("OASIS/Cardiopulmonary/cardio_respiratory_status/cardio_rs_tracheostomy/cardio_rs_tracheostomy_yes")): Object: 'Object Repository/OASIS/Cardiopulmonary/cardio_respiratory_status/cardio_rs_tracheostomy/cardio_rs_tracheostomy_yes' is clicked on

2019-04-30 11:06:27 - [MESSAGE][PASSED] - Object: 'Object Repository/OASIS/Cardiopulmonary/cardio_respiratory_status/cardio_rs_tracheostomy/cardio_rs_tracheostomy_yes' is clicked on

2019-04-30 11:06:27 - [TEST_STEP][PASSED] - setText(findTestObject("OASIS/Cardiopulmonary/cardio_respiratory_status/cardio_rs_tracheostomy/cardio_rs_tracheo_brandmodel"), "Sample text"): Text 'Sample text' is set on object 'Object Repository/OASIS/Cardiopulmonary/cardio_respiratory_status/cardio_rs_tracheostomy/cardio_rs_tracheo_brandmodel'

2019-04-30 11:06:27 - [MESSAGE][PASSED] - Text 'Sample text' is set on object 'Object Repository/OASIS/Cardiopulmonary/cardio_respiratory_status/cardio_rs_tracheostomy/cardio_rs_tracheo_brandmodel'

2019-04-30 11:06:27 - [TEST_STEP][PASSED] - setText(findTestObject("OASIS/Cardiopulmonary/cardio_respiratory_status/cardio_rs_tracheostomy/cardio_rs_tracheo_size"), "4 Inches"): Text '4 Inches' is set on object 'Object Repository/OASIS/Cardiopulmonary/cardio_respiratory_status/cardio_rs_tracheostomy/cardio_rs_tracheo_size'

2019-04-30 11:06:27 - [MESSAGE][PASSED] - Text '4 Inches' is set on object 'Object Repository/OASIS/Cardiopulmonary/cardio_respiratory_status/cardio_rs_tracheostomy/cardio_rs_tracheo_size'

2019-04-30 11:06:27 - [TEST_STEP][PASSED] - setText(findTestObject("OASIS/Cardiopulmonary/cardio_respiratory_status/cardio_rs_tracheostomy/cardio_rs_tracheo_freqchange"), "2"): Text '2' is set on object 'Object Repository/OASIS/Cardiopulmonary/cardio_respiratory_status/cardio_rs_tracheostomy/cardio_rs_tracheo_freqchange'

2019-04-30 11:06:28 - [MESSAGE][PASSED] - Text '2' is set on object 'Object Repository/OASIS/Cardiopulmonary/cardio_respiratory_status/cardio_rs_tracheostomy/cardio_rs_tracheo_freqchange'

2019-04-30 11:06:28 - [TEST_STEP][PASSED] - setText(findTestObject("OASIS/Cardiopulmonary/cardio_respiratory_status/cardio_rs_tracheostomy/cardio_rs_tracheo_datelastchange"), "4292019"): Text '4292019' is set on object 'Object Repository/OASIS/Cardiopulmonary/cardio_respiratory_status/cardio_rs_tracheostomy/cardio_rs_tracheo_datelastchange'

2019-04-30 11:06:28 - [MESSAGE][PASSED] - Text '4292019' is set on object 'Object Repository/OASIS/Cardiopulmonary/cardio_respiratory_status/cardio_rs_tracheostomy/cardio_rs_tracheo_datelastchange'

2019-04-30 11:06:28 - [TEST_STEP][PASSED] - setText(findTestObject("OASIS/Cardiopulmonary/cardio_respiratory_status/cardio_rs_tracheostomy/cardio_rs_tracheo_innercannula"), "Sample text"): Text 'Sample text' is set on object 'Object Repository/OASIS/Cardiopulmonary/cardio_respiratory_status/cardio_rs_tracheostomy/cardio_rs_tracheo_innercannula'

2019-04-30 11:06:28 - [MESSAGE][PASSED] - Text 'Sample text' is set on object 'Object Repository/OASIS/Cardiopulmonary/cardio_respiratory_status/cardio_rs_tracheostomy/cardio_rs_tracheo_innercannula'

2019-04-30 11:06:28 - [TEST_STEP][PASSED] - delay(3): Delayed 3 second(s)

2019-04-30 11:06:31 - [MESSAGE][PASSED] - Delayed 3 second(s)

2019-04-30 11:06:31 - [TEST_STEP][PASSED] - click(findTestObject("OASIS/Cardiopulmonary/cardio_respiratory_status/cardio_rs_ventilator/cardio_rs_ventilator_yes")): Object: 'Object Repository/OASIS/Cardiopulmonary/cardio_respiratory_status/cardio_rs_ventilator/cardio_rs_ventilator_yes' is clicked on

2019-04-30 11:06:32 - [MESSAGE][PASSED] - Object: 'Object Repository/OASIS/Cardiopulmonary/cardio_respiratory_status/cardio_rs_ventilator/cardio_rs_ventilator_yes' is clicked on

2019-04-30 11:06:32 - [TEST_STEP][PASSED] - setText(findTestObject("OASIS/Cardiopulmonary/cardio_respiratory_status/cardio_rs_ventilator/cardio_rs_ventilator_brand"), "Medical Lung Ventilator 3002x"): Text 'Medical Lung Ventilator 3002x' is set on object 'Object Repository/OASIS/Cardiopulmonary/cardio_respiratory_status/cardio_rs_ventilator/cardio_rs_ventilator_brand'

2019-04-30 11:06:33 - [MESSAGE][PASSED] - Text 'Medical Lung Ventilator 3002x' is set on object 'Object Repository/OASIS/Cardiopulmonary/cardio_respiratory_status/cardio_rs_ventilator/cardio_rs_ventilator_brand'

2019-04-30 11:06:33 - [TEST_STEP][PASSED] - setText(findTestObject("OASIS/Cardiopulmonary/cardio_respiratory_status/cardio_rs_ventilator/cardio_rs_ventilator_ac"), "60"): Text '60' is set on object 'Object Repository/OASIS/Cardiopulmonary/cardio_respiratory_status/cardio_rs_ventilator/cardio_rs_ventilator_ac'

2019-04-30 11:06:33 - [MESSAGE][PASSED] - Text '60' is set on object 'Object Repository/OASIS/Cardiopulmonary/cardio_respiratory_status/cardio_rs_ventilator/cardio_rs_ventilator_ac'

2019-04-30 11:06:33 - [TEST_STEP][PASSED] - setText(findTestObject("OASIS/Cardiopulmonary/cardio_respiratory_status/cardio_rs_ventilator/cardio_rs_ventilator_tv"), "45"): Text '45' is set on object 'Object Repository/OASIS/Cardiopulmonary/cardio_respiratory_status/cardio_rs_ventilator/cardio_rs_ventilator_tv'

2019-04-30 11:06:33 - [MESSAGE][PASSED] - Text '45' is set on object 'Object Repository/OASIS/Cardiopulmonary/cardio_respiratory_status/cardio_rs_ventilator/cardio_rs_ventilator_tv'

2019-04-30 11:06:33 - [TEST_STEP][PASSED] - setText(findTestObject("OASIS/Cardiopulmonary/cardio_respiratory_status/cardio_rs_ventilator/cardio_rs_ventilator_peep"), "30"): Text '30' is set on object 'Object Repository/OASIS/Cardiopulmonary/cardio_respiratory_status/cardio_rs_ventilator/cardio_rs_ventilator_peep'

2019-04-30 11:06:33 - [MESSAGE][PASSED] - Text '30' is set on object 'Object Repository/OASIS/Cardiopulmonary/cardio_respiratory_status/cardio_rs_ventilator/cardio_rs_ventilator_peep'

2019-04-30 11:06:33 - [TEST_STEP][PASSED] - setText(findTestObject("OASIS/Cardiopulmonary/cardio_respiratory_status/cardio_rs_ventilator/cardio_rs_ventilator_fi02"), "12"): Text '12' is set on object 'Object Repository/OASIS/Cardiopulmonary/cardio_respiratory_status/cardio_rs_ventilator/cardio_rs_ventilator_fi02'

2019-04-30 11:06:33 - [MESSAGE][PASSED] - Text '12' is set on object 'Object Repository/OASIS/Cardiopulmonary/cardio_respiratory_status/cardio_rs_ventilator/cardio_rs_ventilator_fi02'

2019-04-30 11:06:33 - [TEST_STEP][PASSED] - setText(findTestObject("OASIS/Cardiopulmonary/cardio_respiratory_status/cardio_rs_ventilator/cardio_rs_ventilator_simv"), "32"): Text '32' is set on object 'Object Repository/OASIS/Cardiopulmonary/cardio_respiratory_status/cardio_rs_ventilator/cardio_rs_ventilator_simv'

2019-04-30 11:06:33 - [MESSAGE][PASSED] - Text '32' is set on object 'Object Repository/OASIS/Cardiopulmonary/cardio_respiratory_status/cardio_rs_ventilator/cardio_rs_ventilator_simv'

2019-04-30 11:06:33 - [TEST_STEP][PASSED] - setText(findTestObject("OASIS/Cardiopulmonary/cardio_respiratory_status/cardio_rs_ventilator/cardio_rs_ventilator_pressurecontrol"), "76"): Text '76' is set on object 'Object Repository/OASIS/Cardiopulmonary/cardio_respiratory_status/cardio_rs_ventilator/cardio_rs_ventilator_pressurecontrol'

2019-04-30 11:06:34 - [MESSAGE][PASSED] - Text '76' is set on object 'Object Repository/OASIS/Cardiopulmonary/cardio_respiratory_status/cardio_rs_ventilator/cardio_rs_ventilator_pressurecontrol'

2019-04-30 11:06:34 - [TEST_STEP][PASSED] - setText(findTestObject("OASIS/Cardiopulmonary/cardio_respiratory_status/cardio_rs_ventilator/cardio_rs_ventilator_prvc"), "23"): Text '23' is set on object 'Object Repository/OASIS/Cardiopulmonary/cardio_respiratory_status/cardio_rs_ventilator/cardio_rs_ventilator_prvc'

2019-04-30 11:06:34 - [MESSAGE][PASSED] - Text '23' is set on object 'Object Repository/OASIS/Cardiopulmonary/cardio_respiratory_status/cardio_rs_ventilator/cardio_rs_ventilator_prvc'

2019-04-30 11:06:34 - [TEST_STEP][PASSED] - delay(3): Delayed 3 second(s)

2019-04-30 11:06:37 - [MESSAGE][PASSED] - Delayed 3 second(s)

2019-04-30 11:06:37 - [TEST_STEP][PASSED] - click(findTestObject("OASIS/Cardiopulmonary/M1400_1")): Object: 'Object Repository/OASIS/Cardiopulmonary/M1400_1' is clicked on

2019-04-30 11:06:37 - [MESSAGE][PASSED] - Object: 'Object Repository/OASIS/Cardiopulmonary/M1400_1' is clicked on

2019-04-30 11:06:37 - [TEST_STEP][PASSED] - delay(3): Delayed 3 second(s)

2019-04-30 11:06:40 - [MESSAGE][PASSED] - Delayed 3 second(s)

2019-04-30 11:06:40 - [TEST_STEP][PASSED] - click(findTestObject("OASIS/Cardiopulmonary/cardio_cardio_status/cardio_ct_heartrythm_regular")): Object: 'Object Repository/OASIS/Cardiopulmonary/cardio_cardio_status/cardio_ct_heartrythm_regular' is clicked on

2019-04-30 11:06:40 - [MESSAGE][PASSED] - Object: 'Object Repository/OASIS/Cardiopulmonary/cardio_cardio_status/cardio_ct_heartrythm_regular' is clicked on

2019-04-30 11:06:40 - [TEST_STEP][PASSED] - click(findTestObject("OASIS/Cardiopulmonary/cardio_cardio_status/cardio_ct_pulsestrong_l")): Object: 'Object Repository/OASIS/Cardiopulmonary/cardio_cardio_status/cardio_ct_pulsestrong_l' is clicked on

2019-04-30 11:06:40 - [MESSAGE][PASSED] - Object: 'Object Repository/OASIS/Cardiopulmonary/cardio_cardio_status/cardio_ct_pulsestrong_l' is clicked on

2019-04-30 11:06:40 - [TEST_STEP][PASSED] - click(findTestObject("OASIS/Cardiopulmonary/cardio_cardio_status/cardio_ct_pulsestrong_r")): Object: 'Object Repository/OASIS/Cardiopulmonary/cardio_cardio_status/cardio_ct_pulsestrong_r' is clicked on

2019-04-30 11:06:40 - [MESSAGE][PASSED] - Object: 'Object Repository/OASIS/Cardiopulmonary/cardio_cardio_status/cardio_ct_pulsestrong_r' is clicked on

2019-04-30 11:06:40 - [TEST_STEP][PASSED] - click(findTestObject("OASIS/Cardiopulmonary/cardio_cardio_status/cardio_ct_pulseweak_l")): Object: 'Object Repository/OASIS/Cardiopulmonary/cardio_cardio_status/cardio_ct_pulseweak_l' is clicked on

2019-04-30 11:06:40 - [MESSAGE][PASSED] - Object: 'Object Repository/OASIS/Cardiopulmonary/cardio_cardio_status/cardio_ct_pulseweak_l' is clicked on

2019-04-30 11:06:40 - [TEST_STEP][PASSED] - click(findTestObject("OASIS/Cardiopulmonary/cardio_cardio_status/cardio_ct_pulseweak_r")): Object: 'Object Repository/OASIS/Cardiopulmonary/cardio_cardio_status/cardio_ct_pulseweak_r' is clicked on

2019-04-30 11:06:41 - [MESSAGE][PASSED] - Object: 'Object Repository/OASIS/Cardiopulmonary/cardio_cardio_status/cardio_ct_pulseweak_r' is clicked on

2019-04-30 11:06:41 - [TEST_STEP][PASSED] - click(findTestObject("OASIS/Cardiopulmonary/cardio_cardio_status/cardio_ct_pulseabsent_l")): Object: 'Object Repository/OASIS/Cardiopulmonary/cardio_cardio_status/cardio_ct_pulseabsent_l' is clicked on

2019-04-30 11:06:41 - [MESSAGE][PASSED] - Object: 'Object Repository/OASIS/Cardiopulmonary/cardio_cardio_status/cardio_ct_pulseabsent_l' is clicked on

2019-04-30 11:06:41 - [TEST_STEP][PASSED] - click(findTestObject("OASIS/Cardiopulmonary/cardio_cardio_status/cardio_ct_pulseabsent_r")): Object: 'Object Repository/OASIS/Cardiopulmonary/cardio_cardio_status/cardio_ct_pulseabsent_r' is clicked on

2019-04-30 11:06:41 - [MESSAGE][PASSED] - Object: 'Object Repository/OASIS/Cardiopulmonary/cardio_cardio_status/cardio_ct_pulseabsent_r' is clicked on

2019-04-30 11:06:41 - [TEST_STEP][PASSED] - click(findTestObject("OASIS/Cardiopulmonary/cardio_cardio_status/cardio_ct_capillary_more3sec")): Object: 'Object Repository/OASIS/Cardiopulmonary/cardio_cardio_status/cardio_ct_capillary_more3sec' is clicked on

2019-04-30 11:06:41 - [MESSAGE][PASSED] - Object: 'Object Repository/OASIS/Cardiopulmonary/cardio_cardio_status/cardio_ct_capillary_more3sec' is clicked on

2019-04-30 11:06:41 - [TEST_STEP][PASSED] - click(findTestObject("OASIS/Cardiopulmonary/cardio_cardio_status/cardio_ct_jvd_no")): Object: 'Object Repository/OASIS/Cardiopulmonary/cardio_cardio_status/cardio_ct_jvd_no' is clicked on

2019-04-30 11:06:41 - [MESSAGE][PASSED] - Object: 'Object Repository/OASIS/Cardiopulmonary/cardio_cardio_status/cardio_ct_jvd_no' is clicked on

2019-04-30 11:06:41 - [TEST_STEP][PASSED] - delay(3): Delayed 3 second(s)

2019-04-30 11:06:44 - [MESSAGE][PASSED] - Delayed 3 second(s)

2019-04-30 11:06:44 - [TEST_STEP][PASSED] - click(findTestObject("OASIS/Cardiopulmonary/cardio_cardio_status/cardio_ct_edema/cardio_ct_edema_yes")): Object: 'Object Repository/OASIS/Cardiopulmonary/cardio_cardio_status/cardio_ct_edema/cardio_ct_edema_yes' is clicked on

2019-04-30 11:06:44 - [MESSAGE][PASSED] - Object: 'Object Repository/OASIS/Cardiopulmonary/cardio_cardio_status/cardio_ct_edema/cardio_ct_edema_yes' is clicked on

2019-04-30 11:06:44 - [TEST_STEP][PASSED] - click(findTestObject("OASIS/Cardiopulmonary/cardio_cardio_status/cardio_ct_edema/cardio_ct_pedal_l_1")): Object: 'Object Repository/OASIS/Cardiopulmonary/cardio_cardio_status/cardio_ct_edema/cardio_ct_pedal_l_1' is clicked on

2019-04-30 11:06:44 - [MESSAGE][PASSED] - Object: 'Object Repository/OASIS/Cardiopulmonary/cardio_cardio_status/cardio_ct_edema/cardio_ct_pedal_l_1' is clicked on

2019-04-30 11:06:44 - [TEST_STEP][PASSED] - click(findTestObject("OASIS/Cardiopulmonary/cardio_cardio_status/cardio_ct_edema/cardio_ct_pedal_r_1")): Object: 'Object Repository/OASIS/Cardiopulmonary/cardio_cardio_status/cardio_ct_edema/cardio_ct_pedal_r_1' is clicked on

2019-04-30 11:06:44 - [MESSAGE][PASSED] - Object: 'Object Repository/OASIS/Cardiopulmonary/cardio_cardio_status/cardio_ct_edema/cardio_ct_pedal_r_1' is clicked on

2019-04-30 11:06:44 - [TEST_STEP][PASSED] - click(findTestObject("OASIS/Cardiopulmonary/cardio_cardio_status/cardio_ct_edema/cardio_ct_leg_l_2")): Object: 'Object Repository/OASIS/Cardiopulmonary/cardio_cardio_status/cardio_ct_edema/cardio_ct_leg_l_2' is clicked on

2019-04-30 11:06:45 - [MESSAGE][PASSED] - Object: 'Object Repository/OASIS/Cardiopulmonary/cardio_cardio_status/cardio_ct_edema/cardio_ct_leg_l_2' is clicked on

2019-04-30 11:06:45 - [TEST_STEP][PASSED] - click(findTestObject("OASIS/Cardiopulmonary/cardio_cardio_status/cardio_ct_edema/cardio_ct_leg_r_2")): Object: 'Object Repository/OASIS/Cardiopulmonary/cardio_cardio_status/cardio_ct_edema/cardio_ct_leg_r_2' is clicked on

2019-04-30 11:06:45 - [MESSAGE][PASSED] - Object: 'Object Repository/OASIS/Cardiopulmonary/cardio_cardio_status/cardio_ct_edema/cardio_ct_leg_r_2' is clicked on

2019-04-30 11:06:45 - [TEST_STEP][PASSED] - click(findTestObject("OASIS/Cardiopulmonary/cardio_cardio_status/cardio_ct_edema/cardio_ct_ankle_l_3")): Object: 'Object Repository/OASIS/Cardiopulmonary/cardio_cardio_status/cardio_ct_edema/cardio_ct_ankle_l_3' is clicked on

2019-04-30 11:06:45 - [MESSAGE][PASSED] - Object: 'Object Repository/OASIS/Cardiopulmonary/cardio_cardio_status/cardio_ct_edema/cardio_ct_ankle_l_3' is clicked on

2019-04-30 11:06:45 - [TEST_STEP][PASSED] - click(findTestObject("OASIS/Cardiopulmonary/cardio_cardio_status/cardio_ct_edema/cardio_ct_ankle_r_3")): Object: 'Object Repository/OASIS/Cardiopulmonary/cardio_cardio_status/cardio_ct_edema/cardio_ct_ankle_r_3' is clicked on

2019-04-30 11:06:45 - [MESSAGE][PASSED] - Object: 'Object Repository/OASIS/Cardiopulmonary/cardio_cardio_status/cardio_ct_edema/cardio_ct_ankle_r_3' is clicked on

2019-04-30 11:06:45 - [TEST_STEP][PASSED] - click(findTestObject("OASIS/Cardiopulmonary/cardio_cardio_status/cardio_ct_edema/cardio_ct_sacral_4")): Object: 'Object Repository/OASIS/Cardiopulmonary/cardio_cardio_status/cardio_ct_edema/cardio_ct_sacral_4' is clicked on

2019-04-30 11:06:45 - [MESSAGE][PASSED] - Object: 'Object Repository/OASIS/Cardiopulmonary/cardio_cardio_status/cardio_ct_edema/cardio_ct_sacral_4' is clicked on

2019-04-30 11:06:45 - [TEST_STEP][PASSED] - click(findTestObject("OASIS/Cardiopulmonary/cardio_cardio_status/cardio_ct_edema/cardio_ct_generalized_4")): Object: 'Object Repository/OASIS/Cardiopulmonary/cardio_cardio_status/cardio_ct_edema/cardio_ct_generalized_4' is clicked on

2019-04-30 11:06:45 - [MESSAGE][PASSED] - Object: 'Object Repository/OASIS/Cardiopulmonary/cardio_cardio_status/cardio_ct_edema/cardio_ct_generalized_4' is clicked on

2019-04-30 11:06:45 - [TEST_STEP][PASSED] - click(findTestObject("OASIS/Cardiopulmonary/cardio_cardio_status/cardio_ct_edema/cardio_ct_weightgain_over2lbs")): Object: 'Object Repository/OASIS/Cardiopulmonary/cardio_cardio_status/cardio_ct_edema/cardio_ct_weightgain_over2lbs' is clicked on

2019-04-30 11:06:46 - [MESSAGE][PASSED] - Object: 'Object Repository/OASIS/Cardiopulmonary/cardio_cardio_status/cardio_ct_edema/cardio_ct_weightgain_over2lbs' is clicked on

2019-04-30 11:06:46 - [TEST_STEP][PASSED] - delay(3): Delayed 3 second(s)

2019-04-30 11:06:49 - [MESSAGE][PASSED] - Delayed 3 second(s)

2019-04-30 11:06:49 - [TEST_STEP][PASSED] - click(findTestObject("OASIS/Cardiopulmonary/cardio_cardio_status/cardio_ct_chestpain/cardio_ct_cp_yes")): Object: 'Object Repository/OASIS/Cardiopulmonary/cardio_cardio_status/cardio_ct_chestpain/cardio_ct_cp_yes' is clicked on

2019-04-30 11:06:49 - [MESSAGE][PASSED] - Object: 'Object Repository/OASIS/Cardiopulmonary/cardio_cardio_status/cardio_ct_chestpain/cardio_ct_cp_yes' is clicked on

2019-04-30 11:06:49 - [TEST_STEP][PASSED] - click(findTestObject("OASIS/Cardiopulmonary/cardio_cardio_status/cardio_ct_chestpain/cardio_ct_cp_angina")): Object: 'Object Repository/OASIS/Cardiopulmonary/cardio_cardio_status/cardio_ct_chestpain/cardio_ct_cp_angina' is clicked on

2019-04-30 11:06:49 - [MESSAGE][PASSED] - Object: 'Object Repository/OASIS/Cardiopulmonary/cardio_cardio_status/cardio_ct_chestpain/cardio_ct_cp_angina' is clicked on

2019-04-30 11:06:49 - [TEST_STEP][PASSED] - click(findTestObject("OASIS/Cardiopulmonary/cardio_cardio_status/cardio_ct_chestpain/cardio_ct_cp_sharp")): Object: 'Object Repository/OASIS/Cardiopulmonary/cardio_cardio_status/cardio_ct_chestpain/cardio_ct_cp_sharp' is clicked on

2019-04-30 11:06:49 - [MESSAGE][PASSED] - Object: 'Object Repository/OASIS/Cardiopulmonary/cardio_cardio_status/cardio_ct_chestpain/cardio_ct_cp_sharp' is clicked on

2019-04-30 11:06:49 - [TEST_STEP][PASSED] - click(findTestObject("OASIS/Cardiopulmonary/cardio_cardio_status/cardio_ct_chestpain/cardio_ct_cp_substernal")): Object: 'Object Repository/OASIS/Cardiopulmonary/cardio_cardio_status/cardio_ct_chestpain/cardio_ct_cp_substernal' is clicked on

2019-04-30 11:06:49 - [MESSAGE][PASSED] - Object: 'Object Repository/OASIS/Cardiopulmonary/cardio_cardio_status/cardio_ct_chestpain/cardio_ct_cp_substernal' is clicked on

2019-04-30 11:06:49 - [TEST_STEP][PASSED] - click(findTestObject("OASIS/Cardiopulmonary/cardio_cardio_status/cardio_ct_chestpain/cardio_ct_cp_stabbing")): Object: 'Object Repository/OASIS/Cardiopulmonary/cardio_cardio_status/cardio_ct_chestpain/cardio_ct_cp_stabbing' is clicked on

2019-04-30 11:06:49 - [MESSAGE][PASSED] - Object: 'Object Repository/OASIS/Cardiopulmonary/cardio_cardio_status/cardio_ct_chestpain/cardio_ct_cp_stabbing' is clicked on

2019-04-30 11:06:49 - [TEST_STEP][PASSED] - click(findTestObject("OASIS/Cardiopulmonary/cardio_cardio_status/cardio_ct_chestpain/cardio_ct_cp_localized")): Object: 'Object Repository/OASIS/Cardiopulmonary/cardio_cardio_status/cardio_ct_chestpain/cardio_ct_cp_localized' is clicked on

2019-04-30 11:06:49 - [MESSAGE][PASSED] - Object: 'Object Repository/OASIS/Cardiopulmonary/cardio_cardio_status/cardio_ct_chestpain/cardio_ct_cp_localized' is clicked on

2019-04-30 11:06:49 - [TEST_STEP][PASSED] - click(findTestObject("OASIS/Cardiopulmonary/cardio_cardio_status/cardio_ct_chestpain/cardio_ct_cp_postural")): Object: 'Object Repository/OASIS/Cardiopulmonary/cardio_cardio_status/cardio_ct_chestpain/cardio_ct_cp_postural' is clicked on

2019-04-30 11:06:50 - [MESSAGE][PASSED] - Object: 'Object Repository/OASIS/Cardiopulmonary/cardio_cardio_status/cardio_ct_chestpain/cardio_ct_cp_postural' is clicked on

2019-04-30 11:06:50 - [TEST_STEP][PASSED] - click(findTestObject("OASIS/Cardiopulmonary/cardio_cardio_status/cardio_ct_chestpain/cardio_ct_cp_dullache")): Object: 'Object Repository/OASIS/Cardiopulmonary/cardio_cardio_status/cardio_ct_chestpain/cardio_ct_cp_dullache' is clicked on

2019-04-30 11:06:50 - [MESSAGE][PASSED] - Object: 'Object Repository/OASIS/Cardiopulmonary/cardio_cardio_status/cardio_ct_chestpain/cardio_ct_cp_dullache' is clicked on

2019-04-30 11:06:50 - [TEST_STEP][PASSED] - click(findTestObject("OASIS/Cardiopulmonary/cardio_cardio_status/cardio_ct_chestpain/cardio_ct_cp_viselike")): Object: 'Object Repository/OASIS/Cardiopulmonary/cardio_cardio_status/cardio_ct_chestpain/cardio_ct_cp_viselike' is clicked on

2019-04-30 11:06:50 - [MESSAGE][PASSED] - Object: 'Object Repository/OASIS/Cardiopulmonary/cardio_cardio_status/cardio_ct_chestpain/cardio_ct_cp_viselike' is clicked on

2019-04-30 11:06:50 - [TEST_STEP][PASSED] - delay(2): Delayed 2 second(s)

2019-04-30 11:06:52 - [MESSAGE][PASSED] - Delayed 2 second(s)

2019-04-30 11:06:52 - [TEST_STEP][PASSED] - click(findTestObject("OASIS/Cardiopulmonary/cardio_cardio_status/cardio_ct_chestpain/cardio_ct_cp_radiatingto_neck_l")): Object: 'Object Repository/OASIS/Cardiopulmonary/cardio_cardio_status/cardio_ct_chestpain/cardio_ct_cp_radiatingto_neck_l' is clicked on

2019-04-30 11:06:52 - [MESSAGE][PASSED] - Object: 'Object Repository/OASIS/Cardiopulmonary/cardio_cardio_status/cardio_ct_chestpain/cardio_ct_cp_radiatingto_neck_l' is clicked on

2019-04-30 11:06:52 - [TEST_STEP][PASSED] - click(findTestObject("OASIS/Cardiopulmonary/cardio_cardio_status/cardio_ct_chestpain/cardio_ct_cp_radiatingto_jaw_l")): Object: 'Object Repository/OASIS/Cardiopulmonary/cardio_cardio_status/cardio_ct_chestpain/cardio_ct_cp_radiatingto_jaw_l' is clicked on

2019-04-30 11:06:52 - [MESSAGE][PASSED] - Object: 'Object Repository/OASIS/Cardiopulmonary/cardio_cardio_status/cardio_ct_chestpain/cardio_ct_cp_radiatingto_jaw_l' is clicked on

2019-04-30 11:06:52 - [TEST_STEP][PASSED] - click(findTestObject("OASIS/Cardiopulmonary/cardio_cardio_status/cardio_ct_chestpain/cardio_ct_cp_radiatingto_shoulder_l")): Object: 'Object Repository/OASIS/Cardiopulmonary/cardio_cardio_status/cardio_ct_chestpain/cardio_ct_cp_radiatingto_shoulder_l' is clicked on

2019-04-30 11:06:52 - [MESSAGE][PASSED] - Object: 'Object Repository/OASIS/Cardiopulmonary/cardio_cardio_status/cardio_ct_chestpain/cardio_ct_cp_radiatingto_shoulder_l' is clicked on

2019-04-30 11:06:52 - [TEST_STEP][PASSED] - click(findTestObject("OASIS/Cardiopulmonary/cardio_cardio_status/cardio_ct_chestpain/cardio_ct_cp_radiatingto_arm_l")): Object: 'Object Repository/OASIS/Cardiopulmonary/cardio_cardio_status/cardio_ct_chestpain/cardio_ct_cp_radiatingto_arm_l' is clicked on

2019-04-30 11:06:52 - [MESSAGE][PASSED] - Object: 'Object Repository/OASIS/Cardiopulmonary/cardio_cardio_status/cardio_ct_chestpain/cardio_ct_cp_radiatingto_arm_l' is clicked on

2019-04-30 11:06:52 - [TEST_STEP][PASSED] - delay(2): Delayed 2 second(s)

2019-04-30 11:06:54 - [MESSAGE][PASSED] - Delayed 2 second(s)

2019-04-30 11:06:54 - [TEST_STEP][PASSED] - click(findTestObject("OASIS/Cardiopulmonary/cardio_cardio_status/cardio_ct_chestpain/cardio_ct_cp_accom_dyspnea")): Object: 'Object Repository/OASIS/Cardiopulmonary/cardio_cardio_status/cardio_ct_chestpain/cardio_ct_cp_accom_dyspnea' is clicked on

2019-04-30 11:06:54 - [MESSAGE][PASSED] - Object: 'Object Repository/OASIS/Cardiopulmonary/cardio_cardio_status/cardio_ct_chestpain/cardio_ct_cp_accom_dyspnea' is clicked on

2019-04-30 11:06:55 - [TEST_STEP][PASSED] - click(findTestObject("OASIS/Cardiopulmonary/cardio_cardio_status/cardio_ct_chestpain/cardio_ct_cp_accom_diaphoresis")): Object: 'Object Repository/OASIS/Cardiopulmonary/cardio_cardio_status/cardio_ct_chestpain/cardio_ct_cp_accom_diaphoresis' is clicked on

2019-04-30 11:06:55 - [MESSAGE][PASSED] - Object: 'Object Repository/OASIS/Cardiopulmonary/cardio_cardio_status/cardio_ct_chestpain/cardio_ct_cp_accom_diaphoresis' is clicked on

2019-04-30 11:06:55 - [TEST_STEP][PASSED] - setText(findTestObject("OASIS/Cardiopulmonary/cardio_cardio_status/cardio_ct_chestpain/cardio_ct_cp_freqpain"), "2x a day"): Text '2x a day' is set on object 'Object Repository/OASIS/Cardiopulmonary/cardio_cardio_status/cardio_ct_chestpain/cardio_ct_cp_freqpain'

2019-04-30 11:06:55 - [MESSAGE][PASSED] - Text '2x a day' is set on object 'Object Repository/OASIS/Cardiopulmonary/cardio_cardio_status/cardio_ct_chestpain/cardio_ct_cp_freqpain'

2019-04-30 11:06:55 - [TEST_STEP][PASSED] - setText(findTestObject("OASIS/Cardiopulmonary/cardio_cardio_status/cardio_ct_chestpain/cardio_ct_cp_durationpain"), "2x a day"): Text '2x a day' is set on object 'Object Repository/OASIS/Cardiopulmonary/cardio_cardio_status/cardio_ct_chestpain/cardio_ct_cp_durationpain'

2019-04-30 11:06:55 - [MESSAGE][PASSED] - Text '2x a day' is set on object 'Object Repository/OASIS/Cardiopulmonary/cardio_cardio_status/cardio_ct_chestpain/cardio_ct_cp_durationpain'

2019-04-30 11:06:55 - [TEST_STEP][PASSED] - setText(findTestObject("OASIS/Cardiopulmonary/cardio_cardio_status/cardio_ct_chestpain/cardio_ct_cp_painintervention"), "2x a day"): Text '2x a day' is set on object 'Object Repository/OASIS/Cardiopulmonary/cardio_cardio_status/cardio_ct_chestpain/cardio_ct_cp_painintervention'

2019-04-30 11:06:56 - [MESSAGE][PASSED] - Text '2x a day' is set on object 'Object Repository/OASIS/Cardiopulmonary/cardio_cardio_status/cardio_ct_chestpain/cardio_ct_cp_painintervention'

2019-04-30 11:06:56 - [TEST_STEP][PASSED] - delay(3): Delayed 3 second(s)

2019-04-30 11:06:59 - [MESSAGE][PASSED] - Delayed 3 second(s)

2019-04-30 11:06:59 - [TEST_STEP][PASSED] - click(findTestObject("OASIS/Cardiopulmonary/cardio_cardio_status/cardio_ct_implantedcardiacdevice/cardio_ct_icd_yes")): Object: 'Object Repository/OASIS/Cardiopulmonary/cardio_cardio_status/cardio_ct_implantedcardiacdevice/cardio_ct_icd_yes' is clicked on

2019-04-30 11:06:59 - [MESSAGE][PASSED] - Object: 'Object Repository/OASIS/Cardiopulmonary/cardio_cardio_status/cardio_ct_implantedcardiacdevice/cardio_ct_icd_yes' is clicked on

2019-04-30 11:06:59 - [TEST_STEP][PASSED] - click(findTestObject("OASIS/Cardiopulmonary/cardio_cardio_status/cardio_ct_implantedcardiacdevice/cardio_ct_icd_pacemaker")): Object: 'Object Repository/OASIS/Cardiopulmonary/cardio_cardio_status/cardio_ct_implantedcardiacdevice/cardio_ct_icd_pacemaker' is clicked on

2019-04-30 11:06:59 - [MESSAGE][PASSED] - Object: 'Object Repository/OASIS/Cardiopulmonary/cardio_cardio_status/cardio_ct_implantedcardiacdevice/cardio_ct_icd_pacemaker' is clicked on

2019-04-30 11:06:59 - [TEST_STEP][PASSED] - setText(findTestObject("OASIS/Cardiopulmonary/cardio_cardio_status/cardio_ct_implantedcardiacdevice/cardio_ct_icd_pacemaker_brand"), "SOGMA 300D"): Text 'SOGMA 300D' is set on object 'Object Repository/OASIS/Cardiopulmonary/cardio_cardio_status/cardio_ct_implantedcardiacdevice/cardio_ct_icd_pacemaker_brand'

2019-04-30 11:07:00 - [MESSAGE][PASSED] - Text 'SOGMA 300D' is set on object 'Object Repository/OASIS/Cardiopulmonary/cardio_cardio_status/cardio_ct_implantedcardiacdevice/cardio_ct_icd_pacemaker_brand'

2019-04-30 11:07:00 - [TEST_STEP][PASSED] - setText(findTestObject("OASIS/Cardiopulmonary/cardio_cardio_status/cardio_ct_implantedcardiacdevice/cardio_ct_icd_pacemaker_dateimplanted"), "January 13"): Text 'January 13' is set on object 'Object Repository/OASIS/Cardiopulmonary/cardio_cardio_status/cardio_ct_implantedcardiacdevice/cardio_ct_icd_pacemaker_dateimplanted'

2019-04-30 11:07:00 - [MESSAGE][PASSED] - Text 'January 13' is set on object 'Object Repository/OASIS/Cardiopulmonary/cardio_cardio_status/cardio_ct_implantedcardiacdevice/cardio_ct_icd_pacemaker_dateimplanted'

2019-04-30 11:07:00 - [TEST_STEP][PASSED] - setText(findTestObject("OASIS/Cardiopulmonary/cardio_cardio_status/cardio_ct_implantedcardiacdevice/cardio_ct_icd_pacemaker_ratesetting"), "60"): Text '60' is set on object 'Object Repository/OASIS/Cardiopulmonary/cardio_cardio_status/cardio_ct_implantedcardiacdevice/cardio_ct_icd_pacemaker_ratesetting'

2019-04-30 11:07:00 - [MESSAGE][PASSED] - Text '60' is set on object 'Object Repository/OASIS/Cardiopulmonary/cardio_cardio_status/cardio_ct_implantedcardiacdevice/cardio_ct_icd_pacemaker_ratesetting'

2019-04-30 11:07:00 - [TEST_STEP][PASSED] - setText(findTestObject("OASIS/Cardiopulmonary/cardio_cardio_status/cardio_ct_implantedcardiacdevice/cardio_ct_icd_pacemaker_datelasttested"), "April 2019"): Text 'April 2019' is set on object 'Object Repository/OASIS/Cardiopulmonary/cardio_cardio_status/cardio_ct_implantedcardiacdevice/cardio_ct_icd_pacemaker_datelasttested'

2019-04-30 11:07:01 - [MESSAGE][PASSED] - Text 'April 2019' is set on object 'Object Repository/OASIS/Cardiopulmonary/cardio_cardio_status/cardio_ct_implantedcardiacdevice/cardio_ct_icd_pacemaker_datelasttested'

2019-04-30 11:07:01 - [TEST_STEP][PASSED] - delay(5): Delayed 5 second(s)

2019-04-30 11:07:06 - [MESSAGE][PASSED] - Delayed 5 second(s)

2019-04-30 11:07:06 - [TEST_STEP][PASSED] - click(findTestObject("OASIS/OASIS_TABS/discardchangesbtn")): Object: 'Object Repository/OASIS/OASIS_TABS/discardchangesbtn' is clicked on

2019-04-30 11:07:06 - [MESSAGE][PASSED] - Object: 'Object Repository/OASIS/OASIS_TABS/discardchangesbtn' is clicked on

2019-04-30 11:07:06 - [TEST_STEP][PASSED] - delay(2): Delayed 2 second(s)

2019-04-30 11:07:08 - [MESSAGE][PASSED] - Delayed 2 second(s)

2019-04-30 11:07:08 - [TEST_STEP][PASSED] - click(findTestObject("OASIS/OASIS_TABS/discardchangesmodalbtn")): Object: 'Object Repository/OASIS/OASIS_TABS/discardchangesmodalbtn' is clicked on

2019-04-30 11:07:08 - [MESSAGE][PASSED] - Object: 'Object Repository/OASIS/OASIS_TABS/discardchangesmodalbtn' is clicked on

2019-04-30 11:07:08 - [TEST_STEP][PASSED] - delay(5): Delayed 5 second(s)

2019-04-30 11:07:13 - [MESSAGE][PASSED] - Delayed 5 second(s)]]></system-out>
         <system-err><![CDATA[]]></system-err>
      </testcase>
      <testcase name="Test Cases/OASIS_SOC/Nutritional" classname="Test Cases/OASIS_SOC/Nutritional" status="PASSED">
         <system-out><![CDATA[2019-04-30 11:07:13 - [TEST_CASE][PASSED] - Test Cases/OASIS_SOC/Nutritional: Test Cases/OASIS_SOC/Nutritional

2019-04-30 11:07:13 - [TEST_STEP][PASSED] - click(findTestObject("OASIS/OASIS_TABS/Nutri_tab")): Object: 'Object Repository/OASIS/OASIS_TABS/Nutri_tab' is clicked on

2019-04-30 11:07:13 - [MESSAGE][PASSED] - Object: 'Object Repository/OASIS/OASIS_TABS/Nutri_tab' is clicked on

2019-04-30 11:07:13 - [TEST_STEP][PASSED] - delay(5): Delayed 5 second(s)

2019-04-30 11:07:18 - [MESSAGE][PASSED] - Delayed 5 second(s)

2019-04-30 11:07:18 - [TEST_STEP][PASSED] - click(findTestObject("OASIS/Nutritional/nutri_health_screen/nutri_nhs_withoutreasons")): Object: 'Object Repository/OASIS/Nutritional/nutri_health_screen/nutri_nhs_withoutreasons' is clicked on

2019-04-30 11:07:18 - [MESSAGE][PASSED] - Object: 'Object Repository/OASIS/Nutritional/nutri_health_screen/nutri_nhs_withoutreasons' is clicked on

2019-04-30 11:07:18 - [TEST_STEP][PASSED] - click(findTestObject("OASIS/Nutritional/nutri_health_screen/nutri_nhs_hasanillness")): Object: 'Object Repository/OASIS/Nutritional/nutri_health_screen/nutri_nhs_hasanillness' is clicked on

2019-04-30 11:07:18 - [MESSAGE][PASSED] - Object: 'Object Repository/OASIS/Nutritional/nutri_health_screen/nutri_nhs_hasanillness' is clicked on

2019-04-30 11:07:18 - [TEST_STEP][PASSED] - click(findTestObject("OASIS/Nutritional/nutri_health_screen/nutri_nhs_hasanopen")): Object: 'Object Repository/OASIS/Nutritional/nutri_health_screen/nutri_nhs_hasanopen' is clicked on

2019-04-30 11:07:19 - [MESSAGE][PASSED] - Object: 'Object Repository/OASIS/Nutritional/nutri_health_screen/nutri_nhs_hasanopen' is clicked on

2019-04-30 11:07:19 - [TEST_STEP][PASSED] - click(findTestObject("OASIS/Nutritional/nutri_health_screen/nutri_nhs_hasanopen_decubitus")): Object: 'Object Repository/OASIS/Nutritional/nutri_health_screen/nutri_nhs_hasanopen_decubitus' is clicked on

2019-04-30 11:07:19 - [MESSAGE][PASSED] - Object: 'Object Repository/OASIS/Nutritional/nutri_health_screen/nutri_nhs_hasanopen_decubitus' is clicked on

2019-04-30 11:07:19 - [TEST_STEP][PASSED] - click(findTestObject("OASIS/Nutritional/nutri_health_screen/nutri_nhs_hasanopen_ulcer")): Object: 'Object Repository/OASIS/Nutritional/nutri_health_screen/nutri_nhs_hasanopen_ulcer' is clicked on

2019-04-30 11:07:19 - [MESSAGE][PASSED] - Object: 'Object Repository/OASIS/Nutritional/nutri_health_screen/nutri_nhs_hasanopen_ulcer' is clicked on

2019-04-30 11:07:19 - [TEST_STEP][PASSED] - click(findTestObject("OASIS/Nutritional/nutri_health_screen/nutri_nhs_hasanopen_burn")): Object: 'Object Repository/OASIS/Nutritional/nutri_health_screen/nutri_nhs_hasanopen_burn' is clicked on

2019-04-30 11:07:19 - [MESSAGE][PASSED] - Object: 'Object Repository/OASIS/Nutritional/nutri_health_screen/nutri_nhs_hasanopen_burn' is clicked on

2019-04-30 11:07:19 - [TEST_STEP][PASSED] - click(findTestObject("OASIS/Nutritional/nutri_health_screen/nutri_nhs_hasanopen_wound")): Object: 'Object Repository/OASIS/Nutritional/nutri_health_screen/nutri_nhs_hasanopen_wound' is clicked on

2019-04-30 11:07:19 - [MESSAGE][PASSED] - Object: 'Object Repository/OASIS/Nutritional/nutri_health_screen/nutri_nhs_hasanopen_wound' is clicked on

2019-04-30 11:07:19 - [TEST_STEP][PASSED] - click(findTestObject("OASIS/Nutritional/nutri_health_screen/nutri_nhs_eatsfewer")): Object: 'Object Repository/OASIS/Nutritional/nutri_health_screen/nutri_nhs_eatsfewer' is clicked on

2019-04-30 11:07:19 - [MESSAGE][PASSED] - Object: 'Object Repository/OASIS/Nutritional/nutri_health_screen/nutri_nhs_eatsfewer' is clicked on

2019-04-30 11:07:19 - [TEST_STEP][PASSED] - click(findTestObject("OASIS/Nutritional/nutri_health_screen/nutri_nhs_hastoothproblem")): Object: 'Object Repository/OASIS/Nutritional/nutri_health_screen/nutri_nhs_hastoothproblem' is clicked on

2019-04-30 11:07:19 - [MESSAGE][PASSED] - Object: 'Object Repository/OASIS/Nutritional/nutri_health_screen/nutri_nhs_hastoothproblem' is clicked on

2019-04-30 11:07:19 - [TEST_STEP][PASSED] - click(findTestObject("OASIS/Nutritional/nutri_health_screen/nutri_nhs_has3ormoredrinksbeer")): Object: 'Object Repository/OASIS/Nutritional/nutri_health_screen/nutri_nhs_has3ormoredrinksbeer' is clicked on

2019-04-30 11:07:19 - [MESSAGE][PASSED] - Object: 'Object Repository/OASIS/Nutritional/nutri_health_screen/nutri_nhs_has3ormoredrinksbeer' is clicked on

2019-04-30 11:07:19 - [TEST_STEP][PASSED] - click(findTestObject("OASIS/Nutritional/nutri_health_screen/nutri_nhs_doesnotalwaysmoney")): Object: 'Object Repository/OASIS/Nutritional/nutri_health_screen/nutri_nhs_doesnotalwaysmoney' is clicked on

2019-04-30 11:07:19 - [MESSAGE][PASSED] - Object: 'Object Repository/OASIS/Nutritional/nutri_health_screen/nutri_nhs_doesnotalwaysmoney' is clicked on

2019-04-30 11:07:19 - [TEST_STEP][PASSED] - click(findTestObject("OASIS/Nutritional/nutri_health_screen/nutri_nhs_eatalone")): Object: 'Object Repository/OASIS/Nutritional/nutri_health_screen/nutri_nhs_eatalone' is clicked on

2019-04-30 11:07:19 - [MESSAGE][PASSED] - Object: 'Object Repository/OASIS/Nutritional/nutri_health_screen/nutri_nhs_eatalone' is clicked on

2019-04-30 11:07:19 - [TEST_STEP][PASSED] - click(findTestObject("OASIS/Nutritional/nutri_health_screen/nutri_nhs_takes3ormoreotc")): Object: 'Object Repository/OASIS/Nutritional/nutri_health_screen/nutri_nhs_takes3ormoreotc' is clicked on

2019-04-30 11:07:20 - [MESSAGE][PASSED] - Object: 'Object Repository/OASIS/Nutritional/nutri_health_screen/nutri_nhs_takes3ormoreotc' is clicked on

2019-04-30 11:07:20 - [TEST_STEP][PASSED] - click(findTestObject("OASIS/Nutritional/nutri_health_screen/nutri_nhs_isnotalwaysphysically")): Object: 'Object Repository/OASIS/Nutritional/nutri_health_screen/nutri_nhs_isnotalwaysphysically' is clicked on

2019-04-30 11:07:20 - [MESSAGE][PASSED] - Object: 'Object Repository/OASIS/Nutritional/nutri_health_screen/nutri_nhs_isnotalwaysphysically' is clicked on

2019-04-30 11:07:20 - [TEST_STEP][PASSED] - click(findTestObject("OASIS/Nutritional/nutri_health_screen/nutri_nhs_frequentlyhasdiarrhea")): Object: 'Object Repository/OASIS/Nutritional/nutri_health_screen/nutri_nhs_frequentlyhasdiarrhea' is clicked on

2019-04-30 11:07:20 - [MESSAGE][PASSED] - Object: 'Object Repository/OASIS/Nutritional/nutri_health_screen/nutri_nhs_frequentlyhasdiarrhea' is clicked on

2019-04-30 11:07:20 - [TEST_STEP][PASSED] - delay(3): Delayed 3 second(s)

2019-04-30 11:07:23 - [MESSAGE][PASSED] - Delayed 3 second(s)

2019-04-30 11:07:23 - [TEST_STEP][PASSED] - click(findTestObject("OASIS/Nutritional/nutri_upperGIstatus/nutri_ugis_abdomen_soft")): Object: 'Object Repository/OASIS/Nutritional/nutri_upperGIstatus/nutri_ugis_abdomen_soft' is clicked on

2019-04-30 11:07:23 - [MESSAGE][PASSED] - Object: 'Object Repository/OASIS/Nutritional/nutri_upperGIstatus/nutri_ugis_abdomen_soft' is clicked on

2019-04-30 11:07:23 - [TEST_STEP][PASSED] - click(findTestObject("OASIS/Nutritional/nutri_upperGIstatus/nutri_ugis_bowelsounds_active")): Object: 'Object Repository/OASIS/Nutritional/nutri_upperGIstatus/nutri_ugis_bowelsounds_active' is clicked on

2019-04-30 11:07:23 - [MESSAGE][PASSED] - Object: 'Object Repository/OASIS/Nutritional/nutri_upperGIstatus/nutri_ugis_bowelsounds_active' is clicked on

2019-04-30 11:07:23 - [TEST_STEP][PASSED] - click(findTestObject("OASIS/Nutritional/nutri_upperGIstatus/nutri_ugis_appetite_good")): Object: 'Object Repository/OASIS/Nutritional/nutri_upperGIstatus/nutri_ugis_appetite_good' is clicked on

2019-04-30 11:07:23 - [MESSAGE][PASSED] - Object: 'Object Repository/OASIS/Nutritional/nutri_upperGIstatus/nutri_ugis_appetite_good' is clicked on

2019-04-30 11:07:23 - [TEST_STEP][PASSED] - delay(3): Delayed 3 second(s)

2019-04-30 11:07:26 - [MESSAGE][PASSED] - Delayed 3 second(s)

2019-04-30 11:07:26 - [TEST_STEP][PASSED] - click(findTestObject("OASIS/Nutritional/nutri_upperGIstatus/nutri_ugis_nausea/nutri_ugis_nausea_yes")): Object: 'Object Repository/OASIS/Nutritional/nutri_upperGIstatus/nutri_ugis_nausea/nutri_ugis_nausea_yes' is clicked on

2019-04-30 11:07:26 - [MESSAGE][PASSED] - Object: 'Object Repository/OASIS/Nutritional/nutri_upperGIstatus/nutri_ugis_nausea/nutri_ugis_nausea_yes' is clicked on

2019-04-30 11:07:26 - [TEST_STEP][PASSED] - click(findTestObject("OASIS/Nutritional/nutri_upperGIstatus/nutri_ugis_nausea/nutri_ugis_nausea_vomiting_projectile")): Object: 'Object Repository/OASIS/Nutritional/nutri_upperGIstatus/nutri_ugis_nausea/nutri_ugis_nausea_vomiting_projectile' is clicked on

2019-04-30 11:07:26 - [MESSAGE][PASSED] - Object: 'Object Repository/OASIS/Nutritional/nutri_upperGIstatus/nutri_ugis_nausea/nutri_ugis_nausea_vomiting_projectile' is clicked on

2019-04-30 11:07:26 - [TEST_STEP][PASSED] - setText(findTestObject("OASIS/Nutritional/nutri_upperGIstatus/nutri_ugis_nausea/nutri_ugis_nausea_frequency"), "Sample text"): Text 'Sample text' is set on object 'Object Repository/OASIS/Nutritional/nutri_upperGIstatus/nutri_ugis_nausea/nutri_ugis_nausea_frequency'

2019-04-30 11:07:27 - [MESSAGE][PASSED] - Text 'Sample text' is set on object 'Object Repository/OASIS/Nutritional/nutri_upperGIstatus/nutri_ugis_nausea/nutri_ugis_nausea_frequency'

2019-04-30 11:07:27 - [TEST_STEP][PASSED] - click(findTestObject("OASIS/Nutritional/nutri_upperGIstatus/nutri_ugis_nausea/nutri_ugis_nausea_vomitusam_small")): Object: 'Object Repository/OASIS/Nutritional/nutri_upperGIstatus/nutri_ugis_nausea/nutri_ugis_nausea_vomitusam_small' is clicked on

2019-04-30 11:07:27 - [MESSAGE][PASSED] - Object: 'Object Repository/OASIS/Nutritional/nutri_upperGIstatus/nutri_ugis_nausea/nutri_ugis_nausea_vomitusam_small' is clicked on

2019-04-30 11:07:27 - [TEST_STEP][PASSED] - click(findTestObject("OASIS/Nutritional/nutri_upperGIstatus/nutri_ugis_nausea/nutri_ugis_nausea_color_coffee")): Object: 'Object Repository/OASIS/Nutritional/nutri_upperGIstatus/nutri_ugis_nausea/nutri_ugis_nausea_color_coffee' is clicked on

2019-04-30 11:07:27 - [MESSAGE][PASSED] - Object: 'Object Repository/OASIS/Nutritional/nutri_upperGIstatus/nutri_ugis_nausea/nutri_ugis_nausea_color_coffee' is clicked on

2019-04-30 11:07:27 - [TEST_STEP][PASSED] - setText(findTestObject("OASIS/Nutritional/nutri_upperGIstatus/nutri_ugis_nausea/nutri_ugis_nausea_color_other"), "Sample text"): Text 'Sample text' is set on object 'Object Repository/OASIS/Nutritional/nutri_upperGIstatus/nutri_ugis_nausea/nutri_ugis_nausea_color_other'

2019-04-30 11:07:28 - [MESSAGE][PASSED] - Text 'Sample text' is set on object 'Object Repository/OASIS/Nutritional/nutri_upperGIstatus/nutri_ugis_nausea/nutri_ugis_nausea_color_other'

2019-04-30 11:07:28 - [TEST_STEP][PASSED] - click(findTestObject("OASIS/Nutritional/nutri_upperGIstatus/nutri_ugis_nausea/nutri_ugis_nausea_othersym_heartburn")): Object: 'Object Repository/OASIS/Nutritional/nutri_upperGIstatus/nutri_ugis_nausea/nutri_ugis_nausea_othersym_heartburn' is clicked on

2019-04-30 11:07:28 - [MESSAGE][PASSED] - Object: 'Object Repository/OASIS/Nutritional/nutri_upperGIstatus/nutri_ugis_nausea/nutri_ugis_nausea_othersym_heartburn' is clicked on

2019-04-30 11:07:28 - [TEST_STEP][PASSED] - click(findTestObject("OASIS/Nutritional/nutri_upperGIstatus/nutri_ugis_nausea/utri_ugis_nausea_othersym_indigestion")): Object: 'Object Repository/OASIS/Nutritional/nutri_upperGIstatus/nutri_ugis_nausea/utri_ugis_nausea_othersym_indigestion' is clicked on

2019-04-30 11:07:28 - [MESSAGE][PASSED] - Object: 'Object Repository/OASIS/Nutritional/nutri_upperGIstatus/nutri_ugis_nausea/utri_ugis_nausea_othersym_indigestion' is clicked on

2019-04-30 11:07:28 - [TEST_STEP][PASSED] - click(findTestObject("OASIS/Nutritional/nutri_upperGIstatus/nutri_ugis_nausea/utri_ugis_nausea_othersym_reflux")): Object: 'Object Repository/OASIS/Nutritional/nutri_upperGIstatus/nutri_ugis_nausea/utri_ugis_nausea_othersym_reflux' is clicked on

2019-04-30 11:07:28 - [MESSAGE][PASSED] - Object: 'Object Repository/OASIS/Nutritional/nutri_upperGIstatus/nutri_ugis_nausea/utri_ugis_nausea_othersym_reflux' is clicked on

2019-04-30 11:07:28 - [TEST_STEP][PASSED] - click(findTestObject("OASIS/Nutritional/nutri_upperGIstatus/nutri_ugis_nausea/utri_ugis_nausea_othersym_flatulence")): Object: 'Object Repository/OASIS/Nutritional/nutri_upperGIstatus/nutri_ugis_nausea/utri_ugis_nausea_othersym_flatulence' is clicked on

2019-04-30 11:07:28 - [MESSAGE][PASSED] - Object: 'Object Repository/OASIS/Nutritional/nutri_upperGIstatus/nutri_ugis_nausea/utri_ugis_nausea_othersym_flatulence' is clicked on

2019-04-30 11:07:28 - [TEST_STEP][PASSED] - setText(findTestObject("OASIS/Nutritional/nutri_upperGIstatus/nutri_ugis_nausea/utri_ugis_nausea_othersym_other"), "Acidity"): Text 'Acidity' is set on object 'Object Repository/OASIS/Nutritional/nutri_upperGIstatus/nutri_ugis_nausea/utri_ugis_nausea_othersym_other'

2019-04-30 11:07:29 - [MESSAGE][PASSED] - Text 'Acidity' is set on object 'Object Repository/OASIS/Nutritional/nutri_upperGIstatus/nutri_ugis_nausea/utri_ugis_nausea_othersym_other'

2019-04-30 11:07:29 - [TEST_STEP][PASSED] - delay(3): Delayed 3 second(s)

2019-04-30 11:07:32 - [MESSAGE][PASSED] - Delayed 3 second(s)

2019-04-30 11:07:32 - [TEST_STEP][PASSED] - click(findTestObject("OASIS/Nutritional/nutri_nutrition/nutri_regulardiet")): Object: 'Object Repository/OASIS/Nutritional/nutri_nutrition/nutri_regulardiet' is clicked on

2019-04-30 11:07:32 - [MESSAGE][PASSED] - Object: 'Object Repository/OASIS/Nutritional/nutri_nutrition/nutri_regulardiet' is clicked on

2019-04-30 11:07:32 - [TEST_STEP][PASSED] - click(findTestObject("OASIS/Nutritional/nutri_nutrition/nutri_1800cal")): Object: 'Object Repository/OASIS/Nutritional/nutri_nutrition/nutri_1800cal' is clicked on

2019-04-30 11:07:32 - [MESSAGE][PASSED] - Object: 'Object Repository/OASIS/Nutritional/nutri_nutrition/nutri_1800cal' is clicked on

2019-04-30 11:07:32 - [TEST_STEP][PASSED] - click(findTestObject("OASIS/Nutritional/nutri_nutrition/nutri_2gmsodium")): Object: 'Object Repository/OASIS/Nutritional/nutri_nutrition/nutri_2gmsodium' is clicked on

2019-04-30 11:07:32 - [MESSAGE][PASSED] - Object: 'Object Repository/OASIS/Nutritional/nutri_nutrition/nutri_2gmsodium' is clicked on

2019-04-30 11:07:32 - [TEST_STEP][PASSED] - click(findTestObject("OASIS/Nutritional/nutri_nutrition/nutri_renaldiet")): Object: 'Object Repository/OASIS/Nutritional/nutri_nutrition/nutri_renaldiet' is clicked on

2019-04-30 11:07:32 - [MESSAGE][PASSED] - Object: 'Object Repository/OASIS/Nutritional/nutri_nutrition/nutri_renaldiet' is clicked on

2019-04-30 11:07:32 - [TEST_STEP][PASSED] - click(findTestObject("OASIS/Nutritional/nutri_nutrition/nutri_fluidrestriction24hrs")): Object: 'Object Repository/OASIS/Nutritional/nutri_nutrition/nutri_fluidrestriction24hrs' is clicked on

2019-04-30 11:07:32 - [MESSAGE][PASSED] - Object: 'Object Repository/OASIS/Nutritional/nutri_nutrition/nutri_fluidrestriction24hrs' is clicked on

2019-04-30 11:07:32 - [TEST_STEP][PASSED] - click(findTestObject("OASIS/Nutritional/nutri_nutrition/nutri_tpnintralipids")): Object: 'Object Repository/OASIS/Nutritional/nutri_nutrition/nutri_tpnintralipids' is clicked on

2019-04-30 11:07:32 - [MESSAGE][PASSED] - Object: 'Object Repository/OASIS/Nutritional/nutri_nutrition/nutri_tpnintralipids' is clicked on

2019-04-30 11:07:32 - [TEST_STEP][PASSED] - click(findTestObject("OASIS/Nutritional/nutri_nutrition/nutri_enteralfeeding")): Object: 'Object Repository/OASIS/Nutritional/nutri_nutrition/nutri_enteralfeeding' is clicked on

2019-04-30 11:07:32 - [MESSAGE][PASSED] - Object: 'Object Repository/OASIS/Nutritional/nutri_nutrition/nutri_enteralfeeding' is clicked on

2019-04-30 11:07:32 - [TEST_STEP][PASSED] - click(findTestObject("OASIS/Nutritional/nutri_nutrition/nutri_othernutrition")): Object: 'Object Repository/OASIS/Nutritional/nutri_nutrition/nutri_othernutrition' is clicked on

2019-04-30 11:07:33 - [MESSAGE][PASSED] - Object: 'Object Repository/OASIS/Nutritional/nutri_nutrition/nutri_othernutrition' is clicked on

2019-04-30 11:07:33 - [TEST_STEP][PASSED] - delay(3): Delayed 3 second(s)

2019-04-30 11:07:36 - [MESSAGE][PASSED] - Delayed 3 second(s)

2019-04-30 11:07:36 - [TEST_STEP][PASSED] - click(findTestObject("OASIS/Nutritional/nutri_nutrition/nutri_other_nutrition/nutri_on_noaddedsalt")): Object: 'Object Repository/OASIS/Nutritional/nutri_nutrition/nutri_other_nutrition/nutri_on_noaddedsalt' is clicked on

2019-04-30 11:07:36 - [MESSAGE][PASSED] - Object: 'Object Repository/OASIS/Nutritional/nutri_nutrition/nutri_other_nutrition/nutri_on_noaddedsalt' is clicked on

2019-04-30 11:07:36 - [TEST_STEP][PASSED] - click(findTestObject("OASIS/Nutritional/nutri_nutrition/nutri_other_nutrition/nutri_on_highprotein")): Object: 'Object Repository/OASIS/Nutritional/nutri_nutrition/nutri_other_nutrition/nutri_on_highprotein' is clicked on

2019-04-30 11:07:36 - [MESSAGE][PASSED] - Object: 'Object Repository/OASIS/Nutritional/nutri_nutrition/nutri_other_nutrition/nutri_on_highprotein' is clicked on

2019-04-30 11:07:36 - [TEST_STEP][PASSED] - click(findTestObject("OASIS/Nutritional/nutri_nutrition/nutri_other_nutrition/nutri_on_lowprotein")): Object: 'Object Repository/OASIS/Nutritional/nutri_nutrition/nutri_other_nutrition/nutri_on_lowprotein' is clicked on

2019-04-30 11:07:36 - [MESSAGE][PASSED] - Object: 'Object Repository/OASIS/Nutritional/nutri_nutrition/nutri_other_nutrition/nutri_on_lowprotein' is clicked on

2019-04-30 11:07:36 - [TEST_STEP][PASSED] - click(findTestObject("OASIS/Nutritional/nutri_nutrition/nutri_other_nutrition/nutri_on_lowfat")): Object: 'Object Repository/OASIS/Nutritional/nutri_nutrition/nutri_other_nutrition/nutri_on_lowfat' is clicked on

2019-04-30 11:07:36 - [MESSAGE][PASSED] - Object: 'Object Repository/OASIS/Nutritional/nutri_nutrition/nutri_other_nutrition/nutri_on_lowfat' is clicked on

2019-04-30 11:07:36 - [TEST_STEP][PASSED] - click(findTestObject("OASIS/Nutritional/nutri_nutrition/nutri_other_nutrition/nutri_on_lowsodium")): Object: 'Object Repository/OASIS/Nutritional/nutri_nutrition/nutri_other_nutrition/nutri_on_lowsodium' is clicked on

2019-04-30 11:07:36 - [MESSAGE][PASSED] - Object: 'Object Repository/OASIS/Nutritional/nutri_nutrition/nutri_other_nutrition/nutri_on_lowsodium' is clicked on

2019-04-30 11:07:36 - [TEST_STEP][PASSED] - click(findTestObject("OASIS/Nutritional/nutri_nutrition/nutri_other_nutrition/nutri_on_lowcholesterol")): Object: 'Object Repository/OASIS/Nutritional/nutri_nutrition/nutri_other_nutrition/nutri_on_lowcholesterol' is clicked on

2019-04-30 11:07:36 - [MESSAGE][PASSED] - Object: 'Object Repository/OASIS/Nutritional/nutri_nutrition/nutri_other_nutrition/nutri_on_lowcholesterol' is clicked on

2019-04-30 11:07:36 - [TEST_STEP][PASSED] - click(findTestObject("OASIS/Nutritional/nutri_nutrition/nutri_other_nutrition/nutri_on_mechanicalsoft")): Object: 'Object Repository/OASIS/Nutritional/nutri_nutrition/nutri_other_nutrition/nutri_on_mechanicalsoft' is clicked on

2019-04-30 11:07:36 - [MESSAGE][PASSED] - Object: 'Object Repository/OASIS/Nutritional/nutri_nutrition/nutri_other_nutrition/nutri_on_mechanicalsoft' is clicked on

2019-04-30 11:07:36 - [TEST_STEP][PASSED] - click(findTestObject("OASIS/Nutritional/nutri_nutrition/nutri_other_nutrition/nutri_on_highfiber")): Object: 'Object Repository/OASIS/Nutritional/nutri_nutrition/nutri_other_nutrition/nutri_on_highfiber' is clicked on

2019-04-30 11:07:37 - [MESSAGE][PASSED] - Object: 'Object Repository/OASIS/Nutritional/nutri_nutrition/nutri_other_nutrition/nutri_on_highfiber' is clicked on

2019-04-30 11:07:37 - [TEST_STEP][PASSED] - click(findTestObject("OASIS/Nutritional/nutri_nutrition/nutri_other_nutrition/nutri_on_coumadindiet")): Object: 'Object Repository/OASIS/Nutritional/nutri_nutrition/nutri_other_nutrition/nutri_on_coumadindiet' is clicked on

2019-04-30 11:07:37 - [MESSAGE][PASSED] - Object: 'Object Repository/OASIS/Nutritional/nutri_nutrition/nutri_other_nutrition/nutri_on_coumadindiet' is clicked on

2019-04-30 11:07:37 - [TEST_STEP][PASSED] - setText(findTestObject("OASIS/Nutritional/nutri_nutrition/nutri_other_nutrition/nutri_on_other"), "Sample text"): Text 'Sample text' is set on object 'Object Repository/OASIS/Nutritional/nutri_nutrition/nutri_other_nutrition/nutri_on_other'

2019-04-30 11:07:37 - [MESSAGE][PASSED] - Text 'Sample text' is set on object 'Object Repository/OASIS/Nutritional/nutri_nutrition/nutri_other_nutrition/nutri_on_other'

2019-04-30 11:07:37 - [TEST_STEP][PASSED] - delay(2): Delayed 2 second(s)

2019-04-30 11:07:39 - [MESSAGE][PASSED] - Delayed 2 second(s)

2019-04-30 11:07:39 - [TEST_STEP][PASSED] - click(findTestObject("OASIS/Nutritional/nutri_enteralnutrition/nutri_en_efvia_gastrostomytube")): Object: 'Object Repository/OASIS/Nutritional/nutri_enteralnutrition/nutri_en_efvia_gastrostomytube' is clicked on

2019-04-30 11:07:39 - [MESSAGE][PASSED] - Object: 'Object Repository/OASIS/Nutritional/nutri_enteralnutrition/nutri_en_efvia_gastrostomytube' is clicked on

2019-04-30 11:07:39 - [TEST_STEP][PASSED] - setText(findTestObject("OASIS/Nutritional/nutri_enteralnutrition/nutri_en_tubeinsertiondate"), "January 2019"): Text 'January 2019' is set on object 'Object Repository/OASIS/Nutritional/nutri_enteralnutrition/nutri_en_tubeinsertiondate'

2019-04-30 11:07:40 - [MESSAGE][PASSED] - Text 'January 2019' is set on object 'Object Repository/OASIS/Nutritional/nutri_enteralnutrition/nutri_en_tubeinsertiondate'

2019-04-30 11:07:40 - [TEST_STEP][PASSED] - delay(3): Delayed 3 second(s)

2019-04-30 11:07:43 - [MESSAGE][PASSED] - Delayed 3 second(s)

2019-04-30 11:07:43 - [TEST_STEP][PASSED] - setText(findTestObject("OASIS/Nutritional/nutri_enteralnutrition/nutri_en_efrequirements/nutri_en_efreqs_formula"), "Peptide Formulas"): Text 'Peptide Formulas' is set on object 'Object Repository/OASIS/Nutritional/nutri_enteralnutrition/nutri_en_efrequirements/nutri_en_efreqs_formula'

2019-04-30 11:07:44 - [MESSAGE][PASSED] - Text 'Peptide Formulas' is set on object 'Object Repository/OASIS/Nutritional/nutri_enteralnutrition/nutri_en_efrequirements/nutri_en_efreqs_formula'

2019-04-30 11:07:44 - [TEST_STEP][PASSED] - setText(findTestObject("OASIS/Nutritional/nutri_enteralnutrition/nutri_en_efrequirements/nutri_en_efreqs_f_amountperday"), "2ml"): Text '2ml' is set on object 'Object Repository/OASIS/Nutritional/nutri_enteralnutrition/nutri_en_efrequirements/nutri_en_efreqs_f_amountperday'

2019-04-30 11:07:44 - [MESSAGE][PASSED] - Text '2ml' is set on object 'Object Repository/OASIS/Nutritional/nutri_enteralnutrition/nutri_en_efrequirements/nutri_en_efreqs_f_amountperday'

2019-04-30 11:07:44 - [TEST_STEP][PASSED] - setText(findTestObject("OASIS/Nutritional/nutri_enteralnutrition/nutri_en_efrequirements/nutri_en_efreqs_liquidsupp"), "Supplemental Formulas"): Text 'Supplemental Formulas' is set on object 'Object Repository/OASIS/Nutritional/nutri_enteralnutrition/nutri_en_efrequirements/nutri_en_efreqs_liquidsupp'

2019-04-30 11:07:45 - [MESSAGE][PASSED] - Text 'Supplemental Formulas' is set on object 'Object Repository/OASIS/Nutritional/nutri_enteralnutrition/nutri_en_efrequirements/nutri_en_efreqs_liquidsupp'

2019-04-30 11:07:45 - [TEST_STEP][PASSED] - setText(findTestObject("OASIS/Nutritional/nutri_enteralnutrition/nutri_en_efrequirements/nutri_en_efreqs_ls_amountperday"), "3 litres"): Text '3 litres' is set on object 'Object Repository/OASIS/Nutritional/nutri_enteralnutrition/nutri_en_efrequirements/nutri_en_efreqs_ls_amountperday'

2019-04-30 11:07:45 - [MESSAGE][PASSED] - Text '3 litres' is set on object 'Object Repository/OASIS/Nutritional/nutri_enteralnutrition/nutri_en_efrequirements/nutri_en_efreqs_ls_amountperday'

2019-04-30 11:07:45 - [TEST_STEP][PASSED] - click(findTestObject("OASIS/Nutritional/nutri_enteralnutrition/nutri_en_efrequirements/nutri_en_efreqs_deliverymode_feedingpump"), STOP_ON_FAILURE): Object: 'Object Repository/OASIS/Nutritional/nutri_enteralnutrition/nutri_en_efrequirements/nutri_en_efreqs_deliverymode_feedingpump' is clicked on

2019-04-30 11:07:46 - [MESSAGE][PASSED] - Object: 'Object Repository/OASIS/Nutritional/nutri_enteralnutrition/nutri_en_efrequirements/nutri_en_efreqs_deliverymode_feedingpump' is clicked on

2019-04-30 11:07:46 - [TEST_STEP][PASSED] - click(findTestObject("OASIS/Nutritional/nutri_enteralnutrition/nutri_en_efrequirements/nutri_en_efreqs_deliverysystem_opensystem"), STOP_ON_FAILURE): Object: 'Object Repository/OASIS/Nutritional/nutri_enteralnutrition/nutri_en_efrequirements/nutri_en_efreqs_deliverysystem_opensystem' is clicked on

2019-04-30 11:07:46 - [MESSAGE][PASSED] - Object: 'Object Repository/OASIS/Nutritional/nutri_enteralnutrition/nutri_en_efrequirements/nutri_en_efreqs_deliverysystem_opensystem' is clicked on

2019-04-30 11:07:46 - [TEST_STEP][PASSED] - setText(findTestObject("OASIS/Nutritional/nutri_enteralnutrition/nutri_en_efrequirements/nutri_en_efreqs_feedingpump_ml"), "3"): Text '3' is set on object 'Object Repository/OASIS/Nutritional/nutri_enteralnutrition/nutri_en_efrequirements/nutri_en_efreqs_feedingpump_ml'

2019-04-30 11:07:46 - [MESSAGE][PASSED] - Text '3' is set on object 'Object Repository/OASIS/Nutritional/nutri_enteralnutrition/nutri_en_efrequirements/nutri_en_efreqs_feedingpump_ml'

2019-04-30 11:07:46 - [TEST_STEP][PASSED] - setText(findTestObject("OASIS/Nutritional/nutri_enteralnutrition/nutri_en_efrequirements/nutri_en_efreqs_feedingpump_hours"), "48"): Text '48' is set on object 'Object Repository/OASIS/Nutritional/nutri_enteralnutrition/nutri_en_efrequirements/nutri_en_efreqs_feedingpump_hours'

2019-04-30 11:07:46 - [MESSAGE][PASSED] - Text '48' is set on object 'Object Repository/OASIS/Nutritional/nutri_enteralnutrition/nutri_en_efrequirements/nutri_en_efreqs_feedingpump_hours'

2019-04-30 11:07:46 - [TEST_STEP][PASSED] - click(findTestObject("OASIS/Nutritional/nutri_enteralnutrition/nutri_en_efrequirements/nutri_en_efreqs_patientnpo_yes"), STOP_ON_FAILURE): Object: 'Object Repository/OASIS/Nutritional/nutri_enteralnutrition/nutri_en_efrequirements/nutri_en_efreqs_patientnpo_yes' is clicked on

2019-04-30 11:07:46 - [MESSAGE][PASSED] - Object: 'Object Repository/OASIS/Nutritional/nutri_enteralnutrition/nutri_en_efrequirements/nutri_en_efreqs_patientnpo_yes' is clicked on

2019-04-30 11:07:46 - [TEST_STEP][PASSED] - setText(findTestObject("OASIS/Nutritional/nutri_enteralnutrition/nutri_en_efrequirements/nutri_en_efreqs_patientnpo_tf"), "Sample text"): Text 'Sample text' is set on object 'Object Repository/OASIS/Nutritional/nutri_enteralnutrition/nutri_en_efrequirements/nutri_en_efreqs_patientnpo_tf'

2019-04-30 11:07:47 - [MESSAGE][PASSED] - Text 'Sample text' is set on object 'Object Repository/OASIS/Nutritional/nutri_enteralnutrition/nutri_en_efrequirements/nutri_en_efreqs_patientnpo_tf'

2019-04-30 11:07:47 - [TEST_STEP][PASSED] - click(findTestObject("OASIS/Nutritional/nutri_enteralnutrition/nutri_en_efrequirements/nutri_en_efreqs_patienttoleratingfeeding_yes"), STOP_ON_FAILURE): Object: 'Object Repository/OASIS/Nutritional/nutri_enteralnutrition/nutri_en_efrequirements/nutri_en_efreqs_patienttoleratingfeeding_yes' is clicked on

2019-04-30 11:07:47 - [MESSAGE][PASSED] - Object: 'Object Repository/OASIS/Nutritional/nutri_enteralnutrition/nutri_en_efrequirements/nutri_en_efreqs_patienttoleratingfeeding_yes' is clicked on

2019-04-30 11:07:47 - [TEST_STEP][PASSED] - setText(findTestObject("OASIS/Nutritional/nutri_enteralnutrition/nutri_en_efrequirements/nutri_en_efreqs_patienttoleratingfeeding_tf"), "Sample text"): Text 'Sample text' is set on object 'Object Repository/OASIS/Nutritional/nutri_enteralnutrition/nutri_en_efrequirements/nutri_en_efreqs_patienttoleratingfeeding_tf'

2019-04-30 11:07:47 - [MESSAGE][PASSED] - Text 'Sample text' is set on object 'Object Repository/OASIS/Nutritional/nutri_enteralnutrition/nutri_en_efrequirements/nutri_en_efreqs_patienttoleratingfeeding_tf'

2019-04-30 11:07:47 - [TEST_STEP][PASSED] - setText(findTestObject("OASIS/Nutritional/nutri_enteralnutrition/nutri_en_efrequirements/nutri_en_efreqs_gastric_amountml"), "2"): Text '2' is set on object 'Object Repository/OASIS/Nutritional/nutri_enteralnutrition/nutri_en_efrequirements/nutri_en_efreqs_gastric_amountml'

2019-04-30 11:07:48 - [MESSAGE][PASSED] - Text '2' is set on object 'Object Repository/OASIS/Nutritional/nutri_enteralnutrition/nutri_en_efrequirements/nutri_en_efreqs_gastric_amountml'

2019-04-30 11:07:48 - [TEST_STEP][PASSED] - setText(findTestObject("OASIS/Nutritional/nutri_enteralnutrition/nutri_en_efrequirements/nutri_en_efreqs_gastric_hours"), "4"): Text '4' is set on object 'Object Repository/OASIS/Nutritional/nutri_enteralnutrition/nutri_en_efrequirements/nutri_en_efreqs_gastric_hours'

2019-04-30 11:07:48 - [MESSAGE][PASSED] - Text '4' is set on object 'Object Repository/OASIS/Nutritional/nutri_enteralnutrition/nutri_en_efrequirements/nutri_en_efreqs_gastric_hours'

2019-04-30 11:07:48 - [TEST_STEP][PASSED] - setText(findTestObject("OASIS/Nutritional/nutri_enteralnutrition/nutri_en_efrequirements/nutri_en_efreqs_gastric_overml"), "1"): Text '1' is set on object 'Object Repository/OASIS/Nutritional/nutri_enteralnutrition/nutri_en_efrequirements/nutri_en_efreqs_gastric_overml'

2019-04-30 11:07:48 - [MESSAGE][PASSED] - Text '1' is set on object 'Object Repository/OASIS/Nutritional/nutri_enteralnutrition/nutri_en_efrequirements/nutri_en_efreqs_gastric_overml'

2019-04-30 11:07:48 - [TEST_STEP][PASSED] - click(findTestObject("OASIS/Nutritional/nutri_enteralnutrition/nutri_en_efrequirements/nutri_en_efreqs_problemsostomysite_yes"), STOP_ON_FAILURE): Object: 'Object Repository/OASIS/Nutritional/nutri_enteralnutrition/nutri_en_efrequirements/nutri_en_efreqs_problemsostomysite_yes' is clicked on

2019-04-30 11:07:48 - [MESSAGE][PASSED] - Object: 'Object Repository/OASIS/Nutritional/nutri_enteralnutrition/nutri_en_efrequirements/nutri_en_efreqs_problemsostomysite_yes' is clicked on

2019-04-30 11:07:48 - [TEST_STEP][PASSED] - setText(findTestObject("OASIS/Nutritional/nutri_enteralnutrition/nutri_en_efrequirements/nutri_en_efreqs_problemsostomysite_tf"), "Sample text"): Text 'Sample text' is set on object 'Object Repository/OASIS/Nutritional/nutri_enteralnutrition/nutri_en_efrequirements/nutri_en_efreqs_problemsostomysite_tf'

2019-04-30 11:07:48 - [MESSAGE][PASSED] - Text 'Sample text' is set on object 'Object Repository/OASIS/Nutritional/nutri_enteralnutrition/nutri_en_efrequirements/nutri_en_efreqs_problemsostomysite_tf'

2019-04-30 11:07:48 - [TEST_STEP][PASSED] - click(findTestObject("OASIS/Nutritional/nutri_enteralnutrition/nutri_en_efrequirements/nutri_en_efreqs_paininostomysite_yes"), STOP_ON_FAILURE): Object: 'Object Repository/OASIS/Nutritional/nutri_enteralnutrition/nutri_en_efrequirements/nutri_en_efreqs_paininostomysite_yes' is clicked on

2019-04-30 11:07:49 - [MESSAGE][PASSED] - Object: 'Object Repository/OASIS/Nutritional/nutri_enteralnutrition/nutri_en_efrequirements/nutri_en_efreqs_paininostomysite_yes' is clicked on

2019-04-30 11:07:49 - [TEST_STEP][PASSED] - setText(findTestObject("OASIS/Nutritional/nutri_enteralnutrition/nutri_en_efrequirements/nutri_en_efreqs_paininostomysite_tf"), "Sample text"): Text 'Sample text' is set on object 'Object Repository/OASIS/Nutritional/nutri_enteralnutrition/nutri_en_efrequirements/nutri_en_efreqs_paininostomysite_tf'

2019-04-30 11:07:49 - [MESSAGE][PASSED] - Text 'Sample text' is set on object 'Object Repository/OASIS/Nutritional/nutri_enteralnutrition/nutri_en_efrequirements/nutri_en_efreqs_paininostomysite_tf'

2019-04-30 11:07:49 - [TEST_STEP][PASSED] - click(findTestObject("OASIS/Nutritional/nutri_enteralnutrition/nutri_en_efrequirements/nutri_en_efreqs_leakage_yes"), STOP_ON_FAILURE): Object: 'Object Repository/OASIS/Nutritional/nutri_enteralnutrition/nutri_en_efrequirements/nutri_en_efreqs_leakage_yes' is clicked on

2019-04-30 11:07:49 - [MESSAGE][PASSED] - Object: 'Object Repository/OASIS/Nutritional/nutri_enteralnutrition/nutri_en_efrequirements/nutri_en_efreqs_leakage_yes' is clicked on

2019-04-30 11:07:49 - [TEST_STEP][PASSED] - setText(findTestObject("OASIS/Nutritional/nutri_enteralnutrition/nutri_en_efrequirements/nutri_en_efreqs_leakage_tf"), "Sample text"): Text 'Sample text' is set on object 'Object Repository/OASIS/Nutritional/nutri_enteralnutrition/nutri_en_efrequirements/nutri_en_efreqs_leakage_tf'

2019-04-30 11:07:50 - [MESSAGE][PASSED] - Text 'Sample text' is set on object 'Object Repository/OASIS/Nutritional/nutri_enteralnutrition/nutri_en_efrequirements/nutri_en_efreqs_leakage_tf'

2019-04-30 11:07:50 - [TEST_STEP][PASSED] - click(findTestObject("OASIS/Nutritional/nutri_enteralnutrition/nutri_en_efrequirements/nutri_en_efreqs_feedingostomycare_caregiver"), STOP_ON_FAILURE): Object: 'Object Repository/OASIS/Nutritional/nutri_enteralnutrition/nutri_en_efrequirements/nutri_en_efreqs_feedingostomycare_caregiver' is clicked on

2019-04-30 11:07:50 - [MESSAGE][PASSED] - Object: 'Object Repository/OASIS/Nutritional/nutri_enteralnutrition/nutri_en_efrequirements/nutri_en_efreqs_feedingostomycare_caregiver' is clicked on

2019-04-30 11:07:50 - [TEST_STEP][PASSED] - click(findTestObject("OASIS/Nutritional/nutri_enteralnutrition/nutri_en_efrequirements/nutri_en_efreqs_mdnotified_yes"), STOP_ON_FAILURE): Object: 'Object Repository/OASIS/Nutritional/nutri_enteralnutrition/nutri_en_efrequirements/nutri_en_efreqs_mdnotified_yes' is clicked on

2019-04-30 11:07:50 - [MESSAGE][PASSED] - Object: 'Object Repository/OASIS/Nutritional/nutri_enteralnutrition/nutri_en_efrequirements/nutri_en_efreqs_mdnotified_yes' is clicked on

2019-04-30 11:07:50 - [TEST_STEP][PASSED] - delay(5): Delayed 5 second(s)

2019-04-30 11:07:55 - [MESSAGE][PASSED] - Delayed 5 second(s)

2019-04-30 11:07:55 - [TEST_STEP][PASSED] - click(findTestObject("OASIS/OASIS_TABS/discardchangesbtn")): Object: 'Object Repository/OASIS/OASIS_TABS/discardchangesbtn' is clicked on

2019-04-30 11:07:55 - [MESSAGE][PASSED] - Object: 'Object Repository/OASIS/OASIS_TABS/discardchangesbtn' is clicked on

2019-04-30 11:07:55 - [TEST_STEP][PASSED] - delay(2): Delayed 2 second(s)

2019-04-30 11:07:57 - [MESSAGE][PASSED] - Delayed 2 second(s)

2019-04-30 11:07:57 - [TEST_STEP][PASSED] - click(findTestObject("OASIS/OASIS_TABS/discardchangesmodalbtn")): Object: 'Object Repository/OASIS/OASIS_TABS/discardchangesmodalbtn' is clicked on

2019-04-30 11:07:57 - [MESSAGE][PASSED] - Object: 'Object Repository/OASIS/OASIS_TABS/discardchangesmodalbtn' is clicked on

2019-04-30 11:07:57 - [TEST_STEP][PASSED] - delay(5): Delayed 5 second(s)

2019-04-30 11:08:02 - [MESSAGE][PASSED] - Delayed 5 second(s)]]></system-out>
         <system-err><![CDATA[]]></system-err>
      </testcase>
      <testcase name="Test Cases/OASIS_SOC/Elimination" classname="Test Cases/OASIS_SOC/Elimination" status="PASSED">
         <system-out><![CDATA[2019-04-30 11:08:02 - [TEST_CASE][PASSED] - Test Cases/OASIS_SOC/Elimination: Test Cases/OASIS_SOC/Elimination

2019-04-30 11:08:02 - [TEST_STEP][PASSED] - click(findTestObject("OASIS/OASIS_TABS/Elimination_tab")): Object: 'Object Repository/OASIS/OASIS_TABS/Elimination_tab' is clicked on

2019-04-30 11:08:02 - [MESSAGE][PASSED] - Object: 'Object Repository/OASIS/OASIS_TABS/Elimination_tab' is clicked on

2019-04-30 11:08:02 - [TEST_STEP][PASSED] - delay(1): Delayed 1 second(s)

2019-04-30 11:08:03 - [MESSAGE][PASSED] - Delayed 1 second(s)

2019-04-30 11:08:03 - [TEST_STEP][PASSED] - click(findTestObject("OASIS/Elimination/genitourinary_status/elim_abnormal_status_incontinence")): Object: 'Object Repository/OASIS/Elimination/genitourinary_status/elim_abnormal_status_incontinence' is clicked on

2019-04-30 11:08:05 - [MESSAGE][PASSED] - Object: 'Object Repository/OASIS/Elimination/genitourinary_status/elim_abnormal_status_incontinence' is clicked on

2019-04-30 11:08:05 - [TEST_STEP][PASSED] - click(findTestObject("OASIS/Elimination/genitourinary_status/elim_abnormal_status_stress_incontinence")): Object: 'Object Repository/OASIS/Elimination/genitourinary_status/elim_abnormal_status_stress_incontinence' is clicked on

2019-04-30 11:08:05 - [MESSAGE][PASSED] - Object: 'Object Repository/OASIS/Elimination/genitourinary_status/elim_abnormal_status_stress_incontinence' is clicked on

2019-04-30 11:08:05 - [TEST_STEP][PASSED] - click(findTestObject("OASIS/Elimination/genitourinary_status/elim_abnormal_status_urgency")): Object: 'Object Repository/OASIS/Elimination/genitourinary_status/elim_abnormal_status_urgency' is clicked on

2019-04-30 11:08:05 - [MESSAGE][PASSED] - Object: 'Object Repository/OASIS/Elimination/genitourinary_status/elim_abnormal_status_urgency' is clicked on

2019-04-30 11:08:05 - [TEST_STEP][PASSED] - click(findTestObject("OASIS/Elimination/genitourinary_status/elim_abnormal_status_frequency")): Object: 'Object Repository/OASIS/Elimination/genitourinary_status/elim_abnormal_status_frequency' is clicked on

2019-04-30 11:08:05 - [MESSAGE][PASSED] - Object: 'Object Repository/OASIS/Elimination/genitourinary_status/elim_abnormal_status_frequency' is clicked on

2019-04-30 11:08:05 - [TEST_STEP][PASSED] - click(findTestObject("OASIS/Elimination/genitourinary_status/elim_abnormal_status_dysuria")): Object: 'Object Repository/OASIS/Elimination/genitourinary_status/elim_abnormal_status_dysuria' is clicked on

2019-04-30 11:08:05 - [MESSAGE][PASSED] - Object: 'Object Repository/OASIS/Elimination/genitourinary_status/elim_abnormal_status_dysuria' is clicked on

2019-04-30 11:08:05 - [TEST_STEP][PASSED] - click(findTestObject("OASIS/Elimination/genitourinary_status/elim_abnormal_status_retention")): Object: 'Object Repository/OASIS/Elimination/genitourinary_status/elim_abnormal_status_retention' is clicked on

2019-04-30 11:08:06 - [MESSAGE][PASSED] - Object: 'Object Repository/OASIS/Elimination/genitourinary_status/elim_abnormal_status_retention' is clicked on

2019-04-30 11:08:06 - [TEST_STEP][PASSED] - click(findTestObject("OASIS/Elimination/genitourinary_status/elim_abnormal_status_polyuria")): Object: 'Object Repository/OASIS/Elimination/genitourinary_status/elim_abnormal_status_polyuria' is clicked on

2019-04-30 11:08:06 - [MESSAGE][PASSED] - Object: 'Object Repository/OASIS/Elimination/genitourinary_status/elim_abnormal_status_polyuria' is clicked on

2019-04-30 11:08:06 - [TEST_STEP][PASSED] - click(findTestObject("OASIS/Elimination/genitourinary_status/elim_abnormal_status_nocturia")): Object: 'Object Repository/OASIS/Elimination/genitourinary_status/elim_abnormal_status_nocturia' is clicked on

2019-04-30 11:08:06 - [MESSAGE][PASSED] - Object: 'Object Repository/OASIS/Elimination/genitourinary_status/elim_abnormal_status_nocturia' is clicked on

2019-04-30 11:08:06 - [TEST_STEP][PASSED] - click(findTestObject("OASIS/Elimination/genitourinary_status/elim_abnormal_status_oliguria")): Object: 'Object Repository/OASIS/Elimination/genitourinary_status/elim_abnormal_status_oliguria' is clicked on

2019-04-30 11:08:06 - [MESSAGE][PASSED] - Object: 'Object Repository/OASIS/Elimination/genitourinary_status/elim_abnormal_status_oliguria' is clicked on

2019-04-30 11:08:06 - [TEST_STEP][PASSED] - click(findTestObject("OASIS/Elimination/genitourinary_status/elim_abnormal_status_hematuria")): Object: 'Object Repository/OASIS/Elimination/genitourinary_status/elim_abnormal_status_hematuria' is clicked on

2019-04-30 11:08:06 - [MESSAGE][PASSED] - Object: 'Object Repository/OASIS/Elimination/genitourinary_status/elim_abnormal_status_hematuria' is clicked on

2019-04-30 11:08:06 - [TEST_STEP][PASSED] - setText(findTestObject("OASIS/Elimination/genitourinary_status/elim_abnormal_status_other"), "Xenoderma Pigmentosium"): Text 'Xenoderma Pigmentosium' is set on object 'Object Repository/OASIS/Elimination/genitourinary_status/elim_abnormal_status_other'

2019-04-30 11:08:07 - [MESSAGE][PASSED] - Text 'Xenoderma Pigmentosium' is set on object 'Object Repository/OASIS/Elimination/genitourinary_status/elim_abnormal_status_other'

2019-04-30 11:08:07 - [TEST_STEP][PASSED] - delay(1): Delayed 1 second(s)

2019-04-30 11:08:08 - [MESSAGE][PASSED] - Delayed 1 second(s)

2019-04-30 11:08:08 - [TEST_STEP][PASSED] - click(findTestObject("OASIS/Elimination/genitourinary_status/elim_urine_color_yellow")): Object: 'Object Repository/OASIS/Elimination/genitourinary_status/elim_urine_color_yellow' is clicked on

2019-04-30 11:08:08 - [MESSAGE][PASSED] - Object: 'Object Repository/OASIS/Elimination/genitourinary_status/elim_urine_color_yellow' is clicked on

2019-04-30 11:08:08 - [TEST_STEP][PASSED] - delay(1): Delayed 1 second(s)

2019-04-30 11:08:09 - [MESSAGE][PASSED] - Delayed 1 second(s)

2019-04-30 11:08:09 - [TEST_STEP][PASSED] - setText(findTestObject("OASIS/Elimination/genitourinary_status/elim_urine_color_other"), "Reddish Yellow"): Text 'Reddish Yellow' is set on object 'Object Repository/OASIS/Elimination/genitourinary_status/elim_urine_color_other'

2019-04-30 11:08:10 - [MESSAGE][PASSED] - Text 'Reddish Yellow' is set on object 'Object Repository/OASIS/Elimination/genitourinary_status/elim_urine_color_other'

2019-04-30 11:08:10 - [TEST_STEP][PASSED] - delay(1): Delayed 1 second(s)

2019-04-30 11:08:11 - [MESSAGE][PASSED] - Delayed 1 second(s)

2019-04-30 11:08:11 - [TEST_STEP][PASSED] - click(findTestObject("OASIS/Elimination/genitourinary_status/elim_urine_clarity_clear")): Object: 'Object Repository/OASIS/Elimination/genitourinary_status/elim_urine_clarity_clear' is clicked on

2019-04-30 11:08:12 - [MESSAGE][PASSED] - Object: 'Object Repository/OASIS/Elimination/genitourinary_status/elim_urine_clarity_clear' is clicked on

2019-04-30 11:08:12 - [TEST_STEP][PASSED] - delay(1): Delayed 1 second(s)

2019-04-30 11:08:13 - [MESSAGE][PASSED] - Delayed 1 second(s)

2019-04-30 11:08:13 - [TEST_STEP][PASSED] - click(findTestObject("OASIS/Elimination/genitourinary_status/elim_urine_odor_yes")): Object: 'Object Repository/OASIS/Elimination/genitourinary_status/elim_urine_odor_yes' is clicked on

2019-04-30 11:08:13 - [MESSAGE][PASSED] - Object: 'Object Repository/OASIS/Elimination/genitourinary_status/elim_urine_odor_yes' is clicked on

2019-04-30 11:08:13 - [TEST_STEP][PASSED] - delay(1): Delayed 1 second(s)

2019-04-30 11:08:14 - [MESSAGE][PASSED] - Delayed 1 second(s)

2019-04-30 11:08:14 - [TEST_STEP][PASSED] - setText(findTestObject("OASIS/Elimination/genitourinary_status/elim_urine_odor_yes_textfield"), "Foul"): Text 'Foul' is set on object 'Object Repository/OASIS/Elimination/genitourinary_status/elim_urine_odor_yes_textfield'

2019-04-30 11:08:14 - [MESSAGE][PASSED] - Text 'Foul' is set on object 'Object Repository/OASIS/Elimination/genitourinary_status/elim_urine_odor_yes_textfield'

2019-04-30 11:08:14 - [TEST_STEP][PASSED] - delay(1): Delayed 1 second(s)

2019-04-30 11:08:15 - [MESSAGE][PASSED] - Delayed 1 second(s)

2019-04-30 11:08:15 - [TEST_STEP][PASSED] - click(findTestObject("OASIS/Elimination/genitourinary_status/elim_spx_hemo")): Object: 'Object Repository/OASIS/Elimination/genitourinary_status/elim_spx_hemo' is clicked on

2019-04-30 11:08:15 - [MESSAGE][PASSED] - Object: 'Object Repository/OASIS/Elimination/genitourinary_status/elim_spx_hemo' is clicked on

2019-04-30 11:08:15 - [TEST_STEP][PASSED] - delay(1): Delayed 1 second(s)

2019-04-30 11:08:16 - [MESSAGE][PASSED] - Delayed 1 second(s)

2019-04-30 11:08:16 - [TEST_STEP][PASSED] - click(findTestObject("OASIS/Elimination/genitourinary_status/elim_spx_hemodialysis/elim_hemodialysis_avshunt_ra")): Object: 'Object Repository/OASIS/Elimination/genitourinary_status/elim_spx_hemodialysis/elim_hemodialysis_avshunt_ra' is clicked on

2019-04-30 11:08:16 - [MESSAGE][PASSED] - Object: 'Object Repository/OASIS/Elimination/genitourinary_status/elim_spx_hemodialysis/elim_hemodialysis_avshunt_ra' is clicked on

2019-04-30 11:08:16 - [TEST_STEP][PASSED] - delay(1): Delayed 1 second(s)

2019-04-30 11:08:17 - [MESSAGE][PASSED] - Delayed 1 second(s)

2019-04-30 11:08:17 - [TEST_STEP][PASSED] - setText(findTestObject("OASIS/Elimination/genitourinary_status/elim_spx_hemodialysis/elim_hemodialysis_other"), "RA/LA"): Text 'RA/LA' is set on object 'Object Repository/OASIS/Elimination/genitourinary_status/elim_spx_hemodialysis/elim_hemodialysis_other'

2019-04-30 11:08:18 - [MESSAGE][PASSED] - Text 'RA/LA' is set on object 'Object Repository/OASIS/Elimination/genitourinary_status/elim_spx_hemodialysis/elim_hemodialysis_other'

2019-04-30 11:08:18 - [TEST_STEP][PASSED] - delay(1): Delayed 1 second(s)

2019-04-30 11:08:19 - [MESSAGE][PASSED] - Delayed 1 second(s)

2019-04-30 11:08:19 - [TEST_STEP][PASSED] - click(findTestObject("OASIS/Elimination/genitourinary_status/elim_spx_hemodialysis/elim_hemodialysis_thrill_yes")): Object: 'Object Repository/OASIS/Elimination/genitourinary_status/elim_spx_hemodialysis/elim_hemodialysis_thrill_yes' is clicked on

2019-04-30 11:08:19 - [MESSAGE][PASSED] - Object: 'Object Repository/OASIS/Elimination/genitourinary_status/elim_spx_hemodialysis/elim_hemodialysis_thrill_yes' is clicked on

2019-04-30 11:08:19 - [TEST_STEP][PASSED] - delay(1): Delayed 1 second(s)

2019-04-30 11:08:20 - [MESSAGE][PASSED] - Delayed 1 second(s)

2019-04-30 11:08:20 - [TEST_STEP][PASSED] - click(findTestObject("OASIS/Elimination/genitourinary_status/elim_spx_hemodialysis/elim_hemodialysis_bruit_yes")): Object: 'Object Repository/OASIS/Elimination/genitourinary_status/elim_spx_hemodialysis/elim_hemodialysis_bruit_yes' is clicked on

2019-04-30 11:08:20 - [MESSAGE][PASSED] - Object: 'Object Repository/OASIS/Elimination/genitourinary_status/elim_spx_hemodialysis/elim_hemodialysis_bruit_yes' is clicked on

2019-04-30 11:08:20 - [TEST_STEP][PASSED] - delay(1): Delayed 1 second(s)

2019-04-30 11:08:21 - [MESSAGE][PASSED] - Delayed 1 second(s)

2019-04-30 11:08:21 - [TEST_STEP][PASSED] - setText(findTestObject("OASIS/Elimination/genitourinary_status/elim_spx_hemodialysis/elim_hemodialysis_avshunt_care"), "Sample Text"): Text 'Sample Text' is set on object 'Object Repository/OASIS/Elimination/genitourinary_status/elim_spx_hemodialysis/elim_hemodialysis_avshunt_care'

2019-04-30 11:08:22 - [MESSAGE][PASSED] - Text 'Sample Text' is set on object 'Object Repository/OASIS/Elimination/genitourinary_status/elim_spx_hemodialysis/elim_hemodialysis_avshunt_care'

2019-04-30 11:08:22 - [TEST_STEP][PASSED] - delay(1): Delayed 1 second(s)

2019-04-30 11:08:23 - [MESSAGE][PASSED] - Delayed 1 second(s)

2019-04-30 11:08:23 - [TEST_STEP][PASSED] - click(findTestObject("OASIS/Elimination/genitourinary_status/elim_spx_hemodialysis/elim_hemodialysis_dsched_mon")): Object: 'Object Repository/OASIS/Elimination/genitourinary_status/elim_spx_hemodialysis/elim_hemodialysis_dsched_mon' is clicked on

2019-04-30 11:08:23 - [MESSAGE][PASSED] - Object: 'Object Repository/OASIS/Elimination/genitourinary_status/elim_spx_hemodialysis/elim_hemodialysis_dsched_mon' is clicked on

2019-04-30 11:08:23 - [TEST_STEP][PASSED] - click(findTestObject("OASIS/Elimination/genitourinary_status/elim_spx_hemodialysis/elim_hemodialysis_dsched_tue")): Object: 'Object Repository/OASIS/Elimination/genitourinary_status/elim_spx_hemodialysis/elim_hemodialysis_dsched_tue' is clicked on

2019-04-30 11:08:23 - [MESSAGE][PASSED] - Object: 'Object Repository/OASIS/Elimination/genitourinary_status/elim_spx_hemodialysis/elim_hemodialysis_dsched_tue' is clicked on

2019-04-30 11:08:23 - [TEST_STEP][PASSED] - click(findTestObject("OASIS/Elimination/genitourinary_status/elim_spx_hemodialysis/elim_hemodialysis_dsched_wed")): Object: 'Object Repository/OASIS/Elimination/genitourinary_status/elim_spx_hemodialysis/elim_hemodialysis_dsched_wed' is clicked on

2019-04-30 11:08:23 - [MESSAGE][PASSED] - Object: 'Object Repository/OASIS/Elimination/genitourinary_status/elim_spx_hemodialysis/elim_hemodialysis_dsched_wed' is clicked on

2019-04-30 11:08:23 - [TEST_STEP][PASSED] - click(findTestObject("OASIS/Elimination/genitourinary_status/elim_spx_hemodialysis/elim_hemodialysis_dsched_thu")): Object: 'Object Repository/OASIS/Elimination/genitourinary_status/elim_spx_hemodialysis/elim_hemodialysis_dsched_thu' is clicked on

2019-04-30 11:08:23 - [MESSAGE][PASSED] - Object: 'Object Repository/OASIS/Elimination/genitourinary_status/elim_spx_hemodialysis/elim_hemodialysis_dsched_thu' is clicked on

2019-04-30 11:08:23 - [TEST_STEP][PASSED] - click(findTestObject("OASIS/Elimination/genitourinary_status/elim_spx_hemodialysis/elim_hemodialysis_dsched_fri")): Object: 'Object Repository/OASIS/Elimination/genitourinary_status/elim_spx_hemodialysis/elim_hemodialysis_dsched_fri' is clicked on

2019-04-30 11:08:24 - [MESSAGE][PASSED] - Object: 'Object Repository/OASIS/Elimination/genitourinary_status/elim_spx_hemodialysis/elim_hemodialysis_dsched_fri' is clicked on

2019-04-30 11:08:24 - [TEST_STEP][PASSED] - click(findTestObject("OASIS/Elimination/genitourinary_status/elim_spx_hemodialysis/elim_hemodialysis_dsched_sat")): Object: 'Object Repository/OASIS/Elimination/genitourinary_status/elim_spx_hemodialysis/elim_hemodialysis_dsched_sat' is clicked on

2019-04-30 11:08:24 - [MESSAGE][PASSED] - Object: 'Object Repository/OASIS/Elimination/genitourinary_status/elim_spx_hemodialysis/elim_hemodialysis_dsched_sat' is clicked on

2019-04-30 11:08:24 - [TEST_STEP][PASSED] - click(findTestObject("OASIS/Elimination/genitourinary_status/elim_spx_hemodialysis/elim_hemodialysis_dsched_sun")): Object: 'Object Repository/OASIS/Elimination/genitourinary_status/elim_spx_hemodialysis/elim_hemodialysis_dsched_sun' is clicked on

2019-04-30 11:08:24 - [MESSAGE][PASSED] - Object: 'Object Repository/OASIS/Elimination/genitourinary_status/elim_spx_hemodialysis/elim_hemodialysis_dsched_sun' is clicked on

2019-04-30 11:08:24 - [TEST_STEP][PASSED] - delay(1): Delayed 1 second(s)

2019-04-30 11:08:25 - [MESSAGE][PASSED] - Delayed 1 second(s)

2019-04-30 11:08:25 - [TEST_STEP][PASSED] - setText(findTestObject("OASIS/Elimination/genitourinary_status/elim_spx_hemodialysis/elim_hemodialysis_dcenter"), "InterMed Dialysis Center"): Text 'InterMed Dialysis Center' is set on object 'Object Repository/OASIS/Elimination/genitourinary_status/elim_spx_hemodialysis/elim_hemodialysis_dcenter'

2019-04-30 11:08:26 - [MESSAGE][PASSED] - Text 'InterMed Dialysis Center' is set on object 'Object Repository/OASIS/Elimination/genitourinary_status/elim_spx_hemodialysis/elim_hemodialysis_dcenter'

2019-04-30 11:08:26 - [TEST_STEP][PASSED] - delay(1): Delayed 1 second(s)

2019-04-30 11:08:27 - [MESSAGE][PASSED] - Delayed 1 second(s)

2019-04-30 11:08:27 - [TEST_STEP][PASSED] - setText(findTestObject("OASIS/Elimination/genitourinary_status/elim_spx_hemodialysis/elim_hemodialysis_phone"), "0452327655"): Text '0452327655' is set on object 'Object Repository/OASIS/Elimination/genitourinary_status/elim_spx_hemodialysis/elim_hemodialysis_phone'

2019-04-30 11:08:28 - [MESSAGE][PASSED] - Text '0452327655' is set on object 'Object Repository/OASIS/Elimination/genitourinary_status/elim_spx_hemodialysis/elim_hemodialysis_phone'

2019-04-30 11:08:28 - [TEST_STEP][PASSED] - delay(1): Delayed 1 second(s)

2019-04-30 11:08:29 - [MESSAGE][PASSED] - Delayed 1 second(s)

2019-04-30 11:08:29 - [TEST_STEP][PASSED] - click(findTestObject("OASIS/Elimination/elim_M1600_0")): Object: 'Object Repository/OASIS/Elimination/elim_M1600_0' is clicked on

2019-04-30 11:08:29 - [MESSAGE][PASSED] - Object: 'Object Repository/OASIS/Elimination/elim_M1600_0' is clicked on

2019-04-30 11:08:29 - [TEST_STEP][PASSED] - delay(1): Delayed 1 second(s)

2019-04-30 11:08:30 - [MESSAGE][PASSED] - Delayed 1 second(s)

2019-04-30 11:08:30 - [TEST_STEP][PASSED] - click(findTestObject("OASIS/Elimination/elim_M1610_0")): Object: 'Object Repository/OASIS/Elimination/elim_M1610_0' is clicked on

2019-04-30 11:08:30 - [MESSAGE][PASSED] - Object: 'Object Repository/OASIS/Elimination/elim_M1610_0' is clicked on

2019-04-30 11:08:30 - [TEST_STEP][PASSED] - delay(1): Delayed 1 second(s)

2019-04-30 11:08:31 - [MESSAGE][PASSED] - Delayed 1 second(s)

2019-04-30 11:08:31 - [TEST_STEP][PASSED] - click(findTestObject("OASIS/Elimination/lower_GI_status/elim_bowel_constipation")): Object: 'Object Repository/OASIS/Elimination/lower_GI_status/elim_bowel_constipation' is clicked on

2019-04-30 11:08:32 - [MESSAGE][PASSED] - Object: 'Object Repository/OASIS/Elimination/lower_GI_status/elim_bowel_constipation' is clicked on

2019-04-30 11:08:32 - [TEST_STEP][PASSED] - delay(1): Delayed 1 second(s)

2019-04-30 11:08:33 - [MESSAGE][PASSED] - Delayed 1 second(s)

2019-04-30 11:08:33 - [TEST_STEP][PASSED] - click(findTestObject("OASIS/Elimination/lower_GI_status/elim_bowel_constipation_chronic")): Object: 'Object Repository/OASIS/Elimination/lower_GI_status/elim_bowel_constipation_chronic' is clicked on

2019-04-30 11:08:33 - [MESSAGE][PASSED] - Object: 'Object Repository/OASIS/Elimination/lower_GI_status/elim_bowel_constipation_chronic' is clicked on

2019-04-30 11:08:33 - [TEST_STEP][PASSED] - delay(1): Delayed 1 second(s)

2019-04-30 11:08:34 - [MESSAGE][PASSED] - Delayed 1 second(s)

2019-04-30 11:08:34 - [TEST_STEP][PASSED] - click(findTestObject("OASIS/Elimination/lower_GI_status/elim_stool_charac_soft")): Object: 'Object Repository/OASIS/Elimination/lower_GI_status/elim_stool_charac_soft' is clicked on

2019-04-30 11:08:34 - [MESSAGE][PASSED] - Object: 'Object Repository/OASIS/Elimination/lower_GI_status/elim_stool_charac_soft' is clicked on

2019-04-30 11:08:34 - [TEST_STEP][PASSED] - delay(1): Delayed 1 second(s)

2019-04-30 11:08:35 - [MESSAGE][PASSED] - Delayed 1 second(s)

2019-04-30 11:08:35 - [TEST_STEP][PASSED] - click(findTestObject("OASIS/Elimination/lower_GI_status/elim_stool_color_grey")): Object: 'Object Repository/OASIS/Elimination/lower_GI_status/elim_stool_color_grey' is clicked on

2019-04-30 11:08:35 - [MESSAGE][PASSED] - Object: 'Object Repository/OASIS/Elimination/lower_GI_status/elim_stool_color_grey' is clicked on

2019-04-30 11:08:35 - [TEST_STEP][PASSED] - delay(1): Delayed 1 second(s)

2019-04-30 11:08:36 - [MESSAGE][PASSED] - Delayed 1 second(s)

2019-04-30 11:08:36 - [TEST_STEP][PASSED] - setText(findTestObject("OASIS/Elimination/lower_GI_status/elim_stool_color_other"), "Blackish Red"): Text 'Blackish Red' is set on object 'Object Repository/OASIS/Elimination/lower_GI_status/elim_stool_color_other'

2019-04-30 11:08:37 - [MESSAGE][PASSED] - Text 'Blackish Red' is set on object 'Object Repository/OASIS/Elimination/lower_GI_status/elim_stool_color_other'

2019-04-30 11:08:37 - [TEST_STEP][PASSED] - delay(1): Delayed 1 second(s)

2019-04-30 11:08:38 - [MESSAGE][PASSED] - Delayed 1 second(s)

2019-04-30 11:08:38 - [TEST_STEP][PASSED] - click(findTestObject("OASIS/Elimination/lower_GI_status/elim_stool_softener_effective")): Object: 'Object Repository/OASIS/Elimination/lower_GI_status/elim_stool_softener_effective' is clicked on

2019-04-30 11:08:38 - [MESSAGE][PASSED] - Object: 'Object Repository/OASIS/Elimination/lower_GI_status/elim_stool_softener_effective' is clicked on

2019-04-30 11:08:38 - [TEST_STEP][PASSED] - delay(1): Delayed 1 second(s)

2019-04-30 11:08:39 - [MESSAGE][PASSED] - Delayed 1 second(s)

2019-04-30 11:08:39 - [TEST_STEP][PASSED] - click(findTestObject("OASIS/Elimination/lower_GI_status/elim_laxative_daily")): Object: 'Object Repository/OASIS/Elimination/lower_GI_status/elim_laxative_daily' is clicked on

2019-04-30 11:08:39 - [MESSAGE][PASSED] - Object: 'Object Repository/OASIS/Elimination/lower_GI_status/elim_laxative_daily' is clicked on

2019-04-30 11:08:39 - [TEST_STEP][PASSED] - delay(1): Delayed 1 second(s)

2019-04-30 11:08:40 - [MESSAGE][PASSED] - Delayed 1 second(s)

2019-04-30 11:08:40 - [TEST_STEP][PASSED] - click(findTestObject("OASIS/Elimination/elim_M1620_1")): Object: 'Object Repository/OASIS/Elimination/elim_M1620_1' is clicked on

2019-04-30 11:08:40 - [MESSAGE][PASSED] - Object: 'Object Repository/OASIS/Elimination/elim_M1620_1' is clicked on

2019-04-30 11:08:40 - [TEST_STEP][PASSED] - delay(1): Delayed 1 second(s)

2019-04-30 11:08:41 - [MESSAGE][PASSED] - Delayed 1 second(s)

2019-04-30 11:08:41 - [TEST_STEP][PASSED] - click(findTestObject("OASIS/Elimination/elim_M1630_1")): Object: 'Object Repository/OASIS/Elimination/elim_M1630_1' is clicked on

2019-04-30 11:08:41 - [MESSAGE][PASSED] - Object: 'Object Repository/OASIS/Elimination/elim_M1630_1' is clicked on

2019-04-30 11:08:41 - [TEST_STEP][PASSED] - delay(5): Delayed 5 second(s)

2019-04-30 11:08:46 - [MESSAGE][PASSED] - Delayed 5 second(s)

2019-04-30 11:08:46 - [TEST_STEP][PASSED] - click(findTestObject("OASIS/OASIS_TABS/discardchangesbtn")): Object: 'Object Repository/OASIS/OASIS_TABS/discardchangesbtn' is clicked on

2019-04-30 11:08:46 - [MESSAGE][PASSED] - Object: 'Object Repository/OASIS/OASIS_TABS/discardchangesbtn' is clicked on

2019-04-30 11:08:46 - [TEST_STEP][PASSED] - delay(2): Delayed 2 second(s)

2019-04-30 11:08:48 - [MESSAGE][PASSED] - Delayed 2 second(s)

2019-04-30 11:08:48 - [TEST_STEP][PASSED] - click(findTestObject("OASIS/OASIS_TABS/discardchangesmodalbtn")): Object: 'Object Repository/OASIS/OASIS_TABS/discardchangesmodalbtn' is clicked on

2019-04-30 11:08:49 - [MESSAGE][PASSED] - Object: 'Object Repository/OASIS/OASIS_TABS/discardchangesmodalbtn' is clicked on

2019-04-30 11:08:49 - [TEST_STEP][PASSED] - delay(5): Delayed 5 second(s)

2019-04-30 11:08:54 - [MESSAGE][PASSED] - Delayed 5 second(s)]]></system-out>
         <system-err><![CDATA[]]></system-err>
      </testcase>
      <testcase name="Test Cases/OASIS_SOC/Neurological" classname="Test Cases/OASIS_SOC/Neurological" status="PASSED">
         <system-out><![CDATA[2019-04-30 11:08:54 - [TEST_CASE][PASSED] - Test Cases/OASIS_SOC/Neurological: Test Cases/OASIS_SOC/Neurological

2019-04-30 11:08:54 - [TEST_STEP][PASSED] - click(findTestObject("OASIS/OASIS_TABS/Neuro_tab")): Object: 'Object Repository/OASIS/OASIS_TABS/Neuro_tab' is clicked on

2019-04-30 11:08:54 - [MESSAGE][PASSED] - Object: 'Object Repository/OASIS/OASIS_TABS/Neuro_tab' is clicked on

2019-04-30 11:08:54 - [TEST_STEP][PASSED] - delay(5): Delayed 5 second(s)

2019-04-30 11:08:59 - [MESSAGE][PASSED] - Delayed 5 second(s)

2019-04-30 11:08:59 - [TEST_STEP][PASSED] - click(findTestObject("OASIS/Neurological/neurological_status/neuro_pupils_perrla")): Object: 'Object Repository/OASIS/Neurological/neurological_status/neuro_pupils_perrla' is clicked on

2019-04-30 11:08:59 - [MESSAGE][PASSED] - Object: 'Object Repository/OASIS/Neurological/neurological_status/neuro_pupils_perrla' is clicked on

2019-04-30 11:08:59 - [TEST_STEP][PASSED] - delay(1): Delayed 1 second(s)

2019-04-30 11:09:00 - [MESSAGE][PASSED] - Delayed 1 second(s)

2019-04-30 11:09:00 - [TEST_STEP][PASSED] - click(findTestObject("OASIS/Neurological/neurological_status/neuro_non-reactive_l")): Object: 'Object Repository/OASIS/Neurological/neurological_status/neuro_non-reactive_l' is clicked on

2019-04-30 11:09:00 - [MESSAGE][PASSED] - Object: 'Object Repository/OASIS/Neurological/neurological_status/neuro_non-reactive_l' is clicked on

2019-04-30 11:09:00 - [TEST_STEP][PASSED] - click(findTestObject("OASIS/Neurological/neurological_status/neuro_non-reactive_r")): Object: 'Object Repository/OASIS/Neurological/neurological_status/neuro_non-reactive_r' is clicked on

2019-04-30 11:09:00 - [MESSAGE][PASSED] - Object: 'Object Repository/OASIS/Neurological/neurological_status/neuro_non-reactive_r' is clicked on

2019-04-30 11:09:00 - [TEST_STEP][PASSED] - delay(1): Delayed 1 second(s)

2019-04-30 11:09:01 - [MESSAGE][PASSED] - Delayed 1 second(s)

2019-04-30 11:09:01 - [TEST_STEP][PASSED] - click(findTestObject("OASIS/Neurological/neurological_status/neuro_mental_status_oriented")): Object: 'Object Repository/OASIS/Neurological/neurological_status/neuro_mental_status_oriented' is clicked on

2019-04-30 11:09:02 - [MESSAGE][PASSED] - Object: 'Object Repository/OASIS/Neurological/neurological_status/neuro_mental_status_oriented' is clicked on

2019-04-30 11:09:02 - [TEST_STEP][PASSED] - click(findTestObject("OASIS/Neurological/neurological_status/neuro_mental_status_forgetful")): Object: 'Object Repository/OASIS/Neurological/neurological_status/neuro_mental_status_forgetful' is clicked on

2019-04-30 11:09:02 - [MESSAGE][PASSED] - Object: 'Object Repository/OASIS/Neurological/neurological_status/neuro_mental_status_forgetful' is clicked on

2019-04-30 11:09:02 - [TEST_STEP][PASSED] - click(findTestObject("OASIS/Neurological/neurological_status/neuro_mental_status_lethargic")): Object: 'Object Repository/OASIS/Neurological/neurological_status/neuro_mental_status_lethargic' is clicked on

2019-04-30 11:09:02 - [MESSAGE][PASSED] - Object: 'Object Repository/OASIS/Neurological/neurological_status/neuro_mental_status_lethargic' is clicked on

2019-04-30 11:09:02 - [TEST_STEP][PASSED] - click(findTestObject("OASIS/Neurological/neurological_status/neuro_mental_status_disoriented")): Object: 'Object Repository/OASIS/Neurological/neurological_status/neuro_mental_status_disoriented' is clicked on

2019-04-30 11:09:02 - [MESSAGE][PASSED] - Object: 'Object Repository/OASIS/Neurological/neurological_status/neuro_mental_status_disoriented' is clicked on

2019-04-30 11:09:02 - [TEST_STEP][PASSED] - click(findTestObject("OASIS/Neurological/neurological_status/neuro_mental_status_depressed")): Object: 'Object Repository/OASIS/Neurological/neurological_status/neuro_mental_status_depressed' is clicked on

2019-04-30 11:09:02 - [MESSAGE][PASSED] - Object: 'Object Repository/OASIS/Neurological/neurological_status/neuro_mental_status_depressed' is clicked on

2019-04-30 11:09:02 - [TEST_STEP][PASSED] - click(findTestObject("OASIS/Neurological/neurological_status/neuro_mental_status_agitated")): Object: 'Object Repository/OASIS/Neurological/neurological_status/neuro_mental_status_agitated' is clicked on

2019-04-30 11:09:02 - [MESSAGE][PASSED] - Object: 'Object Repository/OASIS/Neurological/neurological_status/neuro_mental_status_agitated' is clicked on

2019-04-30 11:09:02 - [TEST_STEP][PASSED] - click(findTestObject("OASIS/Neurological/neurological_status/neuro_mental_status_comatose")): Object: 'Object Repository/OASIS/Neurological/neurological_status/neuro_mental_status_comatose' is clicked on

2019-04-30 11:09:03 - [MESSAGE][PASSED] - Object: 'Object Repository/OASIS/Neurological/neurological_status/neuro_mental_status_comatose' is clicked on

2019-04-30 11:09:03 - [TEST_STEP][PASSED] - setText(findTestObject("OASIS/Neurological/neurological_status/neuro_mental_status_other"), "Frequent signs of aggression"): Text 'Frequent signs of aggression' is set on object 'Object Repository/OASIS/Neurological/neurological_status/neuro_mental_status_other'

2019-04-30 11:09:04 - [MESSAGE][PASSED] - Text 'Frequent signs of aggression' is set on object 'Object Repository/OASIS/Neurological/neurological_status/neuro_mental_status_other'

2019-04-30 11:09:04 - [TEST_STEP][PASSED] - click(findTestObject("OASIS/Neurological/neurological_status/neuro_sleep_inadequate")): Object: 'Object Repository/OASIS/Neurological/neurological_status/neuro_sleep_inadequate' is clicked on

2019-04-30 11:09:04 - [MESSAGE][PASSED] - Object: 'Object Repository/OASIS/Neurological/neurological_status/neuro_sleep_inadequate' is clicked on

2019-04-30 11:09:04 - [TEST_STEP][PASSED] - setText(findTestObject("OASIS/Neurological/neurological_status/neuro_sleep_inadequate_textfield"), "wokes up at 3:15 AM"): Text 'wokes up at 3:15 AM' is set on object 'Object Repository/OASIS/Neurological/neurological_status/neuro_sleep_inadequate_textfield'

2019-04-30 11:09:06 - [MESSAGE][PASSED] - Text 'wokes up at 3:15 AM' is set on object 'Object Repository/OASIS/Neurological/neurological_status/neuro_sleep_inadequate_textfield'

2019-04-30 11:09:06 - [TEST_STEP][PASSED] - delay(1): Delayed 1 second(s)

2019-04-30 11:09:07 - [MESSAGE][PASSED] - Delayed 1 second(s)

2019-04-30 11:09:07 - [TEST_STEP][PASSED] - click(findTestObject("OASIS/Neurological/neurological_status/neuro_hand_grips_strong")): Object: 'Object Repository/OASIS/Neurological/neurological_status/neuro_hand_grips_strong' is clicked on

2019-04-30 11:09:07 - [MESSAGE][PASSED] - Object: 'Object Repository/OASIS/Neurological/neurological_status/neuro_hand_grips_strong' is clicked on

2019-04-30 11:09:07 - [TEST_STEP][PASSED] - click(findTestObject("OASIS/Neurological/neurological_status/neuro_hand_grips_strong_l")): Object: 'Object Repository/OASIS/Neurological/neurological_status/neuro_hand_grips_strong_l' is clicked on

2019-04-30 11:09:07 - [MESSAGE][PASSED] - Object: 'Object Repository/OASIS/Neurological/neurological_status/neuro_hand_grips_strong_l' is clicked on

2019-04-30 11:09:07 - [TEST_STEP][PASSED] - click(findTestObject("OASIS/Neurological/neurological_status/neuro_hand_grips_strong_r")): Object: 'Object Repository/OASIS/Neurological/neurological_status/neuro_hand_grips_strong_r' is clicked on

2019-04-30 11:09:07 - [MESSAGE][PASSED] - Object: 'Object Repository/OASIS/Neurological/neurological_status/neuro_hand_grips_strong_r' is clicked on

2019-04-30 11:09:07 - [TEST_STEP][PASSED] - delay(1): Delayed 1 second(s)

2019-04-30 11:09:08 - [MESSAGE][PASSED] - Delayed 1 second(s)

2019-04-30 11:09:08 - [TEST_STEP][PASSED] - click(findTestObject("OASIS/Neurological/neurological_status/neuro_hand_grips_weak")): Object: 'Object Repository/OASIS/Neurological/neurological_status/neuro_hand_grips_weak' is clicked on

2019-04-30 11:09:08 - [MESSAGE][PASSED] - Object: 'Object Repository/OASIS/Neurological/neurological_status/neuro_hand_grips_weak' is clicked on

2019-04-30 11:09:08 - [TEST_STEP][PASSED] - click(findTestObject("OASIS/Neurological/neurological_status/neuro_hand_grips_weak_l")): Object: 'Object Repository/OASIS/Neurological/neurological_status/neuro_hand_grips_weak_l' is clicked on

2019-04-30 11:09:08 - [MESSAGE][PASSED] - Object: 'Object Repository/OASIS/Neurological/neurological_status/neuro_hand_grips_weak_l' is clicked on

2019-04-30 11:09:08 - [TEST_STEP][PASSED] - click(findTestObject("OASIS/Neurological/neurological_status/neuro_hand_grips_weak_r")): Object: 'Object Repository/OASIS/Neurological/neurological_status/neuro_hand_grips_weak_r' is clicked on

2019-04-30 11:09:09 - [MESSAGE][PASSED] - Object: 'Object Repository/OASIS/Neurological/neurological_status/neuro_hand_grips_weak_r' is clicked on

2019-04-30 11:09:09 - [TEST_STEP][PASSED] - delay(1): Delayed 1 second(s)

2019-04-30 11:09:10 - [MESSAGE][PASSED] - Delayed 1 second(s)

2019-04-30 11:09:10 - [TEST_STEP][PASSED] - click(findTestObject("OASIS/Neurological/neurological_status/neuro_check_for_weakness")): Object: 'Object Repository/OASIS/Neurological/neurological_status/neuro_check_for_weakness' is clicked on

2019-04-30 11:09:10 - [MESSAGE][PASSED] - Object: 'Object Repository/OASIS/Neurological/neurological_status/neuro_check_for_weakness' is clicked on

2019-04-30 11:09:10 - [TEST_STEP][PASSED] - delay(1): Delayed 1 second(s)

2019-04-30 11:09:11 - [MESSAGE][PASSED] - Delayed 1 second(s)

2019-04-30 11:09:11 - [TEST_STEP][PASSED] - click(findTestObject("OASIS/Neurological/neurological_status/check_for_weakness/c_weak_weakness_ue")): Object: 'Object Repository/OASIS/Neurological/neurological_status/check_for_weakness/c_weak_weakness_ue' is clicked on

2019-04-30 11:09:11 - [MESSAGE][PASSED] - Object: 'Object Repository/OASIS/Neurological/neurological_status/check_for_weakness/c_weak_weakness_ue' is clicked on

2019-04-30 11:09:11 - [TEST_STEP][PASSED] - click(findTestObject("OASIS/Neurological/neurological_status/check_for_weakness/c_weak_weakness_ue_l")): Object: 'Object Repository/OASIS/Neurological/neurological_status/check_for_weakness/c_weak_weakness_ue_l' is clicked on

2019-04-30 11:09:11 - [MESSAGE][PASSED] - Object: 'Object Repository/OASIS/Neurological/neurological_status/check_for_weakness/c_weak_weakness_ue_l' is clicked on

2019-04-30 11:09:11 - [TEST_STEP][PASSED] - click(findTestObject("OASIS/Neurological/neurological_status/check_for_weakness/c_weak_weakness_ue_r")): Object: 'Object Repository/OASIS/Neurological/neurological_status/check_for_weakness/c_weak_weakness_ue_r' is clicked on

2019-04-30 11:09:11 - [MESSAGE][PASSED] - Object: 'Object Repository/OASIS/Neurological/neurological_status/check_for_weakness/c_weak_weakness_ue_r' is clicked on

2019-04-30 11:09:11 - [TEST_STEP][PASSED] - delay(1): Delayed 1 second(s)

2019-04-30 11:09:12 - [MESSAGE][PASSED] - Delayed 1 second(s)

2019-04-30 11:09:12 - [TEST_STEP][PASSED] - click(findTestObject("OASIS/Neurological/neurological_status/check_for_weakness/c_weak_weakness_le")): Object: 'Object Repository/OASIS/Neurological/neurological_status/check_for_weakness/c_weak_weakness_le' is clicked on

2019-04-30 11:09:12 - [MESSAGE][PASSED] - Object: 'Object Repository/OASIS/Neurological/neurological_status/check_for_weakness/c_weak_weakness_le' is clicked on

2019-04-30 11:09:12 - [TEST_STEP][PASSED] - click(findTestObject("OASIS/Neurological/neurological_status/check_for_weakness/c_weak_weakness_le_l")): Object: 'Object Repository/OASIS/Neurological/neurological_status/check_for_weakness/c_weak_weakness_le_l' is clicked on

2019-04-30 11:09:13 - [MESSAGE][PASSED] - Object: 'Object Repository/OASIS/Neurological/neurological_status/check_for_weakness/c_weak_weakness_le_l' is clicked on

2019-04-30 11:09:13 - [TEST_STEP][PASSED] - click(findTestObject("OASIS/Neurological/neurological_status/check_for_weakness/c_weak_weakness_le_r")): Object: 'Object Repository/OASIS/Neurological/neurological_status/check_for_weakness/c_weak_weakness_le_r' is clicked on

2019-04-30 11:09:13 - [MESSAGE][PASSED] - Object: 'Object Repository/OASIS/Neurological/neurological_status/check_for_weakness/c_weak_weakness_le_r' is clicked on

2019-04-30 11:09:13 - [TEST_STEP][PASSED] - delay(1): Delayed 1 second(s)

2019-04-30 11:09:14 - [MESSAGE][PASSED] - Delayed 1 second(s)

2019-04-30 11:09:14 - [TEST_STEP][PASSED] - click(findTestObject("OASIS/Neurological/neurological_status/check_for_weakness/c_weak_paralysis_hemiparesis")): Object: 'Object Repository/OASIS/Neurological/neurological_status/check_for_weakness/c_weak_paralysis_hemiparesis' is clicked on

2019-04-30 11:09:14 - [MESSAGE][PASSED] - Object: 'Object Repository/OASIS/Neurological/neurological_status/check_for_weakness/c_weak_paralysis_hemiparesis' is clicked on

2019-04-30 11:09:14 - [TEST_STEP][PASSED] - click(findTestObject("OASIS/Neurological/neurological_status/check_for_weakness/c_weak_paralysis_hemiparesis_l")): Object: 'Object Repository/OASIS/Neurological/neurological_status/check_for_weakness/c_weak_paralysis_hemiparesis_l' is clicked on

2019-04-30 11:09:14 - [MESSAGE][PASSED] - Object: 'Object Repository/OASIS/Neurological/neurological_status/check_for_weakness/c_weak_paralysis_hemiparesis_l' is clicked on

2019-04-30 11:09:14 - [TEST_STEP][PASSED] - click(findTestObject("OASIS/Neurological/neurological_status/check_for_weakness/c_weak_paralysis_hemiparesis_r")): Object: 'Object Repository/OASIS/Neurological/neurological_status/check_for_weakness/c_weak_paralysis_hemiparesis_r' is clicked on

2019-04-30 11:09:14 - [MESSAGE][PASSED] - Object: 'Object Repository/OASIS/Neurological/neurological_status/check_for_weakness/c_weak_paralysis_hemiparesis_r' is clicked on

2019-04-30 11:09:14 - [TEST_STEP][PASSED] - delay(1): Delayed 1 second(s)

2019-04-30 11:09:15 - [MESSAGE][PASSED] - Delayed 1 second(s)

2019-04-30 11:09:15 - [TEST_STEP][PASSED] - click(findTestObject("OASIS/Neurological/neurological_status/check_for_weakness/c_weak_seizure_petitmal")): Object: 'Object Repository/OASIS/Neurological/neurological_status/check_for_weakness/c_weak_seizure_petitmal' is clicked on

2019-04-30 11:09:15 - [MESSAGE][PASSED] - Object: 'Object Repository/OASIS/Neurological/neurological_status/check_for_weakness/c_weak_seizure_petitmal' is clicked on

2019-04-30 11:09:15 - [TEST_STEP][PASSED] - setText(findTestObject("OASIS/Neurological/neurological_status/check_for_weakness/c_weak_seizure_petitmal_lsdate"), "June 23, 2015"): Text 'June 23, 2015' is set on object 'Object Repository/OASIS/Neurological/neurological_status/check_for_weakness/c_weak_seizure_petitmal_lsdate'

2019-04-30 11:09:16 - [MESSAGE][PASSED] - Text 'June 23, 2015' is set on object 'Object Repository/OASIS/Neurological/neurological_status/check_for_weakness/c_weak_seizure_petitmal_lsdate'

2019-04-30 11:09:16 - [TEST_STEP][PASSED] - delay(1): Delayed 1 second(s)

2019-04-30 11:09:17 - [MESSAGE][PASSED] - Delayed 1 second(s)

2019-04-30 11:09:17 - [TEST_STEP][PASSED] - click(findTestObject("OASIS/Neurological/neurological_status/check_for_weakness/c_weak_tremors_ue")): Object: 'Object Repository/OASIS/Neurological/neurological_status/check_for_weakness/c_weak_tremors_ue' is clicked on

2019-04-30 11:09:17 - [MESSAGE][PASSED] - Object: 'Object Repository/OASIS/Neurological/neurological_status/check_for_weakness/c_weak_tremors_ue' is clicked on

2019-04-30 11:09:17 - [TEST_STEP][PASSED] - click(findTestObject("OASIS/Neurological/neurological_status/check_for_weakness/c_weak_tremors_ue_l")): Object: 'Object Repository/OASIS/Neurological/neurological_status/check_for_weakness/c_weak_tremors_ue_l' is clicked on

2019-04-30 11:09:18 - [MESSAGE][PASSED] - Object: 'Object Repository/OASIS/Neurological/neurological_status/check_for_weakness/c_weak_tremors_ue_l' is clicked on

2019-04-30 11:09:18 - [TEST_STEP][PASSED] - click(findTestObject("OASIS/Neurological/neurological_status/check_for_weakness/c_weak_tremors_ue_r")): Object: 'Object Repository/OASIS/Neurological/neurological_status/check_for_weakness/c_weak_tremors_ue_r' is clicked on

2019-04-30 11:09:18 - [MESSAGE][PASSED] - Object: 'Object Repository/OASIS/Neurological/neurological_status/check_for_weakness/c_weak_tremors_ue_r' is clicked on

2019-04-30 11:09:18 - [TEST_STEP][PASSED] - click(findTestObject("OASIS/Neurological/neurological_status/check_for_weakness/c_weak_tremors_ue_fine")): Object: 'Object Repository/OASIS/Neurological/neurological_status/check_for_weakness/c_weak_tremors_ue_fine' is clicked on

2019-04-30 11:09:18 - [MESSAGE][PASSED] - Object: 'Object Repository/OASIS/Neurological/neurological_status/check_for_weakness/c_weak_tremors_ue_fine' is clicked on

2019-04-30 11:09:18 - [TEST_STEP][PASSED] - delay(1): Delayed 1 second(s)

2019-04-30 11:09:19 - [MESSAGE][PASSED] - Delayed 1 second(s)

2019-04-30 11:09:19 - [TEST_STEP][PASSED] - click(findTestObject("OASIS/Neurological/neurological_status/check_for_weakness/c_weak_tremors_le")): Object: 'Object Repository/OASIS/Neurological/neurological_status/check_for_weakness/c_weak_tremors_le' is clicked on

2019-04-30 11:09:19 - [MESSAGE][PASSED] - Object: 'Object Repository/OASIS/Neurological/neurological_status/check_for_weakness/c_weak_tremors_le' is clicked on

2019-04-30 11:09:19 - [TEST_STEP][PASSED] - click(findTestObject("OASIS/Neurological/neurological_status/check_for_weakness/c_weak_tremors_le_l")): Object: 'Object Repository/OASIS/Neurological/neurological_status/check_for_weakness/c_weak_tremors_le_l' is clicked on

2019-04-30 11:09:19 - [MESSAGE][PASSED] - Object: 'Object Repository/OASIS/Neurological/neurological_status/check_for_weakness/c_weak_tremors_le_l' is clicked on

2019-04-30 11:09:19 - [TEST_STEP][PASSED] - click(findTestObject("OASIS/Neurological/neurological_status/check_for_weakness/c_weak_tremors_le_r")): Object: 'Object Repository/OASIS/Neurological/neurological_status/check_for_weakness/c_weak_tremors_le_r' is clicked on

2019-04-30 11:09:19 - [MESSAGE][PASSED] - Object: 'Object Repository/OASIS/Neurological/neurological_status/check_for_weakness/c_weak_tremors_le_r' is clicked on

2019-04-30 11:09:19 - [TEST_STEP][PASSED] - click(findTestObject("OASIS/Neurological/neurological_status/check_for_weakness/c_weak_tremors_le_coarse")): Object: 'Object Repository/OASIS/Neurological/neurological_status/check_for_weakness/c_weak_tremors_le_coarse' is clicked on

2019-04-30 11:09:20 - [MESSAGE][PASSED] - Object: 'Object Repository/OASIS/Neurological/neurological_status/check_for_weakness/c_weak_tremors_le_coarse' is clicked on

2019-04-30 11:09:20 - [TEST_STEP][PASSED] - delay(1): Delayed 1 second(s)

2019-04-30 11:09:21 - [MESSAGE][PASSED] - Delayed 1 second(s)

2019-04-30 11:09:21 - [TEST_STEP][PASSED] - click(findTestObject("OASIS/Neurological/neurological_status/check_for_weakness/c_weak_signs_headache")): Object: 'Object Repository/OASIS/Neurological/neurological_status/check_for_weakness/c_weak_signs_headache' is clicked on

2019-04-30 11:09:21 - [MESSAGE][PASSED] - Object: 'Object Repository/OASIS/Neurological/neurological_status/check_for_weakness/c_weak_signs_headache' is clicked on

2019-04-30 11:09:21 - [TEST_STEP][PASSED] - delay(1): Delayed 1 second(s)

2019-04-30 11:09:22 - [MESSAGE][PASSED] - Delayed 1 second(s)

2019-04-30 11:09:22 - [TEST_STEP][PASSED] - click(findTestObject("OASIS/Neurological/neurological_status/check_for_weakness/c_weak_signs_numb")): Object: 'Object Repository/OASIS/Neurological/neurological_status/check_for_weakness/c_weak_signs_numb' is clicked on

2019-04-30 11:09:22 - [MESSAGE][PASSED] - Object: 'Object Repository/OASIS/Neurological/neurological_status/check_for_weakness/c_weak_signs_numb' is clicked on

2019-04-30 11:09:22 - [TEST_STEP][PASSED] - delay(1): Delayed 1 second(s)

2019-04-30 11:09:23 - [MESSAGE][PASSED] - Delayed 1 second(s)

2019-04-30 11:09:23 - [TEST_STEP][PASSED] - click(findTestObject("OASIS/Neurological/neurological_status/check_for_weakness/c_weak_signs_lossofsensation")): Object: 'Object Repository/OASIS/Neurological/neurological_status/check_for_weakness/c_weak_signs_lossofsensation' is clicked on

2019-04-30 11:09:23 - [MESSAGE][PASSED] - Object: 'Object Repository/OASIS/Neurological/neurological_status/check_for_weakness/c_weak_signs_lossofsensation' is clicked on

2019-04-30 11:09:23 - [TEST_STEP][PASSED] - click(findTestObject("OASIS/Neurological/neurological_status/check_for_weakness/c_weak_signs_visualdistubances")): Object: 'Object Repository/OASIS/Neurological/neurological_status/check_for_weakness/c_weak_signs_visualdistubances' is clicked on

2019-04-30 11:09:23 - [MESSAGE][PASSED] - Object: 'Object Repository/OASIS/Neurological/neurological_status/check_for_weakness/c_weak_signs_visualdistubances' is clicked on

2019-04-30 11:09:23 - [TEST_STEP][PASSED] - click(findTestObject("OASIS/Neurological/neurological_status/check_for_weakness/c_weak_signs_involuntarymf")): Object: 'Object Repository/OASIS/Neurological/neurological_status/check_for_weakness/c_weak_signs_involuntarymf' is clicked on

2019-04-30 11:09:23 - [MESSAGE][PASSED] - Object: 'Object Repository/OASIS/Neurological/neurological_status/check_for_weakness/c_weak_signs_involuntarymf' is clicked on

2019-04-30 11:09:23 - [TEST_STEP][PASSED] - click(findTestObject("OASIS/Neurological/neurological_status/check_for_weakness/c_weak_signs_incoordination")): Object: 'Object Repository/OASIS/Neurological/neurological_status/check_for_weakness/c_weak_signs_incoordination' is clicked on

2019-04-30 11:09:24 - [MESSAGE][PASSED] - Object: 'Object Repository/OASIS/Neurological/neurological_status/check_for_weakness/c_weak_signs_incoordination' is clicked on

2019-04-30 11:09:24 - [TEST_STEP][PASSED] - click(findTestObject("OASIS/Neurological/neurological_status/check_for_weakness/c_weak_signs_improperresponse")): Object: 'Object Repository/OASIS/Neurological/neurological_status/check_for_weakness/c_weak_signs_improperresponse' is clicked on

2019-04-30 11:09:24 - [MESSAGE][PASSED] - Object: 'Object Repository/OASIS/Neurological/neurological_status/check_for_weakness/c_weak_signs_improperresponse' is clicked on

2019-04-30 11:09:24 - [TEST_STEP][PASSED] - click(findTestObject("OASIS/Neurological/neurological_status/check_for_weakness/c_weak_signs_lossofabilitytomove")): Object: 'Object Repository/OASIS/Neurological/neurological_status/check_for_weakness/c_weak_signs_lossofabilitytomove' is clicked on

2019-04-30 11:09:24 - [MESSAGE][PASSED] - Object: 'Object Repository/OASIS/Neurological/neurological_status/check_for_weakness/c_weak_signs_lossofabilitytomove' is clicked on

2019-04-30 11:09:24 - [TEST_STEP][PASSED] - setText(findTestObject("OASIS/Neurological/neurological_status/check_for_weakness/c_weak_signs_lossofabilitytomove_textfield"), "Left middle finger due to fracture"): Text 'Left middle finger due to fracture' is set on object 'Object Repository/OASIS/Neurological/neurological_status/check_for_weakness/c_weak_signs_lossofabilitytomove_textfield'

2019-04-30 11:09:26 - [MESSAGE][PASSED] - Text 'Left middle finger due to fracture' is set on object 'Object Repository/OASIS/Neurological/neurological_status/check_for_weakness/c_weak_signs_lossofabilitytomove_textfield'

2019-04-30 11:09:26 - [TEST_STEP][PASSED] - setText(findTestObject("OASIS/Neurological/neurological_status/check_for_weakness/c_weak_signs_other"), "Disassociation of things"): Text 'Disassociation of things' is set on object 'Object Repository/OASIS/Neurological/neurological_status/check_for_weakness/c_weak_signs_other'

2019-04-30 11:09:27 - [MESSAGE][PASSED] - Text 'Disassociation of things' is set on object 'Object Repository/OASIS/Neurological/neurological_status/check_for_weakness/c_weak_signs_other'

2019-04-30 11:09:27 - [TEST_STEP][PASSED] - delay(1): Delayed 1 second(s)

2019-04-30 11:09:29 - [MESSAGE][PASSED] - Delayed 1 second(s)

2019-04-30 11:09:29 - [TEST_STEP][PASSED] - click(findTestObject("OASIS/Neurological/psychosocial_status/psycho_cognitive")): Object: 'Object Repository/OASIS/Neurological/psychosocial_status/psycho_cognitive' is clicked on

2019-04-30 11:09:29 - [MESSAGE][PASSED] - Object: 'Object Repository/OASIS/Neurological/psychosocial_status/psycho_cognitive' is clicked on

2019-04-30 11:09:29 - [TEST_STEP][PASSED] - click(findTestObject("OASIS/Neurological/psychosocial_status/psycho_confused")): Object: 'Object Repository/OASIS/Neurological/psychosocial_status/psycho_confused' is clicked on

2019-04-30 11:09:29 - [MESSAGE][PASSED] - Object: 'Object Repository/OASIS/Neurological/psychosocial_status/psycho_confused' is clicked on

2019-04-30 11:09:29 - [TEST_STEP][PASSED] - click(findTestObject("OASIS/Neurological/psychosocial_status/psycho_anxious")): Object: 'Object Repository/OASIS/Neurological/psychosocial_status/psycho_anxious' is clicked on

2019-04-30 11:09:29 - [MESSAGE][PASSED] - Object: 'Object Repository/OASIS/Neurological/psychosocial_status/psycho_anxious' is clicked on

2019-04-30 11:09:29 - [TEST_STEP][PASSED] - click(findTestObject("OASIS/Neurological/psychosocial_status/psycho_depressed")): Object: 'Object Repository/OASIS/Neurological/psychosocial_status/psycho_depressed' is clicked on

2019-04-30 11:09:29 - [MESSAGE][PASSED] - Object: 'Object Repository/OASIS/Neurological/psychosocial_status/psycho_depressed' is clicked on

2019-04-30 11:09:29 - [TEST_STEP][PASSED] - click(findTestObject("OASIS/Neurological/psychosocial_status/psycho_memory_deficit")): Object: 'Object Repository/OASIS/Neurological/psychosocial_status/psycho_memory_deficit' is clicked on

2019-04-30 11:09:29 - [MESSAGE][PASSED] - Object: 'Object Repository/OASIS/Neurological/psychosocial_status/psycho_memory_deficit' is clicked on

2019-04-30 11:09:29 - [TEST_STEP][PASSED] - click(findTestObject("OASIS/Neurological/psychosocial_status/psycho_impaired_dm")): Object: 'Object Repository/OASIS/Neurological/psychosocial_status/psycho_impaired_dm' is clicked on

2019-04-30 11:09:30 - [MESSAGE][PASSED] - Object: 'Object Repository/OASIS/Neurological/psychosocial_status/psycho_impaired_dm' is clicked on

2019-04-30 11:09:30 - [TEST_STEP][PASSED] - click(findTestObject("OASIS/Neurological/psychosocial_status/psycho_physical_aggression")): Object: 'Object Repository/OASIS/Neurological/psychosocial_status/psycho_physical_aggression' is clicked on

2019-04-30 11:09:30 - [MESSAGE][PASSED] - Object: 'Object Repository/OASIS/Neurological/psychosocial_status/psycho_physical_aggression' is clicked on

2019-04-30 11:09:30 - [TEST_STEP][PASSED] - click(findTestObject("OASIS/Neurological/psychosocial_status/psycho_inappropriate_b")): Object: 'Object Repository/OASIS/Neurological/psychosocial_status/psycho_inappropriate_b' is clicked on

2019-04-30 11:09:30 - [MESSAGE][PASSED] - Object: 'Object Repository/OASIS/Neurological/psychosocial_status/psycho_inappropriate_b' is clicked on

2019-04-30 11:09:30 - [TEST_STEP][PASSED] - click(findTestObject("OASIS/Neurological/psychosocial_status/psycho_disruptive_b")): Object: 'Object Repository/OASIS/Neurological/psychosocial_status/psycho_disruptive_b' is clicked on

2019-04-30 11:09:30 - [MESSAGE][PASSED] - Object: 'Object Repository/OASIS/Neurological/psychosocial_status/psycho_disruptive_b' is clicked on

2019-04-30 11:09:30 - [TEST_STEP][PASSED] - click(findTestObject("OASIS/Neurological/psychosocial_status/psycho_delusional")): Object: 'Object Repository/OASIS/Neurological/psychosocial_status/psycho_delusional' is clicked on

2019-04-30 11:09:30 - [MESSAGE][PASSED] - Object: 'Object Repository/OASIS/Neurological/psychosocial_status/psycho_delusional' is clicked on

2019-04-30 11:09:30 - [TEST_STEP][PASSED] - setText(findTestObject("OASIS/Neurological/psychosocial_status/psycho_other_p_factors"), "Bipolar and Frequent Sucidical Thoughts"): Text 'Bipolar and Frequent Sucidical Thoughts' is set on object 'Object Repository/OASIS/Neurological/psychosocial_status/psycho_other_p_factors'

2019-04-30 11:09:33 - [MESSAGE][PASSED] - Text 'Bipolar and Frequent Sucidical Thoughts' is set on object 'Object Repository/OASIS/Neurological/psychosocial_status/psycho_other_p_factors'

2019-04-30 11:09:33 - [TEST_STEP][PASSED] - delay(1): Delayed 1 second(s)

2019-04-30 11:09:34 - [MESSAGE][PASSED] - Delayed 1 second(s)

2019-04-30 11:09:34 - [TEST_STEP][PASSED] - click(findTestObject("OASIS/Neurological/language_barrier/language_barrier_yes")): Object: 'Object Repository/OASIS/Neurological/language_barrier/language_barrier_yes' is clicked on

2019-04-30 11:09:34 - [MESSAGE][PASSED] - Object: 'Object Repository/OASIS/Neurological/language_barrier/language_barrier_yes' is clicked on

2019-04-30 11:09:34 - [TEST_STEP][PASSED] - delay(1): Delayed 1 second(s)

2019-04-30 11:09:35 - [MESSAGE][PASSED] - Delayed 1 second(s)

2019-04-30 11:09:35 - [TEST_STEP][NOT_RUN] - click(findTestObject("OASIS/Neurological/language_barrier/language_interpreter_need")): NOT_RUN: click(findTestObject("OASIS/Neurological/language_barrier/language_interpreter_need"))

2019-04-30 11:09:35 - [MESSAGE][NOT_RUN] - NOT_RUN: click(findTestObject("OASIS/Neurological/language_barrier/language_interpreter_need"))

2019-04-30 11:09:35 - [TEST_STEP][NOT_RUN] - delay(1): NOT_RUN: delay(1)

2019-04-30 11:09:35 - [MESSAGE][NOT_RUN] - NOT_RUN: delay(1)

2019-04-30 11:09:35 - [TEST_STEP][NOT_RUN] - setText(findTestObject("OASIS/Neurological/language_barrier/language_interpreter_need_tf"), "Mrs. Langdon"): NOT_RUN: setText(findTestObject("OASIS/Neurological/language_barrier/language_interpreter_need_tf"), "Mrs. Langdon")

2019-04-30 11:09:35 - [MESSAGE][NOT_RUN] - NOT_RUN: setText(findTestObject("OASIS/Neurological/language_barrier/language_interpreter_need_tf"), "Mrs. Langdon")

2019-04-30 11:09:35 - [TEST_STEP][PASSED] - delay(1): Delayed 1 second(s)

2019-04-30 11:09:36 - [MESSAGE][PASSED] - Delayed 1 second(s)

2019-04-30 11:09:36 - [TEST_STEP][PASSED] - click(findTestObject("OASIS/Neurological/language_barrier/language_inter_sp")): Object: 'Object Repository/OASIS/Neurological/language_barrier/language_inter_sp' is clicked on

2019-04-30 11:09:36 - [MESSAGE][PASSED] - Object: 'Object Repository/OASIS/Neurological/language_barrier/language_inter_sp' is clicked on

2019-04-30 11:09:36 - [TEST_STEP][PASSED] - delay(1): Delayed 1 second(s)

2019-04-30 11:09:37 - [MESSAGE][PASSED] - Delayed 1 second(s)

2019-04-30 11:09:37 - [TEST_STEP][PASSED] - setText(findTestObject("OASIS/Neurological/language_barrier/language_inter_sp_tf"), "Interpreter Organization"): Text 'Interpreter Organization' is set on object 'Object Repository/OASIS/Neurological/language_barrier/language_inter_sp_tf'

2019-04-30 11:09:39 - [MESSAGE][PASSED] - Text 'Interpreter Organization' is set on object 'Object Repository/OASIS/Neurological/language_barrier/language_inter_sp_tf'

2019-04-30 11:09:39 - [TEST_STEP][PASSED] - delay(1): Delayed 1 second(s)

2019-04-30 11:09:40 - [MESSAGE][PASSED] - Delayed 1 second(s)

2019-04-30 11:09:40 - [TEST_STEP][PASSED] - setText(findTestObject("OASIS/Neurological/language_barrier/language_inter_sp_phone"), "3453452345"): Text '3453452345' is set on object 'Object Repository/OASIS/Neurological/language_barrier/language_inter_sp_phone'

2019-04-30 11:09:40 - [MESSAGE][PASSED] - Text '3453452345' is set on object 'Object Repository/OASIS/Neurological/language_barrier/language_inter_sp_phone'

2019-04-30 11:09:40 - [TEST_STEP][PASSED] - delay(1): Delayed 1 second(s)

2019-04-30 11:09:41 - [MESSAGE][PASSED] - Delayed 1 second(s)

2019-04-30 11:09:41 - [TEST_STEP][PASSED] - click(findTestObject("OASIS/Neurological/language_barrier/language_sign_type")): Object: 'Object Repository/OASIS/Neurological/language_barrier/language_sign_type' is clicked on

2019-04-30 11:09:42 - [MESSAGE][PASSED] - Object: 'Object Repository/OASIS/Neurological/language_barrier/language_sign_type' is clicked on

2019-04-30 11:09:42 - [TEST_STEP][PASSED] - delay(1): Delayed 1 second(s)

2019-04-30 11:09:43 - [MESSAGE][PASSED] - Delayed 1 second(s)

2019-04-30 11:09:43 - [TEST_STEP][PASSED] - setText(findTestObject("OASIS/Neurological/language_barrier/language_sign_type_tf"), "ASL"): Text 'ASL' is set on object 'Object Repository/OASIS/Neurological/language_barrier/language_sign_type_tf'

2019-04-30 11:09:43 - [MESSAGE][PASSED] - Text 'ASL' is set on object 'Object Repository/OASIS/Neurological/language_barrier/language_sign_type_tf'

2019-04-30 11:09:43 - [TEST_STEP][PASSED] - delay(1): Delayed 1 second(s)

2019-04-30 11:09:44 - [MESSAGE][PASSED] - Delayed 1 second(s)

2019-04-30 11:09:44 - [TEST_STEP][PASSED] - click(findTestObject("OASIS/Neurological/language_barrier/learning_barrier_yes")): Object: 'Object Repository/OASIS/Neurological/language_barrier/learning_barrier_yes' is clicked on

2019-04-30 11:09:44 - [MESSAGE][PASSED] - Object: 'Object Repository/OASIS/Neurological/language_barrier/learning_barrier_yes' is clicked on

2019-04-30 11:09:44 - [TEST_STEP][PASSED] - delay(5): Delayed 5 second(s)

2019-04-30 11:09:49 - [MESSAGE][PASSED] - Delayed 5 second(s)

2019-04-30 11:09:49 - [TEST_STEP][PASSED] - click(findTestObject("OASIS/Neurological/language_barrier/learning_functional")): Object: 'Object Repository/OASIS/Neurological/language_barrier/learning_functional' is clicked on

2019-04-30 11:09:49 - [MESSAGE][PASSED] - Object: 'Object Repository/OASIS/Neurological/language_barrier/learning_functional' is clicked on

2019-04-30 11:09:49 - [TEST_STEP][PASSED] - delay(1): Delayed 1 second(s)

2019-04-30 11:09:50 - [MESSAGE][PASSED] - Delayed 1 second(s)

2019-04-30 11:09:50 - [TEST_STEP][PASSED] - setText(findTestObject("OASIS/Neurological/language_barrier/learning_functional_tf"), "Motor Ability"): Text 'Motor Ability' is set on object 'Object Repository/OASIS/Neurological/language_barrier/learning_functional_tf'

2019-04-30 11:09:51 - [MESSAGE][PASSED] - Text 'Motor Ability' is set on object 'Object Repository/OASIS/Neurological/language_barrier/learning_functional_tf'

2019-04-30 11:09:51 - [TEST_STEP][PASSED] - delay(1): Delayed 1 second(s)

2019-04-30 11:09:52 - [MESSAGE][PASSED] - Delayed 1 second(s)

2019-04-30 11:09:52 - [TEST_STEP][PASSED] - click(findTestObject("OASIS/Neurological/language_barrier/learning_mental")): Object: 'Object Repository/OASIS/Neurological/language_barrier/learning_mental' is clicked on

2019-04-30 11:09:53 - [MESSAGE][PASSED] - Object: 'Object Repository/OASIS/Neurological/language_barrier/learning_mental' is clicked on

2019-04-30 11:09:53 - [TEST_STEP][PASSED] - delay(1): Delayed 1 second(s)

2019-04-30 11:09:54 - [MESSAGE][PASSED] - Delayed 1 second(s)

2019-04-30 11:09:54 - [TEST_STEP][PASSED] - setText(findTestObject("OASIS/Neurological/language_barrier/learning_mental_tf"), "Speech Disorder"): Text 'Speech Disorder' is set on object 'Object Repository/OASIS/Neurological/language_barrier/learning_mental_tf'

2019-04-30 11:09:55 - [MESSAGE][PASSED] - Text 'Speech Disorder' is set on object 'Object Repository/OASIS/Neurological/language_barrier/learning_mental_tf'

2019-04-30 11:09:55 - [TEST_STEP][PASSED] - delay(1): Delayed 1 second(s)

2019-04-30 11:09:56 - [MESSAGE][PASSED] - Delayed 1 second(s)

2019-04-30 11:09:56 - [TEST_STEP][PASSED] - click(findTestObject("OASIS/Neurological/language_barrier/learning_physical")): Object: 'Object Repository/OASIS/Neurological/language_barrier/learning_physical' is clicked on

2019-04-30 11:09:56 - [MESSAGE][PASSED] - Object: 'Object Repository/OASIS/Neurological/language_barrier/learning_physical' is clicked on

2019-04-30 11:09:56 - [TEST_STEP][PASSED] - delay(1): Delayed 1 second(s)

2019-04-30 11:09:57 - [MESSAGE][PASSED] - Delayed 1 second(s)

2019-04-30 11:09:57 - [TEST_STEP][PASSED] - setText(findTestObject("OASIS/Neurological/language_barrier/learning_physical_tf"), "Needs assistance all the time"): Text 'Needs assistance all the time' is set on object 'Object Repository/OASIS/Neurological/language_barrier/learning_physical_tf'

2019-04-30 11:09:59 - [MESSAGE][PASSED] - Text 'Needs assistance all the time' is set on object 'Object Repository/OASIS/Neurological/language_barrier/learning_physical_tf'

2019-04-30 11:09:59 - [TEST_STEP][PASSED] - delay(1): Delayed 1 second(s)

2019-04-30 11:10:00 - [MESSAGE][PASSED] - Delayed 1 second(s)

2019-04-30 11:10:00 - [TEST_STEP][PASSED] - click(findTestObject("OASIS/Neurological/language_barrier/learning_pyschosocial")): Object: 'Object Repository/OASIS/Neurological/language_barrier/learning_pyschosocial' is clicked on

2019-04-30 11:10:00 - [MESSAGE][PASSED] - Object: 'Object Repository/OASIS/Neurological/language_barrier/learning_pyschosocial' is clicked on

2019-04-30 11:10:00 - [TEST_STEP][PASSED] - delay(1): Delayed 1 second(s)

2019-04-30 11:10:01 - [MESSAGE][PASSED] - Delayed 1 second(s)

2019-04-30 11:10:01 - [TEST_STEP][PASSED] - setText(findTestObject("OASIS/Neurological/language_barrier/learning_psyschosocial_tf"), "Anti-social Behaviour"): Text 'Anti-social Behaviour' is set on object 'Object Repository/OASIS/Neurological/language_barrier/learning_psyschosocial_tf'

2019-04-30 11:10:02 - [MESSAGE][PASSED] - Text 'Anti-social Behaviour' is set on object 'Object Repository/OASIS/Neurological/language_barrier/learning_psyschosocial_tf'

2019-04-30 11:10:02 - [TEST_STEP][PASSED] - delay(1): Delayed 1 second(s)

2019-04-30 11:10:03 - [MESSAGE][PASSED] - Delayed 1 second(s)

2019-04-30 11:10:03 - [TEST_STEP][PASSED] - click(findTestObject("OASIS/Neurological/language_barrier/learning_unable_read")): Object: 'Object Repository/OASIS/Neurological/language_barrier/learning_unable_read' is clicked on

2019-04-30 11:10:04 - [MESSAGE][PASSED] - Object: 'Object Repository/OASIS/Neurological/language_barrier/learning_unable_read' is clicked on

2019-04-30 11:10:04 - [TEST_STEP][PASSED] - delay(1): Delayed 1 second(s)

2019-04-30 11:10:05 - [MESSAGE][PASSED] - Delayed 1 second(s)

2019-04-30 11:10:05 - [TEST_STEP][PASSED] - click(findTestObject("OASIS/Neurological/language_barrier/learning_unable_write")): Object: 'Object Repository/OASIS/Neurological/language_barrier/learning_unable_write' is clicked on

2019-04-30 11:10:05 - [MESSAGE][PASSED] - Object: 'Object Repository/OASIS/Neurological/language_barrier/learning_unable_write' is clicked on

2019-04-30 11:10:05 - [TEST_STEP][PASSED] - delay(1): Delayed 1 second(s)

2019-04-30 11:10:06 - [MESSAGE][PASSED] - Delayed 1 second(s)

2019-04-30 11:10:06 - [TEST_STEP][PASSED] - click(findTestObject("OASIS/Neurological/language_barrier/signs_abuse_yes")): Object: 'Object Repository/OASIS/Neurological/language_barrier/signs_abuse_yes' is clicked on

2019-04-30 11:10:06 - [MESSAGE][PASSED] - Object: 'Object Repository/OASIS/Neurological/language_barrier/signs_abuse_yes' is clicked on

2019-04-30 11:10:06 - [TEST_STEP][PASSED] - delay(1): Delayed 1 second(s)

2019-04-30 11:10:07 - [MESSAGE][PASSED] - Delayed 1 second(s)

2019-04-30 11:10:07 - [TEST_STEP][PASSED] - click(findTestObject("OASIS/Neurological/language_barrier/signs_abuse_actual")): Object: 'Object Repository/OASIS/Neurological/language_barrier/signs_abuse_actual' is clicked on

2019-04-30 11:10:07 - [MESSAGE][PASSED] - Object: 'Object Repository/OASIS/Neurological/language_barrier/signs_abuse_actual' is clicked on

2019-04-30 11:10:07 - [TEST_STEP][PASSED] - delay(1): Delayed 1 second(s)

2019-04-30 11:10:08 - [MESSAGE][PASSED] - Delayed 1 second(s)

2019-04-30 11:10:08 - [TEST_STEP][PASSED] - click(findTestObject("OASIS/Neurological/language_barrier/signs_abuse_physical")): Object: 'Object Repository/OASIS/Neurological/language_barrier/signs_abuse_physical' is clicked on

2019-04-30 11:10:08 - [MESSAGE][PASSED] - Object: 'Object Repository/OASIS/Neurological/language_barrier/signs_abuse_physical' is clicked on

2019-04-30 11:10:08 - [TEST_STEP][PASSED] - delay(1): Delayed 1 second(s)

2019-04-30 11:10:09 - [MESSAGE][PASSED] - Delayed 1 second(s)

2019-04-30 11:10:09 - [TEST_STEP][PASSED] - setText(findTestObject("OASIS/Neurological/language_barrier/signs_abuse_physical_tf"), "Traumatic Experience"): Text 'Traumatic Experience' is set on object 'Object Repository/OASIS/Neurological/language_barrier/signs_abuse_physical_tf'

2019-04-30 11:10:11 - [MESSAGE][PASSED] - Text 'Traumatic Experience' is set on object 'Object Repository/OASIS/Neurological/language_barrier/signs_abuse_physical_tf'

2019-04-30 11:10:11 - [TEST_STEP][PASSED] - delay(1): Delayed 1 second(s)

2019-04-30 11:10:12 - [MESSAGE][PASSED] - Delayed 1 second(s)

2019-04-30 11:10:12 - [TEST_STEP][PASSED] - click(findTestObject("OASIS/Neurological/language_barrier/signs_abuse_verbal")): Object: 'Object Repository/OASIS/Neurological/language_barrier/signs_abuse_verbal' is clicked on

2019-04-30 11:10:12 - [MESSAGE][PASSED] - Object: 'Object Repository/OASIS/Neurological/language_barrier/signs_abuse_verbal' is clicked on

2019-04-30 11:10:12 - [TEST_STEP][PASSED] - delay(1): Delayed 1 second(s)

2019-04-30 11:10:13 - [MESSAGE][PASSED] - Delayed 1 second(s)

2019-04-30 11:10:13 - [TEST_STEP][PASSED] - setText(findTestObject("OASIS/Neurological/language_barrier/signs_abuse_verbal_tf"), "Traumatic Experience"): Text 'Traumatic Experience' is set on object 'Object Repository/OASIS/Neurological/language_barrier/signs_abuse_verbal_tf'

2019-04-30 11:10:14 - [MESSAGE][PASSED] - Text 'Traumatic Experience' is set on object 'Object Repository/OASIS/Neurological/language_barrier/signs_abuse_verbal_tf'

2019-04-30 11:10:14 - [TEST_STEP][PASSED] - delay(1): Delayed 1 second(s)

2019-04-30 11:10:15 - [MESSAGE][PASSED] - Delayed 1 second(s)

2019-04-30 11:10:15 - [TEST_STEP][PASSED] - click(findTestObject("OASIS/Neurological/language_barrier/signs_abuse_referredmsw")): Object: 'Object Repository/OASIS/Neurological/language_barrier/signs_abuse_referredmsw' is clicked on

2019-04-30 11:10:15 - [MESSAGE][PASSED] - Object: 'Object Repository/OASIS/Neurological/language_barrier/signs_abuse_referredmsw' is clicked on

2019-04-30 11:10:15 - [TEST_STEP][PASSED] - delay(1): Delayed 1 second(s)

2019-04-30 11:10:16 - [MESSAGE][PASSED] - Delayed 1 second(s)

2019-04-30 11:10:16 - [TEST_STEP][PASSED] - setText(findTestObject("OASIS/Neurological/language_barrier/signs_abuse_referredmsw_tf"), "Centers for MSW"): Text 'Centers for MSW' is set on object 'Object Repository/OASIS/Neurological/language_barrier/signs_abuse_referredmsw_tf'

2019-04-30 11:10:18 - [MESSAGE][PASSED] - Text 'Centers for MSW' is set on object 'Object Repository/OASIS/Neurological/language_barrier/signs_abuse_referredmsw_tf'

2019-04-30 11:10:18 - [TEST_STEP][PASSED] - delay(1): Delayed 1 second(s)

2019-04-30 11:10:19 - [MESSAGE][PASSED] - Delayed 1 second(s)

2019-04-30 11:10:19 - [TEST_STEP][PASSED] - click(findTestObject("OASIS/Neurological/language_barrier/signs_abuse_referredchildadult")): Object: 'Object Repository/OASIS/Neurological/language_barrier/signs_abuse_referredchildadult' is clicked on

2019-04-30 11:10:19 - [MESSAGE][PASSED] - Object: 'Object Repository/OASIS/Neurological/language_barrier/signs_abuse_referredchildadult' is clicked on

2019-04-30 11:10:19 - [TEST_STEP][PASSED] - delay(1): Delayed 1 second(s)

2019-04-30 11:10:20 - [MESSAGE][PASSED] - Delayed 1 second(s)

2019-04-30 11:10:20 - [TEST_STEP][PASSED] - click(findTestObject("OASIS/Neurological/language_barrier/spiritual_yes")): Object: 'Object Repository/OASIS/Neurological/language_barrier/spiritual_yes' is clicked on

2019-04-30 11:10:20 - [MESSAGE][PASSED] - Object: 'Object Repository/OASIS/Neurological/language_barrier/spiritual_yes' is clicked on

2019-04-30 11:10:20 - [TEST_STEP][PASSED] - delay(1): Delayed 1 second(s)

2019-04-30 11:10:21 - [MESSAGE][PASSED] - Delayed 1 second(s)

2019-04-30 11:10:21 - [TEST_STEP][PASSED] - setText(findTestObject("OASIS/Neurological/language_barrier/spiritual_impact_care"), "Sample Text"): Text 'Sample Text' is set on object 'Object Repository/OASIS/Neurological/language_barrier/spiritual_impact_care'

2019-04-30 11:10:22 - [MESSAGE][PASSED] - Text 'Sample Text' is set on object 'Object Repository/OASIS/Neurological/language_barrier/spiritual_impact_care'

2019-04-30 11:10:22 - [TEST_STEP][PASSED] - delay(1): Delayed 1 second(s)

2019-04-30 11:10:23 - [MESSAGE][PASSED] - Delayed 1 second(s)

2019-04-30 11:10:23 - [TEST_STEP][PASSED] - setText(findTestObject("OASIS/Neurological/language_barrier/spiritual_resource"), "Sample Text"): Text 'Sample Text' is set on object 'Object Repository/OASIS/Neurological/language_barrier/spiritual_resource'

2019-04-30 11:10:24 - [MESSAGE][PASSED] - Text 'Sample Text' is set on object 'Object Repository/OASIS/Neurological/language_barrier/spiritual_resource'

2019-04-30 11:10:24 - [TEST_STEP][PASSED] - delay(1): Delayed 1 second(s)

2019-04-30 11:10:25 - [MESSAGE][PASSED] - Delayed 1 second(s)

2019-04-30 11:10:25 - [TEST_STEP][PASSED] - setText(findTestObject("OASIS/Neurological/language_barrier/spiritual_contact"), "Sample Text"): Text 'Sample Text' is set on object 'Object Repository/OASIS/Neurological/language_barrier/spiritual_contact'

2019-04-30 11:10:25 - [MESSAGE][PASSED] - Text 'Sample Text' is set on object 'Object Repository/OASIS/Neurological/language_barrier/spiritual_contact'

2019-04-30 11:10:25 - [TEST_STEP][PASSED] - delay(1): Delayed 1 second(s)

2019-04-30 11:10:26 - [MESSAGE][PASSED] - Delayed 1 second(s)

2019-04-30 11:10:26 - [TEST_STEP][PASSED] - setText(findTestObject("OASIS/Neurological/language_barrier/spiritual_phone"), "2333242343"): Text '2333242343' is set on object 'Object Repository/OASIS/Neurological/language_barrier/spiritual_phone'

2019-04-30 11:10:27 - [MESSAGE][PASSED] - Text '2333242343' is set on object 'Object Repository/OASIS/Neurological/language_barrier/spiritual_phone'

2019-04-30 11:10:27 - [TEST_STEP][PASSED] - delay(1): Delayed 1 second(s)

2019-04-30 11:10:28 - [MESSAGE][PASSED] - Delayed 1 second(s)

2019-04-30 11:10:28 - [TEST_STEP][PASSED] - click(findTestObject("OASIS/Neurological/M1700_1")): Object: 'Object Repository/OASIS/Neurological/M1700_1' is clicked on

2019-04-30 11:10:29 - [MESSAGE][PASSED] - Object: 'Object Repository/OASIS/Neurological/M1700_1' is clicked on

2019-04-30 11:10:29 - [TEST_STEP][PASSED] - delay(1): Delayed 1 second(s)

2019-04-30 11:10:30 - [MESSAGE][PASSED] - Delayed 1 second(s)

2019-04-30 11:10:30 - [TEST_STEP][PASSED] - click(findTestObject("OASIS/Neurological/M1710_2")): Object: 'Object Repository/OASIS/Neurological/M1710_2' is clicked on

2019-04-30 11:10:30 - [MESSAGE][PASSED] - Object: 'Object Repository/OASIS/Neurological/M1710_2' is clicked on

2019-04-30 11:10:30 - [TEST_STEP][PASSED] - delay(1): Delayed 1 second(s)

2019-04-30 11:10:31 - [MESSAGE][PASSED] - Delayed 1 second(s)

2019-04-30 11:10:31 - [TEST_STEP][PASSED] - click(findTestObject("OASIS/Neurological/M1720_2")): Object: 'Object Repository/OASIS/Neurological/M1720_2' is clicked on

2019-04-30 11:10:31 - [MESSAGE][PASSED] - Object: 'Object Repository/OASIS/Neurological/M1720_2' is clicked on

2019-04-30 11:10:31 - [TEST_STEP][PASSED] - delay(1): Delayed 1 second(s)

2019-04-30 11:10:32 - [MESSAGE][PASSED] - Delayed 1 second(s)

2019-04-30 11:10:32 - [TEST_STEP][PASSED] - click(findTestObject("OASIS/Neurological/M1730_1")): Object: 'Object Repository/OASIS/Neurological/M1730_1' is clicked on

2019-04-30 11:10:32 - [MESSAGE][PASSED] - Object: 'Object Repository/OASIS/Neurological/M1730_1' is clicked on

2019-04-30 11:10:32 - [TEST_STEP][PASSED] - delay(1): Delayed 1 second(s)

2019-04-30 11:10:33 - [MESSAGE][PASSED] - Delayed 1 second(s)

2019-04-30 11:10:33 - [TEST_STEP][PASSED] - click(findTestObject("OASIS/Neurological/M1730_a_0")): Object: 'Object Repository/OASIS/Neurological/M1730_a_0' is clicked on

2019-04-30 11:10:33 - [MESSAGE][PASSED] - Object: 'Object Repository/OASIS/Neurological/M1730_a_0' is clicked on

2019-04-30 11:10:33 - [TEST_STEP][PASSED] - delay(1): Delayed 1 second(s)

2019-04-30 11:10:34 - [MESSAGE][PASSED] - Delayed 1 second(s)

2019-04-30 11:10:34 - [TEST_STEP][PASSED] - click(findTestObject("OASIS/Neurological/M1730_b_1")): Object: 'Object Repository/OASIS/Neurological/M1730_b_1' is clicked on

2019-04-30 11:10:34 - [MESSAGE][PASSED] - Object: 'Object Repository/OASIS/Neurological/M1730_b_1' is clicked on

2019-04-30 11:10:34 - [TEST_STEP][PASSED] - delay(1): Delayed 1 second(s)

2019-04-30 11:10:35 - [MESSAGE][PASSED] - Delayed 1 second(s)

2019-04-30 11:10:35 - [TEST_STEP][PASSED] - click(findTestObject("OASIS/Neurological/M1740_1")): Object: 'Object Repository/OASIS/Neurological/M1740_1' is clicked on

2019-04-30 11:10:35 - [MESSAGE][PASSED] - Object: 'Object Repository/OASIS/Neurological/M1740_1' is clicked on

2019-04-30 11:10:35 - [TEST_STEP][PASSED] - delay(1): Delayed 1 second(s)

2019-04-30 11:10:36 - [MESSAGE][PASSED] - Delayed 1 second(s)

2019-04-30 11:10:36 - [TEST_STEP][NOT_RUN] - click(findTestObject("OASIS/Neurological/M1740_2")): NOT_RUN: click(findTestObject("OASIS/Neurological/M1740_2"))

2019-04-30 11:10:36 - [MESSAGE][NOT_RUN] - NOT_RUN: click(findTestObject("OASIS/Neurological/M1740_2"))

2019-04-30 11:10:36 - [TEST_STEP][PASSED] - delay(1): Delayed 1 second(s)

2019-04-30 11:10:37 - [MESSAGE][PASSED] - Delayed 1 second(s)

2019-04-30 11:10:37 - [TEST_STEP][PASSED] - click(findTestObject("OASIS/Neurological/M1740_3")): Object: 'Object Repository/OASIS/Neurological/M1740_3' is clicked on

2019-04-30 11:10:38 - [MESSAGE][PASSED] - Object: 'Object Repository/OASIS/Neurological/M1740_3' is clicked on

2019-04-30 11:10:38 - [TEST_STEP][PASSED] - delay(1): Delayed 1 second(s)

2019-04-30 11:10:39 - [MESSAGE][PASSED] - Delayed 1 second(s)

2019-04-30 11:10:39 - [TEST_STEP][PASSED] - click(findTestObject("OASIS/Neurological/M1740_4")): Object: 'Object Repository/OASIS/Neurological/M1740_4' is clicked on

2019-04-30 11:10:39 - [MESSAGE][PASSED] - Object: 'Object Repository/OASIS/Neurological/M1740_4' is clicked on

2019-04-30 11:10:39 - [TEST_STEP][PASSED] - delay(1): Delayed 1 second(s)

2019-04-30 11:10:40 - [MESSAGE][PASSED] - Delayed 1 second(s)

2019-04-30 11:10:40 - [TEST_STEP][PASSED] - click(findTestObject("OASIS/Neurological/M1740_5")): Object: 'Object Repository/OASIS/Neurological/M1740_5' is clicked on

2019-04-30 11:10:40 - [MESSAGE][PASSED] - Object: 'Object Repository/OASIS/Neurological/M1740_5' is clicked on

2019-04-30 11:10:40 - [TEST_STEP][PASSED] - delay(1): Delayed 1 second(s)

2019-04-30 11:10:41 - [MESSAGE][PASSED] - Delayed 1 second(s)

2019-04-30 11:10:41 - [TEST_STEP][NOT_RUN] - click(findTestObject("OASIS/Neurological/M1740_6")): NOT_RUN: click(findTestObject("OASIS/Neurological/M1740_6"))

2019-04-30 11:10:41 - [MESSAGE][NOT_RUN] - NOT_RUN: click(findTestObject("OASIS/Neurological/M1740_6"))

2019-04-30 11:10:41 - [TEST_STEP][PASSED] - delay(1): Delayed 1 second(s)

2019-04-30 11:10:42 - [MESSAGE][PASSED] - Delayed 1 second(s)

2019-04-30 11:10:42 - [TEST_STEP][PASSED] - click(findTestObject("OASIS/Neurological/M1740_7")): Object: 'Object Repository/OASIS/Neurological/M1740_7' is clicked on

2019-04-30 11:10:42 - [MESSAGE][PASSED] - Object: 'Object Repository/OASIS/Neurological/M1740_7' is clicked on

2019-04-30 11:10:42 - [TEST_STEP][PASSED] - click(findTestObject("OASIS/Neurological/M1745_4")): Object: 'Object Repository/OASIS/Neurological/M1745_4' is clicked on

2019-04-30 11:10:42 - [MESSAGE][PASSED] - Object: 'Object Repository/OASIS/Neurological/M1745_4' is clicked on

2019-04-30 11:10:42 - [TEST_STEP][PASSED] - delay(5): Delayed 5 second(s)

2019-04-30 11:10:47 - [MESSAGE][PASSED] - Delayed 5 second(s)

2019-04-30 11:10:47 - [TEST_STEP][PASSED] - click(findTestObject("OASIS/OASIS_TABS/discardchangesbtn")): Object: 'Object Repository/OASIS/OASIS_TABS/discardchangesbtn' is clicked on

2019-04-30 11:10:48 - [MESSAGE][PASSED] - Object: 'Object Repository/OASIS/OASIS_TABS/discardchangesbtn' is clicked on

2019-04-30 11:10:48 - [TEST_STEP][PASSED] - delay(2): Delayed 2 second(s)

2019-04-30 11:10:50 - [MESSAGE][PASSED] - Delayed 2 second(s)

2019-04-30 11:10:50 - [TEST_STEP][PASSED] - click(findTestObject("OASIS/OASIS_TABS/discardchangesmodalbtn")): Object: 'Object Repository/OASIS/OASIS_TABS/discardchangesmodalbtn' is clicked on

2019-04-30 11:10:50 - [MESSAGE][PASSED] - Object: 'Object Repository/OASIS/OASIS_TABS/discardchangesmodalbtn' is clicked on

2019-04-30 11:10:50 - [TEST_STEP][PASSED] - delay(5): Delayed 5 second(s)

2019-04-30 11:10:55 - [MESSAGE][PASSED] - Delayed 5 second(s)]]></system-out>
         <system-err><![CDATA[]]></system-err>
      </testcase>
      <testcase name="Test Cases/OASIS_SOC/ADLs" classname="Test Cases/OASIS_SOC/ADLs" status="FAILED">
         <failure type="FAILED" message="Test Cases/OASIS_SOC/ADLs FAILED.
Reason:
com.kms.katalon.core.exception.StepFailedException: Unable to click on object 'Object Repository/OASIS/ADLs-IADLs/adls_mucko_status/adls_ms_amputation_l'
	at com.kms.katalon.core.webui.keyword.internal.WebUIKeywordMain.stepFailed(WebUIKeywordMain.groovy:64)
	at com.kms.katalon.core.webui.keyword.internal.WebUIKeywordMain.runKeyword(WebUIKeywordMain.groovy:26)
	at com.kms.katalon.core.webui.keyword.builtin.ClickKeyword.click(ClickKeyword.groovy:86)
	at com.kms.katalon.core.webui.keyword.builtin.ClickKeyword.execute(ClickKeyword.groovy:67)
	at com.kms.katalon.core.keyword.internal.KeywordExecutor.executeKeywordForPlatform(KeywordExecutor.groovy:56)
	at com.kms.katalon.core.webui.keyword.WebUiBuiltInKeywords.click(WebUiBuiltInKeywords.groovy:616)
	at com.kms.katalon.core.webui.keyword.WebUiBuiltInKeywords$click$3.call(Unknown Source)
	at ADLs.run(ADLs:50)
	at com.kms.katalon.core.main.ScriptEngine.run(ScriptEngine.java:194)
	at com.kms.katalon.core.main.ScriptEngine.runScriptAsRawText(ScriptEngine.java:119)
	at com.kms.katalon.core.main.TestCaseExecutor.runScript(TestCaseExecutor.java:342)
	at com.kms.katalon.core.main.TestCaseExecutor.doExecute(TestCaseExecutor.java:333)
	at com.kms.katalon.core.main.TestCaseExecutor.processExecutionPhase(TestCaseExecutor.java:312)
	at com.kms.katalon.core.main.TestCaseExecutor.accessMainPhase(TestCaseExecutor.java:304)
	at com.kms.katalon.core.main.TestCaseExecutor.execute(TestCaseExecutor.java:238)
	at com.kms.katalon.core.main.TestSuiteExecutor.accessTestCaseMainPhase(TestSuiteExecutor.java:129)
	at com.kms.katalon.core.main.TestSuiteExecutor.accessTestSuiteMainPhase(TestSuiteExecutor.java:112)
	at com.kms.katalon.core.main.TestSuiteExecutor.execute(TestSuiteExecutor.java:81)
	at com.kms.katalon.core.main.TestCaseMain.startTestSuite(TestCaseMain.java:157)
	at com.kms.katalon.core.main.TestCaseMain$startTestSuite$0.call(Unknown Source)
	at TempTestSuite1556593525781.run(TempTestSuite1556593525781.groovy:35)
Caused by: org.openqa.selenium.WebDriverException: unknown error: Element &lt;input type=&quot;checkbox&quot; rname=&quot;SOOADL0078&quot; checklist-value=&quot;list.val&quot; ng-model=&quot;checked&quot; class=&quot;ng-scope ng-pristine ng-untouched ng-valid ng-not-empty&quot; checklist-model=&quot;pi.SOOADL0078&quot;> is not clickable at point (720, 9). Other element would receive the click: &lt;div class=&quot;horizontal__inline&quot;>...&lt;/div>
  (Session info: chrome=73.0.3683.103)
  (Driver info: chromedriver=73.0.3683.68 (47787ec04b6e38e22703e856e101e840b65afe72),platform=Windows NT 10.0.17134 x86_64) (WARNING: The server did not provide any stacktrace information)
Command duration or timeout: 0 milliseconds
Build info: version: '3.7.1', revision: '8a0099a', time: '2017-11-06T21:07:36.161Z'
System info: host: 'DESKTOP-IKQI3RS', ip: '192.168.2.37', os.name: 'Windows 10', os.arch: 'amd64', os.version: '10.0', java.version: '1.8.0_181'
Driver info: com.kms.katalon.selenium.driver.CChromeDriver
Capabilities {acceptInsecureCerts: false, acceptSslCerts: false, applicationCacheEnabled: false, browserConnectionEnabled: false, browserName: chrome, chrome: {chromedriverVersion: 73.0.3683.68 (47787ec04b6e3..., userDataDir: C:\Users\KHENAR~1\AppData\L...}, cssSelectorsEnabled: true, databaseEnabled: false, goog:chromeOptions: {debuggerAddress: localhost:53747}, handlesAlerts: true, hasTouchScreen: false, javascriptEnabled: true, locationContextEnabled: true, mobileEmulationEnabled: false, nativeEvents: true, networkConnectionEnabled: false, pageLoadStrategy: normal, platform: XP, platformName: XP, proxy: Proxy(direct), rotatable: false, setWindowRect: true, strictFileInteractability: false, takesHeapSnapshot: true, takesScreenshot: true, timeouts: {implicit: 0, pageLoad: 300000, script: 30000}, unexpectedAlertBehaviour: ignore, unhandledPromptBehavior: ignore, version: 73.0.3683.103, webStorageEnabled: true}
Session ID: aaf3d7fd5e370ba562f986de5554a30a
	at org.openqa.selenium.remote.ErrorHandler.createThrowable(ErrorHandler.java:214)
	at org.openqa.selenium.remote.ErrorHandler.throwIfResponseFailed(ErrorHandler.java:166)
	at org.openqa.selenium.remote.http.JsonHttpResponseCodec.reconstructValue(JsonHttpResponseCodec.java:40)
	at org.openqa.selenium.remote.http.AbstractHttpResponseCodec.decode(AbstractHttpResponseCodec.java:80)
	at org.openqa.selenium.remote.http.AbstractHttpResponseCodec.decode(AbstractHttpResponseCodec.java:44)
	at org.openqa.selenium.remote.HttpCommandExecutor.execute(HttpCommandExecutor.java:164)
	at org.openqa.selenium.remote.service.DriverCommandExecutor.execute(DriverCommandExecutor.java:83)
	at org.openqa.selenium.remote.RemoteWebDriver.execute(RemoteWebDriver.java:600)
	at com.kms.katalon.selenium.driver.CChromeDriver.execute(CChromeDriver.java:20)
	at org.openqa.selenium.remote.RemoteWebElement.execute(RemoteWebElement.java:279)
	at org.openqa.selenium.remote.RemoteWebElement.click(RemoteWebElement.java:83)
	at com.kms.katalon.core.webui.keyword.builtin.ClickKeyword$_click_closure1.doCall(ClickKeyword.groovy:79)
	at com.kms.katalon.core.webui.keyword.builtin.ClickKeyword$_click_closure1.call(ClickKeyword.groovy)
	at com.kms.katalon.core.webui.keyword.internal.WebUIKeywordMain.runKeyword(WebUIKeywordMain.groovy:20)
	at com.kms.katalon.core.webui.keyword.builtin.ClickKeyword.click(ClickKeyword.groovy:86)
	at com.kms.katalon.core.webui.keyword.builtin.ClickKeyword.execute(ClickKeyword.groovy:67)
	at com.kms.katalon.core.keyword.internal.KeywordExecutor.executeKeywordForPlatform(KeywordExecutor.groovy:56)
	at com.kms.katalon.core.webui.keyword.WebUiBuiltInKeywords.click(WebUiBuiltInKeywords.groovy:616)
	at com.kms.katalon.core.webui.keyword.WebUiBuiltInKeywords$click$3.call(Unknown Source)
	at Script1556082449579.run(Script1556082449579.groovy:50)
	... 13 more
"/>
         <system-out><![CDATA[2019-04-30 11:10:55 - [TEST_CASE][FAILED] - Test Cases/OASIS_SOC/ADLs: Test Cases/OASIS_SOC/ADLs FAILED.
Reason:
com.kms.katalon.core.exception.StepFailedException: Unable to click on object 'Object Repository/OASIS/ADLs-IADLs/adls_mucko_status/adls_ms_amputation_l'
	at com.kms.katalon.core.webui.keyword.internal.WebUIKeywordMain.stepFailed(WebUIKeywordMain.groovy:64)
	at com.kms.katalon.core.webui.keyword.internal.WebUIKeywordMain.runKeyword(WebUIKeywordMain.groovy:26)
	at com.kms.katalon.core.webui.keyword.builtin.ClickKeyword.click(ClickKeyword.groovy:86)
	at com.kms.katalon.core.webui.keyword.builtin.ClickKeyword.execute(ClickKeyword.groovy:67)
	at com.kms.katalon.core.keyword.internal.KeywordExecutor.executeKeywordForPlatform(KeywordExecutor.groovy:56)
	at com.kms.katalon.core.webui.keyword.WebUiBuiltInKeywords.click(WebUiBuiltInKeywords.groovy:616)
	at com.kms.katalon.core.webui.keyword.WebUiBuiltInKeywords$click$3.call(Unknown Source)
	at ADLs.run(ADLs:50)
	at com.kms.katalon.core.main.ScriptEngine.run(ScriptEngine.java:194)
	at com.kms.katalon.core.main.ScriptEngine.runScriptAsRawText(ScriptEngine.java:119)
	at com.kms.katalon.core.main.TestCaseExecutor.runScript(TestCaseExecutor.java:342)
	at com.kms.katalon.core.main.TestCaseExecutor.doExecute(TestCaseExecutor.java:333)
	at com.kms.katalon.core.main.TestCaseExecutor.processExecutionPhase(TestCaseExecutor.java:312)
	at com.kms.katalon.core.main.TestCaseExecutor.accessMainPhase(TestCaseExecutor.java:304)
	at com.kms.katalon.core.main.TestCaseExecutor.execute(TestCaseExecutor.java:238)
	at com.kms.katalon.core.main.TestSuiteExecutor.accessTestCaseMainPhase(TestSuiteExecutor.java:129)
	at com.kms.katalon.core.main.TestSuiteExecutor.accessTestSuiteMainPhase(TestSuiteExecutor.java:112)
	at com.kms.katalon.core.main.TestSuiteExecutor.execute(TestSuiteExecutor.java:81)
	at com.kms.katalon.core.main.TestCaseMain.startTestSuite(TestCaseMain.java:157)
	at com.kms.katalon.core.main.TestCaseMain$startTestSuite$0.call(Unknown Source)
	at TempTestSuite1556593525781.run(TempTestSuite1556593525781.groovy:35)
Caused by: org.openqa.selenium.WebDriverException: unknown error: Element <input type="checkbox" rname="SOOADL0078" checklist-value="list.val" ng-model="checked" class="ng-scope ng-pristine ng-untouched ng-valid ng-not-empty" checklist-model="pi.SOOADL0078"> is not clickable at point (720, 9). Other element would receive the click: <div class="horizontal__inline">...</div>
  (Session info: chrome=73.0.3683.103)
  (Driver info: chromedriver=73.0.3683.68 (47787ec04b6e38e22703e856e101e840b65afe72),platform=Windows NT 10.0.17134 x86_64) (WARNING: The server did not provide any stacktrace information)
Command duration or timeout: 0 milliseconds
Build info: version: '3.7.1', revision: '8a0099a', time: '2017-11-06T21:07:36.161Z'
System info: host: 'DESKTOP-IKQI3RS', ip: '192.168.2.37', os.name: 'Windows 10', os.arch: 'amd64', os.version: '10.0', java.version: '1.8.0_181'
Driver info: com.kms.katalon.selenium.driver.CChromeDriver
Capabilities {acceptInsecureCerts: false, acceptSslCerts: false, applicationCacheEnabled: false, browserConnectionEnabled: false, browserName: chrome, chrome: {chromedriverVersion: 73.0.3683.68 (47787ec04b6e3..., userDataDir: C:\Users\KHENAR~1\AppData\L...}, cssSelectorsEnabled: true, databaseEnabled: false, goog:chromeOptions: {debuggerAddress: localhost:53747}, handlesAlerts: true, hasTouchScreen: false, javascriptEnabled: true, locationContextEnabled: true, mobileEmulationEnabled: false, nativeEvents: true, networkConnectionEnabled: false, pageLoadStrategy: normal, platform: XP, platformName: XP, proxy: Proxy(direct), rotatable: false, setWindowRect: true, strictFileInteractability: false, takesHeapSnapshot: true, takesScreenshot: true, timeouts: {implicit: 0, pageLoad: 300000, script: 30000}, unexpectedAlertBehaviour: ignore, unhandledPromptBehavior: ignore, version: 73.0.3683.103, webStorageEnabled: true}
Session ID: aaf3d7fd5e370ba562f986de5554a30a
	at org.openqa.selenium.remote.ErrorHandler.createThrowable(ErrorHandler.java:214)
	at org.openqa.selenium.remote.ErrorHandler.throwIfResponseFailed(ErrorHandler.java:166)
	at org.openqa.selenium.remote.http.JsonHttpResponseCodec.reconstructValue(JsonHttpResponseCodec.java:40)
	at org.openqa.selenium.remote.http.AbstractHttpResponseCodec.decode(AbstractHttpResponseCodec.java:80)
	at org.openqa.selenium.remote.http.AbstractHttpResponseCodec.decode(AbstractHttpResponseCodec.java:44)
	at org.openqa.selenium.remote.HttpCommandExecutor.execute(HttpCommandExecutor.java:164)
	at org.openqa.selenium.remote.service.DriverCommandExecutor.execute(DriverCommandExecutor.java:83)
	at org.openqa.selenium.remote.RemoteWebDriver.execute(RemoteWebDriver.java:600)
	at com.kms.katalon.selenium.driver.CChromeDriver.execute(CChromeDriver.java:20)
	at org.openqa.selenium.remote.RemoteWebElement.execute(RemoteWebElement.java:279)
	at org.openqa.selenium.remote.RemoteWebElement.click(RemoteWebElement.java:83)
	at com.kms.katalon.core.webui.keyword.builtin.ClickKeyword$_click_closure1.doCall(ClickKeyword.groovy:79)
	at com.kms.katalon.core.webui.keyword.builtin.ClickKeyword$_click_closure1.call(ClickKeyword.groovy)
	at com.kms.katalon.core.webui.keyword.internal.WebUIKeywordMain.runKeyword(WebUIKeywordMain.groovy:20)
	at com.kms.katalon.core.webui.keyword.builtin.ClickKeyword.click(ClickKeyword.groovy:86)
	at com.kms.katalon.core.webui.keyword.builtin.ClickKeyword.execute(ClickKeyword.groovy:67)
	at com.kms.katalon.core.keyword.internal.KeywordExecutor.executeKeywordForPlatform(KeywordExecutor.groovy:56)
	at com.kms.katalon.core.webui.keyword.WebUiBuiltInKeywords.click(WebUiBuiltInKeywords.groovy:616)
	at com.kms.katalon.core.webui.keyword.WebUiBuiltInKeywords$click$3.call(Unknown Source)
	at Script1556082449579.run(Script1556082449579.groovy:50)
	... 13 more


2019-04-30 11:10:55 - [TEST_STEP][PASSED] - click(findTestObject("OASIS/OASIS_TABS/ADL_tab")): Object: 'Object Repository/OASIS/OASIS_TABS/ADL_tab' is clicked on

2019-04-30 11:10:55 - [MESSAGE][PASSED] - Object: 'Object Repository/OASIS/OASIS_TABS/ADL_tab' is clicked on

2019-04-30 11:10:55 - [TEST_STEP][PASSED] - delay(5): Delayed 5 second(s)

2019-04-30 11:11:00 - [MESSAGE][PASSED] - Delayed 5 second(s)

2019-04-30 11:11:00 - [TEST_STEP][PASSED] - click(findTestObject("OASIS/ADLs-IADLs/adls_mucko_status/adls_ms_muscle_strength_strong")): Object: 'Object Repository/OASIS/ADLs-IADLs/adls_mucko_status/adls_ms_muscle_strength_strong' is clicked on

2019-04-30 11:11:00 - [MESSAGE][PASSED] - Object: 'Object Repository/OASIS/ADLs-IADLs/adls_mucko_status/adls_ms_muscle_strength_strong' is clicked on

2019-04-30 11:11:00 - [TEST_STEP][PASSED] - click(findTestObject("OASIS/ADLs-IADLs/adls_mucko_status/adls_ms_rom_limited")): Object: 'Object Repository/OASIS/ADLs-IADLs/adls_mucko_status/adls_ms_rom_limited' is clicked on

2019-04-30 11:11:00 - [MESSAGE][PASSED] - Object: 'Object Repository/OASIS/ADLs-IADLs/adls_mucko_status/adls_ms_rom_limited' is clicked on

2019-04-30 11:11:00 - [TEST_STEP][PASSED] - click(findTestObject("OASIS/ADLs-IADLs/adls_mucko_status/adls_ms_loc_lue")): Object: 'Object Repository/OASIS/ADLs-IADLs/adls_mucko_status/adls_ms_loc_lue' is clicked on

2019-04-30 11:11:01 - [MESSAGE][PASSED] - Object: 'Object Repository/OASIS/ADLs-IADLs/adls_mucko_status/adls_ms_loc_lue' is clicked on

2019-04-30 11:11:01 - [TEST_STEP][PASSED] - click(findTestObject("OASIS/ADLs-IADLs/adls_mucko_status/adls_ms_loc_rue")): Object: 'Object Repository/OASIS/ADLs-IADLs/adls_mucko_status/adls_ms_loc_rue' is clicked on

2019-04-30 11:11:01 - [MESSAGE][PASSED] - Object: 'Object Repository/OASIS/ADLs-IADLs/adls_mucko_status/adls_ms_loc_rue' is clicked on

2019-04-30 11:11:01 - [TEST_STEP][PASSED] - click(findTestObject("OASIS/ADLs-IADLs/adls_mucko_status/adls_ms_loc_lle")): Object: 'Object Repository/OASIS/ADLs-IADLs/adls_mucko_status/adls_ms_loc_lle' is clicked on

2019-04-30 11:11:01 - [MESSAGE][PASSED] - Object: 'Object Repository/OASIS/ADLs-IADLs/adls_mucko_status/adls_ms_loc_lle' is clicked on

2019-04-30 11:11:01 - [TEST_STEP][PASSED] - click(findTestObject("OASIS/ADLs-IADLs/adls_mucko_status/adls_ms_loc_rle")): Object: 'Object Repository/OASIS/ADLs-IADLs/adls_mucko_status/adls_ms_loc_rle' is clicked on

2019-04-30 11:11:01 - [MESSAGE][PASSED] - Object: 'Object Repository/OASIS/ADLs-IADLs/adls_mucko_status/adls_ms_loc_rle' is clicked on

2019-04-30 11:11:01 - [TEST_STEP][PASSED] - click(findTestObject("OASIS/ADLs-IADLs/adls_mucko_status/adls_ms_bedmob_independent")): Object: 'Object Repository/OASIS/ADLs-IADLs/adls_mucko_status/adls_ms_bedmob_independent' is clicked on

2019-04-30 11:11:02 - [MESSAGE][PASSED] - Object: 'Object Repository/OASIS/ADLs-IADLs/adls_mucko_status/adls_ms_bedmob_independent' is clicked on

2019-04-30 11:11:02 - [TEST_STEP][PASSED] - click(findTestObject("OASIS/ADLs-IADLs/adls_mucko_status/adls_ms_transferab_moderate")): Object: 'Object Repository/OASIS/ADLs-IADLs/adls_mucko_status/adls_ms_transferab_moderate' is clicked on

2019-04-30 11:11:02 - [MESSAGE][PASSED] - Object: 'Object Repository/OASIS/ADLs-IADLs/adls_mucko_status/adls_ms_transferab_moderate' is clicked on

2019-04-30 11:11:02 - [TEST_STEP][PASSED] - click(findTestObject("OASIS/ADLs-IADLs/adls_mucko_status/adls_ms_gait_steady")): Object: 'Object Repository/OASIS/ADLs-IADLs/adls_mucko_status/adls_ms_gait_steady' is clicked on

2019-04-30 11:11:02 - [MESSAGE][PASSED] - Object: 'Object Repository/OASIS/ADLs-IADLs/adls_mucko_status/adls_ms_gait_steady' is clicked on

2019-04-30 11:11:02 - [TEST_STEP][PASSED] - click(findTestObject("OASIS/ADLs-IADLs/adls_mucko_status/adls_ms_balance_fair")): Object: 'Object Repository/OASIS/ADLs-IADLs/adls_mucko_status/adls_ms_balance_fair' is clicked on

2019-04-30 11:11:02 - [MESSAGE][PASSED] - Object: 'Object Repository/OASIS/ADLs-IADLs/adls_mucko_status/adls_ms_balance_fair' is clicked on

2019-04-30 11:11:02 - [TEST_STEP][PASSED] - click(findTestObject("OASIS/ADLs-IADLs/adls_mucko_status/adls_ms_riskfalls_high")): Object: 'Object Repository/OASIS/ADLs-IADLs/adls_mucko_status/adls_ms_riskfalls_high' is clicked on

2019-04-30 11:11:03 - [MESSAGE][PASSED] - Object: 'Object Repository/OASIS/ADLs-IADLs/adls_mucko_status/adls_ms_riskfalls_high' is clicked on

2019-04-30 11:11:03 - [TEST_STEP][PASSED] - click(findTestObject("OASIS/ADLs-IADLs/adls_mucko_status/adls_ms_amputation_bk")): Object: 'Object Repository/OASIS/ADLs-IADLs/adls_mucko_status/adls_ms_amputation_bk' is clicked on

2019-04-30 11:11:03 - [MESSAGE][PASSED] - Object: 'Object Repository/OASIS/ADLs-IADLs/adls_mucko_status/adls_ms_amputation_bk' is clicked on

2019-04-30 11:11:03 - [TEST_STEP][PASSED] - click(findTestObject("OASIS/ADLs-IADLs/adls_mucko_status/adls_ms_amputation_ak")): Object: 'Object Repository/OASIS/ADLs-IADLs/adls_mucko_status/adls_ms_amputation_ak' is clicked on

2019-04-30 11:11:03 - [MESSAGE][PASSED] - Object: 'Object Repository/OASIS/ADLs-IADLs/adls_mucko_status/adls_ms_amputation_ak' is clicked on

2019-04-30 11:11:03 - [TEST_STEP][PASSED] - click(findTestObject("OASIS/ADLs-IADLs/adls_mucko_status/adls_ms_amputation_ue")): Object: 'Object Repository/OASIS/ADLs-IADLs/adls_mucko_status/adls_ms_amputation_ue' is clicked on

2019-04-30 11:11:03 - [MESSAGE][PASSED] - Object: 'Object Repository/OASIS/ADLs-IADLs/adls_mucko_status/adls_ms_amputation_ue' is clicked on

2019-04-30 11:11:03 - [TEST_STEP][PASSED] - setText(findTestObject("OASIS/ADLs-IADLs/adls_mucko_status/adls_ms_amputation_tf"), "Sample Text"): Text 'Sample Text' is set on object 'Object Repository/OASIS/ADLs-IADLs/adls_mucko_status/adls_ms_amputation_tf'

2019-04-30 11:11:05 - [MESSAGE][PASSED] - Text 'Sample Text' is set on object 'Object Repository/OASIS/ADLs-IADLs/adls_mucko_status/adls_ms_amputation_tf'

2019-04-30 11:11:05 - [TEST_STEP][FAILED] - click(findTestObject("OASIS/ADLs-IADLs/adls_mucko_status/adls_ms_amputation_l")): click(findTestObject("OASIS/ADLs-IADLs/adls_mucko_status/adls_ms_amputation_l")) FAILED.
Reason:
com.kms.katalon.core.exception.StepFailedException: Unable to click on object 'Object Repository/OASIS/ADLs-IADLs/adls_mucko_status/adls_ms_amputation_l'
	at com.kms.katalon.core.webui.keyword.internal.WebUIKeywordMain.stepFailed(WebUIKeywordMain.groovy:64)
	at com.kms.katalon.core.webui.keyword.internal.WebUIKeywordMain.runKeyword(WebUIKeywordMain.groovy:26)
	at com.kms.katalon.core.webui.keyword.builtin.ClickKeyword.click(ClickKeyword.groovy:86)
	at com.kms.katalon.core.webui.keyword.builtin.ClickKeyword.execute(ClickKeyword.groovy:67)
	at com.kms.katalon.core.keyword.internal.KeywordExecutor.executeKeywordForPlatform(KeywordExecutor.groovy:56)
	at com.kms.katalon.core.webui.keyword.WebUiBuiltInKeywords.click(WebUiBuiltInKeywords.groovy:616)
	at com.kms.katalon.core.webui.keyword.WebUiBuiltInKeywords$click$3.call(Unknown Source)
	at ADLs.run(ADLs:50)
	at com.kms.katalon.core.main.ScriptEngine.run(ScriptEngine.java:194)
	at com.kms.katalon.core.main.ScriptEngine.runScriptAsRawText(ScriptEngine.java:119)
	at com.kms.katalon.core.main.TestCaseExecutor.runScript(TestCaseExecutor.java:342)
	at com.kms.katalon.core.main.TestCaseExecutor.doExecute(TestCaseExecutor.java:333)
	at com.kms.katalon.core.main.TestCaseExecutor.processExecutionPhase(TestCaseExecutor.java:312)
	at com.kms.katalon.core.main.TestCaseExecutor.accessMainPhase(TestCaseExecutor.java:304)
	at com.kms.katalon.core.main.TestCaseExecutor.execute(TestCaseExecutor.java:238)
	at com.kms.katalon.core.main.TestSuiteExecutor.accessTestCaseMainPhase(TestSuiteExecutor.java:129)
	at com.kms.katalon.core.main.TestSuiteExecutor.accessTestSuiteMainPhase(TestSuiteExecutor.java:112)
	at com.kms.katalon.core.main.TestSuiteExecutor.execute(TestSuiteExecutor.java:81)
	at com.kms.katalon.core.main.TestCaseMain.startTestSuite(TestCaseMain.java:157)
	at com.kms.katalon.core.main.TestCaseMain$startTestSuite$0.call(Unknown Source)
	at TempTestSuite1556593525781.run(TempTestSuite1556593525781.groovy:35)
Caused by: org.openqa.selenium.WebDriverException: unknown error: Element <input type="checkbox" rname="SOOADL0078" checklist-value="list.val" ng-model="checked" class="ng-scope ng-pristine ng-untouched ng-valid ng-not-empty" checklist-model="pi.SOOADL0078"> is not clickable at point (720, 9). Other element would receive the click: <div class="horizontal__inline">...</div>
  (Session info: chrome=73.0.3683.103)
  (Driver info: chromedriver=73.0.3683.68 (47787ec04b6e38e22703e856e101e840b65afe72),platform=Windows NT 10.0.17134 x86_64) (WARNING: The server did not provide any stacktrace information)
Command duration or timeout: 0 milliseconds
Build info: version: '3.7.1', revision: '8a0099a', time: '2017-11-06T21:07:36.161Z'
System info: host: 'DESKTOP-IKQI3RS', ip: '192.168.2.37', os.name: 'Windows 10', os.arch: 'amd64', os.version: '10.0', java.version: '1.8.0_181'
Driver info: com.kms.katalon.selenium.driver.CChromeDriver
Capabilities {acceptInsecureCerts: false, acceptSslCerts: false, applicationCacheEnabled: false, browserConnectionEnabled: false, browserName: chrome, chrome: {chromedriverVersion: 73.0.3683.68 (47787ec04b6e3..., userDataDir: C:\Users\KHENAR~1\AppData\L...}, cssSelectorsEnabled: true, databaseEnabled: false, goog:chromeOptions: {debuggerAddress: localhost:53747}, handlesAlerts: true, hasTouchScreen: false, javascriptEnabled: true, locationContextEnabled: true, mobileEmulationEnabled: false, nativeEvents: true, networkConnectionEnabled: false, pageLoadStrategy: normal, platform: XP, platformName: XP, proxy: Proxy(direct), rotatable: false, setWindowRect: true, strictFileInteractability: false, takesHeapSnapshot: true, takesScreenshot: true, timeouts: {implicit: 0, pageLoad: 300000, script: 30000}, unexpectedAlertBehaviour: ignore, unhandledPromptBehavior: ignore, version: 73.0.3683.103, webStorageEnabled: true}
Session ID: aaf3d7fd5e370ba562f986de5554a30a
	at org.openqa.selenium.remote.ErrorHandler.createThrowable(ErrorHandler.java:214)
	at org.openqa.selenium.remote.ErrorHandler.throwIfResponseFailed(ErrorHandler.java:166)
	at org.openqa.selenium.remote.http.JsonHttpResponseCodec.reconstructValue(JsonHttpResponseCodec.java:40)
	at org.openqa.selenium.remote.http.AbstractHttpResponseCodec.decode(AbstractHttpResponseCodec.java:80)
	at org.openqa.selenium.remote.http.AbstractHttpResponseCodec.decode(AbstractHttpResponseCodec.java:44)
	at org.openqa.selenium.remote.HttpCommandExecutor.execute(HttpCommandExecutor.java:164)
	at org.openqa.selenium.remote.service.DriverCommandExecutor.execute(DriverCommandExecutor.java:83)
	at org.openqa.selenium.remote.RemoteWebDriver.execute(RemoteWebDriver.java:600)
	at com.kms.katalon.selenium.driver.CChromeDriver.execute(CChromeDriver.java:20)
	at org.openqa.selenium.remote.RemoteWebElement.execute(RemoteWebElement.java:279)
	at org.openqa.selenium.remote.RemoteWebElement.click(RemoteWebElement.java:83)
	at com.kms.katalon.core.webui.keyword.builtin.ClickKeyword$_click_closure1.doCall(ClickKeyword.groovy:79)
	at com.kms.katalon.core.webui.keyword.builtin.ClickKeyword$_click_closure1.call(ClickKeyword.groovy)
	at com.kms.katalon.core.webui.keyword.internal.WebUIKeywordMain.runKeyword(WebUIKeywordMain.groovy:20)
	at com.kms.katalon.core.webui.keyword.builtin.ClickKeyword.click(ClickKeyword.groovy:86)
	at com.kms.katalon.core.webui.keyword.builtin.ClickKeyword.execute(ClickKeyword.groovy:67)
	at com.kms.katalon.core.keyword.internal.KeywordExecutor.executeKeywordForPlatform(KeywordExecutor.groovy:56)
	at com.kms.katalon.core.webui.keyword.WebUiBuiltInKeywords.click(WebUiBuiltInKeywords.groovy:616)
	at com.kms.katalon.core.webui.keyword.WebUiBuiltInKeywords$click$3.call(Unknown Source)
	at Script1556082449579.run(Script1556082449579.groovy:50)
	... 13 more


2019-04-30 11:11:05 - [MESSAGE][FAILED] - Unable to click on object 'Object Repository/OASIS/ADLs-IADLs/adls_mucko_status/adls_ms_amputation_l' (Root cause: com.kms.katalon.core.exception.StepFailedException: Unable to click on object 'Object Repository/OASIS/ADLs-IADLs/adls_mucko_status/adls_ms_amputation_l'
	at com.kms.katalon.core.webui.keyword.internal.WebUIKeywordMain.stepFailed(WebUIKeywordMain.groovy:64)
	at com.kms.katalon.core.webui.keyword.internal.WebUIKeywordMain.runKeyword(WebUIKeywordMain.groovy:26)
	at com.kms.katalon.core.webui.keyword.builtin.ClickKeyword.click(ClickKeyword.groovy:86)
	at com.kms.katalon.core.webui.keyword.builtin.ClickKeyword.execute(ClickKeyword.groovy:67)
	at com.kms.katalon.core.keyword.internal.KeywordExecutor.executeKeywordForPlatform(KeywordExecutor.groovy:56)
	at com.kms.katalon.core.webui.keyword.WebUiBuiltInKeywords.click(WebUiBuiltInKeywords.groovy:616)
	at com.kms.katalon.core.webui.keyword.WebUiBuiltInKeywords$click$3.call(Unknown Source)
	at ADLs.run(ADLs:50)
	at com.kms.katalon.core.main.ScriptEngine.run(ScriptEngine.java:194)
	at com.kms.katalon.core.main.ScriptEngine.runScriptAsRawText(ScriptEngine.java:119)
	at com.kms.katalon.core.main.TestCaseExecutor.runScript(TestCaseExecutor.java:342)
	at com.kms.katalon.core.main.TestCaseExecutor.doExecute(TestCaseExecutor.java:333)
	at com.kms.katalon.core.main.TestCaseExecutor.processExecutionPhase(TestCaseExecutor.java:312)
	at com.kms.katalon.core.main.TestCaseExecutor.accessMainPhase(TestCaseExecutor.java:304)
	at com.kms.katalon.core.main.TestCaseExecutor.execute(TestCaseExecutor.java:238)
	at com.kms.katalon.core.main.TestSuiteExecutor.accessTestCaseMainPhase(TestSuiteExecutor.java:129)
	at com.kms.katalon.core.main.TestSuiteExecutor.accessTestSuiteMainPhase(TestSuiteExecutor.java:112)
	at com.kms.katalon.core.main.TestSuiteExecutor.execute(TestSuiteExecutor.java:81)
	at com.kms.katalon.core.main.TestCaseMain.startTestSuite(TestCaseMain.java:157)
	at com.kms.katalon.core.main.TestCaseMain$startTestSuite$0.call(Unknown Source)
	at TempTestSuite1556593525781.run(TempTestSuite1556593525781.groovy:35)
Caused by: org.openqa.selenium.WebDriverException: unknown error: Element <input type="checkbox" rname="SOOADL0078" checklist-value="list.val" ng-model="checked" class="ng-scope ng-pristine ng-untouched ng-valid ng-not-empty" checklist-model="pi.SOOADL0078"> is not clickable at point (720, 9). Other element would receive the click: <div class="horizontal__inline">...</div>
  (Session info: chrome=73.0.3683.103)
  (Driver info: chromedriver=73.0.3683.68 (47787ec04b6e38e22703e856e101e840b65afe72),platform=Windows NT 10.0.17134 x86_64) (WARNING: The server did not provide any stacktrace information)
Command duration or timeout: 0 milliseconds
Build info: version: '3.7.1', revision: '8a0099a', time: '2017-11-06T21:07:36.161Z'
System info: host: 'DESKTOP-IKQI3RS', ip: '192.168.2.37', os.name: 'Windows 10', os.arch: 'amd64', os.version: '10.0', java.version: '1.8.0_181'
Driver info: com.kms.katalon.selenium.driver.CChromeDriver
Capabilities {acceptInsecureCerts: false, acceptSslCerts: false, applicationCacheEnabled: false, browserConnectionEnabled: false, browserName: chrome, chrome: {chromedriverVersion: 73.0.3683.68 (47787ec04b6e3..., userDataDir: C:\Users\KHENAR~1\AppData\L...}, cssSelectorsEnabled: true, databaseEnabled: false, goog:chromeOptions: {debuggerAddress: localhost:53747}, handlesAlerts: true, hasTouchScreen: false, javascriptEnabled: true, locationContextEnabled: true, mobileEmulationEnabled: false, nativeEvents: true, networkConnectionEnabled: false, pageLoadStrategy: normal, platform: XP, platformName: XP, proxy: Proxy(direct), rotatable: false, setWindowRect: true, strictFileInteractability: false, takesHeapSnapshot: true, takesScreenshot: true, timeouts: {implicit: 0, pageLoad: 300000, script: 30000}, unexpectedAlertBehaviour: ignore, unhandledPromptBehavior: ignore, version: 73.0.3683.103, webStorageEnabled: true}
Session ID: aaf3d7fd5e370ba562f986de5554a30a
	at org.openqa.selenium.remote.ErrorHandler.createThrowable(ErrorHandler.java:214)
	at org.openqa.selenium.remote.ErrorHandler.throwIfResponseFailed(ErrorHandler.java:166)
	at org.openqa.selenium.remote.http.JsonHttpResponseCodec.reconstructValue(JsonHttpResponseCodec.java:40)
	at org.openqa.selenium.remote.http.AbstractHttpResponseCodec.decode(AbstractHttpResponseCodec.java:80)
	at org.openqa.selenium.remote.http.AbstractHttpResponseCodec.decode(AbstractHttpResponseCodec.java:44)
	at org.openqa.selenium.remote.HttpCommandExecutor.execute(HttpCommandExecutor.java:164)
	at org.openqa.selenium.remote.service.DriverCommandExecutor.execute(DriverCommandExecutor.java:83)
	at org.openqa.selenium.remote.RemoteWebDriver.execute(RemoteWebDriver.java:600)
	at com.kms.katalon.selenium.driver.CChromeDriver.execute(CChromeDriver.java:20)
	at org.openqa.selenium.remote.RemoteWebElement.execute(RemoteWebElement.java:279)
	at org.openqa.selenium.remote.RemoteWebElement.click(RemoteWebElement.java:83)
	at com.kms.katalon.core.webui.keyword.builtin.ClickKeyword$_click_closure1.doCall(ClickKeyword.groovy:79)
	at com.kms.katalon.core.webui.keyword.builtin.ClickKeyword$_click_closure1.call(ClickKeyword.groovy)
	at com.kms.katalon.core.webui.keyword.internal.WebUIKeywordMain.runKeyword(WebUIKeywordMain.groovy:20)
	at com.kms.katalon.core.webui.keyword.builtin.ClickKeyword.click(ClickKeyword.groovy:86)
	at com.kms.katalon.core.webui.keyword.builtin.ClickKeyword.execute(ClickKeyword.groovy:67)
	at com.kms.katalon.core.keyword.internal.KeywordExecutor.executeKeywordForPlatform(KeywordExecutor.groovy:56)
	at com.kms.katalon.core.webui.keyword.WebUiBuiltInKeywords.click(WebUiBuiltInKeywords.groovy:616)
	at com.kms.katalon.core.webui.keyword.WebUiBuiltInKeywords$click$3.call(Unknown Source)
	at Script1556082449579.run(Script1556082449579.groovy:50)
	... 13 more
)
[[ATTACHMENT|C:\\Users\\Khenard Figuracion\\git\\healthcareProject\\Reports\\automation_compiled\\20190430_110525\\1556593865202.png]]

2019-04-30 11:11:05 - [MESSAGE][FAILED] - click(findTestObject("OASIS/ADLs-IADLs/adls_mucko_status/adls_ms_amputation_l")) FAILED.
Reason:
com.kms.katalon.core.exception.StepFailedException: Unable to click on object 'Object Repository/OASIS/ADLs-IADLs/adls_mucko_status/adls_ms_amputation_l'
	at com.kms.katalon.core.webui.keyword.internal.WebUIKeywordMain.stepFailed(WebUIKeywordMain.groovy:64)
	at com.kms.katalon.core.webui.keyword.internal.WebUIKeywordMain.runKeyword(WebUIKeywordMain.groovy:26)
	at com.kms.katalon.core.webui.keyword.builtin.ClickKeyword.click(ClickKeyword.groovy:86)
	at com.kms.katalon.core.webui.keyword.builtin.ClickKeyword.execute(ClickKeyword.groovy:67)
	at com.kms.katalon.core.keyword.internal.KeywordExecutor.executeKeywordForPlatform(KeywordExecutor.groovy:56)
	at com.kms.katalon.core.webui.keyword.WebUiBuiltInKeywords.click(WebUiBuiltInKeywords.groovy:616)
	at com.kms.katalon.core.webui.keyword.WebUiBuiltInKeywords$click$3.call(Unknown Source)
	at ADLs.run(ADLs:50)
	at com.kms.katalon.core.main.ScriptEngine.run(ScriptEngine.java:194)
	at com.kms.katalon.core.main.ScriptEngine.runScriptAsRawText(ScriptEngine.java:119)
	at com.kms.katalon.core.main.TestCaseExecutor.runScript(TestCaseExecutor.java:342)
	at com.kms.katalon.core.main.TestCaseExecutor.doExecute(TestCaseExecutor.java:333)
	at com.kms.katalon.core.main.TestCaseExecutor.processExecutionPhase(TestCaseExecutor.java:312)
	at com.kms.katalon.core.main.TestCaseExecutor.accessMainPhase(TestCaseExecutor.java:304)
	at com.kms.katalon.core.main.TestCaseExecutor.execute(TestCaseExecutor.java:238)
	at com.kms.katalon.core.main.TestSuiteExecutor.accessTestCaseMainPhase(TestSuiteExecutor.java:129)
	at com.kms.katalon.core.main.TestSuiteExecutor.accessTestSuiteMainPhase(TestSuiteExecutor.java:112)
	at com.kms.katalon.core.main.TestSuiteExecutor.execute(TestSuiteExecutor.java:81)
	at com.kms.katalon.core.main.TestCaseMain.startTestSuite(TestCaseMain.java:157)
	at com.kms.katalon.core.main.TestCaseMain$startTestSuite$0.call(Unknown Source)
	at TempTestSuite1556593525781.run(TempTestSuite1556593525781.groovy:35)
Caused by: org.openqa.selenium.WebDriverException: unknown error: Element <input type="checkbox" rname="SOOADL0078" checklist-value="list.val" ng-model="checked" class="ng-scope ng-pristine ng-untouched ng-valid ng-not-empty" checklist-model="pi.SOOADL0078"> is not clickable at point (720, 9). Other element would receive the click: <div class="horizontal__inline">...</div>
  (Session info: chrome=73.0.3683.103)
  (Driver info: chromedriver=73.0.3683.68 (47787ec04b6e38e22703e856e101e840b65afe72),platform=Windows NT 10.0.17134 x86_64) (WARNING: The server did not provide any stacktrace information)
Command duration or timeout: 0 milliseconds
Build info: version: '3.7.1', revision: '8a0099a', time: '2017-11-06T21:07:36.161Z'
System info: host: 'DESKTOP-IKQI3RS', ip: '192.168.2.37', os.name: 'Windows 10', os.arch: 'amd64', os.version: '10.0', java.version: '1.8.0_181'
Driver info: com.kms.katalon.selenium.driver.CChromeDriver
Capabilities {acceptInsecureCerts: false, acceptSslCerts: false, applicationCacheEnabled: false, browserConnectionEnabled: false, browserName: chrome, chrome: {chromedriverVersion: 73.0.3683.68 (47787ec04b6e3..., userDataDir: C:\Users\KHENAR~1\AppData\L...}, cssSelectorsEnabled: true, databaseEnabled: false, goog:chromeOptions: {debuggerAddress: localhost:53747}, handlesAlerts: true, hasTouchScreen: false, javascriptEnabled: true, locationContextEnabled: true, mobileEmulationEnabled: false, nativeEvents: true, networkConnectionEnabled: false, pageLoadStrategy: normal, platform: XP, platformName: XP, proxy: Proxy(direct), rotatable: false, setWindowRect: true, strictFileInteractability: false, takesHeapSnapshot: true, takesScreenshot: true, timeouts: {implicit: 0, pageLoad: 300000, script: 30000}, unexpectedAlertBehaviour: ignore, unhandledPromptBehavior: ignore, version: 73.0.3683.103, webStorageEnabled: true}
Session ID: aaf3d7fd5e370ba562f986de5554a30a
	at org.openqa.selenium.remote.ErrorHandler.createThrowable(ErrorHandler.java:214)
	at org.openqa.selenium.remote.ErrorHandler.throwIfResponseFailed(ErrorHandler.java:166)
	at org.openqa.selenium.remote.http.JsonHttpResponseCodec.reconstructValue(JsonHttpResponseCodec.java:40)
	at org.openqa.selenium.remote.http.AbstractHttpResponseCodec.decode(AbstractHttpResponseCodec.java:80)
	at org.openqa.selenium.remote.http.AbstractHttpResponseCodec.decode(AbstractHttpResponseCodec.java:44)
	at org.openqa.selenium.remote.HttpCommandExecutor.execute(HttpCommandExecutor.java:164)
	at org.openqa.selenium.remote.service.DriverCommandExecutor.execute(DriverCommandExecutor.java:83)
	at org.openqa.selenium.remote.RemoteWebDriver.execute(RemoteWebDriver.java:600)
	at com.kms.katalon.selenium.driver.CChromeDriver.execute(CChromeDriver.java:20)
	at org.openqa.selenium.remote.RemoteWebElement.execute(RemoteWebElement.java:279)
	at org.openqa.selenium.remote.RemoteWebElement.click(RemoteWebElement.java:83)
	at com.kms.katalon.core.webui.keyword.builtin.ClickKeyword$_click_closure1.doCall(ClickKeyword.groovy:79)
	at com.kms.katalon.core.webui.keyword.builtin.ClickKeyword$_click_closure1.call(ClickKeyword.groovy)
	at com.kms.katalon.core.webui.keyword.internal.WebUIKeywordMain.runKeyword(WebUIKeywordMain.groovy:20)
	at com.kms.katalon.core.webui.keyword.builtin.ClickKeyword.click(ClickKeyword.groovy:86)
	at com.kms.katalon.core.webui.keyword.builtin.ClickKeyword.execute(ClickKeyword.groovy:67)
	at com.kms.katalon.core.keyword.internal.KeywordExecutor.executeKeywordForPlatform(KeywordExecutor.groovy:56)
	at com.kms.katalon.core.webui.keyword.WebUiBuiltInKeywords.click(WebUiBuiltInKeywords.groovy:616)
	at com.kms.katalon.core.webui.keyword.WebUiBuiltInKeywords$click$3.call(Unknown Source)
	at Script1556082449579.run(Script1556082449579.groovy:50)
	... 13 more]]></system-out>
         <system-err><![CDATA[2019-04-30 11:10:55 - [TEST_CASE][FAILED] - Test Cases/OASIS_SOC/ADLs: Test Cases/OASIS_SOC/ADLs FAILED.
Reason:
com.kms.katalon.core.exception.StepFailedException: Unable to click on object 'Object Repository/OASIS/ADLs-IADLs/adls_mucko_status/adls_ms_amputation_l'
	at com.kms.katalon.core.webui.keyword.internal.WebUIKeywordMain.stepFailed(WebUIKeywordMain.groovy:64)
	at com.kms.katalon.core.webui.keyword.internal.WebUIKeywordMain.runKeyword(WebUIKeywordMain.groovy:26)
	at com.kms.katalon.core.webui.keyword.builtin.ClickKeyword.click(ClickKeyword.groovy:86)
	at com.kms.katalon.core.webui.keyword.builtin.ClickKeyword.execute(ClickKeyword.groovy:67)
	at com.kms.katalon.core.keyword.internal.KeywordExecutor.executeKeywordForPlatform(KeywordExecutor.groovy:56)
	at com.kms.katalon.core.webui.keyword.WebUiBuiltInKeywords.click(WebUiBuiltInKeywords.groovy:616)
	at com.kms.katalon.core.webui.keyword.WebUiBuiltInKeywords$click$3.call(Unknown Source)
	at ADLs.run(ADLs:50)
	at com.kms.katalon.core.main.ScriptEngine.run(ScriptEngine.java:194)
	at com.kms.katalon.core.main.ScriptEngine.runScriptAsRawText(ScriptEngine.java:119)
	at com.kms.katalon.core.main.TestCaseExecutor.runScript(TestCaseExecutor.java:342)
	at com.kms.katalon.core.main.TestCaseExecutor.doExecute(TestCaseExecutor.java:333)
	at com.kms.katalon.core.main.TestCaseExecutor.processExecutionPhase(TestCaseExecutor.java:312)
	at com.kms.katalon.core.main.TestCaseExecutor.accessMainPhase(TestCaseExecutor.java:304)
	at com.kms.katalon.core.main.TestCaseExecutor.execute(TestCaseExecutor.java:238)
	at com.kms.katalon.core.main.TestSuiteExecutor.accessTestCaseMainPhase(TestSuiteExecutor.java:129)
	at com.kms.katalon.core.main.TestSuiteExecutor.accessTestSuiteMainPhase(TestSuiteExecutor.java:112)
	at com.kms.katalon.core.main.TestSuiteExecutor.execute(TestSuiteExecutor.java:81)
	at com.kms.katalon.core.main.TestCaseMain.startTestSuite(TestCaseMain.java:157)
	at com.kms.katalon.core.main.TestCaseMain$startTestSuite$0.call(Unknown Source)
	at TempTestSuite1556593525781.run(TempTestSuite1556593525781.groovy:35)
Caused by: org.openqa.selenium.WebDriverException: unknown error: Element <input type="checkbox" rname="SOOADL0078" checklist-value="list.val" ng-model="checked" class="ng-scope ng-pristine ng-untouched ng-valid ng-not-empty" checklist-model="pi.SOOADL0078"> is not clickable at point (720, 9). Other element would receive the click: <div class="horizontal__inline">...</div>
  (Session info: chrome=73.0.3683.103)
  (Driver info: chromedriver=73.0.3683.68 (47787ec04b6e38e22703e856e101e840b65afe72),platform=Windows NT 10.0.17134 x86_64) (WARNING: The server did not provide any stacktrace information)
Command duration or timeout: 0 milliseconds
Build info: version: '3.7.1', revision: '8a0099a', time: '2017-11-06T21:07:36.161Z'
System info: host: 'DESKTOP-IKQI3RS', ip: '192.168.2.37', os.name: 'Windows 10', os.arch: 'amd64', os.version: '10.0', java.version: '1.8.0_181'
Driver info: com.kms.katalon.selenium.driver.CChromeDriver
Capabilities {acceptInsecureCerts: false, acceptSslCerts: false, applicationCacheEnabled: false, browserConnectionEnabled: false, browserName: chrome, chrome: {chromedriverVersion: 73.0.3683.68 (47787ec04b6e3..., userDataDir: C:\Users\KHENAR~1\AppData\L...}, cssSelectorsEnabled: true, databaseEnabled: false, goog:chromeOptions: {debuggerAddress: localhost:53747}, handlesAlerts: true, hasTouchScreen: false, javascriptEnabled: true, locationContextEnabled: true, mobileEmulationEnabled: false, nativeEvents: true, networkConnectionEnabled: false, pageLoadStrategy: normal, platform: XP, platformName: XP, proxy: Proxy(direct), rotatable: false, setWindowRect: true, strictFileInteractability: false, takesHeapSnapshot: true, takesScreenshot: true, timeouts: {implicit: 0, pageLoad: 300000, script: 30000}, unexpectedAlertBehaviour: ignore, unhandledPromptBehavior: ignore, version: 73.0.3683.103, webStorageEnabled: true}
Session ID: aaf3d7fd5e370ba562f986de5554a30a
	at org.openqa.selenium.remote.ErrorHandler.createThrowable(ErrorHandler.java:214)
	at org.openqa.selenium.remote.ErrorHandler.throwIfResponseFailed(ErrorHandler.java:166)
	at org.openqa.selenium.remote.http.JsonHttpResponseCodec.reconstructValue(JsonHttpResponseCodec.java:40)
	at org.openqa.selenium.remote.http.AbstractHttpResponseCodec.decode(AbstractHttpResponseCodec.java:80)
	at org.openqa.selenium.remote.http.AbstractHttpResponseCodec.decode(AbstractHttpResponseCodec.java:44)
	at org.openqa.selenium.remote.HttpCommandExecutor.execute(HttpCommandExecutor.java:164)
	at org.openqa.selenium.remote.service.DriverCommandExecutor.execute(DriverCommandExecutor.java:83)
	at org.openqa.selenium.remote.RemoteWebDriver.execute(RemoteWebDriver.java:600)
	at com.kms.katalon.selenium.driver.CChromeDriver.execute(CChromeDriver.java:20)
	at org.openqa.selenium.remote.RemoteWebElement.execute(RemoteWebElement.java:279)
	at org.openqa.selenium.remote.RemoteWebElement.click(RemoteWebElement.java:83)
	at com.kms.katalon.core.webui.keyword.builtin.ClickKeyword$_click_closure1.doCall(ClickKeyword.groovy:79)
	at com.kms.katalon.core.webui.keyword.builtin.ClickKeyword$_click_closure1.call(ClickKeyword.groovy)
	at com.kms.katalon.core.webui.keyword.internal.WebUIKeywordMain.runKeyword(WebUIKeywordMain.groovy:20)
	at com.kms.katalon.core.webui.keyword.builtin.ClickKeyword.click(ClickKeyword.groovy:86)
	at com.kms.katalon.core.webui.keyword.builtin.ClickKeyword.execute(ClickKeyword.groovy:67)
	at com.kms.katalon.core.keyword.internal.KeywordExecutor.executeKeywordForPlatform(KeywordExecutor.groovy:56)
	at com.kms.katalon.core.webui.keyword.WebUiBuiltInKeywords.click(WebUiBuiltInKeywords.groovy:616)
	at com.kms.katalon.core.webui.keyword.WebUiBuiltInKeywords$click$3.call(Unknown Source)
	at Script1556082449579.run(Script1556082449579.groovy:50)
	... 13 more]]></system-err>
      </testcase>
      <testcase name="Test Cases/OASIS_SOC/Medications" classname="Test Cases/OASIS_SOC/Medications" status="FAILED">
         <failure type="FAILED" message="Test Cases/OASIS_SOC/Medications FAILED.
Reason:
com.kms.katalon.core.exception.StepFailedException: Unable to click on object 'Object Repository/OASIS/Medications/M2003_1'
	at com.kms.katalon.core.webui.keyword.internal.WebUIKeywordMain.stepFailed(WebUIKeywordMain.groovy:64)
	at com.kms.katalon.core.webui.keyword.internal.WebUIKeywordMain.runKeyword(WebUIKeywordMain.groovy:26)
	at com.kms.katalon.core.webui.keyword.builtin.ClickKeyword.click(ClickKeyword.groovy:86)
	at com.kms.katalon.core.webui.keyword.builtin.ClickKeyword.execute(ClickKeyword.groovy:67)
	at com.kms.katalon.core.keyword.internal.KeywordExecutor.executeKeywordForPlatform(KeywordExecutor.groovy:56)
	at com.kms.katalon.core.webui.keyword.WebUiBuiltInKeywords.click(WebUiBuiltInKeywords.groovy:616)
	at com.kms.katalon.core.webui.keyword.WebUiBuiltInKeywords$click$3.call(Unknown Source)
	at Medications.run(Medications:24)
	at com.kms.katalon.core.main.ScriptEngine.run(ScriptEngine.java:194)
	at com.kms.katalon.core.main.ScriptEngine.runScriptAsRawText(ScriptEngine.java:119)
	at com.kms.katalon.core.main.TestCaseExecutor.runScript(TestCaseExecutor.java:342)
	at com.kms.katalon.core.main.TestCaseExecutor.doExecute(TestCaseExecutor.java:333)
	at com.kms.katalon.core.main.TestCaseExecutor.processExecutionPhase(TestCaseExecutor.java:312)
	at com.kms.katalon.core.main.TestCaseExecutor.accessMainPhase(TestCaseExecutor.java:304)
	at com.kms.katalon.core.main.TestCaseExecutor.execute(TestCaseExecutor.java:238)
	at com.kms.katalon.core.main.TestSuiteExecutor.accessTestCaseMainPhase(TestSuiteExecutor.java:129)
	at com.kms.katalon.core.main.TestSuiteExecutor.accessTestSuiteMainPhase(TestSuiteExecutor.java:112)
	at com.kms.katalon.core.main.TestSuiteExecutor.execute(TestSuiteExecutor.java:81)
	at com.kms.katalon.core.main.TestCaseMain.startTestSuite(TestCaseMain.java:157)
	at com.kms.katalon.core.main.TestCaseMain$startTestSuite$0.call(Unknown Source)
	at TempTestSuite1556593525781.run(TempTestSuite1556593525781.groovy:35)
Caused by: org.openqa.selenium.WebDriverException: unknown error: Element &lt;input type=&quot;radio&quot; data-ng-model=&quot;pi.M2003_MDCTN_FLWP&quot; rname=&quot;M2003_MDCTN_FLWP&quot; value=&quot;1&quot; class=&quot;ng-pristine ng-untouched ng-valid ng-not-empty&quot; name=&quot;15238&quot;> is not clickable at point (196, 478). Other element would receive the click: &lt;div data-growl=&quot;container&quot; class=&quot;alert alert-success alert-dismissable growl-animated&quot; role=&quot;alert&quot; data-growl-position=&quot;bottom-left&quot; style=&quot;position: fixed; margin: 0px; z-index: 1031; display: inline-block; bottom: 30px; left: 70px;&quot;>...&lt;/div>
  (Session info: chrome=73.0.3683.103)
  (Driver info: chromedriver=73.0.3683.68 (47787ec04b6e38e22703e856e101e840b65afe72),platform=Windows NT 10.0.17134 x86_64) (WARNING: The server did not provide any stacktrace information)
Command duration or timeout: 0 milliseconds
Build info: version: '3.7.1', revision: '8a0099a', time: '2017-11-06T21:07:36.161Z'
System info: host: 'DESKTOP-IKQI3RS', ip: '192.168.2.37', os.name: 'Windows 10', os.arch: 'amd64', os.version: '10.0', java.version: '1.8.0_181'
Driver info: com.kms.katalon.selenium.driver.CChromeDriver
Capabilities {acceptInsecureCerts: false, acceptSslCerts: false, applicationCacheEnabled: false, browserConnectionEnabled: false, browserName: chrome, chrome: {chromedriverVersion: 73.0.3683.68 (47787ec04b6e3..., userDataDir: C:\Users\KHENAR~1\AppData\L...}, cssSelectorsEnabled: true, databaseEnabled: false, goog:chromeOptions: {debuggerAddress: localhost:53747}, handlesAlerts: true, hasTouchScreen: false, javascriptEnabled: true, locationContextEnabled: true, mobileEmulationEnabled: false, nativeEvents: true, networkConnectionEnabled: false, pageLoadStrategy: normal, platform: XP, platformName: XP, proxy: Proxy(direct), rotatable: false, setWindowRect: true, strictFileInteractability: false, takesHeapSnapshot: true, takesScreenshot: true, timeouts: {implicit: 0, pageLoad: 300000, script: 30000}, unexpectedAlertBehaviour: ignore, unhandledPromptBehavior: ignore, version: 73.0.3683.103, webStorageEnabled: true}
Session ID: aaf3d7fd5e370ba562f986de5554a30a
	at org.openqa.selenium.remote.ErrorHandler.createThrowable(ErrorHandler.java:214)
	at org.openqa.selenium.remote.ErrorHandler.throwIfResponseFailed(ErrorHandler.java:166)
	at org.openqa.selenium.remote.http.JsonHttpResponseCodec.reconstructValue(JsonHttpResponseCodec.java:40)
	at org.openqa.selenium.remote.http.AbstractHttpResponseCodec.decode(AbstractHttpResponseCodec.java:80)
	at org.openqa.selenium.remote.http.AbstractHttpResponseCodec.decode(AbstractHttpResponseCodec.java:44)
	at org.openqa.selenium.remote.HttpCommandExecutor.execute(HttpCommandExecutor.java:164)
	at org.openqa.selenium.remote.service.DriverCommandExecutor.execute(DriverCommandExecutor.java:83)
	at org.openqa.selenium.remote.RemoteWebDriver.execute(RemoteWebDriver.java:600)
	at com.kms.katalon.selenium.driver.CChromeDriver.execute(CChromeDriver.java:20)
	at org.openqa.selenium.remote.RemoteWebElement.execute(RemoteWebElement.java:279)
	at org.openqa.selenium.remote.RemoteWebElement.click(RemoteWebElement.java:83)
	at com.kms.katalon.core.webui.keyword.builtin.ClickKeyword$_click_closure1.doCall(ClickKeyword.groovy:79)
	at com.kms.katalon.core.webui.keyword.builtin.ClickKeyword$_click_closure1.call(ClickKeyword.groovy)
	at com.kms.katalon.core.webui.keyword.internal.WebUIKeywordMain.runKeyword(WebUIKeywordMain.groovy:20)
	at com.kms.katalon.core.webui.keyword.builtin.ClickKeyword.click(ClickKeyword.groovy:86)
	at com.kms.katalon.core.webui.keyword.builtin.ClickKeyword.execute(ClickKeyword.groovy:67)
	at com.kms.katalon.core.keyword.internal.KeywordExecutor.executeKeywordForPlatform(KeywordExecutor.groovy:56)
	at com.kms.katalon.core.webui.keyword.WebUiBuiltInKeywords.click(WebUiBuiltInKeywords.groovy:616)
	at com.kms.katalon.core.webui.keyword.WebUiBuiltInKeywords$click$3.call(Unknown Source)
	at Script1556160320314.run(Script1556160320314.groovy:24)
	... 13 more
"/>
         <system-out><![CDATA[2019-04-30 11:11:05 - [TEST_CASE][FAILED] - Test Cases/OASIS_SOC/Medications: Test Cases/OASIS_SOC/Medications FAILED.
Reason:
com.kms.katalon.core.exception.StepFailedException: Unable to click on object 'Object Repository/OASIS/Medications/M2003_1'
	at com.kms.katalon.core.webui.keyword.internal.WebUIKeywordMain.stepFailed(WebUIKeywordMain.groovy:64)
	at com.kms.katalon.core.webui.keyword.internal.WebUIKeywordMain.runKeyword(WebUIKeywordMain.groovy:26)
	at com.kms.katalon.core.webui.keyword.builtin.ClickKeyword.click(ClickKeyword.groovy:86)
	at com.kms.katalon.core.webui.keyword.builtin.ClickKeyword.execute(ClickKeyword.groovy:67)
	at com.kms.katalon.core.keyword.internal.KeywordExecutor.executeKeywordForPlatform(KeywordExecutor.groovy:56)
	at com.kms.katalon.core.webui.keyword.WebUiBuiltInKeywords.click(WebUiBuiltInKeywords.groovy:616)
	at com.kms.katalon.core.webui.keyword.WebUiBuiltInKeywords$click$3.call(Unknown Source)
	at Medications.run(Medications:24)
	at com.kms.katalon.core.main.ScriptEngine.run(ScriptEngine.java:194)
	at com.kms.katalon.core.main.ScriptEngine.runScriptAsRawText(ScriptEngine.java:119)
	at com.kms.katalon.core.main.TestCaseExecutor.runScript(TestCaseExecutor.java:342)
	at com.kms.katalon.core.main.TestCaseExecutor.doExecute(TestCaseExecutor.java:333)
	at com.kms.katalon.core.main.TestCaseExecutor.processExecutionPhase(TestCaseExecutor.java:312)
	at com.kms.katalon.core.main.TestCaseExecutor.accessMainPhase(TestCaseExecutor.java:304)
	at com.kms.katalon.core.main.TestCaseExecutor.execute(TestCaseExecutor.java:238)
	at com.kms.katalon.core.main.TestSuiteExecutor.accessTestCaseMainPhase(TestSuiteExecutor.java:129)
	at com.kms.katalon.core.main.TestSuiteExecutor.accessTestSuiteMainPhase(TestSuiteExecutor.java:112)
	at com.kms.katalon.core.main.TestSuiteExecutor.execute(TestSuiteExecutor.java:81)
	at com.kms.katalon.core.main.TestCaseMain.startTestSuite(TestCaseMain.java:157)
	at com.kms.katalon.core.main.TestCaseMain$startTestSuite$0.call(Unknown Source)
	at TempTestSuite1556593525781.run(TempTestSuite1556593525781.groovy:35)
Caused by: org.openqa.selenium.WebDriverException: unknown error: Element <input type="radio" data-ng-model="pi.M2003_MDCTN_FLWP" rname="M2003_MDCTN_FLWP" value="1" class="ng-pristine ng-untouched ng-valid ng-not-empty" name="15238"> is not clickable at point (196, 478). Other element would receive the click: <div data-growl="container" class="alert alert-success alert-dismissable growl-animated" role="alert" data-growl-position="bottom-left" style="position: fixed; margin: 0px; z-index: 1031; display: inline-block; bottom: 30px; left: 70px;">...</div>
  (Session info: chrome=73.0.3683.103)
  (Driver info: chromedriver=73.0.3683.68 (47787ec04b6e38e22703e856e101e840b65afe72),platform=Windows NT 10.0.17134 x86_64) (WARNING: The server did not provide any stacktrace information)
Command duration or timeout: 0 milliseconds
Build info: version: '3.7.1', revision: '8a0099a', time: '2017-11-06T21:07:36.161Z'
System info: host: 'DESKTOP-IKQI3RS', ip: '192.168.2.37', os.name: 'Windows 10', os.arch: 'amd64', os.version: '10.0', java.version: '1.8.0_181'
Driver info: com.kms.katalon.selenium.driver.CChromeDriver
Capabilities {acceptInsecureCerts: false, acceptSslCerts: false, applicationCacheEnabled: false, browserConnectionEnabled: false, browserName: chrome, chrome: {chromedriverVersion: 73.0.3683.68 (47787ec04b6e3..., userDataDir: C:\Users\KHENAR~1\AppData\L...}, cssSelectorsEnabled: true, databaseEnabled: false, goog:chromeOptions: {debuggerAddress: localhost:53747}, handlesAlerts: true, hasTouchScreen: false, javascriptEnabled: true, locationContextEnabled: true, mobileEmulationEnabled: false, nativeEvents: true, networkConnectionEnabled: false, pageLoadStrategy: normal, platform: XP, platformName: XP, proxy: Proxy(direct), rotatable: false, setWindowRect: true, strictFileInteractability: false, takesHeapSnapshot: true, takesScreenshot: true, timeouts: {implicit: 0, pageLoad: 300000, script: 30000}, unexpectedAlertBehaviour: ignore, unhandledPromptBehavior: ignore, version: 73.0.3683.103, webStorageEnabled: true}
Session ID: aaf3d7fd5e370ba562f986de5554a30a
	at org.openqa.selenium.remote.ErrorHandler.createThrowable(ErrorHandler.java:214)
	at org.openqa.selenium.remote.ErrorHandler.throwIfResponseFailed(ErrorHandler.java:166)
	at org.openqa.selenium.remote.http.JsonHttpResponseCodec.reconstructValue(JsonHttpResponseCodec.java:40)
	at org.openqa.selenium.remote.http.AbstractHttpResponseCodec.decode(AbstractHttpResponseCodec.java:80)
	at org.openqa.selenium.remote.http.AbstractHttpResponseCodec.decode(AbstractHttpResponseCodec.java:44)
	at org.openqa.selenium.remote.HttpCommandExecutor.execute(HttpCommandExecutor.java:164)
	at org.openqa.selenium.remote.service.DriverCommandExecutor.execute(DriverCommandExecutor.java:83)
	at org.openqa.selenium.remote.RemoteWebDriver.execute(RemoteWebDriver.java:600)
	at com.kms.katalon.selenium.driver.CChromeDriver.execute(CChromeDriver.java:20)
	at org.openqa.selenium.remote.RemoteWebElement.execute(RemoteWebElement.java:279)
	at org.openqa.selenium.remote.RemoteWebElement.click(RemoteWebElement.java:83)
	at com.kms.katalon.core.webui.keyword.builtin.ClickKeyword$_click_closure1.doCall(ClickKeyword.groovy:79)
	at com.kms.katalon.core.webui.keyword.builtin.ClickKeyword$_click_closure1.call(ClickKeyword.groovy)
	at com.kms.katalon.core.webui.keyword.internal.WebUIKeywordMain.runKeyword(WebUIKeywordMain.groovy:20)
	at com.kms.katalon.core.webui.keyword.builtin.ClickKeyword.click(ClickKeyword.groovy:86)
	at com.kms.katalon.core.webui.keyword.builtin.ClickKeyword.execute(ClickKeyword.groovy:67)
	at com.kms.katalon.core.keyword.internal.KeywordExecutor.executeKeywordForPlatform(KeywordExecutor.groovy:56)
	at com.kms.katalon.core.webui.keyword.WebUiBuiltInKeywords.click(WebUiBuiltInKeywords.groovy:616)
	at com.kms.katalon.core.webui.keyword.WebUiBuiltInKeywords$click$3.call(Unknown Source)
	at Script1556160320314.run(Script1556160320314.groovy:24)
	... 13 more


2019-04-30 11:11:05 - [TEST_STEP][PASSED] - click(findTestObject("OASIS/OASIS_TABS/Medications_tab")): Object: 'Object Repository/OASIS/OASIS_TABS/Medications_tab' is clicked on

2019-04-30 11:11:06 - [MESSAGE][PASSED] - Object: 'Object Repository/OASIS/OASIS_TABS/Medications_tab' is clicked on

2019-04-30 11:11:06 - [TEST_STEP][PASSED] - delay(1): Delayed 1 second(s)

2019-04-30 11:11:07 - [MESSAGE][PASSED] - Delayed 1 second(s)

2019-04-30 11:11:07 - [TEST_STEP][PASSED] - click(findTestObject("OASIS/Medications/M2001_1")): Object: 'Object Repository/OASIS/Medications/M2001_1' is clicked on

2019-04-30 11:11:11 - [MESSAGE][PASSED] - Object: 'Object Repository/OASIS/Medications/M2001_1' is clicked on

2019-04-30 11:11:11 - [TEST_STEP][PASSED] - delay(1): Delayed 1 second(s)

2019-04-30 11:11:12 - [MESSAGE][PASSED] - Delayed 1 second(s)

2019-04-30 11:11:12 - [TEST_STEP][FAILED] - click(findTestObject("OASIS/Medications/M2003_1")): click(findTestObject("OASIS/Medications/M2003_1")) FAILED.
Reason:
com.kms.katalon.core.exception.StepFailedException: Unable to click on object 'Object Repository/OASIS/Medications/M2003_1'
	at com.kms.katalon.core.webui.keyword.internal.WebUIKeywordMain.stepFailed(WebUIKeywordMain.groovy:64)
	at com.kms.katalon.core.webui.keyword.internal.WebUIKeywordMain.runKeyword(WebUIKeywordMain.groovy:26)
	at com.kms.katalon.core.webui.keyword.builtin.ClickKeyword.click(ClickKeyword.groovy:86)
	at com.kms.katalon.core.webui.keyword.builtin.ClickKeyword.execute(ClickKeyword.groovy:67)
	at com.kms.katalon.core.keyword.internal.KeywordExecutor.executeKeywordForPlatform(KeywordExecutor.groovy:56)
	at com.kms.katalon.core.webui.keyword.WebUiBuiltInKeywords.click(WebUiBuiltInKeywords.groovy:616)
	at com.kms.katalon.core.webui.keyword.WebUiBuiltInKeywords$click$3.call(Unknown Source)
	at Medications.run(Medications:24)
	at com.kms.katalon.core.main.ScriptEngine.run(ScriptEngine.java:194)
	at com.kms.katalon.core.main.ScriptEngine.runScriptAsRawText(ScriptEngine.java:119)
	at com.kms.katalon.core.main.TestCaseExecutor.runScript(TestCaseExecutor.java:342)
	at com.kms.katalon.core.main.TestCaseExecutor.doExecute(TestCaseExecutor.java:333)
	at com.kms.katalon.core.main.TestCaseExecutor.processExecutionPhase(TestCaseExecutor.java:312)
	at com.kms.katalon.core.main.TestCaseExecutor.accessMainPhase(TestCaseExecutor.java:304)
	at com.kms.katalon.core.main.TestCaseExecutor.execute(TestCaseExecutor.java:238)
	at com.kms.katalon.core.main.TestSuiteExecutor.accessTestCaseMainPhase(TestSuiteExecutor.java:129)
	at com.kms.katalon.core.main.TestSuiteExecutor.accessTestSuiteMainPhase(TestSuiteExecutor.java:112)
	at com.kms.katalon.core.main.TestSuiteExecutor.execute(TestSuiteExecutor.java:81)
	at com.kms.katalon.core.main.TestCaseMain.startTestSuite(TestCaseMain.java:157)
	at com.kms.katalon.core.main.TestCaseMain$startTestSuite$0.call(Unknown Source)
	at TempTestSuite1556593525781.run(TempTestSuite1556593525781.groovy:35)
Caused by: org.openqa.selenium.WebDriverException: unknown error: Element <input type="radio" data-ng-model="pi.M2003_MDCTN_FLWP" rname="M2003_MDCTN_FLWP" value="1" class="ng-pristine ng-untouched ng-valid ng-not-empty" name="15238"> is not clickable at point (196, 478). Other element would receive the click: <div data-growl="container" class="alert alert-success alert-dismissable growl-animated" role="alert" data-growl-position="bottom-left" style="position: fixed; margin: 0px; z-index: 1031; display: inline-block; bottom: 30px; left: 70px;">...</div>
  (Session info: chrome=73.0.3683.103)
  (Driver info: chromedriver=73.0.3683.68 (47787ec04b6e38e22703e856e101e840b65afe72),platform=Windows NT 10.0.17134 x86_64) (WARNING: The server did not provide any stacktrace information)
Command duration or timeout: 0 milliseconds
Build info: version: '3.7.1', revision: '8a0099a', time: '2017-11-06T21:07:36.161Z'
System info: host: 'DESKTOP-IKQI3RS', ip: '192.168.2.37', os.name: 'Windows 10', os.arch: 'amd64', os.version: '10.0', java.version: '1.8.0_181'
Driver info: com.kms.katalon.selenium.driver.CChromeDriver
Capabilities {acceptInsecureCerts: false, acceptSslCerts: false, applicationCacheEnabled: false, browserConnectionEnabled: false, browserName: chrome, chrome: {chromedriverVersion: 73.0.3683.68 (47787ec04b6e3..., userDataDir: C:\Users\KHENAR~1\AppData\L...}, cssSelectorsEnabled: true, databaseEnabled: false, goog:chromeOptions: {debuggerAddress: localhost:53747}, handlesAlerts: true, hasTouchScreen: false, javascriptEnabled: true, locationContextEnabled: true, mobileEmulationEnabled: false, nativeEvents: true, networkConnectionEnabled: false, pageLoadStrategy: normal, platform: XP, platformName: XP, proxy: Proxy(direct), rotatable: false, setWindowRect: true, strictFileInteractability: false, takesHeapSnapshot: true, takesScreenshot: true, timeouts: {implicit: 0, pageLoad: 300000, script: 30000}, unexpectedAlertBehaviour: ignore, unhandledPromptBehavior: ignore, version: 73.0.3683.103, webStorageEnabled: true}
Session ID: aaf3d7fd5e370ba562f986de5554a30a
	at org.openqa.selenium.remote.ErrorHandler.createThrowable(ErrorHandler.java:214)
	at org.openqa.selenium.remote.ErrorHandler.throwIfResponseFailed(ErrorHandler.java:166)
	at org.openqa.selenium.remote.http.JsonHttpResponseCodec.reconstructValue(JsonHttpResponseCodec.java:40)
	at org.openqa.selenium.remote.http.AbstractHttpResponseCodec.decode(AbstractHttpResponseCodec.java:80)
	at org.openqa.selenium.remote.http.AbstractHttpResponseCodec.decode(AbstractHttpResponseCodec.java:44)
	at org.openqa.selenium.remote.HttpCommandExecutor.execute(HttpCommandExecutor.java:164)
	at org.openqa.selenium.remote.service.DriverCommandExecutor.execute(DriverCommandExecutor.java:83)
	at org.openqa.selenium.remote.RemoteWebDriver.execute(RemoteWebDriver.java:600)
	at com.kms.katalon.selenium.driver.CChromeDriver.execute(CChromeDriver.java:20)
	at org.openqa.selenium.remote.RemoteWebElement.execute(RemoteWebElement.java:279)
	at org.openqa.selenium.remote.RemoteWebElement.click(RemoteWebElement.java:83)
	at com.kms.katalon.core.webui.keyword.builtin.ClickKeyword$_click_closure1.doCall(ClickKeyword.groovy:79)
	at com.kms.katalon.core.webui.keyword.builtin.ClickKeyword$_click_closure1.call(ClickKeyword.groovy)
	at com.kms.katalon.core.webui.keyword.internal.WebUIKeywordMain.runKeyword(WebUIKeywordMain.groovy:20)
	at com.kms.katalon.core.webui.keyword.builtin.ClickKeyword.click(ClickKeyword.groovy:86)
	at com.kms.katalon.core.webui.keyword.builtin.ClickKeyword.execute(ClickKeyword.groovy:67)
	at com.kms.katalon.core.keyword.internal.KeywordExecutor.executeKeywordForPlatform(KeywordExecutor.groovy:56)
	at com.kms.katalon.core.webui.keyword.WebUiBuiltInKeywords.click(WebUiBuiltInKeywords.groovy:616)
	at com.kms.katalon.core.webui.keyword.WebUiBuiltInKeywords$click$3.call(Unknown Source)
	at Script1556160320314.run(Script1556160320314.groovy:24)
	... 13 more


2019-04-30 11:11:12 - [MESSAGE][FAILED] - Unable to click on object 'Object Repository/OASIS/Medications/M2003_1' (Root cause: com.kms.katalon.core.exception.StepFailedException: Unable to click on object 'Object Repository/OASIS/Medications/M2003_1'
	at com.kms.katalon.core.webui.keyword.internal.WebUIKeywordMain.stepFailed(WebUIKeywordMain.groovy:64)
	at com.kms.katalon.core.webui.keyword.internal.WebUIKeywordMain.runKeyword(WebUIKeywordMain.groovy:26)
	at com.kms.katalon.core.webui.keyword.builtin.ClickKeyword.click(ClickKeyword.groovy:86)
	at com.kms.katalon.core.webui.keyword.builtin.ClickKeyword.execute(ClickKeyword.groovy:67)
	at com.kms.katalon.core.keyword.internal.KeywordExecutor.executeKeywordForPlatform(KeywordExecutor.groovy:56)
	at com.kms.katalon.core.webui.keyword.WebUiBuiltInKeywords.click(WebUiBuiltInKeywords.groovy:616)
	at com.kms.katalon.core.webui.keyword.WebUiBuiltInKeywords$click$3.call(Unknown Source)
	at Medications.run(Medications:24)
	at com.kms.katalon.core.main.ScriptEngine.run(ScriptEngine.java:194)
	at com.kms.katalon.core.main.ScriptEngine.runScriptAsRawText(ScriptEngine.java:119)
	at com.kms.katalon.core.main.TestCaseExecutor.runScript(TestCaseExecutor.java:342)
	at com.kms.katalon.core.main.TestCaseExecutor.doExecute(TestCaseExecutor.java:333)
	at com.kms.katalon.core.main.TestCaseExecutor.processExecutionPhase(TestCaseExecutor.java:312)
	at com.kms.katalon.core.main.TestCaseExecutor.accessMainPhase(TestCaseExecutor.java:304)
	at com.kms.katalon.core.main.TestCaseExecutor.execute(TestCaseExecutor.java:238)
	at com.kms.katalon.core.main.TestSuiteExecutor.accessTestCaseMainPhase(TestSuiteExecutor.java:129)
	at com.kms.katalon.core.main.TestSuiteExecutor.accessTestSuiteMainPhase(TestSuiteExecutor.java:112)
	at com.kms.katalon.core.main.TestSuiteExecutor.execute(TestSuiteExecutor.java:81)
	at com.kms.katalon.core.main.TestCaseMain.startTestSuite(TestCaseMain.java:157)
	at com.kms.katalon.core.main.TestCaseMain$startTestSuite$0.call(Unknown Source)
	at TempTestSuite1556593525781.run(TempTestSuite1556593525781.groovy:35)
Caused by: org.openqa.selenium.WebDriverException: unknown error: Element <input type="radio" data-ng-model="pi.M2003_MDCTN_FLWP" rname="M2003_MDCTN_FLWP" value="1" class="ng-pristine ng-untouched ng-valid ng-not-empty" name="15238"> is not clickable at point (196, 478). Other element would receive the click: <div data-growl="container" class="alert alert-success alert-dismissable growl-animated" role="alert" data-growl-position="bottom-left" style="position: fixed; margin: 0px; z-index: 1031; display: inline-block; bottom: 30px; left: 70px;">...</div>
  (Session info: chrome=73.0.3683.103)
  (Driver info: chromedriver=73.0.3683.68 (47787ec04b6e38e22703e856e101e840b65afe72),platform=Windows NT 10.0.17134 x86_64) (WARNING: The server did not provide any stacktrace information)
Command duration or timeout: 0 milliseconds
Build info: version: '3.7.1', revision: '8a0099a', time: '2017-11-06T21:07:36.161Z'
System info: host: 'DESKTOP-IKQI3RS', ip: '192.168.2.37', os.name: 'Windows 10', os.arch: 'amd64', os.version: '10.0', java.version: '1.8.0_181'
Driver info: com.kms.katalon.selenium.driver.CChromeDriver
Capabilities {acceptInsecureCerts: false, acceptSslCerts: false, applicationCacheEnabled: false, browserConnectionEnabled: false, browserName: chrome, chrome: {chromedriverVersion: 73.0.3683.68 (47787ec04b6e3..., userDataDir: C:\Users\KHENAR~1\AppData\L...}, cssSelectorsEnabled: true, databaseEnabled: false, goog:chromeOptions: {debuggerAddress: localhost:53747}, handlesAlerts: true, hasTouchScreen: false, javascriptEnabled: true, locationContextEnabled: true, mobileEmulationEnabled: false, nativeEvents: true, networkConnectionEnabled: false, pageLoadStrategy: normal, platform: XP, platformName: XP, proxy: Proxy(direct), rotatable: false, setWindowRect: true, strictFileInteractability: false, takesHeapSnapshot: true, takesScreenshot: true, timeouts: {implicit: 0, pageLoad: 300000, script: 30000}, unexpectedAlertBehaviour: ignore, unhandledPromptBehavior: ignore, version: 73.0.3683.103, webStorageEnabled: true}
Session ID: aaf3d7fd5e370ba562f986de5554a30a
	at org.openqa.selenium.remote.ErrorHandler.createThrowable(ErrorHandler.java:214)
	at org.openqa.selenium.remote.ErrorHandler.throwIfResponseFailed(ErrorHandler.java:166)
	at org.openqa.selenium.remote.http.JsonHttpResponseCodec.reconstructValue(JsonHttpResponseCodec.java:40)
	at org.openqa.selenium.remote.http.AbstractHttpResponseCodec.decode(AbstractHttpResponseCodec.java:80)
	at org.openqa.selenium.remote.http.AbstractHttpResponseCodec.decode(AbstractHttpResponseCodec.java:44)
	at org.openqa.selenium.remote.HttpCommandExecutor.execute(HttpCommandExecutor.java:164)
	at org.openqa.selenium.remote.service.DriverCommandExecutor.execute(DriverCommandExecutor.java:83)
	at org.openqa.selenium.remote.RemoteWebDriver.execute(RemoteWebDriver.java:600)
	at com.kms.katalon.selenium.driver.CChromeDriver.execute(CChromeDriver.java:20)
	at org.openqa.selenium.remote.RemoteWebElement.execute(RemoteWebElement.java:279)
	at org.openqa.selenium.remote.RemoteWebElement.click(RemoteWebElement.java:83)
	at com.kms.katalon.core.webui.keyword.builtin.ClickKeyword$_click_closure1.doCall(ClickKeyword.groovy:79)
	at com.kms.katalon.core.webui.keyword.builtin.ClickKeyword$_click_closure1.call(ClickKeyword.groovy)
	at com.kms.katalon.core.webui.keyword.internal.WebUIKeywordMain.runKeyword(WebUIKeywordMain.groovy:20)
	at com.kms.katalon.core.webui.keyword.builtin.ClickKeyword.click(ClickKeyword.groovy:86)
	at com.kms.katalon.core.webui.keyword.builtin.ClickKeyword.execute(ClickKeyword.groovy:67)
	at com.kms.katalon.core.keyword.internal.KeywordExecutor.executeKeywordForPlatform(KeywordExecutor.groovy:56)
	at com.kms.katalon.core.webui.keyword.WebUiBuiltInKeywords.click(WebUiBuiltInKeywords.groovy:616)
	at com.kms.katalon.core.webui.keyword.WebUiBuiltInKeywords$click$3.call(Unknown Source)
	at Script1556160320314.run(Script1556160320314.groovy:24)
	... 13 more
)
[[ATTACHMENT|C:\\Users\\Khenard Figuracion\\git\\healthcareProject\\Reports\\automation_compiled\\20190430_110525\\1556593872346.png]]

2019-04-30 11:11:12 - [MESSAGE][FAILED] - click(findTestObject("OASIS/Medications/M2003_1")) FAILED.
Reason:
com.kms.katalon.core.exception.StepFailedException: Unable to click on object 'Object Repository/OASIS/Medications/M2003_1'
	at com.kms.katalon.core.webui.keyword.internal.WebUIKeywordMain.stepFailed(WebUIKeywordMain.groovy:64)
	at com.kms.katalon.core.webui.keyword.internal.WebUIKeywordMain.runKeyword(WebUIKeywordMain.groovy:26)
	at com.kms.katalon.core.webui.keyword.builtin.ClickKeyword.click(ClickKeyword.groovy:86)
	at com.kms.katalon.core.webui.keyword.builtin.ClickKeyword.execute(ClickKeyword.groovy:67)
	at com.kms.katalon.core.keyword.internal.KeywordExecutor.executeKeywordForPlatform(KeywordExecutor.groovy:56)
	at com.kms.katalon.core.webui.keyword.WebUiBuiltInKeywords.click(WebUiBuiltInKeywords.groovy:616)
	at com.kms.katalon.core.webui.keyword.WebUiBuiltInKeywords$click$3.call(Unknown Source)
	at Medications.run(Medications:24)
	at com.kms.katalon.core.main.ScriptEngine.run(ScriptEngine.java:194)
	at com.kms.katalon.core.main.ScriptEngine.runScriptAsRawText(ScriptEngine.java:119)
	at com.kms.katalon.core.main.TestCaseExecutor.runScript(TestCaseExecutor.java:342)
	at com.kms.katalon.core.main.TestCaseExecutor.doExecute(TestCaseExecutor.java:333)
	at com.kms.katalon.core.main.TestCaseExecutor.processExecutionPhase(TestCaseExecutor.java:312)
	at com.kms.katalon.core.main.TestCaseExecutor.accessMainPhase(TestCaseExecutor.java:304)
	at com.kms.katalon.core.main.TestCaseExecutor.execute(TestCaseExecutor.java:238)
	at com.kms.katalon.core.main.TestSuiteExecutor.accessTestCaseMainPhase(TestSuiteExecutor.java:129)
	at com.kms.katalon.core.main.TestSuiteExecutor.accessTestSuiteMainPhase(TestSuiteExecutor.java:112)
	at com.kms.katalon.core.main.TestSuiteExecutor.execute(TestSuiteExecutor.java:81)
	at com.kms.katalon.core.main.TestCaseMain.startTestSuite(TestCaseMain.java:157)
	at com.kms.katalon.core.main.TestCaseMain$startTestSuite$0.call(Unknown Source)
	at TempTestSuite1556593525781.run(TempTestSuite1556593525781.groovy:35)
Caused by: org.openqa.selenium.WebDriverException: unknown error: Element <input type="radio" data-ng-model="pi.M2003_MDCTN_FLWP" rname="M2003_MDCTN_FLWP" value="1" class="ng-pristine ng-untouched ng-valid ng-not-empty" name="15238"> is not clickable at point (196, 478). Other element would receive the click: <div data-growl="container" class="alert alert-success alert-dismissable growl-animated" role="alert" data-growl-position="bottom-left" style="position: fixed; margin: 0px; z-index: 1031; display: inline-block; bottom: 30px; left: 70px;">...</div>
  (Session info: chrome=73.0.3683.103)
  (Driver info: chromedriver=73.0.3683.68 (47787ec04b6e38e22703e856e101e840b65afe72),platform=Windows NT 10.0.17134 x86_64) (WARNING: The server did not provide any stacktrace information)
Command duration or timeout: 0 milliseconds
Build info: version: '3.7.1', revision: '8a0099a', time: '2017-11-06T21:07:36.161Z'
System info: host: 'DESKTOP-IKQI3RS', ip: '192.168.2.37', os.name: 'Windows 10', os.arch: 'amd64', os.version: '10.0', java.version: '1.8.0_181'
Driver info: com.kms.katalon.selenium.driver.CChromeDriver
Capabilities {acceptInsecureCerts: false, acceptSslCerts: false, applicationCacheEnabled: false, browserConnectionEnabled: false, browserName: chrome, chrome: {chromedriverVersion: 73.0.3683.68 (47787ec04b6e3..., userDataDir: C:\Users\KHENAR~1\AppData\L...}, cssSelectorsEnabled: true, databaseEnabled: false, goog:chromeOptions: {debuggerAddress: localhost:53747}, handlesAlerts: true, hasTouchScreen: false, javascriptEnabled: true, locationContextEnabled: true, mobileEmulationEnabled: false, nativeEvents: true, networkConnectionEnabled: false, pageLoadStrategy: normal, platform: XP, platformName: XP, proxy: Proxy(direct), rotatable: false, setWindowRect: true, strictFileInteractability: false, takesHeapSnapshot: true, takesScreenshot: true, timeouts: {implicit: 0, pageLoad: 300000, script: 30000}, unexpectedAlertBehaviour: ignore, unhandledPromptBehavior: ignore, version: 73.0.3683.103, webStorageEnabled: true}
Session ID: aaf3d7fd5e370ba562f986de5554a30a
	at org.openqa.selenium.remote.ErrorHandler.createThrowable(ErrorHandler.java:214)
	at org.openqa.selenium.remote.ErrorHandler.throwIfResponseFailed(ErrorHandler.java:166)
	at org.openqa.selenium.remote.http.JsonHttpResponseCodec.reconstructValue(JsonHttpResponseCodec.java:40)
	at org.openqa.selenium.remote.http.AbstractHttpResponseCodec.decode(AbstractHttpResponseCodec.java:80)
	at org.openqa.selenium.remote.http.AbstractHttpResponseCodec.decode(AbstractHttpResponseCodec.java:44)
	at org.openqa.selenium.remote.HttpCommandExecutor.execute(HttpCommandExecutor.java:164)
	at org.openqa.selenium.remote.service.DriverCommandExecutor.execute(DriverCommandExecutor.java:83)
	at org.openqa.selenium.remote.RemoteWebDriver.execute(RemoteWebDriver.java:600)
	at com.kms.katalon.selenium.driver.CChromeDriver.execute(CChromeDriver.java:20)
	at org.openqa.selenium.remote.RemoteWebElement.execute(RemoteWebElement.java:279)
	at org.openqa.selenium.remote.RemoteWebElement.click(RemoteWebElement.java:83)
	at com.kms.katalon.core.webui.keyword.builtin.ClickKeyword$_click_closure1.doCall(ClickKeyword.groovy:79)
	at com.kms.katalon.core.webui.keyword.builtin.ClickKeyword$_click_closure1.call(ClickKeyword.groovy)
	at com.kms.katalon.core.webui.keyword.internal.WebUIKeywordMain.runKeyword(WebUIKeywordMain.groovy:20)
	at com.kms.katalon.core.webui.keyword.builtin.ClickKeyword.click(ClickKeyword.groovy:86)
	at com.kms.katalon.core.webui.keyword.builtin.ClickKeyword.execute(ClickKeyword.groovy:67)
	at com.kms.katalon.core.keyword.internal.KeywordExecutor.executeKeywordForPlatform(KeywordExecutor.groovy:56)
	at com.kms.katalon.core.webui.keyword.WebUiBuiltInKeywords.click(WebUiBuiltInKeywords.groovy:616)
	at com.kms.katalon.core.webui.keyword.WebUiBuiltInKeywords$click$3.call(Unknown Source)
	at Script1556160320314.run(Script1556160320314.groovy:24)
	... 13 more]]></system-out>
         <system-err><![CDATA[2019-04-30 11:11:05 - [TEST_CASE][FAILED] - Test Cases/OASIS_SOC/Medications: Test Cases/OASIS_SOC/Medications FAILED.
Reason:
com.kms.katalon.core.exception.StepFailedException: Unable to click on object 'Object Repository/OASIS/Medications/M2003_1'
	at com.kms.katalon.core.webui.keyword.internal.WebUIKeywordMain.stepFailed(WebUIKeywordMain.groovy:64)
	at com.kms.katalon.core.webui.keyword.internal.WebUIKeywordMain.runKeyword(WebUIKeywordMain.groovy:26)
	at com.kms.katalon.core.webui.keyword.builtin.ClickKeyword.click(ClickKeyword.groovy:86)
	at com.kms.katalon.core.webui.keyword.builtin.ClickKeyword.execute(ClickKeyword.groovy:67)
	at com.kms.katalon.core.keyword.internal.KeywordExecutor.executeKeywordForPlatform(KeywordExecutor.groovy:56)
	at com.kms.katalon.core.webui.keyword.WebUiBuiltInKeywords.click(WebUiBuiltInKeywords.groovy:616)
	at com.kms.katalon.core.webui.keyword.WebUiBuiltInKeywords$click$3.call(Unknown Source)
	at Medications.run(Medications:24)
	at com.kms.katalon.core.main.ScriptEngine.run(ScriptEngine.java:194)
	at com.kms.katalon.core.main.ScriptEngine.runScriptAsRawText(ScriptEngine.java:119)
	at com.kms.katalon.core.main.TestCaseExecutor.runScript(TestCaseExecutor.java:342)
	at com.kms.katalon.core.main.TestCaseExecutor.doExecute(TestCaseExecutor.java:333)
	at com.kms.katalon.core.main.TestCaseExecutor.processExecutionPhase(TestCaseExecutor.java:312)
	at com.kms.katalon.core.main.TestCaseExecutor.accessMainPhase(TestCaseExecutor.java:304)
	at com.kms.katalon.core.main.TestCaseExecutor.execute(TestCaseExecutor.java:238)
	at com.kms.katalon.core.main.TestSuiteExecutor.accessTestCaseMainPhase(TestSuiteExecutor.java:129)
	at com.kms.katalon.core.main.TestSuiteExecutor.accessTestSuiteMainPhase(TestSuiteExecutor.java:112)
	at com.kms.katalon.core.main.TestSuiteExecutor.execute(TestSuiteExecutor.java:81)
	at com.kms.katalon.core.main.TestCaseMain.startTestSuite(TestCaseMain.java:157)
	at com.kms.katalon.core.main.TestCaseMain$startTestSuite$0.call(Unknown Source)
	at TempTestSuite1556593525781.run(TempTestSuite1556593525781.groovy:35)
Caused by: org.openqa.selenium.WebDriverException: unknown error: Element <input type="radio" data-ng-model="pi.M2003_MDCTN_FLWP" rname="M2003_MDCTN_FLWP" value="1" class="ng-pristine ng-untouched ng-valid ng-not-empty" name="15238"> is not clickable at point (196, 478). Other element would receive the click: <div data-growl="container" class="alert alert-success alert-dismissable growl-animated" role="alert" data-growl-position="bottom-left" style="position: fixed; margin: 0px; z-index: 1031; display: inline-block; bottom: 30px; left: 70px;">...</div>
  (Session info: chrome=73.0.3683.103)
  (Driver info: chromedriver=73.0.3683.68 (47787ec04b6e38e22703e856e101e840b65afe72),platform=Windows NT 10.0.17134 x86_64) (WARNING: The server did not provide any stacktrace information)
Command duration or timeout: 0 milliseconds
Build info: version: '3.7.1', revision: '8a0099a', time: '2017-11-06T21:07:36.161Z'
System info: host: 'DESKTOP-IKQI3RS', ip: '192.168.2.37', os.name: 'Windows 10', os.arch: 'amd64', os.version: '10.0', java.version: '1.8.0_181'
Driver info: com.kms.katalon.selenium.driver.CChromeDriver
Capabilities {acceptInsecureCerts: false, acceptSslCerts: false, applicationCacheEnabled: false, browserConnectionEnabled: false, browserName: chrome, chrome: {chromedriverVersion: 73.0.3683.68 (47787ec04b6e3..., userDataDir: C:\Users\KHENAR~1\AppData\L...}, cssSelectorsEnabled: true, databaseEnabled: false, goog:chromeOptions: {debuggerAddress: localhost:53747}, handlesAlerts: true, hasTouchScreen: false, javascriptEnabled: true, locationContextEnabled: true, mobileEmulationEnabled: false, nativeEvents: true, networkConnectionEnabled: false, pageLoadStrategy: normal, platform: XP, platformName: XP, proxy: Proxy(direct), rotatable: false, setWindowRect: true, strictFileInteractability: false, takesHeapSnapshot: true, takesScreenshot: true, timeouts: {implicit: 0, pageLoad: 300000, script: 30000}, unexpectedAlertBehaviour: ignore, unhandledPromptBehavior: ignore, version: 73.0.3683.103, webStorageEnabled: true}
Session ID: aaf3d7fd5e370ba562f986de5554a30a
	at org.openqa.selenium.remote.ErrorHandler.createThrowable(ErrorHandler.java:214)
	at org.openqa.selenium.remote.ErrorHandler.throwIfResponseFailed(ErrorHandler.java:166)
	at org.openqa.selenium.remote.http.JsonHttpResponseCodec.reconstructValue(JsonHttpResponseCodec.java:40)
	at org.openqa.selenium.remote.http.AbstractHttpResponseCodec.decode(AbstractHttpResponseCodec.java:80)
	at org.openqa.selenium.remote.http.AbstractHttpResponseCodec.decode(AbstractHttpResponseCodec.java:44)
	at org.openqa.selenium.remote.HttpCommandExecutor.execute(HttpCommandExecutor.java:164)
	at org.openqa.selenium.remote.service.DriverCommandExecutor.execute(DriverCommandExecutor.java:83)
	at org.openqa.selenium.remote.RemoteWebDriver.execute(RemoteWebDriver.java:600)
	at com.kms.katalon.selenium.driver.CChromeDriver.execute(CChromeDriver.java:20)
	at org.openqa.selenium.remote.RemoteWebElement.execute(RemoteWebElement.java:279)
	at org.openqa.selenium.remote.RemoteWebElement.click(RemoteWebElement.java:83)
	at com.kms.katalon.core.webui.keyword.builtin.ClickKeyword$_click_closure1.doCall(ClickKeyword.groovy:79)
	at com.kms.katalon.core.webui.keyword.builtin.ClickKeyword$_click_closure1.call(ClickKeyword.groovy)
	at com.kms.katalon.core.webui.keyword.internal.WebUIKeywordMain.runKeyword(WebUIKeywordMain.groovy:20)
	at com.kms.katalon.core.webui.keyword.builtin.ClickKeyword.click(ClickKeyword.groovy:86)
	at com.kms.katalon.core.webui.keyword.builtin.ClickKeyword.execute(ClickKeyword.groovy:67)
	at com.kms.katalon.core.keyword.internal.KeywordExecutor.executeKeywordForPlatform(KeywordExecutor.groovy:56)
	at com.kms.katalon.core.webui.keyword.WebUiBuiltInKeywords.click(WebUiBuiltInKeywords.groovy:616)
	at com.kms.katalon.core.webui.keyword.WebUiBuiltInKeywords$click$3.call(Unknown Source)
	at Script1556160320314.run(Script1556160320314.groovy:24)
	... 13 more]]></system-err>
      </testcase>
      <testcase name="Test Cases/OASIS_SOC/Care_Management" classname="Test Cases/OASIS_SOC/Care_Management" status="PASSED">
         <system-out><![CDATA[2019-04-30 11:11:12 - [TEST_CASE][PASSED] - Test Cases/OASIS_SOC/Care_Management: Test Cases/OASIS_SOC/Care_Management

2019-04-30 11:11:12 - [TEST_STEP][PASSED] - click(findTestObject("OASIS/OASIS_TABS/CareManagement_tab")): Object: 'Object Repository/OASIS/OASIS_TABS/CareManagement_tab' is clicked on

2019-04-30 11:11:13 - [MESSAGE][PASSED] - Object: 'Object Repository/OASIS/OASIS_TABS/CareManagement_tab' is clicked on

2019-04-30 11:11:13 - [TEST_STEP][PASSED] - delay(3): Delayed 3 second(s)

2019-04-30 11:11:16 - [MESSAGE][PASSED] - Delayed 3 second(s)

2019-04-30 11:11:16 - [TEST_STEP][PASSED] - click(findTestObject("OASIS/Care_Management/M2102_2")): Object: 'Object Repository/OASIS/Care_Management/M2102_2' is clicked on

2019-04-30 11:11:18 - [MESSAGE][PASSED] - Object: 'Object Repository/OASIS/Care_Management/M2102_2' is clicked on

2019-04-30 11:11:18 - [TEST_STEP][PASSED] - delay(2): Delayed 2 second(s)

2019-04-30 11:11:20 - [MESSAGE][PASSED] - Delayed 2 second(s)

2019-04-30 11:11:20 - [TEST_STEP][PASSED] - setText(findTestObject("OASIS/Care_Management/M2200_000"), "000"): Text '000' is set on object 'Object Repository/OASIS/Care_Management/M2200_000'

2019-04-30 11:11:20 - [MESSAGE][PASSED] - Text '000' is set on object 'Object Repository/OASIS/Care_Management/M2200_000'

2019-04-30 11:11:20 - [TEST_STEP][PASSED] - delay(2): Delayed 2 second(s)

2019-04-30 11:11:22 - [MESSAGE][PASSED] - Delayed 2 second(s)

2019-04-30 11:11:22 - [TEST_STEP][PASSED] - click(findTestObject("OASIS/Care_Management/cm_physician_orders/pt/cm_po_pt_difficultyintransfers")): Object: 'Object Repository/OASIS/Care_Management/cm_physician_orders/pt/cm_po_pt_difficultyintransfers' is clicked on

2019-04-30 11:11:22 - [MESSAGE][PASSED] - Object: 'Object Repository/OASIS/Care_Management/cm_physician_orders/pt/cm_po_pt_difficultyintransfers' is clicked on

2019-04-30 11:11:22 - [TEST_STEP][PASSED] - click(findTestObject("OASIS/Care_Management/cm_physician_orders/pt/cm_po_pt_pcg")): Object: 'Object Repository/OASIS/Care_Management/cm_physician_orders/pt/cm_po_pt_pcg' is clicked on

2019-04-30 11:11:22 - [MESSAGE][PASSED] - Object: 'Object Repository/OASIS/Care_Management/cm_physician_orders/pt/cm_po_pt_pcg' is clicked on

2019-04-30 11:11:22 - [TEST_STEP][PASSED] - click(findTestObject("OASIS/Care_Management/cm_physician_orders/pt/cm_po_pt_difficultyinlower")): Object: 'Object Repository/OASIS/Care_Management/cm_physician_orders/pt/cm_po_pt_difficultyinlower' is clicked on

2019-04-30 11:11:22 - [MESSAGE][PASSED] - Object: 'Object Repository/OASIS/Care_Management/cm_physician_orders/pt/cm_po_pt_difficultyinlower' is clicked on

2019-04-30 11:11:22 - [TEST_STEP][PASSED] - click(findTestObject("OASIS/Care_Management/cm_physician_orders/pt/cm_po_pt_knowledgedeficit")): Object: 'Object Repository/OASIS/Care_Management/cm_physician_orders/pt/cm_po_pt_knowledgedeficit' is clicked on

2019-04-30 11:11:23 - [MESSAGE][PASSED] - Object: 'Object Repository/OASIS/Care_Management/cm_physician_orders/pt/cm_po_pt_knowledgedeficit' is clicked on

2019-04-30 11:11:23 - [TEST_STEP][PASSED] - click(findTestObject("OASIS/Care_Management/cm_physician_orders/pt/cm_po_pt_identifiedhighrisk")): Object: 'Object Repository/OASIS/Care_Management/cm_physician_orders/pt/cm_po_pt_identifiedhighrisk' is clicked on

2019-04-30 11:11:23 - [MESSAGE][PASSED] - Object: 'Object Repository/OASIS/Care_Management/cm_physician_orders/pt/cm_po_pt_identifiedhighrisk' is clicked on

2019-04-30 11:11:23 - [TEST_STEP][PASSED] - click(findTestObject("OASIS/Care_Management/cm_physician_orders/pt/cm_po_pt_painofmuscle")): Object: 'Object Repository/OASIS/Care_Management/cm_physician_orders/pt/cm_po_pt_painofmuscle' is clicked on

2019-04-30 11:11:23 - [MESSAGE][PASSED] - Object: 'Object Repository/OASIS/Care_Management/cm_physician_orders/pt/cm_po_pt_painofmuscle' is clicked on

2019-04-30 11:11:23 - [TEST_STEP][PASSED] - click(findTestObject("OASIS/Care_Management/cm_physician_orders/pt/cm_po_pt_therapeutic")): Object: 'Object Repository/OASIS/Care_Management/cm_physician_orders/pt/cm_po_pt_therapeutic' is clicked on

2019-04-30 11:11:23 - [MESSAGE][PASSED] - Object: 'Object Repository/OASIS/Care_Management/cm_physician_orders/pt/cm_po_pt_therapeutic' is clicked on

2019-04-30 11:11:23 - [TEST_STEP][PASSED] - click(findTestObject("OASIS/Care_Management/cm_physician_orders/pt/cm_po_pt_newlydeveloped")): Object: 'Object Repository/OASIS/Care_Management/cm_physician_orders/pt/cm_po_pt_newlydeveloped' is clicked on

2019-04-30 11:11:23 - [MESSAGE][PASSED] - Object: 'Object Repository/OASIS/Care_Management/cm_physician_orders/pt/cm_po_pt_newlydeveloped' is clicked on

2019-04-30 11:11:23 - [TEST_STEP][PASSED] - setText(findTestObject("OASIS/Care_Management/cm_physician_orders/pt/cm_po_pt_other"), "Sample text"): Text 'Sample text' is set on object 'Object Repository/OASIS/Care_Management/cm_physician_orders/pt/cm_po_pt_other'

2019-04-30 11:11:24 - [MESSAGE][PASSED] - Text 'Sample text' is set on object 'Object Repository/OASIS/Care_Management/cm_physician_orders/pt/cm_po_pt_other'

2019-04-30 11:11:24 - [TEST_STEP][PASSED] - delay(2): Delayed 2 second(s)

2019-04-30 11:11:26 - [MESSAGE][PASSED] - Delayed 2 second(s)

2019-04-30 11:11:26 - [TEST_STEP][PASSED] - click(findTestObject("OASIS/Care_Management/cm_physician_orders/ot/cm_po_ot_upperex")): Object: 'Object Repository/OASIS/Care_Management/cm_physician_orders/ot/cm_po_ot_upperex' is clicked on

2019-04-30 11:11:26 - [MESSAGE][PASSED] - Object: 'Object Repository/OASIS/Care_Management/cm_physician_orders/ot/cm_po_ot_upperex' is clicked on

2019-04-30 11:11:26 - [TEST_STEP][PASSED] - click(findTestObject("OASIS/Care_Management/cm_physician_orders/ot/cm_po_ot_requiressplinting")): Object: 'Object Repository/OASIS/Care_Management/cm_physician_orders/ot/cm_po_ot_requiressplinting' is clicked on

2019-04-30 11:11:26 - [MESSAGE][PASSED] - Object: 'Object Repository/OASIS/Care_Management/cm_physician_orders/ot/cm_po_ot_requiressplinting' is clicked on

2019-04-30 11:11:26 - [TEST_STEP][PASSED] - click(findTestObject("OASIS/Care_Management/cm_physician_orders/ot/cm_po_ot_difficultyinadls")): Object: 'Object Repository/OASIS/Care_Management/cm_physician_orders/ot/cm_po_ot_difficultyinadls' is clicked on

2019-04-30 11:11:26 - [MESSAGE][PASSED] - Object: 'Object Repository/OASIS/Care_Management/cm_physician_orders/ot/cm_po_ot_difficultyinadls' is clicked on

2019-04-30 11:11:26 - [TEST_STEP][PASSED] - click(findTestObject("OASIS/Care_Management/cm_physician_orders/ot/cm_po_ot_limitedupperex")): Object: 'Object Repository/OASIS/Care_Management/cm_physician_orders/ot/cm_po_ot_limitedupperex' is clicked on

2019-04-30 11:11:27 - [MESSAGE][PASSED] - Object: 'Object Repository/OASIS/Care_Management/cm_physician_orders/ot/cm_po_ot_limitedupperex' is clicked on

2019-04-30 11:11:27 - [TEST_STEP][PASSED] - click(findTestObject("OASIS/Care_Management/cm_physician_orders/ot/cm_po_ot_requireswork")): Object: 'Object Repository/OASIS/Care_Management/cm_physician_orders/ot/cm_po_ot_requireswork' is clicked on

2019-04-30 11:11:27 - [MESSAGE][PASSED] - Object: 'Object Repository/OASIS/Care_Management/cm_physician_orders/ot/cm_po_ot_requireswork' is clicked on

2019-04-30 11:11:27 - [TEST_STEP][PASSED] - click(findTestObject("OASIS/Care_Management/cm_physician_orders/ot/cm_po_ot_needinstructions")): Object: 'Object Repository/OASIS/Care_Management/cm_physician_orders/ot/cm_po_ot_needinstructions' is clicked on

2019-04-30 11:11:27 - [MESSAGE][PASSED] - Object: 'Object Repository/OASIS/Care_Management/cm_physician_orders/ot/cm_po_ot_needinstructions' is clicked on

2019-04-30 11:11:27 - [TEST_STEP][PASSED] - click(findTestObject("OASIS/Care_Management/cm_physician_orders/ot/cm_po_ot_difficultyproblem")): Object: 'Object Repository/OASIS/Care_Management/cm_physician_orders/ot/cm_po_ot_difficultyproblem' is clicked on

2019-04-30 11:11:27 - [MESSAGE][PASSED] - Object: 'Object Repository/OASIS/Care_Management/cm_physician_orders/ot/cm_po_ot_difficultyproblem' is clicked on

2019-04-30 11:11:27 - [TEST_STEP][PASSED] - click(findTestObject("OASIS/Care_Management/cm_physician_orders/ot/cm_po_ot_decreasedcoordination")): Object: 'Object Repository/OASIS/Care_Management/cm_physician_orders/ot/cm_po_ot_decreasedcoordination' is clicked on

2019-04-30 11:11:27 - [MESSAGE][PASSED] - Object: 'Object Repository/OASIS/Care_Management/cm_physician_orders/ot/cm_po_ot_decreasedcoordination' is clicked on

2019-04-30 11:11:27 - [TEST_STEP][PASSED] - setText(findTestObject("OASIS/Care_Management/cm_physician_orders/ot/cm_po_ot_other"), "Sample text"): Text 'Sample text' is set on object 'Object Repository/OASIS/Care_Management/cm_physician_orders/ot/cm_po_ot_other'

2019-04-30 11:11:28 - [MESSAGE][PASSED] - Text 'Sample text' is set on object 'Object Repository/OASIS/Care_Management/cm_physician_orders/ot/cm_po_ot_other'

2019-04-30 11:11:28 - [TEST_STEP][PASSED] - delay(2): Delayed 2 second(s)

2019-04-30 11:11:30 - [MESSAGE][PASSED] - Delayed 2 second(s)

2019-04-30 11:11:30 - [TEST_STEP][PASSED] - click(findTestObject("OASIS/Care_Management/cm_physician_orders/st/cm_po_st_receptive")): Object: 'Object Repository/OASIS/Care_Management/cm_physician_orders/st/cm_po_st_receptive' is clicked on

2019-04-30 11:11:30 - [MESSAGE][PASSED] - Object: 'Object Repository/OASIS/Care_Management/cm_physician_orders/st/cm_po_st_receptive' is clicked on

2019-04-30 11:11:30 - [TEST_STEP][PASSED] - click(findTestObject("OASIS/Care_Management/cm_physician_orders/st/cm_po_st_communication")): Object: 'Object Repository/OASIS/Care_Management/cm_physician_orders/st/cm_po_st_communication' is clicked on

2019-04-30 11:11:30 - [MESSAGE][PASSED] - Object: 'Object Repository/OASIS/Care_Management/cm_physician_orders/st/cm_po_st_communication' is clicked on

2019-04-30 11:11:30 - [TEST_STEP][PASSED] - click(findTestObject("OASIS/Care_Management/cm_physician_orders/st/cm_po_st_othercognitive")): Object: 'Object Repository/OASIS/Care_Management/cm_physician_orders/st/cm_po_st_othercognitive' is clicked on

2019-04-30 11:11:30 - [MESSAGE][PASSED] - Object: 'Object Repository/OASIS/Care_Management/cm_physician_orders/st/cm_po_st_othercognitive' is clicked on

2019-04-30 11:11:30 - [TEST_STEP][PASSED] - click(findTestObject("OASIS/Care_Management/cm_physician_orders/st/cm_po_st_shortattention")): Object: 'Object Repository/OASIS/Care_Management/cm_physician_orders/st/cm_po_st_shortattention' is clicked on

2019-04-30 11:11:31 - [MESSAGE][PASSED] - Object: 'Object Repository/OASIS/Care_Management/cm_physician_orders/st/cm_po_st_shortattention' is clicked on

2019-04-30 11:11:31 - [TEST_STEP][PASSED] - click(findTestObject("OASIS/Care_Management/cm_physician_orders/st/cm_po_st_poorgag")): Object: 'Object Repository/OASIS/Care_Management/cm_physician_orders/st/cm_po_st_poorgag' is clicked on

2019-04-30 11:11:31 - [MESSAGE][PASSED] - Object: 'Object Repository/OASIS/Care_Management/cm_physician_orders/st/cm_po_st_poorgag' is clicked on

2019-04-30 11:11:31 - [TEST_STEP][PASSED] - click(findTestObject("OASIS/Care_Management/cm_physician_orders/st/cm_po_st_facialtongue")): Object: 'Object Repository/OASIS/Care_Management/cm_physician_orders/st/cm_po_st_facialtongue' is clicked on

2019-04-30 11:11:31 - [MESSAGE][PASSED] - Object: 'Object Repository/OASIS/Care_Management/cm_physician_orders/st/cm_po_st_facialtongue' is clicked on

2019-04-30 11:11:31 - [TEST_STEP][PASSED] - setText(findTestObject("OASIS/Care_Management/cm_physician_orders/st/cm_po_st_other"), "Sample text"): Text 'Sample text' is set on object 'Object Repository/OASIS/Care_Management/cm_physician_orders/st/cm_po_st_other'

2019-04-30 11:11:31 - [MESSAGE][PASSED] - Text 'Sample text' is set on object 'Object Repository/OASIS/Care_Management/cm_physician_orders/st/cm_po_st_other'

2019-04-30 11:11:31 - [TEST_STEP][PASSED] - delay(2): Delayed 2 second(s)

2019-04-30 11:11:33 - [MESSAGE][PASSED] - Delayed 2 second(s)

2019-04-30 11:11:33 - [TEST_STEP][PASSED] - click(findTestObject("OASIS/Care_Management/cm_physician_orders/msw/cm_po_msw_referraltossa")): Object: 'Object Repository/OASIS/Care_Management/cm_physician_orders/msw/cm_po_msw_referraltossa' is clicked on

2019-04-30 11:11:34 - [MESSAGE][PASSED] - Object: 'Object Repository/OASIS/Care_Management/cm_physician_orders/msw/cm_po_msw_referraltossa' is clicked on

2019-04-30 11:11:34 - [TEST_STEP][PASSED] - click(findTestObject("OASIS/Care_Management/cm_physician_orders/msw/cm_po_msw_mealhousing")): Object: 'Object Repository/OASIS/Care_Management/cm_physician_orders/msw/cm_po_msw_mealhousing' is clicked on

2019-04-30 11:11:34 - [MESSAGE][PASSED] - Object: 'Object Repository/OASIS/Care_Management/cm_physician_orders/msw/cm_po_msw_mealhousing' is clicked on

2019-04-30 11:11:34 - [TEST_STEP][PASSED] - click(findTestObject("OASIS/Care_Management/cm_physician_orders/msw/cm_po_msw_assistanceadls")): Object: 'Object Repository/OASIS/Care_Management/cm_physician_orders/msw/cm_po_msw_assistanceadls' is clicked on

2019-04-30 11:11:34 - [MESSAGE][PASSED] - Object: 'Object Repository/OASIS/Care_Management/cm_physician_orders/msw/cm_po_msw_assistanceadls' is clicked on

2019-04-30 11:11:34 - [TEST_STEP][PASSED] - click(findTestObject("OASIS/Care_Management/cm_physician_orders/msw/cm_po_msw_evaluationandeduc")): Object: 'Object Repository/OASIS/Care_Management/cm_physician_orders/msw/cm_po_msw_evaluationandeduc' is clicked on

2019-04-30 11:11:34 - [MESSAGE][PASSED] - Object: 'Object Repository/OASIS/Care_Management/cm_physician_orders/msw/cm_po_msw_evaluationandeduc' is clicked on

2019-04-30 11:11:34 - [TEST_STEP][PASSED] - click(findTestObject("OASIS/Care_Management/cm_physician_orders/msw/cm_po_msw_actaspatient")): Object: 'Object Repository/OASIS/Care_Management/cm_physician_orders/msw/cm_po_msw_actaspatient' is clicked on

2019-04-30 11:11:34 - [MESSAGE][PASSED] - Object: 'Object Repository/OASIS/Care_Management/cm_physician_orders/msw/cm_po_msw_actaspatient' is clicked on

2019-04-30 11:11:34 - [TEST_STEP][PASSED] - click(findTestObject("OASIS/Care_Management/cm_physician_orders/msw/cm_po_msw_assistancewithreimburse")): Object: 'Object Repository/OASIS/Care_Management/cm_physician_orders/msw/cm_po_msw_assistancewithreimburse' is clicked on

2019-04-30 11:11:34 - [MESSAGE][PASSED] - Object: 'Object Repository/OASIS/Care_Management/cm_physician_orders/msw/cm_po_msw_assistancewithreimburse' is clicked on

2019-04-30 11:11:34 - [TEST_STEP][PASSED] - click(findTestObject("OASIS/Care_Management/cm_physician_orders/msw/cm_po_msw_needforcomm")): Object: 'Object Repository/OASIS/Care_Management/cm_physician_orders/msw/cm_po_msw_needforcomm' is clicked on

2019-04-30 11:11:34 - [MESSAGE][PASSED] - Object: 'Object Repository/OASIS/Care_Management/cm_physician_orders/msw/cm_po_msw_needforcomm' is clicked on

2019-04-30 11:11:34 - [TEST_STEP][PASSED] - setText(findTestObject("OASIS/Care_Management/cm_physician_orders/msw/cm_po_msw_needforcomm_tf"), "Sample text"): Text 'Sample text' is set on object 'Object Repository/OASIS/Care_Management/cm_physician_orders/msw/cm_po_msw_needforcomm_tf'

2019-04-30 11:11:35 - [MESSAGE][PASSED] - Text 'Sample text' is set on object 'Object Repository/OASIS/Care_Management/cm_physician_orders/msw/cm_po_msw_needforcomm_tf'

2019-04-30 11:11:35 - [TEST_STEP][PASSED] - click(findTestObject("OASIS/Care_Management/cm_physician_orders/msw/cm_po_msw_counselling"), STOP_ON_FAILURE): Object: 'Object Repository/OASIS/Care_Management/cm_physician_orders/msw/cm_po_msw_counselling' is clicked on

2019-04-30 11:11:35 - [MESSAGE][PASSED] - Object: 'Object Repository/OASIS/Care_Management/cm_physician_orders/msw/cm_po_msw_counselling' is clicked on

2019-04-30 11:11:35 - [TEST_STEP][PASSED] - setText(findTestObject("OASIS/Care_Management/cm_physician_orders/msw/cm_po_msw_counselling_tf"), "Sample text"): Text 'Sample text' is set on object 'Object Repository/OASIS/Care_Management/cm_physician_orders/msw/cm_po_msw_counselling_tf'

2019-04-30 11:11:36 - [MESSAGE][PASSED] - Text 'Sample text' is set on object 'Object Repository/OASIS/Care_Management/cm_physician_orders/msw/cm_po_msw_counselling_tf'

2019-04-30 11:11:36 - [TEST_STEP][PASSED] - setText(findTestObject("OASIS/Care_Management/cm_physician_orders/msw/cm_po_msw_other"), "Sample text"): Text 'Sample text' is set on object 'Object Repository/OASIS/Care_Management/cm_physician_orders/msw/cm_po_msw_other'

2019-04-30 11:11:36 - [MESSAGE][PASSED] - Text 'Sample text' is set on object 'Object Repository/OASIS/Care_Management/cm_physician_orders/msw/cm_po_msw_other'

2019-04-30 11:11:36 - [TEST_STEP][PASSED] - delay(2): Delayed 2 second(s)

2019-04-30 11:11:38 - [MESSAGE][PASSED] - Delayed 2 second(s)

2019-04-30 11:11:38 - [TEST_STEP][PASSED] - click(findTestObject("OASIS/Care_Management/cm_physician_orders/dietician/cm_po_dietician_identified")): Object: 'Object Repository/OASIS/Care_Management/cm_physician_orders/dietician/cm_po_dietician_identified' is clicked on

2019-04-30 11:11:38 - [MESSAGE][PASSED] - Object: 'Object Repository/OASIS/Care_Management/cm_physician_orders/dietician/cm_po_dietician_identified' is clicked on

2019-04-30 11:11:38 - [TEST_STEP][PASSED] - setText(findTestObject("OASIS/Care_Management/cm_physician_orders/dietician/cm_po_dietician_other"), "Sample text"): Text 'Sample text' is set on object 'Object Repository/OASIS/Care_Management/cm_physician_orders/dietician/cm_po_dietician_other'

2019-04-30 11:11:39 - [MESSAGE][PASSED] - Text 'Sample text' is set on object 'Object Repository/OASIS/Care_Management/cm_physician_orders/dietician/cm_po_dietician_other'

2019-04-30 11:11:39 - [TEST_STEP][PASSED] - delay(2): Delayed 2 second(s)

2019-04-30 11:11:41 - [MESSAGE][PASSED] - Delayed 2 second(s)

2019-04-30 11:11:41 - [TEST_STEP][PASSED] - delay(2): Delayed 2 second(s)

2019-04-30 11:11:43 - [MESSAGE][PASSED] - Delayed 2 second(s)

2019-04-30 11:11:43 - [TEST_STEP][PASSED] - click(findTestObject("OASIS/Care_Management/cm_physician_orders/chha/cm_po_chha_toassistpersonalcare")): Object: 'Object Repository/OASIS/Care_Management/cm_physician_orders/chha/cm_po_chha_toassistpersonalcare' is clicked on

2019-04-30 11:11:43 - [MESSAGE][PASSED] - Object: 'Object Repository/OASIS/Care_Management/cm_physician_orders/chha/cm_po_chha_toassistpersonalcare' is clicked on

2019-04-30 11:11:43 - [TEST_STEP][PASSED] - setText(findTestObject("OASIS/Care_Management/cm_physician_orders/chha/cm_po_chha_other"), "Sample text"): Text 'Sample text' is set on object 'Object Repository/OASIS/Care_Management/cm_physician_orders/chha/cm_po_chha_other'

2019-04-30 11:11:44 - [MESSAGE][PASSED] - Text 'Sample text' is set on object 'Object Repository/OASIS/Care_Management/cm_physician_orders/chha/cm_po_chha_other'

2019-04-30 11:11:44 - [TEST_STEP][PASSED] - delay(2): Delayed 2 second(s)

2019-04-30 11:11:46 - [MESSAGE][PASSED] - Delayed 2 second(s)

2019-04-30 11:11:46 - [TEST_STEP][PASSED] - click(findTestObject("OASIS/Care_Management/cm_care_coordination/cm_cc_coordinationcarewith/cm_cc_coordinationcarewith_physician")): Object: 'Object Repository/OASIS/Care_Management/cm_care_coordination/cm_cc_coordinationcarewith/cm_cc_coordinationcarewith_physician' is clicked on

2019-04-30 11:11:46 - [MESSAGE][PASSED] - Object: 'Object Repository/OASIS/Care_Management/cm_care_coordination/cm_cc_coordinationcarewith/cm_cc_coordinationcarewith_physician' is clicked on

2019-04-30 11:11:46 - [TEST_STEP][PASSED] - click(findTestObject("OASIS/Care_Management/cm_care_coordination/cm_cc_coordinationcarewith/cm_cc_coordinationcarewith_rnsupervisor")): Object: 'Object Repository/OASIS/Care_Management/cm_care_coordination/cm_cc_coordinationcarewith/cm_cc_coordinationcarewith_rnsupervisor' is clicked on

2019-04-30 11:11:46 - [MESSAGE][PASSED] - Object: 'Object Repository/OASIS/Care_Management/cm_care_coordination/cm_cc_coordinationcarewith/cm_cc_coordinationcarewith_rnsupervisor' is clicked on

2019-04-30 11:11:46 - [TEST_STEP][PASSED] - click(findTestObject("OASIS/Care_Management/cm_care_coordination/cm_cc_coordinationcarewith/cm_cc_coordinationcarewith_rnlvn")): Object: 'Object Repository/OASIS/Care_Management/cm_care_coordination/cm_cc_coordinationcarewith/cm_cc_coordinationcarewith_rnlvn' is clicked on

2019-04-30 11:11:46 - [MESSAGE][PASSED] - Object: 'Object Repository/OASIS/Care_Management/cm_care_coordination/cm_cc_coordinationcarewith/cm_cc_coordinationcarewith_rnlvn' is clicked on

2019-04-30 11:11:46 - [TEST_STEP][PASSED] - click(findTestObject("OASIS/Care_Management/cm_care_coordination/cm_cc_coordinationcarewith/cm_cc_coordinationcarewith_patient")): Object: 'Object Repository/OASIS/Care_Management/cm_care_coordination/cm_cc_coordinationcarewith/cm_cc_coordinationcarewith_patient' is clicked on

2019-04-30 11:11:46 - [MESSAGE][PASSED] - Object: 'Object Repository/OASIS/Care_Management/cm_care_coordination/cm_cc_coordinationcarewith/cm_cc_coordinationcarewith_patient' is clicked on

2019-04-30 11:11:46 - [TEST_STEP][PASSED] - click(findTestObject("OASIS/Care_Management/cm_care_coordination/cm_cc_coordinationcarewith/cm_cc_coordinationcarewith_pcg")): Object: 'Object Repository/OASIS/Care_Management/cm_care_coordination/cm_cc_coordinationcarewith/cm_cc_coordinationcarewith_pcg' is clicked on

2019-04-30 11:11:46 - [MESSAGE][PASSED] - Object: 'Object Repository/OASIS/Care_Management/cm_care_coordination/cm_cc_coordinationcarewith/cm_cc_coordinationcarewith_pcg' is clicked on

2019-04-30 11:11:46 - [TEST_STEP][PASSED] - setText(findTestObject("OASIS/Care_Management/cm_care_coordination/cm_cc_coordinationcarewith/cm_cc_coordinationcarewith_other"), "Sample text"): Text 'Sample text' is set on object 'Object Repository/OASIS/Care_Management/cm_care_coordination/cm_cc_coordinationcarewith/cm_cc_coordinationcarewith_other'

2019-04-30 11:11:47 - [MESSAGE][PASSED] - Text 'Sample text' is set on object 'Object Repository/OASIS/Care_Management/cm_care_coordination/cm_cc_coordinationcarewith/cm_cc_coordinationcarewith_other'

2019-04-30 11:11:47 - [TEST_STEP][PASSED] - delay(2): Delayed 2 second(s)

2019-04-30 11:11:49 - [MESSAGE][PASSED] - Delayed 2 second(s)

2019-04-30 11:11:49 - [TEST_STEP][PASSED] - click(findTestObject("OASIS/Care_Management/cm_care_coordination/cm_cc_communicatedvia/cm_cc_communicatedvia_phone")): Object: 'Object Repository/OASIS/Care_Management/cm_care_coordination/cm_cc_communicatedvia/cm_cc_communicatedvia_phone' is clicked on

2019-04-30 11:11:49 - [MESSAGE][PASSED] - Object: 'Object Repository/OASIS/Care_Management/cm_care_coordination/cm_cc_communicatedvia/cm_cc_communicatedvia_phone' is clicked on

2019-04-30 11:11:49 - [TEST_STEP][PASSED] - click(findTestObject("OASIS/Care_Management/cm_care_coordination/cm_cc_communicatedvia/cm_cc_communicatedvia_fax")): Object: 'Object Repository/OASIS/Care_Management/cm_care_coordination/cm_cc_communicatedvia/cm_cc_communicatedvia_fax' is clicked on

2019-04-30 11:11:49 - [MESSAGE][PASSED] - Object: 'Object Repository/OASIS/Care_Management/cm_care_coordination/cm_cc_communicatedvia/cm_cc_communicatedvia_fax' is clicked on

2019-04-30 11:11:49 - [TEST_STEP][PASSED] - click(findTestObject("OASIS/Care_Management/cm_care_coordination/cm_cc_communicatedvia/cm_cc_communicatedvia_persontoperson")): Object: 'Object Repository/OASIS/Care_Management/cm_care_coordination/cm_cc_communicatedvia/cm_cc_communicatedvia_persontoperson' is clicked on

2019-04-30 11:11:49 - [MESSAGE][PASSED] - Object: 'Object Repository/OASIS/Care_Management/cm_care_coordination/cm_cc_communicatedvia/cm_cc_communicatedvia_persontoperson' is clicked on

2019-04-30 11:11:49 - [TEST_STEP][PASSED] - setText(findTestObject("OASIS/Care_Management/cm_care_coordination/cm_cc_communicatedvia/cm_cc_communicatedvia_comreceivedby"), "Khenard Figuracion"): Text 'Khenard Figuracion' is set on object 'Object Repository/OASIS/Care_Management/cm_care_coordination/cm_cc_communicatedvia/cm_cc_communicatedvia_comreceivedby'

2019-04-30 11:11:50 - [MESSAGE][PASSED] - Text 'Khenard Figuracion' is set on object 'Object Repository/OASIS/Care_Management/cm_care_coordination/cm_cc_communicatedvia/cm_cc_communicatedvia_comreceivedby'

2019-04-30 11:11:50 - [TEST_STEP][PASSED] - setText(findTestObject("OASIS/Care_Management/cm_care_coordination/cm_cc_communicatedvia/cm_cc_communicatedvia_date"), "April 26, 2019"): Text 'April 26, 2019' is set on object 'Object Repository/OASIS/Care_Management/cm_care_coordination/cm_cc_communicatedvia/cm_cc_communicatedvia_date'

2019-04-30 11:11:51 - [MESSAGE][PASSED] - Text 'April 26, 2019' is set on object 'Object Repository/OASIS/Care_Management/cm_care_coordination/cm_cc_communicatedvia/cm_cc_communicatedvia_date'

2019-04-30 11:11:51 - [TEST_STEP][PASSED] - setText(findTestObject("OASIS/Care_Management/cm_care_coordination/cm_cc_communicatedvia/cm_cc_communicatedvia_time"), "10:04 AM"): Text '10:04 AM' is set on object 'Object Repository/OASIS/Care_Management/cm_care_coordination/cm_cc_communicatedvia/cm_cc_communicatedvia_time'

2019-04-30 11:11:51 - [MESSAGE][PASSED] - Text '10:04 AM' is set on object 'Object Repository/OASIS/Care_Management/cm_care_coordination/cm_cc_communicatedvia/cm_cc_communicatedvia_time'

2019-04-30 11:11:51 - [TEST_STEP][PASSED] - delay(2): Delayed 2 second(s)

2019-04-30 11:11:53 - [MESSAGE][PASSED] - Delayed 2 second(s)

2019-04-30 11:11:53 - [TEST_STEP][PASSED] - click(findTestObject("OASIS/Care_Management/cm_subject_areas/cm_sa_regardingpatient/cm_sa_rpc_ssindicative")): Object: 'Object Repository/OASIS/Care_Management/cm_subject_areas/cm_sa_regardingpatient/cm_sa_rpc_ssindicative' is clicked on

2019-04-30 11:11:54 - [MESSAGE][PASSED] - Object: 'Object Repository/OASIS/Care_Management/cm_subject_areas/cm_sa_regardingpatient/cm_sa_rpc_ssindicative' is clicked on

2019-04-30 11:11:54 - [TEST_STEP][PASSED] - click(findTestObject("OASIS/Care_Management/cm_subject_areas/cm_sa_regardingpatient/cm_sa_rpc_diabetic")): Object: 'Object Repository/OASIS/Care_Management/cm_subject_areas/cm_sa_regardingpatient/cm_sa_rpc_diabetic' is clicked on

2019-04-30 11:11:54 - [MESSAGE][PASSED] - Object: 'Object Repository/OASIS/Care_Management/cm_subject_areas/cm_sa_regardingpatient/cm_sa_rpc_diabetic' is clicked on

2019-04-30 11:11:54 - [TEST_STEP][PASSED] - click(findTestObject("OASIS/Care_Management/cm_subject_areas/cm_sa_regardingpatient/cm_sa_rpc_hypertensive")): Object: 'Object Repository/OASIS/Care_Management/cm_subject_areas/cm_sa_regardingpatient/cm_sa_rpc_hypertensive' is clicked on

2019-04-30 11:11:54 - [MESSAGE][PASSED] - Object: 'Object Repository/OASIS/Care_Management/cm_subject_areas/cm_sa_regardingpatient/cm_sa_rpc_hypertensive' is clicked on

2019-04-30 11:11:54 - [TEST_STEP][PASSED] - click(findTestObject("OASIS/Care_Management/cm_subject_areas/cm_sa_regardingpatient/cm_sa_rpc_depression")): Object: 'Object Repository/OASIS/Care_Management/cm_subject_areas/cm_sa_regardingpatient/cm_sa_rpc_depression' is clicked on

2019-04-30 11:11:54 - [MESSAGE][PASSED] - Object: 'Object Repository/OASIS/Care_Management/cm_subject_areas/cm_sa_regardingpatient/cm_sa_rpc_depression' is clicked on

2019-04-30 11:11:54 - [TEST_STEP][PASSED] - click(findTestObject("OASIS/Care_Management/cm_subject_areas/cm_sa_regardingpatient/cm_sa_rpc_newwound")): Object: 'Object Repository/OASIS/Care_Management/cm_subject_areas/cm_sa_regardingpatient/cm_sa_rpc_newwound' is clicked on

2019-04-30 11:11:54 - [MESSAGE][PASSED] - Object: 'Object Repository/OASIS/Care_Management/cm_subject_areas/cm_sa_regardingpatient/cm_sa_rpc_newwound' is clicked on

2019-04-30 11:11:54 - [TEST_STEP][PASSED] - click(findTestObject("OASIS/Care_Management/cm_subject_areas/cm_sa_regardingpatient/cm_sa_rpc_unrelievedpain")): Object: 'Object Repository/OASIS/Care_Management/cm_subject_areas/cm_sa_regardingpatient/cm_sa_rpc_unrelievedpain' is clicked on

2019-04-30 11:11:54 - [MESSAGE][PASSED] - Object: 'Object Repository/OASIS/Care_Management/cm_subject_areas/cm_sa_regardingpatient/cm_sa_rpc_unrelievedpain' is clicked on

2019-04-30 11:11:54 - [TEST_STEP][PASSED] - click(findTestObject("OASIS/Care_Management/cm_subject_areas/cm_sa_regardingpatient/cm_sa_rpc_fallinjury")): Object: 'Object Repository/OASIS/Care_Management/cm_subject_areas/cm_sa_regardingpatient/cm_sa_rpc_fallinjury' is clicked on

2019-04-30 11:11:55 - [MESSAGE][PASSED] - Object: 'Object Repository/OASIS/Care_Management/cm_subject_areas/cm_sa_regardingpatient/cm_sa_rpc_fallinjury' is clicked on

2019-04-30 11:11:55 - [TEST_STEP][PASSED] - setText(findTestObject("OASIS/Care_Management/cm_subject_areas/cm_sa_regardingpatient/cm_sa_rpc_other"), "Sample text"): Text 'Sample text' is set on object 'Object Repository/OASIS/Care_Management/cm_subject_areas/cm_sa_regardingpatient/cm_sa_rpc_other'

2019-04-30 11:11:55 - [MESSAGE][PASSED] - Text 'Sample text' is set on object 'Object Repository/OASIS/Care_Management/cm_subject_areas/cm_sa_regardingpatient/cm_sa_rpc_other'

2019-04-30 11:11:55 - [TEST_STEP][PASSED] - delay(2): Delayed 2 second(s)

2019-04-30 11:11:57 - [MESSAGE][PASSED] - Delayed 2 second(s)

2019-04-30 11:11:57 - [TEST_STEP][PASSED] - click(findTestObject("OASIS/Care_Management/cm_subject_areas/cm_sa_regardingmedication/cm_sa_rm_adverseeffect")): Object: 'Object Repository/OASIS/Care_Management/cm_subject_areas/cm_sa_regardingmedication/cm_sa_rm_adverseeffect' is clicked on

2019-04-30 11:11:57 - [MESSAGE][PASSED] - Object: 'Object Repository/OASIS/Care_Management/cm_subject_areas/cm_sa_regardingmedication/cm_sa_rm_adverseeffect' is clicked on

2019-04-30 11:11:57 - [TEST_STEP][PASSED] - click(findTestObject("OASIS/Care_Management/cm_subject_areas/cm_sa_regardingmedication/cm_sa_rm_potentialadverse")): Object: 'Object Repository/OASIS/Care_Management/cm_subject_areas/cm_sa_regardingmedication/cm_sa_rm_potentialadverse' is clicked on

2019-04-30 11:11:58 - [MESSAGE][PASSED] - Object: 'Object Repository/OASIS/Care_Management/cm_subject_areas/cm_sa_regardingmedication/cm_sa_rm_potentialadverse' is clicked on

2019-04-30 11:11:58 - [TEST_STEP][PASSED] - click(findTestObject("OASIS/Care_Management/cm_subject_areas/cm_sa_regardingmedication/cm_sa_rm_ineffectivedrugtherapy")): Object: 'Object Repository/OASIS/Care_Management/cm_subject_areas/cm_sa_regardingmedication/cm_sa_rm_ineffectivedrugtherapy' is clicked on

2019-04-30 11:11:58 - [MESSAGE][PASSED] - Object: 'Object Repository/OASIS/Care_Management/cm_subject_areas/cm_sa_regardingmedication/cm_sa_rm_ineffectivedrugtherapy' is clicked on

2019-04-30 11:11:58 - [TEST_STEP][PASSED] - click(findTestObject("OASIS/Care_Management/cm_subject_areas/cm_sa_regardingmedication/cm_sa_rm_significantsideeffect")): Object: 'Object Repository/OASIS/Care_Management/cm_subject_areas/cm_sa_regardingmedication/cm_sa_rm_significantsideeffect' is clicked on

2019-04-30 11:11:58 - [MESSAGE][PASSED] - Object: 'Object Repository/OASIS/Care_Management/cm_subject_areas/cm_sa_regardingmedication/cm_sa_rm_significantsideeffect' is clicked on

2019-04-30 11:11:58 - [TEST_STEP][PASSED] - click(findTestObject("OASIS/Care_Management/cm_subject_areas/cm_sa_regardingmedication/cm_sa_rm_significantdrunginteractions")): Object: 'Object Repository/OASIS/Care_Management/cm_subject_areas/cm_sa_regardingmedication/cm_sa_rm_significantdrunginteractions' is clicked on

2019-04-30 11:11:58 - [MESSAGE][PASSED] - Object: 'Object Repository/OASIS/Care_Management/cm_subject_areas/cm_sa_regardingmedication/cm_sa_rm_significantdrunginteractions' is clicked on

2019-04-30 11:11:58 - [TEST_STEP][PASSED] - click(findTestObject("OASIS/Care_Management/cm_subject_areas/cm_sa_regardingmedication/cm_sa_rm_noncompliance")): Object: 'Object Repository/OASIS/Care_Management/cm_subject_areas/cm_sa_regardingmedication/cm_sa_rm_noncompliance' is clicked on

2019-04-30 11:11:58 - [MESSAGE][PASSED] - Object: 'Object Repository/OASIS/Care_Management/cm_subject_areas/cm_sa_regardingmedication/cm_sa_rm_noncompliance' is clicked on

2019-04-30 11:11:58 - [TEST_STEP][PASSED] - click(findTestObject("OASIS/Care_Management/cm_subject_areas/cm_sa_regardingmedication/cm_sa_rm_misseddose")): Object: 'Object Repository/OASIS/Care_Management/cm_subject_areas/cm_sa_regardingmedication/cm_sa_rm_misseddose' is clicked on

2019-04-30 11:11:58 - [MESSAGE][PASSED] - Object: 'Object Repository/OASIS/Care_Management/cm_subject_areas/cm_sa_regardingmedication/cm_sa_rm_misseddose' is clicked on

2019-04-30 11:11:58 - [TEST_STEP][PASSED] - click(findTestObject("OASIS/Care_Management/cm_subject_areas/cm_sa_regardingmedication/cm_sa_rm_newmed")): Object: 'Object Repository/OASIS/Care_Management/cm_subject_areas/cm_sa_regardingmedication/cm_sa_rm_newmed' is clicked on

2019-04-30 11:11:59 - [MESSAGE][PASSED] - Object: 'Object Repository/OASIS/Care_Management/cm_subject_areas/cm_sa_regardingmedication/cm_sa_rm_newmed' is clicked on

2019-04-30 11:11:59 - [TEST_STEP][PASSED] - click(findTestObject("OASIS/Care_Management/cm_subject_areas/cm_sa_regardingmedication/cm_sa_rm_medrecon")): Object: 'Object Repository/OASIS/Care_Management/cm_subject_areas/cm_sa_regardingmedication/cm_sa_rm_medrecon' is clicked on

2019-04-30 11:11:59 - [MESSAGE][PASSED] - Object: 'Object Repository/OASIS/Care_Management/cm_subject_areas/cm_sa_regardingmedication/cm_sa_rm_medrecon' is clicked on

2019-04-30 11:11:59 - [TEST_STEP][PASSED] - click(findTestObject("OASIS/Care_Management/cm_subject_areas/cm_sa_regardingmedication/cm_sa_rm_duplicatedt")): Object: 'Object Repository/OASIS/Care_Management/cm_subject_areas/cm_sa_regardingmedication/cm_sa_rm_duplicatedt' is clicked on

2019-04-30 11:11:59 - [MESSAGE][PASSED] - Object: 'Object Repository/OASIS/Care_Management/cm_subject_areas/cm_sa_regardingmedication/cm_sa_rm_duplicatedt' is clicked on

2019-04-30 11:11:59 - [TEST_STEP][PASSED] - click(findTestObject("OASIS/Care_Management/cm_subject_areas/cm_sa_regardingmedication/cm_sa_rm_missingmed")): Object: 'Object Repository/OASIS/Care_Management/cm_subject_areas/cm_sa_regardingmedication/cm_sa_rm_missingmed' is clicked on

2019-04-30 11:11:59 - [MESSAGE][PASSED] - Object: 'Object Repository/OASIS/Care_Management/cm_subject_areas/cm_sa_regardingmedication/cm_sa_rm_missingmed' is clicked on

2019-04-30 11:11:59 - [TEST_STEP][PASSED] - click(findTestObject("OASIS/Care_Management/cm_subject_areas/cm_sa_regardingmedication/cm_sa_rm_wrongdose")): Object: 'Object Repository/OASIS/Care_Management/cm_subject_areas/cm_sa_regardingmedication/cm_sa_rm_wrongdose' is clicked on

2019-04-30 11:11:59 - [MESSAGE][PASSED] - Object: 'Object Repository/OASIS/Care_Management/cm_subject_areas/cm_sa_regardingmedication/cm_sa_rm_wrongdose' is clicked on

2019-04-30 11:11:59 - [TEST_STEP][PASSED] - setText(findTestObject("OASIS/Care_Management/cm_subject_areas/cm_sa_regardingmedication/cm_sa_rm_other"), "Sample text"): Text 'Sample text' is set on object 'Object Repository/OASIS/Care_Management/cm_subject_areas/cm_sa_regardingmedication/cm_sa_rm_other'

2019-04-30 11:12:00 - [MESSAGE][PASSED] - Text 'Sample text' is set on object 'Object Repository/OASIS/Care_Management/cm_subject_areas/cm_sa_regardingmedication/cm_sa_rm_other'

2019-04-30 11:12:00 - [TEST_STEP][PASSED] - delay(2): Delayed 2 second(s)

2019-04-30 11:12:02 - [MESSAGE][PASSED] - Delayed 2 second(s)

2019-04-30 11:12:02 - [TEST_STEP][PASSED] - click(findTestObject("OASIS/Care_Management/cm_subject_areas/cm_sa_obtainedpofor/cm_sa_opof_lab")): Object: 'Object Repository/OASIS/Care_Management/cm_subject_areas/cm_sa_obtainedpofor/cm_sa_opof_lab' is clicked on

2019-04-30 11:12:02 - [MESSAGE][PASSED] - Object: 'Object Repository/OASIS/Care_Management/cm_subject_areas/cm_sa_obtainedpofor/cm_sa_opof_lab' is clicked on

2019-04-30 11:12:02 - [TEST_STEP][PASSED] - click(findTestObject("OASIS/Care_Management/cm_subject_areas/cm_sa_obtainedpofor/cm_sa_opof_med")): Object: 'Object Repository/OASIS/Care_Management/cm_subject_areas/cm_sa_obtainedpofor/cm_sa_opof_med' is clicked on

2019-04-30 11:12:02 - [MESSAGE][PASSED] - Object: 'Object Repository/OASIS/Care_Management/cm_subject_areas/cm_sa_obtainedpofor/cm_sa_opof_med' is clicked on

2019-04-30 11:12:02 - [TEST_STEP][PASSED] - click(findTestObject("OASIS/Care_Management/cm_subject_areas/cm_sa_obtainedpofor/cm_sa_opof_treatments")): Object: 'Object Repository/OASIS/Care_Management/cm_subject_areas/cm_sa_obtainedpofor/cm_sa_opof_treatments' is clicked on

2019-04-30 11:12:02 - [MESSAGE][PASSED] - Object: 'Object Repository/OASIS/Care_Management/cm_subject_areas/cm_sa_obtainedpofor/cm_sa_opof_treatments' is clicked on

2019-04-30 11:12:02 - [TEST_STEP][PASSED] - click(findTestObject("OASIS/Care_Management/cm_subject_areas/cm_sa_obtainedpofor/cm_sa_opof_dme")): Object: 'Object Repository/OASIS/Care_Management/cm_subject_areas/cm_sa_obtainedpofor/cm_sa_opof_dme' is clicked on

2019-04-30 11:12:03 - [MESSAGE][PASSED] - Object: 'Object Repository/OASIS/Care_Management/cm_subject_areas/cm_sa_obtainedpofor/cm_sa_opof_dme' is clicked on

2019-04-30 11:12:03 - [TEST_STEP][PASSED] - click(findTestObject("OASIS/Care_Management/cm_subject_areas/cm_sa_obtainedpofor/cm_sa_opof_diabeticfootexam")): Object: 'Object Repository/OASIS/Care_Management/cm_subject_areas/cm_sa_obtainedpofor/cm_sa_opof_diabeticfootexam' is clicked on

2019-04-30 11:12:03 - [MESSAGE][PASSED] - Object: 'Object Repository/OASIS/Care_Management/cm_subject_areas/cm_sa_obtainedpofor/cm_sa_opof_diabeticfootexam' is clicked on

2019-04-30 11:12:03 - [TEST_STEP][PASSED] - click(findTestObject("OASIS/Care_Management/cm_subject_areas/cm_sa_obtainedpofor/cm_sa_opof_fallprevention")): Object: 'Object Repository/OASIS/Care_Management/cm_subject_areas/cm_sa_obtainedpofor/cm_sa_opof_fallprevention' is clicked on

2019-04-30 11:12:03 - [MESSAGE][PASSED] - Object: 'Object Repository/OASIS/Care_Management/cm_subject_areas/cm_sa_obtainedpofor/cm_sa_opof_fallprevention' is clicked on

2019-04-30 11:12:03 - [TEST_STEP][PASSED] - click(findTestObject("OASIS/Care_Management/cm_subject_areas/cm_sa_obtainedpofor/cm_sa_opof_depression")): Object: 'Object Repository/OASIS/Care_Management/cm_subject_areas/cm_sa_obtainedpofor/cm_sa_opof_depression' is clicked on

2019-04-30 11:12:03 - [MESSAGE][PASSED] - Object: 'Object Repository/OASIS/Care_Management/cm_subject_areas/cm_sa_obtainedpofor/cm_sa_opof_depression' is clicked on

2019-04-30 11:12:03 - [TEST_STEP][PASSED] - click(findTestObject("OASIS/Care_Management/cm_subject_areas/cm_sa_obtainedpofor/cm_sa_opof_interventionstomonitor")): Object: 'Object Repository/OASIS/Care_Management/cm_subject_areas/cm_sa_obtainedpofor/cm_sa_opof_interventionstomonitor' is clicked on

2019-04-30 11:12:03 - [MESSAGE][PASSED] - Object: 'Object Repository/OASIS/Care_Management/cm_subject_areas/cm_sa_obtainedpofor/cm_sa_opof_interventionstomonitor' is clicked on

2019-04-30 11:12:03 - [TEST_STEP][PASSED] - click(findTestObject("OASIS/Care_Management/cm_subject_areas/cm_sa_obtainedpofor/cm_sa_opof_interventionstoprevent")): Object: 'Object Repository/OASIS/Care_Management/cm_subject_areas/cm_sa_obtainedpofor/cm_sa_opof_interventionstoprevent' is clicked on

2019-04-30 11:12:04 - [MESSAGE][PASSED] - Object: 'Object Repository/OASIS/Care_Management/cm_subject_areas/cm_sa_obtainedpofor/cm_sa_opof_interventionstoprevent' is clicked on

2019-04-30 11:12:04 - [TEST_STEP][PASSED] - click(findTestObject("OASIS/Care_Management/cm_subject_areas/cm_sa_obtainedpofor/cm_sa_opof_woundcaretreatment")): Object: 'Object Repository/OASIS/Care_Management/cm_subject_areas/cm_sa_obtainedpofor/cm_sa_opof_woundcaretreatment' is clicked on

2019-04-30 11:12:04 - [MESSAGE][PASSED] - Object: 'Object Repository/OASIS/Care_Management/cm_subject_areas/cm_sa_obtainedpofor/cm_sa_opof_woundcaretreatment' is clicked on

2019-04-30 11:12:04 - [TEST_STEP][PASSED] - click(findTestObject("OASIS/Care_Management/cm_subject_areas/cm_sa_obtainedpofor/cm_sa_opof_patientspecificparam")): Object: 'Object Repository/OASIS/Care_Management/cm_subject_areas/cm_sa_obtainedpofor/cm_sa_opof_patientspecificparam' is clicked on

2019-04-30 11:12:04 - [MESSAGE][PASSED] - Object: 'Object Repository/OASIS/Care_Management/cm_subject_areas/cm_sa_obtainedpofor/cm_sa_opof_patientspecificparam' is clicked on

2019-04-30 11:12:04 - [TEST_STEP][PASSED] - setText(findTestObject("OASIS/Care_Management/cm_subject_areas/cm_sa_obtainedpofor/cm_sa_opof_other"), "Sample text"): Text 'Sample text' is set on object 'Object Repository/OASIS/Care_Management/cm_subject_areas/cm_sa_obtainedpofor/cm_sa_opof_other'

2019-04-30 11:12:04 - [MESSAGE][PASSED] - Text 'Sample text' is set on object 'Object Repository/OASIS/Care_Management/cm_subject_areas/cm_sa_obtainedpofor/cm_sa_opof_other'

2019-04-30 11:12:04 - [TEST_STEP][PASSED] - delay(3): Delayed 3 second(s)

2019-04-30 11:12:07 - [MESSAGE][PASSED] - Delayed 3 second(s)

2019-04-30 11:12:07 - [TEST_STEP][PASSED] - click(findTestObject("OASIS/Care_Management/cm_dme/cm_dme_walker_has")): Object: 'Object Repository/OASIS/Care_Management/cm_dme/cm_dme_walker_has' is clicked on

2019-04-30 11:12:08 - [MESSAGE][PASSED] - Object: 'Object Repository/OASIS/Care_Management/cm_dme/cm_dme_walker_has' is clicked on

2019-04-30 11:12:08 - [TEST_STEP][PASSED] - click(findTestObject("OASIS/Care_Management/cm_dme/cm_dme_cane_needs")): Object: 'Object Repository/OASIS/Care_Management/cm_dme/cm_dme_cane_needs' is clicked on

2019-04-30 11:12:08 - [MESSAGE][PASSED] - Object: 'Object Repository/OASIS/Care_Management/cm_dme/cm_dme_cane_needs' is clicked on

2019-04-30 11:12:08 - [TEST_STEP][PASSED] - click(findTestObject("OASIS/Care_Management/cm_dme/cm_dme_wheelchair_has")): Object: 'Object Repository/OASIS/Care_Management/cm_dme/cm_dme_wheelchair_has' is clicked on

2019-04-30 11:12:08 - [MESSAGE][PASSED] - Object: 'Object Repository/OASIS/Care_Management/cm_dme/cm_dme_wheelchair_has' is clicked on

2019-04-30 11:12:08 - [TEST_STEP][PASSED] - click(findTestObject("OASIS/Care_Management/cm_dme/cm_dme_bedside_needs")): Object: 'Object Repository/OASIS/Care_Management/cm_dme/cm_dme_bedside_needs' is clicked on

2019-04-30 11:12:08 - [MESSAGE][PASSED] - Object: 'Object Repository/OASIS/Care_Management/cm_dme/cm_dme_bedside_needs' is clicked on

2019-04-30 11:12:08 - [TEST_STEP][PASSED] - click(findTestObject("OASIS/Care_Management/cm_dme/cm_dme_showerbench_has")): Object: 'Object Repository/OASIS/Care_Management/cm_dme/cm_dme_showerbench_has' is clicked on

2019-04-30 11:12:08 - [MESSAGE][PASSED] - Object: 'Object Repository/OASIS/Care_Management/cm_dme/cm_dme_showerbench_has' is clicked on

2019-04-30 11:12:08 - [TEST_STEP][PASSED] - click(findTestObject("OASIS/Care_Management/cm_dme/cm_dme_feedingpump_needs")): Object: 'Object Repository/OASIS/Care_Management/cm_dme/cm_dme_feedingpump_needs' is clicked on

2019-04-30 11:12:08 - [MESSAGE][PASSED] - Object: 'Object Repository/OASIS/Care_Management/cm_dme/cm_dme_feedingpump_needs' is clicked on

2019-04-30 11:12:08 - [TEST_STEP][PASSED] - click(findTestObject("OASIS/Care_Management/cm_dme/cm_dme_suction_has")): Object: 'Object Repository/OASIS/Care_Management/cm_dme/cm_dme_suction_has' is clicked on

2019-04-30 11:12:08 - [MESSAGE][PASSED] - Object: 'Object Repository/OASIS/Care_Management/cm_dme/cm_dme_suction_has' is clicked on

2019-04-30 11:12:08 - [TEST_STEP][PASSED] - click(findTestObject("OASIS/Care_Management/cm_dme/cm_dme_o2con_needs")): Object: 'Object Repository/OASIS/Care_Management/cm_dme/cm_dme_o2con_needs' is clicked on

2019-04-30 11:12:09 - [MESSAGE][PASSED] - Object: 'Object Repository/OASIS/Care_Management/cm_dme/cm_dme_o2con_needs' is clicked on

2019-04-30 11:12:09 - [TEST_STEP][PASSED] - click(findTestObject("OASIS/Care_Management/cm_dme/cm_dme_nebulizer_has")): Object: 'Object Repository/OASIS/Care_Management/cm_dme/cm_dme_nebulizer_has' is clicked on

2019-04-30 11:12:09 - [MESSAGE][PASSED] - Object: 'Object Repository/OASIS/Care_Management/cm_dme/cm_dme_nebulizer_has' is clicked on

2019-04-30 11:12:09 - [TEST_STEP][PASSED] - click(findTestObject("OASIS/Care_Management/cm_dme/cm_dme_hospitalbed_needs")): Object: 'Object Repository/OASIS/Care_Management/cm_dme/cm_dme_hospitalbed_needs' is clicked on

2019-04-30 11:12:09 - [MESSAGE][PASSED] - Object: 'Object Repository/OASIS/Care_Management/cm_dme/cm_dme_hospitalbed_needs' is clicked on

2019-04-30 11:12:09 - [TEST_STEP][PASSED] - click(findTestObject("OASIS/Care_Management/cm_dme/cm_dme_lowairmattress_has")): Object: 'Object Repository/OASIS/Care_Management/cm_dme/cm_dme_lowairmattress_has' is clicked on

2019-04-30 11:12:09 - [MESSAGE][PASSED] - Object: 'Object Repository/OASIS/Care_Management/cm_dme/cm_dme_lowairmattress_has' is clicked on

2019-04-30 11:12:09 - [TEST_STEP][PASSED] - setText(findTestObject("OASIS/Care_Management/cm_dme/cm_dme_other_tf"), "Air Conditioner Machine"): Text 'Air Conditioner Machine' is set on object 'Object Repository/OASIS/Care_Management/cm_dme/cm_dme_other_tf'

2019-04-30 11:12:10 - [MESSAGE][PASSED] - Text 'Air Conditioner Machine' is set on object 'Object Repository/OASIS/Care_Management/cm_dme/cm_dme_other_tf'

2019-04-30 11:12:10 - [TEST_STEP][PASSED] - click(findTestObject("OASIS/Care_Management/cm_dme/cm_dme_other_needs")): Object: 'Object Repository/OASIS/Care_Management/cm_dme/cm_dme_other_needs' is clicked on

2019-04-30 11:12:10 - [MESSAGE][PASSED] - Object: 'Object Repository/OASIS/Care_Management/cm_dme/cm_dme_other_needs' is clicked on

2019-04-30 11:12:10 - [TEST_STEP][PASSED] - click(findTestObject("OASIS/Care_Management/cm_dme/cm_dme_workingproperly_yes")): Object: 'Object Repository/OASIS/Care_Management/cm_dme/cm_dme_workingproperly_yes' is clicked on

2019-04-30 11:12:10 - [MESSAGE][PASSED] - Object: 'Object Repository/OASIS/Care_Management/cm_dme/cm_dme_workingproperly_yes' is clicked on

2019-04-30 11:12:10 - [TEST_STEP][PASSED] - delay(3): Delayed 3 second(s)

2019-04-30 11:12:13 - [MESSAGE][PASSED] - Delayed 3 second(s)

2019-04-30 11:12:13 - [TEST_STEP][PASSED] - click(findTestObject("OASIS/Care_Management/cm_knowledgedeficit/cm_kda_diseaseprocess")): Object: 'Object Repository/OASIS/Care_Management/cm_knowledgedeficit/cm_kda_diseaseprocess' is clicked on

2019-04-30 11:12:14 - [MESSAGE][PASSED] - Object: 'Object Repository/OASIS/Care_Management/cm_knowledgedeficit/cm_kda_diseaseprocess' is clicked on

2019-04-30 11:12:14 - [TEST_STEP][PASSED] - click(findTestObject("OASIS/Care_Management/cm_knowledgedeficit/cm_kda_prevention")): Object: 'Object Repository/OASIS/Care_Management/cm_knowledgedeficit/cm_kda_prevention' is clicked on

2019-04-30 11:12:14 - [MESSAGE][PASSED] - Object: 'Object Repository/OASIS/Care_Management/cm_knowledgedeficit/cm_kda_prevention' is clicked on

2019-04-30 11:12:14 - [TEST_STEP][PASSED] - click(findTestObject("OASIS/Care_Management/cm_knowledgedeficit/cm_kda_reportable")): Object: 'Object Repository/OASIS/Care_Management/cm_knowledgedeficit/cm_kda_reportable' is clicked on

2019-04-30 11:12:14 - [MESSAGE][PASSED] - Object: 'Object Repository/OASIS/Care_Management/cm_knowledgedeficit/cm_kda_reportable' is clicked on

2019-04-30 11:12:14 - [TEST_STEP][PASSED] - click(findTestObject("OASIS/Care_Management/cm_knowledgedeficit/cm_kda_emergency")): Object: 'Object Repository/OASIS/Care_Management/cm_knowledgedeficit/cm_kda_emergency' is clicked on

2019-04-30 11:12:14 - [MESSAGE][PASSED] - Object: 'Object Repository/OASIS/Care_Management/cm_knowledgedeficit/cm_kda_emergency' is clicked on

2019-04-30 11:12:14 - [TEST_STEP][PASSED] - click(findTestObject("OASIS/Care_Management/cm_knowledgedeficit/cm_kda_medication")): Object: 'Object Repository/OASIS/Care_Management/cm_knowledgedeficit/cm_kda_medication' is clicked on

2019-04-30 11:12:14 - [MESSAGE][PASSED] - Object: 'Object Repository/OASIS/Care_Management/cm_knowledgedeficit/cm_kda_medication' is clicked on

2019-04-30 11:12:14 - [TEST_STEP][PASSED] - click(findTestObject("OASIS/Care_Management/cm_knowledgedeficit/cm_kda_compliance")): Object: 'Object Repository/OASIS/Care_Management/cm_knowledgedeficit/cm_kda_compliance' is clicked on

2019-04-30 11:12:14 - [MESSAGE][PASSED] - Object: 'Object Repository/OASIS/Care_Management/cm_knowledgedeficit/cm_kda_compliance' is clicked on

2019-04-30 11:12:14 - [TEST_STEP][PASSED] - click(findTestObject("OASIS/Care_Management/cm_knowledgedeficit/cm_kda_diet")): Object: 'Object Repository/OASIS/Care_Management/cm_knowledgedeficit/cm_kda_diet' is clicked on

2019-04-30 11:12:15 - [MESSAGE][PASSED] - Object: 'Object Repository/OASIS/Care_Management/cm_knowledgedeficit/cm_kda_diet' is clicked on

2019-04-30 11:12:15 - [TEST_STEP][PASSED] - click(findTestObject("OASIS/Care_Management/cm_knowledgedeficit/cm_kda_homesafety")): Object: 'Object Repository/OASIS/Care_Management/cm_knowledgedeficit/cm_kda_homesafety' is clicked on

2019-04-30 11:12:15 - [MESSAGE][PASSED] - Object: 'Object Repository/OASIS/Care_Management/cm_knowledgedeficit/cm_kda_homesafety' is clicked on

2019-04-30 11:12:15 - [TEST_STEP][PASSED] - click(findTestObject("OASIS/Care_Management/cm_knowledgedeficit/cm_kda_oxygen")): Object: 'Object Repository/OASIS/Care_Management/cm_knowledgedeficit/cm_kda_oxygen' is clicked on

2019-04-30 11:12:15 - [MESSAGE][PASSED] - Object: 'Object Repository/OASIS/Care_Management/cm_knowledgedeficit/cm_kda_oxygen' is clicked on

2019-04-30 11:12:15 - [TEST_STEP][PASSED] - click(findTestObject("OASIS/Care_Management/cm_knowledgedeficit/cm_kda_infection")): Object: 'Object Repository/OASIS/Care_Management/cm_knowledgedeficit/cm_kda_infection' is clicked on

2019-04-30 11:12:15 - [MESSAGE][PASSED] - Object: 'Object Repository/OASIS/Care_Management/cm_knowledgedeficit/cm_kda_infection' is clicked on

2019-04-30 11:12:15 - [TEST_STEP][PASSED] - click(findTestObject("OASIS/Care_Management/cm_knowledgedeficit/cm_kda_pain")): Object: 'Object Repository/OASIS/Care_Management/cm_knowledgedeficit/cm_kda_pain' is clicked on

2019-04-30 11:12:15 - [MESSAGE][PASSED] - Object: 'Object Repository/OASIS/Care_Management/cm_knowledgedeficit/cm_kda_pain' is clicked on

2019-04-30 11:12:15 - [TEST_STEP][PASSED] - setText(findTestObject("OASIS/Care_Management/cm_knowledgedeficit/cm_kda_other"), "Sample text"): Text 'Sample text' is set on object 'Object Repository/OASIS/Care_Management/cm_knowledgedeficit/cm_kda_other'

2019-04-30 11:12:16 - [MESSAGE][PASSED] - Text 'Sample text' is set on object 'Object Repository/OASIS/Care_Management/cm_knowledgedeficit/cm_kda_other'

2019-04-30 11:12:16 - [TEST_STEP][PASSED] - delay(2): Delayed 2 second(s)

2019-04-30 11:12:18 - [MESSAGE][PASSED] - Delayed 2 second(s)

2019-04-30 11:12:18 - [TEST_STEP][PASSED] - setText(findTestObject("OASIS/Care_Management/cm_additonalassessment"), "The patient must be assisted all the time especially when it comes to basic house chores such as doing the laundry, washing the dishes, walking upstairs. He's basically disabled in so many aspects."): Text 'The patient must be assisted all the time especially when it comes to basic house chores such as doing the laundry, washing the dishes, walking upstairs. He's basically disabled in so many aspects.' is set on object 'Object Repository/OASIS/Care_Management/cm_additonalassessment'

2019-04-30 11:12:25 - [MESSAGE][PASSED] - Text 'The patient must be assisted all the time especially when it comes to basic house chores such as doing the laundry, washing the dishes, walking upstairs. He's basically disabled in so many aspects.' is set on object 'Object Repository/OASIS/Care_Management/cm_additonalassessment'

2019-04-30 11:12:25 - [TEST_STEP][PASSED] - delay(3): Delayed 3 second(s)

2019-04-30 11:12:28 - [MESSAGE][PASSED] - Delayed 3 second(s)

2019-04-30 11:12:28 - [TEST_STEP][PASSED] - click(findTestObject("OASIS/Care_Management/cm_instructionsteachings/cm_instructionst_patientrights")): Object: 'Object Repository/OASIS/Care_Management/cm_instructionsteachings/cm_instructionst_patientrights' is clicked on

2019-04-30 11:12:28 - [MESSAGE][PASSED] - Object: 'Object Repository/OASIS/Care_Management/cm_instructionsteachings/cm_instructionst_patientrights' is clicked on

2019-04-30 11:12:28 - [TEST_STEP][PASSED] - click(findTestObject("OASIS/Care_Management/cm_instructionsteachings/cm_instructionst_statehotline")): Object: 'Object Repository/OASIS/Care_Management/cm_instructionsteachings/cm_instructionst_statehotline' is clicked on

2019-04-30 11:12:28 - [MESSAGE][PASSED] - Object: 'Object Repository/OASIS/Care_Management/cm_instructionsteachings/cm_instructionst_statehotline' is clicked on

2019-04-30 11:12:28 - [TEST_STEP][PASSED] - click(findTestObject("OASIS/Care_Management/cm_instructionsteachings/cm_instructionst_advancedirectives")): Object: 'Object Repository/OASIS/Care_Management/cm_instructionsteachings/cm_instructionst_advancedirectives' is clicked on

2019-04-30 11:12:28 - [MESSAGE][PASSED] - Object: 'Object Repository/OASIS/Care_Management/cm_instructionsteachings/cm_instructionst_advancedirectives' is clicked on

2019-04-30 11:12:28 - [TEST_STEP][PASSED] - click(findTestObject("OASIS/Care_Management/cm_instructionsteachings/cm_instructionst_dnr")): Object: 'Object Repository/OASIS/Care_Management/cm_instructionsteachings/cm_instructionst_dnr' is clicked on

2019-04-30 11:12:28 - [MESSAGE][PASSED] - Object: 'Object Repository/OASIS/Care_Management/cm_instructionsteachings/cm_instructionst_dnr' is clicked on

2019-04-30 11:12:28 - [TEST_STEP][PASSED] - click(findTestObject("OASIS/Care_Management/cm_instructionsteachings/cm_instructionst_hipaanotice")): Object: 'Object Repository/OASIS/Care_Management/cm_instructionsteachings/cm_instructionst_hipaanotice' is clicked on

2019-04-30 11:12:29 - [MESSAGE][PASSED] - Object: 'Object Repository/OASIS/Care_Management/cm_instructionsteachings/cm_instructionst_hipaanotice' is clicked on

2019-04-30 11:12:29 - [TEST_STEP][PASSED] - click(findTestObject("OASIS/Care_Management/cm_instructionsteachings/cm_instructionst_oasisprivacy")): Object: 'Object Repository/OASIS/Care_Management/cm_instructionsteachings/cm_instructionst_oasisprivacy' is clicked on

2019-04-30 11:12:29 - [MESSAGE][PASSED] - Object: 'Object Repository/OASIS/Care_Management/cm_instructionsteachings/cm_instructionst_oasisprivacy' is clicked on

2019-04-30 11:12:29 - [TEST_STEP][PASSED] - click(findTestObject("OASIS/Care_Management/cm_instructionsteachings/cm_instructionst_agencyphone")): Object: 'Object Repository/OASIS/Care_Management/cm_instructionsteachings/cm_instructionst_agencyphone' is clicked on

2019-04-30 11:12:29 - [MESSAGE][PASSED] - Object: 'Object Repository/OASIS/Care_Management/cm_instructionsteachings/cm_instructionst_agencyphone' is clicked on

2019-04-30 11:12:29 - [TEST_STEP][PASSED] - click(findTestObject("OASIS/Care_Management/cm_instructionsteachings/cm_instructionst_whentocontact")): Object: 'Object Repository/OASIS/Care_Management/cm_instructionsteachings/cm_instructionst_whentocontact' is clicked on

2019-04-30 11:12:29 - [MESSAGE][PASSED] - Object: 'Object Repository/OASIS/Care_Management/cm_instructionsteachings/cm_instructionst_whentocontact' is clicked on

2019-04-30 11:12:29 - [TEST_STEP][PASSED] - click(findTestObject("OASIS/Care_Management/cm_instructionsteachings/cm_instructionst_abnhhccn")): Object: 'Object Repository/OASIS/Care_Management/cm_instructionsteachings/cm_instructionst_abnhhccn' is clicked on

2019-04-30 11:12:29 - [MESSAGE][PASSED] - Object: 'Object Repository/OASIS/Care_Management/cm_instructionsteachings/cm_instructionst_abnhhccn' is clicked on

2019-04-30 11:12:29 - [TEST_STEP][PASSED] - click(findTestObject("OASIS/Care_Management/cm_instructionsteachings/cm_instructionst_emergencyplanning")): Object: 'Object Repository/OASIS/Care_Management/cm_instructionsteachings/cm_instructionst_emergencyplanning' is clicked on

2019-04-30 11:12:29 - [MESSAGE][PASSED] - Object: 'Object Repository/OASIS/Care_Management/cm_instructionsteachings/cm_instructionst_emergencyplanning' is clicked on

2019-04-30 11:12:29 - [TEST_STEP][PASSED] - click(findTestObject("OASIS/Care_Management/cm_instructionsteachings/cm_instructionst_infectioncontrol")): Object: 'Object Repository/OASIS/Care_Management/cm_instructionsteachings/cm_instructionst_infectioncontrol' is clicked on

2019-04-30 11:12:30 - [MESSAGE][PASSED] - Object: 'Object Repository/OASIS/Care_Management/cm_instructionsteachings/cm_instructionst_infectioncontrol' is clicked on

2019-04-30 11:12:30 - [TEST_STEP][PASSED] - click(findTestObject("OASIS/Care_Management/cm_instructionsteachings/cm_instructionst_basichomesafety")): Object: 'Object Repository/OASIS/Care_Management/cm_instructionsteachings/cm_instructionst_basichomesafety' is clicked on

2019-04-30 11:12:30 - [MESSAGE][PASSED] - Object: 'Object Repository/OASIS/Care_Management/cm_instructionsteachings/cm_instructionst_basichomesafety' is clicked on

2019-04-30 11:12:30 - [TEST_STEP][PASSED] - click(findTestObject("OASIS/Care_Management/cm_instructionsteachings/cm_instructionst_fallprevention")): Object: 'Object Repository/OASIS/Care_Management/cm_instructionsteachings/cm_instructionst_fallprevention' is clicked on

2019-04-30 11:12:30 - [MESSAGE][PASSED] - Object: 'Object Repository/OASIS/Care_Management/cm_instructionsteachings/cm_instructionst_fallprevention' is clicked on

2019-04-30 11:12:30 - [TEST_STEP][PASSED] - click(findTestObject("OASIS/Care_Management/cm_instructionsteachings/cm_instructionst_medication")): Object: 'Object Repository/OASIS/Care_Management/cm_instructionsteachings/cm_instructionst_medication' is clicked on

2019-04-30 11:12:30 - [MESSAGE][PASSED] - Object: 'Object Repository/OASIS/Care_Management/cm_instructionsteachings/cm_instructionst_medication' is clicked on

2019-04-30 11:12:30 - [TEST_STEP][PASSED] - click(findTestObject("OASIS/Care_Management/cm_instructionsteachings/cm_instructionst_advancebeneficiary")): Object: 'Object Repository/OASIS/Care_Management/cm_instructionsteachings/cm_instructionst_advancebeneficiary' is clicked on

2019-04-30 11:12:30 - [MESSAGE][PASSED] - Object: 'Object Repository/OASIS/Care_Management/cm_instructionsteachings/cm_instructionst_advancebeneficiary' is clicked on

2019-04-30 11:12:30 - [TEST_STEP][PASSED] - click(findTestObject("OASIS/Care_Management/cm_instructionsteachings/cm_instructionst_oxygenrisk")): Object: 'Object Repository/OASIS/Care_Management/cm_instructionsteachings/cm_instructionst_oxygenrisk' is clicked on

2019-04-30 11:12:30 - [MESSAGE][PASSED] - Object: 'Object Repository/OASIS/Care_Management/cm_instructionsteachings/cm_instructionst_oxygenrisk' is clicked on

2019-04-30 11:12:30 - [TEST_STEP][PASSED] - click(findTestObject("OASIS/Care_Management/cm_instructionsteachings/cm_instructionst_diseaseprocess")): Object: 'Object Repository/OASIS/Care_Management/cm_instructionsteachings/cm_instructionst_diseaseprocess' is clicked on

2019-04-30 11:12:31 - [MESSAGE][PASSED] - Object: 'Object Repository/OASIS/Care_Management/cm_instructionsteachings/cm_instructionst_diseaseprocess' is clicked on

2019-04-30 11:12:31 - [TEST_STEP][PASSED] - setText(findTestObject("OASIS/Care_Management/cm_instructionsteachings/cm_instructionst_other1"), "Sample text"): Text 'Sample text' is set on object 'Object Repository/OASIS/Care_Management/cm_instructionsteachings/cm_instructionst_other1'

2019-04-30 11:12:31 - [MESSAGE][PASSED] - Text 'Sample text' is set on object 'Object Repository/OASIS/Care_Management/cm_instructionsteachings/cm_instructionst_other1'

2019-04-30 11:12:31 - [TEST_STEP][PASSED] - setText(findTestObject("OASIS/Care_Management/cm_instructionsteachings/cm_instructionst_other2"), "Sample text"): Text 'Sample text' is set on object 'Object Repository/OASIS/Care_Management/cm_instructionsteachings/cm_instructionst_other2'

2019-04-30 11:12:32 - [MESSAGE][PASSED] - Text 'Sample text' is set on object 'Object Repository/OASIS/Care_Management/cm_instructionsteachings/cm_instructionst_other2'

2019-04-30 11:12:32 - [TEST_STEP][PASSED] - setText(findTestObject("OASIS/Care_Management/cm_instructionsteachings/cm_instructionst_other3"), "Sample text"): Text 'Sample text' is set on object 'Object Repository/OASIS/Care_Management/cm_instructionsteachings/cm_instructionst_other3'

2019-04-30 11:12:32 - [MESSAGE][PASSED] - Text 'Sample text' is set on object 'Object Repository/OASIS/Care_Management/cm_instructionsteachings/cm_instructionst_other3'

2019-04-30 11:12:32 - [TEST_STEP][PASSED] - delay(3): Delayed 3 second(s)

2019-04-30 11:12:35 - [MESSAGE][PASSED] - Delayed 3 second(s)

2019-04-30 11:12:35 - [TEST_STEP][PASSED] - click(findTestObject("OASIS/Care_Management/cm_dischargeplans/cm_dcplans_returntoanindependent")): Object: 'Object Repository/OASIS/Care_Management/cm_dischargeplans/cm_dcplans_returntoanindependent' is clicked on

2019-04-30 11:12:35 - [MESSAGE][PASSED] - Object: 'Object Repository/OASIS/Care_Management/cm_dischargeplans/cm_dcplans_returntoanindependent' is clicked on

2019-04-30 11:12:35 - [TEST_STEP][PASSED] - click(findTestObject("OASIS/Care_Management/cm_dischargeplans/cm_dcplans_abletoremainresisdence")): Object: 'Object Repository/OASIS/Care_Management/cm_dischargeplans/cm_dcplans_abletoremainresisdence' is clicked on

2019-04-30 11:12:35 - [MESSAGE][PASSED] - Object: 'Object Repository/OASIS/Care_Management/cm_dischargeplans/cm_dcplans_abletoremainresisdence' is clicked on

2019-04-30 11:12:35 - [TEST_STEP][PASSED] - click(findTestObject("OASIS/Care_Management/cm_dischargeplans/cm_dcplans_abletoemainassistive")): Object: 'Object Repository/OASIS/Care_Management/cm_dischargeplans/cm_dcplans_abletoemainassistive' is clicked on

2019-04-30 11:12:36 - [MESSAGE][PASSED] - Object: 'Object Repository/OASIS/Care_Management/cm_dischargeplans/cm_dcplans_abletoemainassistive' is clicked on

2019-04-30 11:12:36 - [TEST_STEP][PASSED] - click(findTestObject("OASIS/Care_Management/cm_dischargeplans/cm_dcplans_whenpatient")): Object: 'Object Repository/OASIS/Care_Management/cm_dischargeplans/cm_dcplans_whenpatient' is clicked on

2019-04-30 11:12:36 - [MESSAGE][PASSED] - Object: 'Object Repository/OASIS/Care_Management/cm_dischargeplans/cm_dcplans_whenpatient' is clicked on

2019-04-30 11:12:36 - [TEST_STEP][PASSED] - click(findTestObject("OASIS/Care_Management/cm_dischargeplans/cm_dcplans_abletounderstand")): Object: 'Object Repository/OASIS/Care_Management/cm_dischargeplans/cm_dcplans_abletounderstand' is clicked on

2019-04-30 11:12:36 - [MESSAGE][PASSED] - Object: 'Object Repository/OASIS/Care_Management/cm_dischargeplans/cm_dcplans_abletounderstand' is clicked on

2019-04-30 11:12:36 - [TEST_STEP][PASSED] - click(findTestObject("OASIS/Care_Management/cm_dischargeplans/cm_dcplans_medicalcondition")): Object: 'Object Repository/OASIS/Care_Management/cm_dischargeplans/cm_dcplans_medicalcondition' is clicked on

2019-04-30 11:12:36 - [MESSAGE][PASSED] - Object: 'Object Repository/OASIS/Care_Management/cm_dischargeplans/cm_dcplans_medicalcondition' is clicked on

2019-04-30 11:12:36 - [TEST_STEP][PASSED] - click(findTestObject("OASIS/Care_Management/cm_dischargeplans/cm_dcplans_whenmaxpotential")): Object: 'Object Repository/OASIS/Care_Management/cm_dischargeplans/cm_dcplans_whenmaxpotential' is clicked on

2019-04-30 11:12:36 - [MESSAGE][PASSED] - Object: 'Object Repository/OASIS/Care_Management/cm_dischargeplans/cm_dcplans_whenmaxpotential' is clicked on

2019-04-30 11:12:36 - [TEST_STEP][PASSED] - click(findTestObject("OASIS/Care_Management/cm_dischargeplans/cm_dcplans_dischargeattheend")): Object: 'Object Repository/OASIS/Care_Management/cm_dischargeplans/cm_dcplans_dischargeattheend' is clicked on

2019-04-30 11:12:37 - [MESSAGE][PASSED] - Object: 'Object Repository/OASIS/Care_Management/cm_dischargeplans/cm_dcplans_dischargeattheend' is clicked on

2019-04-30 11:12:37 - [TEST_STEP][PASSED] - click(findTestObject("OASIS/Care_Management/cm_dischargeplans/cm_dcplans_whengoalsaremet")): Object: 'Object Repository/OASIS/Care_Management/cm_dischargeplans/cm_dcplans_whengoalsaremet' is clicked on

2019-04-30 11:12:37 - [MESSAGE][PASSED] - Object: 'Object Repository/OASIS/Care_Management/cm_dischargeplans/cm_dcplans_whengoalsaremet' is clicked on

2019-04-30 11:12:37 - [TEST_STEP][PASSED] - setText(findTestObject("OASIS/Care_Management/cm_dischargeplans/cm_dcplans_other"), "Other discharge plan might be added upon the care staff's notice or instruction."): Text 'Other discharge plan might be added upon the care staff's notice or instruction.' is set on object 'Object Repository/OASIS/Care_Management/cm_dischargeplans/cm_dcplans_other'

2019-04-30 11:12:40 - [MESSAGE][PASSED] - Text 'Other discharge plan might be added upon the care staff's notice or instruction.' is set on object 'Object Repository/OASIS/Care_Management/cm_dischargeplans/cm_dcplans_other'

2019-04-30 11:12:40 - [TEST_STEP][PASSED] - click(findTestObject("OASIS/Care_Management/cm_dischargeplans/cm_dcplans_planofcareanddc_patient")): Object: 'Object Repository/OASIS/Care_Management/cm_dischargeplans/cm_dcplans_planofcareanddc_patient' is clicked on

2019-04-30 11:12:40 - [MESSAGE][PASSED] - Object: 'Object Repository/OASIS/Care_Management/cm_dischargeplans/cm_dcplans_planofcareanddc_patient' is clicked on

2019-04-30 11:12:40 - [TEST_STEP][PASSED] - click(findTestObject("OASIS/Care_Management/cm_dischargeplans/cm_dcplans_planofcareanddc_pcg")): Object: 'Object Repository/OASIS/Care_Management/cm_dischargeplans/cm_dcplans_planofcareanddc_pcg' is clicked on

2019-04-30 11:12:40 - [MESSAGE][PASSED] - Object: 'Object Repository/OASIS/Care_Management/cm_dischargeplans/cm_dcplans_planofcareanddc_pcg' is clicked on

2019-04-30 11:12:40 - [TEST_STEP][PASSED] - click(findTestObject("OASIS/Care_Management/cm_dischargeplans/cm_dcplans_planofcareanddc_family")): Object: 'Object Repository/OASIS/Care_Management/cm_dischargeplans/cm_dcplans_planofcareanddc_family' is clicked on

2019-04-30 11:12:40 - [MESSAGE][PASSED] - Object: 'Object Repository/OASIS/Care_Management/cm_dischargeplans/cm_dcplans_planofcareanddc_family' is clicked on

2019-04-30 11:12:40 - [TEST_STEP][PASSED] - click(findTestObject("OASIS/Care_Management/cm_dischargeplans/cm_dcplans_planofcareanddc_agreeable")): Object: 'Object Repository/OASIS/Care_Management/cm_dischargeplans/cm_dcplans_planofcareanddc_agreeable' is clicked on

2019-04-30 11:12:40 - [MESSAGE][PASSED] - Object: 'Object Repository/OASIS/Care_Management/cm_dischargeplans/cm_dcplans_planofcareanddc_agreeable' is clicked on

2019-04-30 11:12:40 - [TEST_STEP][PASSED] - setText(findTestObject("OASIS/Care_Management/cm_dischargeplans/cm_dcplans_patientgoals"), "To be well"): Text 'To be well' is set on object 'Object Repository/OASIS/Care_Management/cm_dischargeplans/cm_dcplans_patientgoals'

2019-04-30 11:12:41 - [MESSAGE][PASSED] - Text 'To be well' is set on object 'Object Repository/OASIS/Care_Management/cm_dischargeplans/cm_dcplans_patientgoals'

2019-04-30 11:12:41 - [TEST_STEP][PASSED] - setText(findTestObject("OASIS/Care_Management/cm_dischargeplans/cm_dcplans_disciplinefreq"), "Sample text"): Text 'Sample text' is set on object 'Object Repository/OASIS/Care_Management/cm_dischargeplans/cm_dcplans_disciplinefreq'

2019-04-30 11:12:41 - [MESSAGE][PASSED] - Text 'Sample text' is set on object 'Object Repository/OASIS/Care_Management/cm_dischargeplans/cm_dcplans_disciplinefreq'

2019-04-30 11:12:41 - [TEST_STEP][PASSED] - click(findTestObject("OASIS/Care_Management/cm_dischargeplans/cm_dcplans_rehabpotential_fair")): Object: 'Object Repository/OASIS/Care_Management/cm_dischargeplans/cm_dcplans_rehabpotential_fair' is clicked on

2019-04-30 11:12:42 - [MESSAGE][PASSED] - Object: 'Object Repository/OASIS/Care_Management/cm_dischargeplans/cm_dcplans_rehabpotential_fair' is clicked on

2019-04-30 11:12:42 - [TEST_STEP][PASSED] - delay(5): Delayed 5 second(s)

2019-04-30 11:12:47 - [MESSAGE][PASSED] - Delayed 5 second(s)

2019-04-30 11:12:47 - [TEST_STEP][PASSED] - click(findTestObject("OASIS/OASIS_TABS/discardchangesbtn")): Object: 'Object Repository/OASIS/OASIS_TABS/discardchangesbtn' is clicked on

2019-04-30 11:12:47 - [MESSAGE][PASSED] - Object: 'Object Repository/OASIS/OASIS_TABS/discardchangesbtn' is clicked on

2019-04-30 11:12:47 - [TEST_STEP][PASSED] - delay(2): Delayed 2 second(s)

2019-04-30 11:12:49 - [MESSAGE][PASSED] - Delayed 2 second(s)

2019-04-30 11:12:49 - [TEST_STEP][PASSED] - click(findTestObject("OASIS/OASIS_TABS/discardchangesmodalbtn")): Object: 'Object Repository/OASIS/OASIS_TABS/discardchangesmodalbtn' is clicked on

2019-04-30 11:12:49 - [MESSAGE][PASSED] - Object: 'Object Repository/OASIS/OASIS_TABS/discardchangesmodalbtn' is clicked on

2019-04-30 11:12:49 - [TEST_STEP][PASSED] - delay(5): Delayed 5 second(s)

2019-04-30 11:12:54 - [MESSAGE][PASSED] - Delayed 5 second(s)]]></system-out>
         <system-err><![CDATA[]]></system-err>
      </testcase>
      <system-out><![CDATA[2019-04-30 11:05:27 - [TEST_SUITE][FAILED] - automation_compiled: Test Cases/OASIS_SOC/ADLs FAILED.
Reason:
com.kms.katalon.core.exception.StepFailedException: Unable to click on object 'Object Repository/OASIS/ADLs-IADLs/adls_mucko_status/adls_ms_amputation_l'
	at com.kms.katalon.core.webui.keyword.internal.WebUIKeywordMain.stepFailed(WebUIKeywordMain.groovy:64)
	at com.kms.katalon.core.webui.keyword.internal.WebUIKeywordMain.runKeyword(WebUIKeywordMain.groovy:26)
	at com.kms.katalon.core.webui.keyword.builtin.ClickKeyword.click(ClickKeyword.groovy:86)
	at com.kms.katalon.core.webui.keyword.builtin.ClickKeyword.execute(ClickKeyword.groovy:67)
	at com.kms.katalon.core.keyword.internal.KeywordExecutor.executeKeywordForPlatform(KeywordExecutor.groovy:56)
	at com.kms.katalon.core.webui.keyword.WebUiBuiltInKeywords.click(WebUiBuiltInKeywords.groovy:616)
	at com.kms.katalon.core.webui.keyword.WebUiBuiltInKeywords$click$3.call(Unknown Source)
	at ADLs.run(ADLs:50)
	at com.kms.katalon.core.main.ScriptEngine.run(ScriptEngine.java:194)
	at com.kms.katalon.core.main.ScriptEngine.runScriptAsRawText(ScriptEngine.java:119)
	at com.kms.katalon.core.main.TestCaseExecutor.runScript(TestCaseExecutor.java:342)
	at com.kms.katalon.core.main.TestCaseExecutor.doExecute(TestCaseExecutor.java:333)
	at com.kms.katalon.core.main.TestCaseExecutor.processExecutionPhase(TestCaseExecutor.java:312)
	at com.kms.katalon.core.main.TestCaseExecutor.accessMainPhase(TestCaseExecutor.java:304)
	at com.kms.katalon.core.main.TestCaseExecutor.execute(TestCaseExecutor.java:238)
	at com.kms.katalon.core.main.TestSuiteExecutor.accessTestCaseMainPhase(TestSuiteExecutor.java:129)
	at com.kms.katalon.core.main.TestSuiteExecutor.accessTestSuiteMainPhase(TestSuiteExecutor.java:112)
	at com.kms.katalon.core.main.TestSuiteExecutor.execute(TestSuiteExecutor.java:81)
	at com.kms.katalon.core.main.TestCaseMain.startTestSuite(TestCaseMain.java:157)
	at com.kms.katalon.core.main.TestCaseMain$startTestSuite$0.call(Unknown Source)
	at TempTestSuite1556593525781.run(TempTestSuite1556593525781.groovy:35)
Caused by: org.openqa.selenium.WebDriverException: unknown error: Element <input type="checkbox" rname="SOOADL0078" checklist-value="list.val" ng-model="checked" class="ng-scope ng-pristine ng-untouched ng-valid ng-not-empty" checklist-model="pi.SOOADL0078"> is not clickable at point (720, 9). Other element would receive the click: <div class="horizontal__inline">...</div>
  (Session info: chrome=73.0.3683.103)
  (Driver info: chromedriver=73.0.3683.68 (47787ec04b6e38e22703e856e101e840b65afe72),platform=Windows NT 10.0.17134 x86_64) (WARNING: The server did not provide any stacktrace information)
Command duration or timeout: 0 milliseconds
Build info: version: '3.7.1', revision: '8a0099a', time: '2017-11-06T21:07:36.161Z'
System info: host: 'DESKTOP-IKQI3RS', ip: '192.168.2.37', os.name: 'Windows 10', os.arch: 'amd64', os.version: '10.0', java.version: '1.8.0_181'
Driver info: com.kms.katalon.selenium.driver.CChromeDriver
Capabilities {acceptInsecureCerts: false, acceptSslCerts: false, applicationCacheEnabled: false, browserConnectionEnabled: false, browserName: chrome, chrome: {chromedriverVersion: 73.0.3683.68 (47787ec04b6e3..., userDataDir: C:\Users\KHENAR~1\AppData\L...}, cssSelectorsEnabled: true, databaseEnabled: false, goog:chromeOptions: {debuggerAddress: localhost:53747}, handlesAlerts: true, hasTouchScreen: false, javascriptEnabled: true, locationContextEnabled: true, mobileEmulationEnabled: false, nativeEvents: true, networkConnectionEnabled: false, pageLoadStrategy: normal, platform: XP, platformName: XP, proxy: Proxy(direct), rotatable: false, setWindowRect: true, strictFileInteractability: false, takesHeapSnapshot: true, takesScreenshot: true, timeouts: {implicit: 0, pageLoad: 300000, script: 30000}, unexpectedAlertBehaviour: ignore, unhandledPromptBehavior: ignore, version: 73.0.3683.103, webStorageEnabled: true}
Session ID: aaf3d7fd5e370ba562f986de5554a30a
	at org.openqa.selenium.remote.ErrorHandler.createThrowable(ErrorHandler.java:214)
	at org.openqa.selenium.remote.ErrorHandler.throwIfResponseFailed(ErrorHandler.java:166)
	at org.openqa.selenium.remote.http.JsonHttpResponseCodec.reconstructValue(JsonHttpResponseCodec.java:40)
	at org.openqa.selenium.remote.http.AbstractHttpResponseCodec.decode(AbstractHttpResponseCodec.java:80)
	at org.openqa.selenium.remote.http.AbstractHttpResponseCodec.decode(AbstractHttpResponseCodec.java:44)
	at org.openqa.selenium.remote.HttpCommandExecutor.execute(HttpCommandExecutor.java:164)
	at org.openqa.selenium.remote.service.DriverCommandExecutor.execute(DriverCommandExecutor.java:83)
	at org.openqa.selenium.remote.RemoteWebDriver.execute(RemoteWebDriver.java:600)
	at com.kms.katalon.selenium.driver.CChromeDriver.execute(CChromeDriver.java:20)
	at org.openqa.selenium.remote.RemoteWebElement.execute(RemoteWebElement.java:279)
	at org.openqa.selenium.remote.RemoteWebElement.click(RemoteWebElement.java:83)
	at com.kms.katalon.core.webui.keyword.builtin.ClickKeyword$_click_closure1.doCall(ClickKeyword.groovy:79)
	at com.kms.katalon.core.webui.keyword.builtin.ClickKeyword$_click_closure1.call(ClickKeyword.groovy)
	at com.kms.katalon.core.webui.keyword.internal.WebUIKeywordMain.runKeyword(WebUIKeywordMain.groovy:20)
	at com.kms.katalon.core.webui.keyword.builtin.ClickKeyword.click(ClickKeyword.groovy:86)
	at com.kms.katalon.core.webui.keyword.builtin.ClickKeyword.execute(ClickKeyword.groovy:67)
	at com.kms.katalon.core.keyword.internal.KeywordExecutor.executeKeywordForPlatform(KeywordExecutor.groovy:56)
	at com.kms.katalon.core.webui.keyword.WebUiBuiltInKeywords.click(WebUiBuiltInKeywords.groovy:616)
	at com.kms.katalon.core.webui.keyword.WebUiBuiltInKeywords$click$3.call(Unknown Source)
	at Script1556082449579.run(Script1556082449579.groovy:50)
	... 13 more]]></system-out>
      <system-err><![CDATA[2019-04-30 11:05:27 - [TEST_SUITE][FAILED] - automation_compiled: Test Cases/OASIS_SOC/ADLs FAILED.
Reason:
com.kms.katalon.core.exception.StepFailedException: Unable to click on object 'Object Repository/OASIS/ADLs-IADLs/adls_mucko_status/adls_ms_amputation_l'
	at com.kms.katalon.core.webui.keyword.internal.WebUIKeywordMain.stepFailed(WebUIKeywordMain.groovy:64)
	at com.kms.katalon.core.webui.keyword.internal.WebUIKeywordMain.runKeyword(WebUIKeywordMain.groovy:26)
	at com.kms.katalon.core.webui.keyword.builtin.ClickKeyword.click(ClickKeyword.groovy:86)
	at com.kms.katalon.core.webui.keyword.builtin.ClickKeyword.execute(ClickKeyword.groovy:67)
	at com.kms.katalon.core.keyword.internal.KeywordExecutor.executeKeywordForPlatform(KeywordExecutor.groovy:56)
	at com.kms.katalon.core.webui.keyword.WebUiBuiltInKeywords.click(WebUiBuiltInKeywords.groovy:616)
	at com.kms.katalon.core.webui.keyword.WebUiBuiltInKeywords$click$3.call(Unknown Source)
	at ADLs.run(ADLs:50)
	at com.kms.katalon.core.main.ScriptEngine.run(ScriptEngine.java:194)
	at com.kms.katalon.core.main.ScriptEngine.runScriptAsRawText(ScriptEngine.java:119)
	at com.kms.katalon.core.main.TestCaseExecutor.runScript(TestCaseExecutor.java:342)
	at com.kms.katalon.core.main.TestCaseExecutor.doExecute(TestCaseExecutor.java:333)
	at com.kms.katalon.core.main.TestCaseExecutor.processExecutionPhase(TestCaseExecutor.java:312)
	at com.kms.katalon.core.main.TestCaseExecutor.accessMainPhase(TestCaseExecutor.java:304)
	at com.kms.katalon.core.main.TestCaseExecutor.execute(TestCaseExecutor.java:238)
	at com.kms.katalon.core.main.TestSuiteExecutor.accessTestCaseMainPhase(TestSuiteExecutor.java:129)
	at com.kms.katalon.core.main.TestSuiteExecutor.accessTestSuiteMainPhase(TestSuiteExecutor.java:112)
	at com.kms.katalon.core.main.TestSuiteExecutor.execute(TestSuiteExecutor.java:81)
	at com.kms.katalon.core.main.TestCaseMain.startTestSuite(TestCaseMain.java:157)
	at com.kms.katalon.core.main.TestCaseMain$startTestSuite$0.call(Unknown Source)
	at TempTestSuite1556593525781.run(TempTestSuite1556593525781.groovy:35)
Caused by: org.openqa.selenium.WebDriverException: unknown error: Element <input type="checkbox" rname="SOOADL0078" checklist-value="list.val" ng-model="checked" class="ng-scope ng-pristine ng-untouched ng-valid ng-not-empty" checklist-model="pi.SOOADL0078"> is not clickable at point (720, 9). Other element would receive the click: <div class="horizontal__inline">...</div>
  (Session info: chrome=73.0.3683.103)
  (Driver info: chromedriver=73.0.3683.68 (47787ec04b6e38e22703e856e101e840b65afe72),platform=Windows NT 10.0.17134 x86_64) (WARNING: The server did not provide any stacktrace information)
Command duration or timeout: 0 milliseconds
Build info: version: '3.7.1', revision: '8a0099a', time: '2017-11-06T21:07:36.161Z'
System info: host: 'DESKTOP-IKQI3RS', ip: '192.168.2.37', os.name: 'Windows 10', os.arch: 'amd64', os.version: '10.0', java.version: '1.8.0_181'
Driver info: com.kms.katalon.selenium.driver.CChromeDriver
Capabilities {acceptInsecureCerts: false, acceptSslCerts: false, applicationCacheEnabled: false, browserConnectionEnabled: false, browserName: chrome, chrome: {chromedriverVersion: 73.0.3683.68 (47787ec04b6e3..., userDataDir: C:\Users\KHENAR~1\AppData\L...}, cssSelectorsEnabled: true, databaseEnabled: false, goog:chromeOptions: {debuggerAddress: localhost:53747}, handlesAlerts: true, hasTouchScreen: false, javascriptEnabled: true, locationContextEnabled: true, mobileEmulationEnabled: false, nativeEvents: true, networkConnectionEnabled: false, pageLoadStrategy: normal, platform: XP, platformName: XP, proxy: Proxy(direct), rotatable: false, setWindowRect: true, strictFileInteractability: false, takesHeapSnapshot: true, takesScreenshot: true, timeouts: {implicit: 0, pageLoad: 300000, script: 30000}, unexpectedAlertBehaviour: ignore, unhandledPromptBehavior: ignore, version: 73.0.3683.103, webStorageEnabled: true}
Session ID: aaf3d7fd5e370ba562f986de5554a30a
	at org.openqa.selenium.remote.ErrorHandler.createThrowable(ErrorHandler.java:214)
	at org.openqa.selenium.remote.ErrorHandler.throwIfResponseFailed(ErrorHandler.java:166)
	at org.openqa.selenium.remote.http.JsonHttpResponseCodec.reconstructValue(JsonHttpResponseCodec.java:40)
	at org.openqa.selenium.remote.http.AbstractHttpResponseCodec.decode(AbstractHttpResponseCodec.java:80)
	at org.openqa.selenium.remote.http.AbstractHttpResponseCodec.decode(AbstractHttpResponseCodec.java:44)
	at org.openqa.selenium.remote.HttpCommandExecutor.execute(HttpCommandExecutor.java:164)
	at org.openqa.selenium.remote.service.DriverCommandExecutor.execute(DriverCommandExecutor.java:83)
	at org.openqa.selenium.remote.RemoteWebDriver.execute(RemoteWebDriver.java:600)
	at com.kms.katalon.selenium.driver.CChromeDriver.execute(CChromeDriver.java:20)
	at org.openqa.selenium.remote.RemoteWebElement.execute(RemoteWebElement.java:279)
	at org.openqa.selenium.remote.RemoteWebElement.click(RemoteWebElement.java:83)
	at com.kms.katalon.core.webui.keyword.builtin.ClickKeyword$_click_closure1.doCall(ClickKeyword.groovy:79)
	at com.kms.katalon.core.webui.keyword.builtin.ClickKeyword$_click_closure1.call(ClickKeyword.groovy)
	at com.kms.katalon.core.webui.keyword.internal.WebUIKeywordMain.runKeyword(WebUIKeywordMain.groovy:20)
	at com.kms.katalon.core.webui.keyword.builtin.ClickKeyword.click(ClickKeyword.groovy:86)
	at com.kms.katalon.core.webui.keyword.builtin.ClickKeyword.execute(ClickKeyword.groovy:67)
	at com.kms.katalon.core.keyword.internal.KeywordExecutor.executeKeywordForPlatform(KeywordExecutor.groovy:56)
	at com.kms.katalon.core.webui.keyword.WebUiBuiltInKeywords.click(WebUiBuiltInKeywords.groovy:616)
	at com.kms.katalon.core.webui.keyword.WebUiBuiltInKeywords$click$3.call(Unknown Source)
	at Script1556082449579.run(Script1556082449579.groovy:50)
	... 13 more]]></system-err>
   </testsuite>
</testsuites>
