<?xml version="1.0" encoding="UTF-8"?>
<testsuites name="Elimination" time="59" tests="2" failures="0" errors="0">
   <testsuite name="Elimination" tests="2" failures="0" errors="0" time="59" timestamp="2019-04-23 14:16:28" hostname="Khenard Figuracion - 192.168.2.15" id="Test Suites/OASIS/Elimination">
      <properties>
         <property name="deviceName" value=""/>
         <property name="devicePlatform" value=""/>
         <property name="logFolder" value="C:\\Users\\Khenard Figuracion\\git\\healthcareProject\\Reports\\OASIS\\Elimination\\20190423_141627"/>
         <property name="logFiles" value="C:\\Users\\Khenard Figuracion\\git\\healthcareProject\\Reports\\OASIS\\Elimination\\20190423_141627\\execution0.log"/>
         <property name="attachments" value=""/>
         <property name="hostName" value="Khenard Figuracion - 192.168.2.15"/>
         <property name="os" value="Windows 10 64bit"/>
         <property name="katalonVersion" value="6.1.1.1"/>
         <property name="browser" value="Chrome 73.0.3683.103"/>
         <property name="hostAddress" value="192.168.2.15"/>
         <property name="sessionId" value="d51461c607a76e1d42d5ff92eca666f8"/>
         <property name="seleniumVersion" value="3.7.1"/>
         <property name="proxyInformation" value="ProxyInformation{proxyOption=NO_PROXY, proxyServerType=HTTP, password=, proxyServerAddress=, proxyServerPort=0}"/>
         <property name="platform" value="Windows 10"/>
      </properties>
      <testcase name="Test Cases/navigate_patient_soc" classname="Test Cases/navigate_patient_soc" status="PASSED">
         <system-out><![CDATA[2019-04-23 14:16:28 - [TEST_CASE][PASSED] - Test Cases/navigate_patient_soc: Test Cases/navigate_patient_soc

2019-04-23 14:16:29 - [TEST_STEP][PASSED] - openBrowser(""): Browser is opened with url: ''

2019-04-23 14:16:29 - [MESSAGE][INFO] - Starting 'Chrome' driver

2019-04-23 14:16:29 - [MESSAGE][INFO] - Action delay is set to 0 seconds

2019-04-23 14:16:32 - [MESSAGE][PASSED] - Browser is opened with url: ''

2019-04-23 14:16:32 - [TEST_STEP][PASSED] - navigateToUrl("https://qa.medisource.com"): Navigate to 'https://qa.medisource.com' successfully

2019-04-23 14:16:35 - [MESSAGE][PASSED] - Navigate to 'https://qa.medisource.com' successfully

2019-04-23 14:16:35 - [TEST_STEP][PASSED] - setText(findTestObject("Page_Medisource  Login/input_Please try afterminutes"), "superagent"): Text 'superagent' is set on object 'Object Repository/Page_Medisource  Login/input_Please try afterminutes'

2019-04-23 14:16:36 - [MESSAGE][PASSED] - Text 'superagent' is set on object 'Object Repository/Page_Medisource  Login/input_Please try afterminutes'

2019-04-23 14:16:36 - [TEST_STEP][PASSED] - delay(3): Delayed 3 second(s)

2019-04-23 14:16:39 - [MESSAGE][PASSED] - Delayed 3 second(s)

2019-04-23 14:16:39 - [TEST_STEP][PASSED] - setEncryptedText(findTestObject("Page_Medisource  Login/input_Username or email requir"), "SITHpLWAWtI8C4F8RIujvA=="): Text ****** has been set on object 'Object Repository/Page_Medisource  Login/input_Username or email requir'

2019-04-23 14:16:39 - [MESSAGE][PASSED] - Text ****** has been set on object 'Object Repository/Page_Medisource  Login/input_Username or email requir'

2019-04-23 14:16:39 - [TEST_STEP][PASSED] - delay(3): Delayed 3 second(s)

2019-04-23 14:16:42 - [MESSAGE][PASSED] - Delayed 3 second(s)

2019-04-23 14:16:42 - [TEST_STEP][PASSED] - click(findTestObject("Page_Medisource  Login/button_Login")): Object: 'Object Repository/Page_Medisource  Login/button_Login' is clicked on

2019-04-23 14:16:42 - [MESSAGE][PASSED] - Object: 'Object Repository/Page_Medisource  Login/button_Login' is clicked on

2019-04-23 14:16:42 - [TEST_STEP][PASSED] - delay(2): Delayed 2 second(s)

2019-04-23 14:16:44 - [MESSAGE][PASSED] - Delayed 2 second(s)

2019-04-23 14:16:44 - [TEST_STEP][PASSED] - navigateToUrl("https://qa.medisource.com/patients/all"): Navigate to 'https://qa.medisource.com/patients/all' successfully

2019-04-23 14:16:45 - [MESSAGE][PASSED] - Navigate to 'https://qa.medisource.com/patients/all' successfully

2019-04-23 14:16:45 - [TEST_STEP][PASSED] - delay(3): Delayed 3 second(s)

2019-04-23 14:16:48 - [MESSAGE][PASSED] - Delayed 3 second(s)

2019-04-23 14:16:48 - [TEST_STEP][PASSED] - navigateToUrl("https://qa.medisource.com/patientcare/638B92A0-A489-410B-8056-906FE598F197/9F6A772C-C308-499E-BA52-A7BF3652D416/overview"): Navigate to 'https://qa.medisource.com/patientcare/638B92A0-A489-410B-8056-906FE598F197/9F6A772C-C308-499E-BA52-A7BF3652D416/overview' successfully

2019-04-23 14:16:49 - [MESSAGE][PASSED] - Navigate to 'https://qa.medisource.com/patientcare/638B92A0-A489-410B-8056-906FE598F197/9F6A772C-C308-499E-BA52-A7BF3652D416/overview' successfully

2019-04-23 14:16:49 - [TEST_STEP][PASSED] - delay(3): Delayed 3 second(s)

2019-04-23 14:16:52 - [MESSAGE][PASSED] - Delayed 3 second(s)

2019-04-23 14:16:52 - [TEST_STEP][PASSED] - navigateToUrl("https://qa.medisource.com/patientcare/638B92A0-A489-410B-8056-906FE598F197/9F6A772C-C308-499E-BA52-A7BF3652D416/2019/oasis/clinical/soc/9405B47D-64F0-4CF9-A5FA-25C79AC5A572/638B92A0-A489-410B-8056-906FE598F197"): Navigate to 'https://qa.medisource.com/patientcare/638B92A0-A489-410B-8056-906FE598F197/9F6A772C-C308-499E-BA52-A7BF3652D416/2019/oasis/clinical/soc/9405B47D-64F0-4CF9-A5FA-25C79AC5A572/638B92A0-A489-410B-8056-906FE598F197' successfully

2019-04-23 14:16:52 - [MESSAGE][PASSED] - Navigate to 'https://qa.medisource.com/patientcare/638B92A0-A489-410B-8056-906FE598F197/9F6A772C-C308-499E-BA52-A7BF3652D416/2019/oasis/clinical/soc/9405B47D-64F0-4CF9-A5FA-25C79AC5A572/638B92A0-A489-410B-8056-906FE598F197' successfully

2019-04-23 14:16:52 - [TEST_STEP][PASSED] - delay(3): Delayed 3 second(s)

2019-04-23 14:16:55 - [MESSAGE][PASSED] - Delayed 3 second(s)]]></system-out>
         <system-err><![CDATA[]]></system-err>
      </testcase>
      <testcase name="Test Cases/OASIS_SOC/Elimination" classname="Test Cases/OASIS_SOC/Elimination" status="PASSED">
         <system-out><![CDATA[2019-04-23 14:16:55 - [TEST_CASE][PASSED] - Test Cases/OASIS_SOC/Elimination: Test Cases/OASIS_SOC/Elimination

2019-04-23 14:16:55 - [TEST_STEP][PASSED] - click(findTestObject("OASIS/OASIS_TABS/xitemedits_btn")): Object: 'Object Repository/OASIS/OASIS_TABS/xitemedits_btn' is clicked on

2019-04-23 14:16:56 - [MESSAGE][PASSED] - Object: 'Object Repository/OASIS/OASIS_TABS/xitemedits_btn' is clicked on

2019-04-23 14:16:56 - [TEST_STEP][PASSED] - click(findTestObject("OASIS/OASIS_TABS/Elimination_tab")): Object: 'Object Repository/OASIS/OASIS_TABS/Elimination_tab' is clicked on

2019-04-23 14:16:56 - [MESSAGE][PASSED] - Object: 'Object Repository/OASIS/OASIS_TABS/Elimination_tab' is clicked on

2019-04-23 14:16:56 - [TEST_STEP][PASSED] - delay(1): Delayed 1 second(s)

2019-04-23 14:16:57 - [MESSAGE][PASSED] - Delayed 1 second(s)

2019-04-23 14:16:57 - [TEST_STEP][PASSED] - click(findTestObject("OASIS/Elimination/elim_genitourinary_status/elim_abnormal_status_incontinence"), STOP_ON_FAILURE): Object: 'Object Repository/OASIS/Elimination/elim_genitourinary_status/elim_abnormal_status_incontinence' is clicked on

2019-04-23 14:16:59 - [MESSAGE][PASSED] - Object: 'Object Repository/OASIS/Elimination/elim_genitourinary_status/elim_abnormal_status_incontinence' is clicked on

2019-04-23 14:16:59 - [TEST_STEP][PASSED] - delay(1): Delayed 1 second(s)

2019-04-23 14:17:00 - [MESSAGE][PASSED] - Delayed 1 second(s)

2019-04-23 14:17:00 - [TEST_STEP][PASSED] - click(findTestObject("OASIS/Elimination/elim_genitourinary_status/elim_abnormal_status_stress_incontinence")): Object: 'Object Repository/OASIS/Elimination/elim_genitourinary_status/elim_abnormal_status_stress_incontinence' is clicked on

2019-04-23 14:17:00 - [MESSAGE][PASSED] - Object: 'Object Repository/OASIS/Elimination/elim_genitourinary_status/elim_abnormal_status_stress_incontinence' is clicked on

2019-04-23 14:17:00 - [TEST_STEP][PASSED] - delay(1): Delayed 1 second(s)

2019-04-23 14:17:01 - [MESSAGE][PASSED] - Delayed 1 second(s)

2019-04-23 14:17:01 - [TEST_STEP][PASSED] - click(findTestObject("OASIS/Elimination/elim_genitourinary_status/elim_abnormal_status_urgency")): Object: 'Object Repository/OASIS/Elimination/elim_genitourinary_status/elim_abnormal_status_urgency' is clicked on

2019-04-23 14:17:01 - [MESSAGE][PASSED] - Object: 'Object Repository/OASIS/Elimination/elim_genitourinary_status/elim_abnormal_status_urgency' is clicked on

2019-04-23 14:17:01 - [TEST_STEP][PASSED] - delay(1): Delayed 1 second(s)

2019-04-23 14:17:02 - [MESSAGE][PASSED] - Delayed 1 second(s)

2019-04-23 14:17:02 - [TEST_STEP][PASSED] - click(findTestObject("OASIS/Elimination/elim_genitourinary_status/elim_abnormal_status_frequency")): Object: 'Object Repository/OASIS/Elimination/elim_genitourinary_status/elim_abnormal_status_frequency' is clicked on

2019-04-23 14:17:02 - [MESSAGE][PASSED] - Object: 'Object Repository/OASIS/Elimination/elim_genitourinary_status/elim_abnormal_status_frequency' is clicked on

2019-04-23 14:17:02 - [TEST_STEP][PASSED] - delay(1): Delayed 1 second(s)

2019-04-23 14:17:03 - [MESSAGE][PASSED] - Delayed 1 second(s)

2019-04-23 14:17:03 - [TEST_STEP][PASSED] - click(findTestObject("OASIS/Elimination/elim_genitourinary_status/elim_abnormal_status_dysuria")): Object: 'Object Repository/OASIS/Elimination/elim_genitourinary_status/elim_abnormal_status_dysuria' is clicked on

2019-04-23 14:17:03 - [MESSAGE][PASSED] - Object: 'Object Repository/OASIS/Elimination/elim_genitourinary_status/elim_abnormal_status_dysuria' is clicked on

2019-04-23 14:17:03 - [TEST_STEP][PASSED] - delay(1): Delayed 1 second(s)

2019-04-23 14:17:04 - [MESSAGE][PASSED] - Delayed 1 second(s)

2019-04-23 14:17:04 - [TEST_STEP][PASSED] - click(findTestObject("OASIS/Elimination/elim_genitourinary_status/elim_abnormal_status_frequency")): Object: 'Object Repository/OASIS/Elimination/elim_genitourinary_status/elim_abnormal_status_frequency' is clicked on

2019-04-23 14:17:04 - [MESSAGE][PASSED] - Object: 'Object Repository/OASIS/Elimination/elim_genitourinary_status/elim_abnormal_status_frequency' is clicked on

2019-04-23 14:17:04 - [TEST_STEP][PASSED] - delay(1): Delayed 1 second(s)

2019-04-23 14:17:05 - [MESSAGE][PASSED] - Delayed 1 second(s)

2019-04-23 14:17:05 - [TEST_STEP][PASSED] - click(findTestObject("OASIS/Elimination/elim_genitourinary_status/elim_abnormal_status_polyuria")): Object: 'Object Repository/OASIS/Elimination/elim_genitourinary_status/elim_abnormal_status_polyuria' is clicked on

2019-04-23 14:17:05 - [MESSAGE][PASSED] - Object: 'Object Repository/OASIS/Elimination/elim_genitourinary_status/elim_abnormal_status_polyuria' is clicked on

2019-04-23 14:17:05 - [TEST_STEP][PASSED] - delay(1): Delayed 1 second(s)

2019-04-23 14:17:06 - [MESSAGE][PASSED] - Delayed 1 second(s)

2019-04-23 14:17:06 - [TEST_STEP][PASSED] - click(findTestObject("OASIS/Elimination/elim_genitourinary_status/elim_abnormal_status_nocturia")): Object: 'Object Repository/OASIS/Elimination/elim_genitourinary_status/elim_abnormal_status_nocturia' is clicked on

2019-04-23 14:17:06 - [MESSAGE][PASSED] - Object: 'Object Repository/OASIS/Elimination/elim_genitourinary_status/elim_abnormal_status_nocturia' is clicked on

2019-04-23 14:17:06 - [TEST_STEP][PASSED] - delay(1): Delayed 1 second(s)

2019-04-23 14:17:07 - [MESSAGE][PASSED] - Delayed 1 second(s)

2019-04-23 14:17:07 - [TEST_STEP][PASSED] - click(findTestObject("OASIS/Elimination/elim_genitourinary_status/elim_abnormal_status_oliguria")): Object: 'Object Repository/OASIS/Elimination/elim_genitourinary_status/elim_abnormal_status_oliguria' is clicked on

2019-04-23 14:17:07 - [MESSAGE][PASSED] - Object: 'Object Repository/OASIS/Elimination/elim_genitourinary_status/elim_abnormal_status_oliguria' is clicked on

2019-04-23 14:17:07 - [TEST_STEP][PASSED] - delay(1): Delayed 1 second(s)

2019-04-23 14:17:08 - [MESSAGE][PASSED] - Delayed 1 second(s)

2019-04-23 14:17:08 - [TEST_STEP][PASSED] - click(findTestObject("OASIS/Elimination/elim_genitourinary_status/elim_abnormal_status_hematuria")): Object: 'Object Repository/OASIS/Elimination/elim_genitourinary_status/elim_abnormal_status_hematuria' is clicked on

2019-04-23 14:17:09 - [MESSAGE][PASSED] - Object: 'Object Repository/OASIS/Elimination/elim_genitourinary_status/elim_abnormal_status_hematuria' is clicked on

2019-04-23 14:17:09 - [TEST_STEP][PASSED] - delay(1): Delayed 1 second(s)

2019-04-23 14:17:10 - [MESSAGE][PASSED] - Delayed 1 second(s)

2019-04-23 14:17:10 - [TEST_STEP][PASSED] - setText(findTestObject("OASIS/Elimination/elim_genitourinary_status/elim_abnormal_status_other"), "Xenoderma Pigmentosium"): Text 'Xenoderma Pigmentosium' is set on object 'Object Repository/OASIS/Elimination/elim_genitourinary_status/elim_abnormal_status_other'

2019-04-23 14:17:10 - [MESSAGE][PASSED] - Text 'Xenoderma Pigmentosium' is set on object 'Object Repository/OASIS/Elimination/elim_genitourinary_status/elim_abnormal_status_other'

2019-04-23 14:17:10 - [TEST_STEP][PASSED] - delay(1): Delayed 1 second(s)

2019-04-23 14:17:11 - [MESSAGE][PASSED] - Delayed 1 second(s)

2019-04-23 14:17:11 - [TEST_STEP][PASSED] - click(findTestObject("OASIS/Elimination/elim_genitourinary_status/elim_urine_color_yellow")): Object: 'Object Repository/OASIS/Elimination/elim_genitourinary_status/elim_urine_color_yellow' is clicked on

2019-04-23 14:17:11 - [MESSAGE][PASSED] - Object: 'Object Repository/OASIS/Elimination/elim_genitourinary_status/elim_urine_color_yellow' is clicked on

2019-04-23 14:17:11 - [TEST_STEP][PASSED] - delay(1): Delayed 1 second(s)

2019-04-23 14:17:12 - [MESSAGE][PASSED] - Delayed 1 second(s)

2019-04-23 14:17:12 - [TEST_STEP][PASSED] - setText(findTestObject("OASIS/Elimination/elim_genitourinary_status/elim_urine_color_other"), "Reddish Yellow"): Text 'Reddish Yellow' is set on object 'Object Repository/OASIS/Elimination/elim_genitourinary_status/elim_urine_color_other'

2019-04-23 14:17:13 - [MESSAGE][PASSED] - Text 'Reddish Yellow' is set on object 'Object Repository/OASIS/Elimination/elim_genitourinary_status/elim_urine_color_other'

2019-04-23 14:17:13 - [TEST_STEP][PASSED] - delay(1): Delayed 1 second(s)

2019-04-23 14:17:14 - [MESSAGE][PASSED] - Delayed 1 second(s)

2019-04-23 14:17:14 - [TEST_STEP][PASSED] - click(findTestObject("OASIS/Elimination/elim_genitourinary_status/elim_urine_clarity_clear")): Object: 'Object Repository/OASIS/Elimination/elim_genitourinary_status/elim_urine_clarity_clear' is clicked on

2019-04-23 14:17:14 - [MESSAGE][PASSED] - Object: 'Object Repository/OASIS/Elimination/elim_genitourinary_status/elim_urine_clarity_clear' is clicked on

2019-04-23 14:17:14 - [TEST_STEP][PASSED] - delay(1): Delayed 1 second(s)

2019-04-23 14:17:15 - [MESSAGE][PASSED] - Delayed 1 second(s)

2019-04-23 14:17:15 - [TEST_STEP][PASSED] - click(findTestObject("OASIS/Elimination/elim_genitourinary_status/elim_urine_odor_yes")): Object: 'Object Repository/OASIS/Elimination/elim_genitourinary_status/elim_urine_odor_yes' is clicked on

2019-04-23 14:17:15 - [MESSAGE][PASSED] - Object: 'Object Repository/OASIS/Elimination/elim_genitourinary_status/elim_urine_odor_yes' is clicked on

2019-04-23 14:17:15 - [TEST_STEP][PASSED] - delay(1): Delayed 1 second(s)

2019-04-23 14:17:16 - [MESSAGE][PASSED] - Delayed 1 second(s)

2019-04-23 14:17:16 - [TEST_STEP][PASSED] - setText(findTestObject("OASIS/Elimination/elim_genitourinary_status/elim_urine_odor_yes_textfield"), "Foul"): Text 'Foul' is set on object 'Object Repository/OASIS/Elimination/elim_genitourinary_status/elim_urine_odor_yes_textfield'

2019-04-23 14:17:16 - [MESSAGE][PASSED] - Text 'Foul' is set on object 'Object Repository/OASIS/Elimination/elim_genitourinary_status/elim_urine_odor_yes_textfield'

2019-04-23 14:17:16 - [TEST_STEP][PASSED] - delay(1): Delayed 1 second(s)

2019-04-23 14:17:17 - [MESSAGE][PASSED] - Delayed 1 second(s)

2019-04-23 14:17:17 - [TEST_STEP][PASSED] - click(findTestObject("OASIS/Elimination/elim_genitourinary_status/elim_spx_hemo")): Object: 'Object Repository/OASIS/Elimination/elim_genitourinary_status/elim_spx_hemo' is clicked on

2019-04-23 14:17:18 - [MESSAGE][PASSED] - Object: 'Object Repository/OASIS/Elimination/elim_genitourinary_status/elim_spx_hemo' is clicked on

2019-04-23 14:17:18 - [TEST_STEP][PASSED] - delay(1): Delayed 1 second(s)

2019-04-23 14:17:19 - [MESSAGE][PASSED] - Delayed 1 second(s)

2019-04-23 14:17:19 - [TEST_STEP][PASSED] - click(findTestObject("OASIS/Elimination/elim_genitourinary_status/elim_spx_hemodialysis/elim_hemodialysis_avshunt_ra")): Object: 'Object Repository/OASIS/Elimination/elim_genitourinary_status/elim_spx_hemodialysis/elim_hemodialysis_avshunt_ra' is clicked on

2019-04-23 14:17:19 - [MESSAGE][PASSED] - Object: 'Object Repository/OASIS/Elimination/elim_genitourinary_status/elim_spx_hemodialysis/elim_hemodialysis_avshunt_ra' is clicked on

2019-04-23 14:17:19 - [TEST_STEP][PASSED] - delay(1): Delayed 1 second(s)

2019-04-23 14:17:20 - [MESSAGE][PASSED] - Delayed 1 second(s)

2019-04-23 14:17:20 - [TEST_STEP][PASSED] - setText(findTestObject("OASIS/Elimination/elim_genitourinary_status/elim_spx_hemodialysis/elim_hemodialysis_other"), "RA/LA"): Text 'RA/LA' is set on object 'Object Repository/OASIS/Elimination/elim_genitourinary_status/elim_spx_hemodialysis/elim_hemodialysis_other'

2019-04-23 14:17:20 - [MESSAGE][PASSED] - Text 'RA/LA' is set on object 'Object Repository/OASIS/Elimination/elim_genitourinary_status/elim_spx_hemodialysis/elim_hemodialysis_other'

2019-04-23 14:17:20 - [TEST_STEP][PASSED] - delay(1): Delayed 1 second(s)

2019-04-23 14:17:21 - [MESSAGE][PASSED] - Delayed 1 second(s)

2019-04-23 14:17:21 - [TEST_STEP][PASSED] - click(findTestObject("OASIS/Elimination/elim_genitourinary_status/elim_spx_hemodialysis/elim_hemodialysis_thrill_yes")): Object: 'Object Repository/OASIS/Elimination/elim_genitourinary_status/elim_spx_hemodialysis/elim_hemodialysis_thrill_yes' is clicked on

2019-04-23 14:17:21 - [MESSAGE][PASSED] - Object: 'Object Repository/OASIS/Elimination/elim_genitourinary_status/elim_spx_hemodialysis/elim_hemodialysis_thrill_yes' is clicked on

2019-04-23 14:17:21 - [TEST_STEP][PASSED] - click(findTestObject("OASIS/Elimination/elim_genitourinary_status/elim_spx_hemodialysis/elim_hemodialysis_bruit_yes")): Object: 'Object Repository/OASIS/Elimination/elim_genitourinary_status/elim_spx_hemodialysis/elim_hemodialysis_bruit_yes' is clicked on

2019-04-23 14:17:21 - [MESSAGE][PASSED] - Object: 'Object Repository/OASIS/Elimination/elim_genitourinary_status/elim_spx_hemodialysis/elim_hemodialysis_bruit_yes' is clicked on

2019-04-23 14:17:21 - [TEST_STEP][PASSED] - setText(findTestObject("OASIS/Elimination/elim_genitourinary_status/elim_spx_hemodialysis/elim_hemodialysis_avshunt_care"), "Sample Text"): Text 'Sample Text' is set on object 'Object Repository/OASIS/Elimination/elim_genitourinary_status/elim_spx_hemodialysis/elim_hemodialysis_avshunt_care'

2019-04-23 14:17:22 - [MESSAGE][PASSED] - Text 'Sample Text' is set on object 'Object Repository/OASIS/Elimination/elim_genitourinary_status/elim_spx_hemodialysis/elim_hemodialysis_avshunt_care'

2019-04-23 14:17:22 - [TEST_STEP][PASSED] - delay(5): Delayed 5 second(s)

2019-04-23 14:17:27 - [MESSAGE][PASSED] - Delayed 5 second(s)]]></system-out>
         <system-err><![CDATA[]]></system-err>
      </testcase>
      <system-out><![CDATA[2019-04-23 14:16:28 - [TEST_SUITE][PASSED] - Elimination: Test Cases/OASIS_SOC/Elimination]]></system-out>
      <system-err><![CDATA[]]></system-err>
   </testsuite>
</testsuites>
