<?xml version="1.0" encoding="UTF-8"?>
<testsuites name="add_to_delete_role_template" time="18" tests="3" failures="0" errors="0">
   <testsuite name="add_to_delete_role_template" tests="3" failures="0" errors="0" time="18" timestamp="2019-06-13 14:16:51" hostname="Khenard Figuracion - 192.168.2.13" id="Test Suites/Human_Resources/add_to_delete_role_template">
      <properties>
         <property name="deviceName" value=""/>
         <property name="devicePlatform" value=""/>
         <property name="logFolder" value="C:\\Users\\Khenard Figuracion\\git\\healthcareProject-neww\\Reports\\Human_Resources\\add_to_delete_role_template\\20190613_141648"/>
         <property name="logFiles" value="C:\\Users\\Khenard Figuracion\\git\\healthcareProject-neww\\Reports\\Human_Resources\\add_to_delete_role_template\\20190613_141648\\execution0.log"/>
         <property name="attachments" value=""/>
         <property name="hostName" value="Khenard Figuracion - 192.168.2.13"/>
         <property name="os" value="Windows 10 64bit"/>
         <property name="katalonVersion" value="6.0.6.4"/>
         <property name="browser" value="Chrome 74.0.3729.169"/>
         <property name="hostAddress" value="192.168.2.13"/>
         <property name="sessionId" value="233d5bf367e2f2fc6eafc1bec0ce88c1"/>
         <property name="seleniumVersion" value="3.7.1"/>
         <property name="proxyInformation" value="ProxyInformation{proxyOption=NO_PROXY, proxyServerType=HTTP, password=, proxyServerAddress=, proxyServerPort=0}"/>
         <property name="platform" value="Windows 10"/>
      </properties>
      <testcase name="Test Cases/Login_Accounts/login_superagent" classname="Test Cases/Login_Accounts/login_superagent" status="PASSED">
         <system-out><![CDATA[2019-06-13 14:16:51 - [TEST_CASE][PASSED] - Test Cases/Login_Accounts/login_superagent: Test Cases/Login_Accounts/login_superagent

2019-06-13 14:16:52 - [TEST_STEP][PASSED] - openBrowser(""): Browser is opened with url: ''

2019-06-13 14:16:52 - [MESSAGE][INFO] - Starting 'Chrome' driver

2019-06-13 14:16:52 - [MESSAGE][INFO] - User set preference: ['args', '[--no-sandbox]']

2019-06-13 14:16:52 - [MESSAGE][INFO] - Action delay is set to 0 seconds

2019-06-13 14:16:59 - [MESSAGE][PASSED] - Browser is opened with url: ''

2019-06-13 14:16:59 - [TEST_STEP][PASSED] - navigateToUrl("https://qa.medisource.com/login"): Navigate to 'https://qa.medisource.com/login' successfully

2019-06-13 14:17:02 - [MESSAGE][PASSED] - Navigate to 'https://qa.medisource.com/login' successfully

2019-06-13 14:17:02 - [TEST_STEP][PASSED] - setText(findTestObject("LogIn/username"), "superagent@intermed"): Text 'superagent@intermed' is set on object 'Object Repository/LogIn/username'

2019-06-13 14:17:02 - [MESSAGE][PASSED] - Text 'superagent@intermed' is set on object 'Object Repository/LogIn/username'

2019-06-13 14:17:02 - [TEST_STEP][PASSED] - setEncryptedText(findTestObject("LogIn/password"), "SITHpLWAWtI8C4F8RIujvA=="): Text ****** has been set on object 'Object Repository/LogIn/password'

2019-06-13 14:17:02 - [MESSAGE][PASSED] - Text ****** has been set on object 'Object Repository/LogIn/password'

2019-06-13 14:17:02 - [TEST_STEP][PASSED] - click(findTestObject("LogIn/login_button")): Object: 'Object Repository/LogIn/login_button' is clicked on

2019-06-13 14:17:03 - [MESSAGE][PASSED] - Object: 'Object Repository/LogIn/login_button' is clicked on

2019-06-13 14:17:03 - [TEST_STEP][PASSED] - delay(5): Delayed 5 second(s)

2019-06-13 14:17:08 - [MESSAGE][PASSED] - Delayed 5 second(s)]]></system-out>
         <system-err><![CDATA[]]></system-err>
      </testcase>
      <testcase name="Test Cases/Human_Resources/role_template/add_role_template" classname="Test Cases/Human_Resources/role_template/add_role_template" status="PASSED">
         <system-out><![CDATA[2019-06-13 14:17:08 - [TEST_CASE][PASSED] - Test Cases/Human_Resources/role_template/add_role_template: Test Cases/Human_Resources/role_template/add_role_template

2019-06-13 14:17:08 - [TEST_STEP][PASSED] - return null: null]]></system-out>
         <system-err><![CDATA[]]></system-err>
      </testcase>
      <testcase name="Test Cases/Human_Resources/role_template/delete_role_template" classname="Test Cases/Human_Resources/role_template/delete_role_template" status="PASSED">
         <system-out><![CDATA[2019-06-13 14:17:08 - [TEST_CASE][PASSED] - Test Cases/Human_Resources/role_template/delete_role_template: Test Cases/Human_Resources/role_template/delete_role_template

2019-06-13 14:17:08 - [TEST_STEP][PASSED] - return null: null]]></system-out>
         <system-err><![CDATA[]]></system-err>
      </testcase>
      <system-out><![CDATA[2019-06-13 14:16:51 - [TEST_SUITE][PASSED] - add_to_delete_role_template: Test Cases/Human_Resources/role_template/delete_role_template]]></system-out>
      <system-err><![CDATA[]]></system-err>
   </testsuite>
</testsuites>
