<?xml version="1.0" encoding="UTF-8"?>
<testsuites name="IntaketoAdmit" time="226" tests="2" failures="0" errors="0">
   <testsuite name="IntaketoAdmit" tests="2" failures="0" errors="0" time="226" timestamp="2019-04-11 23:07:21" hostname="owner - 192.168.2.13" id="Test Suites/Patient/IntaketoAdmit">
      <properties>
         <property name="deviceName" value=""/>
         <property name="devicePlatform" value=""/>
         <property name="logFolder" value="C:\\Users\\owner\\Desktop\\HCPRoject\\healthcareProject\\Reports\\Patient\\IntaketoAdmit\\20190411_230720"/>
         <property name="logFiles" value="C:\\Users\\owner\\Desktop\\HCPRoject\\healthcareProject\\Reports\\Patient\\IntaketoAdmit\\20190411_230720\\execution0.log"/>
         <property name="attachments" value=""/>
         <property name="hostName" value="owner - 192.168.2.13"/>
         <property name="os" value="Windows 7 64bit"/>
         <property name="katalonVersion" value="6.0.5.4"/>
         <property name="browser" value="Chrome 73.0.3683.103"/>
         <property name="hostAddress" value="192.168.2.13"/>
         <property name="sessionId" value="f091510b5ac6b69de2fb033f844a692a"/>
         <property name="seleniumVersion" value="3.7.1"/>
         <property name="proxyInformation" value="ProxyInformation{proxyOption=NO_PROXY, proxyServerType=HTTP, password=, proxyServerAddress=, proxyServerPort=0}"/>
         <property name="platform" value="Windows 7"/>
      </properties>
      <testcase name="Test Cases/Adding of Patient" classname="Test Cases/Adding of Patient" status="PASSED">
         <system-out><![CDATA[2019-04-11 23:07:22 - [TEST_CASE][PASSED] - Test Cases/Adding of Patient: Test Cases/Adding of Patient

2019-04-11 23:07:22 - [TEST_STEP][PASSED] - openBrowser(""): Browser is opened with url: ''

2019-04-11 23:07:23 - [MESSAGE][INFO] - Starting 'Chrome' driver

2019-04-11 23:07:23 - [MESSAGE][INFO] - Action delay is set to 0 seconds

2019-04-11 23:07:26 - [MESSAGE][PASSED] - Browser is opened with url: ''

2019-04-11 23:07:26 - [TEST_STEP][PASSED] - navigateToUrl("https://qa.medisource.com/login"): Navigate to 'https://qa.medisource.com/login' successfully

2019-04-11 23:07:30 - [MESSAGE][PASSED] - Navigate to 'https://qa.medisource.com/login' successfully

2019-04-11 23:07:30 - [TEST_STEP][PASSED] - setText(findTestObject("Object Repository/addPatient/input_Please try afterminutes."), "superagent"): Text 'superagent' is set on object 'Object Repository/addPatient/input_Please try afterminutes.'

2019-04-11 23:07:30 - [MESSAGE][PASSED] - Text 'superagent' is set on object 'Object Repository/addPatient/input_Please try afterminutes.'

2019-04-11 23:07:30 - [TEST_STEP][PASSED] - setEncryptedText(findTestObject("Object Repository/addPatient/input_Username or email requir"), "SITHpLWAWtI8C4F8RIujvA=="): Text ****** has been set on object 'Object Repository/addPatient/input_Username or email requir'

2019-04-11 23:07:30 - [MESSAGE][PASSED] - Text ****** has been set on object 'Object Repository/addPatient/input_Username or email requir'

2019-04-11 23:07:30 - [TEST_STEP][PASSED] - click(findTestObject("Object Repository/addPatient/button_Login")): Object: 'Object Repository/addPatient/button_Login' is clicked on

2019-04-11 23:07:30 - [MESSAGE][PASSED] - Object: 'Object Repository/addPatient/button_Login' is clicked on

2019-04-11 23:07:30 - [TEST_STEP][PASSED] - delay(10): Delayed 10 second(s)

2019-04-11 23:07:40 - [MESSAGE][PASSED] - Delayed 10 second(s)

2019-04-11 23:07:40 - [TEST_STEP][PASSED] - navigateToUrl("https://qa.medisource.com/patient"): Navigate to 'https://qa.medisource.com/patient' successfully

2019-04-11 23:07:41 - [MESSAGE][PASSED] - Navigate to 'https://qa.medisource.com/patient' successfully

2019-04-11 23:07:41 - [TEST_STEP][PASSED] - delay(5): Delayed 5 second(s)

2019-04-11 23:07:46 - [MESSAGE][PASSED] - Delayed 5 second(s)

2019-04-11 23:07:46 - [TEST_STEP][PASSED] - click(findTestObject("addPatient/datePicker")): Object: 'Object Repository/addPatient/datePicker' is clicked on

2019-04-11 23:07:46 - [MESSAGE][PASSED] - Object: 'Object Repository/addPatient/datePicker' is clicked on

2019-04-11 23:07:46 - [TEST_STEP][PASSED] - delay(3): Delayed 3 second(s)

2019-04-11 23:07:49 - [MESSAGE][PASSED] - Delayed 3 second(s)

2019-04-11 23:07:49 - [TEST_STEP][PASSED] - click(findTestObject("addPatient/dateItem")): Object: 'Object Repository/addPatient/dateItem' is clicked on

2019-04-11 23:07:49 - [MESSAGE][PASSED] - Object: 'Object Repository/addPatient/dateItem' is clicked on

2019-04-11 23:07:49 - [TEST_STEP][PASSED] - delay(3): Delayed 3 second(s)

2019-04-11 23:07:52 - [MESSAGE][PASSED] - Delayed 3 second(s)

2019-04-11 23:07:52 - [TEST_STEP][PASSED] - click(findTestObject("addPatient/mrnCheckbox1")): Object: 'Object Repository/addPatient/mrnCheckbox1' is clicked on

2019-04-11 23:07:52 - [MESSAGE][PASSED] - Object: 'Object Repository/addPatient/mrnCheckbox1' is clicked on

2019-04-11 23:07:52 - [TEST_STEP][PASSED] - click(findTestObject("addPatient/button_Same as Referral Date")): Object: 'Object Repository/addPatient/button_Same as Referral Date' is clicked on

2019-04-11 23:07:53 - [MESSAGE][PASSED] - Object: 'Object Repository/addPatient/button_Same as Referral Date' is clicked on

2019-04-11 23:07:53 - [TEST_STEP][PASSED] - setText(findTestObject("addPatient/input_Last Name_last_name"), "Automated"): Text 'Automated' is set on object 'Object Repository/addPatient/input_Last Name_last_name'

2019-04-11 23:07:53 - [MESSAGE][PASSED] - Text 'Automated' is set on object 'Object Repository/addPatient/input_Last Name_last_name'

2019-04-11 23:07:53 - [TEST_STEP][PASSED] - setText(findTestObject("addPatient/input_First Name_first_name"), "Test3"): Text 'Test3' is set on object 'Object Repository/addPatient/input_First Name_first_name'

2019-04-11 23:07:54 - [MESSAGE][PASSED] - Text 'Test3' is set on object 'Object Repository/addPatient/input_First Name_first_name'

2019-04-11 23:07:54 - [TEST_STEP][PASSED] - setText(findTestObject("addPatient/input_Middle Initial_mi"), "F"): Text 'F' is set on object 'Object Repository/addPatient/input_Middle Initial_mi'

2019-04-11 23:07:54 - [MESSAGE][PASSED] - Text 'F' is set on object 'Object Repository/addPatient/input_Middle Initial_mi'

2019-04-11 23:07:54 - [TEST_STEP][PASSED] - setText(findTestObject("addPatient/input_Suffix_suffix"), "Jr"): Text 'Jr' is set on object 'Object Repository/addPatient/input_Suffix_suffix'

2019-04-11 23:07:54 - [MESSAGE][PASSED] - Text 'Jr' is set on object 'Object Repository/addPatient/input_Suffix_suffix'

2019-04-11 23:07:54 - [TEST_STEP][PASSED] - delay(3): Delayed 3 second(s)

2019-04-11 23:07:57 - [MESSAGE][PASSED] - Delayed 3 second(s)

2019-04-11 23:07:57 - [TEST_STEP][PASSED] - click(findTestObject("addPatient/intakeBdayDatePicker")): Object: 'Object Repository/addPatient/intakeBdayDatePicker' is clicked on

2019-04-11 23:07:57 - [MESSAGE][PASSED] - Object: 'Object Repository/addPatient/intakeBdayDatePicker' is clicked on

2019-04-11 23:07:57 - [TEST_STEP][PASSED] - click(findTestObject("addPatient/intakeBdayDatePickerItem")): Object: 'Object Repository/addPatient/intakeBdayDatePickerItem' is clicked on

2019-04-11 23:07:57 - [MESSAGE][PASSED] - Object: 'Object Repository/addPatient/intakeBdayDatePickerItem' is clicked on

2019-04-11 23:07:57 - [TEST_STEP][PASSED] - delay(3): Delayed 3 second(s)

2019-04-11 23:08:00 - [MESSAGE][PASSED] - Delayed 3 second(s)

2019-04-11 23:08:00 - [TEST_STEP][PASSED] - click(findTestObject("addPatient/intakeGenderMale")): Object: 'Object Repository/addPatient/intakeGenderMale' is clicked on

2019-04-11 23:08:00 - [MESSAGE][PASSED] - Object: 'Object Repository/addPatient/intakeGenderMale' is clicked on

2019-04-11 23:08:00 - [TEST_STEP][PASSED] - click(findTestObject("addPatient/a_SELECT ONE")): Object: 'Object Repository/addPatient/a_SELECT ONE' is clicked on

2019-04-11 23:08:00 - [MESSAGE][PASSED] - Object: 'Object Repository/addPatient/a_SELECT ONE' is clicked on

2019-04-11 23:08:00 - [TEST_STEP][PASSED] - click(findTestObject("addPatient/li_Single")): Object: 'Object Repository/addPatient/li_Single' is clicked on

2019-04-11 23:08:01 - [MESSAGE][PASSED] - Object: 'Object Repository/addPatient/li_Single' is clicked on

2019-04-11 23:08:01 - [TEST_STEP][PASSED] - click(findTestObject("addPatient/intakeEthnicity")): Object: 'Object Repository/addPatient/intakeEthnicity' is clicked on

2019-04-11 23:08:01 - [MESSAGE][PASSED] - Object: 'Object Repository/addPatient/intakeEthnicity' is clicked on

2019-04-11 23:08:01 - [TEST_STEP][PASSED] - click(findTestObject("addPatient/intakeEtnicitySelect1")): Object: 'Object Repository/addPatient/intakeEtnicitySelect1' is clicked on

2019-04-11 23:08:01 - [MESSAGE][PASSED] - Object: 'Object Repository/addPatient/intakeEtnicitySelect1' is clicked on

2019-04-11 23:08:01 - [TEST_STEP][PASSED] - delay(3): Delayed 3 second(s)

2019-04-11 23:08:04 - [MESSAGE][PASSED] - Delayed 3 second(s)

2019-04-11 23:08:04 - [TEST_STEP][PASSED] - click(findTestObject("addPatient/intakeLanguageSpoken")): Object: 'Object Repository/addPatient/intakeLanguageSpoken' is clicked on

2019-04-11 23:08:04 - [MESSAGE][PASSED] - Object: 'Object Repository/addPatient/intakeLanguageSpoken' is clicked on

2019-04-11 23:08:04 - [TEST_STEP][PASSED] - click(findTestObject("addPatient/intakeLanguageSpoken1")): Object: 'Object Repository/addPatient/intakeLanguageSpoken1' is clicked on

2019-04-11 23:08:04 - [MESSAGE][PASSED] - Object: 'Object Repository/addPatient/intakeLanguageSpoken1' is clicked on

2019-04-11 23:08:04 - [TEST_STEP][PASSED] - delay(3): Delayed 3 second(s)

2019-04-11 23:08:07 - [MESSAGE][PASSED] - Delayed 3 second(s)

2019-04-11 23:08:07 - [TEST_STEP][PASSED] - setText(findTestObject("addPatient/intakeSSN"), "865742321"): Text '865742321' is set on object 'Object Repository/addPatient/intakeSSN'

2019-04-11 23:08:08 - [MESSAGE][PASSED] - Text '865742321' is set on object 'Object Repository/addPatient/intakeSSN'

2019-04-11 23:08:08 - [TEST_STEP][PASSED] - delay(3): Delayed 3 second(s)

2019-04-11 23:08:11 - [MESSAGE][PASSED] - Delayed 3 second(s)

2019-04-11 23:08:11 - [TEST_STEP][PASSED] - setText(findTestObject("addPatient/input_Address Line 1_main_line"), "653 South Manchester Ave. "): Text '653 South Manchester Ave. ' is set on object 'Object Repository/addPatient/input_Address Line 1_main_line'

2019-04-11 23:08:12 - [MESSAGE][PASSED] - Text '653 South Manchester Ave. ' is set on object 'Object Repository/addPatient/input_Address Line 1_main_line'

2019-04-11 23:08:12 - [TEST_STEP][PASSED] - setText(findTestObject("addPatient/intakeAddress2"), "244 Wild Rose Avenue Bell Flower, CA 90706"): Text '244 Wild Rose Avenue Bell Flower, CA 90706' is set on object 'Object Repository/addPatient/intakeAddress2'

2019-04-11 23:08:14 - [MESSAGE][PASSED] - Text '244 Wild Rose Avenue Bell Flower, CA 90706' is set on object 'Object Repository/addPatient/intakeAddress2'

2019-04-11 23:08:14 - [TEST_STEP][PASSED] - setText(findTestObject("addPatient/intakeAddStreet"), "9 Bayport Dr. "): Text '9 Bayport Dr. ' is set on object 'Object Repository/addPatient/intakeAddStreet'

2019-04-11 23:08:14 - [MESSAGE][PASSED] - Text '9 Bayport Dr. ' is set on object 'Object Repository/addPatient/intakeAddStreet'

2019-04-11 23:08:14 - [TEST_STEP][PASSED] - setText(findTestObject("addPatient/intakeAddCity"), "Los Angeles"): Text 'Los Angeles' is set on object 'Object Repository/addPatient/intakeAddCity'

2019-04-11 23:08:15 - [MESSAGE][PASSED] - Text 'Los Angeles' is set on object 'Object Repository/addPatient/intakeAddCity'

2019-04-11 23:08:15 - [TEST_STEP][PASSED] - click(findTestObject("addPatient/intakeAddState")): Object: 'Object Repository/addPatient/intakeAddState' is clicked on

2019-04-11 23:08:15 - [MESSAGE][PASSED] - Object: 'Object Repository/addPatient/intakeAddState' is clicked on

2019-04-11 23:08:15 - [TEST_STEP][PASSED] - click(findTestObject("addPatient/intakeAddState1")): Object: 'Object Repository/addPatient/intakeAddState1' is clicked on

2019-04-11 23:08:15 - [MESSAGE][PASSED] - Object: 'Object Repository/addPatient/intakeAddState1' is clicked on

2019-04-11 23:08:15 - [TEST_STEP][PASSED] - delay(5): Delayed 5 second(s)

2019-04-11 23:08:20 - [MESSAGE][PASSED] - Delayed 5 second(s)

2019-04-11 23:08:20 - [TEST_STEP][PASSED] - setText(findTestObject("addPatient/intakeAddZip"), "90063"): Text '90063' is set on object 'Object Repository/addPatient/intakeAddZip'

2019-04-11 23:08:20 - [MESSAGE][PASSED] - Text '90063' is set on object 'Object Repository/addPatient/intakeAddZip'

2019-04-11 23:08:20 - [TEST_STEP][PASSED] - setText(findTestObject("addPatient/intakeAddPhone"), "3256452189"): Text '3256452189' is set on object 'Object Repository/addPatient/intakeAddPhone'

2019-04-11 23:08:21 - [MESSAGE][PASSED] - Text '3256452189' is set on object 'Object Repository/addPatient/intakeAddPhone'

2019-04-11 23:08:21 - [TEST_STEP][PASSED] - setText(findTestObject("addPatient/intakeAddPhone2"), "3259865478"): Text '3259865478' is set on object 'Object Repository/addPatient/intakeAddPhone2'

2019-04-11 23:08:22 - [MESSAGE][PASSED] - Text '3259865478' is set on object 'Object Repository/addPatient/intakeAddPhone2'

2019-04-11 23:08:22 - [TEST_STEP][PASSED] - setText(findTestObject("addPatient/intakeAddEmail"), "myemail@mailintaor.com"): Text 'myemail@mailintaor.com' is set on object 'Object Repository/addPatient/intakeAddEmail'

2019-04-11 23:08:23 - [MESSAGE][PASSED] - Text 'myemail@mailintaor.com' is set on object 'Object Repository/addPatient/intakeAddEmail'

2019-04-11 23:08:23 - [TEST_STEP][PASSED] - delay(3): Delayed 3 second(s)

2019-04-11 23:08:26 - [MESSAGE][PASSED] - Delayed 3 second(s)

2019-04-11 23:08:26 - [TEST_STEP][PASSED] - click(findTestObject("addPatient/intakeAddServiceDeliveryButton")): Object: 'Object Repository/addPatient/intakeAddServiceDeliveryButton' is clicked on

2019-04-11 23:08:26 - [MESSAGE][PASSED] - Object: 'Object Repository/addPatient/intakeAddServiceDeliveryButton' is clicked on

2019-04-11 23:08:26 - [TEST_STEP][PASSED] - delay(3): Delayed 3 second(s)

2019-04-11 23:08:29 - [MESSAGE][PASSED] - Delayed 3 second(s)

2019-04-11 23:08:29 - [TEST_STEP][PASSED] - click(findTestObject("addPatient/intakeLivingSituationArrangement")): Object: 'Object Repository/addPatient/intakeLivingSituationArrangement' is clicked on

2019-04-11 23:08:29 - [MESSAGE][PASSED] - Object: 'Object Repository/addPatient/intakeLivingSituationArrangement' is clicked on

2019-04-11 23:08:29 - [TEST_STEP][PASSED] - click(findTestObject("addPatient/intakeLivingSituationAssistance")): Object: 'Object Repository/addPatient/intakeLivingSituationAssistance' is clicked on

2019-04-11 23:08:29 - [MESSAGE][PASSED] - Object: 'Object Repository/addPatient/intakeLivingSituationAssistance' is clicked on

2019-04-11 23:08:29 - [TEST_STEP][PASSED] - setText(findTestObject("addPatient/intakeLivingSituationCaregiverName"), "Jacinto Escano"): Text 'Jacinto Escano' is set on object 'Object Repository/addPatient/intakeLivingSituationCaregiverName'

2019-04-11 23:08:30 - [MESSAGE][PASSED] - Text 'Jacinto Escano' is set on object 'Object Repository/addPatient/intakeLivingSituationCaregiverName'

2019-04-11 23:08:30 - [TEST_STEP][PASSED] - delay(3): Delayed 3 second(s)

2019-04-11 23:08:33 - [MESSAGE][PASSED] - Delayed 3 second(s)

2019-04-11 23:08:33 - [TEST_STEP][PASSED] - setText(findTestObject("addPatient/intakeEmergencyName"), "jacinti lolo"): Text 'jacinti lolo' is set on object 'Object Repository/addPatient/intakeEmergencyName'

2019-04-11 23:08:33 - [MESSAGE][PASSED] - Text 'jacinti lolo' is set on object 'Object Repository/addPatient/intakeEmergencyName'

2019-04-11 23:08:33 - [TEST_STEP][PASSED] - setText(findTestObject("addPatient/intakeEmergencyRelationship"), "grandpa"): Text 'grandpa' is set on object 'Object Repository/addPatient/intakeEmergencyRelationship'

2019-04-11 23:08:34 - [MESSAGE][PASSED] - Text 'grandpa' is set on object 'Object Repository/addPatient/intakeEmergencyRelationship'

2019-04-11 23:08:34 - [TEST_STEP][PASSED] - setText(findTestObject("addPatient/intakeEmergencyPhone1"), "6589745621"): Text '6589745621' is set on object 'Object Repository/addPatient/intakeEmergencyPhone1'

2019-04-11 23:08:34 - [MESSAGE][PASSED] - Text '6589745621' is set on object 'Object Repository/addPatient/intakeEmergencyPhone1'

2019-04-11 23:08:34 - [TEST_STEP][PASSED] - setText(findTestObject("addPatient/intakeEmergencyPhone2"), "6352489745"): Text '6352489745' is set on object 'Object Repository/addPatient/intakeEmergencyPhone2'

2019-04-11 23:08:35 - [MESSAGE][PASSED] - Text '6352489745' is set on object 'Object Repository/addPatient/intakeEmergencyPhone2'

2019-04-11 23:08:35 - [TEST_STEP][PASSED] - delay(3): Delayed 3 second(s)

2019-04-11 23:08:38 - [MESSAGE][PASSED] - Delayed 3 second(s)

2019-04-11 23:08:38 - [TEST_STEP][PASSED] - click(findTestObject("addPatient/intakePhysicianInfoAttending")): Object: 'Object Repository/addPatient/intakePhysicianInfoAttending' is clicked on

2019-04-11 23:08:38 - [MESSAGE][PASSED] - Object: 'Object Repository/addPatient/intakePhysicianInfoAttending' is clicked on

2019-04-11 23:08:38 - [TEST_STEP][PASSED] - click(findTestObject("addPatient/intakePhysicianInfoAttendingIndex2")): Object: 'Object Repository/addPatient/intakePhysicianInfoAttendingIndex2' is clicked on

2019-04-11 23:08:38 - [MESSAGE][PASSED] - Object: 'Object Repository/addPatient/intakePhysicianInfoAttendingIndex2' is clicked on

2019-04-11 23:08:38 - [TEST_STEP][PASSED] - click(findTestObject("addPatient/intakePhysicianInfoPrimary")): Object: 'Object Repository/addPatient/intakePhysicianInfoPrimary' is clicked on

2019-04-11 23:08:38 - [MESSAGE][PASSED] - Object: 'Object Repository/addPatient/intakePhysicianInfoPrimary' is clicked on

2019-04-11 23:08:38 - [TEST_STEP][PASSED] - click(findTestObject("addPatient/intakePhysicianInfoPrimaryIndex2")): Object: 'Object Repository/addPatient/intakePhysicianInfoPrimaryIndex2' is clicked on

2019-04-11 23:08:38 - [MESSAGE][PASSED] - Object: 'Object Repository/addPatient/intakePhysicianInfoPrimaryIndex2' is clicked on

2019-04-11 23:08:38 - [TEST_STEP][PASSED] - click(findTestObject("addPatient/intakePhysicianInfoOther")): Object: 'Object Repository/addPatient/intakePhysicianInfoOther' is clicked on

2019-04-11 23:08:38 - [MESSAGE][PASSED] - Object: 'Object Repository/addPatient/intakePhysicianInfoOther' is clicked on

2019-04-11 23:08:38 - [TEST_STEP][PASSED] - click(findTestObject("addPatient/intakePhysicianInfoOtherIndex2")): Object: 'Object Repository/addPatient/intakePhysicianInfoOtherIndex2' is clicked on

2019-04-11 23:08:39 - [MESSAGE][PASSED] - Object: 'Object Repository/addPatient/intakePhysicianInfoOtherIndex2' is clicked on

2019-04-11 23:08:39 - [TEST_STEP][PASSED] - delay(5): Delayed 5 second(s)

2019-04-11 23:08:44 - [MESSAGE][PASSED] - Delayed 5 second(s)

2019-04-11 23:08:44 - [TEST_STEP][PASSED] - click(findTestObject("addPatient/intakeInsuranceInfoPrimary")): Object: 'Object Repository/addPatient/intakeInsuranceInfoPrimary' is clicked on

2019-04-11 23:08:44 - [MESSAGE][PASSED] - Object: 'Object Repository/addPatient/intakeInsuranceInfoPrimary' is clicked on

2019-04-11 23:08:44 - [TEST_STEP][PASSED] - delay(3): Delayed 3 second(s)

2019-04-11 23:08:47 - [MESSAGE][PASSED] - Delayed 3 second(s)

2019-04-11 23:08:47 - [TEST_STEP][PASSED] - click(findTestObject("addPatient/intakeInsuranceInfoPrimaryMedicareTraditional")): Object: 'Object Repository/addPatient/intakeInsuranceInfoPrimaryMedicareTraditional' is clicked on

2019-04-11 23:08:47 - [MESSAGE][PASSED] - Object: 'Object Repository/addPatient/intakeInsuranceInfoPrimaryMedicareTraditional' is clicked on

2019-04-11 23:08:47 - [TEST_STEP][PASSED] - delay(3): Delayed 3 second(s)

2019-04-11 23:08:50 - [MESSAGE][PASSED] - Delayed 3 second(s)

2019-04-11 23:08:50 - [TEST_STEP][PASSED] - setText(findTestObject("addPatient/IntakeInsuranceInfoPrimaryNumber"), "524365987"): Text '524365987' is set on object 'Object Repository/addPatient/IntakeInsuranceInfoPrimaryNumber'

2019-04-11 23:08:51 - [MESSAGE][PASSED] - Text '524365987' is set on object 'Object Repository/addPatient/IntakeInsuranceInfoPrimaryNumber'

2019-04-11 23:08:51 - [TEST_STEP][PASSED] - delay(3): Delayed 3 second(s)

2019-04-11 23:08:54 - [MESSAGE][PASSED] - Delayed 3 second(s)

2019-04-11 23:08:54 - [TEST_STEP][PASSED] - click(findTestObject("addPatient/intakeInsuranceInfoSecondary")): Object: 'Object Repository/addPatient/intakeInsuranceInfoSecondary' is clicked on

2019-04-11 23:08:54 - [MESSAGE][PASSED] - Object: 'Object Repository/addPatient/intakeInsuranceInfoSecondary' is clicked on

2019-04-11 23:08:54 - [TEST_STEP][PASSED] - delay(3): Delayed 3 second(s)

2019-04-11 23:08:57 - [MESSAGE][PASSED] - Delayed 3 second(s)

2019-04-11 23:08:57 - [TEST_STEP][PASSED] - click(findTestObject("addPatient/IntakeInsuranceInfoSecondaryIndex2")): Object: 'Object Repository/addPatient/IntakeInsuranceInfoSecondaryIndex2' is clicked on

2019-04-11 23:08:57 - [MESSAGE][PASSED] - Object: 'Object Repository/addPatient/IntakeInsuranceInfoSecondaryIndex2' is clicked on

2019-04-11 23:08:57 - [TEST_STEP][PASSED] - delay(3): Delayed 3 second(s)

2019-04-11 23:09:00 - [MESSAGE][PASSED] - Delayed 3 second(s)

2019-04-11 23:09:00 - [TEST_STEP][PASSED] - setText(findTestObject("addPatient/IntakeInsuranceInfoSecondaryNumber"), "356487924"): Text '356487924' is set on object 'Object Repository/addPatient/IntakeInsuranceInfoSecondaryNumber'

2019-04-11 23:09:00 - [MESSAGE][PASSED] - Text '356487924' is set on object 'Object Repository/addPatient/IntakeInsuranceInfoSecondaryNumber'

2019-04-11 23:09:00 - [TEST_STEP][PASSED] - delay(5): Delayed 5 second(s)

2019-04-11 23:09:05 - [MESSAGE][PASSED] - Delayed 5 second(s)

2019-04-11 23:09:05 - [TEST_STEP][PASSED] - click(findTestObject("addPatient/IntakeReferralInfoTypeofAdmission")): Object: 'Object Repository/addPatient/IntakeReferralInfoTypeofAdmission' is clicked on

2019-04-11 23:09:05 - [MESSAGE][PASSED] - Object: 'Object Repository/addPatient/IntakeReferralInfoTypeofAdmission' is clicked on

2019-04-11 23:09:05 - [TEST_STEP][PASSED] - click(findTestObject("addPatient/IntakeReferralInformationTypeOfAdmissionIndex1")): Object: 'Object Repository/addPatient/IntakeReferralInformationTypeOfAdmissionIndex1' is clicked on

2019-04-11 23:09:06 - [MESSAGE][PASSED] - Object: 'Object Repository/addPatient/IntakeReferralInformationTypeOfAdmissionIndex1' is clicked on

2019-04-11 23:09:06 - [TEST_STEP][PASSED] - delay(3): Delayed 3 second(s)

2019-04-11 23:09:09 - [MESSAGE][PASSED] - Delayed 3 second(s)

2019-04-11 23:09:09 - [TEST_STEP][PASSED] - click(findTestObject("addPatient/intakeReferralInfoAdmissionSource")): Object: 'Object Repository/addPatient/intakeReferralInfoAdmissionSource' is clicked on

2019-04-11 23:09:09 - [MESSAGE][PASSED] - Object: 'Object Repository/addPatient/intakeReferralInfoAdmissionSource' is clicked on

2019-04-11 23:09:09 - [TEST_STEP][PASSED] - delay(3): Delayed 3 second(s)

2019-04-11 23:09:12 - [MESSAGE][PASSED] - Delayed 3 second(s)

2019-04-11 23:09:12 - [TEST_STEP][PASSED] - click(findTestObject("addPatient/intakeReferralInfoAdmissionSourceIndex1")): Object: 'Object Repository/addPatient/intakeReferralInfoAdmissionSourceIndex1' is clicked on

2019-04-11 23:09:12 - [MESSAGE][PASSED] - Object: 'Object Repository/addPatient/intakeReferralInfoAdmissionSourceIndex1' is clicked on

2019-04-11 23:09:12 - [TEST_STEP][PASSED] - delay(3): Delayed 3 second(s)

2019-04-11 23:09:15 - [MESSAGE][PASSED] - Delayed 3 second(s)

2019-04-11 23:09:15 - [TEST_STEP][PASSED] - click(findTestObject("addPatient/intakeReferralInfoTypeOfReferral")): Object: 'Object Repository/addPatient/intakeReferralInfoTypeOfReferral' is clicked on

2019-04-11 23:09:15 - [MESSAGE][PASSED] - Object: 'Object Repository/addPatient/intakeReferralInfoTypeOfReferral' is clicked on

2019-04-11 23:09:15 - [TEST_STEP][PASSED] - delay(3): Delayed 3 second(s)

2019-04-11 23:09:18 - [MESSAGE][PASSED] - Delayed 3 second(s)

2019-04-11 23:09:18 - [TEST_STEP][PASSED] - click(findTestObject("addPatient/intakeReferralInfoTypeOfReferrlaIndex1")): Object: 'Object Repository/addPatient/intakeReferralInfoTypeOfReferrlaIndex1' is clicked on

2019-04-11 23:09:18 - [MESSAGE][PASSED] - Object: 'Object Repository/addPatient/intakeReferralInfoTypeOfReferrlaIndex1' is clicked on

2019-04-11 23:09:18 - [TEST_STEP][PASSED] - delay(3): Delayed 3 second(s)

2019-04-11 23:09:21 - [MESSAGE][PASSED] - Delayed 3 second(s)

2019-04-11 23:09:21 - [TEST_STEP][PASSED] - click(findTestObject("addPatient/intakeReferralInfoReferralSource")): Object: 'Object Repository/addPatient/intakeReferralInfoReferralSource' is clicked on

2019-04-11 23:09:21 - [MESSAGE][PASSED] - Object: 'Object Repository/addPatient/intakeReferralInfoReferralSource' is clicked on

2019-04-11 23:09:21 - [TEST_STEP][PASSED] - delay(5): Delayed 5 second(s)

2019-04-11 23:09:26 - [MESSAGE][PASSED] - Delayed 5 second(s)

2019-04-11 23:09:26 - [TEST_STEP][PASSED] - click(findTestObject("addPatient/intakeReferralInfoReferralSourceIndex1")): Object: 'Object Repository/addPatient/intakeReferralInfoReferralSourceIndex1' is clicked on

2019-04-11 23:09:26 - [MESSAGE][PASSED] - Object: 'Object Repository/addPatient/intakeReferralInfoReferralSourceIndex1' is clicked on

2019-04-11 23:09:26 - [TEST_STEP][PASSED] - delay(5): Delayed 5 second(s)

2019-04-11 23:09:31 - [MESSAGE][PASSED] - Delayed 5 second(s)

2019-04-11 23:09:31 - [TEST_STEP][PASSED] - click(findTestObject("addPatient/intakeHospitalizationInfo")): Object: 'Object Repository/addPatient/intakeHospitalizationInfo' is clicked on

2019-04-11 23:09:31 - [MESSAGE][PASSED] - Object: 'Object Repository/addPatient/intakeHospitalizationInfo' is clicked on

2019-04-11 23:09:31 - [TEST_STEP][PASSED] - click(findTestObject("addPatient/intakeHospitalizationInfoIndex1")): Object: 'Object Repository/addPatient/intakeHospitalizationInfoIndex1' is clicked on

2019-04-11 23:09:32 - [MESSAGE][PASSED] - Object: 'Object Repository/addPatient/intakeHospitalizationInfoIndex1' is clicked on

2019-04-11 23:09:32 - [TEST_STEP][PASSED] - delay(5): Delayed 5 second(s)

2019-04-11 23:09:37 - [MESSAGE][PASSED] - Delayed 5 second(s)

2019-04-11 23:09:37 - [TEST_STEP][PASSED] - setText(findTestObject("addPatient/intakeHospitalizationInfoFacilityAdmitDate"), "12122018"): Text '12122018' is set on object 'Object Repository/addPatient/intakeHospitalizationInfoFacilityAdmitDate'

2019-04-11 23:09:37 - [MESSAGE][PASSED] - Text '12122018' is set on object 'Object Repository/addPatient/intakeHospitalizationInfoFacilityAdmitDate'

2019-04-11 23:09:37 - [TEST_STEP][PASSED] - delay(5): Delayed 5 second(s)

2019-04-11 23:09:42 - [MESSAGE][PASSED] - Delayed 5 second(s)

2019-04-11 23:09:42 - [TEST_STEP][PASSED] - setText(findTestObject("addPatient/intakeHospitalizationInfoFacilityDCdate"), "12302018"): Text '12302018' is set on object 'Object Repository/addPatient/intakeHospitalizationInfoFacilityDCdate'

2019-04-11 23:09:42 - [MESSAGE][PASSED] - Text '12302018' is set on object 'Object Repository/addPatient/intakeHospitalizationInfoFacilityDCdate'

2019-04-11 23:09:42 - [TEST_STEP][PASSED] - delay(5): Delayed 5 second(s)

2019-04-11 23:09:47 - [MESSAGE][PASSED] - Delayed 5 second(s)

2019-04-11 23:09:47 - [TEST_STEP][PASSED] - setText(findTestObject("addPatient/intakeDiagandPreAdPrimary"), "Primary Diagnosis"): Text 'Primary Diagnosis' is set on object 'Object Repository/addPatient/intakeDiagandPreAdPrimary'

2019-04-11 23:09:48 - [MESSAGE][PASSED] - Text 'Primary Diagnosis' is set on object 'Object Repository/addPatient/intakeDiagandPreAdPrimary'

2019-04-11 23:09:48 - [TEST_STEP][PASSED] - delay(5): Delayed 5 second(s)

2019-04-11 23:09:53 - [MESSAGE][PASSED] - Delayed 5 second(s)

2019-04-11 23:09:53 - [TEST_STEP][PASSED] - sendKeys(findTestObject("addPatient/intakeDiagandPreAdSecondaryDiag"), Keys.chord("diag2", ENTER)): Keys 'ENTER + diag2' sent to object: 'Object Repository/addPatient/intakeDiagandPreAdSecondaryDiag'

2019-04-11 23:09:53 - [MESSAGE][PASSED] - Keys 'ENTER + diag2' sent to object: 'Object Repository/addPatient/intakeDiagandPreAdSecondaryDiag'

2019-04-11 23:09:53 - [TEST_STEP][PASSED] - delay(5): Delayed 5 second(s)

2019-04-11 23:09:58 - [MESSAGE][PASSED] - Delayed 5 second(s)

2019-04-11 23:09:58 - [TEST_STEP][PASSED] - sendKeys(findTestObject("addPatient/intakeDiagandPreAdSecondaryDiag"), Keys.chord("diag44444", ENTER)): Keys 'ENTER + diag44444' sent to object: 'Object Repository/addPatient/intakeDiagandPreAdSecondaryDiag'

2019-04-11 23:09:59 - [MESSAGE][PASSED] - Keys 'ENTER + diag44444' sent to object: 'Object Repository/addPatient/intakeDiagandPreAdSecondaryDiag'

2019-04-11 23:09:59 - [TEST_STEP][PASSED] - delay(5): Delayed 5 second(s)

2019-04-11 23:10:04 - [MESSAGE][PASSED] - Delayed 5 second(s)

2019-04-11 23:10:04 - [TEST_STEP][PASSED] - setText(findTestObject("addPatient/intakeDiagandPreAdSurgery"), "heart surgery"): Text 'heart surgery' is set on object 'Object Repository/addPatient/intakeDiagandPreAdSurgery'

2019-04-11 23:10:05 - [MESSAGE][PASSED] - Text 'heart surgery' is set on object 'Object Repository/addPatient/intakeDiagandPreAdSurgery'

2019-04-11 23:10:05 - [TEST_STEP][PASSED] - delay(3): Delayed 3 second(s)

2019-04-11 23:10:08 - [MESSAGE][PASSED] - Delayed 3 second(s)

2019-04-11 23:10:08 - [TEST_STEP][PASSED] - sendKeys(findTestObject("addPatient/intakeDiagandPreAdAllergy"), Keys.chord("allergy1", ENTER)): Keys 'ENTER + allergy1' sent to object: 'Object Repository/addPatient/intakeDiagandPreAdAllergy'

2019-04-11 23:10:08 - [MESSAGE][PASSED] - Keys 'ENTER + allergy1' sent to object: 'Object Repository/addPatient/intakeDiagandPreAdAllergy'

2019-04-11 23:10:08 - [TEST_STEP][PASSED] - sendKeys(findTestObject("addPatient/intakeDiagandPreAdAllergy"), Keys.chord("allergy2", ENTER)): Keys 'ENTER + allergy2' sent to object: 'Object Repository/addPatient/intakeDiagandPreAdAllergy'

2019-04-11 23:10:09 - [MESSAGE][PASSED] - Keys 'ENTER + allergy2' sent to object: 'Object Repository/addPatient/intakeDiagandPreAdAllergy'

2019-04-11 23:10:09 - [TEST_STEP][PASSED] - delay(3): Delayed 3 second(s)

2019-04-11 23:10:12 - [MESSAGE][PASSED] - Delayed 3 second(s)

2019-04-11 23:10:12 - [TEST_STEP][PASSED] - setText(findTestObject("addPatient/intakeDiagandPreAdOrders"), "1w9 rn, 2w2 pt, 3w3 ot"): Text '1w9 rn, 2w2 pt, 3w3 ot' is set on object 'Object Repository/addPatient/intakeDiagandPreAdOrders'

2019-04-11 23:10:13 - [MESSAGE][PASSED] - Text '1w9 rn, 2w2 pt, 3w3 ot' is set on object 'Object Repository/addPatient/intakeDiagandPreAdOrders'

2019-04-11 23:10:13 - [TEST_STEP][PASSED] - click(findTestObject("addPatient/intakeDiagandPreAdIV")): Object: 'Object Repository/addPatient/intakeDiagandPreAdIV' is clicked on

2019-04-11 23:10:13 - [MESSAGE][PASSED] - Object: 'Object Repository/addPatient/intakeDiagandPreAdIV' is clicked on

2019-04-11 23:10:13 - [TEST_STEP][PASSED] - click(findTestObject("addPatient/intakeDiagandPreAdDME")): Object: 'Object Repository/addPatient/intakeDiagandPreAdDME' is clicked on

2019-04-11 23:10:13 - [MESSAGE][PASSED] - Object: 'Object Repository/addPatient/intakeDiagandPreAdDME' is clicked on

2019-04-11 23:10:13 - [TEST_STEP][PASSED] - delay(3): Delayed 3 second(s)

2019-04-11 23:10:16 - [MESSAGE][PASSED] - Delayed 3 second(s)

2019-04-11 23:10:16 - [TEST_STEP][PASSED] - click(findTestObject("addPatient/intakeDiagandPreAdDMEindex1")): Object: 'Object Repository/addPatient/intakeDiagandPreAdDMEindex1' is clicked on

2019-04-11 23:10:17 - [MESSAGE][PASSED] - Object: 'Object Repository/addPatient/intakeDiagandPreAdDMEindex1' is clicked on

2019-04-11 23:10:17 - [TEST_STEP][PASSED] - click(findTestObject("addPatient/intakeM0080RN")): Object: 'Object Repository/addPatient/intakeM0080RN' is clicked on

2019-04-11 23:10:17 - [MESSAGE][PASSED] - Object: 'Object Repository/addPatient/intakeM0080RN' is clicked on

2019-04-11 23:10:17 - [TEST_STEP][PASSED] - click(findTestObject("addPatient/intakeClinicalStaffRN")): Object: 'Object Repository/addPatient/intakeClinicalStaffRN' is clicked on

2019-04-11 23:10:17 - [MESSAGE][PASSED] - Object: 'Object Repository/addPatient/intakeClinicalStaffRN' is clicked on

2019-04-11 23:10:17 - [TEST_STEP][PASSED] - delay(3): Delayed 3 second(s)

2019-04-11 23:10:20 - [MESSAGE][PASSED] - Delayed 3 second(s)

2019-04-11 23:10:20 - [TEST_STEP][PASSED] - click(findTestObject("addPatient/intakeClinicalStaffRNMedisourceRN")): Object: 'Object Repository/addPatient/intakeClinicalStaffRNMedisourceRN' is clicked on

2019-04-11 23:10:20 - [MESSAGE][PASSED] - Object: 'Object Repository/addPatient/intakeClinicalStaffRNMedisourceRN' is clicked on

2019-04-11 23:10:20 - [TEST_STEP][PASSED] - delay(3): Delayed 3 second(s)

2019-04-11 23:10:23 - [MESSAGE][PASSED] - Delayed 3 second(s)

2019-04-11 23:10:23 - [TEST_STEP][PASSED] - click(findTestObject("addPatient/intakeClinicalStaffCM")): Object: 'Object Repository/addPatient/intakeClinicalStaffCM' is clicked on

2019-04-11 23:10:23 - [MESSAGE][PASSED] - Object: 'Object Repository/addPatient/intakeClinicalStaffCM' is clicked on

2019-04-11 23:10:23 - [TEST_STEP][PASSED] - delay(3): Delayed 3 second(s)

2019-04-11 23:10:26 - [MESSAGE][PASSED] - Delayed 3 second(s)

2019-04-11 23:10:26 - [TEST_STEP][PASSED] - click(findTestObject("addPatient/intakeClinicalStaffCMMedisourceCM")): Object: 'Object Repository/addPatient/intakeClinicalStaffCMMedisourceCM' is clicked on

2019-04-11 23:10:26 - [MESSAGE][PASSED] - Object: 'Object Repository/addPatient/intakeClinicalStaffCMMedisourceCM' is clicked on

2019-04-11 23:10:26 - [TEST_STEP][PASSED] - delay(3): Delayed 3 second(s)

2019-04-11 23:10:29 - [MESSAGE][PASSED] - Delayed 3 second(s)

2019-04-11 23:10:29 - [TEST_STEP][PASSED] - click(findTestObject("addPatient/button_Save")): Object: 'Object Repository/addPatient/button_Save' is clicked on

2019-04-11 23:10:30 - [MESSAGE][PASSED] - Object: 'Object Repository/addPatient/button_Save' is clicked on]]></system-out>
         <system-err><![CDATA[]]></system-err>
      </testcase>
      <testcase name="Test Cases/AdmittingPatient" classname="Test Cases/AdmittingPatient" status="PASSED">
         <system-out><![CDATA[2019-04-11 23:10:30 - [TEST_CASE][PASSED] - Test Cases/AdmittingPatient: Test Cases/AdmittingPatient

2019-04-11 23:10:30 - [TEST_STEP][PASSED] - click(findTestObject("PatientCarePage/component_Admit/admitClickSOC")): Object: 'Object Repository/PatientCarePage/component_Admit/admitClickSOC' is clicked on

2019-04-11 23:10:49 - [MESSAGE][PASSED] - Object: 'Object Repository/PatientCarePage/component_Admit/admitClickSOC' is clicked on

2019-04-11 23:10:49 - [TEST_STEP][PASSED] - delay(5): Delayed 5 second(s)

2019-04-11 23:10:54 - [MESSAGE][PASSED] - Delayed 5 second(s)

2019-04-11 23:10:54 - [TEST_STEP][PASSED] - click(findTestObject("PatientCarePage/component_Admit/admitClickSOC_ClickVisitDateCalendarIcon")): Object: 'Object Repository/PatientCarePage/component_Admit/admitClickSOC_ClickVisitDateCalendarIcon' is clicked on

2019-04-11 23:10:54 - [MESSAGE][PASSED] - Object: 'Object Repository/PatientCarePage/component_Admit/admitClickSOC_ClickVisitDateCalendarIcon' is clicked on

2019-04-11 23:10:54 - [TEST_STEP][PASSED] - delay(3): Delayed 3 second(s)

2019-04-11 23:10:57 - [MESSAGE][PASSED] - Delayed 3 second(s)

2019-04-11 23:10:57 - [TEST_STEP][PASSED] - click(findTestObject("PatientCarePage/component_Admit/admitClickSOC_SelectVisitDate")): Object: 'Object Repository/PatientCarePage/component_Admit/admitClickSOC_SelectVisitDate' is clicked on

2019-04-11 23:10:57 - [MESSAGE][PASSED] - Object: 'Object Repository/PatientCarePage/component_Admit/admitClickSOC_SelectVisitDate' is clicked on

2019-04-11 23:10:57 - [TEST_STEP][PASSED] - setText(findTestObject("PatientCarePage/component_Admit/admitClickSOC_timeIn"), "1111"): Text '1111' is set on object 'Object Repository/PatientCarePage/component_Admit/admitClickSOC_timeIn'

2019-04-11 23:10:57 - [MESSAGE][PASSED] - Text '1111' is set on object 'Object Repository/PatientCarePage/component_Admit/admitClickSOC_timeIn'

2019-04-11 23:10:57 - [TEST_STEP][PASSED] - click(findTestObject("PatientCarePage/component_Admit/admitClickSOC_Save")): Object: 'Object Repository/PatientCarePage/component_Admit/admitClickSOC_Save' is clicked on

2019-04-11 23:10:57 - [MESSAGE][PASSED] - Object: 'Object Repository/PatientCarePage/component_Admit/admitClickSOC_Save' is clicked on

2019-04-11 23:10:57 - [TEST_STEP][PASSED] - delay(10): Delayed 10 second(s)

2019-04-11 23:11:07 - [MESSAGE][PASSED] - Delayed 10 second(s)]]></system-out>
         <system-err><![CDATA[]]></system-err>
      </testcase>
      <system-out><![CDATA[2019-04-11 23:07:21 - [TEST_SUITE][PASSED] - IntaketoAdmit: Test Cases/AdmittingPatient]]></system-out>
      <system-err><![CDATA[]]></system-err>
   </testsuite>
</testsuites>
