<?xml version="1.0" encoding="UTF-8"?>
<testsuites name="Elimination" time="31" tests="2" failures="0" errors="0">
   <testsuite name="Elimination" tests="2" failures="0" errors="0" time="31" timestamp="2019-04-23 13:11:25" hostname="Khenard Figuracion - 192.168.2.15" id="Test Suites/OASIS/Elimination">
      <properties>
         <property name="deviceName" value=""/>
         <property name="devicePlatform" value=""/>
         <property name="logFolder" value="C:\\Users\\Khenard Figuracion\\git\\healthcareProject\\Reports\\OASIS\\Elimination\\20190423_131123"/>
         <property name="logFiles" value="C:\\Users\\Khenard Figuracion\\git\\healthcareProject\\Reports\\OASIS\\Elimination\\20190423_131123\\execution0.log"/>
         <property name="attachments" value=""/>
         <property name="hostName" value="Khenard Figuracion - 192.168.2.15"/>
         <property name="os" value="Windows 10 64bit"/>
         <property name="katalonVersion" value="6.1.1.1"/>
         <property name="browser" value="Chrome 73.0.3683.103"/>
         <property name="hostAddress" value="192.168.2.15"/>
         <property name="sessionId" value="b9b7ef585115fc5d10febfe30b7e178b"/>
         <property name="seleniumVersion" value="3.7.1"/>
         <property name="proxyInformation" value="ProxyInformation{proxyOption=NO_PROXY, proxyServerType=HTTP, password=, proxyServerAddress=, proxyServerPort=0}"/>
         <property name="platform" value="Windows 10"/>
      </properties>
      <testcase name="Test Cases/navigate_patient_soc" classname="Test Cases/navigate_patient_soc" status="PASSED">
         <system-out><![CDATA[2019-04-23 13:11:25 - [TEST_CASE][PASSED] - Test Cases/navigate_patient_soc: Test Cases/navigate_patient_soc

2019-04-23 13:11:26 - [TEST_STEP][PASSED] - openBrowser(""): Browser is opened with url: ''

2019-04-23 13:11:26 - [MESSAGE][INFO] - Starting 'Chrome' driver

2019-04-23 13:11:26 - [MESSAGE][INFO] - Action delay is set to 0 seconds

2019-04-23 13:11:31 - [MESSAGE][PASSED] - Browser is opened with url: ''

2019-04-23 13:11:31 - [TEST_STEP][PASSED] - navigateToUrl("https://qa.medisource.com"): Navigate to 'https://qa.medisource.com' successfully

2019-04-23 13:11:34 - [MESSAGE][PASSED] - Navigate to 'https://qa.medisource.com' successfully

2019-04-23 13:11:34 - [TEST_STEP][PASSED] - setText(findTestObject("Page_Medisource  Login/input_Please try afterminutes"), "superagent"): Text 'superagent' is set on object 'Object Repository/Page_Medisource  Login/input_Please try afterminutes'

2019-04-23 13:11:36 - [MESSAGE][PASSED] - Text 'superagent' is set on object 'Object Repository/Page_Medisource  Login/input_Please try afterminutes'

2019-04-23 13:11:36 - [TEST_STEP][PASSED] - setEncryptedText(findTestObject("Page_Medisource  Login/input_Username or email requir"), "SITHpLWAWtI8C4F8RIujvA=="): Text ****** has been set on object 'Object Repository/Page_Medisource  Login/input_Username or email requir'

2019-04-23 13:11:36 - [MESSAGE][PASSED] - Text ****** has been set on object 'Object Repository/Page_Medisource  Login/input_Username or email requir'

2019-04-23 13:11:36 - [TEST_STEP][PASSED] - click(findTestObject("Page_Medisource  Login/button_Login")): Object: 'Object Repository/Page_Medisource  Login/button_Login' is clicked on

2019-04-23 13:11:36 - [MESSAGE][PASSED] - Object: 'Object Repository/Page_Medisource  Login/button_Login' is clicked on

2019-04-23 13:11:36 - [TEST_STEP][PASSED] - delay(3): Delayed 3 second(s)

2019-04-23 13:11:39 - [MESSAGE][PASSED] - Delayed 3 second(s)

2019-04-23 13:11:39 - [TEST_STEP][PASSED] - navigateToUrl("https://qa.medisource.com/patients/all"): Navigate to 'https://qa.medisource.com/patients/all' successfully

2019-04-23 13:11:40 - [MESSAGE][PASSED] - Navigate to 'https://qa.medisource.com/patients/all' successfully

2019-04-23 13:11:40 - [TEST_STEP][PASSED] - delay(2): Delayed 2 second(s)

2019-04-23 13:11:42 - [MESSAGE][PASSED] - Delayed 2 second(s)

2019-04-23 13:11:42 - [TEST_STEP][PASSED] - navigateToUrl("https://qa.medisource.com/patientcare/638B92A0-A489-410B-8056-906FE598F197/9F6A772C-C308-499E-BA52-A7BF3652D416/overview"): Navigate to 'https://qa.medisource.com/patientcare/638B92A0-A489-410B-8056-906FE598F197/9F6A772C-C308-499E-BA52-A7BF3652D416/overview' successfully

2019-04-23 13:11:43 - [MESSAGE][PASSED] - Navigate to 'https://qa.medisource.com/patientcare/638B92A0-A489-410B-8056-906FE598F197/9F6A772C-C308-499E-BA52-A7BF3652D416/overview' successfully

2019-04-23 13:11:43 - [TEST_STEP][PASSED] - delay(2): Delayed 2 second(s)

2019-04-23 13:11:45 - [MESSAGE][PASSED] - Delayed 2 second(s)

2019-04-23 13:11:45 - [TEST_STEP][PASSED] - navigateToUrl("https://qa.medisource.com/patientcare/638B92A0-A489-410B-8056-906FE598F197/9F6A772C-C308-499E-BA52-A7BF3652D416/2019/oasis/clinical/soc/9405B47D-64F0-4CF9-A5FA-25C79AC5A572/638B92A0-A489-410B-8056-906FE598F197"): Navigate to 'https://qa.medisource.com/patientcare/638B92A0-A489-410B-8056-906FE598F197/9F6A772C-C308-499E-BA52-A7BF3652D416/2019/oasis/clinical/soc/9405B47D-64F0-4CF9-A5FA-25C79AC5A572/638B92A0-A489-410B-8056-906FE598F197' successfully

2019-04-23 13:11:45 - [MESSAGE][PASSED] - Navigate to 'https://qa.medisource.com/patientcare/638B92A0-A489-410B-8056-906FE598F197/9F6A772C-C308-499E-BA52-A7BF3652D416/2019/oasis/clinical/soc/9405B47D-64F0-4CF9-A5FA-25C79AC5A572/638B92A0-A489-410B-8056-906FE598F197' successfully

2019-04-23 13:11:45 - [TEST_STEP][PASSED] - delay(5): Delayed 5 second(s)

2019-04-23 13:11:50 - [MESSAGE][PASSED] - Delayed 5 second(s)]]></system-out>
         <system-err><![CDATA[]]></system-err>
      </testcase>
      <testcase name="Test Cases/OASIS_SOC/Elimination" classname="Test Cases/OASIS_SOC/Elimination" status="PASSED">
         <system-out><![CDATA[2019-04-23 13:11:50 - [TEST_CASE][PASSED] - Test Cases/OASIS_SOC/Elimination: Test Cases/OASIS_SOC/Elimination

2019-04-23 13:11:51 - [TEST_STEP][PASSED] - click(findTestObject("OASIS/OASIS_TABS/Elimination_tab")): Object: 'Object Repository/OASIS/OASIS_TABS/Elimination_tab' is clicked on

2019-04-23 13:11:51 - [MESSAGE][PASSED] - Object: 'Object Repository/OASIS/OASIS_TABS/Elimination_tab' is clicked on

2019-04-23 13:11:51 - [TEST_STEP][PASSED] - click(findTestObject("OASIS/Elimination/elim_genitourinary_status/elim_abnormal_status_incontinence"), STOP_ON_FAILURE): Object: 'Object Repository/OASIS/Elimination/elim_genitourinary_status/elim_abnormal_status_incontinence' is clicked on

2019-04-23 13:11:55 - [MESSAGE][PASSED] - Object: 'Object Repository/OASIS/Elimination/elim_genitourinary_status/elim_abnormal_status_incontinence' is clicked on

2019-04-23 13:11:55 - [TEST_STEP][PASSED] - click(findTestObject("OASIS/Elimination/elim_genitourinary_status/elim_abnormal_status_stress_incontinence")): Object: 'Object Repository/OASIS/Elimination/elim_genitourinary_status/elim_abnormal_status_stress_incontinence' is clicked on

2019-04-23 13:11:56 - [MESSAGE][PASSED] - Object: 'Object Repository/OASIS/Elimination/elim_genitourinary_status/elim_abnormal_status_stress_incontinence' is clicked on]]></system-out>
         <system-err><![CDATA[]]></system-err>
      </testcase>
      <system-out><![CDATA[2019-04-23 13:11:25 - [TEST_SUITE][PASSED] - Elimination: Test Cases/OASIS_SOC/Elimination]]></system-out>
      <system-err><![CDATA[]]></system-err>
   </testsuite>
</testsuites>
