<?xml version="1.0" encoding="UTF-8"?>
<testsuites name="ADLs-IADLs" time="33" tests="3" failures="0" errors="0">
   <testsuite name="ADLs-IADLs" tests="3" failures="0" errors="0" time="33" timestamp="2019-04-24 16:35:48" hostname="Khenard Figuracion - 192.168.2.15" id="Test Suites/OASIS/ADLs-IADLs">
      <properties>
         <property name="deviceName" value=""/>
         <property name="devicePlatform" value=""/>
         <property name="logFolder" value="C:\\Users\\Khenard Figuracion\\git\\healthcareProject\\Reports\\OASIS\\ADLs-IADLs\\20190424_163546"/>
         <property name="logFiles" value="C:\\Users\\Khenard Figuracion\\git\\healthcareProject\\Reports\\OASIS\\ADLs-IADLs\\20190424_163546\\execution0.log"/>
         <property name="attachments" value=""/>
         <property name="hostName" value="Khenard Figuracion - 192.168.2.15"/>
         <property name="os" value="Windows 10 64bit"/>
         <property name="katalonVersion" value="6.1.1.1"/>
         <property name="browser" value="Chrome 73.0.3683.103"/>
         <property name="hostAddress" value="192.168.2.15"/>
         <property name="sessionId" value="b8ed687714d2575083f7fb6b00b3237a"/>
         <property name="seleniumVersion" value="3.7.1"/>
         <property name="proxyInformation" value="ProxyInformation{proxyOption=NO_PROXY, proxyServerType=HTTP, password=, proxyServerAddress=, proxyServerPort=0}"/>
         <property name="platform" value="Windows 10"/>
      </properties>
      <testcase name="Test Cases/login" classname="Test Cases/login" status="PASSED">
         <system-out><![CDATA[2019-04-24 16:35:48 - [TEST_CASE][PASSED] - Test Cases/login: Test Cases/login

2019-04-24 16:35:49 - [TEST_STEP][PASSED] - openBrowser(""): Browser is opened with url: ''

2019-04-24 16:35:49 - [MESSAGE][INFO] - Starting 'Chrome' driver

2019-04-24 16:35:49 - [MESSAGE][INFO] - Action delay is set to 0 seconds

2019-04-24 16:35:52 - [MESSAGE][PASSED] - Browser is opened with url: ''

2019-04-24 16:35:52 - [TEST_STEP][PASSED] - navigateToUrl("https://qa.medisource.com/login"): Navigate to 'https://qa.medisource.com/login' successfully

2019-04-24 16:35:54 - [MESSAGE][PASSED] - Navigate to 'https://qa.medisource.com/login' successfully

2019-04-24 16:35:54 - [TEST_STEP][PASSED] - delay(3): Delayed 3 second(s)

2019-04-24 16:35:57 - [MESSAGE][PASSED] - Delayed 3 second(s)

2019-04-24 16:35:57 - [TEST_STEP][PASSED] - setText(findTestObject("Object Repository/addUser/Page_Medisource  Login/input_Please try afterminutes."), "superagent"): Text 'superagent' is set on object 'Object Repository/addUser/Page_Medisource  Login/input_Please try afterminutes.'

2019-04-24 16:35:57 - [MESSAGE][PASSED] - Text 'superagent' is set on object 'Object Repository/addUser/Page_Medisource  Login/input_Please try afterminutes.'

2019-04-24 16:35:57 - [TEST_STEP][PASSED] - delay(3): Delayed 3 second(s)

2019-04-24 16:36:00 - [MESSAGE][PASSED] - Delayed 3 second(s)

2019-04-24 16:36:00 - [TEST_STEP][PASSED] - setEncryptedText(findTestObject("Object Repository/addUser/Page_Medisource  Login/input_Username or email requir"), "SITHpLWAWtI8C4F8RIujvA=="): Text ****** has been set on object 'Object Repository/addUser/Page_Medisource  Login/input_Username or email requir'

2019-04-24 16:36:01 - [MESSAGE][PASSED] - Text ****** has been set on object 'Object Repository/addUser/Page_Medisource  Login/input_Username or email requir'

2019-04-24 16:36:01 - [TEST_STEP][PASSED] - delay(3): Delayed 3 second(s)

2019-04-24 16:36:04 - [MESSAGE][PASSED] - Delayed 3 second(s)

2019-04-24 16:36:04 - [TEST_STEP][PASSED] - click(findTestObject("Object Repository/addUser/Page_Medisource  Login/button_Login")): Object: 'Object Repository/addUser/Page_Medisource  Login/button_Login' is clicked on

2019-04-24 16:36:04 - [MESSAGE][PASSED] - Object: 'Object Repository/addUser/Page_Medisource  Login/button_Login' is clicked on

2019-04-24 16:36:04 - [TEST_STEP][PASSED] - delay(3): Delayed 3 second(s)

2019-04-24 16:36:07 - [MESSAGE][PASSED] - Delayed 3 second(s)]]></system-out>
         <system-err><![CDATA[]]></system-err>
      </testcase>
      <testcase name="Test Cases/navigate_patient_soc_ken" classname="Test Cases/navigate_patient_soc_ken" status="PASSED">
         <system-out><![CDATA[2019-04-24 16:36:07 - [TEST_CASE][PASSED] - Test Cases/navigate_patient_soc_ken: Test Cases/navigate_patient_soc_ken

2019-04-24 16:36:07 - [TEST_STEP][PASSED] - delay(2): Delayed 2 second(s)

2019-04-24 16:36:09 - [MESSAGE][PASSED] - Delayed 2 second(s)

2019-04-24 16:36:09 - [TEST_STEP][PASSED] - navigateToUrl("https://qa.medisource.com/patients/all"): Navigate to 'https://qa.medisource.com/patients/all' successfully

2019-04-24 16:36:10 - [MESSAGE][PASSED] - Navigate to 'https://qa.medisource.com/patients/all' successfully

2019-04-24 16:36:10 - [TEST_STEP][PASSED] - delay(1): Delayed 1 second(s)

2019-04-24 16:36:11 - [MESSAGE][PASSED] - Delayed 1 second(s)

2019-04-24 16:36:11 - [TEST_STEP][PASSED] - navigateToUrl("https://qa.medisource.com/patientcare/638B92A0-A489-410B-8056-906FE598F197/9F6A772C-C308-499E-BA52-A7BF3652D416/overview"): Navigate to 'https://qa.medisource.com/patientcare/638B92A0-A489-410B-8056-906FE598F197/9F6A772C-C308-499E-BA52-A7BF3652D416/overview' successfully

2019-04-24 16:36:11 - [MESSAGE][PASSED] - Navigate to 'https://qa.medisource.com/patientcare/638B92A0-A489-410B-8056-906FE598F197/9F6A772C-C308-499E-BA52-A7BF3652D416/overview' successfully

2019-04-24 16:36:11 - [TEST_STEP][PASSED] - delay(1): Delayed 1 second(s)

2019-04-24 16:36:12 - [MESSAGE][PASSED] - Delayed 1 second(s)

2019-04-24 16:36:12 - [TEST_STEP][PASSED] - navigateToUrl("https://qa.medisource.com/patientcare/638B92A0-A489-410B-8056-906FE598F197/9F6A772C-C308-499E-BA52-A7BF3652D416/2019/oasis/clinical/soc/9405B47D-64F0-4CF9-A5FA-25C79AC5A572/638B92A0-A489-410B-8056-906FE598F197"): Navigate to 'https://qa.medisource.com/patientcare/638B92A0-A489-410B-8056-906FE598F197/9F6A772C-C308-499E-BA52-A7BF3652D416/2019/oasis/clinical/soc/9405B47D-64F0-4CF9-A5FA-25C79AC5A572/638B92A0-A489-410B-8056-906FE598F197' successfully

2019-04-24 16:36:13 - [MESSAGE][PASSED] - Navigate to 'https://qa.medisource.com/patientcare/638B92A0-A489-410B-8056-906FE598F197/9F6A772C-C308-499E-BA52-A7BF3652D416/2019/oasis/clinical/soc/9405B47D-64F0-4CF9-A5FA-25C79AC5A572/638B92A0-A489-410B-8056-906FE598F197' successfully

2019-04-24 16:36:13 - [TEST_STEP][PASSED] - delay(1): Delayed 1 second(s)

2019-04-24 16:36:14 - [MESSAGE][PASSED] - Delayed 1 second(s)]]></system-out>
         <system-err><![CDATA[]]></system-err>
      </testcase>
      <testcase name="Test Cases/OASIS_SOC/ADLs" classname="Test Cases/OASIS_SOC/ADLs" status="PASSED">
         <system-out><![CDATA[2019-04-24 16:36:14 - [TEST_CASE][PASSED] - Test Cases/OASIS_SOC/ADLs: Test Cases/OASIS_SOC/ADLs

2019-04-24 16:36:14 - [TEST_STEP][PASSED] - click(findTestObject("OASIS/OASIS_TABS/xitemedits_btn")): Object: 'Object Repository/OASIS/OASIS_TABS/xitemedits_btn' is clicked on

2019-04-24 16:36:16 - [MESSAGE][PASSED] - Object: 'Object Repository/OASIS/OASIS_TABS/xitemedits_btn' is clicked on

2019-04-24 16:36:16 - [TEST_STEP][PASSED] - click(findTestObject("OASIS/OASIS_TABS/ADL_tab")): Object: 'Object Repository/OASIS/OASIS_TABS/ADL_tab' is clicked on

2019-04-24 16:36:16 - [MESSAGE][PASSED] - Object: 'Object Repository/OASIS/OASIS_TABS/ADL_tab' is clicked on

2019-04-24 16:36:16 - [TEST_STEP][PASSED] - delay(5): Delayed 5 second(s)

2019-04-24 16:36:21 - [MESSAGE][PASSED] - Delayed 5 second(s)]]></system-out>
         <system-err><![CDATA[]]></system-err>
      </testcase>
      <system-out><![CDATA[2019-04-24 16:35:48 - [TEST_SUITE][PASSED] - ADLs-IADLs: Test Cases/OASIS_SOC/ADLs]]></system-out>
      <system-err><![CDATA[]]></system-err>
   </testsuite>
</testsuites>
