<?xml version="1.0" encoding="UTF-8"?>
<testsuites name="Elimination" time="87" tests="2" failures="0" errors="0">
   <testsuite name="Elimination" tests="2" failures="0" errors="0" time="87" timestamp="2019-04-23 15:37:41" hostname="Khenard Figuracion - 192.168.2.15" id="Test Suites/OASIS/Elimination">
      <properties>
         <property name="deviceName" value=""/>
         <property name="devicePlatform" value=""/>
         <property name="logFolder" value="C:\\Users\\Khenard Figuracion\\git\\healthcareProject\\Reports\\OASIS\\Elimination\\20190423_153739"/>
         <property name="logFiles" value="C:\\Users\\Khenard Figuracion\\git\\healthcareProject\\Reports\\OASIS\\Elimination\\20190423_153739\\execution0.log"/>
         <property name="attachments" value=""/>
         <property name="hostName" value="Khenard Figuracion - 192.168.2.15"/>
         <property name="os" value="Windows 10 64bit"/>
         <property name="katalonVersion" value="6.1.1.1"/>
         <property name="browser" value="Chrome 73.0.3683.103"/>
         <property name="hostAddress" value="192.168.2.15"/>
         <property name="sessionId" value="674445131a12f14543bb886b2ac97ab8"/>
         <property name="seleniumVersion" value="3.7.1"/>
         <property name="proxyInformation" value="ProxyInformation{proxyOption=NO_PROXY, proxyServerType=HTTP, password=, proxyServerAddress=, proxyServerPort=0}"/>
         <property name="platform" value="Windows 10"/>
      </properties>
      <testcase name="Test Cases/navigate_patient_soc" classname="Test Cases/navigate_patient_soc" status="PASSED">
         <system-out><![CDATA[2019-04-23 15:37:41 - [TEST_CASE][PASSED] - Test Cases/navigate_patient_soc: Test Cases/navigate_patient_soc

2019-04-23 15:37:41 - [TEST_STEP][PASSED] - openBrowser(""): Browser is opened with url: ''

2019-04-23 15:37:41 - [MESSAGE][INFO] - Starting 'Chrome' driver

2019-04-23 15:37:41 - [MESSAGE][INFO] - Action delay is set to 0 seconds

2019-04-23 15:37:44 - [MESSAGE][PASSED] - Browser is opened with url: ''

2019-04-23 15:37:44 - [TEST_STEP][PASSED] - navigateToUrl("https://qa.medisource.com"): Navigate to 'https://qa.medisource.com' successfully

2019-04-23 15:37:47 - [MESSAGE][PASSED] - Navigate to 'https://qa.medisource.com' successfully

2019-04-23 15:37:47 - [TEST_STEP][PASSED] - setText(findTestObject("Page_Medisource  Login/input_Please try afterminutes"), "superagent"): Text 'superagent' is set on object 'Object Repository/Page_Medisource  Login/input_Please try afterminutes'

2019-04-23 15:37:49 - [MESSAGE][PASSED] - Text 'superagent' is set on object 'Object Repository/Page_Medisource  Login/input_Please try afterminutes'

2019-04-23 15:37:49 - [TEST_STEP][PASSED] - delay(3): Delayed 3 second(s)

2019-04-23 15:37:52 - [MESSAGE][PASSED] - Delayed 3 second(s)

2019-04-23 15:37:52 - [TEST_STEP][PASSED] - setEncryptedText(findTestObject("Page_Medisource  Login/input_Username or email requir"), "SITHpLWAWtI8C4F8RIujvA=="): Text ****** has been set on object 'Object Repository/Page_Medisource  Login/input_Username or email requir'

2019-04-23 15:37:52 - [MESSAGE][PASSED] - Text ****** has been set on object 'Object Repository/Page_Medisource  Login/input_Username or email requir'

2019-04-23 15:37:52 - [TEST_STEP][PASSED] - delay(3): Delayed 3 second(s)

2019-04-23 15:37:55 - [MESSAGE][PASSED] - Delayed 3 second(s)

2019-04-23 15:37:55 - [TEST_STEP][PASSED] - click(findTestObject("Page_Medisource  Login/button_Login")): Object: 'Object Repository/Page_Medisource  Login/button_Login' is clicked on

2019-04-23 15:37:55 - [MESSAGE][PASSED] - Object: 'Object Repository/Page_Medisource  Login/button_Login' is clicked on

2019-04-23 15:37:55 - [TEST_STEP][PASSED] - delay(2): Delayed 2 second(s)

2019-04-23 15:37:57 - [MESSAGE][PASSED] - Delayed 2 second(s)

2019-04-23 15:37:57 - [TEST_STEP][PASSED] - navigateToUrl("https://qa.medisource.com/patients/all"): Navigate to 'https://qa.medisource.com/patients/all' successfully

2019-04-23 15:37:58 - [MESSAGE][PASSED] - Navigate to 'https://qa.medisource.com/patients/all' successfully

2019-04-23 15:37:58 - [TEST_STEP][PASSED] - delay(3): Delayed 3 second(s)

2019-04-23 15:38:01 - [MESSAGE][PASSED] - Delayed 3 second(s)

2019-04-23 15:38:01 - [TEST_STEP][PASSED] - navigateToUrl("https://qa.medisource.com/patientcare/638B92A0-A489-410B-8056-906FE598F197/9F6A772C-C308-499E-BA52-A7BF3652D416/overview"): Navigate to 'https://qa.medisource.com/patientcare/638B92A0-A489-410B-8056-906FE598F197/9F6A772C-C308-499E-BA52-A7BF3652D416/overview' successfully

2019-04-23 15:38:01 - [MESSAGE][PASSED] - Navigate to 'https://qa.medisource.com/patientcare/638B92A0-A489-410B-8056-906FE598F197/9F6A772C-C308-499E-BA52-A7BF3652D416/overview' successfully

2019-04-23 15:38:01 - [TEST_STEP][PASSED] - delay(3): Delayed 3 second(s)

2019-04-23 15:38:04 - [MESSAGE][PASSED] - Delayed 3 second(s)

2019-04-23 15:38:04 - [TEST_STEP][PASSED] - navigateToUrl("https://qa.medisource.com/patientcare/638B92A0-A489-410B-8056-906FE598F197/9F6A772C-C308-499E-BA52-A7BF3652D416/2019/oasis/clinical/soc/9405B47D-64F0-4CF9-A5FA-25C79AC5A572/638B92A0-A489-410B-8056-906FE598F197"): Navigate to 'https://qa.medisource.com/patientcare/638B92A0-A489-410B-8056-906FE598F197/9F6A772C-C308-499E-BA52-A7BF3652D416/2019/oasis/clinical/soc/9405B47D-64F0-4CF9-A5FA-25C79AC5A572/638B92A0-A489-410B-8056-906FE598F197' successfully

2019-04-23 15:38:05 - [MESSAGE][PASSED] - Navigate to 'https://qa.medisource.com/patientcare/638B92A0-A489-410B-8056-906FE598F197/9F6A772C-C308-499E-BA52-A7BF3652D416/2019/oasis/clinical/soc/9405B47D-64F0-4CF9-A5FA-25C79AC5A572/638B92A0-A489-410B-8056-906FE598F197' successfully

2019-04-23 15:38:05 - [TEST_STEP][PASSED] - delay(3): Delayed 3 second(s)

2019-04-23 15:38:08 - [MESSAGE][PASSED] - Delayed 3 second(s)]]></system-out>
         <system-err><![CDATA[]]></system-err>
      </testcase>
      <testcase name="Test Cases/OASIS_SOC/Elimination" classname="Test Cases/OASIS_SOC/Elimination" status="PASSED">
         <system-out><![CDATA[2019-04-23 15:38:08 - [TEST_CASE][PASSED] - Test Cases/OASIS_SOC/Elimination: Test Cases/OASIS_SOC/Elimination

2019-04-23 15:38:08 - [TEST_STEP][PASSED] - click(findTestObject("OASIS/OASIS_TABS/xitemedits_btn")): Object: 'Object Repository/OASIS/OASIS_TABS/xitemedits_btn' is clicked on

2019-04-23 15:38:08 - [MESSAGE][PASSED] - Object: 'Object Repository/OASIS/OASIS_TABS/xitemedits_btn' is clicked on

2019-04-23 15:38:08 - [TEST_STEP][PASSED] - delay(1): Delayed 1 second(s)

2019-04-23 15:38:09 - [MESSAGE][PASSED] - Delayed 1 second(s)

2019-04-23 15:38:09 - [TEST_STEP][PASSED] - click(findTestObject("OASIS/OASIS_TABS/Elimination_tab")): Object: 'Object Repository/OASIS/OASIS_TABS/Elimination_tab' is clicked on

2019-04-23 15:38:09 - [MESSAGE][PASSED] - Object: 'Object Repository/OASIS/OASIS_TABS/Elimination_tab' is clicked on

2019-04-23 15:38:09 - [TEST_STEP][PASSED] - delay(1): Delayed 1 second(s)

2019-04-23 15:38:10 - [MESSAGE][PASSED] - Delayed 1 second(s)

2019-04-23 15:38:10 - [TEST_STEP][PASSED] - click(findTestObject("OASIS/Elimination/elim_genitourinary_status/elim_abnormal_status_incontinence"), STOP_ON_FAILURE): Object: 'Object Repository/OASIS/Elimination/elim_genitourinary_status/elim_abnormal_status_incontinence' is clicked on

2019-04-23 15:38:13 - [MESSAGE][PASSED] - Object: 'Object Repository/OASIS/Elimination/elim_genitourinary_status/elim_abnormal_status_incontinence' is clicked on

2019-04-23 15:38:13 - [TEST_STEP][PASSED] - delay(1): Delayed 1 second(s)

2019-04-23 15:38:14 - [MESSAGE][PASSED] - Delayed 1 second(s)

2019-04-23 15:38:14 - [TEST_STEP][PASSED] - click(findTestObject("OASIS/Elimination/elim_genitourinary_status/elim_abnormal_status_stress_incontinence"), STOP_ON_FAILURE): Object: 'Object Repository/OASIS/Elimination/elim_genitourinary_status/elim_abnormal_status_stress_incontinence' is clicked on

2019-04-23 15:38:14 - [MESSAGE][PASSED] - Object: 'Object Repository/OASIS/Elimination/elim_genitourinary_status/elim_abnormal_status_stress_incontinence' is clicked on

2019-04-23 15:38:14 - [TEST_STEP][PASSED] - delay(1): Delayed 1 second(s)

2019-04-23 15:38:15 - [MESSAGE][PASSED] - Delayed 1 second(s)

2019-04-23 15:38:15 - [TEST_STEP][PASSED] - click(findTestObject("OASIS/Elimination/elim_genitourinary_status/elim_abnormal_status_urgency"), STOP_ON_FAILURE): Object: 'Object Repository/OASIS/Elimination/elim_genitourinary_status/elim_abnormal_status_urgency' is clicked on

2019-04-23 15:38:15 - [MESSAGE][PASSED] - Object: 'Object Repository/OASIS/Elimination/elim_genitourinary_status/elim_abnormal_status_urgency' is clicked on

2019-04-23 15:38:15 - [TEST_STEP][PASSED] - delay(1): Delayed 1 second(s)

2019-04-23 15:38:16 - [MESSAGE][PASSED] - Delayed 1 second(s)

2019-04-23 15:38:16 - [TEST_STEP][PASSED] - click(findTestObject("OASIS/Elimination/elim_genitourinary_status/elim_abnormal_status_frequency"), STOP_ON_FAILURE): Object: 'Object Repository/OASIS/Elimination/elim_genitourinary_status/elim_abnormal_status_frequency' is clicked on

2019-04-23 15:38:16 - [MESSAGE][PASSED] - Object: 'Object Repository/OASIS/Elimination/elim_genitourinary_status/elim_abnormal_status_frequency' is clicked on

2019-04-23 15:38:16 - [TEST_STEP][PASSED] - delay(1): Delayed 1 second(s)

2019-04-23 15:38:17 - [MESSAGE][PASSED] - Delayed 1 second(s)

2019-04-23 15:38:17 - [TEST_STEP][PASSED] - click(findTestObject("OASIS/Elimination/elim_genitourinary_status/elim_abnormal_status_dysuria"), STOP_ON_FAILURE): Object: 'Object Repository/OASIS/Elimination/elim_genitourinary_status/elim_abnormal_status_dysuria' is clicked on

2019-04-23 15:38:17 - [MESSAGE][PASSED] - Object: 'Object Repository/OASIS/Elimination/elim_genitourinary_status/elim_abnormal_status_dysuria' is clicked on

2019-04-23 15:38:17 - [TEST_STEP][PASSED] - delay(1): Delayed 1 second(s)

2019-04-23 15:38:18 - [MESSAGE][PASSED] - Delayed 1 second(s)

2019-04-23 15:38:18 - [TEST_STEP][PASSED] - click(findTestObject("OASIS/Elimination/elim_genitourinary_status/elim_abnormal_status_retention"), STOP_ON_FAILURE): Object: 'Object Repository/OASIS/Elimination/elim_genitourinary_status/elim_abnormal_status_retention' is clicked on

2019-04-23 15:38:18 - [MESSAGE][PASSED] - Object: 'Object Repository/OASIS/Elimination/elim_genitourinary_status/elim_abnormal_status_retention' is clicked on

2019-04-23 15:38:18 - [TEST_STEP][PASSED] - delay(1): Delayed 1 second(s)

2019-04-23 15:38:19 - [MESSAGE][PASSED] - Delayed 1 second(s)

2019-04-23 15:38:19 - [TEST_STEP][PASSED] - click(findTestObject("OASIS/Elimination/elim_genitourinary_status/elim_abnormal_status_polyuria"), STOP_ON_FAILURE): Object: 'Object Repository/OASIS/Elimination/elim_genitourinary_status/elim_abnormal_status_polyuria' is clicked on

2019-04-23 15:38:20 - [MESSAGE][PASSED] - Object: 'Object Repository/OASIS/Elimination/elim_genitourinary_status/elim_abnormal_status_polyuria' is clicked on

2019-04-23 15:38:20 - [TEST_STEP][PASSED] - delay(1): Delayed 1 second(s)

2019-04-23 15:38:21 - [MESSAGE][PASSED] - Delayed 1 second(s)

2019-04-23 15:38:21 - [TEST_STEP][PASSED] - click(findTestObject("OASIS/Elimination/elim_genitourinary_status/elim_abnormal_status_nocturia")): Object: 'Object Repository/OASIS/Elimination/elim_genitourinary_status/elim_abnormal_status_nocturia' is clicked on

2019-04-23 15:38:21 - [MESSAGE][PASSED] - Object: 'Object Repository/OASIS/Elimination/elim_genitourinary_status/elim_abnormal_status_nocturia' is clicked on

2019-04-23 15:38:21 - [TEST_STEP][PASSED] - delay(1): Delayed 1 second(s)

2019-04-23 15:38:22 - [MESSAGE][PASSED] - Delayed 1 second(s)

2019-04-23 15:38:22 - [TEST_STEP][PASSED] - click(findTestObject("OASIS/Elimination/elim_genitourinary_status/elim_abnormal_status_oliguria")): Object: 'Object Repository/OASIS/Elimination/elim_genitourinary_status/elim_abnormal_status_oliguria' is clicked on

2019-04-23 15:38:22 - [MESSAGE][PASSED] - Object: 'Object Repository/OASIS/Elimination/elim_genitourinary_status/elim_abnormal_status_oliguria' is clicked on

2019-04-23 15:38:22 - [TEST_STEP][PASSED] - delay(1): Delayed 1 second(s)

2019-04-23 15:38:23 - [MESSAGE][PASSED] - Delayed 1 second(s)

2019-04-23 15:38:23 - [TEST_STEP][PASSED] - click(findTestObject("OASIS/Elimination/elim_genitourinary_status/elim_abnormal_status_hematuria")): Object: 'Object Repository/OASIS/Elimination/elim_genitourinary_status/elim_abnormal_status_hematuria' is clicked on

2019-04-23 15:38:23 - [MESSAGE][PASSED] - Object: 'Object Repository/OASIS/Elimination/elim_genitourinary_status/elim_abnormal_status_hematuria' is clicked on

2019-04-23 15:38:23 - [TEST_STEP][PASSED] - delay(1): Delayed 1 second(s)

2019-04-23 15:38:24 - [MESSAGE][PASSED] - Delayed 1 second(s)

2019-04-23 15:38:24 - [TEST_STEP][PASSED] - setText(findTestObject("OASIS/Elimination/elim_genitourinary_status/elim_abnormal_status_other"), "Xenoderma Pigmentosium"): Text 'Xenoderma Pigmentosium' is set on object 'Object Repository/OASIS/Elimination/elim_genitourinary_status/elim_abnormal_status_other'

2019-04-23 15:38:25 - [MESSAGE][PASSED] - Text 'Xenoderma Pigmentosium' is set on object 'Object Repository/OASIS/Elimination/elim_genitourinary_status/elim_abnormal_status_other'

2019-04-23 15:38:25 - [TEST_STEP][PASSED] - delay(1): Delayed 1 second(s)

2019-04-23 15:38:26 - [MESSAGE][PASSED] - Delayed 1 second(s)

2019-04-23 15:38:26 - [TEST_STEP][PASSED] - click(findTestObject("OASIS/Elimination/elim_genitourinary_status/elim_urine_color_yellow")): Object: 'Object Repository/OASIS/Elimination/elim_genitourinary_status/elim_urine_color_yellow' is clicked on

2019-04-23 15:38:26 - [MESSAGE][PASSED] - Object: 'Object Repository/OASIS/Elimination/elim_genitourinary_status/elim_urine_color_yellow' is clicked on

2019-04-23 15:38:26 - [TEST_STEP][PASSED] - delay(1): Delayed 1 second(s)

2019-04-23 15:38:27 - [MESSAGE][PASSED] - Delayed 1 second(s)

2019-04-23 15:38:27 - [TEST_STEP][PASSED] - setText(findTestObject("OASIS/Elimination/elim_genitourinary_status/elim_urine_color_other"), "Reddish Yellow"): Text 'Reddish Yellow' is set on object 'Object Repository/OASIS/Elimination/elim_genitourinary_status/elim_urine_color_other'

2019-04-23 15:38:27 - [MESSAGE][PASSED] - Text 'Reddish Yellow' is set on object 'Object Repository/OASIS/Elimination/elim_genitourinary_status/elim_urine_color_other'

2019-04-23 15:38:27 - [TEST_STEP][PASSED] - delay(1): Delayed 1 second(s)

2019-04-23 15:38:28 - [MESSAGE][PASSED] - Delayed 1 second(s)

2019-04-23 15:38:28 - [TEST_STEP][PASSED] - click(findTestObject("OASIS/Elimination/elim_genitourinary_status/elim_urine_clarity_clear")): Object: 'Object Repository/OASIS/Elimination/elim_genitourinary_status/elim_urine_clarity_clear' is clicked on

2019-04-23 15:38:29 - [MESSAGE][PASSED] - Object: 'Object Repository/OASIS/Elimination/elim_genitourinary_status/elim_urine_clarity_clear' is clicked on

2019-04-23 15:38:29 - [TEST_STEP][PASSED] - delay(1): Delayed 1 second(s)

2019-04-23 15:38:30 - [MESSAGE][PASSED] - Delayed 1 second(s)

2019-04-23 15:38:30 - [TEST_STEP][PASSED] - click(findTestObject("OASIS/Elimination/elim_genitourinary_status/elim_urine_odor_yes")): Object: 'Object Repository/OASIS/Elimination/elim_genitourinary_status/elim_urine_odor_yes' is clicked on

2019-04-23 15:38:30 - [MESSAGE][PASSED] - Object: 'Object Repository/OASIS/Elimination/elim_genitourinary_status/elim_urine_odor_yes' is clicked on

2019-04-23 15:38:30 - [TEST_STEP][PASSED] - delay(1): Delayed 1 second(s)

2019-04-23 15:38:31 - [MESSAGE][PASSED] - Delayed 1 second(s)

2019-04-23 15:38:31 - [TEST_STEP][PASSED] - setText(findTestObject("OASIS/Elimination/elim_genitourinary_status/elim_urine_odor_yes_textfield"), "Foul"): Text 'Foul' is set on object 'Object Repository/OASIS/Elimination/elim_genitourinary_status/elim_urine_odor_yes_textfield'

2019-04-23 15:38:31 - [MESSAGE][PASSED] - Text 'Foul' is set on object 'Object Repository/OASIS/Elimination/elim_genitourinary_status/elim_urine_odor_yes_textfield'

2019-04-23 15:38:31 - [TEST_STEP][PASSED] - delay(1): Delayed 1 second(s)

2019-04-23 15:38:32 - [MESSAGE][PASSED] - Delayed 1 second(s)

2019-04-23 15:38:32 - [TEST_STEP][PASSED] - click(findTestObject("OASIS/Elimination/elim_genitourinary_status/elim_spx_hemo")): Object: 'Object Repository/OASIS/Elimination/elim_genitourinary_status/elim_spx_hemo' is clicked on

2019-04-23 15:38:32 - [MESSAGE][PASSED] - Object: 'Object Repository/OASIS/Elimination/elim_genitourinary_status/elim_spx_hemo' is clicked on

2019-04-23 15:38:32 - [TEST_STEP][PASSED] - delay(1): Delayed 1 second(s)

2019-04-23 15:38:33 - [MESSAGE][PASSED] - Delayed 1 second(s)

2019-04-23 15:38:33 - [TEST_STEP][PASSED] - click(findTestObject("OASIS/Elimination/elim_genitourinary_status/elim_spx_hemodialysis/elim_hemodialysis_avshunt_ra")): Object: 'Object Repository/OASIS/Elimination/elim_genitourinary_status/elim_spx_hemodialysis/elim_hemodialysis_avshunt_ra' is clicked on

2019-04-23 15:38:33 - [MESSAGE][PASSED] - Object: 'Object Repository/OASIS/Elimination/elim_genitourinary_status/elim_spx_hemodialysis/elim_hemodialysis_avshunt_ra' is clicked on

2019-04-23 15:38:33 - [TEST_STEP][PASSED] - delay(1): Delayed 1 second(s)

2019-04-23 15:38:34 - [MESSAGE][PASSED] - Delayed 1 second(s)

2019-04-23 15:38:34 - [TEST_STEP][PASSED] - setText(findTestObject("OASIS/Elimination/elim_genitourinary_status/elim_spx_hemodialysis/elim_hemodialysis_other"), "RA/LA"): Text 'RA/LA' is set on object 'Object Repository/OASIS/Elimination/elim_genitourinary_status/elim_spx_hemodialysis/elim_hemodialysis_other'

2019-04-23 15:38:35 - [MESSAGE][PASSED] - Text 'RA/LA' is set on object 'Object Repository/OASIS/Elimination/elim_genitourinary_status/elim_spx_hemodialysis/elim_hemodialysis_other'

2019-04-23 15:38:35 - [TEST_STEP][PASSED] - delay(1): Delayed 1 second(s)

2019-04-23 15:38:36 - [MESSAGE][PASSED] - Delayed 1 second(s)

2019-04-23 15:38:36 - [TEST_STEP][PASSED] - click(findTestObject("OASIS/Elimination/elim_genitourinary_status/elim_spx_hemodialysis/elim_hemodialysis_thrill_yes")): Object: 'Object Repository/OASIS/Elimination/elim_genitourinary_status/elim_spx_hemodialysis/elim_hemodialysis_thrill_yes' is clicked on

2019-04-23 15:38:36 - [MESSAGE][PASSED] - Object: 'Object Repository/OASIS/Elimination/elim_genitourinary_status/elim_spx_hemodialysis/elim_hemodialysis_thrill_yes' is clicked on

2019-04-23 15:38:36 - [TEST_STEP][PASSED] - delay(1): Delayed 1 second(s)

2019-04-23 15:38:37 - [MESSAGE][PASSED] - Delayed 1 second(s)

2019-04-23 15:38:37 - [TEST_STEP][PASSED] - click(findTestObject("OASIS/Elimination/elim_genitourinary_status/elim_spx_hemodialysis/elim_hemodialysis_bruit_yes")): Object: 'Object Repository/OASIS/Elimination/elim_genitourinary_status/elim_spx_hemodialysis/elim_hemodialysis_bruit_yes' is clicked on

2019-04-23 15:38:37 - [MESSAGE][PASSED] - Object: 'Object Repository/OASIS/Elimination/elim_genitourinary_status/elim_spx_hemodialysis/elim_hemodialysis_bruit_yes' is clicked on

2019-04-23 15:38:37 - [TEST_STEP][PASSED] - delay(1): Delayed 1 second(s)

2019-04-23 15:38:38 - [MESSAGE][PASSED] - Delayed 1 second(s)

2019-04-23 15:38:38 - [TEST_STEP][PASSED] - setText(findTestObject("OASIS/Elimination/elim_genitourinary_status/elim_spx_hemodialysis/elim_hemodialysis_avshunt_care"), "Sample Text"): Text 'Sample Text' is set on object 'Object Repository/OASIS/Elimination/elim_genitourinary_status/elim_spx_hemodialysis/elim_hemodialysis_avshunt_care'

2019-04-23 15:38:38 - [MESSAGE][PASSED] - Text 'Sample Text' is set on object 'Object Repository/OASIS/Elimination/elim_genitourinary_status/elim_spx_hemodialysis/elim_hemodialysis_avshunt_care'

2019-04-23 15:38:38 - [TEST_STEP][PASSED] - delay(1): Delayed 1 second(s)

2019-04-23 15:38:39 - [MESSAGE][PASSED] - Delayed 1 second(s)

2019-04-23 15:38:39 - [TEST_STEP][PASSED] - click(findTestObject("OASIS/Elimination/elim_genitourinary_status/elim_spx_hemodialysis/elim_hemodialysis_dsched_mon")): Object: 'Object Repository/OASIS/Elimination/elim_genitourinary_status/elim_spx_hemodialysis/elim_hemodialysis_dsched_mon' is clicked on

2019-04-23 15:38:39 - [MESSAGE][PASSED] - Object: 'Object Repository/OASIS/Elimination/elim_genitourinary_status/elim_spx_hemodialysis/elim_hemodialysis_dsched_mon' is clicked on

2019-04-23 15:38:39 - [TEST_STEP][PASSED] - delay(1): Delayed 1 second(s)

2019-04-23 15:38:40 - [MESSAGE][PASSED] - Delayed 1 second(s)

2019-04-23 15:38:40 - [TEST_STEP][PASSED] - click(findTestObject("OASIS/Elimination/elim_genitourinary_status/elim_spx_hemodialysis/elim_hemodialysis_dsched_tue")): Object: 'Object Repository/OASIS/Elimination/elim_genitourinary_status/elim_spx_hemodialysis/elim_hemodialysis_dsched_tue' is clicked on

2019-04-23 15:38:41 - [MESSAGE][PASSED] - Object: 'Object Repository/OASIS/Elimination/elim_genitourinary_status/elim_spx_hemodialysis/elim_hemodialysis_dsched_tue' is clicked on

2019-04-23 15:38:41 - [TEST_STEP][PASSED] - delay(1): Delayed 1 second(s)

2019-04-23 15:38:42 - [MESSAGE][PASSED] - Delayed 1 second(s)

2019-04-23 15:38:42 - [TEST_STEP][PASSED] - click(findTestObject("OASIS/Elimination/elim_genitourinary_status/elim_spx_hemodialysis/elim_hemodialysis_dsched_wed")): Object: 'Object Repository/OASIS/Elimination/elim_genitourinary_status/elim_spx_hemodialysis/elim_hemodialysis_dsched_wed' is clicked on

2019-04-23 15:38:42 - [MESSAGE][PASSED] - Object: 'Object Repository/OASIS/Elimination/elim_genitourinary_status/elim_spx_hemodialysis/elim_hemodialysis_dsched_wed' is clicked on

2019-04-23 15:38:42 - [TEST_STEP][PASSED] - delay(1): Delayed 1 second(s)

2019-04-23 15:38:43 - [MESSAGE][PASSED] - Delayed 1 second(s)

2019-04-23 15:38:43 - [TEST_STEP][PASSED] - click(findTestObject("OASIS/Elimination/elim_genitourinary_status/elim_spx_hemodialysis/elim_hemodialysis_dsched_thu")): Object: 'Object Repository/OASIS/Elimination/elim_genitourinary_status/elim_spx_hemodialysis/elim_hemodialysis_dsched_thu' is clicked on

2019-04-23 15:38:43 - [MESSAGE][PASSED] - Object: 'Object Repository/OASIS/Elimination/elim_genitourinary_status/elim_spx_hemodialysis/elim_hemodialysis_dsched_thu' is clicked on

2019-04-23 15:38:43 - [TEST_STEP][PASSED] - delay(1): Delayed 1 second(s)

2019-04-23 15:38:44 - [MESSAGE][PASSED] - Delayed 1 second(s)

2019-04-23 15:38:44 - [TEST_STEP][PASSED] - click(findTestObject("OASIS/Elimination/elim_genitourinary_status/elim_spx_hemodialysis/elim_hemodialysis_dsched_fri")): Object: 'Object Repository/OASIS/Elimination/elim_genitourinary_status/elim_spx_hemodialysis/elim_hemodialysis_dsched_fri' is clicked on

2019-04-23 15:38:44 - [MESSAGE][PASSED] - Object: 'Object Repository/OASIS/Elimination/elim_genitourinary_status/elim_spx_hemodialysis/elim_hemodialysis_dsched_fri' is clicked on

2019-04-23 15:38:44 - [TEST_STEP][PASSED] - delay(1): Delayed 1 second(s)

2019-04-23 15:38:45 - [MESSAGE][PASSED] - Delayed 1 second(s)

2019-04-23 15:38:45 - [TEST_STEP][PASSED] - click(findTestObject("OASIS/Elimination/elim_genitourinary_status/elim_spx_hemodialysis/elim_hemodialysis_dsched_sat")): Object: 'Object Repository/OASIS/Elimination/elim_genitourinary_status/elim_spx_hemodialysis/elim_hemodialysis_dsched_sat' is clicked on

2019-04-23 15:38:45 - [MESSAGE][PASSED] - Object: 'Object Repository/OASIS/Elimination/elim_genitourinary_status/elim_spx_hemodialysis/elim_hemodialysis_dsched_sat' is clicked on

2019-04-23 15:38:45 - [TEST_STEP][PASSED] - delay(1): Delayed 1 second(s)

2019-04-23 15:38:46 - [MESSAGE][PASSED] - Delayed 1 second(s)

2019-04-23 15:38:46 - [TEST_STEP][PASSED] - click(findTestObject("OASIS/Elimination/elim_genitourinary_status/elim_spx_hemodialysis/elim_hemodialysis_dsched_sun")): Object: 'Object Repository/OASIS/Elimination/elim_genitourinary_status/elim_spx_hemodialysis/elim_hemodialysis_dsched_sun' is clicked on

2019-04-23 15:38:46 - [MESSAGE][PASSED] - Object: 'Object Repository/OASIS/Elimination/elim_genitourinary_status/elim_spx_hemodialysis/elim_hemodialysis_dsched_sun' is clicked on

2019-04-23 15:38:46 - [TEST_STEP][PASSED] - delay(1): Delayed 1 second(s)

2019-04-23 15:38:47 - [MESSAGE][PASSED] - Delayed 1 second(s)

2019-04-23 15:38:47 - [TEST_STEP][PASSED] - setText(findTestObject("OASIS/Elimination/elim_genitourinary_status/elim_spx_hemodialysis/elim_hemodialysis_dcenter"), "InterMed Dialysis Center"): Text 'InterMed Dialysis Center' is set on object 'Object Repository/OASIS/Elimination/elim_genitourinary_status/elim_spx_hemodialysis/elim_hemodialysis_dcenter'

2019-04-23 15:38:48 - [MESSAGE][PASSED] - Text 'InterMed Dialysis Center' is set on object 'Object Repository/OASIS/Elimination/elim_genitourinary_status/elim_spx_hemodialysis/elim_hemodialysis_dcenter'

2019-04-23 15:38:48 - [TEST_STEP][PASSED] - delay(1): Delayed 1 second(s)

2019-04-23 15:38:49 - [MESSAGE][PASSED] - Delayed 1 second(s)

2019-04-23 15:38:49 - [TEST_STEP][PASSED] - setText(findTestObject("OASIS/Elimination/elim_genitourinary_status/elim_spx_hemodialysis/elim_hemodialysis_phone"), "0452327655"): Text '0452327655' is set on object 'Object Repository/OASIS/Elimination/elim_genitourinary_status/elim_spx_hemodialysis/elim_hemodialysis_phone'

2019-04-23 15:38:50 - [MESSAGE][PASSED] - Text '0452327655' is set on object 'Object Repository/OASIS/Elimination/elim_genitourinary_status/elim_spx_hemodialysis/elim_hemodialysis_phone'

2019-04-23 15:38:50 - [TEST_STEP][PASSED] - delay(1): Delayed 1 second(s)

2019-04-23 15:38:51 - [MESSAGE][PASSED] - Delayed 1 second(s)

2019-04-23 15:38:51 - [TEST_STEP][PASSED] - click(findTestObject("OASIS/Elimination/elim_M1600_0")): Object: 'Object Repository/OASIS/Elimination/elim_M1600_0' is clicked on

2019-04-23 15:38:51 - [MESSAGE][PASSED] - Object: 'Object Repository/OASIS/Elimination/elim_M1600_0' is clicked on

2019-04-23 15:38:51 - [TEST_STEP][PASSED] - delay(1): Delayed 1 second(s)

2019-04-23 15:38:52 - [MESSAGE][PASSED] - Delayed 1 second(s)

2019-04-23 15:38:52 - [TEST_STEP][PASSED] - click(findTestObject("OASIS/Elimination/elim_M1610_0")): Object: 'Object Repository/OASIS/Elimination/elim_M1610_0' is clicked on

2019-04-23 15:38:52 - [MESSAGE][PASSED] - Object: 'Object Repository/OASIS/Elimination/elim_M1610_0' is clicked on

2019-04-23 15:38:52 - [TEST_STEP][PASSED] - delay(1): Delayed 1 second(s)

2019-04-23 15:38:53 - [MESSAGE][PASSED] - Delayed 1 second(s)

2019-04-23 15:38:53 - [TEST_STEP][PASSED] - click(findTestObject("OASIS/Elimination/elim_lower_GI_status/elim_bowel_constipation")): Object: 'Object Repository/OASIS/Elimination/elim_lower_GI_status/elim_bowel_constipation' is clicked on

2019-04-23 15:38:53 - [MESSAGE][PASSED] - Object: 'Object Repository/OASIS/Elimination/elim_lower_GI_status/elim_bowel_constipation' is clicked on

2019-04-23 15:38:53 - [TEST_STEP][PASSED] - delay(1): Delayed 1 second(s)

2019-04-23 15:38:54 - [MESSAGE][PASSED] - Delayed 1 second(s)

2019-04-23 15:38:54 - [TEST_STEP][PASSED] - click(findTestObject("OASIS/Elimination/elim_lower_GI_status/elim_bowel_constipation_chronic")): Object: 'Object Repository/OASIS/Elimination/elim_lower_GI_status/elim_bowel_constipation_chronic' is clicked on

2019-04-23 15:38:54 - [MESSAGE][PASSED] - Object: 'Object Repository/OASIS/Elimination/elim_lower_GI_status/elim_bowel_constipation_chronic' is clicked on

2019-04-23 15:38:54 - [TEST_STEP][PASSED] - delay(1): Delayed 1 second(s)

2019-04-23 15:38:55 - [MESSAGE][PASSED] - Delayed 1 second(s)

2019-04-23 15:38:55 - [TEST_STEP][PASSED] - click(findTestObject("OASIS/Elimination/elim_lower_GI_status/elim_stool_charac_soft")): Object: 'Object Repository/OASIS/Elimination/elim_lower_GI_status/elim_stool_charac_soft' is clicked on

2019-04-23 15:38:55 - [MESSAGE][PASSED] - Object: 'Object Repository/OASIS/Elimination/elim_lower_GI_status/elim_stool_charac_soft' is clicked on

2019-04-23 15:38:55 - [TEST_STEP][PASSED] - delay(1): Delayed 1 second(s)

2019-04-23 15:38:56 - [MESSAGE][PASSED] - Delayed 1 second(s)

2019-04-23 15:38:56 - [TEST_STEP][PASSED] - click(findTestObject("OASIS/Elimination/elim_lower_GI_status/elim_stool_color_grey")): Object: 'Object Repository/OASIS/Elimination/elim_lower_GI_status/elim_stool_color_grey' is clicked on

2019-04-23 15:38:56 - [MESSAGE][PASSED] - Object: 'Object Repository/OASIS/Elimination/elim_lower_GI_status/elim_stool_color_grey' is clicked on

2019-04-23 15:38:56 - [TEST_STEP][PASSED] - delay(1): Delayed 1 second(s)

2019-04-23 15:38:57 - [MESSAGE][PASSED] - Delayed 1 second(s)

2019-04-23 15:38:57 - [TEST_STEP][PASSED] - setText(findTestObject("OASIS/Elimination/elim_lower_GI_status/elim_stool_color_other"), "Blackish Red"): Text 'Blackish Red' is set on object 'Object Repository/OASIS/Elimination/elim_lower_GI_status/elim_stool_color_other'

2019-04-23 15:38:58 - [MESSAGE][PASSED] - Text 'Blackish Red' is set on object 'Object Repository/OASIS/Elimination/elim_lower_GI_status/elim_stool_color_other'

2019-04-23 15:38:58 - [TEST_STEP][PASSED] - delay(1): Delayed 1 second(s)

2019-04-23 15:38:59 - [MESSAGE][PASSED] - Delayed 1 second(s)

2019-04-23 15:38:59 - [TEST_STEP][PASSED] - click(findTestObject("OASIS/Elimination/elim_lower_GI_status/elim_stool_softener_effective")): Object: 'Object Repository/OASIS/Elimination/elim_lower_GI_status/elim_stool_softener_effective' is clicked on

2019-04-23 15:38:59 - [MESSAGE][PASSED] - Object: 'Object Repository/OASIS/Elimination/elim_lower_GI_status/elim_stool_softener_effective' is clicked on

2019-04-23 15:38:59 - [TEST_STEP][PASSED] - delay(1): Delayed 1 second(s)

2019-04-23 15:39:00 - [MESSAGE][PASSED] - Delayed 1 second(s)

2019-04-23 15:39:00 - [TEST_STEP][PASSED] - click(findTestObject("OASIS/Elimination/elim_lower_GI_status/elim_laxative_daily")): Object: 'Object Repository/OASIS/Elimination/elim_lower_GI_status/elim_laxative_daily' is clicked on

2019-04-23 15:39:00 - [MESSAGE][PASSED] - Object: 'Object Repository/OASIS/Elimination/elim_lower_GI_status/elim_laxative_daily' is clicked on

2019-04-23 15:39:00 - [TEST_STEP][PASSED] - delay(1): Delayed 1 second(s)

2019-04-23 15:39:01 - [MESSAGE][PASSED] - Delayed 1 second(s)

2019-04-23 15:39:01 - [TEST_STEP][PASSED] - setText(findTestObject("OASIS/Elimination/elim_M1620_box"), "0"): Text '0' is set on object 'Object Repository/OASIS/Elimination/elim_M1620_box'

2019-04-23 15:39:01 - [MESSAGE][PASSED] - Text '0' is set on object 'Object Repository/OASIS/Elimination/elim_M1620_box'

2019-04-23 15:39:01 - [TEST_STEP][PASSED] - delay(1): Delayed 1 second(s)

2019-04-23 15:39:02 - [MESSAGE][PASSED] - Delayed 1 second(s)

2019-04-23 15:39:02 - [TEST_STEP][PASSED] - setText(findTestObject("OASIS/Elimination/elim_M1630_box"), "1"): Text '1' is set on object 'Object Repository/OASIS/Elimination/elim_M1630_box'

2019-04-23 15:39:02 - [MESSAGE][PASSED] - Text '1' is set on object 'Object Repository/OASIS/Elimination/elim_M1630_box'

2019-04-23 15:39:02 - [TEST_STEP][PASSED] - delay(5): Delayed 5 second(s)

2019-04-23 15:39:07 - [MESSAGE][PASSED] - Delayed 5 second(s)]]></system-out>
         <system-err><![CDATA[]]></system-err>
      </testcase>
      <system-out><![CDATA[2019-04-23 15:37:41 - [TEST_SUITE][PASSED] - Elimination: Test Cases/OASIS_SOC/Elimination]]></system-out>
      <system-err><![CDATA[]]></system-err>
   </testsuite>
</testsuites>
